[2024-11-23T18:12:37.197+0000] {local_task_job_runner.py:123} INFO - ::group::Pre task execution logs
[2024-11-23T18:12:37.272+0000] {taskinstance.py:2612} INFO - Dependencies all met for dep_context=non-requeueable deps ti=<TaskInstance: fraud_detection.process_transaction scheduled__2024-11-23T18:11:00+00:00 [queued]>
[2024-11-23T18:12:37.330+0000] {taskinstance.py:2612} INFO - Dependencies all met for dep_context=requeueable deps ti=<TaskInstance: fraud_detection.process_transaction scheduled__2024-11-23T18:11:00+00:00 [queued]>
[2024-11-23T18:12:37.332+0000] {taskinstance.py:2865} INFO - Starting attempt 1 of 2
[2024-11-23T18:12:37.411+0000] {taskinstance.py:2888} INFO - Executing <Task(BranchPythonOperator): process_transaction> on 2024-11-23 18:11:00+00:00
[2024-11-23T18:12:37.425+0000] {warnings.py:112} WARNING - /home/***/.local/lib/python3.12/site-packages/***/task/task_runner/standard_task_runner.py:70: DeprecationWarning: This process (pid=4828) is multi-threaded, use of fork() may lead to deadlocks in the child.
  pid = os.fork()

[2024-11-23T18:12:37.428+0000] {standard_task_runner.py:72} INFO - Started process 4833 to run task
[2024-11-23T18:12:37.429+0000] {standard_task_runner.py:104} INFO - Running: ['***', 'tasks', 'run', 'fraud_detection', 'process_transaction', 'scheduled__2024-11-23T18:11:00+00:00', '--job-id', '481', '--raw', '--subdir', 'DAGS_FOLDER/fraud_detection_dag.py', '--cfg-path', '/tmp/tmp5tjfp510']
[2024-11-23T18:12:37.437+0000] {standard_task_runner.py:105} INFO - Job 481: Subtask process_transaction
[2024-11-23T18:12:37.648+0000] {task_command.py:467} INFO - Running <TaskInstance: fraud_detection.process_transaction scheduled__2024-11-23T18:11:00+00:00 [running]> on host 345e92ff26bf
[2024-11-23T18:12:37.937+0000] {taskinstance.py:3131} INFO - Exporting env vars: AIRFLOW_CTX_DAG_OWNER='fraud_team' AIRFLOW_CTX_DAG_ID='fraud_detection' AIRFLOW_CTX_TASK_ID='process_transaction' AIRFLOW_CTX_EXECUTION_DATE='2024-11-23T18:11:00+00:00' AIRFLOW_CTX_TRY_NUMBER='1' AIRFLOW_CTX_DAG_RUN_ID='scheduled__2024-11-23T18:11:00+00:00'
[2024-11-23T18:12:37.941+0000] {taskinstance.py:731} INFO - ::endgroup::
[2024-11-23T18:12:37.972+0000] {baseoperator.py:405} WARNING - BranchPythonOperator.execute cannot be called outside TaskInstance!
[2024-11-23T18:12:38.038+0000] {fraud_detection_dag.py:78} INFO - Données récupérées depuis XCom: {"columns":["cc_num","merchant","category","amt","first","last","gender","street","city","state","zip","lat","long","city_pop","job","dob","trans_num","merch_lat","merch_long","is_fraud","current_time"],"index":[236212],"data":[[180036456789979,"fraud_Reichel, Bradtke and Blanda","travel",8.09,"Mackenzie","Salazar","F","982 Melissa Lock","Bagley","WI",53801,42.9207,-91.0685,878,"Risk analyst","1974-11-20","259cf70fae59b7baf2190d6be0c17ccf",42.632303,-91.173943,0,1732385552728]]}
[2024-11-23T18:12:38.040+0000] {fraud_detection_dag.py:86} INFO - Données JSON parsées avec succès
[2024-11-23T18:12:38.055+0000] {fraud_detection_dag.py:90} INFO - DataFrame créé avec 1 lignes
[2024-11-23T18:12:38.059+0000] {fraud_detection_dag.py:94} INFO - Colonnes renommées avec succès
[2024-11-23T18:12:38.060+0000] {fraud_detection_dag.py:95} INFO - Colonnes disponibles: ['cc_num', 'merchant', 'category', 'amt', 'first', 'last', 'gender', 'street', 'city', 'state', 'zip', 'lat', 'long', 'city_pop', 'job', 'dob', 'trans_num', 'merch_lat', 'merch_long', 'is_fraud', 'trans_date_trans_time']
[2024-11-23T18:12:38.064+0000] {fraud_detection_dag.py:99} INFO - Conversion de trans_date_trans_time en unix_time réussie
[2024-11-23T18:12:38.140+0000] {fraud_detection_dag.py:108} INFO - Transformation des données...
[2024-11-23T18:12:39.701+0000] {warnings.py:112} WARNING - /home/***/.local/lib/python3.12/site-packages/sklearn/ensemble/_base.py:172: UserWarning: Loky-backed parallel loops cannot be called in a multiprocessing, setting n_jobs=1
  n_jobs = min(effective_n_jobs(n_jobs), n_estimators)

[2024-11-23T18:12:39.732+0000] {warnings.py:112} WARNING - /home/***/.local/lib/python3.12/site-packages/sklearn/ensemble/_base.py:172: UserWarning: Loky-backed parallel loops cannot be called in a multiprocessing, setting n_jobs=1
  n_jobs = min(effective_n_jobs(n_jobs), n_estimators)

[2024-11-23T18:12:39.743+0000] {fraud_detection_dag.py:120} INFO - Prediction de fraude: NORMAL, Probabilité: 39.96%
[2024-11-23T18:12:39.801+0000] {fraud_detection_dag.py:126} INFO - Prédiction: NORMAL (Probabilité: 39.96%)
[2024-11-23T18:12:39.804+0000] {python.py:240} INFO - Done. Returned value was: notify_normal
[2024-11-23T18:12:39.806+0000] {branch.py:38} INFO - Branch into notify_normal
[2024-11-23T18:12:39.809+0000] {skipmixin.py:230} INFO - Following branch ('notify_normal',)
[2024-11-23T18:12:39.830+0000] {skipmixin.py:278} INFO - Skipping tasks [('notify_fraud', -1), ('skip_processing', -1)]
[2024-11-23T18:12:39.882+0000] {taskinstance.py:340} INFO - ::group::Post task execution logs
[2024-11-23T18:12:39.883+0000] {taskinstance.py:352} INFO - Marking task as SUCCESS. dag_id=fraud_detection, task_id=process_transaction, run_id=scheduled__2024-11-23T18:11:00+00:00, execution_date=20241123T181100, start_date=20241123T181237, end_date=20241123T181239
[2024-11-23T18:12:39.954+0000] {local_task_job_runner.py:266} INFO - Task exited with return code 0
[2024-11-23T18:12:40.112+0000] {taskinstance.py:3900} INFO - 1 downstream tasks scheduled from follow-on schedule check
[2024-11-23T18:12:40.131+0000] {local_task_job_runner.py:245} INFO - ::endgroup::
