[2024-11-23T18:10:54.704+0000] {local_task_job_runner.py:123} INFO - ::group::Pre task execution logs
[2024-11-23T18:10:54.828+0000] {taskinstance.py:2612} INFO - Dependencies all met for dep_context=non-requeueable deps ti=<TaskInstance: fraud_detection.notify_normal scheduled__2024-11-23T18:09:00+00:00 [queued]>
[2024-11-23T18:10:54.869+0000] {taskinstance.py:2612} INFO - Dependencies all met for dep_context=requeueable deps ti=<TaskInstance: fraud_detection.notify_normal scheduled__2024-11-23T18:09:00+00:00 [queued]>
[2024-11-23T18:10:54.872+0000] {taskinstance.py:2865} INFO - Starting attempt 1 of 2
[2024-11-23T18:10:54.915+0000] {taskinstance.py:2888} INFO - Executing <Task(PythonOperator): notify_normal> on 2024-11-23 18:09:00+00:00
[2024-11-23T18:10:54.934+0000] {warnings.py:112} WARNING - /home/***/.local/lib/python3.12/site-packages/***/task/task_runner/standard_task_runner.py:70: DeprecationWarning: This process (pid=4712) is multi-threaded, use of fork() may lead to deadlocks in the child.
  pid = os.fork()

[2024-11-23T18:10:54.941+0000] {standard_task_runner.py:72} INFO - Started process 4717 to run task
[2024-11-23T18:10:54.947+0000] {standard_task_runner.py:104} INFO - Running: ['***', 'tasks', 'run', 'fraud_detection', 'notify_normal', 'scheduled__2024-11-23T18:09:00+00:00', '--job-id', '470', '--raw', '--subdir', 'DAGS_FOLDER/fraud_detection_dag.py', '--cfg-path', '/tmp/tmpd35xtod3']
[2024-11-23T18:10:54.968+0000] {standard_task_runner.py:105} INFO - Job 470: Subtask notify_normal
[2024-11-23T18:10:55.151+0000] {task_command.py:467} INFO - Running <TaskInstance: fraud_detection.notify_normal scheduled__2024-11-23T18:09:00+00:00 [running]> on host 345e92ff26bf
[2024-11-23T18:10:55.462+0000] {taskinstance.py:3131} INFO - Exporting env vars: AIRFLOW_CTX_DAG_OWNER='fraud_team' AIRFLOW_CTX_DAG_ID='fraud_detection' AIRFLOW_CTX_TASK_ID='notify_normal' AIRFLOW_CTX_EXECUTION_DATE='2024-11-23T18:09:00+00:00' AIRFLOW_CTX_TRY_NUMBER='1' AIRFLOW_CTX_DAG_RUN_ID='scheduled__2024-11-23T18:09:00+00:00'
[2024-11-23T18:10:55.465+0000] {taskinstance.py:731} INFO - ::endgroup::
[2024-11-23T18:10:55.536+0000] {fraud_detection_dag.py:144} INFO - Données de transaction récupérées: {"columns":["cc_num","merchant","category","amt","first","last","gender","street","city","state","zip","lat","long","city_pop","job","dob","trans_num","merch_lat","merch_long","is_fraud","current_time"],"index":[503017],"data":[[4997733566924489,"fraud_Runolfsdottir, Mueller and Hand","entertainment",83.05,"Stephanie","Taylor","F","598 Martin Pine Suite 365","Saint Paul","MN",55128,44.9913,-92.9487,753116,"Fisheries officer","1971-08-06","282479a5b35bf38ef13142564938e96c",45.782209,-92.62699,0,1732385442943]]}
[2024-11-23T18:10:55.537+0000] {fraud_detection_dag.py:145} INFO - Probabilité de fraude: 0.3559733542988111
[2024-11-23T18:10:55.538+0000] {fraud_detection_dag.py:146} INFO - Est une fraude: False
[2024-11-23T18:10:55.546+0000] {fraud_detection_dag.py:206} INFO - Tentative d'envoi d'email normale...
[2024-11-23T18:10:55.547+0000] {fraud_detection_dag.py:207} INFO - Contenu de l'email:

        ✅ Transaction NORMALE détectée!
        
        Statut: Vert
        Probabilité de fraude: 35.60%
        
        Détails de la transaction:
        --------------------------
        ID Transaction: 282479a5b35bf38ef13142564938e96c
        Montant: 83.05€
        Date/Heure: 2024-11-23 18:10:42
        
        Informations sur le marchand:
        ----------------------------
        Nom: fraud_Runolfsdottir, Mueller and Hand
        Ville: Saint Paul
        État: MN
        
        Informations sur le client:
        --------------------------
        Nom: Stephanie Taylor
        Ville: Saint Paul
        
        Cette notification a été générée automatiquement par le système de détection de fraude.
        
[2024-11-23T18:11:00.580+0000] {fraud_detection_dag.py:217} INFO - Email envoyé avec succès
[2024-11-23T18:11:00.581+0000] {python.py:240} INFO - Done. Returned value was: store_normal
[2024-11-23T18:11:00.714+0000] {taskinstance.py:340} INFO - ::group::Post task execution logs
[2024-11-23T18:11:00.715+0000] {taskinstance.py:352} INFO - Marking task as SUCCESS. dag_id=fraud_detection, task_id=notify_normal, run_id=scheduled__2024-11-23T18:09:00+00:00, execution_date=20241123T180900, start_date=20241123T181054, end_date=20241123T181100
[2024-11-23T18:11:00.803+0000] {local_task_job_runner.py:266} INFO - Task exited with return code 0
[2024-11-23T18:11:00.889+0000] {taskinstance.py:3900} INFO - 1 downstream tasks scheduled from follow-on schedule check
[2024-11-23T18:11:00.894+0000] {local_task_job_runner.py:245} INFO - ::endgroup::
