[2024-11-08T18:22:04.570+0000] {local_task_job_runner.py:123} INFO - ::group::Pre task execution logs
[2024-11-08T18:22:04.654+0000] {taskinstance.py:2612} INFO - Dependencies all met for dep_context=non-requeueable deps ti=<TaskInstance: fraud_detection.notify_normal scheduled__2024-11-08T18:20:00+00:00 [queued]>
[2024-11-08T18:22:04.671+0000] {taskinstance.py:2612} INFO - Dependencies all met for dep_context=requeueable deps ti=<TaskInstance: fraud_detection.notify_normal scheduled__2024-11-08T18:20:00+00:00 [queued]>
[2024-11-08T18:22:04.673+0000] {taskinstance.py:2865} INFO - Starting attempt 1 of 2
[2024-11-08T18:22:04.697+0000] {taskinstance.py:2888} INFO - Executing <Task(PythonOperator): notify_normal> on 2024-11-08 18:20:00+00:00
[2024-11-08T18:22:04.716+0000] {warnings.py:112} WARNING - /home/***/.local/lib/python3.12/site-packages/***/task/task_runner/standard_task_runner.py:70: DeprecationWarning: This process (pid=1147) is multi-threaded, use of fork() may lead to deadlocks in the child.
  pid = os.fork()

[2024-11-08T18:22:04.721+0000] {standard_task_runner.py:72} INFO - Started process 1152 to run task
[2024-11-08T18:22:04.727+0000] {standard_task_runner.py:104} INFO - Running: ['***', 'tasks', 'run', 'fraud_detection', 'notify_normal', 'scheduled__2024-11-08T18:20:00+00:00', '--job-id', '240', '--raw', '--subdir', 'DAGS_FOLDER/fraud_detection_dag.py', '--cfg-path', '/tmp/tmp0aynnuyn']
[2024-11-08T18:22:04.736+0000] {standard_task_runner.py:105} INFO - Job 240: Subtask notify_normal
[2024-11-08T18:22:04.837+0000] {task_command.py:467} INFO - Running <TaskInstance: fraud_detection.notify_normal scheduled__2024-11-08T18:20:00+00:00 [running]> on host 641085defe8e
[2024-11-08T18:22:04.998+0000] {taskinstance.py:3131} INFO - Exporting env vars: AIRFLOW_CTX_DAG_OWNER='fraud_team' AIRFLOW_CTX_DAG_ID='fraud_detection' AIRFLOW_CTX_TASK_ID='notify_normal' AIRFLOW_CTX_EXECUTION_DATE='2024-11-08T18:20:00+00:00' AIRFLOW_CTX_TRY_NUMBER='1' AIRFLOW_CTX_DAG_RUN_ID='scheduled__2024-11-08T18:20:00+00:00'
[2024-11-08T18:22:05.001+0000] {taskinstance.py:731} INFO - ::endgroup::
[2024-11-08T18:22:05.061+0000] {fraud_detection_dag.py:218} INFO - Données de transaction récupérées: {"columns":["cc_num","merchant","category","amt","first","last","gender","street","city","state","zip","lat","long","city_pop","job","dob","trans_num","merch_lat","merch_long","is_fraud","current_time"],"index":[417235],"data":[[6526448584969862,"fraud_Jacobi and Sons","shopping_pos",8.31,"Nathan","Stewart","M","63502 Brown Road Apt. 318","West Long Branch","NJ",7764,40.2878,-74.0162,8097,"Mechanical engineer","1964-02-18","8a0f83c86d6941bb6559aedc650cda2a",40.367241,-74.131564,0,1731090118256]]}
[2024-11-08T18:22:05.063+0000] {fraud_detection_dag.py:219} INFO - Probabilité de fraude: 0.367861812721899
[2024-11-08T18:22:05.063+0000] {fraud_detection_dag.py:220} INFO - Est une fraude: False
[2024-11-08T18:22:05.070+0000] {fraud_detection_dag.py:280} INFO - Tentative d'envoi d'email normale...
[2024-11-08T18:22:05.071+0000] {fraud_detection_dag.py:281} INFO - Contenu de l'email:

        ✅ Transaction NORMALE détectée!
        
        Statut: Vert
        Probabilité de fraude: 36.79%
        
        Détails de la transaction:
        --------------------------
        ID Transaction: 8a0f83c86d6941bb6559aedc650cda2a
        Montant: 8.31€
        Date/Heure: 2024-11-08 18:21:58
        
        Informations sur le marchand:
        ----------------------------
        Nom: fraud_Jacobi and Sons
        Ville: West Long Branch
        État: NJ
        
        Informations sur le client:
        --------------------------
        Nom: Nathan Stewart
        Ville: West Long Branch
        
        Cette notification a été générée automatiquement par le système de détection de fraude.
        
[2024-11-08T18:22:08.099+0000] {fraud_detection_dag.py:291} INFO - Email envoyé avec succès
[2024-11-08T18:22:08.100+0000] {python.py:240} INFO - Done. Returned value was: store_normal
[2024-11-08T18:22:08.141+0000] {taskinstance.py:340} INFO - ::group::Post task execution logs
[2024-11-08T18:22:08.142+0000] {taskinstance.py:352} INFO - Marking task as SUCCESS. dag_id=fraud_detection, task_id=notify_normal, run_id=scheduled__2024-11-08T18:20:00+00:00, execution_date=20241108T182000, start_date=20241108T182204, end_date=20241108T182208
[2024-11-08T18:22:08.199+0000] {local_task_job_runner.py:266} INFO - Task exited with return code 0
[2024-11-08T18:22:08.241+0000] {taskinstance.py:3900} INFO - 1 downstream tasks scheduled from follow-on schedule check
[2024-11-08T18:22:08.246+0000] {local_task_job_runner.py:245} INFO - ::endgroup::
