[2024-11-22T18:54:05.811+0000] {local_task_job_runner.py:123} INFO - ::group::Pre task execution logs
[2024-11-22T18:54:05.874+0000] {taskinstance.py:2612} INFO - Dependencies all met for dep_context=non-requeueable deps ti=<TaskInstance: fraud_detection.fetch_api scheduled__2024-11-22T18:52:00+00:00 [queued]>
[2024-11-22T18:54:05.893+0000] {taskinstance.py:2612} INFO - Dependencies all met for dep_context=requeueable deps ti=<TaskInstance: fraud_detection.fetch_api scheduled__2024-11-22T18:52:00+00:00 [queued]>
[2024-11-22T18:54:05.896+0000] {taskinstance.py:2865} INFO - Starting attempt 1 of 2
[2024-11-22T18:54:05.932+0000] {taskinstance.py:2888} INFO - Executing <Task(PythonOperator): fetch_api> on 2024-11-22 18:52:00+00:00
[2024-11-22T18:54:05.951+0000] {warnings.py:112} WARNING - /home/***/.local/lib/python3.12/site-packages/***/task/task_runner/standard_task_runner.py:70: DeprecationWarning: This process (pid=648) is multi-threaded, use of fork() may lead to deadlocks in the child.
  pid = os.fork()

[2024-11-22T18:54:05.953+0000] {standard_task_runner.py:72} INFO - Started process 653 to run task
[2024-11-22T18:54:05.954+0000] {standard_task_runner.py:104} INFO - Running: ['***', 'tasks', 'run', 'fraud_detection', 'fetch_api', 'scheduled__2024-11-22T18:52:00+00:00', '--job-id', '427', '--raw', '--subdir', 'DAGS_FOLDER/fraud_detection_dag.py', '--cfg-path', '/tmp/tmpkf8ve3b3']
[2024-11-22T18:54:05.967+0000] {standard_task_runner.py:105} INFO - Job 427: Subtask fetch_api
[2024-11-22T18:54:06.134+0000] {task_command.py:467} INFO - Running <TaskInstance: fraud_detection.fetch_api scheduled__2024-11-22T18:52:00+00:00 [running]> on host c6af8dbaf1e5
[2024-11-22T18:54:06.356+0000] {taskinstance.py:3131} INFO - Exporting env vars: AIRFLOW_CTX_DAG_OWNER='fraud_team' AIRFLOW_CTX_DAG_ID='fraud_detection' AIRFLOW_CTX_TASK_ID='fetch_api' AIRFLOW_CTX_EXECUTION_DATE='2024-11-22T18:52:00+00:00' AIRFLOW_CTX_TRY_NUMBER='1' AIRFLOW_CTX_DAG_RUN_ID='scheduled__2024-11-22T18:52:00+00:00'
[2024-11-22T18:54:06.359+0000] {taskinstance.py:731} INFO - ::endgroup::
[2024-11-22T18:54:11.783+0000] {fraud_detection_dag.py:64} INFO - Transaction reçue avec succès
[2024-11-22T18:54:11.827+0000] {python.py:240} INFO - Done. Returned value was: None
[2024-11-22T18:54:11.900+0000] {taskinstance.py:340} INFO - ::group::Post task execution logs
[2024-11-22T18:54:11.901+0000] {taskinstance.py:352} INFO - Marking task as SUCCESS. dag_id=fraud_detection, task_id=fetch_api, run_id=scheduled__2024-11-22T18:52:00+00:00, execution_date=20241122T185200, start_date=20241122T185405, end_date=20241122T185411
[2024-11-22T18:54:12.032+0000] {local_task_job_runner.py:266} INFO - Task exited with return code 0
[2024-11-22T18:54:12.137+0000] {taskinstance.py:3900} INFO - 1 downstream tasks scheduled from follow-on schedule check
[2024-11-22T18:54:12.144+0000] {local_task_job_runner.py:245} INFO - ::endgroup::
