[2024-11-22T18:40:56.900+0000] {local_task_job_runner.py:123} INFO - ::group::Pre task execution logs
[2024-11-22T18:40:56.937+0000] {taskinstance.py:2612} INFO - Dependencies all met for dep_context=non-requeueable deps ti=<TaskInstance: fraud_detection.process_transaction scheduled__2024-11-08T18:55:00+00:00 [queued]>
[2024-11-22T18:40:56.958+0000] {taskinstance.py:2612} INFO - Dependencies all met for dep_context=requeueable deps ti=<TaskInstance: fraud_detection.process_transaction scheduled__2024-11-08T18:55:00+00:00 [queued]>
[2024-11-22T18:40:56.958+0000] {taskinstance.py:2865} INFO - Starting attempt 1 of 2
[2024-11-22T18:40:56.985+0000] {taskinstance.py:2888} INFO - Executing <Task(BranchPythonOperator): process_transaction> on 2024-11-08 18:55:00+00:00
[2024-11-22T18:40:56.995+0000] {warnings.py:112} WARNING - /home/***/.local/lib/python3.12/site-packages/***/task/task_runner/standard_task_runner.py:70: DeprecationWarning: This process (pid=106) is multi-threaded, use of fork() may lead to deadlocks in the child.
  pid = os.fork()

[2024-11-22T18:40:56.997+0000] {standard_task_runner.py:72} INFO - Started process 112 to run task
[2024-11-22T18:40:56.998+0000] {standard_task_runner.py:104} INFO - Running: ['***', 'tasks', 'run', 'fraud_detection', 'process_transaction', 'scheduled__2024-11-08T18:55:00+00:00', '--job-id', '349', '--raw', '--subdir', 'DAGS_FOLDER/fraud_detection_dag.py', '--cfg-path', '/tmp/tmpf0pdc7cm']
[2024-11-22T18:40:57.002+0000] {standard_task_runner.py:105} INFO - Job 349: Subtask process_transaction
[2024-11-22T18:40:57.177+0000] {task_command.py:467} INFO - Running <TaskInstance: fraud_detection.process_transaction scheduled__2024-11-08T18:55:00+00:00 [running]> on host c6af8dbaf1e5
[2024-11-22T18:40:57.344+0000] {taskinstance.py:3131} INFO - Exporting env vars: AIRFLOW_CTX_DAG_OWNER='fraud_team' AIRFLOW_CTX_DAG_ID='fraud_detection' AIRFLOW_CTX_TASK_ID='process_transaction' AIRFLOW_CTX_EXECUTION_DATE='2024-11-08T18:55:00+00:00' AIRFLOW_CTX_TRY_NUMBER='1' AIRFLOW_CTX_DAG_RUN_ID='scheduled__2024-11-08T18:55:00+00:00'
[2024-11-22T18:40:57.361+0000] {taskinstance.py:731} INFO - ::endgroup::
[2024-11-22T18:40:57.395+0000] {baseoperator.py:405} WARNING - BranchPythonOperator.execute cannot be called outside TaskInstance!
[2024-11-22T18:40:57.447+0000] {fraud_detection_dag.py:77} INFO - Données récupérées depuis XCom: {"columns":["cc_num","merchant","category","amt","first","last","gender","street","city","state","zip","lat","long","city_pop","job","dob","trans_num","merch_lat","merch_long","is_fraud","current_time"],"index":[186543],"data":[[4939976756738216,"fraud_Kemmer-Buckridge","misc_pos",86.22,"Michelle","Johnston","F","3531 Hamilton Highway","Roma","TX",78584,26.4215,-99.0025,18128,"IT trainer","1990-11-07","cfb39144c087c11cbf3f9a1f292a165b",25.559926,-99.126432,0,1732300852784]]}
[2024-11-22T18:40:57.447+0000] {fraud_detection_dag.py:85} INFO - Données JSON parsées avec succès
[2024-11-22T18:40:57.451+0000] {fraud_detection_dag.py:89} INFO - DataFrame créé avec 1 lignes
[2024-11-22T18:40:57.454+0000] {fraud_detection_dag.py:93} INFO - Colonnes renommées avec succès
[2024-11-22T18:40:57.454+0000] {fraud_detection_dag.py:94} INFO - Colonnes disponibles: ['cc_num', 'merchant', 'category', 'amt', 'first', 'last', 'gender', 'street', 'city', 'state', 'zip', 'lat', 'long', 'city_pop', 'job', 'dob', 'trans_num', 'merch_lat', 'merch_long', 'is_fraud', 'trans_date_trans_time']
[2024-11-22T18:40:57.457+0000] {fraud_detection_dag.py:98} INFO - Conversion de trans_date_trans_time en unix_time réussie
[2024-11-22T18:40:57.499+0000] {fraud_detection_dag.py:107} INFO - Transformation des données...
[2024-11-22T18:40:58.987+0000] {warnings.py:112} WARNING - /home/***/.local/lib/python3.12/site-packages/sklearn/ensemble/_base.py:172: UserWarning: Loky-backed parallel loops cannot be called in a multiprocessing, setting n_jobs=1
  n_jobs = min(effective_n_jobs(n_jobs), n_estimators)

[2024-11-22T18:40:59.013+0000] {warnings.py:112} WARNING - /home/***/.local/lib/python3.12/site-packages/sklearn/ensemble/_base.py:172: UserWarning: Loky-backed parallel loops cannot be called in a multiprocessing, setting n_jobs=1
  n_jobs = min(effective_n_jobs(n_jobs), n_estimators)

[2024-11-22T18:40:59.026+0000] {fraud_detection_dag.py:119} INFO - Prediction de fraude: NORMAL, Probabilité: 28.14%
[2024-11-22T18:40:59.113+0000] {fraud_detection_dag.py:125} INFO - Prédiction: NORMAL (Probabilité: 28.14%)
[2024-11-22T18:40:59.117+0000] {python.py:240} INFO - Done. Returned value was: notify_normal
[2024-11-22T18:40:59.119+0000] {branch.py:38} INFO - Branch into notify_normal
[2024-11-22T18:40:59.120+0000] {skipmixin.py:230} INFO - Following branch ('notify_normal',)
[2024-11-22T18:40:59.178+0000] {skipmixin.py:278} INFO - Skipping tasks [('skip_processing', -1), ('notify_fraud', -1)]
[2024-11-22T18:40:59.262+0000] {taskinstance.py:340} INFO - ::group::Post task execution logs
[2024-11-22T18:40:59.263+0000] {taskinstance.py:352} INFO - Marking task as SUCCESS. dag_id=fraud_detection, task_id=process_transaction, run_id=scheduled__2024-11-08T18:55:00+00:00, execution_date=20241108T185500, start_date=20241122T184056, end_date=20241122T184059
[2024-11-22T18:40:59.349+0000] {local_task_job_runner.py:266} INFO - Task exited with return code 0
[2024-11-22T18:40:59.436+0000] {taskinstance.py:3900} INFO - 1 downstream tasks scheduled from follow-on schedule check
[2024-11-22T18:40:59.445+0000] {local_task_job_runner.py:245} INFO - ::endgroup::
