[2024-11-08T18:37:00.309+0000] {local_task_job_runner.py:123} INFO - ::group::Pre task execution logs
[2024-11-08T18:37:00.355+0000] {taskinstance.py:2612} INFO - Dependencies all met for dep_context=non-requeueable deps ti=<TaskInstance: fraud_detection.notify_normal scheduled__2024-11-08T18:35:00+00:00 [queued]>
[2024-11-08T18:37:00.377+0000] {taskinstance.py:2612} INFO - Dependencies all met for dep_context=requeueable deps ti=<TaskInstance: fraud_detection.notify_normal scheduled__2024-11-08T18:35:00+00:00 [queued]>
[2024-11-08T18:37:00.379+0000] {taskinstance.py:2865} INFO - Starting attempt 1 of 2
[2024-11-08T18:37:00.408+0000] {taskinstance.py:2888} INFO - Executing <Task(PythonOperator): notify_normal> on 2024-11-08 18:35:00+00:00
[2024-11-08T18:37:00.436+0000] {warnings.py:112} WARNING - /home/***/.local/lib/python3.12/site-packages/***/task/task_runner/standard_task_runner.py:70: DeprecationWarning: This process (pid=1730) is multi-threaded, use of fork() may lead to deadlocks in the child.
  pid = os.fork()

[2024-11-08T18:37:00.440+0000] {standard_task_runner.py:72} INFO - Started process 1733 to run task
[2024-11-08T18:37:00.439+0000] {standard_task_runner.py:104} INFO - Running: ['***', 'tasks', 'run', 'fraud_detection', 'notify_normal', 'scheduled__2024-11-08T18:35:00+00:00', '--job-id', '315', '--raw', '--subdir', 'DAGS_FOLDER/fraud_detection_dag.py', '--cfg-path', '/tmp/tmpcgtdkcvg']
[2024-11-08T18:37:00.443+0000] {standard_task_runner.py:105} INFO - Job 315: Subtask notify_normal
[2024-11-08T18:37:00.716+0000] {task_command.py:467} INFO - Running <TaskInstance: fraud_detection.notify_normal scheduled__2024-11-08T18:35:00+00:00 [running]> on host 641085defe8e
[2024-11-08T18:37:01.486+0000] {taskinstance.py:3131} INFO - Exporting env vars: AIRFLOW_CTX_DAG_OWNER='fraud_team' AIRFLOW_CTX_DAG_ID='fraud_detection' AIRFLOW_CTX_TASK_ID='notify_normal' AIRFLOW_CTX_EXECUTION_DATE='2024-11-08T18:35:00+00:00' AIRFLOW_CTX_TRY_NUMBER='1' AIRFLOW_CTX_DAG_RUN_ID='scheduled__2024-11-08T18:35:00+00:00'
[2024-11-08T18:37:01.489+0000] {taskinstance.py:731} INFO - ::endgroup::
[2024-11-08T18:37:01.882+0000] {fraud_detection_dag.py:218} INFO - Données de transaction récupérées: {"columns":["cc_num","merchant","category","amt","first","last","gender","street","city","state","zip","lat","long","city_pop","job","dob","trans_num","merch_lat","merch_long","is_fraud","current_time"],"index":[477481],"data":[[3589255887819806,"fraud_Kris-Padberg","shopping_pos",2.76,"David","Miller","M","622 Bradley Knoll Apt. 758","Hancock","MD",21750,39.6991,-78.1762,3766,"Press photographer","1984-02-14","0d4121df030f617de827fd9a0e7b4485",40.272656,-78.362684,0,1731091012165]]}
[2024-11-08T18:37:01.885+0000] {fraud_detection_dag.py:219} INFO - Probabilité de fraude: 0.35965022305464683
[2024-11-08T18:37:01.886+0000] {fraud_detection_dag.py:220} INFO - Est une fraude: False
[2024-11-08T18:37:01.902+0000] {fraud_detection_dag.py:280} INFO - Tentative d'envoi d'email normale...
[2024-11-08T18:37:01.904+0000] {fraud_detection_dag.py:281} INFO - Contenu de l'email:

        ✅ Transaction NORMALE détectée!
        
        Statut: Vert
        Probabilité de fraude: 35.97%
        
        Détails de la transaction:
        --------------------------
        ID Transaction: 0d4121df030f617de827fd9a0e7b4485
        Montant: 2.76€
        Date/Heure: 2024-11-08 18:36:52
        
        Informations sur le marchand:
        ----------------------------
        Nom: fraud_Kris-Padberg
        Ville: Hancock
        État: MD
        
        Informations sur le client:
        --------------------------
        Nom: David Miller
        Ville: Hancock
        
        Cette notification a été générée automatiquement par le système de détection de fraude.
        
[2024-11-08T18:37:06.585+0000] {fraud_detection_dag.py:291} INFO - Email envoyé avec succès
[2024-11-08T18:37:06.586+0000] {python.py:240} INFO - Done. Returned value was: store_normal
[2024-11-08T18:37:06.632+0000] {taskinstance.py:340} INFO - ::group::Post task execution logs
[2024-11-08T18:37:06.634+0000] {taskinstance.py:352} INFO - Marking task as SUCCESS. dag_id=fraud_detection, task_id=notify_normal, run_id=scheduled__2024-11-08T18:35:00+00:00, execution_date=20241108T183500, start_date=20241108T183700, end_date=20241108T183706
[2024-11-08T18:37:06.721+0000] {local_task_job_runner.py:266} INFO - Task exited with return code 0
[2024-11-08T18:37:06.754+0000] {taskinstance.py:3900} INFO - 1 downstream tasks scheduled from follow-on schedule check
[2024-11-08T18:37:06.760+0000] {local_task_job_runner.py:245} INFO - ::endgroup::
