[2024-11-22T19:02:30.155+0000] {local_task_job_runner.py:123} INFO - ::group::Pre task execution logs
[2024-11-22T19:02:30.215+0000] {taskinstance.py:2612} INFO - Dependencies all met for dep_context=non-requeueable deps ti=<TaskInstance: fraud_detection.notify_normal scheduled__2024-11-22T19:00:00+00:00 [queued]>
[2024-11-22T19:02:30.256+0000] {taskinstance.py:2612} INFO - Dependencies all met for dep_context=requeueable deps ti=<TaskInstance: fraud_detection.notify_normal scheduled__2024-11-22T19:00:00+00:00 [queued]>
[2024-11-22T19:02:30.257+0000] {taskinstance.py:2865} INFO - Starting attempt 1 of 2
[2024-11-22T19:02:30.303+0000] {taskinstance.py:2888} INFO - Executing <Task(PythonOperator): notify_normal> on 2024-11-22 19:00:00+00:00
[2024-11-22T19:02:30.317+0000] {warnings.py:112} WARNING - /home/***/.local/lib/python3.12/site-packages/***/task/task_runner/standard_task_runner.py:70: DeprecationWarning: This process (pid=975) is multi-threaded, use of fork() may lead to deadlocks in the child.
  pid = os.fork()

[2024-11-22T19:02:30.319+0000] {standard_task_runner.py:72} INFO - Started process 977 to run task
[2024-11-22T19:02:30.320+0000] {standard_task_runner.py:104} INFO - Running: ['***', 'tasks', 'run', 'fraud_detection', 'notify_normal', 'scheduled__2024-11-22T19:00:00+00:00', '--job-id', '469', '--raw', '--subdir', 'DAGS_FOLDER/fraud_detection_dag.py', '--cfg-path', '/tmp/tmplf31ff6e']
[2024-11-22T19:02:30.324+0000] {standard_task_runner.py:105} INFO - Job 469: Subtask notify_normal
[2024-11-22T19:02:30.542+0000] {task_command.py:467} INFO - Running <TaskInstance: fraud_detection.notify_normal scheduled__2024-11-22T19:00:00+00:00 [running]> on host c6af8dbaf1e5
[2024-11-22T19:02:30.812+0000] {taskinstance.py:3131} INFO - Exporting env vars: AIRFLOW_CTX_DAG_OWNER='fraud_team' AIRFLOW_CTX_DAG_ID='fraud_detection' AIRFLOW_CTX_TASK_ID='notify_normal' AIRFLOW_CTX_EXECUTION_DATE='2024-11-22T19:00:00+00:00' AIRFLOW_CTX_TRY_NUMBER='1' AIRFLOW_CTX_DAG_RUN_ID='scheduled__2024-11-22T19:00:00+00:00'
[2024-11-22T19:02:30.815+0000] {taskinstance.py:731} INFO - ::endgroup::
[2024-11-22T19:02:31.049+0000] {fraud_detection_dag.py:218} INFO - Données de transaction récupérées: {"columns":["cc_num","merchant","category","amt","first","last","gender","street","city","state","zip","lat","long","city_pop","job","dob","trans_num","merch_lat","merch_long","is_fraud","current_time"],"index":[242247],"data":[[6534628260579800,"fraud_Brown, Homenick and Lesch","health_fitness",13.18,"Christine","Harris","F","29606 Martinez Views Suite 653","Hinesburg","VT",5461,44.3346,-73.098,4542,"Claims inspector\/assessor","1998-03-19","47576f01c4a2c541ad08317399e562c9",44.636009,-72.568293,0,1732302140092]]}
[2024-11-22T19:02:31.050+0000] {fraud_detection_dag.py:219} INFO - Probabilité de fraude: 0.3738353307462989
[2024-11-22T19:02:31.050+0000] {fraud_detection_dag.py:220} INFO - Est une fraude: False
[2024-11-22T19:02:31.056+0000] {fraud_detection_dag.py:280} INFO - Tentative d'envoi d'email normale...
[2024-11-22T19:02:31.057+0000] {fraud_detection_dag.py:281} INFO - Contenu de l'email:

        ✅ Transaction NORMALE détectée!
        
        Statut: Vert
        Probabilité de fraude: 37.38%
        
        Détails de la transaction:
        --------------------------
        ID Transaction: 47576f01c4a2c541ad08317399e562c9
        Montant: 13.18€
        Date/Heure: 2024-11-22 19:02:20
        
        Informations sur le marchand:
        ----------------------------
        Nom: fraud_Brown, Homenick and Lesch
        Ville: Hinesburg
        État: VT
        
        Informations sur le client:
        --------------------------
        Nom: Christine Harris
        Ville: Hinesburg
        
        Cette notification a été générée automatiquement par le système de détection de fraude.
        
[2024-11-22T19:02:37.969+0000] {fraud_detection_dag.py:291} INFO - Email envoyé avec succès
[2024-11-22T19:02:37.973+0000] {python.py:240} INFO - Done. Returned value was: store_normal
[2024-11-22T19:02:38.263+0000] {taskinstance.py:340} INFO - ::group::Post task execution logs
[2024-11-22T19:02:38.270+0000] {taskinstance.py:352} INFO - Marking task as SUCCESS. dag_id=fraud_detection, task_id=notify_normal, run_id=scheduled__2024-11-22T19:00:00+00:00, execution_date=20241122T190000, start_date=20241122T190230, end_date=20241122T190238
[2024-11-22T19:02:38.394+0000] {local_task_job_runner.py:266} INFO - Task exited with return code 0
[2024-11-22T19:02:38.472+0000] {taskinstance.py:3900} INFO - 1 downstream tasks scheduled from follow-on schedule check
[2024-11-22T19:02:38.477+0000] {local_task_job_runner.py:245} INFO - ::endgroup::
