[2024-11-24T15:11:33.743+0000] {local_task_job_runner.py:123} INFO - ::group::Pre task execution logs
[2024-11-24T15:11:34.117+0000] {taskinstance.py:2612} INFO - Dependencies all met for dep_context=non-requeueable deps ti=<TaskInstance: fraud_detection.fetch_api manual__2024-11-24T15:10:27.461724+00:00 [queued]>
[2024-11-24T15:11:34.324+0000] {taskinstance.py:2612} INFO - Dependencies all met for dep_context=requeueable deps ti=<TaskInstance: fraud_detection.fetch_api manual__2024-11-24T15:10:27.461724+00:00 [queued]>
[2024-11-24T15:11:34.325+0000] {taskinstance.py:2865} INFO - Starting attempt 1 of 2
[2024-11-24T15:11:34.601+0000] {taskinstance.py:2888} INFO - Executing <Task(PythonOperator): fetch_api> on 2024-11-24 15:10:27.461724+00:00
[2024-11-24T15:11:34.678+0000] {warnings.py:112} WARNING - /home/***/.local/lib/python3.12/site-packages/***/task/task_runner/standard_task_runner.py:70: DeprecationWarning: This process (pid=253) is multi-threaded, use of fork() may lead to deadlocks in the child.
  pid = os.fork()

[2024-11-24T15:11:34.693+0000] {standard_task_runner.py:72} INFO - Started process 279 to run task
[2024-11-24T15:11:34.727+0000] {standard_task_runner.py:104} INFO - Running: ['***', 'tasks', 'run', 'fraud_detection', 'fetch_api', 'manual__2024-11-24T15:10:27.461724+00:00', '--job-id', '528', '--raw', '--subdir', 'DAGS_FOLDER/fraud_detection_dag.py', '--cfg-path', '/tmp/tmpkr_3wd3g']
[2024-11-24T15:11:34.845+0000] {standard_task_runner.py:105} INFO - Job 528: Subtask fetch_api
[2024-11-24T15:11:35.445+0000] {task_command.py:467} INFO - Running <TaskInstance: fraud_detection.fetch_api manual__2024-11-24T15:10:27.461724+00:00 [running]> on host 345e92ff26bf
[2024-11-24T15:11:35.916+0000] {taskinstance.py:3131} INFO - Exporting env vars: AIRFLOW_CTX_DAG_OWNER='fraud_team' AIRFLOW_CTX_DAG_ID='fraud_detection' AIRFLOW_CTX_TASK_ID='fetch_api' AIRFLOW_CTX_EXECUTION_DATE='2024-11-24T15:10:27.461724+00:00' AIRFLOW_CTX_TRY_NUMBER='1' AIRFLOW_CTX_DAG_RUN_ID='manual__2024-11-24T15:10:27.461724+00:00'
[2024-11-24T15:11:35.932+0000] {taskinstance.py:731} INFO - ::endgroup::
[2024-11-24T15:11:40.650+0000] {fraud_detection_dag.py:65} INFO - Transaction reçue avec succès
[2024-11-24T15:11:40.796+0000] {python.py:240} INFO - Done. Returned value was: None
[2024-11-24T15:11:41.065+0000] {taskinstance.py:340} INFO - ::group::Post task execution logs
[2024-11-24T15:11:41.087+0000] {taskinstance.py:352} INFO - Marking task as SUCCESS. dag_id=fraud_detection, task_id=fetch_api, run_id=manual__2024-11-24T15:10:27.461724+00:00, execution_date=20241124T151027, start_date=20241124T151134, end_date=20241124T151141
[2024-11-24T15:11:41.440+0000] {local_task_job_runner.py:266} INFO - Task exited with return code 0
[2024-11-24T15:11:41.599+0000] {taskinstance.py:3900} INFO - 1 downstream tasks scheduled from follow-on schedule check
[2024-11-24T15:11:41.614+0000] {local_task_job_runner.py:245} INFO - ::endgroup::
