[2024-11-08T18:38:56.665+0000] {local_task_job_runner.py:123} INFO - ::group::Pre task execution logs
[2024-11-08T18:38:56.743+0000] {taskinstance.py:2612} INFO - Dependencies all met for dep_context=non-requeueable deps ti=<TaskInstance: fraud_detection.notify_normal scheduled__2024-11-08T18:37:00+00:00 [queued]>
[2024-11-08T18:38:56.775+0000] {taskinstance.py:2612} INFO - Dependencies all met for dep_context=requeueable deps ti=<TaskInstance: fraud_detection.notify_normal scheduled__2024-11-08T18:37:00+00:00 [queued]>
[2024-11-08T18:38:56.776+0000] {taskinstance.py:2865} INFO - Starting attempt 1 of 2
[2024-11-08T18:38:56.852+0000] {taskinstance.py:2888} INFO - Executing <Task(PythonOperator): notify_normal> on 2024-11-08 18:37:00+00:00
[2024-11-08T18:38:56.876+0000] {warnings.py:112} WARNING - /home/***/.local/lib/python3.12/site-packages/***/task/task_runner/standard_task_runner.py:70: DeprecationWarning: This process (pid=1805) is multi-threaded, use of fork() may lead to deadlocks in the child.
  pid = os.fork()

[2024-11-08T18:38:56.879+0000] {standard_task_runner.py:72} INFO - Started process 1807 to run task
[2024-11-08T18:38:56.912+0000] {standard_task_runner.py:104} INFO - Running: ['***', 'tasks', 'run', 'fraud_detection', 'notify_normal', 'scheduled__2024-11-08T18:37:00+00:00', '--job-id', '325', '--raw', '--subdir', 'DAGS_FOLDER/fraud_detection_dag.py', '--cfg-path', '/tmp/tmpk34i6fju']
[2024-11-08T18:38:56.939+0000] {standard_task_runner.py:105} INFO - Job 325: Subtask notify_normal
[2024-11-08T18:38:57.094+0000] {task_command.py:467} INFO - Running <TaskInstance: fraud_detection.notify_normal scheduled__2024-11-08T18:37:00+00:00 [running]> on host 641085defe8e
[2024-11-08T18:38:57.362+0000] {taskinstance.py:3131} INFO - Exporting env vars: AIRFLOW_CTX_DAG_OWNER='fraud_team' AIRFLOW_CTX_DAG_ID='fraud_detection' AIRFLOW_CTX_TASK_ID='notify_normal' AIRFLOW_CTX_EXECUTION_DATE='2024-11-08T18:37:00+00:00' AIRFLOW_CTX_TRY_NUMBER='1' AIRFLOW_CTX_DAG_RUN_ID='scheduled__2024-11-08T18:37:00+00:00'
[2024-11-08T18:38:57.364+0000] {taskinstance.py:731} INFO - ::endgroup::
[2024-11-08T18:38:57.499+0000] {fraud_detection_dag.py:218} INFO - Données de transaction récupérées: {"columns":["cc_num","merchant","category","amt","first","last","gender","street","city","state","zip","lat","long","city_pop","job","dob","trans_num","merch_lat","merch_long","is_fraud","current_time"],"index":[97514],"data":[[3565996340207976,"fraud_Schiller Ltd","personal_care",32.29,"Warren","Daniels","M","23656 Harris Gardens Suite 698","El Paso","TX",79906,31.8092,-106.4247,749635,"Market researcher","1973-01-21","58b1a2a139f5151b1679a3299d3511ff",32.702953,-106.82775,0,1731091128201]]}
[2024-11-08T18:38:57.503+0000] {fraud_detection_dag.py:219} INFO - Probabilité de fraude: 0.29590970171858205
[2024-11-08T18:38:57.503+0000] {fraud_detection_dag.py:220} INFO - Est une fraude: False
[2024-11-08T18:38:57.520+0000] {fraud_detection_dag.py:280} INFO - Tentative d'envoi d'email normale...
[2024-11-08T18:38:57.521+0000] {fraud_detection_dag.py:281} INFO - Contenu de l'email:

        ✅ Transaction NORMALE détectée!
        
        Statut: Vert
        Probabilité de fraude: 29.59%
        
        Détails de la transaction:
        --------------------------
        ID Transaction: 58b1a2a139f5151b1679a3299d3511ff
        Montant: 32.29€
        Date/Heure: 2024-11-08 18:38:48
        
        Informations sur le marchand:
        ----------------------------
        Nom: fraud_Schiller Ltd
        Ville: El Paso
        État: TX
        
        Informations sur le client:
        --------------------------
        Nom: Warren Daniels
        Ville: El Paso
        
        Cette notification a été générée automatiquement par le système de détection de fraude.
        
[2024-11-08T18:39:01.796+0000] {fraud_detection_dag.py:291} INFO - Email envoyé avec succès
[2024-11-08T18:39:01.797+0000] {python.py:240} INFO - Done. Returned value was: store_normal
[2024-11-08T18:39:02.226+0000] {taskinstance.py:340} INFO - ::group::Post task execution logs
[2024-11-08T18:39:02.227+0000] {taskinstance.py:352} INFO - Marking task as SUCCESS. dag_id=fraud_detection, task_id=notify_normal, run_id=scheduled__2024-11-08T18:37:00+00:00, execution_date=20241108T183700, start_date=20241108T183856, end_date=20241108T183902
[2024-11-08T18:39:02.292+0000] {local_task_job_runner.py:266} INFO - Task exited with return code 0
[2024-11-08T18:39:02.416+0000] {taskinstance.py:3900} INFO - 1 downstream tasks scheduled from follow-on schedule check
[2024-11-08T18:39:02.430+0000] {local_task_job_runner.py:245} INFO - ::endgroup::
