[2024-11-23T17:15:51.756+0000] {local_task_job_runner.py:123} INFO - ::group::Pre task execution logs
[2024-11-23T17:15:51.796+0000] {taskinstance.py:2612} INFO - Dependencies all met for dep_context=non-requeueable deps ti=<TaskInstance: fraud_detection.notify_normal scheduled__2024-11-23T17:14:00+00:00 [queued]>
[2024-11-23T17:15:51.814+0000] {taskinstance.py:2612} INFO - Dependencies all met for dep_context=requeueable deps ti=<TaskInstance: fraud_detection.notify_normal scheduled__2024-11-23T17:14:00+00:00 [queued]>
[2024-11-23T17:15:51.815+0000] {taskinstance.py:2865} INFO - Starting attempt 1 of 2
[2024-11-23T17:15:51.841+0000] {taskinstance.py:2888} INFO - Executing <Task(PythonOperator): notify_normal> on 2024-11-23 17:14:00+00:00
[2024-11-23T17:15:51.853+0000] {warnings.py:112} WARNING - /home/***/.local/lib/python3.12/site-packages/***/task/task_runner/standard_task_runner.py:70: DeprecationWarning: This process (pid=1810) is multi-threaded, use of fork() may lead to deadlocks in the child.
  pid = os.fork()

[2024-11-23T17:15:51.856+0000] {standard_task_runner.py:72} INFO - Started process 1815 to run task
[2024-11-23T17:15:51.862+0000] {standard_task_runner.py:104} INFO - Running: ['***', 'tasks', 'run', 'fraud_detection', 'notify_normal', 'scheduled__2024-11-23T17:14:00+00:00', '--job-id', '181', '--raw', '--subdir', 'DAGS_FOLDER/fraud_detection_dag.py', '--cfg-path', '/tmp/tmpno7ra27e']
[2024-11-23T17:15:51.867+0000] {standard_task_runner.py:105} INFO - Job 181: Subtask notify_normal
[2024-11-23T17:15:51.972+0000] {task_command.py:467} INFO - Running <TaskInstance: fraud_detection.notify_normal scheduled__2024-11-23T17:14:00+00:00 [running]> on host 345e92ff26bf
[2024-11-23T17:15:52.178+0000] {taskinstance.py:3131} INFO - Exporting env vars: AIRFLOW_CTX_DAG_OWNER='fraud_team' AIRFLOW_CTX_DAG_ID='fraud_detection' AIRFLOW_CTX_TASK_ID='notify_normal' AIRFLOW_CTX_EXECUTION_DATE='2024-11-23T17:14:00+00:00' AIRFLOW_CTX_TRY_NUMBER='1' AIRFLOW_CTX_DAG_RUN_ID='scheduled__2024-11-23T17:14:00+00:00'
[2024-11-23T17:15:52.180+0000] {taskinstance.py:731} INFO - ::endgroup::
[2024-11-23T17:15:52.255+0000] {fraud_detection_dag.py:219} INFO - Données de transaction récupérées: {"columns":["cc_num","merchant","category","amt","first","last","gender","street","city","state","zip","lat","long","city_pop","job","dob","trans_num","merch_lat","merch_long","is_fraud","current_time"],"index":[200375],"data":[[4488258847705225890,"fraud_Thompson-Gleason","health_fitness",73.71,"Jessica","Shaw","F","5745 Blair Locks","West Columbia","SC",29170,33.9568,-81.1405,52126,"Chemical engineer","1929-08-23","0b3145df715fe69f34e95c916c44ad1b",33.884689,-80.579043,0,1732382143192]]}
[2024-11-23T17:15:52.256+0000] {fraud_detection_dag.py:220} INFO - Probabilité de fraude: 0.3100539331165115
[2024-11-23T17:15:52.256+0000] {fraud_detection_dag.py:221} INFO - Est une fraude: False
[2024-11-23T17:15:52.274+0000] {fraud_detection_dag.py:281} INFO - Tentative d'envoi d'email normale...
[2024-11-23T17:15:52.275+0000] {fraud_detection_dag.py:282} INFO - Contenu de l'email:

        ✅ Transaction NORMALE détectée!
        
        Statut: Vert
        Probabilité de fraude: 31.01%
        
        Détails de la transaction:
        --------------------------
        ID Transaction: 0b3145df715fe69f34e95c916c44ad1b
        Montant: 73.71€
        Date/Heure: 2024-11-23 17:15:43
        
        Informations sur le marchand:
        ----------------------------
        Nom: fraud_Thompson-Gleason
        Ville: West Columbia
        État: SC
        
        Informations sur le client:
        --------------------------
        Nom: Jessica Shaw
        Ville: West Columbia
        
        Cette notification a été générée automatiquement par le système de détection de fraude.
        
[2024-11-23T17:15:54.383+0000] {fraud_detection_dag.py:292} INFO - Email envoyé avec succès
[2024-11-23T17:15:54.385+0000] {python.py:240} INFO - Done. Returned value was: store_normal
[2024-11-23T17:15:54.461+0000] {taskinstance.py:340} INFO - ::group::Post task execution logs
[2024-11-23T17:15:54.463+0000] {taskinstance.py:352} INFO - Marking task as SUCCESS. dag_id=fraud_detection, task_id=notify_normal, run_id=scheduled__2024-11-23T17:14:00+00:00, execution_date=20241123T171400, start_date=20241123T171551, end_date=20241123T171554
[2024-11-23T17:15:54.559+0000] {local_task_job_runner.py:266} INFO - Task exited with return code 0
[2024-11-23T17:15:54.617+0000] {taskinstance.py:3900} INFO - 1 downstream tasks scheduled from follow-on schedule check
[2024-11-23T17:15:54.623+0000] {local_task_job_runner.py:245} INFO - ::endgroup::
