[2024-11-23T16:54:13.230+0000] {local_task_job_runner.py:123} INFO - ::group::Pre task execution logs
[2024-11-23T16:54:13.268+0000] {taskinstance.py:2612} INFO - Dependencies all met for dep_context=non-requeueable deps ti=<TaskInstance: fraud_detection.notify_normal scheduled__2024-11-23T16:52:00+00:00 [queued]>
[2024-11-23T16:54:13.289+0000] {taskinstance.py:2612} INFO - Dependencies all met for dep_context=requeueable deps ti=<TaskInstance: fraud_detection.notify_normal scheduled__2024-11-23T16:52:00+00:00 [queued]>
[2024-11-23T16:54:13.290+0000] {taskinstance.py:2865} INFO - Starting attempt 1 of 2
[2024-11-23T16:54:13.322+0000] {taskinstance.py:2888} INFO - Executing <Task(PythonOperator): notify_normal> on 2024-11-23 16:52:00+00:00
[2024-11-23T16:54:13.354+0000] {warnings.py:112} WARNING - /home/***/.local/lib/python3.12/site-packages/***/task/task_runner/standard_task_runner.py:70: DeprecationWarning: This process (pid=393) is multi-threaded, use of fork() may lead to deadlocks in the child.
  pid = os.fork()

[2024-11-23T16:54:13.356+0000] {standard_task_runner.py:72} INFO - Started process 398 to run task
[2024-11-23T16:54:13.358+0000] {standard_task_runner.py:104} INFO - Running: ['***', 'tasks', 'run', 'fraud_detection', 'notify_normal', 'scheduled__2024-11-23T16:52:00+00:00', '--job-id', '41', '--raw', '--subdir', 'DAGS_FOLDER/fraud_detection_dag.py', '--cfg-path', '/tmp/tmpbihi9fyj']
[2024-11-23T16:54:13.373+0000] {standard_task_runner.py:105} INFO - Job 41: Subtask notify_normal
[2024-11-23T16:54:13.633+0000] {task_command.py:467} INFO - Running <TaskInstance: fraud_detection.notify_normal scheduled__2024-11-23T16:52:00+00:00 [running]> on host 345e92ff26bf
[2024-11-23T16:54:13.863+0000] {taskinstance.py:3131} INFO - Exporting env vars: AIRFLOW_CTX_DAG_OWNER='fraud_team' AIRFLOW_CTX_DAG_ID='fraud_detection' AIRFLOW_CTX_TASK_ID='notify_normal' AIRFLOW_CTX_EXECUTION_DATE='2024-11-23T16:52:00+00:00' AIRFLOW_CTX_TRY_NUMBER='1' AIRFLOW_CTX_DAG_RUN_ID='scheduled__2024-11-23T16:52:00+00:00'
[2024-11-23T16:54:13.866+0000] {taskinstance.py:731} INFO - ::endgroup::
[2024-11-23T16:54:13.947+0000] {fraud_detection_dag.py:219} INFO - Données de transaction récupérées: {"columns":["cc_num","merchant","category","amt","first","last","gender","street","city","state","zip","lat","long","city_pop","job","dob","trans_num","merch_lat","merch_long","is_fraud","current_time"],"index":[550418],"data":[[3596217206093829,"fraud_Swift, Bradtke and Marquardt","grocery_net",57.83,"Sara","Ramirez","F","23843 Scott Island","Birmingham","IA",52535,40.8626,-91.9534,888,"Camera operator","1988-03-25","62a8355de63488b9ec14eab4910bb2f1",39.927471,-92.3647,0,1732380838583]]}
[2024-11-23T16:54:13.948+0000] {fraud_detection_dag.py:220} INFO - Probabilité de fraude: 0.31417727695910513
[2024-11-23T16:54:13.948+0000] {fraud_detection_dag.py:221} INFO - Est une fraude: False
[2024-11-23T16:54:13.958+0000] {fraud_detection_dag.py:281} INFO - Tentative d'envoi d'email normale...
[2024-11-23T16:54:13.959+0000] {fraud_detection_dag.py:282} INFO - Contenu de l'email:

        ✅ Transaction NORMALE détectée!
        
        Statut: Vert
        Probabilité de fraude: 31.42%
        
        Détails de la transaction:
        --------------------------
        ID Transaction: 62a8355de63488b9ec14eab4910bb2f1
        Montant: 57.83€
        Date/Heure: 2024-11-23 16:53:58
        
        Informations sur le marchand:
        ----------------------------
        Nom: fraud_Swift, Bradtke and Marquardt
        Ville: Birmingham
        État: IA
        
        Informations sur le client:
        --------------------------
        Nom: Sara Ramirez
        Ville: Birmingham
        
        Cette notification a été générée automatiquement par le système de détection de fraude.
        
[2024-11-23T16:54:16.733+0000] {fraud_detection_dag.py:292} INFO - Email envoyé avec succès
[2024-11-23T16:54:16.736+0000] {python.py:240} INFO - Done. Returned value was: store_normal
[2024-11-23T16:54:16.839+0000] {taskinstance.py:340} INFO - ::group::Post task execution logs
[2024-11-23T16:54:16.848+0000] {taskinstance.py:352} INFO - Marking task as SUCCESS. dag_id=fraud_detection, task_id=notify_normal, run_id=scheduled__2024-11-23T16:52:00+00:00, execution_date=20241123T165200, start_date=20241123T165413, end_date=20241123T165416
[2024-11-23T16:54:16.925+0000] {local_task_job_runner.py:266} INFO - Task exited with return code 0
[2024-11-23T16:54:16.982+0000] {taskinstance.py:3900} INFO - 1 downstream tasks scheduled from follow-on schedule check
[2024-11-23T16:54:16.987+0000] {local_task_job_runner.py:245} INFO - ::endgroup::
