[2024-11-02T22:44:52.924+0000] {local_task_job_runner.py:123} INFO - ::group::Pre task execution logs
[2024-11-02T22:44:52.996+0000] {taskinstance.py:2612} INFO - Dependencies all met for dep_context=non-requeueable deps ti=<TaskInstance: fraud_monitoring.system_health_check scheduled__2024-11-01T00:00:00+00:00 [queued]>
[2024-11-02T22:44:53.064+0000] {taskinstance.py:2612} INFO - Dependencies all met for dep_context=requeueable deps ti=<TaskInstance: fraud_monitoring.system_health_check scheduled__2024-11-01T00:00:00+00:00 [queued]>
[2024-11-02T22:44:53.065+0000] {taskinstance.py:2865} INFO - Starting attempt 1 of 2
[2024-11-02T22:44:53.146+0000] {taskinstance.py:2888} INFO - Executing <Task(PythonOperator): system_health_check> on 2024-11-01 00:00:00+00:00
[2024-11-02T22:44:53.169+0000] {warnings.py:112} WARNING - /home/***/.local/lib/python3.12/site-packages/***/task/task_runner/standard_task_runner.py:70: DeprecationWarning: This process (pid=137) is multi-threaded, use of fork() may lead to deadlocks in the child.
  pid = os.fork()

[2024-11-02T22:44:53.175+0000] {standard_task_runner.py:72} INFO - Started process 142 to run task
[2024-11-02T22:44:53.177+0000] {standard_task_runner.py:104} INFO - Running: ['***', 'tasks', 'run', 'fraud_monitoring', 'system_health_check', 'scheduled__2024-11-01T00:00:00+00:00', '--job-id', '8', '--raw', '--subdir', 'DAGS_FOLDER/monitoring_dag.py', '--cfg-path', '/tmp/tmp8hirsoxf']
[2024-11-02T22:44:53.186+0000] {standard_task_runner.py:105} INFO - Job 8: Subtask system_health_check
[2024-11-02T22:44:53.397+0000] {task_command.py:467} INFO - Running <TaskInstance: fraud_monitoring.system_health_check scheduled__2024-11-01T00:00:00+00:00 [running]> on host 713744f3b6c0
[2024-11-02T22:44:53.783+0000] {taskinstance.py:3131} INFO - Exporting env vars: AIRFLOW_CTX_DAG_OWNER='fraud_team' AIRFLOW_CTX_DAG_ID='fraud_monitoring' AIRFLOW_CTX_TASK_ID='system_health_check' AIRFLOW_CTX_EXECUTION_DATE='2024-11-01T00:00:00+00:00' AIRFLOW_CTX_TRY_NUMBER='1' AIRFLOW_CTX_DAG_RUN_ID='scheduled__2024-11-01T00:00:00+00:00'
[2024-11-02T22:44:53.798+0000] {taskinstance.py:731} INFO - ::endgroup::
[2024-11-02T22:45:05.773+0000] {monitoring_dag.py:23} ERROR - Erreur API: HTTPSConnectionPool(host='real-time-payments-api.herokuapp.com', port=443): Read timed out. (read timeout=10)
[2024-11-02T22:45:17.844+0000] {monitoring_dag.py:48} INFO - Accès S3 vérifié: bucket=fraud-detection-bucket-jedha, prefix=fraud-detection-bucket
[2024-11-02T22:45:21.952+0000] {python.py:240} INFO - Done. Returned value was: None
[2024-11-02T22:45:21.984+0000] {taskinstance.py:340} INFO - ::group::Post task execution logs
[2024-11-02T22:45:21.985+0000] {taskinstance.py:352} INFO - Marking task as SUCCESS. dag_id=fraud_monitoring, task_id=system_health_check, run_id=scheduled__2024-11-01T00:00:00+00:00, execution_date=20241101T000000, start_date=20241102T224452, end_date=20241102T224521
[2024-11-02T22:45:22.076+0000] {local_task_job_runner.py:266} INFO - Task exited with return code 0
[2024-11-02T22:45:22.182+0000] {taskinstance.py:3900} INFO - 0 downstream tasks scheduled from follow-on schedule check
[2024-11-02T22:45:22.189+0000] {local_task_job_runner.py:245} INFO - ::endgroup::
