[2024-11-23T17:26:52.167+0000] {local_task_job_runner.py:123} INFO - ::group::Pre task execution logs
[2024-11-23T17:26:52.215+0000] {taskinstance.py:2612} INFO - Dependencies all met for dep_context=non-requeueable deps ti=<TaskInstance: fraud_detection.notify_fraud scheduled__2024-11-23T17:25:00+00:00 [queued]>
[2024-11-23T17:26:52.238+0000] {taskinstance.py:2612} INFO - Dependencies all met for dep_context=requeueable deps ti=<TaskInstance: fraud_detection.notify_fraud scheduled__2024-11-23T17:25:00+00:00 [queued]>
[2024-11-23T17:26:52.239+0000] {taskinstance.py:2865} INFO - Starting attempt 1 of 2
[2024-11-23T17:26:52.266+0000] {taskinstance.py:2888} INFO - Executing <Task(PythonOperator): notify_fraud> on 2024-11-23 17:25:00+00:00
[2024-11-23T17:26:52.283+0000] {warnings.py:112} WARNING - /home/***/.local/lib/python3.12/site-packages/***/task/task_runner/standard_task_runner.py:70: DeprecationWarning: This process (pid=2494) is multi-threaded, use of fork() may lead to deadlocks in the child.
  pid = os.fork()

[2024-11-23T17:26:52.285+0000] {standard_task_runner.py:72} INFO - Started process 2499 to run task
[2024-11-23T17:26:52.286+0000] {standard_task_runner.py:104} INFO - Running: ['***', 'tasks', 'run', 'fraud_detection', 'notify_fraud', 'scheduled__2024-11-23T17:25:00+00:00', '--job-id', '247', '--raw', '--subdir', 'DAGS_FOLDER/fraud_detection_dag.py', '--cfg-path', '/tmp/tmp9zh6wkzn']
[2024-11-23T17:26:52.293+0000] {standard_task_runner.py:105} INFO - Job 247: Subtask notify_fraud
[2024-11-23T17:26:52.376+0000] {task_command.py:467} INFO - Running <TaskInstance: fraud_detection.notify_fraud scheduled__2024-11-23T17:25:00+00:00 [running]> on host 345e92ff26bf
[2024-11-23T17:26:52.553+0000] {taskinstance.py:3131} INFO - Exporting env vars: AIRFLOW_CTX_DAG_OWNER='fraud_team' AIRFLOW_CTX_DAG_ID='fraud_detection' AIRFLOW_CTX_TASK_ID='notify_fraud' AIRFLOW_CTX_EXECUTION_DATE='2024-11-23T17:25:00+00:00' AIRFLOW_CTX_TRY_NUMBER='1' AIRFLOW_CTX_DAG_RUN_ID='scheduled__2024-11-23T17:25:00+00:00'
[2024-11-23T17:26:52.555+0000] {taskinstance.py:731} INFO - ::endgroup::
[2024-11-23T17:26:52.622+0000] {fraud_detection_dag.py:219} INFO - Données de transaction récupérées: {"columns":["cc_num","merchant","category","amt","first","last","gender","street","city","state","zip","lat","long","city_pop","job","dob","trans_num","merch_lat","merch_long","is_fraud","current_time"],"index":[403463],"data":[[6526777409109795,"fraud_Donnelly LLC","entertainment",570.54,"Michael","Garner","M","0157 Samuel Mission Suite 379","South Richmond Hill","NY",11419,40.6868,-73.823,47211,"Site engineer","1937-02-01","a30de390c97ecc9fd560012e4b19ba79",39.82419,-74.529376,0,1732382802624]]}
[2024-11-23T17:26:52.623+0000] {fraud_detection_dag.py:220} INFO - Probabilité de fraude: 0.685386754903314
[2024-11-23T17:26:52.624+0000] {fraud_detection_dag.py:221} INFO - Est une fraude: True
[2024-11-23T17:26:52.632+0000] {fraud_detection_dag.py:281} INFO - Tentative d'envoi d'email frauduleuse...
[2024-11-23T17:26:52.632+0000] {fraud_detection_dag.py:282} INFO - Contenu de l'email:

        🚨 Transaction FRAUDULEUSE détectée!
        
        Statut: Rouge
        Probabilité de fraude: 68.54%
        
        Détails de la transaction:
        --------------------------
        ID Transaction: a30de390c97ecc9fd560012e4b19ba79
        Montant: 570.54€
        Date/Heure: 2024-11-23 17:26:42
        
        Informations sur le marchand:
        ----------------------------
        Nom: fraud_Donnelly LLC
        Ville: South Richmond Hill
        État: NY
        
        Informations sur le client:
        --------------------------
        Nom: Michael Garner
        Ville: South Richmond Hill
        
        Cette notification a été générée automatiquement par le système de détection de fraude.
        
[2024-11-23T17:26:54.980+0000] {fraud_detection_dag.py:292} INFO - Email envoyé avec succès
[2024-11-23T17:26:54.983+0000] {python.py:240} INFO - Done. Returned value was: store_fraud
[2024-11-23T17:26:55.032+0000] {taskinstance.py:340} INFO - ::group::Post task execution logs
[2024-11-23T17:26:55.033+0000] {taskinstance.py:352} INFO - Marking task as SUCCESS. dag_id=fraud_detection, task_id=notify_fraud, run_id=scheduled__2024-11-23T17:25:00+00:00, execution_date=20241123T172500, start_date=20241123T172652, end_date=20241123T172655
[2024-11-23T17:26:55.105+0000] {local_task_job_runner.py:266} INFO - Task exited with return code 0
[2024-11-23T17:26:55.158+0000] {taskinstance.py:3900} INFO - 1 downstream tasks scheduled from follow-on schedule check
[2024-11-23T17:26:55.161+0000] {local_task_job_runner.py:245} INFO - ::endgroup::
