[2024-11-24T15:12:46.489+0000] {local_task_job_runner.py:123} INFO - ::group::Pre task execution logs
[2024-11-24T15:12:46.806+0000] {taskinstance.py:2612} INFO - Dependencies all met for dep_context=non-requeueable deps ti=<TaskInstance: fraud_detection.store_normal scheduled__2024-11-24T15:10:00+00:00 [queued]>
[2024-11-24T15:12:46.929+0000] {taskinstance.py:2612} INFO - Dependencies all met for dep_context=requeueable deps ti=<TaskInstance: fraud_detection.store_normal scheduled__2024-11-24T15:10:00+00:00 [queued]>
[2024-11-24T15:12:46.933+0000] {taskinstance.py:2865} INFO - Starting attempt 1 of 2
[2024-11-24T15:12:47.265+0000] {taskinstance.py:2888} INFO - Executing <Task(PythonOperator): store_normal> on 2024-11-24 15:10:00+00:00
[2024-11-24T15:12:47.396+0000] {warnings.py:112} WARNING - /home/***/.local/lib/python3.12/site-packages/***/task/task_runner/standard_task_runner.py:70: DeprecationWarning: This process (pid=392) is multi-threaded, use of fork() may lead to deadlocks in the child.
  pid = os.fork()

[2024-11-24T15:12:47.451+0000] {standard_task_runner.py:72} INFO - Started process 417 to run task
[2024-11-24T15:12:47.453+0000] {standard_task_runner.py:104} INFO - Running: ['***', 'tasks', 'run', 'fraud_detection', 'store_normal', 'scheduled__2024-11-24T15:10:00+00:00', '--job-id', '544', '--raw', '--subdir', 'DAGS_FOLDER/fraud_detection_dag.py', '--cfg-path', '/tmp/tmp7c31q5cs']
[2024-11-24T15:12:47.461+0000] {standard_task_runner.py:105} INFO - Job 544: Subtask store_normal
[2024-11-24T15:12:48.076+0000] {task_command.py:467} INFO - Running <TaskInstance: fraud_detection.store_normal scheduled__2024-11-24T15:10:00+00:00 [running]> on host 345e92ff26bf
[2024-11-24T15:12:49.263+0000] {taskinstance.py:3131} INFO - Exporting env vars: AIRFLOW_CTX_DAG_OWNER='fraud_team' AIRFLOW_CTX_DAG_ID='fraud_detection' AIRFLOW_CTX_TASK_ID='store_normal' AIRFLOW_CTX_EXECUTION_DATE='2024-11-24T15:10:00+00:00' AIRFLOW_CTX_TRY_NUMBER='1' AIRFLOW_CTX_DAG_RUN_ID='scheduled__2024-11-24T15:10:00+00:00'
[2024-11-24T15:12:49.287+0000] {taskinstance.py:731} INFO - ::endgroup::
[2024-11-24T15:12:49.440+0000] {fraud_detection_dag.py:235} INFO - Tentative de connexion à Neon...
[2024-11-24T15:12:53.695+0000] {fraud_detection_dag.py:241} INFO - Connexion à Neon réussie!
[2024-11-24T15:12:53.967+0000] {fraud_detection_dag.py:248} INFO - Données reçues pour stockage: {"columns":["cc_num","merchant","category","amt","first","last","gender","street","city","state","zip","lat","long","city_pop","job","dob","trans_num","merch_lat","merch_long","is_fraud","current_time"],"index":[167954],"data":[[36722699017270,"fraud_Hyatt-Blick","travel",3.14,"Jessica","Perez","F","8172 Robertson Parkways Suite 072","Superior","AZ",85173,33.2887,-111.0985,2872,"Petroleum engineer","1987-10-28","feef6b972ac14089a89efbe5303f59e3",33.803877,-110.941151,0,1732461132381]]}
[2024-11-24T15:12:53.969+0000] {fraud_detection_dag.py:257} INFO - JSON parsé avec succès
[2024-11-24T15:12:54.020+0000] {fraud_detection_dag.py:261} INFO - DataFrame créé avec 1 lignes
[2024-11-24T15:12:54.060+0000] {fraud_detection_dag.py:266} INFO - Colonne current_time renommée en trans_date_trans_time
[2024-11-24T15:12:54.100+0000] {fraud_detection_dag.py:270} INFO - Conversion du timestamp réussie
[2024-11-24T15:12:54.175+0000] {fraud_detection_dag.py:274} INFO - Indicateur de fraude récupéré: False
[2024-11-24T15:12:54.187+0000] {fraud_detection_dag.py:278} INFO - Colonne is_fraud mise à jour avec la valeur: False
[2024-11-24T15:12:54.202+0000] {fraud_detection_dag.py:282} INFO - Conversion de is_fraud en boolean réussie
[2024-11-24T15:12:54.203+0000] {fraud_detection_dag.py:285} INFO - Colonnes finales avant stockage: ['cc_num', 'merchant', 'category', 'amt', 'first', 'last', 'gender', 'street', 'city', 'state', 'zip', 'lat', 'long', 'city_pop', 'job', 'dob', 'trans_num', 'merch_lat', 'merch_long', 'is_fraud', 'trans_date_trans_time']
[2024-11-24T15:12:54.206+0000] {fraud_detection_dag.py:286} INFO - Types des données: 
cc_num                            int64
merchant                         object
category                         object
amt                             float64
first                            object
last                             object
gender                           object
street                           object
city                             object
state                            object
zip                               int64
lat                             float64
long                            float64
city_pop                          int64
job                              object
dob                              object
trans_num                        object
merch_lat                       float64
merch_long                      float64
is_fraud                           bool
trans_date_trans_time    datetime64[ns]
dtype: object
[2024-11-24T15:12:54.207+0000] {fraud_detection_dag.py:290} INFO - Stockage dans la table: normal_transactions
[2024-11-24T15:12:57.207+0000] {fraud_detection_dag.py:295} INFO - Données stockées avec succès dans la table normal_transactions
[2024-11-24T15:12:57.208+0000] {python.py:240} INFO - Done. Returned value was: None
[2024-11-24T15:12:57.312+0000] {taskinstance.py:340} INFO - ::group::Post task execution logs
[2024-11-24T15:12:57.325+0000] {taskinstance.py:352} INFO - Marking task as SUCCESS. dag_id=fraud_detection, task_id=store_normal, run_id=scheduled__2024-11-24T15:10:00+00:00, execution_date=20241124T151000, start_date=20241124T151246, end_date=20241124T151257
[2024-11-24T15:12:57.449+0000] {local_task_job_runner.py:266} INFO - Task exited with return code 0
[2024-11-24T15:12:57.573+0000] {taskinstance.py:3900} INFO - 1 downstream tasks scheduled from follow-on schedule check
[2024-11-24T15:12:57.586+0000] {local_task_job_runner.py:245} INFO - ::endgroup::
