[2024-11-24T15:16:57.865+0000] {local_task_job_runner.py:123} INFO - ::group::Pre task execution logs
[2024-11-24T15:16:57.965+0000] {taskinstance.py:2612} INFO - Dependencies all met for dep_context=non-requeueable deps ti=<TaskInstance: fraud_detection.process_transaction scheduled__2024-11-24T15:15:00+00:00 [queued]>
[2024-11-24T15:16:57.987+0000] {taskinstance.py:2612} INFO - Dependencies all met for dep_context=requeueable deps ti=<TaskInstance: fraud_detection.process_transaction scheduled__2024-11-24T15:15:00+00:00 [queued]>
[2024-11-24T15:16:57.988+0000] {taskinstance.py:2865} INFO - Starting attempt 1 of 2
[2024-11-24T15:16:58.040+0000] {taskinstance.py:2888} INFO - Executing <Task(BranchPythonOperator): process_transaction> on 2024-11-24 15:15:00+00:00
[2024-11-24T15:16:58.082+0000] {warnings.py:112} WARNING - /home/***/.local/lib/python3.12/site-packages/***/task/task_runner/standard_task_runner.py:70: DeprecationWarning: This process (pid=749) is multi-threaded, use of fork() may lead to deadlocks in the child.
  pid = os.fork()

[2024-11-24T15:16:58.085+0000] {standard_task_runner.py:72} INFO - Started process 756 to run task
[2024-11-24T15:16:58.088+0000] {standard_task_runner.py:104} INFO - Running: ['***', 'tasks', 'run', 'fraud_detection', 'process_transaction', 'scheduled__2024-11-24T15:15:00+00:00', '--job-id', '576', '--raw', '--subdir', 'DAGS_FOLDER/fraud_detection_dag.py', '--cfg-path', '/tmp/tmp786jol8n']
[2024-11-24T15:16:58.093+0000] {standard_task_runner.py:105} INFO - Job 576: Subtask process_transaction
[2024-11-24T15:16:58.389+0000] {task_command.py:467} INFO - Running <TaskInstance: fraud_detection.process_transaction scheduled__2024-11-24T15:15:00+00:00 [running]> on host 345e92ff26bf
[2024-11-24T15:16:58.932+0000] {taskinstance.py:3131} INFO - Exporting env vars: AIRFLOW_CTX_DAG_OWNER='fraud_team' AIRFLOW_CTX_DAG_ID='fraud_detection' AIRFLOW_CTX_TASK_ID='process_transaction' AIRFLOW_CTX_EXECUTION_DATE='2024-11-24T15:15:00+00:00' AIRFLOW_CTX_TRY_NUMBER='1' AIRFLOW_CTX_DAG_RUN_ID='scheduled__2024-11-24T15:15:00+00:00'
[2024-11-24T15:16:58.943+0000] {taskinstance.py:731} INFO - ::endgroup::
[2024-11-24T15:16:59.006+0000] {baseoperator.py:405} WARNING - BranchPythonOperator.execute cannot be called outside TaskInstance!
[2024-11-24T15:16:59.104+0000] {fraud_detection_dag.py:78} INFO - Données récupérées depuis XCom: {"columns":["cc_num","merchant","category","amt","first","last","gender","street","city","state","zip","lat","long","city_pop","job","dob","trans_num","merch_lat","merch_long","is_fraud","current_time"],"index":[270387],"data":[[30234966027947,"fraud_Barton Inc","grocery_pos",43.34,"Matthew","Lambert","M","7188 Melissa Crest Apt. 151","New Holstein","WI",53061,43.9446,-88.0911,5196,"Child psychotherapist","1978-01-22","e64f948599682e0e9433767b9742387a",44.142164,-88.991378,0,1732461409782]]}
[2024-11-24T15:16:59.106+0000] {fraud_detection_dag.py:86} INFO - Données JSON parsées avec succès
[2024-11-24T15:16:59.113+0000] {fraud_detection_dag.py:90} INFO - DataFrame créé avec 1 lignes
[2024-11-24T15:16:59.119+0000] {fraud_detection_dag.py:94} INFO - Colonnes renommées avec succès
[2024-11-24T15:16:59.120+0000] {fraud_detection_dag.py:95} INFO - Colonnes disponibles: ['cc_num', 'merchant', 'category', 'amt', 'first', 'last', 'gender', 'street', 'city', 'state', 'zip', 'lat', 'long', 'city_pop', 'job', 'dob', 'trans_num', 'merch_lat', 'merch_long', 'is_fraud', 'trans_date_trans_time']
[2024-11-24T15:16:59.133+0000] {fraud_detection_dag.py:99} INFO - Conversion de trans_date_trans_time en unix_time réussie
[2024-11-24T15:16:59.216+0000] {fraud_detection_dag.py:108} INFO - Transformation des données...
[2024-11-24T15:17:01.998+0000] {warnings.py:112} WARNING - /home/***/.local/lib/python3.12/site-packages/sklearn/ensemble/_base.py:172: UserWarning: Loky-backed parallel loops cannot be called in a multiprocessing, setting n_jobs=1
  n_jobs = min(effective_n_jobs(n_jobs), n_estimators)

[2024-11-24T15:17:02.045+0000] {warnings.py:112} WARNING - /home/***/.local/lib/python3.12/site-packages/sklearn/ensemble/_base.py:172: UserWarning: Loky-backed parallel loops cannot be called in a multiprocessing, setting n_jobs=1
  n_jobs = min(effective_n_jobs(n_jobs), n_estimators)

[2024-11-24T15:17:02.051+0000] {fraud_detection_dag.py:120} INFO - Prediction de fraude: NORMAL, Probabilité: 40.12%
[2024-11-24T15:17:02.198+0000] {fraud_detection_dag.py:126} INFO - Prédiction: NORMAL (Probabilité: 40.12%)
[2024-11-24T15:17:02.209+0000] {python.py:240} INFO - Done. Returned value was: notify_normal
[2024-11-24T15:17:02.213+0000] {branch.py:38} INFO - Branch into notify_normal
[2024-11-24T15:17:02.214+0000] {skipmixin.py:230} INFO - Following branch ('notify_normal',)
[2024-11-24T15:17:02.296+0000] {skipmixin.py:278} INFO - Skipping tasks [('skip_processing', -1), ('notify_fraud', -1)]
[2024-11-24T15:17:02.456+0000] {taskinstance.py:340} INFO - ::group::Post task execution logs
[2024-11-24T15:17:02.456+0000] {taskinstance.py:352} INFO - Marking task as SUCCESS. dag_id=fraud_detection, task_id=process_transaction, run_id=scheduled__2024-11-24T15:15:00+00:00, execution_date=20241124T151500, start_date=20241124T151657, end_date=20241124T151702
[2024-11-24T15:17:02.629+0000] {local_task_job_runner.py:266} INFO - Task exited with return code 0
[2024-11-24T15:17:02.849+0000] {taskinstance.py:3900} INFO - 1 downstream tasks scheduled from follow-on schedule check
[2024-11-24T15:17:02.878+0000] {local_task_job_runner.py:245} INFO - ::endgroup::
