[2024-11-23T17:16:03.719+0000] {local_task_job_runner.py:123} INFO - ::group::Pre task execution logs
[2024-11-23T17:16:03.785+0000] {taskinstance.py:2612} INFO - Dependencies all met for dep_context=non-requeueable deps ti=<TaskInstance: fraud_detection.load_dependencies scheduled__2024-11-23T17:15:00+00:00 [queued]>
[2024-11-23T17:16:03.803+0000] {taskinstance.py:2612} INFO - Dependencies all met for dep_context=requeueable deps ti=<TaskInstance: fraud_detection.load_dependencies scheduled__2024-11-23T17:15:00+00:00 [queued]>
[2024-11-23T17:16:03.807+0000] {taskinstance.py:2865} INFO - Starting attempt 1 of 2
[2024-11-23T17:16:03.836+0000] {taskinstance.py:2888} INFO - Executing <Task(PythonOperator): load_dependencies> on 2024-11-23 17:15:00+00:00
[2024-11-23T17:16:03.895+0000] {warnings.py:112} WARNING - /home/***/.local/lib/python3.12/site-packages/***/task/task_runner/standard_task_runner.py:70: DeprecationWarning: This process (pid=1826) is multi-threaded, use of fork() may lead to deadlocks in the child.
  pid = os.fork()

[2024-11-23T17:16:03.901+0000] {standard_task_runner.py:72} INFO - Started process 1831 to run task
[2024-11-23T17:16:03.908+0000] {standard_task_runner.py:104} INFO - Running: ['***', 'tasks', 'run', 'fraud_detection', 'load_dependencies', 'scheduled__2024-11-23T17:15:00+00:00', '--job-id', '183', '--raw', '--subdir', 'DAGS_FOLDER/fraud_detection_dag.py', '--cfg-path', '/tmp/tmpxf096mm6']
[2024-11-23T17:16:03.919+0000] {standard_task_runner.py:105} INFO - Job 183: Subtask load_dependencies
[2024-11-23T17:16:04.123+0000] {task_command.py:467} INFO - Running <TaskInstance: fraud_detection.load_dependencies scheduled__2024-11-23T17:15:00+00:00 [running]> on host 345e92ff26bf
[2024-11-23T17:16:04.433+0000] {taskinstance.py:3131} INFO - Exporting env vars: AIRFLOW_CTX_DAG_OWNER='fraud_team' AIRFLOW_CTX_DAG_ID='fraud_detection' AIRFLOW_CTX_TASK_ID='load_dependencies' AIRFLOW_CTX_EXECUTION_DATE='2024-11-23T17:15:00+00:00' AIRFLOW_CTX_TRY_NUMBER='1' AIRFLOW_CTX_DAG_RUN_ID='scheduled__2024-11-23T17:15:00+00:00'
[2024-11-23T17:16:04.436+0000] {taskinstance.py:731} INFO - ::endgroup::
[2024-11-23T17:16:04.457+0000] {fraud_detection_dag.py:27} INFO - Chargement des dépendances depuis S3...
[2024-11-23T17:16:33.912+0000] {fraud_detection_dag.py:43} INFO - Modèle chargé avec succès
[2024-11-23T17:16:34.956+0000] {fraud_detection_dag.py:48} INFO - ETL chargé avec succès
[2024-11-23T17:16:35.056+0000] {python.py:240} INFO - Done. Returned value was: True
[2024-11-23T17:16:35.196+0000] {taskinstance.py:340} INFO - ::group::Post task execution logs
[2024-11-23T17:16:35.199+0000] {taskinstance.py:352} INFO - Marking task as SUCCESS. dag_id=fraud_detection, task_id=load_dependencies, run_id=scheduled__2024-11-23T17:15:00+00:00, execution_date=20241123T171500, start_date=20241123T171603, end_date=20241123T171635
[2024-11-23T17:16:35.326+0000] {local_task_job_runner.py:266} INFO - Task exited with return code 0
[2024-11-23T17:16:35.419+0000] {taskinstance.py:3900} INFO - 1 downstream tasks scheduled from follow-on schedule check
[2024-11-23T17:16:35.429+0000] {local_task_job_runner.py:245} INFO - ::endgroup::
