[2024-11-23T16:59:10.004+0000] {local_task_job_runner.py:123} INFO - ::group::Pre task execution logs
[2024-11-23T16:59:10.342+0000] {taskinstance.py:2612} INFO - Dependencies all met for dep_context=non-requeueable deps ti=<TaskInstance: fraud_detection.notify_normal scheduled__2024-11-23T16:57:00+00:00 [queued]>
[2024-11-23T16:59:10.400+0000] {taskinstance.py:2612} INFO - Dependencies all met for dep_context=requeueable deps ti=<TaskInstance: fraud_detection.notify_normal scheduled__2024-11-23T16:57:00+00:00 [queued]>
[2024-11-23T16:59:10.401+0000] {taskinstance.py:2865} INFO - Starting attempt 1 of 2
[2024-11-23T16:59:10.574+0000] {taskinstance.py:2888} INFO - Executing <Task(PythonOperator): notify_normal> on 2024-11-23 16:57:00+00:00
[2024-11-23T16:59:10.596+0000] {warnings.py:112} WARNING - /home/***/.local/lib/python3.12/site-packages/***/task/task_runner/standard_task_runner.py:70: DeprecationWarning: This process (pid=685) is multi-threaded, use of fork() may lead to deadlocks in the child.
  pid = os.fork()

[2024-11-23T16:59:10.607+0000] {standard_task_runner.py:72} INFO - Started process 702 to run task
[2024-11-23T16:59:10.616+0000] {standard_task_runner.py:104} INFO - Running: ['***', 'tasks', 'run', 'fraud_detection', 'notify_normal', 'scheduled__2024-11-23T16:57:00+00:00', '--job-id', '73', '--raw', '--subdir', 'DAGS_FOLDER/fraud_detection_dag.py', '--cfg-path', '/tmp/tmpo0qe4x7y']
[2024-11-23T16:59:10.621+0000] {standard_task_runner.py:105} INFO - Job 73: Subtask notify_normal
[2024-11-23T16:59:10.773+0000] {task_command.py:467} INFO - Running <TaskInstance: fraud_detection.notify_normal scheduled__2024-11-23T16:57:00+00:00 [running]> on host 345e92ff26bf
[2024-11-23T16:59:11.227+0000] {taskinstance.py:3131} INFO - Exporting env vars: AIRFLOW_CTX_DAG_OWNER='fraud_team' AIRFLOW_CTX_DAG_ID='fraud_detection' AIRFLOW_CTX_TASK_ID='notify_normal' AIRFLOW_CTX_EXECUTION_DATE='2024-11-23T16:57:00+00:00' AIRFLOW_CTX_TRY_NUMBER='1' AIRFLOW_CTX_DAG_RUN_ID='scheduled__2024-11-23T16:57:00+00:00'
[2024-11-23T16:59:11.236+0000] {taskinstance.py:731} INFO - ::endgroup::
[2024-11-23T16:59:11.582+0000] {fraud_detection_dag.py:219} INFO - Données de transaction récupérées: {"columns":["cc_num","merchant","category","amt","first","last","gender","street","city","state","zip","lat","long","city_pop","job","dob","trans_num","merch_lat","merch_long","is_fraud","current_time"],"index":[86551],"data":[[2454076758463217,"fraud_Heidenreich PLC","grocery_pos",97.41,"Robert","Andrade","M","27720 Martin Hills","Remer","MN",56672,47.0874,-93.9196,2097,"Insurance risk surveyor","1987-10-27","946de3528536273964f6f60a3ea8fec9",47.566314,-93.708274,0,1732381130280]]}
[2024-11-23T16:59:11.591+0000] {fraud_detection_dag.py:220} INFO - Probabilité de fraude: 0.40197059899482157
[2024-11-23T16:59:11.592+0000] {fraud_detection_dag.py:221} INFO - Est une fraude: False
[2024-11-23T16:59:11.649+0000] {fraud_detection_dag.py:281} INFO - Tentative d'envoi d'email normale...
[2024-11-23T16:59:11.650+0000] {fraud_detection_dag.py:282} INFO - Contenu de l'email:

        ✅ Transaction NORMALE détectée!
        
        Statut: Vert
        Probabilité de fraude: 40.20%
        
        Détails de la transaction:
        --------------------------
        ID Transaction: 946de3528536273964f6f60a3ea8fec9
        Montant: 97.41€
        Date/Heure: 2024-11-23 16:58:50
        
        Informations sur le marchand:
        ----------------------------
        Nom: fraud_Heidenreich PLC
        Ville: Remer
        État: MN
        
        Informations sur le client:
        --------------------------
        Nom: Robert Andrade
        Ville: Remer
        
        Cette notification a été générée automatiquement par le système de détection de fraude.
        
[2024-11-23T16:59:13.579+0000] {fraud_detection_dag.py:292} INFO - Email envoyé avec succès
[2024-11-23T16:59:13.591+0000] {python.py:240} INFO - Done. Returned value was: store_normal
[2024-11-23T16:59:13.796+0000] {taskinstance.py:340} INFO - ::group::Post task execution logs
[2024-11-23T16:59:13.801+0000] {taskinstance.py:352} INFO - Marking task as SUCCESS. dag_id=fraud_detection, task_id=notify_normal, run_id=scheduled__2024-11-23T16:57:00+00:00, execution_date=20241123T165700, start_date=20241123T165910, end_date=20241123T165913
[2024-11-23T16:59:14.120+0000] {local_task_job_runner.py:266} INFO - Task exited with return code 0
[2024-11-23T16:59:14.280+0000] {taskinstance.py:3900} INFO - 1 downstream tasks scheduled from follow-on schedule check
[2024-11-23T16:59:14.285+0000] {local_task_job_runner.py:245} INFO - ::endgroup::
