[2024-11-23T17:51:30.419+0000] {local_task_job_runner.py:123} INFO - ::group::Pre task execution logs
[2024-11-23T17:51:30.468+0000] {taskinstance.py:2612} INFO - Dependencies all met for dep_context=non-requeueable deps ti=<TaskInstance: fraud_detection.notify_normal manual__2024-11-23T17:50:15.303271+00:00 [queued]>
[2024-11-23T17:51:30.526+0000] {taskinstance.py:2612} INFO - Dependencies all met for dep_context=requeueable deps ti=<TaskInstance: fraud_detection.notify_normal manual__2024-11-23T17:50:15.303271+00:00 [queued]>
[2024-11-23T17:51:30.533+0000] {taskinstance.py:2865} INFO - Starting attempt 1 of 2
[2024-11-23T17:51:30.660+0000] {taskinstance.py:2888} INFO - Executing <Task(PythonOperator): notify_normal> on 2024-11-23 17:50:15.303271+00:00
[2024-11-23T17:51:30.696+0000] {warnings.py:112} WARNING - /home/***/.local/lib/python3.12/site-packages/***/task/task_runner/standard_task_runner.py:70: DeprecationWarning: This process (pid=3322) is multi-threaded, use of fork() may lead to deadlocks in the child.
  pid = os.fork()

[2024-11-23T17:51:30.712+0000] {standard_task_runner.py:72} INFO - Started process 3332 to run task
[2024-11-23T17:51:30.720+0000] {standard_task_runner.py:104} INFO - Running: ['***', 'tasks', 'run', 'fraud_detection', 'notify_normal', 'manual__2024-11-23T17:50:15.303271+00:00', '--job-id', '318', '--raw', '--subdir', 'DAGS_FOLDER/fraud_detection_dag.py', '--cfg-path', '/tmp/tmpwq7yq26x']
[2024-11-23T17:51:30.727+0000] {standard_task_runner.py:105} INFO - Job 318: Subtask notify_normal
[2024-11-23T17:51:30.949+0000] {task_command.py:467} INFO - Running <TaskInstance: fraud_detection.notify_normal manual__2024-11-23T17:50:15.303271+00:00 [running]> on host 345e92ff26bf
[2024-11-23T17:51:31.231+0000] {taskinstance.py:3131} INFO - Exporting env vars: AIRFLOW_CTX_DAG_OWNER='fraud_team' AIRFLOW_CTX_DAG_ID='fraud_detection' AIRFLOW_CTX_TASK_ID='notify_normal' AIRFLOW_CTX_EXECUTION_DATE='2024-11-23T17:50:15.303271+00:00' AIRFLOW_CTX_TRY_NUMBER='1' AIRFLOW_CTX_DAG_RUN_ID='manual__2024-11-23T17:50:15.303271+00:00'
[2024-11-23T17:51:31.234+0000] {taskinstance.py:731} INFO - ::endgroup::
[2024-11-23T17:51:31.456+0000] {fraud_detection_dag.py:144} INFO - Données de transaction récupérées: {"columns":["cc_num","merchant","category","amt","first","last","gender","street","city","state","zip","lat","long","city_pop","job","dob","trans_num","merch_lat","merch_long","is_fraud","current_time"],"index":[381918],"data":[[4423489490781412,"fraud_Gottlieb, Considine and Schultz","shopping_net",2.33,"Christopher","Ortega","M","5045 Emily Wall","Princeton","IA",52768,41.6858,-90.3706,1426,"Agricultural consultant","1957-03-06","2aa15bf957aba1c5db22266492c0e847",42.129908,-90.240595,0,1732384275761]]}
[2024-11-23T17:51:31.463+0000] {fraud_detection_dag.py:145} INFO - Probabilité de fraude: 0.416893706823419
[2024-11-23T17:51:31.464+0000] {fraud_detection_dag.py:146} INFO - Est une fraude: False
[2024-11-23T17:51:31.495+0000] {fraud_detection_dag.py:206} INFO - Tentative d'envoi d'email normale...
[2024-11-23T17:51:31.496+0000] {fraud_detection_dag.py:207} INFO - Contenu de l'email:

        ✅ Transaction NORMALE détectée!
        
        Statut: Vert
        Probabilité de fraude: 41.69%
        
        Détails de la transaction:
        --------------------------
        ID Transaction: 2aa15bf957aba1c5db22266492c0e847
        Montant: 2.33€
        Date/Heure: 2024-11-23 17:51:15
        
        Informations sur le marchand:
        ----------------------------
        Nom: fraud_Gottlieb, Considine and Schultz
        Ville: Princeton
        État: IA
        
        Informations sur le client:
        --------------------------
        Nom: Christopher Ortega
        Ville: Princeton
        
        Cette notification a été générée automatiquement par le système de détection de fraude.
        
[2024-11-23T17:51:33.698+0000] {fraud_detection_dag.py:217} INFO - Email envoyé avec succès
[2024-11-23T17:51:33.704+0000] {python.py:240} INFO - Done. Returned value was: store_normal
[2024-11-23T17:51:33.805+0000] {taskinstance.py:340} INFO - ::group::Post task execution logs
[2024-11-23T17:51:33.809+0000] {taskinstance.py:352} INFO - Marking task as SUCCESS. dag_id=fraud_detection, task_id=notify_normal, run_id=manual__2024-11-23T17:50:15.303271+00:00, execution_date=20241123T175015, start_date=20241123T175130, end_date=20241123T175133
[2024-11-23T17:51:33.867+0000] {local_task_job_runner.py:266} INFO - Task exited with return code 0
[2024-11-23T17:51:33.924+0000] {taskinstance.py:3900} INFO - 1 downstream tasks scheduled from follow-on schedule check
[2024-11-23T17:51:33.933+0000] {local_task_job_runner.py:245} INFO - ::endgroup::
