[2024-11-23T17:23:43.661+0000] {local_task_job_runner.py:123} INFO - ::group::Pre task execution logs
[2024-11-23T17:23:43.688+0000] {taskinstance.py:2612} INFO - Dependencies all met for dep_context=non-requeueable deps ti=<TaskInstance: fraud_detection.process_transaction scheduled__2024-11-23T17:22:00+00:00 [queued]>
[2024-11-23T17:23:43.702+0000] {taskinstance.py:2612} INFO - Dependencies all met for dep_context=requeueable deps ti=<TaskInstance: fraud_detection.process_transaction scheduled__2024-11-23T17:22:00+00:00 [queued]>
[2024-11-23T17:23:43.703+0000] {taskinstance.py:2865} INFO - Starting attempt 1 of 2
[2024-11-23T17:23:43.731+0000] {taskinstance.py:2888} INFO - Executing <Task(BranchPythonOperator): process_transaction> on 2024-11-23 17:22:00+00:00
[2024-11-23T17:23:43.745+0000] {warnings.py:112} WARNING - /home/***/.local/lib/python3.12/site-packages/***/task/task_runner/standard_task_runner.py:70: DeprecationWarning: This process (pid=2298) is multi-threaded, use of fork() may lead to deadlocks in the child.
  pid = os.fork()

[2024-11-23T17:23:43.747+0000] {standard_task_runner.py:72} INFO - Started process 2303 to run task
[2024-11-23T17:23:43.751+0000] {standard_task_runner.py:104} INFO - Running: ['***', 'tasks', 'run', 'fraud_detection', 'process_transaction', 'scheduled__2024-11-23T17:22:00+00:00', '--job-id', '228', '--raw', '--subdir', 'DAGS_FOLDER/fraud_detection_dag.py', '--cfg-path', '/tmp/tmpot1s8ybp']
[2024-11-23T17:23:43.759+0000] {standard_task_runner.py:105} INFO - Job 228: Subtask process_transaction
[2024-11-23T17:23:43.847+0000] {task_command.py:467} INFO - Running <TaskInstance: fraud_detection.process_transaction scheduled__2024-11-23T17:22:00+00:00 [running]> on host 345e92ff26bf
[2024-11-23T17:23:44.030+0000] {taskinstance.py:3131} INFO - Exporting env vars: AIRFLOW_CTX_DAG_OWNER='fraud_team' AIRFLOW_CTX_DAG_ID='fraud_detection' AIRFLOW_CTX_TASK_ID='process_transaction' AIRFLOW_CTX_EXECUTION_DATE='2024-11-23T17:22:00+00:00' AIRFLOW_CTX_TRY_NUMBER='1' AIRFLOW_CTX_DAG_RUN_ID='scheduled__2024-11-23T17:22:00+00:00'
[2024-11-23T17:23:44.033+0000] {taskinstance.py:731} INFO - ::endgroup::
[2024-11-23T17:23:44.054+0000] {baseoperator.py:405} WARNING - BranchPythonOperator.execute cannot be called outside TaskInstance!
[2024-11-23T17:23:44.079+0000] {fraud_detection_dag.py:78} INFO - Données récupérées depuis XCom: {"columns":["cc_num","merchant","category","amt","first","last","gender","street","city","state","zip","lat","long","city_pop","job","dob","trans_num","merch_lat","merch_long","is_fraud","current_time"],"index":[139775],"data":[[180072527505094,"fraud_Little Ltd","kids_pets",65.96,"Cody","Miller","M","25748 John Wells","Mooresville","NC",28117,35.584,-80.8685,69793,"Control and instrumentation engineer","1953-12-08","2ffd181c410aeec79347487ae34ab224",36.190141,-81.250046,0,1732382620480]]}
[2024-11-23T17:23:44.080+0000] {fraud_detection_dag.py:86} INFO - Données JSON parsées avec succès
[2024-11-23T17:23:44.086+0000] {fraud_detection_dag.py:90} INFO - DataFrame créé avec 1 lignes
[2024-11-23T17:23:44.089+0000] {fraud_detection_dag.py:94} INFO - Colonnes renommées avec succès
[2024-11-23T17:23:44.090+0000] {fraud_detection_dag.py:95} INFO - Colonnes disponibles: ['cc_num', 'merchant', 'category', 'amt', 'first', 'last', 'gender', 'street', 'city', 'state', 'zip', 'lat', 'long', 'city_pop', 'job', 'dob', 'trans_num', 'merch_lat', 'merch_long', 'is_fraud', 'trans_date_trans_time']
[2024-11-23T17:23:44.094+0000] {fraud_detection_dag.py:99} INFO - Conversion de trans_date_trans_time en unix_time réussie
[2024-11-23T17:23:44.134+0000] {fraud_detection_dag.py:108} INFO - Transformation des données...
[2024-11-23T17:23:44.984+0000] {warnings.py:112} WARNING - /home/***/.local/lib/python3.12/site-packages/sklearn/ensemble/_base.py:172: UserWarning: Loky-backed parallel loops cannot be called in a multiprocessing, setting n_jobs=1
  n_jobs = min(effective_n_jobs(n_jobs), n_estimators)

[2024-11-23T17:23:45.021+0000] {warnings.py:112} WARNING - /home/***/.local/lib/python3.12/site-packages/sklearn/ensemble/_base.py:172: UserWarning: Loky-backed parallel loops cannot be called in a multiprocessing, setting n_jobs=1
  n_jobs = min(effective_n_jobs(n_jobs), n_estimators)

[2024-11-23T17:23:45.030+0000] {fraud_detection_dag.py:120} INFO - Prediction de fraude: NORMAL, Probabilité: 25.36%
[2024-11-23T17:23:45.089+0000] {fraud_detection_dag.py:126} INFO - Prédiction: NORMAL (Probabilité: 25.36%)
[2024-11-23T17:23:45.091+0000] {python.py:240} INFO - Done. Returned value was: notify_normal
[2024-11-23T17:23:45.093+0000] {branch.py:38} INFO - Branch into notify_normal
[2024-11-23T17:23:45.095+0000] {skipmixin.py:230} INFO - Following branch ('notify_normal',)
[2024-11-23T17:23:45.118+0000] {skipmixin.py:278} INFO - Skipping tasks [('notify_fraud', -1), ('skip_processing', -1)]
[2024-11-23T17:23:45.170+0000] {taskinstance.py:340} INFO - ::group::Post task execution logs
[2024-11-23T17:23:45.172+0000] {taskinstance.py:352} INFO - Marking task as SUCCESS. dag_id=fraud_detection, task_id=process_transaction, run_id=scheduled__2024-11-23T17:22:00+00:00, execution_date=20241123T172200, start_date=20241123T172343, end_date=20241123T172345
[2024-11-23T17:23:45.205+0000] {local_task_job_runner.py:266} INFO - Task exited with return code 0
[2024-11-23T17:23:45.270+0000] {taskinstance.py:3900} INFO - 1 downstream tasks scheduled from follow-on schedule check
[2024-11-23T17:23:45.279+0000] {local_task_job_runner.py:245} INFO - ::endgroup::
