[2024-11-23T17:17:08.213+0000] {local_task_job_runner.py:123} INFO - ::group::Pre task execution logs
[2024-11-23T17:17:08.242+0000] {taskinstance.py:2612} INFO - Dependencies all met for dep_context=non-requeueable deps ti=<TaskInstance: fraud_detection.store_normal scheduled__2024-11-23T17:15:00+00:00 [queued]>
[2024-11-23T17:17:08.259+0000] {taskinstance.py:2612} INFO - Dependencies all met for dep_context=requeueable deps ti=<TaskInstance: fraud_detection.store_normal scheduled__2024-11-23T17:15:00+00:00 [queued]>
[2024-11-23T17:17:08.259+0000] {taskinstance.py:2865} INFO - Starting attempt 1 of 2
[2024-11-23T17:17:08.286+0000] {taskinstance.py:2888} INFO - Executing <Task(PythonOperator): store_normal> on 2024-11-23 17:15:00+00:00
[2024-11-23T17:17:08.301+0000] {warnings.py:112} WARNING - /home/***/.local/lib/python3.12/site-packages/***/task/task_runner/standard_task_runner.py:70: DeprecationWarning: This process (pid=1892) is multi-threaded, use of fork() may lead to deadlocks in the child.
  pid = os.fork()

[2024-11-23T17:17:08.304+0000] {standard_task_runner.py:72} INFO - Started process 1897 to run task
[2024-11-23T17:17:08.305+0000] {standard_task_runner.py:104} INFO - Running: ['***', 'tasks', 'run', 'fraud_detection', 'store_normal', 'scheduled__2024-11-23T17:15:00+00:00', '--job-id', '189', '--raw', '--subdir', 'DAGS_FOLDER/fraud_detection_dag.py', '--cfg-path', '/tmp/tmppro9opub']
[2024-11-23T17:17:08.310+0000] {standard_task_runner.py:105} INFO - Job 189: Subtask store_normal
[2024-11-23T17:17:08.396+0000] {task_command.py:467} INFO - Running <TaskInstance: fraud_detection.store_normal scheduled__2024-11-23T17:15:00+00:00 [running]> on host 345e92ff26bf
[2024-11-23T17:17:08.575+0000] {taskinstance.py:3131} INFO - Exporting env vars: AIRFLOW_CTX_DAG_OWNER='fraud_team' AIRFLOW_CTX_DAG_ID='fraud_detection' AIRFLOW_CTX_TASK_ID='store_normal' AIRFLOW_CTX_EXECUTION_DATE='2024-11-23T17:15:00+00:00' AIRFLOW_CTX_TRY_NUMBER='1' AIRFLOW_CTX_DAG_RUN_ID='scheduled__2024-11-23T17:15:00+00:00'
[2024-11-23T17:17:08.578+0000] {taskinstance.py:731} INFO - ::endgroup::
[2024-11-23T17:17:08.600+0000] {fraud_detection_dag.py:310} INFO - Tentative de connexion à Neon...
[2024-11-23T17:17:16.937+0000] {fraud_detection_dag.py:316} INFO - Connexion à Neon réussie!
[2024-11-23T17:17:17.565+0000] {fraud_detection_dag.py:323} INFO - Données reçues pour stockage: {"columns":["cc_num","merchant","category","amt","first","last","gender","street","city","state","zip","lat","long","city_pop","job","dob","trans_num","merch_lat","merch_long","is_fraud","current_time"],"index":[476434],"data":[[2283743876903625,"fraud_Douglas-White","entertainment",8.66,"Shannon","Williams","F","9345 Spencer Junctions Suite 183","Alpharetta","GA",30009,34.077,-84.3033,165556,"Prison officer","1997-12-27","87accef8454766e6138ce45cffdf34b4",33.149984,-83.914275,0,1732382202493]]}
[2024-11-23T17:17:17.566+0000] {fraud_detection_dag.py:332} INFO - JSON parsé avec succès
[2024-11-23T17:17:17.585+0000] {fraud_detection_dag.py:336} INFO - DataFrame créé avec 1 lignes
[2024-11-23T17:17:17.589+0000] {fraud_detection_dag.py:341} INFO - Colonne current_time renommée en trans_date_trans_time
[2024-11-23T17:17:17.595+0000] {fraud_detection_dag.py:345} INFO - Conversion du timestamp réussie
[2024-11-23T17:17:17.623+0000] {fraud_detection_dag.py:349} INFO - Indicateur de fraude récupéré: False
[2024-11-23T17:17:17.624+0000] {fraud_detection_dag.py:353} INFO - Colonne is_fraud mise à jour avec la valeur: False
[2024-11-23T17:17:17.626+0000] {fraud_detection_dag.py:357} INFO - Conversion de is_fraud en boolean réussie
[2024-11-23T17:17:17.627+0000] {fraud_detection_dag.py:360} INFO - Colonnes finales avant stockage: ['cc_num', 'merchant', 'category', 'amt', 'first', 'last', 'gender', 'street', 'city', 'state', 'zip', 'lat', 'long', 'city_pop', 'job', 'dob', 'trans_num', 'merch_lat', 'merch_long', 'is_fraud', 'trans_date_trans_time']
[2024-11-23T17:17:17.638+0000] {fraud_detection_dag.py:361} INFO - Types des données: 
cc_num                            int64
merchant                         object
category                         object
amt                             float64
first                            object
last                             object
gender                           object
street                           object
city                             object
state                            object
zip                               int64
lat                             float64
long                            float64
city_pop                          int64
job                              object
dob                              object
trans_num                        object
merch_lat                       float64
merch_long                      float64
is_fraud                           bool
trans_date_trans_time    datetime64[ns]
dtype: object
[2024-11-23T17:17:17.639+0000] {fraud_detection_dag.py:365} INFO - Stockage dans la table: normal_transactions
[2024-11-23T17:17:18.987+0000] {fraud_detection_dag.py:370} INFO - Données stockées avec succès dans la table normal_transactions
[2024-11-23T17:17:18.995+0000] {python.py:240} INFO - Done. Returned value was: None
[2024-11-23T17:17:19.027+0000] {taskinstance.py:340} INFO - ::group::Post task execution logs
[2024-11-23T17:17:19.029+0000] {taskinstance.py:352} INFO - Marking task as SUCCESS. dag_id=fraud_detection, task_id=store_normal, run_id=scheduled__2024-11-23T17:15:00+00:00, execution_date=20241123T171500, start_date=20241123T171708, end_date=20241123T171719
[2024-11-23T17:17:19.155+0000] {local_task_job_runner.py:266} INFO - Task exited with return code 0
[2024-11-23T17:17:19.269+0000] {taskinstance.py:3900} INFO - 1 downstream tasks scheduled from follow-on schedule check
[2024-11-23T17:17:19.277+0000] {local_task_job_runner.py:245} INFO - ::endgroup::
