[2024-11-23T17:48:25.520+0000] {local_task_job_runner.py:123} INFO - ::group::Pre task execution logs
[2024-11-23T17:48:25.992+0000] {taskinstance.py:2612} INFO - Dependencies all met for dep_context=non-requeueable deps ti=<TaskInstance: fraud_detection.notify_normal scheduled__2024-11-23T17:46:00+00:00 [queued]>
[2024-11-23T17:48:26.170+0000] {taskinstance.py:2612} INFO - Dependencies all met for dep_context=requeueable deps ti=<TaskInstance: fraud_detection.notify_normal scheduled__2024-11-23T17:46:00+00:00 [queued]>
[2024-11-23T17:48:26.196+0000] {taskinstance.py:2865} INFO - Starting attempt 1 of 2
[2024-11-23T17:48:26.415+0000] {taskinstance.py:2888} INFO - Executing <Task(PythonOperator): notify_normal> on 2024-11-23 17:46:00+00:00
[2024-11-23T17:48:26.804+0000] {warnings.py:112} WARNING - /home/***/.local/lib/python3.12/site-packages/***/task/task_runner/standard_task_runner.py:70: DeprecationWarning: This process (pid=3096) is multi-threaded, use of fork() may lead to deadlocks in the child.
  pid = os.fork()

[2024-11-23T17:48:26.840+0000] {standard_task_runner.py:72} INFO - Started process 3109 to run task
[2024-11-23T17:48:26.842+0000] {standard_task_runner.py:104} INFO - Running: ['***', 'tasks', 'run', 'fraud_detection', 'notify_normal', 'scheduled__2024-11-23T17:46:00+00:00', '--job-id', '293', '--raw', '--subdir', 'DAGS_FOLDER/fraud_detection_dag.py', '--cfg-path', '/tmp/tmpthy2jurm']
[2024-11-23T17:48:26.858+0000] {standard_task_runner.py:105} INFO - Job 293: Subtask notify_normal
[2024-11-23T17:48:27.332+0000] {task_command.py:467} INFO - Running <TaskInstance: fraud_detection.notify_normal scheduled__2024-11-23T17:46:00+00:00 [running]> on host 345e92ff26bf
[2024-11-23T17:48:27.854+0000] {taskinstance.py:3131} INFO - Exporting env vars: AIRFLOW_CTX_DAG_OWNER='fraud_team' AIRFLOW_CTX_DAG_ID='fraud_detection' AIRFLOW_CTX_TASK_ID='notify_normal' AIRFLOW_CTX_EXECUTION_DATE='2024-11-23T17:46:00+00:00' AIRFLOW_CTX_TRY_NUMBER='1' AIRFLOW_CTX_DAG_RUN_ID='scheduled__2024-11-23T17:46:00+00:00'
[2024-11-23T17:48:27.864+0000] {taskinstance.py:731} INFO - ::endgroup::
[2024-11-23T17:48:28.178+0000] {fraud_detection_dag.py:144} INFO - Données de transaction récupérées: {"columns":["cc_num","merchant","category","amt","first","last","gender","street","city","state","zip","lat","long","city_pop","job","dob","trans_num","merch_lat","merch_long","is_fraud","current_time"],"index":[384974],"data":[[3575789281659026,"fraud_Miller-Hauck","grocery_pos",103.44,"Lindsay","Wilson","F","7618 Gonzales Mission","Centerview","MO",64019,38.7897,-93.8702,2368,"Electronics engineer","1989-07-17","e5bd7bb9ef5238f5a8b1f445dbe2de8a",38.757654,-92.882105,0,1732384080025]]}
[2024-11-23T17:48:28.192+0000] {fraud_detection_dag.py:145} INFO - Probabilité de fraude: 0.39108493201903677
[2024-11-23T17:48:28.197+0000] {fraud_detection_dag.py:146} INFO - Est une fraude: False
[2024-11-23T17:48:28.221+0000] {fraud_detection_dag.py:206} INFO - Tentative d'envoi d'email normale...
[2024-11-23T17:48:28.222+0000] {fraud_detection_dag.py:207} INFO - Contenu de l'email:

        ✅ Transaction NORMALE détectée!
        
        Statut: Vert
        Probabilité de fraude: 39.11%
        
        Détails de la transaction:
        --------------------------
        ID Transaction: e5bd7bb9ef5238f5a8b1f445dbe2de8a
        Montant: 103.44€
        Date/Heure: 2024-11-23 17:48:00
        
        Informations sur le marchand:
        ----------------------------
        Nom: fraud_Miller-Hauck
        Ville: Centerview
        État: MO
        
        Informations sur le client:
        --------------------------
        Nom: Lindsay Wilson
        Ville: Centerview
        
        Cette notification a été générée automatiquement par le système de détection de fraude.
        
[2024-11-23T17:48:32.603+0000] {fraud_detection_dag.py:217} INFO - Email envoyé avec succès
[2024-11-23T17:48:32.605+0000] {python.py:240} INFO - Done. Returned value was: store_normal
[2024-11-23T17:48:32.691+0000] {taskinstance.py:340} INFO - ::group::Post task execution logs
[2024-11-23T17:48:32.692+0000] {taskinstance.py:352} INFO - Marking task as SUCCESS. dag_id=fraud_detection, task_id=notify_normal, run_id=scheduled__2024-11-23T17:46:00+00:00, execution_date=20241123T174600, start_date=20241123T174826, end_date=20241123T174832
[2024-11-23T17:48:32.793+0000] {local_task_job_runner.py:266} INFO - Task exited with return code 0
[2024-11-23T17:48:32.879+0000] {taskinstance.py:3900} INFO - 1 downstream tasks scheduled from follow-on schedule check
[2024-11-23T17:48:32.883+0000] {local_task_job_runner.py:245} INFO - ::endgroup::
