[2024-11-22T18:43:49.404+0000] {local_task_job_runner.py:123} INFO - ::group::Pre task execution logs
[2024-11-22T18:43:49.629+0000] {taskinstance.py:2612} INFO - Dependencies all met for dep_context=non-requeueable deps ti=<TaskInstance: fraud_detection.notify_normal scheduled__2024-11-22T18:41:00+00:00 [queued]>
[2024-11-22T18:43:49.755+0000] {taskinstance.py:2612} INFO - Dependencies all met for dep_context=requeueable deps ti=<TaskInstance: fraud_detection.notify_normal scheduled__2024-11-22T18:41:00+00:00 [queued]>
[2024-11-22T18:43:49.760+0000] {taskinstance.py:2865} INFO - Starting attempt 1 of 2
[2024-11-22T18:43:49.903+0000] {taskinstance.py:2888} INFO - Executing <Task(PythonOperator): notify_normal> on 2024-11-22 18:41:00+00:00
[2024-11-22T18:43:49.980+0000] {warnings.py:112} WARNING - /home/***/.local/lib/python3.12/site-packages/***/task/task_runner/standard_task_runner.py:70: DeprecationWarning: This process (pid=264) is multi-threaded, use of fork() may lead to deadlocks in the child.
  pid = os.fork()

[2024-11-22T18:43:49.997+0000] {standard_task_runner.py:72} INFO - Started process 272 to run task
[2024-11-22T18:43:50.013+0000] {standard_task_runner.py:104} INFO - Running: ['***', 'tasks', 'run', 'fraud_detection', 'notify_normal', 'scheduled__2024-11-22T18:41:00+00:00', '--job-id', '374', '--raw', '--subdir', 'DAGS_FOLDER/fraud_detection_dag.py', '--cfg-path', '/tmp/tmpuoouc2h_']
[2024-11-22T18:43:50.020+0000] {standard_task_runner.py:105} INFO - Job 374: Subtask notify_normal
[2024-11-22T18:43:50.321+0000] {task_command.py:467} INFO - Running <TaskInstance: fraud_detection.notify_normal scheduled__2024-11-22T18:41:00+00:00 [running]> on host c6af8dbaf1e5
[2024-11-22T18:43:50.609+0000] {taskinstance.py:3131} INFO - Exporting env vars: AIRFLOW_CTX_DAG_OWNER='fraud_team' AIRFLOW_CTX_DAG_ID='fraud_detection' AIRFLOW_CTX_TASK_ID='notify_normal' AIRFLOW_CTX_EXECUTION_DATE='2024-11-22T18:41:00+00:00' AIRFLOW_CTX_TRY_NUMBER='1' AIRFLOW_CTX_DAG_RUN_ID='scheduled__2024-11-22T18:41:00+00:00'
[2024-11-22T18:43:50.610+0000] {taskinstance.py:731} INFO - ::endgroup::
[2024-11-22T18:43:50.728+0000] {fraud_detection_dag.py:218} INFO - Données de transaction récupérées: {"columns":["cc_num","merchant","category","amt","first","last","gender","street","city","state","zip","lat","long","city_pop","job","dob","trans_num","merch_lat","merch_long","is_fraud","current_time"],"index":[265330],"data":[[3575789281659026,"fraud_Corwin-Gorczany","misc_net",9.64,"Lindsay","Wilson","F","7618 Gonzales Mission","Centerview","MO",64019,38.7897,-93.8702,2368,"Electronics engineer","1989-07-17","ca287e160c2520737fb24e5c238923d1",38.223152,-93.653738,0,1732301009430]]}
[2024-11-22T18:43:50.729+0000] {fraud_detection_dag.py:219} INFO - Probabilité de fraude: 0.3782771969967558
[2024-11-22T18:43:50.729+0000] {fraud_detection_dag.py:220} INFO - Est une fraude: False
[2024-11-22T18:43:50.741+0000] {fraud_detection_dag.py:280} INFO - Tentative d'envoi d'email normale...
[2024-11-22T18:43:50.742+0000] {fraud_detection_dag.py:281} INFO - Contenu de l'email:

        ✅ Transaction NORMALE détectée!
        
        Statut: Vert
        Probabilité de fraude: 37.83%
        
        Détails de la transaction:
        --------------------------
        ID Transaction: ca287e160c2520737fb24e5c238923d1
        Montant: 9.64€
        Date/Heure: 2024-11-22 18:43:29
        
        Informations sur le marchand:
        ----------------------------
        Nom: fraud_Corwin-Gorczany
        Ville: Centerview
        État: MO
        
        Informations sur le client:
        --------------------------
        Nom: Lindsay Wilson
        Ville: Centerview
        
        Cette notification a été générée automatiquement par le système de détection de fraude.
        
[2024-11-22T18:43:58.346+0000] {fraud_detection_dag.py:291} INFO - Email envoyé avec succès
[2024-11-22T18:43:58.347+0000] {python.py:240} INFO - Done. Returned value was: store_normal
[2024-11-22T18:43:58.694+0000] {taskinstance.py:340} INFO - ::group::Post task execution logs
[2024-11-22T18:43:58.696+0000] {taskinstance.py:352} INFO - Marking task as SUCCESS. dag_id=fraud_detection, task_id=notify_normal, run_id=scheduled__2024-11-22T18:41:00+00:00, execution_date=20241122T184100, start_date=20241122T184349, end_date=20241122T184358
[2024-11-22T18:43:58.903+0000] {local_task_job_runner.py:266} INFO - Task exited with return code 0
[2024-11-22T18:43:59.127+0000] {taskinstance.py:3900} INFO - 1 downstream tasks scheduled from follow-on schedule check
[2024-11-22T18:43:59.137+0000] {local_task_job_runner.py:245} INFO - ::endgroup::
