[2024-11-24T15:00:35.816+0000] {processor.py:186} INFO - Started process (PID=64) to work on /opt/airflow/dags/backup_dag.py
[2024-11-24T15:00:35.821+0000] {processor.py:914} INFO - Processing file /opt/airflow/dags/backup_dag.py for tasks to queue
[2024-11-24T15:00:35.833+0000] {logging_mixin.py:190} INFO - [2024-11-24T15:00:35.832+0000] {dagbag.py:588} INFO - Filling up the DagBag from /opt/airflow/dags/backup_dag.py
[2024-11-24T15:00:38.053+0000] {processor.py:925} INFO - DAG(s) 'neon_backup_v2' retrieved from /opt/airflow/dags/backup_dag.py
[2024-11-24T15:00:38.226+0000] {logging_mixin.py:190} INFO - [2024-11-24T15:00:38.225+0000] {dag.py:3239} INFO - Sync 1 DAGs
[2024-11-24T15:00:38.275+0000] {logging_mixin.py:190} INFO - [2024-11-24T15:00:38.274+0000] {dag.py:4180} INFO - Setting next_dagrun for neon_backup_v2 to 2024-10-01 00:00:00+00:00, run_after=2024-11-01 00:00:00+00:00
[2024-11-24T15:00:38.922+0000] {processor.py:208} INFO - Processing /opt/airflow/dags/backup_dag.py took 3.139 seconds
[2024-11-24T15:01:09.464+0000] {processor.py:186} INFO - Started process (PID=77) to work on /opt/airflow/dags/backup_dag.py
[2024-11-24T15:01:09.482+0000] {processor.py:914} INFO - Processing file /opt/airflow/dags/backup_dag.py for tasks to queue
[2024-11-24T15:01:09.572+0000] {logging_mixin.py:190} INFO - [2024-11-24T15:01:09.548+0000] {dagbag.py:588} INFO - Filling up the DagBag from /opt/airflow/dags/backup_dag.py
[2024-11-24T15:01:11.674+0000] {processor.py:925} INFO - DAG(s) 'neon_backup_v2' retrieved from /opt/airflow/dags/backup_dag.py
[2024-11-24T15:01:11.984+0000] {logging_mixin.py:190} INFO - [2024-11-24T15:01:11.983+0000] {dag.py:3239} INFO - Sync 1 DAGs
[2024-11-24T15:01:12.091+0000] {logging_mixin.py:190} INFO - [2024-11-24T15:01:12.091+0000] {dag.py:4180} INFO - Setting next_dagrun for neon_backup_v2 to 2024-10-01 00:00:00+00:00, run_after=2024-11-01 00:00:00+00:00
[2024-11-24T15:01:12.190+0000] {processor.py:208} INFO - Processing /opt/airflow/dags/backup_dag.py took 2.788 seconds
[2024-11-24T15:01:43.000+0000] {processor.py:186} INFO - Started process (PID=92) to work on /opt/airflow/dags/backup_dag.py
[2024-11-24T15:01:43.070+0000] {processor.py:914} INFO - Processing file /opt/airflow/dags/backup_dag.py for tasks to queue
[2024-11-24T15:01:43.125+0000] {logging_mixin.py:190} INFO - [2024-11-24T15:01:43.123+0000] {dagbag.py:588} INFO - Filling up the DagBag from /opt/airflow/dags/backup_dag.py
[2024-11-24T15:01:44.732+0000] {processor.py:925} INFO - DAG(s) 'neon_backup_v2' retrieved from /opt/airflow/dags/backup_dag.py
[2024-11-24T15:01:44.913+0000] {logging_mixin.py:190} INFO - [2024-11-24T15:01:44.912+0000] {dag.py:3239} INFO - Sync 1 DAGs
[2024-11-24T15:01:45.056+0000] {logging_mixin.py:190} INFO - [2024-11-24T15:01:45.054+0000] {dag.py:4180} INFO - Setting next_dagrun for neon_backup_v2 to 2024-10-01 00:00:00+00:00, run_after=2024-11-01 00:00:00+00:00
[2024-11-24T15:01:45.381+0000] {processor.py:208} INFO - Processing /opt/airflow/dags/backup_dag.py took 2.410 seconds
[2024-11-24T15:02:16.342+0000] {processor.py:186} INFO - Started process (PID=106) to work on /opt/airflow/dags/backup_dag.py
[2024-11-24T15:02:16.352+0000] {processor.py:914} INFO - Processing file /opt/airflow/dags/backup_dag.py for tasks to queue
[2024-11-24T15:02:16.391+0000] {logging_mixin.py:190} INFO - [2024-11-24T15:02:16.390+0000] {dagbag.py:588} INFO - Filling up the DagBag from /opt/airflow/dags/backup_dag.py
[2024-11-24T15:02:18.846+0000] {processor.py:925} INFO - DAG(s) 'neon_backup_v2' retrieved from /opt/airflow/dags/backup_dag.py
[2024-11-24T15:02:18.936+0000] {logging_mixin.py:190} INFO - [2024-11-24T15:02:18.935+0000] {dag.py:3239} INFO - Sync 1 DAGs
[2024-11-24T15:02:18.962+0000] {logging_mixin.py:190} INFO - [2024-11-24T15:02:18.962+0000] {dag.py:4180} INFO - Setting next_dagrun for neon_backup_v2 to 2024-10-01 00:00:00+00:00, run_after=2024-11-01 00:00:00+00:00
[2024-11-24T15:02:18.982+0000] {processor.py:208} INFO - Processing /opt/airflow/dags/backup_dag.py took 2.669 seconds
[2024-11-24T15:02:49.429+0000] {processor.py:186} INFO - Started process (PID=121) to work on /opt/airflow/dags/backup_dag.py
[2024-11-24T15:02:49.437+0000] {processor.py:914} INFO - Processing file /opt/airflow/dags/backup_dag.py for tasks to queue
[2024-11-24T15:02:49.451+0000] {logging_mixin.py:190} INFO - [2024-11-24T15:02:49.448+0000] {dagbag.py:588} INFO - Filling up the DagBag from /opt/airflow/dags/backup_dag.py
[2024-11-24T15:02:50.949+0000] {processor.py:925} INFO - DAG(s) 'neon_backup_v2' retrieved from /opt/airflow/dags/backup_dag.py
[2024-11-24T15:02:51.152+0000] {logging_mixin.py:190} INFO - [2024-11-24T15:02:51.151+0000] {dag.py:3239} INFO - Sync 1 DAGs
[2024-11-24T15:02:51.232+0000] {logging_mixin.py:190} INFO - [2024-11-24T15:02:51.232+0000] {dag.py:4180} INFO - Setting next_dagrun for neon_backup_v2 to 2024-10-01 00:00:00+00:00, run_after=2024-11-01 00:00:00+00:00
[2024-11-24T15:02:51.301+0000] {processor.py:208} INFO - Processing /opt/airflow/dags/backup_dag.py took 1.935 seconds
[2024-11-24T15:03:21.942+0000] {processor.py:186} INFO - Started process (PID=136) to work on /opt/airflow/dags/backup_dag.py
[2024-11-24T15:03:21.945+0000] {processor.py:914} INFO - Processing file /opt/airflow/dags/backup_dag.py for tasks to queue
[2024-11-24T15:03:21.955+0000] {logging_mixin.py:190} INFO - [2024-11-24T15:03:21.955+0000] {dagbag.py:588} INFO - Filling up the DagBag from /opt/airflow/dags/backup_dag.py
[2024-11-24T15:03:22.920+0000] {processor.py:925} INFO - DAG(s) 'neon_backup_v2' retrieved from /opt/airflow/dags/backup_dag.py
[2024-11-24T15:03:22.979+0000] {logging_mixin.py:190} INFO - [2024-11-24T15:03:22.978+0000] {dag.py:3239} INFO - Sync 1 DAGs
[2024-11-24T15:03:23.045+0000] {logging_mixin.py:190} INFO - [2024-11-24T15:03:23.044+0000] {dag.py:4180} INFO - Setting next_dagrun for neon_backup_v2 to 2024-10-01 00:00:00+00:00, run_after=2024-11-01 00:00:00+00:00
[2024-11-24T15:03:23.075+0000] {processor.py:208} INFO - Processing /opt/airflow/dags/backup_dag.py took 1.142 seconds
[2024-11-24T15:03:53.202+0000] {processor.py:186} INFO - Started process (PID=151) to work on /opt/airflow/dags/backup_dag.py
[2024-11-24T15:03:53.210+0000] {processor.py:914} INFO - Processing file /opt/airflow/dags/backup_dag.py for tasks to queue
[2024-11-24T15:03:53.214+0000] {logging_mixin.py:190} INFO - [2024-11-24T15:03:53.214+0000] {dagbag.py:588} INFO - Filling up the DagBag from /opt/airflow/dags/backup_dag.py
[2024-11-24T15:03:53.894+0000] {processor.py:925} INFO - DAG(s) 'neon_backup_v2' retrieved from /opt/airflow/dags/backup_dag.py
[2024-11-24T15:03:53.941+0000] {logging_mixin.py:190} INFO - [2024-11-24T15:03:53.940+0000] {dag.py:3239} INFO - Sync 1 DAGs
[2024-11-24T15:03:53.982+0000] {logging_mixin.py:190} INFO - [2024-11-24T15:03:53.981+0000] {dag.py:4180} INFO - Setting next_dagrun for neon_backup_v2 to 2024-10-01 00:00:00+00:00, run_after=2024-11-01 00:00:00+00:00
[2024-11-24T15:03:54.026+0000] {processor.py:208} INFO - Processing /opt/airflow/dags/backup_dag.py took 0.845 seconds
[2024-11-24T15:04:24.182+0000] {processor.py:186} INFO - Started process (PID=166) to work on /opt/airflow/dags/backup_dag.py
[2024-11-24T15:04:24.184+0000] {processor.py:914} INFO - Processing file /opt/airflow/dags/backup_dag.py for tasks to queue
[2024-11-24T15:04:24.189+0000] {logging_mixin.py:190} INFO - [2024-11-24T15:04:24.188+0000] {dagbag.py:588} INFO - Filling up the DagBag from /opt/airflow/dags/backup_dag.py
[2024-11-24T15:04:24.753+0000] {processor.py:925} INFO - DAG(s) 'neon_backup_v2' retrieved from /opt/airflow/dags/backup_dag.py
[2024-11-24T15:04:24.919+0000] {logging_mixin.py:190} INFO - [2024-11-24T15:04:24.901+0000] {dag.py:3239} INFO - Sync 1 DAGs
[2024-11-24T15:04:25.163+0000] {logging_mixin.py:190} INFO - [2024-11-24T15:04:25.162+0000] {dag.py:4180} INFO - Setting next_dagrun for neon_backup_v2 to 2024-10-01 00:00:00+00:00, run_after=2024-11-01 00:00:00+00:00
[2024-11-24T15:04:25.209+0000] {processor.py:208} INFO - Processing /opt/airflow/dags/backup_dag.py took 1.038 seconds
[2024-11-24T15:04:55.779+0000] {processor.py:186} INFO - Started process (PID=181) to work on /opt/airflow/dags/backup_dag.py
[2024-11-24T15:04:55.786+0000] {processor.py:914} INFO - Processing file /opt/airflow/dags/backup_dag.py for tasks to queue
[2024-11-24T15:04:55.831+0000] {logging_mixin.py:190} INFO - [2024-11-24T15:04:55.829+0000] {dagbag.py:588} INFO - Filling up the DagBag from /opt/airflow/dags/backup_dag.py
[2024-11-24T15:04:58.211+0000] {processor.py:925} INFO - DAG(s) 'neon_backup_v2' retrieved from /opt/airflow/dags/backup_dag.py
[2024-11-24T15:04:58.827+0000] {logging_mixin.py:190} INFO - [2024-11-24T15:04:58.826+0000] {dag.py:3239} INFO - Sync 1 DAGs
[2024-11-24T15:04:59.116+0000] {logging_mixin.py:190} INFO - [2024-11-24T15:04:59.116+0000] {dag.py:4180} INFO - Setting next_dagrun for neon_backup_v2 to 2024-10-01 00:00:00+00:00, run_after=2024-11-01 00:00:00+00:00
[2024-11-24T15:04:59.264+0000] {processor.py:208} INFO - Processing /opt/airflow/dags/backup_dag.py took 3.696 seconds
[2024-11-24T15:05:29.492+0000] {processor.py:186} INFO - Started process (PID=203) to work on /opt/airflow/dags/backup_dag.py
[2024-11-24T15:05:29.496+0000] {processor.py:914} INFO - Processing file /opt/airflow/dags/backup_dag.py for tasks to queue
[2024-11-24T15:05:29.503+0000] {logging_mixin.py:190} INFO - [2024-11-24T15:05:29.503+0000] {dagbag.py:588} INFO - Filling up the DagBag from /opt/airflow/dags/backup_dag.py
[2024-11-24T15:05:30.267+0000] {processor.py:925} INFO - DAG(s) 'neon_backup_v2' retrieved from /opt/airflow/dags/backup_dag.py
[2024-11-24T15:05:30.379+0000] {logging_mixin.py:190} INFO - [2024-11-24T15:05:30.378+0000] {dag.py:3239} INFO - Sync 1 DAGs
[2024-11-24T15:05:30.471+0000] {logging_mixin.py:190} INFO - [2024-11-24T15:05:30.471+0000] {dag.py:4180} INFO - Setting next_dagrun for neon_backup_v2 to 2024-10-01 00:00:00+00:00, run_after=2024-11-01 00:00:00+00:00
[2024-11-24T15:05:30.543+0000] {processor.py:208} INFO - Processing /opt/airflow/dags/backup_dag.py took 1.072 seconds
[2024-11-24T15:06:00.701+0000] {processor.py:186} INFO - Started process (PID=218) to work on /opt/airflow/dags/backup_dag.py
[2024-11-24T15:06:00.724+0000] {processor.py:914} INFO - Processing file /opt/airflow/dags/backup_dag.py for tasks to queue
[2024-11-24T15:06:00.746+0000] {logging_mixin.py:190} INFO - [2024-11-24T15:06:00.743+0000] {dagbag.py:588} INFO - Filling up the DagBag from /opt/airflow/dags/backup_dag.py
[2024-11-24T15:06:02.037+0000] {processor.py:925} INFO - DAG(s) 'neon_backup_v2' retrieved from /opt/airflow/dags/backup_dag.py
[2024-11-24T15:06:02.125+0000] {logging_mixin.py:190} INFO - [2024-11-24T15:06:02.125+0000] {dag.py:3239} INFO - Sync 1 DAGs
[2024-11-24T15:06:02.233+0000] {logging_mixin.py:190} INFO - [2024-11-24T15:06:02.233+0000] {dag.py:4180} INFO - Setting next_dagrun for neon_backup_v2 to 2024-10-01 00:00:00+00:00, run_after=2024-11-01 00:00:00+00:00
[2024-11-24T15:06:02.277+0000] {processor.py:208} INFO - Processing /opt/airflow/dags/backup_dag.py took 1.634 seconds
[2024-11-24T15:06:32.543+0000] {processor.py:186} INFO - Started process (PID=233) to work on /opt/airflow/dags/backup_dag.py
[2024-11-24T15:06:32.549+0000] {processor.py:914} INFO - Processing file /opt/airflow/dags/backup_dag.py for tasks to queue
[2024-11-24T15:06:32.559+0000] {logging_mixin.py:190} INFO - [2024-11-24T15:06:32.559+0000] {dagbag.py:588} INFO - Filling up the DagBag from /opt/airflow/dags/backup_dag.py
[2024-11-24T15:06:33.416+0000] {processor.py:925} INFO - DAG(s) 'neon_backup_v2' retrieved from /opt/airflow/dags/backup_dag.py
[2024-11-24T15:06:33.480+0000] {logging_mixin.py:190} INFO - [2024-11-24T15:06:33.480+0000] {dag.py:3239} INFO - Sync 1 DAGs
[2024-11-24T15:06:33.542+0000] {logging_mixin.py:190} INFO - [2024-11-24T15:06:33.542+0000] {dag.py:4180} INFO - Setting next_dagrun for neon_backup_v2 to 2024-10-01 00:00:00+00:00, run_after=2024-11-01 00:00:00+00:00
[2024-11-24T15:06:33.590+0000] {processor.py:208} INFO - Processing /opt/airflow/dags/backup_dag.py took 1.068 seconds
[2024-11-24T15:07:03.924+0000] {processor.py:186} INFO - Started process (PID=248) to work on /opt/airflow/dags/backup_dag.py
[2024-11-24T15:07:03.927+0000] {processor.py:914} INFO - Processing file /opt/airflow/dags/backup_dag.py for tasks to queue
[2024-11-24T15:07:03.933+0000] {logging_mixin.py:190} INFO - [2024-11-24T15:07:03.933+0000] {dagbag.py:588} INFO - Filling up the DagBag from /opt/airflow/dags/backup_dag.py
[2024-11-24T15:07:04.634+0000] {processor.py:925} INFO - DAG(s) 'neon_backup_v2' retrieved from /opt/airflow/dags/backup_dag.py
[2024-11-24T15:07:04.737+0000] {logging_mixin.py:190} INFO - [2024-11-24T15:07:04.736+0000] {dag.py:3239} INFO - Sync 1 DAGs
[2024-11-24T15:07:04.800+0000] {logging_mixin.py:190} INFO - [2024-11-24T15:07:04.799+0000] {dag.py:4180} INFO - Setting next_dagrun for neon_backup_v2 to 2024-10-01 00:00:00+00:00, run_after=2024-11-01 00:00:00+00:00
[2024-11-24T15:07:04.852+0000] {processor.py:208} INFO - Processing /opt/airflow/dags/backup_dag.py took 0.965 seconds
[2024-11-24T15:07:35.626+0000] {processor.py:186} INFO - Started process (PID=263) to work on /opt/airflow/dags/backup_dag.py
[2024-11-24T15:07:35.644+0000] {processor.py:914} INFO - Processing file /opt/airflow/dags/backup_dag.py for tasks to queue
[2024-11-24T15:07:35.665+0000] {logging_mixin.py:190} INFO - [2024-11-24T15:07:35.664+0000] {dagbag.py:588} INFO - Filling up the DagBag from /opt/airflow/dags/backup_dag.py
[2024-11-24T15:07:37.105+0000] {processor.py:925} INFO - DAG(s) 'neon_backup_v2' retrieved from /opt/airflow/dags/backup_dag.py
[2024-11-24T15:07:37.438+0000] {logging_mixin.py:190} INFO - [2024-11-24T15:07:37.437+0000] {dag.py:3239} INFO - Sync 1 DAGs
[2024-11-24T15:07:37.630+0000] {logging_mixin.py:190} INFO - [2024-11-24T15:07:37.629+0000] {dag.py:4180} INFO - Setting next_dagrun for neon_backup_v2 to 2024-10-01 00:00:00+00:00, run_after=2024-11-01 00:00:00+00:00
[2024-11-24T15:07:37.729+0000] {processor.py:208} INFO - Processing /opt/airflow/dags/backup_dag.py took 2.117 seconds
[2024-11-24T15:08:08.495+0000] {processor.py:186} INFO - Started process (PID=279) to work on /opt/airflow/dags/backup_dag.py
[2024-11-24T15:08:08.513+0000] {processor.py:914} INFO - Processing file /opt/airflow/dags/backup_dag.py for tasks to queue
[2024-11-24T15:08:08.528+0000] {logging_mixin.py:190} INFO - [2024-11-24T15:08:08.527+0000] {dagbag.py:588} INFO - Filling up the DagBag from /opt/airflow/dags/backup_dag.py
[2024-11-24T15:08:09.731+0000] {processor.py:925} INFO - DAG(s) 'neon_backup_v2' retrieved from /opt/airflow/dags/backup_dag.py
[2024-11-24T15:08:09.775+0000] {logging_mixin.py:190} INFO - [2024-11-24T15:08:09.774+0000] {dag.py:3239} INFO - Sync 1 DAGs
[2024-11-24T15:08:09.825+0000] {logging_mixin.py:190} INFO - [2024-11-24T15:08:09.825+0000] {dag.py:4180} INFO - Setting next_dagrun for neon_backup_v2 to 2024-10-01 00:00:00+00:00, run_after=2024-11-01 00:00:00+00:00
[2024-11-24T15:08:09.897+0000] {processor.py:208} INFO - Processing /opt/airflow/dags/backup_dag.py took 1.466 seconds
[2024-11-24T15:08:40.080+0000] {processor.py:186} INFO - Started process (PID=290) to work on /opt/airflow/dags/backup_dag.py
[2024-11-24T15:08:40.095+0000] {processor.py:914} INFO - Processing file /opt/airflow/dags/backup_dag.py for tasks to queue
[2024-11-24T15:08:40.101+0000] {logging_mixin.py:190} INFO - [2024-11-24T15:08:40.100+0000] {dagbag.py:588} INFO - Filling up the DagBag from /opt/airflow/dags/backup_dag.py
[2024-11-24T15:08:41.603+0000] {processor.py:925} INFO - DAG(s) 'neon_backup_v2' retrieved from /opt/airflow/dags/backup_dag.py
[2024-11-24T15:08:41.937+0000] {logging_mixin.py:190} INFO - [2024-11-24T15:08:41.936+0000] {dag.py:3239} INFO - Sync 1 DAGs
[2024-11-24T15:08:42.089+0000] {logging_mixin.py:190} INFO - [2024-11-24T15:08:42.089+0000] {dag.py:4180} INFO - Setting next_dagrun for neon_backup_v2 to 2024-10-01 00:00:00+00:00, run_after=2024-11-01 00:00:00+00:00
[2024-11-24T15:08:42.186+0000] {processor.py:208} INFO - Processing /opt/airflow/dags/backup_dag.py took 2.121 seconds
[2024-11-24T15:09:12.953+0000] {processor.py:186} INFO - Started process (PID=304) to work on /opt/airflow/dags/backup_dag.py
[2024-11-24T15:09:12.963+0000] {processor.py:914} INFO - Processing file /opt/airflow/dags/backup_dag.py for tasks to queue
[2024-11-24T15:09:12.972+0000] {logging_mixin.py:190} INFO - [2024-11-24T15:09:12.971+0000] {dagbag.py:588} INFO - Filling up the DagBag from /opt/airflow/dags/backup_dag.py
[2024-11-24T15:09:13.668+0000] {processor.py:925} INFO - DAG(s) 'neon_backup_v2' retrieved from /opt/airflow/dags/backup_dag.py
[2024-11-24T15:09:13.830+0000] {logging_mixin.py:190} INFO - [2024-11-24T15:09:13.829+0000] {dag.py:3239} INFO - Sync 1 DAGs
[2024-11-24T15:09:13.933+0000] {logging_mixin.py:190} INFO - [2024-11-24T15:09:13.932+0000] {dag.py:4180} INFO - Setting next_dagrun for neon_backup_v2 to 2024-10-01 00:00:00+00:00, run_after=2024-11-01 00:00:00+00:00
[2024-11-24T15:09:14.106+0000] {processor.py:208} INFO - Processing /opt/airflow/dags/backup_dag.py took 1.164 seconds
[2024-11-24T15:09:44.542+0000] {processor.py:186} INFO - Started process (PID=318) to work on /opt/airflow/dags/backup_dag.py
[2024-11-24T15:09:44.547+0000] {processor.py:914} INFO - Processing file /opt/airflow/dags/backup_dag.py for tasks to queue
[2024-11-24T15:09:44.565+0000] {logging_mixin.py:190} INFO - [2024-11-24T15:09:44.563+0000] {dagbag.py:588} INFO - Filling up the DagBag from /opt/airflow/dags/backup_dag.py
[2024-11-24T15:09:45.380+0000] {processor.py:925} INFO - DAG(s) 'neon_backup_v2' retrieved from /opt/airflow/dags/backup_dag.py
[2024-11-24T15:09:45.429+0000] {logging_mixin.py:190} INFO - [2024-11-24T15:09:45.427+0000] {dag.py:3239} INFO - Sync 1 DAGs
[2024-11-24T15:09:45.479+0000] {logging_mixin.py:190} INFO - [2024-11-24T15:09:45.479+0000] {dag.py:4180} INFO - Setting next_dagrun for neon_backup_v2 to 2024-10-01 00:00:00+00:00, run_after=2024-11-01 00:00:00+00:00
[2024-11-24T15:09:45.544+0000] {processor.py:208} INFO - Processing /opt/airflow/dags/backup_dag.py took 1.014 seconds
[2024-11-24T15:10:15.641+0000] {processor.py:186} INFO - Started process (PID=338) to work on /opt/airflow/dags/backup_dag.py
[2024-11-24T15:10:15.651+0000] {processor.py:914} INFO - Processing file /opt/airflow/dags/backup_dag.py for tasks to queue
[2024-11-24T15:10:15.662+0000] {logging_mixin.py:190} INFO - [2024-11-24T15:10:15.659+0000] {dagbag.py:588} INFO - Filling up the DagBag from /opt/airflow/dags/backup_dag.py
[2024-11-24T15:10:16.621+0000] {processor.py:925} INFO - DAG(s) 'neon_backup_v2' retrieved from /opt/airflow/dags/backup_dag.py
[2024-11-24T15:10:16.669+0000] {logging_mixin.py:190} INFO - [2024-11-24T15:10:16.668+0000] {dag.py:3239} INFO - Sync 1 DAGs
[2024-11-24T15:10:16.731+0000] {logging_mixin.py:190} INFO - [2024-11-24T15:10:16.730+0000] {dag.py:4180} INFO - Setting next_dagrun for neon_backup_v2 to 2024-10-01 00:00:00+00:00, run_after=2024-11-01 00:00:00+00:00
[2024-11-24T15:10:16.865+0000] {processor.py:208} INFO - Processing /opt/airflow/dags/backup_dag.py took 1.240 seconds
[2024-11-24T15:10:48.848+0000] {processor.py:186} INFO - Started process (PID=355) to work on /opt/airflow/dags/backup_dag.py
[2024-11-24T15:10:48.853+0000] {processor.py:914} INFO - Processing file /opt/airflow/dags/backup_dag.py for tasks to queue
[2024-11-24T15:10:48.859+0000] {logging_mixin.py:190} INFO - [2024-11-24T15:10:48.858+0000] {dagbag.py:588} INFO - Filling up the DagBag from /opt/airflow/dags/backup_dag.py
[2024-11-24T15:10:50.706+0000] {processor.py:925} INFO - DAG(s) 'neon_backup_v2' retrieved from /opt/airflow/dags/backup_dag.py
[2024-11-24T15:10:51.444+0000] {logging_mixin.py:190} INFO - [2024-11-24T15:10:51.444+0000] {dag.py:3239} INFO - Sync 1 DAGs
[2024-11-24T15:10:52.347+0000] {logging_mixin.py:190} INFO - [2024-11-24T15:10:52.346+0000] {dag.py:4180} INFO - Setting next_dagrun for neon_backup_v2 to 2024-10-01 00:00:00+00:00, run_after=2024-11-01 00:00:00+00:00
[2024-11-24T15:10:52.890+0000] {processor.py:208} INFO - Processing /opt/airflow/dags/backup_dag.py took 4.104 seconds
[2024-11-24T15:11:23.976+0000] {processor.py:186} INFO - Started process (PID=373) to work on /opt/airflow/dags/backup_dag.py
[2024-11-24T15:11:24.000+0000] {processor.py:914} INFO - Processing file /opt/airflow/dags/backup_dag.py for tasks to queue
[2024-11-24T15:11:24.058+0000] {logging_mixin.py:190} INFO - [2024-11-24T15:11:24.056+0000] {dagbag.py:588} INFO - Filling up the DagBag from /opt/airflow/dags/backup_dag.py
[2024-11-24T15:11:26.869+0000] {processor.py:925} INFO - DAG(s) 'neon_backup_v2' retrieved from /opt/airflow/dags/backup_dag.py
[2024-11-24T15:11:27.230+0000] {logging_mixin.py:190} INFO - [2024-11-24T15:11:27.229+0000] {dag.py:3239} INFO - Sync 1 DAGs
[2024-11-24T15:11:27.818+0000] {logging_mixin.py:190} INFO - [2024-11-24T15:11:27.818+0000] {dag.py:4180} INFO - Setting next_dagrun for neon_backup_v2 to 2024-10-01 00:00:00+00:00, run_after=2024-11-01 00:00:00+00:00
[2024-11-24T15:11:28.281+0000] {processor.py:208} INFO - Processing /opt/airflow/dags/backup_dag.py took 4.472 seconds
[2024-11-24T15:11:58.998+0000] {processor.py:186} INFO - Started process (PID=393) to work on /opt/airflow/dags/backup_dag.py
[2024-11-24T15:11:59.082+0000] {processor.py:914} INFO - Processing file /opt/airflow/dags/backup_dag.py for tasks to queue
[2024-11-24T15:11:59.087+0000] {logging_mixin.py:190} INFO - [2024-11-24T15:11:59.086+0000] {dagbag.py:588} INFO - Filling up the DagBag from /opt/airflow/dags/backup_dag.py
[2024-11-24T15:12:00.359+0000] {processor.py:925} INFO - DAG(s) 'neon_backup_v2' retrieved from /opt/airflow/dags/backup_dag.py
[2024-11-24T15:12:00.611+0000] {logging_mixin.py:190} INFO - [2024-11-24T15:12:00.610+0000] {dag.py:3239} INFO - Sync 1 DAGs
[2024-11-24T15:12:00.871+0000] {logging_mixin.py:190} INFO - [2024-11-24T15:12:00.871+0000] {dag.py:4180} INFO - Setting next_dagrun for neon_backup_v2 to 2024-10-01 00:00:00+00:00, run_after=2024-11-01 00:00:00+00:00
[2024-11-24T15:12:01.249+0000] {processor.py:208} INFO - Processing /opt/airflow/dags/backup_dag.py took 2.260 seconds
[2024-11-24T15:12:31.841+0000] {processor.py:186} INFO - Started process (PID=408) to work on /opt/airflow/dags/backup_dag.py
[2024-11-24T15:12:31.855+0000] {processor.py:914} INFO - Processing file /opt/airflow/dags/backup_dag.py for tasks to queue
[2024-11-24T15:12:31.863+0000] {logging_mixin.py:190} INFO - [2024-11-24T15:12:31.862+0000] {dagbag.py:588} INFO - Filling up the DagBag from /opt/airflow/dags/backup_dag.py
[2024-11-24T15:12:33.493+0000] {processor.py:925} INFO - DAG(s) 'neon_backup_v2' retrieved from /opt/airflow/dags/backup_dag.py
[2024-11-24T15:12:33.594+0000] {logging_mixin.py:190} INFO - [2024-11-24T15:12:33.593+0000] {dag.py:3239} INFO - Sync 1 DAGs
[2024-11-24T15:12:33.668+0000] {logging_mixin.py:190} INFO - [2024-11-24T15:12:33.667+0000] {dag.py:4180} INFO - Setting next_dagrun for neon_backup_v2 to 2024-10-01 00:00:00+00:00, run_after=2024-11-01 00:00:00+00:00
[2024-11-24T15:12:33.697+0000] {processor.py:208} INFO - Processing /opt/airflow/dags/backup_dag.py took 1.882 seconds
[2024-11-24T15:13:04.636+0000] {processor.py:186} INFO - Started process (PID=428) to work on /opt/airflow/dags/backup_dag.py
[2024-11-24T15:13:04.646+0000] {processor.py:914} INFO - Processing file /opt/airflow/dags/backup_dag.py for tasks to queue
[2024-11-24T15:13:04.658+0000] {logging_mixin.py:190} INFO - [2024-11-24T15:13:04.657+0000] {dagbag.py:588} INFO - Filling up the DagBag from /opt/airflow/dags/backup_dag.py
[2024-11-24T15:13:05.904+0000] {processor.py:925} INFO - DAG(s) 'neon_backup_v2' retrieved from /opt/airflow/dags/backup_dag.py
[2024-11-24T15:13:06.037+0000] {logging_mixin.py:190} INFO - [2024-11-24T15:13:06.036+0000] {dag.py:3239} INFO - Sync 1 DAGs
[2024-11-24T15:13:06.410+0000] {logging_mixin.py:190} INFO - [2024-11-24T15:13:06.409+0000] {dag.py:4180} INFO - Setting next_dagrun for neon_backup_v2 to 2024-10-01 00:00:00+00:00, run_after=2024-11-01 00:00:00+00:00
[2024-11-24T15:13:06.633+0000] {processor.py:208} INFO - Processing /opt/airflow/dags/backup_dag.py took 2.033 seconds
[2024-11-24T15:13:37.020+0000] {processor.py:186} INFO - Started process (PID=449) to work on /opt/airflow/dags/backup_dag.py
[2024-11-24T15:13:37.039+0000] {processor.py:914} INFO - Processing file /opt/airflow/dags/backup_dag.py for tasks to queue
[2024-11-24T15:13:37.048+0000] {logging_mixin.py:190} INFO - [2024-11-24T15:13:37.047+0000] {dagbag.py:588} INFO - Filling up the DagBag from /opt/airflow/dags/backup_dag.py
[2024-11-24T15:13:38.852+0000] {processor.py:925} INFO - DAG(s) 'neon_backup_v2' retrieved from /opt/airflow/dags/backup_dag.py
[2024-11-24T15:13:38.898+0000] {logging_mixin.py:190} INFO - [2024-11-24T15:13:38.897+0000] {dag.py:3239} INFO - Sync 1 DAGs
[2024-11-24T15:13:39.007+0000] {logging_mixin.py:190} INFO - [2024-11-24T15:13:39.006+0000] {dag.py:4180} INFO - Setting next_dagrun for neon_backup_v2 to 2024-10-01 00:00:00+00:00, run_after=2024-11-01 00:00:00+00:00
[2024-11-24T15:13:39.208+0000] {processor.py:208} INFO - Processing /opt/airflow/dags/backup_dag.py took 2.198 seconds
[2024-11-24T15:14:09.942+0000] {processor.py:186} INFO - Started process (PID=463) to work on /opt/airflow/dags/backup_dag.py
[2024-11-24T15:14:09.952+0000] {processor.py:914} INFO - Processing file /opt/airflow/dags/backup_dag.py for tasks to queue
[2024-11-24T15:14:09.957+0000] {logging_mixin.py:190} INFO - [2024-11-24T15:14:09.956+0000] {dagbag.py:588} INFO - Filling up the DagBag from /opt/airflow/dags/backup_dag.py
[2024-11-24T15:14:11.385+0000] {processor.py:925} INFO - DAG(s) 'neon_backup_v2' retrieved from /opt/airflow/dags/backup_dag.py
[2024-11-24T15:14:11.565+0000] {logging_mixin.py:190} INFO - [2024-11-24T15:14:11.564+0000] {dag.py:3239} INFO - Sync 1 DAGs
[2024-11-24T15:14:11.625+0000] {logging_mixin.py:190} INFO - [2024-11-24T15:14:11.625+0000] {dag.py:4180} INFO - Setting next_dagrun for neon_backup_v2 to 2024-10-01 00:00:00+00:00, run_after=2024-11-01 00:00:00+00:00
[2024-11-24T15:14:11.749+0000] {processor.py:208} INFO - Processing /opt/airflow/dags/backup_dag.py took 1.835 seconds
[2024-11-24T15:14:42.027+0000] {processor.py:186} INFO - Started process (PID=477) to work on /opt/airflow/dags/backup_dag.py
[2024-11-24T15:14:42.041+0000] {processor.py:914} INFO - Processing file /opt/airflow/dags/backup_dag.py for tasks to queue
[2024-11-24T15:14:42.045+0000] {logging_mixin.py:190} INFO - [2024-11-24T15:14:42.045+0000] {dagbag.py:588} INFO - Filling up the DagBag from /opt/airflow/dags/backup_dag.py
[2024-11-24T15:14:43.473+0000] {processor.py:925} INFO - DAG(s) 'neon_backup_v2' retrieved from /opt/airflow/dags/backup_dag.py
[2024-11-24T15:14:43.533+0000] {logging_mixin.py:190} INFO - [2024-11-24T15:14:43.532+0000] {dag.py:3239} INFO - Sync 1 DAGs
[2024-11-24T15:14:43.580+0000] {logging_mixin.py:190} INFO - [2024-11-24T15:14:43.580+0000] {dag.py:4180} INFO - Setting next_dagrun for neon_backup_v2 to 2024-10-01 00:00:00+00:00, run_after=2024-11-01 00:00:00+00:00
[2024-11-24T15:14:43.911+0000] {processor.py:208} INFO - Processing /opt/airflow/dags/backup_dag.py took 1.895 seconds
[2024-11-24T15:15:14.598+0000] {processor.py:186} INFO - Started process (PID=496) to work on /opt/airflow/dags/backup_dag.py
[2024-11-24T15:15:14.612+0000] {processor.py:914} INFO - Processing file /opt/airflow/dags/backup_dag.py for tasks to queue
[2024-11-24T15:15:14.627+0000] {logging_mixin.py:190} INFO - [2024-11-24T15:15:14.626+0000] {dagbag.py:588} INFO - Filling up the DagBag from /opt/airflow/dags/backup_dag.py
[2024-11-24T15:15:15.812+0000] {processor.py:925} INFO - DAG(s) 'neon_backup_v2' retrieved from /opt/airflow/dags/backup_dag.py
[2024-11-24T15:15:15.869+0000] {logging_mixin.py:190} INFO - [2024-11-24T15:15:15.869+0000] {dag.py:3239} INFO - Sync 1 DAGs
[2024-11-24T15:15:15.956+0000] {logging_mixin.py:190} INFO - [2024-11-24T15:15:15.955+0000] {dag.py:4180} INFO - Setting next_dagrun for neon_backup_v2 to 2024-10-01 00:00:00+00:00, run_after=2024-11-01 00:00:00+00:00
[2024-11-24T15:15:16.061+0000] {processor.py:208} INFO - Processing /opt/airflow/dags/backup_dag.py took 1.506 seconds
[2024-11-24T15:15:46.502+0000] {processor.py:186} INFO - Started process (PID=511) to work on /opt/airflow/dags/backup_dag.py
[2024-11-24T15:15:46.504+0000] {processor.py:914} INFO - Processing file /opt/airflow/dags/backup_dag.py for tasks to queue
[2024-11-24T15:15:46.508+0000] {logging_mixin.py:190} INFO - [2024-11-24T15:15:46.507+0000] {dagbag.py:588} INFO - Filling up the DagBag from /opt/airflow/dags/backup_dag.py
[2024-11-24T15:15:47.325+0000] {processor.py:925} INFO - DAG(s) 'neon_backup_v2' retrieved from /opt/airflow/dags/backup_dag.py
[2024-11-24T15:15:47.447+0000] {logging_mixin.py:190} INFO - [2024-11-24T15:15:47.446+0000] {dag.py:3239} INFO - Sync 1 DAGs
[2024-11-24T15:15:47.530+0000] {logging_mixin.py:190} INFO - [2024-11-24T15:15:47.529+0000] {dag.py:4180} INFO - Setting next_dagrun for neon_backup_v2 to 2024-10-01 00:00:00+00:00, run_after=2024-11-01 00:00:00+00:00
[2024-11-24T15:15:47.636+0000] {processor.py:208} INFO - Processing /opt/airflow/dags/backup_dag.py took 1.154 seconds
[2024-11-24T15:16:17.817+0000] {processor.py:186} INFO - Started process (PID=531) to work on /opt/airflow/dags/backup_dag.py
[2024-11-24T15:16:17.837+0000] {processor.py:914} INFO - Processing file /opt/airflow/dags/backup_dag.py for tasks to queue
[2024-11-24T15:16:17.863+0000] {logging_mixin.py:190} INFO - [2024-11-24T15:16:17.853+0000] {dagbag.py:588} INFO - Filling up the DagBag from /opt/airflow/dags/backup_dag.py
[2024-11-24T15:16:19.901+0000] {processor.py:925} INFO - DAG(s) 'neon_backup_v2' retrieved from /opt/airflow/dags/backup_dag.py
[2024-11-24T15:16:20.210+0000] {logging_mixin.py:190} INFO - [2024-11-24T15:16:20.207+0000] {dag.py:3239} INFO - Sync 1 DAGs
[2024-11-24T15:16:20.462+0000] {logging_mixin.py:190} INFO - [2024-11-24T15:16:20.462+0000] {dag.py:4180} INFO - Setting next_dagrun for neon_backup_v2 to 2024-10-01 00:00:00+00:00, run_after=2024-11-01 00:00:00+00:00
[2024-11-24T15:16:20.601+0000] {processor.py:208} INFO - Processing /opt/airflow/dags/backup_dag.py took 2.796 seconds
[2024-11-24T15:16:50.741+0000] {processor.py:186} INFO - Started process (PID=545) to work on /opt/airflow/dags/backup_dag.py
[2024-11-24T15:16:50.751+0000] {processor.py:914} INFO - Processing file /opt/airflow/dags/backup_dag.py for tasks to queue
[2024-11-24T15:16:50.757+0000] {logging_mixin.py:190} INFO - [2024-11-24T15:16:50.756+0000] {dagbag.py:588} INFO - Filling up the DagBag from /opt/airflow/dags/backup_dag.py
[2024-11-24T15:16:52.458+0000] {processor.py:925} INFO - DAG(s) 'neon_backup_v2' retrieved from /opt/airflow/dags/backup_dag.py
[2024-11-24T15:16:52.662+0000] {logging_mixin.py:190} INFO - [2024-11-24T15:16:52.662+0000] {dag.py:3239} INFO - Sync 1 DAGs
[2024-11-24T15:16:52.855+0000] {logging_mixin.py:190} INFO - [2024-11-24T15:16:52.855+0000] {dag.py:4180} INFO - Setting next_dagrun for neon_backup_v2 to 2024-10-01 00:00:00+00:00, run_after=2024-11-01 00:00:00+00:00
[2024-11-24T15:16:52.930+0000] {processor.py:208} INFO - Processing /opt/airflow/dags/backup_dag.py took 2.200 seconds
[2024-11-24T15:17:23.344+0000] {processor.py:186} INFO - Started process (PID=564) to work on /opt/airflow/dags/backup_dag.py
[2024-11-24T15:17:23.357+0000] {processor.py:914} INFO - Processing file /opt/airflow/dags/backup_dag.py for tasks to queue
[2024-11-24T15:17:23.367+0000] {logging_mixin.py:190} INFO - [2024-11-24T15:17:23.365+0000] {dagbag.py:588} INFO - Filling up the DagBag from /opt/airflow/dags/backup_dag.py
[2024-11-24T15:17:24.949+0000] {processor.py:925} INFO - DAG(s) 'neon_backup_v2' retrieved from /opt/airflow/dags/backup_dag.py
[2024-11-24T15:17:25.025+0000] {logging_mixin.py:190} INFO - [2024-11-24T15:17:25.023+0000] {dag.py:3239} INFO - Sync 1 DAGs
[2024-11-24T15:17:25.081+0000] {logging_mixin.py:190} INFO - [2024-11-24T15:17:25.080+0000] {dag.py:4180} INFO - Setting next_dagrun for neon_backup_v2 to 2024-10-01 00:00:00+00:00, run_after=2024-11-01 00:00:00+00:00
[2024-11-24T15:17:25.162+0000] {processor.py:208} INFO - Processing /opt/airflow/dags/backup_dag.py took 1.874 seconds
[2024-11-24T15:17:56.092+0000] {processor.py:186} INFO - Started process (PID=580) to work on /opt/airflow/dags/backup_dag.py
[2024-11-24T15:17:56.106+0000] {processor.py:914} INFO - Processing file /opt/airflow/dags/backup_dag.py for tasks to queue
[2024-11-24T15:17:56.118+0000] {logging_mixin.py:190} INFO - [2024-11-24T15:17:56.118+0000] {dagbag.py:588} INFO - Filling up the DagBag from /opt/airflow/dags/backup_dag.py
[2024-11-24T15:17:57.223+0000] {processor.py:925} INFO - DAG(s) 'neon_backup_v2' retrieved from /opt/airflow/dags/backup_dag.py
[2024-11-24T15:17:57.278+0000] {logging_mixin.py:190} INFO - [2024-11-24T15:17:57.277+0000] {dag.py:3239} INFO - Sync 1 DAGs
[2024-11-24T15:17:57.317+0000] {logging_mixin.py:190} INFO - [2024-11-24T15:17:57.317+0000] {dag.py:4180} INFO - Setting next_dagrun for neon_backup_v2 to 2024-10-01 00:00:00+00:00, run_after=2024-11-01 00:00:00+00:00
[2024-11-24T15:17:57.388+0000] {processor.py:208} INFO - Processing /opt/airflow/dags/backup_dag.py took 1.333 seconds
[2024-11-24T15:18:28.056+0000] {processor.py:186} INFO - Started process (PID=599) to work on /opt/airflow/dags/backup_dag.py
[2024-11-24T15:18:28.060+0000] {processor.py:914} INFO - Processing file /opt/airflow/dags/backup_dag.py for tasks to queue
[2024-11-24T15:18:28.066+0000] {logging_mixin.py:190} INFO - [2024-11-24T15:18:28.066+0000] {dagbag.py:588} INFO - Filling up the DagBag from /opt/airflow/dags/backup_dag.py
[2024-11-24T15:18:28.710+0000] {processor.py:925} INFO - DAG(s) 'neon_backup_v2' retrieved from /opt/airflow/dags/backup_dag.py
[2024-11-24T15:18:28.769+0000] {logging_mixin.py:190} INFO - [2024-11-24T15:18:28.768+0000] {dag.py:3239} INFO - Sync 1 DAGs
[2024-11-24T15:18:28.829+0000] {logging_mixin.py:190} INFO - [2024-11-24T15:18:28.829+0000] {dag.py:4180} INFO - Setting next_dagrun for neon_backup_v2 to 2024-10-01 00:00:00+00:00, run_after=2024-11-01 00:00:00+00:00
[2024-11-24T15:18:28.896+0000] {processor.py:208} INFO - Processing /opt/airflow/dags/backup_dag.py took 0.854 seconds
[2024-11-24T15:18:59.783+0000] {processor.py:186} INFO - Started process (PID=613) to work on /opt/airflow/dags/backup_dag.py
[2024-11-24T15:18:59.815+0000] {processor.py:914} INFO - Processing file /opt/airflow/dags/backup_dag.py for tasks to queue
[2024-11-24T15:18:59.820+0000] {logging_mixin.py:190} INFO - [2024-11-24T15:18:59.819+0000] {dagbag.py:588} INFO - Filling up the DagBag from /opt/airflow/dags/backup_dag.py
[2024-11-24T15:19:01.576+0000] {processor.py:925} INFO - DAG(s) 'neon_backup_v2' retrieved from /opt/airflow/dags/backup_dag.py
[2024-11-24T15:19:01.759+0000] {logging_mixin.py:190} INFO - [2024-11-24T15:19:01.758+0000] {dag.py:3239} INFO - Sync 1 DAGs
[2024-11-24T15:19:02.034+0000] {logging_mixin.py:190} INFO - [2024-11-24T15:19:02.034+0000] {dag.py:4180} INFO - Setting next_dagrun for neon_backup_v2 to 2024-10-01 00:00:00+00:00, run_after=2024-11-01 00:00:00+00:00
[2024-11-24T15:19:02.227+0000] {processor.py:208} INFO - Processing /opt/airflow/dags/backup_dag.py took 2.511 seconds
[2024-11-24T15:19:32.458+0000] {processor.py:186} INFO - Started process (PID=628) to work on /opt/airflow/dags/backup_dag.py
[2024-11-24T15:19:32.480+0000] {processor.py:914} INFO - Processing file /opt/airflow/dags/backup_dag.py for tasks to queue
[2024-11-24T15:19:32.492+0000] {logging_mixin.py:190} INFO - [2024-11-24T15:19:32.491+0000] {dagbag.py:588} INFO - Filling up the DagBag from /opt/airflow/dags/backup_dag.py
[2024-11-24T15:19:33.139+0000] {processor.py:925} INFO - DAG(s) 'neon_backup_v2' retrieved from /opt/airflow/dags/backup_dag.py
[2024-11-24T15:19:33.197+0000] {logging_mixin.py:190} INFO - [2024-11-24T15:19:33.196+0000] {dag.py:3239} INFO - Sync 1 DAGs
[2024-11-24T15:19:33.242+0000] {logging_mixin.py:190} INFO - [2024-11-24T15:19:33.242+0000] {dag.py:4180} INFO - Setting next_dagrun for neon_backup_v2 to 2024-10-01 00:00:00+00:00, run_after=2024-11-01 00:00:00+00:00
[2024-11-24T15:19:33.281+0000] {processor.py:208} INFO - Processing /opt/airflow/dags/backup_dag.py took 0.835 seconds
[2024-11-24T15:20:03.600+0000] {processor.py:186} INFO - Started process (PID=643) to work on /opt/airflow/dags/backup_dag.py
[2024-11-24T15:20:03.608+0000] {processor.py:914} INFO - Processing file /opt/airflow/dags/backup_dag.py for tasks to queue
[2024-11-24T15:20:03.623+0000] {logging_mixin.py:190} INFO - [2024-11-24T15:20:03.619+0000] {dagbag.py:588} INFO - Filling up the DagBag from /opt/airflow/dags/backup_dag.py
[2024-11-24T15:20:04.757+0000] {processor.py:925} INFO - DAG(s) 'neon_backup_v2' retrieved from /opt/airflow/dags/backup_dag.py
[2024-11-24T15:20:04.951+0000] {logging_mixin.py:190} INFO - [2024-11-24T15:20:04.950+0000] {dag.py:3239} INFO - Sync 1 DAGs
[2024-11-24T15:20:05.038+0000] {logging_mixin.py:190} INFO - [2024-11-24T15:20:05.038+0000] {dag.py:4180} INFO - Setting next_dagrun for neon_backup_v2 to 2024-10-01 00:00:00+00:00, run_after=2024-11-01 00:00:00+00:00
[2024-11-24T15:20:05.233+0000] {processor.py:208} INFO - Processing /opt/airflow/dags/backup_dag.py took 1.681 seconds
[2024-11-24T15:20:35.776+0000] {processor.py:186} INFO - Started process (PID=658) to work on /opt/airflow/dags/backup_dag.py
[2024-11-24T15:20:35.794+0000] {processor.py:914} INFO - Processing file /opt/airflow/dags/backup_dag.py for tasks to queue
[2024-11-24T15:20:35.800+0000] {logging_mixin.py:190} INFO - [2024-11-24T15:20:35.799+0000] {dagbag.py:588} INFO - Filling up the DagBag from /opt/airflow/dags/backup_dag.py
[2024-11-24T15:20:36.907+0000] {processor.py:925} INFO - DAG(s) 'neon_backup_v2' retrieved from /opt/airflow/dags/backup_dag.py
[2024-11-24T15:20:36.985+0000] {logging_mixin.py:190} INFO - [2024-11-24T15:20:36.984+0000] {dag.py:3239} INFO - Sync 1 DAGs
[2024-11-24T15:20:37.044+0000] {logging_mixin.py:190} INFO - [2024-11-24T15:20:37.044+0000] {dag.py:4180} INFO - Setting next_dagrun for neon_backup_v2 to 2024-10-01 00:00:00+00:00, run_after=2024-11-01 00:00:00+00:00
[2024-11-24T15:20:37.144+0000] {processor.py:208} INFO - Processing /opt/airflow/dags/backup_dag.py took 1.410 seconds
[2024-11-24T15:21:07.754+0000] {processor.py:186} INFO - Started process (PID=673) to work on /opt/airflow/dags/backup_dag.py
[2024-11-24T15:21:07.763+0000] {processor.py:914} INFO - Processing file /opt/airflow/dags/backup_dag.py for tasks to queue
[2024-11-24T15:21:07.773+0000] {logging_mixin.py:190} INFO - [2024-11-24T15:21:07.772+0000] {dagbag.py:588} INFO - Filling up the DagBag from /opt/airflow/dags/backup_dag.py
[2024-11-24T15:21:08.790+0000] {processor.py:925} INFO - DAG(s) 'neon_backup_v2' retrieved from /opt/airflow/dags/backup_dag.py
[2024-11-24T15:21:09.026+0000] {logging_mixin.py:190} INFO - [2024-11-24T15:21:09.019+0000] {dag.py:3239} INFO - Sync 1 DAGs
[2024-11-24T15:21:09.173+0000] {logging_mixin.py:190} INFO - [2024-11-24T15:21:09.172+0000] {dag.py:4180} INFO - Setting next_dagrun for neon_backup_v2 to 2024-10-01 00:00:00+00:00, run_after=2024-11-01 00:00:00+00:00
[2024-11-24T15:21:09.281+0000] {processor.py:208} INFO - Processing /opt/airflow/dags/backup_dag.py took 1.544 seconds
[2024-11-24T15:21:39.723+0000] {processor.py:186} INFO - Started process (PID=687) to work on /opt/airflow/dags/backup_dag.py
[2024-11-24T15:21:39.740+0000] {processor.py:914} INFO - Processing file /opt/airflow/dags/backup_dag.py for tasks to queue
[2024-11-24T15:21:39.780+0000] {logging_mixin.py:190} INFO - [2024-11-24T15:21:39.776+0000] {dagbag.py:588} INFO - Filling up the DagBag from /opt/airflow/dags/backup_dag.py
[2024-11-24T15:21:40.951+0000] {processor.py:925} INFO - DAG(s) 'neon_backup_v2' retrieved from /opt/airflow/dags/backup_dag.py
[2024-11-24T15:21:41.058+0000] {logging_mixin.py:190} INFO - [2024-11-24T15:21:41.057+0000] {dag.py:3239} INFO - Sync 1 DAGs
[2024-11-24T15:21:41.112+0000] {logging_mixin.py:190} INFO - [2024-11-24T15:21:41.111+0000] {dag.py:4180} INFO - Setting next_dagrun for neon_backup_v2 to 2024-10-01 00:00:00+00:00, run_after=2024-11-01 00:00:00+00:00
[2024-11-24T15:21:41.146+0000] {processor.py:208} INFO - Processing /opt/airflow/dags/backup_dag.py took 1.432 seconds
[2024-11-24T15:22:11.552+0000] {processor.py:186} INFO - Started process (PID=701) to work on /opt/airflow/dags/backup_dag.py
[2024-11-24T15:22:11.557+0000] {processor.py:914} INFO - Processing file /opt/airflow/dags/backup_dag.py for tasks to queue
[2024-11-24T15:22:11.560+0000] {logging_mixin.py:190} INFO - [2024-11-24T15:22:11.560+0000] {dagbag.py:588} INFO - Filling up the DagBag from /opt/airflow/dags/backup_dag.py
[2024-11-24T15:22:13.013+0000] {processor.py:925} INFO - DAG(s) 'neon_backup_v2' retrieved from /opt/airflow/dags/backup_dag.py
[2024-11-24T15:22:13.214+0000] {logging_mixin.py:190} INFO - [2024-11-24T15:22:13.213+0000] {dag.py:3239} INFO - Sync 1 DAGs
[2024-11-24T15:22:13.326+0000] {logging_mixin.py:190} INFO - [2024-11-24T15:22:13.326+0000] {dag.py:4180} INFO - Setting next_dagrun for neon_backup_v2 to 2024-10-01 00:00:00+00:00, run_after=2024-11-01 00:00:00+00:00
[2024-11-24T15:22:13.457+0000] {processor.py:208} INFO - Processing /opt/airflow/dags/backup_dag.py took 1.922 seconds
[2024-11-24T15:22:43.769+0000] {processor.py:186} INFO - Started process (PID=717) to work on /opt/airflow/dags/backup_dag.py
[2024-11-24T15:22:43.782+0000] {processor.py:914} INFO - Processing file /opt/airflow/dags/backup_dag.py for tasks to queue
[2024-11-24T15:22:43.786+0000] {logging_mixin.py:190} INFO - [2024-11-24T15:22:43.786+0000] {dagbag.py:588} INFO - Filling up the DagBag from /opt/airflow/dags/backup_dag.py
[2024-11-24T15:22:45.070+0000] {processor.py:925} INFO - DAG(s) 'neon_backup_v2' retrieved from /opt/airflow/dags/backup_dag.py
[2024-11-24T15:22:45.155+0000] {logging_mixin.py:190} INFO - [2024-11-24T15:22:45.154+0000] {dag.py:3239} INFO - Sync 1 DAGs
[2024-11-24T15:22:45.263+0000] {logging_mixin.py:190} INFO - [2024-11-24T15:22:45.262+0000] {dag.py:4180} INFO - Setting next_dagrun for neon_backup_v2 to 2024-10-01 00:00:00+00:00, run_after=2024-11-01 00:00:00+00:00
[2024-11-24T15:22:45.477+0000] {processor.py:208} INFO - Processing /opt/airflow/dags/backup_dag.py took 1.719 seconds
[2024-11-24T15:23:16.271+0000] {processor.py:186} INFO - Started process (PID=739) to work on /opt/airflow/dags/backup_dag.py
[2024-11-24T15:23:16.286+0000] {processor.py:914} INFO - Processing file /opt/airflow/dags/backup_dag.py for tasks to queue
[2024-11-24T15:23:16.295+0000] {logging_mixin.py:190} INFO - [2024-11-24T15:23:16.294+0000] {dagbag.py:588} INFO - Filling up the DagBag from /opt/airflow/dags/backup_dag.py
[2024-11-24T15:23:17.857+0000] {processor.py:925} INFO - DAG(s) 'neon_backup_v2' retrieved from /opt/airflow/dags/backup_dag.py
[2024-11-24T15:23:17.995+0000] {logging_mixin.py:190} INFO - [2024-11-24T15:23:17.995+0000] {dag.py:3239} INFO - Sync 1 DAGs
[2024-11-24T15:23:18.118+0000] {logging_mixin.py:190} INFO - [2024-11-24T15:23:18.118+0000] {dag.py:4180} INFO - Setting next_dagrun for neon_backup_v2 to 2024-10-01 00:00:00+00:00, run_after=2024-11-01 00:00:00+00:00
[2024-11-24T15:23:18.277+0000] {processor.py:208} INFO - Processing /opt/airflow/dags/backup_dag.py took 2.093 seconds
[2024-11-24T15:23:48.561+0000] {processor.py:186} INFO - Started process (PID=754) to work on /opt/airflow/dags/backup_dag.py
[2024-11-24T15:23:48.574+0000] {processor.py:914} INFO - Processing file /opt/airflow/dags/backup_dag.py for tasks to queue
[2024-11-24T15:23:48.589+0000] {logging_mixin.py:190} INFO - [2024-11-24T15:23:48.585+0000] {dagbag.py:588} INFO - Filling up the DagBag from /opt/airflow/dags/backup_dag.py
[2024-11-24T15:23:49.651+0000] {processor.py:925} INFO - DAG(s) 'neon_backup_v2' retrieved from /opt/airflow/dags/backup_dag.py
[2024-11-24T15:23:49.693+0000] {logging_mixin.py:190} INFO - [2024-11-24T15:23:49.692+0000] {dag.py:3239} INFO - Sync 1 DAGs
[2024-11-24T15:23:49.763+0000] {logging_mixin.py:190} INFO - [2024-11-24T15:23:49.762+0000] {dag.py:4180} INFO - Setting next_dagrun for neon_backup_v2 to 2024-10-01 00:00:00+00:00, run_after=2024-11-01 00:00:00+00:00
[2024-11-24T15:23:49.882+0000] {processor.py:208} INFO - Processing /opt/airflow/dags/backup_dag.py took 1.355 seconds
[2024-11-24T15:24:21.062+0000] {processor.py:186} INFO - Started process (PID=768) to work on /opt/airflow/dags/backup_dag.py
[2024-11-24T15:24:21.070+0000] {processor.py:914} INFO - Processing file /opt/airflow/dags/backup_dag.py for tasks to queue
[2024-11-24T15:24:21.075+0000] {logging_mixin.py:190} INFO - [2024-11-24T15:24:21.075+0000] {dagbag.py:588} INFO - Filling up the DagBag from /opt/airflow/dags/backup_dag.py
[2024-11-24T15:24:21.838+0000] {processor.py:925} INFO - DAG(s) 'neon_backup_v2' retrieved from /opt/airflow/dags/backup_dag.py
[2024-11-24T15:24:21.971+0000] {logging_mixin.py:190} INFO - [2024-11-24T15:24:21.968+0000] {dag.py:3239} INFO - Sync 1 DAGs
[2024-11-24T15:24:22.022+0000] {logging_mixin.py:190} INFO - [2024-11-24T15:24:22.022+0000] {dag.py:4180} INFO - Setting next_dagrun for neon_backup_v2 to 2024-10-01 00:00:00+00:00, run_after=2024-11-01 00:00:00+00:00
[2024-11-24T15:24:22.077+0000] {processor.py:208} INFO - Processing /opt/airflow/dags/backup_dag.py took 1.036 seconds
[2024-11-24T15:24:52.517+0000] {processor.py:186} INFO - Started process (PID=781) to work on /opt/airflow/dags/backup_dag.py
[2024-11-24T15:24:52.520+0000] {processor.py:914} INFO - Processing file /opt/airflow/dags/backup_dag.py for tasks to queue
[2024-11-24T15:24:52.525+0000] {logging_mixin.py:190} INFO - [2024-11-24T15:24:52.525+0000] {dagbag.py:588} INFO - Filling up the DagBag from /opt/airflow/dags/backup_dag.py
[2024-11-24T15:24:52.997+0000] {processor.py:925} INFO - DAG(s) 'neon_backup_v2' retrieved from /opt/airflow/dags/backup_dag.py
[2024-11-24T15:24:53.096+0000] {logging_mixin.py:190} INFO - [2024-11-24T15:24:53.096+0000] {dag.py:3239} INFO - Sync 1 DAGs
[2024-11-24T15:24:53.131+0000] {logging_mixin.py:190} INFO - [2024-11-24T15:24:53.131+0000] {dag.py:4180} INFO - Setting next_dagrun for neon_backup_v2 to 2024-10-01 00:00:00+00:00, run_after=2024-11-01 00:00:00+00:00
[2024-11-24T15:24:53.161+0000] {processor.py:208} INFO - Processing /opt/airflow/dags/backup_dag.py took 0.693 seconds
[2024-11-24T15:25:23.960+0000] {processor.py:186} INFO - Started process (PID=794) to work on /opt/airflow/dags/backup_dag.py
[2024-11-24T15:25:23.990+0000] {processor.py:914} INFO - Processing file /opt/airflow/dags/backup_dag.py for tasks to queue
[2024-11-24T15:25:24.001+0000] {logging_mixin.py:190} INFO - [2024-11-24T15:25:24.001+0000] {dagbag.py:588} INFO - Filling up the DagBag from /opt/airflow/dags/backup_dag.py
[2024-11-24T15:25:24.797+0000] {processor.py:925} INFO - DAG(s) 'neon_backup_v2' retrieved from /opt/airflow/dags/backup_dag.py
[2024-11-24T15:25:24.926+0000] {logging_mixin.py:190} INFO - [2024-11-24T15:25:24.925+0000] {dag.py:3239} INFO - Sync 1 DAGs
[2024-11-24T15:25:24.974+0000] {logging_mixin.py:190} INFO - [2024-11-24T15:25:24.974+0000] {dag.py:4180} INFO - Setting next_dagrun for neon_backup_v2 to 2024-10-01 00:00:00+00:00, run_after=2024-11-01 00:00:00+00:00
[2024-11-24T15:25:25.026+0000] {processor.py:208} INFO - Processing /opt/airflow/dags/backup_dag.py took 1.076 seconds
[2024-11-24T15:25:55.970+0000] {processor.py:186} INFO - Started process (PID=807) to work on /opt/airflow/dags/backup_dag.py
[2024-11-24T15:25:55.973+0000] {processor.py:914} INFO - Processing file /opt/airflow/dags/backup_dag.py for tasks to queue
[2024-11-24T15:25:55.980+0000] {logging_mixin.py:190} INFO - [2024-11-24T15:25:55.979+0000] {dagbag.py:588} INFO - Filling up the DagBag from /opt/airflow/dags/backup_dag.py
[2024-11-24T15:25:56.698+0000] {processor.py:925} INFO - DAG(s) 'neon_backup_v2' retrieved from /opt/airflow/dags/backup_dag.py
[2024-11-24T15:25:56.760+0000] {logging_mixin.py:190} INFO - [2024-11-24T15:25:56.759+0000] {dag.py:3239} INFO - Sync 1 DAGs
[2024-11-24T15:25:56.817+0000] {logging_mixin.py:190} INFO - [2024-11-24T15:25:56.816+0000] {dag.py:4180} INFO - Setting next_dagrun for neon_backup_v2 to 2024-10-01 00:00:00+00:00, run_after=2024-11-01 00:00:00+00:00
[2024-11-24T15:25:56.991+0000] {processor.py:208} INFO - Processing /opt/airflow/dags/backup_dag.py took 1.035 seconds
[2024-11-24T15:26:27.314+0000] {processor.py:186} INFO - Started process (PID=822) to work on /opt/airflow/dags/backup_dag.py
[2024-11-24T15:26:27.315+0000] {processor.py:914} INFO - Processing file /opt/airflow/dags/backup_dag.py for tasks to queue
[2024-11-24T15:26:27.320+0000] {logging_mixin.py:190} INFO - [2024-11-24T15:26:27.319+0000] {dagbag.py:588} INFO - Filling up the DagBag from /opt/airflow/dags/backup_dag.py
[2024-11-24T15:26:28.079+0000] {processor.py:925} INFO - DAG(s) 'neon_backup_v2' retrieved from /opt/airflow/dags/backup_dag.py
[2024-11-24T15:26:28.141+0000] {logging_mixin.py:190} INFO - [2024-11-24T15:26:28.140+0000] {dag.py:3239} INFO - Sync 1 DAGs
[2024-11-24T15:26:28.258+0000] {logging_mixin.py:190} INFO - [2024-11-24T15:26:28.258+0000] {dag.py:4180} INFO - Setting next_dagrun for neon_backup_v2 to 2024-10-01 00:00:00+00:00, run_after=2024-11-01 00:00:00+00:00
[2024-11-24T15:26:28.329+0000] {processor.py:208} INFO - Processing /opt/airflow/dags/backup_dag.py took 1.038 seconds
[2024-11-24T15:26:58.616+0000] {processor.py:186} INFO - Started process (PID=837) to work on /opt/airflow/dags/backup_dag.py
[2024-11-24T15:26:58.629+0000] {processor.py:914} INFO - Processing file /opt/airflow/dags/backup_dag.py for tasks to queue
[2024-11-24T15:26:58.651+0000] {logging_mixin.py:190} INFO - [2024-11-24T15:26:58.650+0000] {dagbag.py:588} INFO - Filling up the DagBag from /opt/airflow/dags/backup_dag.py
[2024-11-24T15:26:59.769+0000] {processor.py:925} INFO - DAG(s) 'neon_backup_v2' retrieved from /opt/airflow/dags/backup_dag.py
[2024-11-24T15:26:59.882+0000] {logging_mixin.py:190} INFO - [2024-11-24T15:26:59.881+0000] {dag.py:3239} INFO - Sync 1 DAGs
[2024-11-24T15:27:00.014+0000] {logging_mixin.py:190} INFO - [2024-11-24T15:27:00.014+0000] {dag.py:4180} INFO - Setting next_dagrun for neon_backup_v2 to 2024-10-01 00:00:00+00:00, run_after=2024-11-01 00:00:00+00:00
[2024-11-24T15:27:00.122+0000] {processor.py:208} INFO - Processing /opt/airflow/dags/backup_dag.py took 1.521 seconds
[2024-11-24T15:27:30.644+0000] {processor.py:186} INFO - Started process (PID=852) to work on /opt/airflow/dags/backup_dag.py
[2024-11-24T15:27:30.647+0000] {processor.py:914} INFO - Processing file /opt/airflow/dags/backup_dag.py for tasks to queue
[2024-11-24T15:27:30.655+0000] {logging_mixin.py:190} INFO - [2024-11-24T15:27:30.654+0000] {dagbag.py:588} INFO - Filling up the DagBag from /opt/airflow/dags/backup_dag.py
[2024-11-24T15:27:31.916+0000] {processor.py:925} INFO - DAG(s) 'neon_backup_v2' retrieved from /opt/airflow/dags/backup_dag.py
[2024-11-24T15:27:32.057+0000] {logging_mixin.py:190} INFO - [2024-11-24T15:27:32.056+0000] {dag.py:3239} INFO - Sync 1 DAGs
[2024-11-24T15:27:32.197+0000] {logging_mixin.py:190} INFO - [2024-11-24T15:27:32.196+0000] {dag.py:4180} INFO - Setting next_dagrun for neon_backup_v2 to 2024-10-01 00:00:00+00:00, run_after=2024-11-01 00:00:00+00:00
[2024-11-24T15:27:32.296+0000] {processor.py:208} INFO - Processing /opt/airflow/dags/backup_dag.py took 1.715 seconds
[2024-11-24T15:28:02.728+0000] {processor.py:186} INFO - Started process (PID=867) to work on /opt/airflow/dags/backup_dag.py
[2024-11-24T15:28:02.739+0000] {processor.py:914} INFO - Processing file /opt/airflow/dags/backup_dag.py for tasks to queue
[2024-11-24T15:28:02.747+0000] {logging_mixin.py:190} INFO - [2024-11-24T15:28:02.746+0000] {dagbag.py:588} INFO - Filling up the DagBag from /opt/airflow/dags/backup_dag.py
[2024-11-24T15:28:03.610+0000] {processor.py:925} INFO - DAG(s) 'neon_backup_v2' retrieved from /opt/airflow/dags/backup_dag.py
[2024-11-24T15:28:03.698+0000] {logging_mixin.py:190} INFO - [2024-11-24T15:28:03.693+0000] {dag.py:3239} INFO - Sync 1 DAGs
[2024-11-24T15:28:03.799+0000] {logging_mixin.py:190} INFO - [2024-11-24T15:28:03.798+0000] {dag.py:4180} INFO - Setting next_dagrun for neon_backup_v2 to 2024-10-01 00:00:00+00:00, run_after=2024-11-01 00:00:00+00:00
[2024-11-24T15:28:03.854+0000] {processor.py:208} INFO - Processing /opt/airflow/dags/backup_dag.py took 1.135 seconds
[2024-11-24T15:28:34.339+0000] {processor.py:186} INFO - Started process (PID=882) to work on /opt/airflow/dags/backup_dag.py
[2024-11-24T15:28:34.343+0000] {processor.py:914} INFO - Processing file /opt/airflow/dags/backup_dag.py for tasks to queue
[2024-11-24T15:28:34.349+0000] {logging_mixin.py:190} INFO - [2024-11-24T15:28:34.348+0000] {dagbag.py:588} INFO - Filling up the DagBag from /opt/airflow/dags/backup_dag.py
[2024-11-24T15:28:35.143+0000] {processor.py:925} INFO - DAG(s) 'neon_backup_v2' retrieved from /opt/airflow/dags/backup_dag.py
[2024-11-24T15:28:35.248+0000] {logging_mixin.py:190} INFO - [2024-11-24T15:28:35.247+0000] {dag.py:3239} INFO - Sync 1 DAGs
[2024-11-24T15:28:35.446+0000] {logging_mixin.py:190} INFO - [2024-11-24T15:28:35.446+0000] {dag.py:4180} INFO - Setting next_dagrun for neon_backup_v2 to 2024-10-01 00:00:00+00:00, run_after=2024-11-01 00:00:00+00:00
[2024-11-24T15:28:35.475+0000] {processor.py:208} INFO - Processing /opt/airflow/dags/backup_dag.py took 1.221 seconds
[2024-11-24T15:29:05.934+0000] {processor.py:186} INFO - Started process (PID=897) to work on /opt/airflow/dags/backup_dag.py
[2024-11-24T15:29:05.943+0000] {processor.py:914} INFO - Processing file /opt/airflow/dags/backup_dag.py for tasks to queue
[2024-11-24T15:29:05.953+0000] {logging_mixin.py:190} INFO - [2024-11-24T15:29:05.953+0000] {dagbag.py:588} INFO - Filling up the DagBag from /opt/airflow/dags/backup_dag.py
[2024-11-24T15:29:06.899+0000] {processor.py:925} INFO - DAG(s) 'neon_backup_v2' retrieved from /opt/airflow/dags/backup_dag.py
[2024-11-24T15:29:06.933+0000] {logging_mixin.py:190} INFO - [2024-11-24T15:29:06.933+0000] {dag.py:3239} INFO - Sync 1 DAGs
[2024-11-24T15:29:07.276+0000] {logging_mixin.py:190} INFO - [2024-11-24T15:29:07.276+0000] {dag.py:4180} INFO - Setting next_dagrun for neon_backup_v2 to 2024-10-01 00:00:00+00:00, run_after=2024-11-01 00:00:00+00:00
[2024-11-24T15:29:07.312+0000] {processor.py:208} INFO - Processing /opt/airflow/dags/backup_dag.py took 1.411 seconds
[2024-11-24T15:29:38.156+0000] {processor.py:186} INFO - Started process (PID=911) to work on /opt/airflow/dags/backup_dag.py
[2024-11-24T15:29:38.163+0000] {processor.py:914} INFO - Processing file /opt/airflow/dags/backup_dag.py for tasks to queue
[2024-11-24T15:29:38.173+0000] {logging_mixin.py:190} INFO - [2024-11-24T15:29:38.172+0000] {dagbag.py:588} INFO - Filling up the DagBag from /opt/airflow/dags/backup_dag.py
[2024-11-24T15:29:38.810+0000] {processor.py:925} INFO - DAG(s) 'neon_backup_v2' retrieved from /opt/airflow/dags/backup_dag.py
[2024-11-24T15:29:38.952+0000] {logging_mixin.py:190} INFO - [2024-11-24T15:29:38.951+0000] {dag.py:3239} INFO - Sync 1 DAGs
[2024-11-24T15:29:39.024+0000] {logging_mixin.py:190} INFO - [2024-11-24T15:29:39.023+0000] {dag.py:4180} INFO - Setting next_dagrun for neon_backup_v2 to 2024-10-01 00:00:00+00:00, run_after=2024-11-01 00:00:00+00:00
[2024-11-24T15:29:39.083+0000] {processor.py:208} INFO - Processing /opt/airflow/dags/backup_dag.py took 0.946 seconds
[2024-11-24T15:30:09.792+0000] {processor.py:186} INFO - Started process (PID=926) to work on /opt/airflow/dags/backup_dag.py
[2024-11-24T15:30:09.802+0000] {processor.py:914} INFO - Processing file /opt/airflow/dags/backup_dag.py for tasks to queue
[2024-11-24T15:30:09.815+0000] {logging_mixin.py:190} INFO - [2024-11-24T15:30:09.814+0000] {dagbag.py:588} INFO - Filling up the DagBag from /opt/airflow/dags/backup_dag.py
[2024-11-24T15:30:10.731+0000] {processor.py:925} INFO - DAG(s) 'neon_backup_v2' retrieved from /opt/airflow/dags/backup_dag.py
[2024-11-24T15:30:10.927+0000] {logging_mixin.py:190} INFO - [2024-11-24T15:30:10.924+0000] {dag.py:3239} INFO - Sync 1 DAGs
[2024-11-24T15:30:11.064+0000] {logging_mixin.py:190} INFO - [2024-11-24T15:30:11.063+0000] {dag.py:4180} INFO - Setting next_dagrun for neon_backup_v2 to 2024-10-01 00:00:00+00:00, run_after=2024-11-01 00:00:00+00:00
[2024-11-24T15:30:11.195+0000] {processor.py:208} INFO - Processing /opt/airflow/dags/backup_dag.py took 1.427 seconds
[2024-11-24T15:30:41.545+0000] {processor.py:186} INFO - Started process (PID=941) to work on /opt/airflow/dags/backup_dag.py
[2024-11-24T15:30:41.554+0000] {processor.py:914} INFO - Processing file /opt/airflow/dags/backup_dag.py for tasks to queue
[2024-11-24T15:30:41.562+0000] {logging_mixin.py:190} INFO - [2024-11-24T15:30:41.561+0000] {dagbag.py:588} INFO - Filling up the DagBag from /opt/airflow/dags/backup_dag.py
[2024-11-24T15:30:42.566+0000] {processor.py:925} INFO - DAG(s) 'neon_backup_v2' retrieved from /opt/airflow/dags/backup_dag.py
[2024-11-24T15:30:42.633+0000] {logging_mixin.py:190} INFO - [2024-11-24T15:30:42.632+0000] {dag.py:3239} INFO - Sync 1 DAGs
[2024-11-24T15:30:43.019+0000] {logging_mixin.py:190} INFO - [2024-11-24T15:30:43.018+0000] {dag.py:4180} INFO - Setting next_dagrun for neon_backup_v2 to 2024-10-01 00:00:00+00:00, run_after=2024-11-01 00:00:00+00:00
[2024-11-24T15:30:43.132+0000] {processor.py:208} INFO - Processing /opt/airflow/dags/backup_dag.py took 1.674 seconds
[2024-11-24T15:31:14.108+0000] {processor.py:186} INFO - Started process (PID=956) to work on /opt/airflow/dags/backup_dag.py
[2024-11-24T15:31:14.123+0000] {processor.py:914} INFO - Processing file /opt/airflow/dags/backup_dag.py for tasks to queue
[2024-11-24T15:31:14.133+0000] {logging_mixin.py:190} INFO - [2024-11-24T15:31:14.132+0000] {dagbag.py:588} INFO - Filling up the DagBag from /opt/airflow/dags/backup_dag.py
[2024-11-24T15:31:15.305+0000] {processor.py:925} INFO - DAG(s) 'neon_backup_v2' retrieved from /opt/airflow/dags/backup_dag.py
[2024-11-24T15:31:15.439+0000] {logging_mixin.py:190} INFO - [2024-11-24T15:31:15.438+0000] {dag.py:3239} INFO - Sync 1 DAGs
[2024-11-24T15:31:15.492+0000] {logging_mixin.py:190} INFO - [2024-11-24T15:31:15.491+0000] {dag.py:4180} INFO - Setting next_dagrun for neon_backup_v2 to 2024-10-01 00:00:00+00:00, run_after=2024-11-01 00:00:00+00:00
[2024-11-24T15:31:15.574+0000] {processor.py:208} INFO - Processing /opt/airflow/dags/backup_dag.py took 1.498 seconds
[2024-11-24T15:31:46.188+0000] {processor.py:186} INFO - Started process (PID=971) to work on /opt/airflow/dags/backup_dag.py
[2024-11-24T15:31:46.235+0000] {processor.py:914} INFO - Processing file /opt/airflow/dags/backup_dag.py for tasks to queue
[2024-11-24T15:31:46.242+0000] {logging_mixin.py:190} INFO - [2024-11-24T15:31:46.241+0000] {dagbag.py:588} INFO - Filling up the DagBag from /opt/airflow/dags/backup_dag.py
[2024-11-24T15:31:47.218+0000] {processor.py:925} INFO - DAG(s) 'neon_backup_v2' retrieved from /opt/airflow/dags/backup_dag.py
[2024-11-24T15:31:47.315+0000] {logging_mixin.py:190} INFO - [2024-11-24T15:31:47.314+0000] {dag.py:3239} INFO - Sync 1 DAGs
[2024-11-24T15:31:47.385+0000] {logging_mixin.py:190} INFO - [2024-11-24T15:31:47.384+0000] {dag.py:4180} INFO - Setting next_dagrun for neon_backup_v2 to 2024-10-01 00:00:00+00:00, run_after=2024-11-01 00:00:00+00:00
[2024-11-24T15:31:47.444+0000] {processor.py:208} INFO - Processing /opt/airflow/dags/backup_dag.py took 1.286 seconds
[2024-11-24T15:32:17.568+0000] {processor.py:186} INFO - Started process (PID=986) to work on /opt/airflow/dags/backup_dag.py
[2024-11-24T15:32:17.607+0000] {processor.py:914} INFO - Processing file /opt/airflow/dags/backup_dag.py for tasks to queue
[2024-11-24T15:32:17.626+0000] {logging_mixin.py:190} INFO - [2024-11-24T15:32:17.623+0000] {dagbag.py:588} INFO - Filling up the DagBag from /opt/airflow/dags/backup_dag.py
[2024-11-24T15:32:18.587+0000] {processor.py:925} INFO - DAG(s) 'neon_backup_v2' retrieved from /opt/airflow/dags/backup_dag.py
[2024-11-24T15:32:18.674+0000] {logging_mixin.py:190} INFO - [2024-11-24T15:32:18.673+0000] {dag.py:3239} INFO - Sync 1 DAGs
[2024-11-24T15:32:18.820+0000] {logging_mixin.py:190} INFO - [2024-11-24T15:32:18.818+0000] {dag.py:4180} INFO - Setting next_dagrun for neon_backup_v2 to 2024-10-01 00:00:00+00:00, run_after=2024-11-01 00:00:00+00:00
[2024-11-24T15:32:19.202+0000] {processor.py:208} INFO - Processing /opt/airflow/dags/backup_dag.py took 1.645 seconds
[2024-11-24T15:32:49.360+0000] {processor.py:186} INFO - Started process (PID=1001) to work on /opt/airflow/dags/backup_dag.py
[2024-11-24T15:32:49.370+0000] {processor.py:914} INFO - Processing file /opt/airflow/dags/backup_dag.py for tasks to queue
[2024-11-24T15:32:49.380+0000] {logging_mixin.py:190} INFO - [2024-11-24T15:32:49.379+0000] {dagbag.py:588} INFO - Filling up the DagBag from /opt/airflow/dags/backup_dag.py
[2024-11-24T15:32:50.214+0000] {processor.py:925} INFO - DAG(s) 'neon_backup_v2' retrieved from /opt/airflow/dags/backup_dag.py
[2024-11-24T15:32:50.309+0000] {logging_mixin.py:190} INFO - [2024-11-24T15:32:50.308+0000] {dag.py:3239} INFO - Sync 1 DAGs
[2024-11-24T15:32:50.674+0000] {logging_mixin.py:190} INFO - [2024-11-24T15:32:50.674+0000] {dag.py:4180} INFO - Setting next_dagrun for neon_backup_v2 to 2024-10-01 00:00:00+00:00, run_after=2024-11-01 00:00:00+00:00
[2024-11-24T15:32:50.701+0000] {processor.py:208} INFO - Processing /opt/airflow/dags/backup_dag.py took 1.369 seconds
[2024-11-24T15:33:21.499+0000] {processor.py:186} INFO - Started process (PID=1020) to work on /opt/airflow/dags/backup_dag.py
[2024-11-24T15:33:21.507+0000] {processor.py:914} INFO - Processing file /opt/airflow/dags/backup_dag.py for tasks to queue
[2024-11-24T15:33:21.512+0000] {logging_mixin.py:190} INFO - [2024-11-24T15:33:21.512+0000] {dagbag.py:588} INFO - Filling up the DagBag from /opt/airflow/dags/backup_dag.py
[2024-11-24T15:33:22.164+0000] {processor.py:925} INFO - DAG(s) 'neon_backup_v2' retrieved from /opt/airflow/dags/backup_dag.py
[2024-11-24T15:33:22.268+0000] {logging_mixin.py:190} INFO - [2024-11-24T15:33:22.267+0000] {dag.py:3239} INFO - Sync 1 DAGs
[2024-11-24T15:33:22.353+0000] {logging_mixin.py:190} INFO - [2024-11-24T15:33:22.352+0000] {dag.py:4180} INFO - Setting next_dagrun for neon_backup_v2 to 2024-11-01 00:00:00+00:00, run_after=2024-12-01 00:00:00+00:00
[2024-11-24T15:33:22.393+0000] {processor.py:208} INFO - Processing /opt/airflow/dags/backup_dag.py took 0.910 seconds
[2024-11-24T15:33:52.558+0000] {processor.py:186} INFO - Started process (PID=1035) to work on /opt/airflow/dags/backup_dag.py
[2024-11-24T15:33:52.566+0000] {processor.py:914} INFO - Processing file /opt/airflow/dags/backup_dag.py for tasks to queue
[2024-11-24T15:33:52.573+0000] {logging_mixin.py:190} INFO - [2024-11-24T15:33:52.573+0000] {dagbag.py:588} INFO - Filling up the DagBag from /opt/airflow/dags/backup_dag.py
[2024-11-24T15:33:53.126+0000] {processor.py:925} INFO - DAG(s) 'neon_backup_v2' retrieved from /opt/airflow/dags/backup_dag.py
[2024-11-24T15:33:53.175+0000] {logging_mixin.py:190} INFO - [2024-11-24T15:33:53.174+0000] {dag.py:3239} INFO - Sync 1 DAGs
[2024-11-24T15:33:53.218+0000] {logging_mixin.py:190} INFO - [2024-11-24T15:33:53.218+0000] {dag.py:4180} INFO - Setting next_dagrun for neon_backup_v2 to 2024-11-01 00:00:00+00:00, run_after=2024-12-01 00:00:00+00:00
[2024-11-24T15:33:53.495+0000] {processor.py:208} INFO - Processing /opt/airflow/dags/backup_dag.py took 0.949 seconds
[2024-11-24T15:34:23.899+0000] {processor.py:186} INFO - Started process (PID=1050) to work on /opt/airflow/dags/backup_dag.py
[2024-11-24T15:34:23.908+0000] {processor.py:914} INFO - Processing file /opt/airflow/dags/backup_dag.py for tasks to queue
[2024-11-24T15:34:23.913+0000] {logging_mixin.py:190} INFO - [2024-11-24T15:34:23.912+0000] {dagbag.py:588} INFO - Filling up the DagBag from /opt/airflow/dags/backup_dag.py
[2024-11-24T15:34:25.197+0000] {processor.py:925} INFO - DAG(s) 'neon_backup_v2' retrieved from /opt/airflow/dags/backup_dag.py
[2024-11-24T15:34:25.297+0000] {logging_mixin.py:190} INFO - [2024-11-24T15:34:25.295+0000] {dag.py:3239} INFO - Sync 1 DAGs
[2024-11-24T15:34:25.736+0000] {logging_mixin.py:190} INFO - [2024-11-24T15:34:25.736+0000] {dag.py:4180} INFO - Setting next_dagrun for neon_backup_v2 to 2024-11-01 00:00:00+00:00, run_after=2024-12-01 00:00:00+00:00
[2024-11-24T15:34:25.821+0000] {processor.py:208} INFO - Processing /opt/airflow/dags/backup_dag.py took 1.972 seconds
[2024-11-24T15:34:56.218+0000] {processor.py:186} INFO - Started process (PID=1072) to work on /opt/airflow/dags/backup_dag.py
[2024-11-24T15:34:56.230+0000] {processor.py:914} INFO - Processing file /opt/airflow/dags/backup_dag.py for tasks to queue
[2024-11-24T15:34:56.250+0000] {logging_mixin.py:190} INFO - [2024-11-24T15:34:56.249+0000] {dagbag.py:588} INFO - Filling up the DagBag from /opt/airflow/dags/backup_dag.py
[2024-11-24T15:34:57.574+0000] {processor.py:925} INFO - DAG(s) 'neon_backup_v2' retrieved from /opt/airflow/dags/backup_dag.py
[2024-11-24T15:34:57.618+0000] {logging_mixin.py:190} INFO - [2024-11-24T15:34:57.617+0000] {dag.py:3239} INFO - Sync 1 DAGs
[2024-11-24T15:34:57.682+0000] {logging_mixin.py:190} INFO - [2024-11-24T15:34:57.682+0000] {dag.py:4180} INFO - Setting next_dagrun for neon_backup_v2 to 2024-11-01 00:00:00+00:00, run_after=2024-12-01 00:00:00+00:00
[2024-11-24T15:34:57.730+0000] {processor.py:208} INFO - Processing /opt/airflow/dags/backup_dag.py took 1.560 seconds
[2024-11-24T15:35:28.189+0000] {processor.py:186} INFO - Started process (PID=1087) to work on /opt/airflow/dags/backup_dag.py
[2024-11-24T15:35:28.201+0000] {processor.py:914} INFO - Processing file /opt/airflow/dags/backup_dag.py for tasks to queue
[2024-11-24T15:35:28.212+0000] {logging_mixin.py:190} INFO - [2024-11-24T15:35:28.211+0000] {dagbag.py:588} INFO - Filling up the DagBag from /opt/airflow/dags/backup_dag.py
[2024-11-24T15:35:29.351+0000] {processor.py:925} INFO - DAG(s) 'neon_backup_v2' retrieved from /opt/airflow/dags/backup_dag.py
[2024-11-24T15:35:29.428+0000] {logging_mixin.py:190} INFO - [2024-11-24T15:35:29.427+0000] {dag.py:3239} INFO - Sync 1 DAGs
[2024-11-24T15:35:29.505+0000] {logging_mixin.py:190} INFO - [2024-11-24T15:35:29.505+0000] {dag.py:4180} INFO - Setting next_dagrun for neon_backup_v2 to 2024-11-01 00:00:00+00:00, run_after=2024-12-01 00:00:00+00:00
[2024-11-24T15:35:29.844+0000] {processor.py:208} INFO - Processing /opt/airflow/dags/backup_dag.py took 1.679 seconds
[2024-11-24T15:36:00.233+0000] {processor.py:186} INFO - Started process (PID=1102) to work on /opt/airflow/dags/backup_dag.py
[2024-11-24T15:36:00.242+0000] {processor.py:914} INFO - Processing file /opt/airflow/dags/backup_dag.py for tasks to queue
[2024-11-24T15:36:00.266+0000] {logging_mixin.py:190} INFO - [2024-11-24T15:36:00.249+0000] {dagbag.py:588} INFO - Filling up the DagBag from /opt/airflow/dags/backup_dag.py
[2024-11-24T15:36:01.397+0000] {processor.py:925} INFO - DAG(s) 'neon_backup_v2' retrieved from /opt/airflow/dags/backup_dag.py
[2024-11-24T15:36:01.502+0000] {logging_mixin.py:190} INFO - [2024-11-24T15:36:01.501+0000] {dag.py:3239} INFO - Sync 1 DAGs
[2024-11-24T15:36:01.799+0000] {logging_mixin.py:190} INFO - [2024-11-24T15:36:01.799+0000] {dag.py:4180} INFO - Setting next_dagrun for neon_backup_v2 to 2024-11-01 00:00:00+00:00, run_after=2024-12-01 00:00:00+00:00
[2024-11-24T15:36:01.850+0000] {processor.py:208} INFO - Processing /opt/airflow/dags/backup_dag.py took 1.631 seconds
[2024-11-24T15:36:32.115+0000] {processor.py:186} INFO - Started process (PID=1117) to work on /opt/airflow/dags/backup_dag.py
[2024-11-24T15:36:32.125+0000] {processor.py:914} INFO - Processing file /opt/airflow/dags/backup_dag.py for tasks to queue
[2024-11-24T15:36:32.136+0000] {logging_mixin.py:190} INFO - [2024-11-24T15:36:32.135+0000] {dagbag.py:588} INFO - Filling up the DagBag from /opt/airflow/dags/backup_dag.py
[2024-11-24T15:36:33.473+0000] {processor.py:925} INFO - DAG(s) 'neon_backup_v2' retrieved from /opt/airflow/dags/backup_dag.py
[2024-11-24T15:36:33.568+0000] {logging_mixin.py:190} INFO - [2024-11-24T15:36:33.566+0000] {dag.py:3239} INFO - Sync 1 DAGs
[2024-11-24T15:36:33.620+0000] {logging_mixin.py:190} INFO - [2024-11-24T15:36:33.620+0000] {dag.py:4180} INFO - Setting next_dagrun for neon_backup_v2 to 2024-11-01 00:00:00+00:00, run_after=2024-12-01 00:00:00+00:00
[2024-11-24T15:36:33.708+0000] {processor.py:208} INFO - Processing /opt/airflow/dags/backup_dag.py took 1.613 seconds
[2024-11-24T15:37:04.170+0000] {processor.py:186} INFO - Started process (PID=1133) to work on /opt/airflow/dags/backup_dag.py
[2024-11-24T15:37:04.181+0000] {processor.py:914} INFO - Processing file /opt/airflow/dags/backup_dag.py for tasks to queue
[2024-11-24T15:37:04.190+0000] {logging_mixin.py:190} INFO - [2024-11-24T15:37:04.189+0000] {dagbag.py:588} INFO - Filling up the DagBag from /opt/airflow/dags/backup_dag.py
[2024-11-24T15:37:05.384+0000] {processor.py:925} INFO - DAG(s) 'neon_backup_v2' retrieved from /opt/airflow/dags/backup_dag.py
[2024-11-24T15:37:05.480+0000] {logging_mixin.py:190} INFO - [2024-11-24T15:37:05.479+0000] {dag.py:3239} INFO - Sync 1 DAGs
[2024-11-24T15:37:05.516+0000] {logging_mixin.py:190} INFO - [2024-11-24T15:37:05.516+0000] {dag.py:4180} INFO - Setting next_dagrun for neon_backup_v2 to 2024-11-01 00:00:00+00:00, run_after=2024-12-01 00:00:00+00:00
[2024-11-24T15:37:05.573+0000] {processor.py:208} INFO - Processing /opt/airflow/dags/backup_dag.py took 1.444 seconds
[2024-11-24T15:37:36.216+0000] {processor.py:186} INFO - Started process (PID=1147) to work on /opt/airflow/dags/backup_dag.py
[2024-11-24T15:37:36.223+0000] {processor.py:914} INFO - Processing file /opt/airflow/dags/backup_dag.py for tasks to queue
[2024-11-24T15:37:36.230+0000] {logging_mixin.py:190} INFO - [2024-11-24T15:37:36.228+0000] {dagbag.py:588} INFO - Filling up the DagBag from /opt/airflow/dags/backup_dag.py
[2024-11-24T15:37:37.111+0000] {processor.py:925} INFO - DAG(s) 'neon_backup_v2' retrieved from /opt/airflow/dags/backup_dag.py
[2024-11-24T15:37:37.213+0000] {logging_mixin.py:190} INFO - [2024-11-24T15:37:37.212+0000] {dag.py:3239} INFO - Sync 1 DAGs
[2024-11-24T15:37:37.625+0000] {logging_mixin.py:190} INFO - [2024-11-24T15:37:37.625+0000] {dag.py:4180} INFO - Setting next_dagrun for neon_backup_v2 to 2024-11-01 00:00:00+00:00, run_after=2024-12-01 00:00:00+00:00
[2024-11-24T15:37:37.758+0000] {processor.py:208} INFO - Processing /opt/airflow/dags/backup_dag.py took 1.565 seconds
[2024-11-24T15:38:08.294+0000] {processor.py:186} INFO - Started process (PID=1162) to work on /opt/airflow/dags/backup_dag.py
[2024-11-24T15:38:08.298+0000] {processor.py:914} INFO - Processing file /opt/airflow/dags/backup_dag.py for tasks to queue
[2024-11-24T15:38:08.305+0000] {logging_mixin.py:190} INFO - [2024-11-24T15:38:08.305+0000] {dagbag.py:588} INFO - Filling up the DagBag from /opt/airflow/dags/backup_dag.py
[2024-11-24T15:38:09.683+0000] {processor.py:925} INFO - DAG(s) 'neon_backup_v2' retrieved from /opt/airflow/dags/backup_dag.py
[2024-11-24T15:38:09.722+0000] {logging_mixin.py:190} INFO - [2024-11-24T15:38:09.721+0000] {dag.py:3239} INFO - Sync 1 DAGs
[2024-11-24T15:38:09.785+0000] {logging_mixin.py:190} INFO - [2024-11-24T15:38:09.785+0000] {dag.py:4180} INFO - Setting next_dagrun for neon_backup_v2 to 2024-11-01 00:00:00+00:00, run_after=2024-12-01 00:00:00+00:00
[2024-11-24T15:38:09.836+0000] {processor.py:208} INFO - Processing /opt/airflow/dags/backup_dag.py took 1.593 seconds
[2024-11-24T15:38:40.464+0000] {processor.py:186} INFO - Started process (PID=1174) to work on /opt/airflow/dags/backup_dag.py
[2024-11-24T15:38:40.476+0000] {processor.py:914} INFO - Processing file /opt/airflow/dags/backup_dag.py for tasks to queue
[2024-11-24T15:38:40.486+0000] {logging_mixin.py:190} INFO - [2024-11-24T15:38:40.485+0000] {dagbag.py:588} INFO - Filling up the DagBag from /opt/airflow/dags/backup_dag.py
[2024-11-24T15:38:42.450+0000] {processor.py:925} INFO - DAG(s) 'neon_backup_v2' retrieved from /opt/airflow/dags/backup_dag.py
[2024-11-24T15:38:42.566+0000] {logging_mixin.py:190} INFO - [2024-11-24T15:38:42.565+0000] {dag.py:3239} INFO - Sync 1 DAGs
[2024-11-24T15:38:42.714+0000] {logging_mixin.py:190} INFO - [2024-11-24T15:38:42.713+0000] {dag.py:4180} INFO - Setting next_dagrun for neon_backup_v2 to 2024-11-01 00:00:00+00:00, run_after=2024-12-01 00:00:00+00:00
[2024-11-24T15:38:42.843+0000] {processor.py:208} INFO - Processing /opt/airflow/dags/backup_dag.py took 2.404 seconds
[2024-11-24T15:39:13.145+0000] {processor.py:186} INFO - Started process (PID=1187) to work on /opt/airflow/dags/backup_dag.py
[2024-11-24T15:39:13.167+0000] {processor.py:914} INFO - Processing file /opt/airflow/dags/backup_dag.py for tasks to queue
[2024-11-24T15:39:13.188+0000] {logging_mixin.py:190} INFO - [2024-11-24T15:39:13.182+0000] {dagbag.py:588} INFO - Filling up the DagBag from /opt/airflow/dags/backup_dag.py
[2024-11-24T15:39:14.315+0000] {processor.py:925} INFO - DAG(s) 'neon_backup_v2' retrieved from /opt/airflow/dags/backup_dag.py
[2024-11-24T15:39:14.438+0000] {logging_mixin.py:190} INFO - [2024-11-24T15:39:14.437+0000] {dag.py:3239} INFO - Sync 1 DAGs
[2024-11-24T15:39:14.882+0000] {logging_mixin.py:190} INFO - [2024-11-24T15:39:14.882+0000] {dag.py:4180} INFO - Setting next_dagrun for neon_backup_v2 to 2024-11-01 00:00:00+00:00, run_after=2024-12-01 00:00:00+00:00
[2024-11-24T15:39:15.001+0000] {processor.py:208} INFO - Processing /opt/airflow/dags/backup_dag.py took 1.892 seconds
[2024-11-24T15:39:45.736+0000] {processor.py:186} INFO - Started process (PID=1202) to work on /opt/airflow/dags/backup_dag.py
[2024-11-24T15:39:45.746+0000] {processor.py:914} INFO - Processing file /opt/airflow/dags/backup_dag.py for tasks to queue
[2024-11-24T15:39:45.758+0000] {logging_mixin.py:190} INFO - [2024-11-24T15:39:45.757+0000] {dagbag.py:588} INFO - Filling up the DagBag from /opt/airflow/dags/backup_dag.py
[2024-11-24T15:39:47.724+0000] {processor.py:925} INFO - DAG(s) 'neon_backup_v2' retrieved from /opt/airflow/dags/backup_dag.py
[2024-11-24T15:39:48.382+0000] {logging_mixin.py:190} INFO - [2024-11-24T15:39:48.381+0000] {dag.py:3239} INFO - Sync 1 DAGs
[2024-11-24T15:39:48.725+0000] {logging_mixin.py:190} INFO - [2024-11-24T15:39:48.724+0000] {dag.py:4180} INFO - Setting next_dagrun for neon_backup_v2 to 2024-11-01 00:00:00+00:00, run_after=2024-12-01 00:00:00+00:00
[2024-11-24T15:39:49.084+0000] {processor.py:208} INFO - Processing /opt/airflow/dags/backup_dag.py took 3.367 seconds
[2024-11-24T15:47:23.082+0000] {processor.py:186} INFO - Started process (PID=61) to work on /opt/airflow/dags/backup_dag.py
[2024-11-24T15:47:23.095+0000] {processor.py:914} INFO - Processing file /opt/airflow/dags/backup_dag.py for tasks to queue
[2024-11-24T15:47:23.115+0000] {logging_mixin.py:190} INFO - [2024-11-24T15:47:23.113+0000] {dagbag.py:588} INFO - Filling up the DagBag from /opt/airflow/dags/backup_dag.py
[2024-11-24T15:47:25.670+0000] {processor.py:925} INFO - DAG(s) 'neon_backup_v2' retrieved from /opt/airflow/dags/backup_dag.py
[2024-11-24T15:47:25.931+0000] {logging_mixin.py:190} INFO - [2024-11-24T15:47:25.930+0000] {dag.py:3239} INFO - Sync 1 DAGs
[2024-11-24T15:47:26.061+0000] {logging_mixin.py:190} INFO - [2024-11-24T15:47:26.061+0000] {dag.py:4180} INFO - Setting next_dagrun for neon_backup_v2 to 2024-11-01 00:00:00+00:00, run_after=2024-12-01 00:00:00+00:00
[2024-11-24T15:47:26.150+0000] {processor.py:208} INFO - Processing /opt/airflow/dags/backup_dag.py took 3.106 seconds
[2024-11-24T15:47:56.373+0000] {processor.py:186} INFO - Started process (PID=80) to work on /opt/airflow/dags/backup_dag.py
[2024-11-24T15:47:56.375+0000] {processor.py:914} INFO - Processing file /opt/airflow/dags/backup_dag.py for tasks to queue
[2024-11-24T15:47:56.379+0000] {logging_mixin.py:190} INFO - [2024-11-24T15:47:56.378+0000] {dagbag.py:588} INFO - Filling up the DagBag from /opt/airflow/dags/backup_dag.py
[2024-11-24T15:47:58.005+0000] {processor.py:925} INFO - DAG(s) 'neon_backup_v2' retrieved from /opt/airflow/dags/backup_dag.py
[2024-11-24T15:47:58.065+0000] {logging_mixin.py:190} INFO - [2024-11-24T15:47:58.065+0000] {dag.py:3239} INFO - Sync 1 DAGs
[2024-11-24T15:47:58.124+0000] {logging_mixin.py:190} INFO - [2024-11-24T15:47:58.124+0000] {dag.py:4180} INFO - Setting next_dagrun for neon_backup_v2 to 2024-11-01 00:00:00+00:00, run_after=2024-12-01 00:00:00+00:00
[2024-11-24T15:47:58.190+0000] {processor.py:208} INFO - Processing /opt/airflow/dags/backup_dag.py took 1.828 seconds
[2024-11-24T15:48:28.373+0000] {processor.py:186} INFO - Started process (PID=95) to work on /opt/airflow/dags/backup_dag.py
[2024-11-24T15:48:28.388+0000] {processor.py:914} INFO - Processing file /opt/airflow/dags/backup_dag.py for tasks to queue
[2024-11-24T15:48:28.391+0000] {logging_mixin.py:190} INFO - [2024-11-24T15:48:28.391+0000] {dagbag.py:588} INFO - Filling up the DagBag from /opt/airflow/dags/backup_dag.py
[2024-11-24T15:48:30.202+0000] {processor.py:925} INFO - DAG(s) 'neon_backup_v2' retrieved from /opt/airflow/dags/backup_dag.py
[2024-11-24T15:48:30.254+0000] {logging_mixin.py:190} INFO - [2024-11-24T15:48:30.254+0000] {dag.py:3239} INFO - Sync 1 DAGs
[2024-11-24T15:48:30.282+0000] {logging_mixin.py:190} INFO - [2024-11-24T15:48:30.281+0000] {dag.py:4180} INFO - Setting next_dagrun for neon_backup_v2 to 2024-11-01 00:00:00+00:00, run_after=2024-12-01 00:00:00+00:00
[2024-11-24T15:48:30.316+0000] {processor.py:208} INFO - Processing /opt/airflow/dags/backup_dag.py took 1.952 seconds
[2024-11-24T15:49:00.634+0000] {processor.py:186} INFO - Started process (PID=109) to work on /opt/airflow/dags/backup_dag.py
[2024-11-24T15:49:00.645+0000] {processor.py:914} INFO - Processing file /opt/airflow/dags/backup_dag.py for tasks to queue
[2024-11-24T15:49:00.662+0000] {logging_mixin.py:190} INFO - [2024-11-24T15:49:00.659+0000] {dagbag.py:588} INFO - Filling up the DagBag from /opt/airflow/dags/backup_dag.py
[2024-11-24T15:49:02.928+0000] {processor.py:925} INFO - DAG(s) 'neon_backup_v2' retrieved from /opt/airflow/dags/backup_dag.py
[2024-11-24T15:49:03.009+0000] {logging_mixin.py:190} INFO - [2024-11-24T15:49:03.007+0000] {dag.py:3239} INFO - Sync 1 DAGs
[2024-11-24T15:49:03.086+0000] {logging_mixin.py:190} INFO - [2024-11-24T15:49:03.086+0000] {dag.py:4180} INFO - Setting next_dagrun for neon_backup_v2 to 2024-11-01 00:00:00+00:00, run_after=2024-12-01 00:00:00+00:00
[2024-11-24T15:49:03.170+0000] {processor.py:208} INFO - Processing /opt/airflow/dags/backup_dag.py took 2.600 seconds
[2024-11-24T15:49:33.387+0000] {processor.py:186} INFO - Started process (PID=125) to work on /opt/airflow/dags/backup_dag.py
[2024-11-24T15:49:33.392+0000] {processor.py:914} INFO - Processing file /opt/airflow/dags/backup_dag.py for tasks to queue
[2024-11-24T15:49:33.398+0000] {logging_mixin.py:190} INFO - [2024-11-24T15:49:33.397+0000] {dagbag.py:588} INFO - Filling up the DagBag from /opt/airflow/dags/backup_dag.py
[2024-11-24T15:49:34.299+0000] {processor.py:925} INFO - DAG(s) 'neon_backup_v2' retrieved from /opt/airflow/dags/backup_dag.py
[2024-11-24T15:49:34.357+0000] {logging_mixin.py:190} INFO - [2024-11-24T15:49:34.357+0000] {dag.py:3239} INFO - Sync 1 DAGs
[2024-11-24T15:49:34.415+0000] {logging_mixin.py:190} INFO - [2024-11-24T15:49:34.414+0000] {dag.py:4180} INFO - Setting next_dagrun for neon_backup_v2 to 2024-11-01 00:00:00+00:00, run_after=2024-12-01 00:00:00+00:00
[2024-11-24T15:49:34.463+0000] {processor.py:208} INFO - Processing /opt/airflow/dags/backup_dag.py took 1.087 seconds
[2024-11-24T15:50:04.851+0000] {processor.py:186} INFO - Started process (PID=139) to work on /opt/airflow/dags/backup_dag.py
[2024-11-24T15:50:04.916+0000] {processor.py:914} INFO - Processing file /opt/airflow/dags/backup_dag.py for tasks to queue
[2024-11-24T15:50:04.940+0000] {logging_mixin.py:190} INFO - [2024-11-24T15:50:04.939+0000] {dagbag.py:588} INFO - Filling up the DagBag from /opt/airflow/dags/backup_dag.py
[2024-11-24T15:50:06.798+0000] {processor.py:925} INFO - DAG(s) 'neon_backup_v2' retrieved from /opt/airflow/dags/backup_dag.py
[2024-11-24T15:50:06.962+0000] {logging_mixin.py:190} INFO - [2024-11-24T15:50:06.961+0000] {dag.py:3239} INFO - Sync 1 DAGs
[2024-11-24T15:50:07.060+0000] {logging_mixin.py:190} INFO - [2024-11-24T15:50:07.059+0000] {dag.py:4180} INFO - Setting next_dagrun for neon_backup_v2 to 2024-11-01 00:00:00+00:00, run_after=2024-12-01 00:00:00+00:00
[2024-11-24T15:50:07.136+0000] {processor.py:208} INFO - Processing /opt/airflow/dags/backup_dag.py took 2.471 seconds
[2024-11-24T15:50:37.223+0000] {processor.py:186} INFO - Started process (PID=153) to work on /opt/airflow/dags/backup_dag.py
[2024-11-24T15:50:37.231+0000] {processor.py:914} INFO - Processing file /opt/airflow/dags/backup_dag.py for tasks to queue
[2024-11-24T15:50:37.263+0000] {logging_mixin.py:190} INFO - [2024-11-24T15:50:37.262+0000] {dagbag.py:588} INFO - Filling up the DagBag from /opt/airflow/dags/backup_dag.py
[2024-11-24T15:50:38.010+0000] {processor.py:925} INFO - DAG(s) 'neon_backup_v2' retrieved from /opt/airflow/dags/backup_dag.py
[2024-11-24T15:50:38.131+0000] {logging_mixin.py:190} INFO - [2024-11-24T15:50:38.130+0000] {dag.py:3239} INFO - Sync 1 DAGs
[2024-11-24T15:50:38.230+0000] {logging_mixin.py:190} INFO - [2024-11-24T15:50:38.230+0000] {dag.py:4180} INFO - Setting next_dagrun for neon_backup_v2 to 2024-11-01 00:00:00+00:00, run_after=2024-12-01 00:00:00+00:00
[2024-11-24T15:50:38.535+0000] {processor.py:208} INFO - Processing /opt/airflow/dags/backup_dag.py took 1.347 seconds
[2024-11-24T15:51:08.865+0000] {processor.py:186} INFO - Started process (PID=168) to work on /opt/airflow/dags/backup_dag.py
[2024-11-24T15:51:08.869+0000] {processor.py:914} INFO - Processing file /opt/airflow/dags/backup_dag.py for tasks to queue
[2024-11-24T15:51:08.882+0000] {logging_mixin.py:190} INFO - [2024-11-24T15:51:08.880+0000] {dagbag.py:588} INFO - Filling up the DagBag from /opt/airflow/dags/backup_dag.py
[2024-11-24T15:51:10.131+0000] {processor.py:925} INFO - DAG(s) 'neon_backup_v2' retrieved from /opt/airflow/dags/backup_dag.py
[2024-11-24T15:51:10.238+0000] {logging_mixin.py:190} INFO - [2024-11-24T15:51:10.236+0000] {dag.py:3239} INFO - Sync 1 DAGs
[2024-11-24T15:51:10.357+0000] {logging_mixin.py:190} INFO - [2024-11-24T15:51:10.357+0000] {dag.py:4180} INFO - Setting next_dagrun for neon_backup_v2 to 2024-11-01 00:00:00+00:00, run_after=2024-12-01 00:00:00+00:00
[2024-11-24T15:51:10.558+0000] {processor.py:208} INFO - Processing /opt/airflow/dags/backup_dag.py took 1.708 seconds
[2024-11-24T15:51:40.965+0000] {processor.py:186} INFO - Started process (PID=183) to work on /opt/airflow/dags/backup_dag.py
[2024-11-24T15:51:40.973+0000] {processor.py:914} INFO - Processing file /opt/airflow/dags/backup_dag.py for tasks to queue
[2024-11-24T15:51:40.977+0000] {logging_mixin.py:190} INFO - [2024-11-24T15:51:40.976+0000] {dagbag.py:588} INFO - Filling up the DagBag from /opt/airflow/dags/backup_dag.py
[2024-11-24T15:51:41.942+0000] {processor.py:925} INFO - DAG(s) 'neon_backup_v2' retrieved from /opt/airflow/dags/backup_dag.py
[2024-11-24T15:51:42.011+0000] {logging_mixin.py:190} INFO - [2024-11-24T15:51:42.011+0000] {dag.py:3239} INFO - Sync 1 DAGs
[2024-11-24T15:51:42.048+0000] {logging_mixin.py:190} INFO - [2024-11-24T15:51:42.047+0000] {dag.py:4180} INFO - Setting next_dagrun for neon_backup_v2 to 2024-11-01 00:00:00+00:00, run_after=2024-12-01 00:00:00+00:00
[2024-11-24T15:51:42.082+0000] {processor.py:208} INFO - Processing /opt/airflow/dags/backup_dag.py took 1.143 seconds
[2024-11-24T15:52:12.429+0000] {processor.py:186} INFO - Started process (PID=198) to work on /opt/airflow/dags/backup_dag.py
[2024-11-24T15:52:12.438+0000] {processor.py:914} INFO - Processing file /opt/airflow/dags/backup_dag.py for tasks to queue
[2024-11-24T15:52:12.445+0000] {logging_mixin.py:190} INFO - [2024-11-24T15:52:12.444+0000] {dagbag.py:588} INFO - Filling up the DagBag from /opt/airflow/dags/backup_dag.py
[2024-11-24T15:52:13.406+0000] {processor.py:925} INFO - DAG(s) 'neon_backup_v2' retrieved from /opt/airflow/dags/backup_dag.py
[2024-11-24T15:52:13.471+0000] {logging_mixin.py:190} INFO - [2024-11-24T15:52:13.470+0000] {dag.py:3239} INFO - Sync 1 DAGs
[2024-11-24T15:52:13.536+0000] {logging_mixin.py:190} INFO - [2024-11-24T15:52:13.536+0000] {dag.py:4180} INFO - Setting next_dagrun for neon_backup_v2 to 2024-11-01 00:00:00+00:00, run_after=2024-12-01 00:00:00+00:00
[2024-11-24T15:52:13.599+0000] {processor.py:208} INFO - Processing /opt/airflow/dags/backup_dag.py took 1.193 seconds
[2024-11-24T15:52:43.675+0000] {processor.py:186} INFO - Started process (PID=213) to work on /opt/airflow/dags/backup_dag.py
[2024-11-24T15:52:43.683+0000] {processor.py:914} INFO - Processing file /opt/airflow/dags/backup_dag.py for tasks to queue
[2024-11-24T15:52:43.690+0000] {logging_mixin.py:190} INFO - [2024-11-24T15:52:43.689+0000] {dagbag.py:588} INFO - Filling up the DagBag from /opt/airflow/dags/backup_dag.py
[2024-11-24T15:52:44.715+0000] {processor.py:925} INFO - DAG(s) 'neon_backup_v2' retrieved from /opt/airflow/dags/backup_dag.py
[2024-11-24T15:52:44.904+0000] {logging_mixin.py:190} INFO - [2024-11-24T15:52:44.903+0000] {dag.py:3239} INFO - Sync 1 DAGs
[2024-11-24T15:52:45.016+0000] {logging_mixin.py:190} INFO - [2024-11-24T15:52:45.016+0000] {dag.py:4180} INFO - Setting next_dagrun for neon_backup_v2 to 2024-11-01 00:00:00+00:00, run_after=2024-12-01 00:00:00+00:00
[2024-11-24T15:52:45.086+0000] {processor.py:208} INFO - Processing /opt/airflow/dags/backup_dag.py took 1.428 seconds
