[2024-11-24T15:00:31.619+0000] {processor.py:186} INFO - Started process (PID=60) to work on /opt/airflow/dags/fraud_detection_dag.py
[2024-11-24T15:00:31.625+0000] {processor.py:914} INFO - Processing file /opt/airflow/dags/fraud_detection_dag.py for tasks to queue
[2024-11-24T15:00:31.633+0000] {logging_mixin.py:190} INFO - [2024-11-24T15:00:31.632+0000] {dagbag.py:588} INFO - Filling up the DagBag from /opt/airflow/dags/fraud_detection_dag.py
[2024-11-24T15:00:39.115+0000] {processor.py:925} INFO - DAG(s) 'fraud_detection' retrieved from /opt/airflow/dags/fraud_detection_dag.py
[2024-11-24T15:00:39.195+0000] {logging_mixin.py:190} INFO - [2024-11-24T15:00:39.194+0000] {dag.py:3239} INFO - Sync 1 DAGs
[2024-11-24T15:00:39.296+0000] {logging_mixin.py:190} INFO - [2024-11-24T15:00:39.296+0000] {dag.py:4180} INFO - Setting next_dagrun for fraud_detection to 2024-11-24 14:59:00+00:00, run_after=2024-11-24 15:00:00+00:00
[2024-11-24T15:00:39.377+0000] {processor.py:208} INFO - Processing /opt/airflow/dags/fraud_detection_dag.py took 7.821 seconds
[2024-11-24T15:01:10.958+0000] {processor.py:186} INFO - Started process (PID=79) to work on /opt/airflow/dags/fraud_detection_dag.py
[2024-11-24T15:01:10.962+0000] {processor.py:914} INFO - Processing file /opt/airflow/dags/fraud_detection_dag.py for tasks to queue
[2024-11-24T15:01:10.976+0000] {logging_mixin.py:190} INFO - [2024-11-24T15:01:10.971+0000] {dagbag.py:588} INFO - Filling up the DagBag from /opt/airflow/dags/fraud_detection_dag.py
[2024-11-24T15:01:14.734+0000] {processor.py:925} INFO - DAG(s) 'fraud_detection' retrieved from /opt/airflow/dags/fraud_detection_dag.py
[2024-11-24T15:01:14.934+0000] {logging_mixin.py:190} INFO - [2024-11-24T15:01:14.933+0000] {dag.py:3239} INFO - Sync 1 DAGs
[2024-11-24T15:01:15.114+0000] {logging_mixin.py:190} INFO - [2024-11-24T15:01:15.114+0000] {dag.py:4180} INFO - Setting next_dagrun for fraud_detection to 2024-11-24 15:00:00+00:00, run_after=2024-11-24 15:01:00+00:00
[2024-11-24T15:01:15.191+0000] {processor.py:208} INFO - Processing /opt/airflow/dags/fraud_detection_dag.py took 4.290 seconds
[2024-11-24T15:01:45.513+0000] {processor.py:186} INFO - Started process (PID=94) to work on /opt/airflow/dags/fraud_detection_dag.py
[2024-11-24T15:01:45.516+0000] {processor.py:914} INFO - Processing file /opt/airflow/dags/fraud_detection_dag.py for tasks to queue
[2024-11-24T15:01:45.524+0000] {logging_mixin.py:190} INFO - [2024-11-24T15:01:45.524+0000] {dagbag.py:588} INFO - Filling up the DagBag from /opt/airflow/dags/fraud_detection_dag.py
[2024-11-24T15:01:50.885+0000] {processor.py:925} INFO - DAG(s) 'fraud_detection' retrieved from /opt/airflow/dags/fraud_detection_dag.py
[2024-11-24T15:01:51.269+0000] {logging_mixin.py:190} INFO - [2024-11-24T15:01:51.268+0000] {dag.py:3239} INFO - Sync 1 DAGs
[2024-11-24T15:01:52.206+0000] {logging_mixin.py:190} INFO - [2024-11-24T15:01:52.206+0000] {dag.py:4180} INFO - Setting next_dagrun for fraud_detection to 2024-11-24 15:00:00+00:00, run_after=2024-11-24 15:01:00+00:00
[2024-11-24T15:01:52.319+0000] {processor.py:208} INFO - Processing /opt/airflow/dags/fraud_detection_dag.py took 6.835 seconds
[2024-11-24T15:02:22.765+0000] {processor.py:186} INFO - Started process (PID=108) to work on /opt/airflow/dags/fraud_detection_dag.py
[2024-11-24T15:02:22.775+0000] {processor.py:914} INFO - Processing file /opt/airflow/dags/fraud_detection_dag.py for tasks to queue
[2024-11-24T15:02:22.787+0000] {logging_mixin.py:190} INFO - [2024-11-24T15:02:22.786+0000] {dagbag.py:588} INFO - Filling up the DagBag from /opt/airflow/dags/fraud_detection_dag.py
[2024-11-24T15:02:28.819+0000] {processor.py:925} INFO - DAG(s) 'fraud_detection' retrieved from /opt/airflow/dags/fraud_detection_dag.py
[2024-11-24T15:02:29.039+0000] {logging_mixin.py:190} INFO - [2024-11-24T15:02:29.038+0000] {dag.py:3239} INFO - Sync 1 DAGs
[2024-11-24T15:02:29.125+0000] {logging_mixin.py:190} INFO - [2024-11-24T15:02:29.125+0000] {dag.py:4180} INFO - Setting next_dagrun for fraud_detection to 2024-11-24 15:01:00+00:00, run_after=2024-11-24 15:02:00+00:00
[2024-11-24T15:02:29.270+0000] {processor.py:208} INFO - Processing /opt/airflow/dags/fraud_detection_dag.py took 6.512 seconds
[2024-11-24T15:02:59.784+0000] {processor.py:186} INFO - Started process (PID=129) to work on /opt/airflow/dags/fraud_detection_dag.py
[2024-11-24T15:02:59.802+0000] {processor.py:914} INFO - Processing file /opt/airflow/dags/fraud_detection_dag.py for tasks to queue
[2024-11-24T15:02:59.819+0000] {logging_mixin.py:190} INFO - [2024-11-24T15:02:59.817+0000] {dagbag.py:588} INFO - Filling up the DagBag from /opt/airflow/dags/fraud_detection_dag.py
[2024-11-24T15:03:04.631+0000] {processor.py:925} INFO - DAG(s) 'fraud_detection' retrieved from /opt/airflow/dags/fraud_detection_dag.py
[2024-11-24T15:03:04.748+0000] {logging_mixin.py:190} INFO - [2024-11-24T15:03:04.747+0000] {dag.py:3239} INFO - Sync 1 DAGs
[2024-11-24T15:03:04.853+0000] {logging_mixin.py:190} INFO - [2024-11-24T15:03:04.852+0000] {dag.py:4180} INFO - Setting next_dagrun for fraud_detection to 2024-11-24 15:02:00+00:00, run_after=2024-11-24 15:03:00+00:00
[2024-11-24T15:03:04.963+0000] {processor.py:208} INFO - Processing /opt/airflow/dags/fraud_detection_dag.py took 5.255 seconds
[2024-11-24T15:03:35.415+0000] {processor.py:186} INFO - Started process (PID=144) to work on /opt/airflow/dags/fraud_detection_dag.py
[2024-11-24T15:03:35.422+0000] {processor.py:914} INFO - Processing file /opt/airflow/dags/fraud_detection_dag.py for tasks to queue
[2024-11-24T15:03:35.449+0000] {logging_mixin.py:190} INFO - [2024-11-24T15:03:35.449+0000] {dagbag.py:588} INFO - Filling up the DagBag from /opt/airflow/dags/fraud_detection_dag.py
[2024-11-24T15:03:37.955+0000] {processor.py:925} INFO - DAG(s) 'fraud_detection' retrieved from /opt/airflow/dags/fraud_detection_dag.py
[2024-11-24T15:03:38.028+0000] {logging_mixin.py:190} INFO - [2024-11-24T15:03:38.027+0000] {dag.py:3239} INFO - Sync 1 DAGs
[2024-11-24T15:03:38.115+0000] {logging_mixin.py:190} INFO - [2024-11-24T15:03:38.114+0000] {dag.py:4180} INFO - Setting next_dagrun for fraud_detection to 2024-11-24 15:02:00+00:00, run_after=2024-11-24 15:03:00+00:00
[2024-11-24T15:03:38.223+0000] {processor.py:208} INFO - Processing /opt/airflow/dags/fraud_detection_dag.py took 2.820 seconds
[2024-11-24T15:04:08.537+0000] {processor.py:186} INFO - Started process (PID=159) to work on /opt/airflow/dags/fraud_detection_dag.py
[2024-11-24T15:04:08.541+0000] {processor.py:914} INFO - Processing file /opt/airflow/dags/fraud_detection_dag.py for tasks to queue
[2024-11-24T15:04:08.547+0000] {logging_mixin.py:190} INFO - [2024-11-24T15:04:08.546+0000] {dagbag.py:588} INFO - Filling up the DagBag from /opt/airflow/dags/fraud_detection_dag.py
[2024-11-24T15:04:10.855+0000] {processor.py:925} INFO - DAG(s) 'fraud_detection' retrieved from /opt/airflow/dags/fraud_detection_dag.py
[2024-11-24T15:04:10.923+0000] {logging_mixin.py:190} INFO - [2024-11-24T15:04:10.922+0000] {dag.py:3239} INFO - Sync 1 DAGs
[2024-11-24T15:04:11.002+0000] {logging_mixin.py:190} INFO - [2024-11-24T15:04:11.001+0000] {dag.py:4180} INFO - Setting next_dagrun for fraud_detection to 2024-11-24 15:03:00+00:00, run_after=2024-11-24 15:04:00+00:00
[2024-11-24T15:04:11.087+0000] {processor.py:208} INFO - Processing /opt/airflow/dags/fraud_detection_dag.py took 2.566 seconds
[2024-11-24T15:04:41.883+0000] {processor.py:186} INFO - Started process (PID=174) to work on /opt/airflow/dags/fraud_detection_dag.py
[2024-11-24T15:04:41.890+0000] {processor.py:914} INFO - Processing file /opt/airflow/dags/fraud_detection_dag.py for tasks to queue
[2024-11-24T15:04:41.896+0000] {logging_mixin.py:190} INFO - [2024-11-24T15:04:41.895+0000] {dagbag.py:588} INFO - Filling up the DagBag from /opt/airflow/dags/fraud_detection_dag.py
[2024-11-24T15:04:43.599+0000] {processor.py:925} INFO - DAG(s) 'fraud_detection' retrieved from /opt/airflow/dags/fraud_detection_dag.py
[2024-11-24T15:04:43.646+0000] {logging_mixin.py:190} INFO - [2024-11-24T15:04:43.646+0000] {dag.py:3239} INFO - Sync 1 DAGs
[2024-11-24T15:04:43.687+0000] {logging_mixin.py:190} INFO - [2024-11-24T15:04:43.687+0000] {dag.py:4180} INFO - Setting next_dagrun for fraud_detection to 2024-11-24 15:03:00+00:00, run_after=2024-11-24 15:04:00+00:00
[2024-11-24T15:04:43.730+0000] {processor.py:208} INFO - Processing /opt/airflow/dags/fraud_detection_dag.py took 1.860 seconds
[2024-11-24T15:05:14.296+0000] {processor.py:186} INFO - Started process (PID=190) to work on /opt/airflow/dags/fraud_detection_dag.py
[2024-11-24T15:05:14.306+0000] {processor.py:914} INFO - Processing file /opt/airflow/dags/fraud_detection_dag.py for tasks to queue
[2024-11-24T15:05:14.317+0000] {logging_mixin.py:190} INFO - [2024-11-24T15:05:14.313+0000] {dagbag.py:588} INFO - Filling up the DagBag from /opt/airflow/dags/fraud_detection_dag.py
[2024-11-24T15:05:17.118+0000] {processor.py:925} INFO - DAG(s) 'fraud_detection' retrieved from /opt/airflow/dags/fraud_detection_dag.py
[2024-11-24T15:05:17.318+0000] {logging_mixin.py:190} INFO - [2024-11-24T15:05:17.317+0000] {dag.py:3239} INFO - Sync 1 DAGs
[2024-11-24T15:05:17.442+0000] {logging_mixin.py:190} INFO - [2024-11-24T15:05:17.442+0000] {dag.py:4180} INFO - Setting next_dagrun for fraud_detection to 2024-11-24 15:04:00+00:00, run_after=2024-11-24 15:05:00+00:00
[2024-11-24T15:05:17.503+0000] {processor.py:208} INFO - Processing /opt/airflow/dags/fraud_detection_dag.py took 3.235 seconds
[2024-11-24T15:05:48.146+0000] {processor.py:186} INFO - Started process (PID=205) to work on /opt/airflow/dags/fraud_detection_dag.py
[2024-11-24T15:05:48.157+0000] {processor.py:914} INFO - Processing file /opt/airflow/dags/fraud_detection_dag.py for tasks to queue
[2024-11-24T15:05:48.162+0000] {logging_mixin.py:190} INFO - [2024-11-24T15:05:48.162+0000] {dagbag.py:588} INFO - Filling up the DagBag from /opt/airflow/dags/fraud_detection_dag.py
[2024-11-24T15:05:50.695+0000] {processor.py:925} INFO - DAG(s) 'fraud_detection' retrieved from /opt/airflow/dags/fraud_detection_dag.py
[2024-11-24T15:05:50.808+0000] {logging_mixin.py:190} INFO - [2024-11-24T15:05:50.807+0000] {dag.py:3239} INFO - Sync 1 DAGs
[2024-11-24T15:05:50.876+0000] {logging_mixin.py:190} INFO - [2024-11-24T15:05:50.876+0000] {dag.py:4180} INFO - Setting next_dagrun for fraud_detection to 2024-11-24 15:04:00+00:00, run_after=2024-11-24 15:05:00+00:00
[2024-11-24T15:05:50.964+0000] {processor.py:208} INFO - Processing /opt/airflow/dags/fraud_detection_dag.py took 2.827 seconds
[2024-11-24T15:06:21.166+0000] {processor.py:186} INFO - Started process (PID=220) to work on /opt/airflow/dags/fraud_detection_dag.py
[2024-11-24T15:06:21.172+0000] {processor.py:914} INFO - Processing file /opt/airflow/dags/fraud_detection_dag.py for tasks to queue
[2024-11-24T15:06:21.195+0000] {logging_mixin.py:190} INFO - [2024-11-24T15:06:21.193+0000] {dagbag.py:588} INFO - Filling up the DagBag from /opt/airflow/dags/fraud_detection_dag.py
[2024-11-24T15:06:24.412+0000] {processor.py:925} INFO - DAG(s) 'fraud_detection' retrieved from /opt/airflow/dags/fraud_detection_dag.py
[2024-11-24T15:06:24.734+0000] {logging_mixin.py:190} INFO - [2024-11-24T15:06:24.730+0000] {dag.py:3239} INFO - Sync 1 DAGs
[2024-11-24T15:06:24.936+0000] {logging_mixin.py:190} INFO - [2024-11-24T15:06:24.935+0000] {dag.py:4180} INFO - Setting next_dagrun for fraud_detection to 2024-11-24 15:05:00+00:00, run_after=2024-11-24 15:06:00+00:00
[2024-11-24T15:06:25.201+0000] {processor.py:208} INFO - Processing /opt/airflow/dags/fraud_detection_dag.py took 4.061 seconds
[2024-11-24T15:06:55.459+0000] {processor.py:186} INFO - Started process (PID=235) to work on /opt/airflow/dags/fraud_detection_dag.py
[2024-11-24T15:06:55.469+0000] {processor.py:914} INFO - Processing file /opt/airflow/dags/fraud_detection_dag.py for tasks to queue
[2024-11-24T15:06:55.493+0000] {logging_mixin.py:190} INFO - [2024-11-24T15:06:55.489+0000] {dagbag.py:588} INFO - Filling up the DagBag from /opt/airflow/dags/fraud_detection_dag.py
[2024-11-24T15:07:00.346+0000] {processor.py:925} INFO - DAG(s) 'fraud_detection' retrieved from /opt/airflow/dags/fraud_detection_dag.py
[2024-11-24T15:07:00.415+0000] {logging_mixin.py:190} INFO - [2024-11-24T15:07:00.414+0000] {dag.py:3239} INFO - Sync 1 DAGs
[2024-11-24T15:07:00.480+0000] {logging_mixin.py:190} INFO - [2024-11-24T15:07:00.479+0000] {dag.py:4180} INFO - Setting next_dagrun for fraud_detection to 2024-11-24 15:06:00+00:00, run_after=2024-11-24 15:07:00+00:00
[2024-11-24T15:07:00.550+0000] {processor.py:208} INFO - Processing /opt/airflow/dags/fraud_detection_dag.py took 5.129 seconds
[2024-11-24T15:07:31.458+0000] {processor.py:186} INFO - Started process (PID=256) to work on /opt/airflow/dags/fraud_detection_dag.py
[2024-11-24T15:07:31.473+0000] {processor.py:914} INFO - Processing file /opt/airflow/dags/fraud_detection_dag.py for tasks to queue
[2024-11-24T15:07:31.478+0000] {logging_mixin.py:190} INFO - [2024-11-24T15:07:31.476+0000] {dagbag.py:588} INFO - Filling up the DagBag from /opt/airflow/dags/fraud_detection_dag.py
[2024-11-24T15:07:34.394+0000] {processor.py:925} INFO - DAG(s) 'fraud_detection' retrieved from /opt/airflow/dags/fraud_detection_dag.py
[2024-11-24T15:07:34.871+0000] {logging_mixin.py:190} INFO - [2024-11-24T15:07:34.870+0000] {dag.py:3239} INFO - Sync 1 DAGs
[2024-11-24T15:07:34.991+0000] {logging_mixin.py:190} INFO - [2024-11-24T15:07:34.991+0000] {dag.py:4180} INFO - Setting next_dagrun for fraud_detection to 2024-11-24 15:06:00+00:00, run_after=2024-11-24 15:07:00+00:00
[2024-11-24T15:07:35.347+0000] {processor.py:208} INFO - Processing /opt/airflow/dags/fraud_detection_dag.py took 3.903 seconds
[2024-11-24T15:08:06.071+0000] {processor.py:186} INFO - Started process (PID=272) to work on /opt/airflow/dags/fraud_detection_dag.py
[2024-11-24T15:08:06.075+0000] {processor.py:914} INFO - Processing file /opt/airflow/dags/fraud_detection_dag.py for tasks to queue
[2024-11-24T15:08:06.084+0000] {logging_mixin.py:190} INFO - [2024-11-24T15:08:06.083+0000] {dagbag.py:588} INFO - Filling up the DagBag from /opt/airflow/dags/fraud_detection_dag.py
[2024-11-24T15:08:08.811+0000] {processor.py:925} INFO - DAG(s) 'fraud_detection' retrieved from /opt/airflow/dags/fraud_detection_dag.py
[2024-11-24T15:08:09.081+0000] {logging_mixin.py:190} INFO - [2024-11-24T15:08:09.080+0000] {dag.py:3239} INFO - Sync 1 DAGs
[2024-11-24T15:08:09.243+0000] {logging_mixin.py:190} INFO - [2024-11-24T15:08:09.242+0000] {dag.py:4180} INFO - Setting next_dagrun for fraud_detection to 2024-11-24 15:07:00+00:00, run_after=2024-11-24 15:08:00+00:00
[2024-11-24T15:08:09.371+0000] {processor.py:208} INFO - Processing /opt/airflow/dags/fraud_detection_dag.py took 3.319 seconds
[2024-11-24T15:08:39.714+0000] {processor.py:186} INFO - Started process (PID=288) to work on /opt/airflow/dags/fraud_detection_dag.py
[2024-11-24T15:08:39.718+0000] {processor.py:914} INFO - Processing file /opt/airflow/dags/fraud_detection_dag.py for tasks to queue
[2024-11-24T15:08:39.731+0000] {logging_mixin.py:190} INFO - [2024-11-24T15:08:39.729+0000] {dagbag.py:588} INFO - Filling up the DagBag from /opt/airflow/dags/fraud_detection_dag.py
[2024-11-24T15:08:42.635+0000] {processor.py:925} INFO - DAG(s) 'fraud_detection' retrieved from /opt/airflow/dags/fraud_detection_dag.py
[2024-11-24T15:08:42.740+0000] {logging_mixin.py:190} INFO - [2024-11-24T15:08:42.739+0000] {dag.py:3239} INFO - Sync 1 DAGs
[2024-11-24T15:08:42.787+0000] {logging_mixin.py:190} INFO - [2024-11-24T15:08:42.787+0000] {dag.py:4180} INFO - Setting next_dagrun for fraud_detection to 2024-11-24 15:07:00+00:00, run_after=2024-11-24 15:08:00+00:00
[2024-11-24T15:08:42.833+0000] {processor.py:208} INFO - Processing /opt/airflow/dags/fraud_detection_dag.py took 3.143 seconds
[2024-11-24T15:09:12.937+0000] {processor.py:186} INFO - Started process (PID=303) to work on /opt/airflow/dags/fraud_detection_dag.py
[2024-11-24T15:09:12.941+0000] {processor.py:914} INFO - Processing file /opt/airflow/dags/fraud_detection_dag.py for tasks to queue
[2024-11-24T15:09:12.950+0000] {logging_mixin.py:190} INFO - [2024-11-24T15:09:12.949+0000] {dagbag.py:588} INFO - Filling up the DagBag from /opt/airflow/dags/fraud_detection_dag.py
[2024-11-24T15:09:15.154+0000] {processor.py:925} INFO - DAG(s) 'fraud_detection' retrieved from /opt/airflow/dags/fraud_detection_dag.py
[2024-11-24T15:09:15.280+0000] {logging_mixin.py:190} INFO - [2024-11-24T15:09:15.279+0000] {dag.py:3239} INFO - Sync 1 DAGs
[2024-11-24T15:09:15.348+0000] {logging_mixin.py:190} INFO - [2024-11-24T15:09:15.345+0000] {dag.py:4180} INFO - Setting next_dagrun for fraud_detection to 2024-11-24 15:08:00+00:00, run_after=2024-11-24 15:09:00+00:00
[2024-11-24T15:09:15.420+0000] {processor.py:208} INFO - Processing /opt/airflow/dags/fraud_detection_dag.py took 2.499 seconds
[2024-11-24T15:09:45.594+0000] {processor.py:186} INFO - Started process (PID=320) to work on /opt/airflow/dags/fraud_detection_dag.py
[2024-11-24T15:09:45.602+0000] {processor.py:914} INFO - Processing file /opt/airflow/dags/fraud_detection_dag.py for tasks to queue
[2024-11-24T15:09:45.609+0000] {logging_mixin.py:190} INFO - [2024-11-24T15:09:45.606+0000] {dagbag.py:588} INFO - Filling up the DagBag from /opt/airflow/dags/fraud_detection_dag.py
[2024-11-24T15:09:47.968+0000] {processor.py:925} INFO - DAG(s) 'fraud_detection' retrieved from /opt/airflow/dags/fraud_detection_dag.py
[2024-11-24T15:09:48.041+0000] {logging_mixin.py:190} INFO - [2024-11-24T15:09:48.040+0000] {dag.py:3239} INFO - Sync 1 DAGs
[2024-11-24T15:09:48.090+0000] {logging_mixin.py:190} INFO - [2024-11-24T15:09:48.089+0000] {dag.py:4180} INFO - Setting next_dagrun for fraud_detection to 2024-11-24 15:08:00+00:00, run_after=2024-11-24 15:09:00+00:00
[2024-11-24T15:09:48.166+0000] {processor.py:208} INFO - Processing /opt/airflow/dags/fraud_detection_dag.py took 2.588 seconds
[2024-11-24T15:10:10.359+0000] {processor.py:186} INFO - Started process (PID=331) to work on /opt/airflow/dags/fraud_detection_dag.py
[2024-11-24T15:10:10.361+0000] {processor.py:914} INFO - Processing file /opt/airflow/dags/fraud_detection_dag.py for tasks to queue
[2024-11-24T15:10:10.370+0000] {logging_mixin.py:190} INFO - [2024-11-24T15:10:10.368+0000] {dagbag.py:588} INFO - Filling up the DagBag from /opt/airflow/dags/fraud_detection_dag.py
[2024-11-24T15:10:13.386+0000] {processor.py:925} INFO - DAG(s) 'fraud_detection' retrieved from /opt/airflow/dags/fraud_detection_dag.py
[2024-11-24T15:10:13.527+0000] {logging_mixin.py:190} INFO - [2024-11-24T15:10:13.526+0000] {dag.py:3239} INFO - Sync 1 DAGs
[2024-11-24T15:10:13.583+0000] {logging_mixin.py:190} INFO - [2024-11-24T15:10:13.583+0000] {dag.py:4180} INFO - Setting next_dagrun for fraud_detection to 2024-11-24 15:09:00+00:00, run_after=2024-11-24 15:10:00+00:00
[2024-11-24T15:10:13.634+0000] {processor.py:208} INFO - Processing /opt/airflow/dags/fraud_detection_dag.py took 3.290 seconds
[2024-11-24T15:10:44.601+0000] {processor.py:186} INFO - Started process (PID=351) to work on /opt/airflow/dags/fraud_detection_dag.py
[2024-11-24T15:10:44.615+0000] {processor.py:914} INFO - Processing file /opt/airflow/dags/fraud_detection_dag.py for tasks to queue
[2024-11-24T15:10:44.642+0000] {logging_mixin.py:190} INFO - [2024-11-24T15:10:44.639+0000] {dagbag.py:588} INFO - Filling up the DagBag from /opt/airflow/dags/fraud_detection_dag.py
[2024-11-24T15:10:54.219+0000] {processor.py:925} INFO - DAG(s) 'fraud_detection' retrieved from /opt/airflow/dags/fraud_detection_dag.py
[2024-11-24T15:10:54.758+0000] {logging_mixin.py:190} INFO - [2024-11-24T15:10:54.756+0000] {dag.py:3239} INFO - Sync 1 DAGs
[2024-11-24T15:10:55.131+0000] {logging_mixin.py:190} INFO - [2024-11-24T15:10:55.096+0000] {dag.py:4180} INFO - Setting next_dagrun for fraud_detection to 2024-11-24 15:10:00+00:00, run_after=2024-11-24 15:11:00+00:00
[2024-11-24T15:10:55.418+0000] {processor.py:208} INFO - Processing /opt/airflow/dags/fraud_detection_dag.py took 10.853 seconds
[2024-11-24T15:11:26.623+0000] {processor.py:186} INFO - Started process (PID=375) to work on /opt/airflow/dags/fraud_detection_dag.py
[2024-11-24T15:11:26.642+0000] {processor.py:914} INFO - Processing file /opt/airflow/dags/fraud_detection_dag.py for tasks to queue
[2024-11-24T15:11:26.696+0000] {logging_mixin.py:190} INFO - [2024-11-24T15:11:26.695+0000] {dagbag.py:588} INFO - Filling up the DagBag from /opt/airflow/dags/fraud_detection_dag.py
[2024-11-24T15:11:34.617+0000] {processor.py:925} INFO - DAG(s) 'fraud_detection' retrieved from /opt/airflow/dags/fraud_detection_dag.py
[2024-11-24T15:11:34.818+0000] {logging_mixin.py:190} INFO - [2024-11-24T15:11:34.804+0000] {dag.py:3239} INFO - Sync 1 DAGs
[2024-11-24T15:11:34.977+0000] {logging_mixin.py:190} INFO - [2024-11-24T15:11:34.977+0000] {dag.py:4180} INFO - Setting next_dagrun for fraud_detection to 2024-11-24 15:11:00+00:00, run_after=2024-11-24 15:12:00+00:00
[2024-11-24T15:11:35.090+0000] {processor.py:208} INFO - Processing /opt/airflow/dags/fraud_detection_dag.py took 8.492 seconds
[2024-11-24T15:12:06.035+0000] {processor.py:186} INFO - Started process (PID=401) to work on /opt/airflow/dags/fraud_detection_dag.py
[2024-11-24T15:12:06.084+0000] {processor.py:914} INFO - Processing file /opt/airflow/dags/fraud_detection_dag.py for tasks to queue
[2024-11-24T15:12:06.129+0000] {logging_mixin.py:190} INFO - [2024-11-24T15:12:06.127+0000] {dagbag.py:588} INFO - Filling up the DagBag from /opt/airflow/dags/fraud_detection_dag.py
[2024-11-24T15:12:11.487+0000] {processor.py:925} INFO - DAG(s) 'fraud_detection' retrieved from /opt/airflow/dags/fraud_detection_dag.py
[2024-11-24T15:12:11.605+0000] {logging_mixin.py:190} INFO - [2024-11-24T15:12:11.603+0000] {dag.py:3239} INFO - Sync 1 DAGs
[2024-11-24T15:12:11.722+0000] {logging_mixin.py:190} INFO - [2024-11-24T15:12:11.721+0000] {dag.py:4180} INFO - Setting next_dagrun for fraud_detection to 2024-11-24 15:12:00+00:00, run_after=2024-11-24 15:13:00+00:00
[2024-11-24T15:12:11.806+0000] {processor.py:208} INFO - Processing /opt/airflow/dags/fraud_detection_dag.py took 5.804 seconds
[2024-11-24T15:12:42.046+0000] {processor.py:186} INFO - Started process (PID=421) to work on /opt/airflow/dags/fraud_detection_dag.py
[2024-11-24T15:12:42.072+0000] {processor.py:914} INFO - Processing file /opt/airflow/dags/fraud_detection_dag.py for tasks to queue
[2024-11-24T15:12:42.078+0000] {logging_mixin.py:190} INFO - [2024-11-24T15:12:42.077+0000] {dagbag.py:588} INFO - Filling up the DagBag from /opt/airflow/dags/fraud_detection_dag.py
[2024-11-24T15:12:46.369+0000] {processor.py:925} INFO - DAG(s) 'fraud_detection' retrieved from /opt/airflow/dags/fraud_detection_dag.py
[2024-11-24T15:12:46.628+0000] {logging_mixin.py:190} INFO - [2024-11-24T15:12:46.627+0000] {dag.py:3239} INFO - Sync 1 DAGs
[2024-11-24T15:12:46.856+0000] {logging_mixin.py:190} INFO - [2024-11-24T15:12:46.855+0000] {dag.py:4180} INFO - Setting next_dagrun for fraud_detection to 2024-11-24 15:12:00+00:00, run_after=2024-11-24 15:13:00+00:00
[2024-11-24T15:12:46.987+0000] {processor.py:208} INFO - Processing /opt/airflow/dags/fraud_detection_dag.py took 4.954 seconds
[2024-11-24T15:13:17.403+0000] {processor.py:186} INFO - Started process (PID=436) to work on /opt/airflow/dags/fraud_detection_dag.py
[2024-11-24T15:13:17.425+0000] {processor.py:914} INFO - Processing file /opt/airflow/dags/fraud_detection_dag.py for tasks to queue
[2024-11-24T15:13:17.481+0000] {logging_mixin.py:190} INFO - [2024-11-24T15:13:17.443+0000] {dagbag.py:588} INFO - Filling up the DagBag from /opt/airflow/dags/fraud_detection_dag.py
[2024-11-24T15:13:21.805+0000] {processor.py:925} INFO - DAG(s) 'fraud_detection' retrieved from /opt/airflow/dags/fraud_detection_dag.py
[2024-11-24T15:13:22.088+0000] {logging_mixin.py:190} INFO - [2024-11-24T15:13:22.085+0000] {dag.py:3239} INFO - Sync 1 DAGs
[2024-11-24T15:13:22.223+0000] {logging_mixin.py:190} INFO - [2024-11-24T15:13:22.222+0000] {dag.py:4180} INFO - Setting next_dagrun for fraud_detection to 2024-11-24 15:13:00+00:00, run_after=2024-11-24 15:14:00+00:00
[2024-11-24T15:13:22.344+0000] {processor.py:208} INFO - Processing /opt/airflow/dags/fraud_detection_dag.py took 4.978 seconds
[2024-11-24T15:13:52.808+0000] {processor.py:186} INFO - Started process (PID=451) to work on /opt/airflow/dags/fraud_detection_dag.py
[2024-11-24T15:13:52.817+0000] {processor.py:914} INFO - Processing file /opt/airflow/dags/fraud_detection_dag.py for tasks to queue
[2024-11-24T15:13:52.822+0000] {logging_mixin.py:190} INFO - [2024-11-24T15:13:52.821+0000] {dagbag.py:588} INFO - Filling up the DagBag from /opt/airflow/dags/fraud_detection_dag.py
[2024-11-24T15:13:56.134+0000] {processor.py:925} INFO - DAG(s) 'fraud_detection' retrieved from /opt/airflow/dags/fraud_detection_dag.py
[2024-11-24T15:13:56.196+0000] {logging_mixin.py:190} INFO - [2024-11-24T15:13:56.195+0000] {dag.py:3239} INFO - Sync 1 DAGs
[2024-11-24T15:13:56.303+0000] {logging_mixin.py:190} INFO - [2024-11-24T15:13:56.302+0000] {dag.py:4180} INFO - Setting next_dagrun for fraud_detection to 2024-11-24 15:13:00+00:00, run_after=2024-11-24 15:14:00+00:00
[2024-11-24T15:13:56.477+0000] {processor.py:208} INFO - Processing /opt/airflow/dags/fraud_detection_dag.py took 3.679 seconds
[2024-11-24T15:14:26.777+0000] {processor.py:186} INFO - Started process (PID=465) to work on /opt/airflow/dags/fraud_detection_dag.py
[2024-11-24T15:14:26.782+0000] {processor.py:914} INFO - Processing file /opt/airflow/dags/fraud_detection_dag.py for tasks to queue
[2024-11-24T15:14:26.790+0000] {logging_mixin.py:190} INFO - [2024-11-24T15:14:26.789+0000] {dagbag.py:588} INFO - Filling up the DagBag from /opt/airflow/dags/fraud_detection_dag.py
[2024-11-24T15:14:29.326+0000] {processor.py:925} INFO - DAG(s) 'fraud_detection' retrieved from /opt/airflow/dags/fraud_detection_dag.py
[2024-11-24T15:14:29.489+0000] {logging_mixin.py:190} INFO - [2024-11-24T15:14:29.487+0000] {dag.py:3239} INFO - Sync 1 DAGs
[2024-11-24T15:14:29.607+0000] {logging_mixin.py:190} INFO - [2024-11-24T15:14:29.607+0000] {dag.py:4180} INFO - Setting next_dagrun for fraud_detection to 2024-11-24 15:14:00+00:00, run_after=2024-11-24 15:15:00+00:00
[2024-11-24T15:14:29.654+0000] {processor.py:208} INFO - Processing /opt/airflow/dags/fraud_detection_dag.py took 2.898 seconds
[2024-11-24T15:15:00.195+0000] {processor.py:186} INFO - Started process (PID=479) to work on /opt/airflow/dags/fraud_detection_dag.py
[2024-11-24T15:15:00.208+0000] {processor.py:914} INFO - Processing file /opt/airflow/dags/fraud_detection_dag.py for tasks to queue
[2024-11-24T15:15:00.215+0000] {logging_mixin.py:190} INFO - [2024-11-24T15:15:00.215+0000] {dagbag.py:588} INFO - Filling up the DagBag from /opt/airflow/dags/fraud_detection_dag.py
[2024-11-24T15:15:03.327+0000] {processor.py:925} INFO - DAG(s) 'fraud_detection' retrieved from /opt/airflow/dags/fraud_detection_dag.py
[2024-11-24T15:15:03.679+0000] {logging_mixin.py:190} INFO - [2024-11-24T15:15:03.678+0000] {dag.py:3239} INFO - Sync 1 DAGs
[2024-11-24T15:15:03.787+0000] {logging_mixin.py:190} INFO - [2024-11-24T15:15:03.785+0000] {dag.py:4180} INFO - Setting next_dagrun for fraud_detection to 2024-11-24 15:15:00+00:00, run_after=2024-11-24 15:16:00+00:00
[2024-11-24T15:15:03.998+0000] {processor.py:208} INFO - Processing /opt/airflow/dags/fraud_detection_dag.py took 3.816 seconds
[2024-11-24T15:15:34.872+0000] {processor.py:186} INFO - Started process (PID=498) to work on /opt/airflow/dags/fraud_detection_dag.py
[2024-11-24T15:15:34.901+0000] {processor.py:914} INFO - Processing file /opt/airflow/dags/fraud_detection_dag.py for tasks to queue
[2024-11-24T15:15:34.912+0000] {logging_mixin.py:190} INFO - [2024-11-24T15:15:34.910+0000] {dagbag.py:588} INFO - Filling up the DagBag from /opt/airflow/dags/fraud_detection_dag.py
[2024-11-24T15:15:37.606+0000] {processor.py:925} INFO - DAG(s) 'fraud_detection' retrieved from /opt/airflow/dags/fraud_detection_dag.py
[2024-11-24T15:15:37.675+0000] {logging_mixin.py:190} INFO - [2024-11-24T15:15:37.674+0000] {dag.py:3239} INFO - Sync 1 DAGs
[2024-11-24T15:15:37.722+0000] {logging_mixin.py:190} INFO - [2024-11-24T15:15:37.722+0000] {dag.py:4180} INFO - Setting next_dagrun for fraud_detection to 2024-11-24 15:15:00+00:00, run_after=2024-11-24 15:16:00+00:00
[2024-11-24T15:15:37.763+0000] {processor.py:208} INFO - Processing /opt/airflow/dags/fraud_detection_dag.py took 2.910 seconds
[2024-11-24T15:16:08.984+0000] {processor.py:186} INFO - Started process (PID=524) to work on /opt/airflow/dags/fraud_detection_dag.py
[2024-11-24T15:16:08.993+0000] {processor.py:914} INFO - Processing file /opt/airflow/dags/fraud_detection_dag.py for tasks to queue
[2024-11-24T15:16:09.155+0000] {logging_mixin.py:190} INFO - [2024-11-24T15:16:09.138+0000] {dagbag.py:588} INFO - Filling up the DagBag from /opt/airflow/dags/fraud_detection_dag.py
[2024-11-24T15:16:13.138+0000] {processor.py:925} INFO - DAG(s) 'fraud_detection' retrieved from /opt/airflow/dags/fraud_detection_dag.py
[2024-11-24T15:16:13.611+0000] {logging_mixin.py:190} INFO - [2024-11-24T15:16:13.610+0000] {dag.py:3239} INFO - Sync 1 DAGs
[2024-11-24T15:16:13.927+0000] {logging_mixin.py:190} INFO - [2024-11-24T15:16:13.926+0000] {dag.py:4180} INFO - Setting next_dagrun for fraud_detection to 2024-11-24 15:16:00+00:00, run_after=2024-11-24 15:17:00+00:00
[2024-11-24T15:16:14.240+0000] {processor.py:208} INFO - Processing /opt/airflow/dags/fraud_detection_dag.py took 5.449 seconds
[2024-11-24T15:16:20.837+0000] {processor.py:186} INFO - Started process (PID=533) to work on /opt/airflow/dags/fraud_detection_dag.py
[2024-11-24T15:16:20.843+0000] {processor.py:914} INFO - Processing file /opt/airflow/dags/fraud_detection_dag.py for tasks to queue
[2024-11-24T15:16:20.851+0000] {logging_mixin.py:190} INFO - [2024-11-24T15:16:20.851+0000] {dagbag.py:588} INFO - Filling up the DagBag from /opt/airflow/dags/fraud_detection_dag.py
[2024-11-24T15:16:25.251+0000] {processor.py:925} INFO - DAG(s) 'fraud_detection' retrieved from /opt/airflow/dags/fraud_detection_dag.py
[2024-11-24T15:16:25.663+0000] {logging_mixin.py:190} INFO - [2024-11-24T15:16:25.660+0000] {dag.py:3239} INFO - Sync 1 DAGs
[2024-11-24T15:16:25.752+0000] {logging_mixin.py:190} INFO - [2024-11-24T15:16:25.752+0000] {dag.py:4180} INFO - Setting next_dagrun for fraud_detection to 2024-11-24 15:16:00+00:00, run_after=2024-11-24 15:17:00+00:00
[2024-11-24T15:16:25.839+0000] {processor.py:208} INFO - Processing /opt/airflow/dags/fraud_detection_dag.py took 5.061 seconds
[2024-11-24T15:16:56.121+0000] {processor.py:186} INFO - Started process (PID=547) to work on /opt/airflow/dags/fraud_detection_dag.py
[2024-11-24T15:16:56.140+0000] {processor.py:914} INFO - Processing file /opt/airflow/dags/fraud_detection_dag.py for tasks to queue
[2024-11-24T15:16:56.171+0000] {logging_mixin.py:190} INFO - [2024-11-24T15:16:56.167+0000] {dagbag.py:588} INFO - Filling up the DagBag from /opt/airflow/dags/fraud_detection_dag.py
[2024-11-24T15:17:00.264+0000] {processor.py:925} INFO - DAG(s) 'fraud_detection' retrieved from /opt/airflow/dags/fraud_detection_dag.py
[2024-11-24T15:17:00.516+0000] {logging_mixin.py:190} INFO - [2024-11-24T15:17:00.514+0000] {dag.py:3239} INFO - Sync 1 DAGs
[2024-11-24T15:17:00.728+0000] {logging_mixin.py:190} INFO - [2024-11-24T15:17:00.727+0000] {dag.py:4180} INFO - Setting next_dagrun for fraud_detection to 2024-11-24 15:17:00+00:00, run_after=2024-11-24 15:18:00+00:00
[2024-11-24T15:17:00.852+0000] {processor.py:208} INFO - Processing /opt/airflow/dags/fraud_detection_dag.py took 4.755 seconds
[2024-11-24T15:17:31.440+0000] {processor.py:186} INFO - Started process (PID=566) to work on /opt/airflow/dags/fraud_detection_dag.py
[2024-11-24T15:17:31.452+0000] {processor.py:914} INFO - Processing file /opt/airflow/dags/fraud_detection_dag.py for tasks to queue
[2024-11-24T15:17:31.477+0000] {logging_mixin.py:190} INFO - [2024-11-24T15:17:31.477+0000] {dagbag.py:588} INFO - Filling up the DagBag from /opt/airflow/dags/fraud_detection_dag.py
[2024-11-24T15:17:34.725+0000] {processor.py:925} INFO - DAG(s) 'fraud_detection' retrieved from /opt/airflow/dags/fraud_detection_dag.py
[2024-11-24T15:17:34.949+0000] {logging_mixin.py:190} INFO - [2024-11-24T15:17:34.948+0000] {dag.py:3239} INFO - Sync 1 DAGs
[2024-11-24T15:17:35.118+0000] {logging_mixin.py:190} INFO - [2024-11-24T15:17:35.114+0000] {dag.py:4180} INFO - Setting next_dagrun for fraud_detection to 2024-11-24 15:17:00+00:00, run_after=2024-11-24 15:18:00+00:00
[2024-11-24T15:17:35.208+0000] {processor.py:208} INFO - Processing /opt/airflow/dags/fraud_detection_dag.py took 3.784 seconds
[2024-11-24T15:18:05.531+0000] {processor.py:186} INFO - Started process (PID=582) to work on /opt/airflow/dags/fraud_detection_dag.py
[2024-11-24T15:18:05.543+0000] {processor.py:914} INFO - Processing file /opt/airflow/dags/fraud_detection_dag.py for tasks to queue
[2024-11-24T15:18:05.552+0000] {logging_mixin.py:190} INFO - [2024-11-24T15:18:05.552+0000] {dagbag.py:588} INFO - Filling up the DagBag from /opt/airflow/dags/fraud_detection_dag.py
[2024-11-24T15:18:07.695+0000] {processor.py:925} INFO - DAG(s) 'fraud_detection' retrieved from /opt/airflow/dags/fraud_detection_dag.py
[2024-11-24T15:18:07.820+0000] {logging_mixin.py:190} INFO - [2024-11-24T15:18:07.818+0000] {dag.py:3239} INFO - Sync 1 DAGs
[2024-11-24T15:18:07.905+0000] {logging_mixin.py:190} INFO - [2024-11-24T15:18:07.905+0000] {dag.py:4180} INFO - Setting next_dagrun for fraud_detection to 2024-11-24 15:18:00+00:00, run_after=2024-11-24 15:19:00+00:00
[2024-11-24T15:18:07.965+0000] {processor.py:208} INFO - Processing /opt/airflow/dags/fraud_detection_dag.py took 2.452 seconds
[2024-11-24T15:18:38.501+0000] {processor.py:186} INFO - Started process (PID=601) to work on /opt/airflow/dags/fraud_detection_dag.py
[2024-11-24T15:18:38.536+0000] {processor.py:914} INFO - Processing file /opt/airflow/dags/fraud_detection_dag.py for tasks to queue
[2024-11-24T15:18:38.542+0000] {logging_mixin.py:190} INFO - [2024-11-24T15:18:38.541+0000] {dagbag.py:588} INFO - Filling up the DagBag from /opt/airflow/dags/fraud_detection_dag.py
[2024-11-24T15:18:40.762+0000] {processor.py:925} INFO - DAG(s) 'fraud_detection' retrieved from /opt/airflow/dags/fraud_detection_dag.py
[2024-11-24T15:18:40.866+0000] {logging_mixin.py:190} INFO - [2024-11-24T15:18:40.864+0000] {dag.py:3239} INFO - Sync 1 DAGs
[2024-11-24T15:18:40.915+0000] {logging_mixin.py:190} INFO - [2024-11-24T15:18:40.914+0000] {dag.py:4180} INFO - Setting next_dagrun for fraud_detection to 2024-11-24 15:18:00+00:00, run_after=2024-11-24 15:19:00+00:00
[2024-11-24T15:18:40.972+0000] {processor.py:208} INFO - Processing /opt/airflow/dags/fraud_detection_dag.py took 2.508 seconds
[2024-11-24T15:19:11.331+0000] {processor.py:186} INFO - Started process (PID=615) to work on /opt/airflow/dags/fraud_detection_dag.py
[2024-11-24T15:19:11.334+0000] {processor.py:914} INFO - Processing file /opt/airflow/dags/fraud_detection_dag.py for tasks to queue
[2024-11-24T15:19:11.346+0000] {logging_mixin.py:190} INFO - [2024-11-24T15:19:11.345+0000] {dagbag.py:588} INFO - Filling up the DagBag from /opt/airflow/dags/fraud_detection_dag.py
[2024-11-24T15:19:14.998+0000] {processor.py:925} INFO - DAG(s) 'fraud_detection' retrieved from /opt/airflow/dags/fraud_detection_dag.py
[2024-11-24T15:19:15.193+0000] {logging_mixin.py:190} INFO - [2024-11-24T15:19:15.191+0000] {dag.py:3239} INFO - Sync 1 DAGs
[2024-11-24T15:19:15.334+0000] {logging_mixin.py:190} INFO - [2024-11-24T15:19:15.321+0000] {dag.py:4180} INFO - Setting next_dagrun for fraud_detection to 2024-11-24 15:19:00+00:00, run_after=2024-11-24 15:20:00+00:00
[2024-11-24T15:19:15.551+0000] {processor.py:208} INFO - Processing /opt/airflow/dags/fraud_detection_dag.py took 4.242 seconds
[2024-11-24T15:19:46.498+0000] {processor.py:186} INFO - Started process (PID=636) to work on /opt/airflow/dags/fraud_detection_dag.py
[2024-11-24T15:19:46.508+0000] {processor.py:914} INFO - Processing file /opt/airflow/dags/fraud_detection_dag.py for tasks to queue
[2024-11-24T15:19:46.517+0000] {logging_mixin.py:190} INFO - [2024-11-24T15:19:46.515+0000] {dagbag.py:588} INFO - Filling up the DagBag from /opt/airflow/dags/fraud_detection_dag.py
[2024-11-24T15:19:49.551+0000] {processor.py:925} INFO - DAG(s) 'fraud_detection' retrieved from /opt/airflow/dags/fraud_detection_dag.py
[2024-11-24T15:19:49.625+0000] {logging_mixin.py:190} INFO - [2024-11-24T15:19:49.624+0000] {dag.py:3239} INFO - Sync 1 DAGs
[2024-11-24T15:19:49.702+0000] {logging_mixin.py:190} INFO - [2024-11-24T15:19:49.702+0000] {dag.py:4180} INFO - Setting next_dagrun for fraud_detection to 2024-11-24 15:19:00+00:00, run_after=2024-11-24 15:20:00+00:00
[2024-11-24T15:19:49.759+0000] {processor.py:208} INFO - Processing /opt/airflow/dags/fraud_detection_dag.py took 3.288 seconds
[2024-11-24T15:20:20.138+0000] {processor.py:186} INFO - Started process (PID=651) to work on /opt/airflow/dags/fraud_detection_dag.py
[2024-11-24T15:20:20.149+0000] {processor.py:914} INFO - Processing file /opt/airflow/dags/fraud_detection_dag.py for tasks to queue
[2024-11-24T15:20:20.156+0000] {logging_mixin.py:190} INFO - [2024-11-24T15:20:20.155+0000] {dagbag.py:588} INFO - Filling up the DagBag from /opt/airflow/dags/fraud_detection_dag.py
[2024-11-24T15:20:23.003+0000] {processor.py:925} INFO - DAG(s) 'fraud_detection' retrieved from /opt/airflow/dags/fraud_detection_dag.py
[2024-11-24T15:20:23.057+0000] {logging_mixin.py:190} INFO - [2024-11-24T15:20:23.052+0000] {dag.py:3239} INFO - Sync 1 DAGs
[2024-11-24T15:20:23.152+0000] {logging_mixin.py:190} INFO - [2024-11-24T15:20:23.152+0000] {dag.py:4180} INFO - Setting next_dagrun for fraud_detection to 2024-11-24 15:20:00+00:00, run_after=2024-11-24 15:21:00+00:00
[2024-11-24T15:20:23.263+0000] {processor.py:208} INFO - Processing /opt/airflow/dags/fraud_detection_dag.py took 3.138 seconds
[2024-11-24T15:20:53.648+0000] {processor.py:186} INFO - Started process (PID=666) to work on /opt/airflow/dags/fraud_detection_dag.py
[2024-11-24T15:20:53.655+0000] {processor.py:914} INFO - Processing file /opt/airflow/dags/fraud_detection_dag.py for tasks to queue
[2024-11-24T15:20:53.662+0000] {logging_mixin.py:190} INFO - [2024-11-24T15:20:53.661+0000] {dagbag.py:588} INFO - Filling up the DagBag from /opt/airflow/dags/fraud_detection_dag.py
[2024-11-24T15:20:56.691+0000] {processor.py:925} INFO - DAG(s) 'fraud_detection' retrieved from /opt/airflow/dags/fraud_detection_dag.py
[2024-11-24T15:20:56.833+0000] {logging_mixin.py:190} INFO - [2024-11-24T15:20:56.826+0000] {dag.py:3239} INFO - Sync 1 DAGs
[2024-11-24T15:20:56.878+0000] {logging_mixin.py:190} INFO - [2024-11-24T15:20:56.878+0000] {dag.py:4180} INFO - Setting next_dagrun for fraud_detection to 2024-11-24 15:20:00+00:00, run_after=2024-11-24 15:21:00+00:00
[2024-11-24T15:20:56.925+0000] {processor.py:208} INFO - Processing /opt/airflow/dags/fraud_detection_dag.py took 3.291 seconds
[2024-11-24T15:21:27.290+0000] {processor.py:186} INFO - Started process (PID=680) to work on /opt/airflow/dags/fraud_detection_dag.py
[2024-11-24T15:21:27.301+0000] {processor.py:914} INFO - Processing file /opt/airflow/dags/fraud_detection_dag.py for tasks to queue
[2024-11-24T15:21:27.315+0000] {logging_mixin.py:190} INFO - [2024-11-24T15:21:27.313+0000] {dagbag.py:588} INFO - Filling up the DagBag from /opt/airflow/dags/fraud_detection_dag.py
[2024-11-24T15:21:29.648+0000] {processor.py:925} INFO - DAG(s) 'fraud_detection' retrieved from /opt/airflow/dags/fraud_detection_dag.py
[2024-11-24T15:21:29.713+0000] {logging_mixin.py:190} INFO - [2024-11-24T15:21:29.712+0000] {dag.py:3239} INFO - Sync 1 DAGs
[2024-11-24T15:21:29.813+0000] {logging_mixin.py:190} INFO - [2024-11-24T15:21:29.812+0000] {dag.py:4180} INFO - Setting next_dagrun for fraud_detection to 2024-11-24 15:21:00+00:00, run_after=2024-11-24 15:22:00+00:00
[2024-11-24T15:21:29.887+0000] {processor.py:208} INFO - Processing /opt/airflow/dags/fraud_detection_dag.py took 2.618 seconds
[2024-11-24T15:22:00.785+0000] {processor.py:186} INFO - Started process (PID=694) to work on /opt/airflow/dags/fraud_detection_dag.py
[2024-11-24T15:22:00.796+0000] {processor.py:914} INFO - Processing file /opt/airflow/dags/fraud_detection_dag.py for tasks to queue
[2024-11-24T15:22:00.806+0000] {logging_mixin.py:190} INFO - [2024-11-24T15:22:00.806+0000] {dagbag.py:588} INFO - Filling up the DagBag from /opt/airflow/dags/fraud_detection_dag.py
[2024-11-24T15:22:04.763+0000] {processor.py:925} INFO - DAG(s) 'fraud_detection' retrieved from /opt/airflow/dags/fraud_detection_dag.py
[2024-11-24T15:22:04.967+0000] {logging_mixin.py:190} INFO - [2024-11-24T15:22:04.967+0000] {dag.py:3239} INFO - Sync 1 DAGs
[2024-11-24T15:22:05.015+0000] {logging_mixin.py:190} INFO - [2024-11-24T15:22:05.015+0000] {dag.py:4180} INFO - Setting next_dagrun for fraud_detection to 2024-11-24 15:22:00+00:00, run_after=2024-11-24 15:23:00+00:00
[2024-11-24T15:22:05.088+0000] {processor.py:208} INFO - Processing /opt/airflow/dags/fraud_detection_dag.py took 4.388 seconds
[2024-11-24T15:22:35.387+0000] {processor.py:186} INFO - Started process (PID=710) to work on /opt/airflow/dags/fraud_detection_dag.py
[2024-11-24T15:22:35.394+0000] {processor.py:914} INFO - Processing file /opt/airflow/dags/fraud_detection_dag.py for tasks to queue
[2024-11-24T15:22:35.429+0000] {logging_mixin.py:190} INFO - [2024-11-24T15:22:35.418+0000] {dagbag.py:588} INFO - Filling up the DagBag from /opt/airflow/dags/fraud_detection_dag.py
[2024-11-24T15:22:38.869+0000] {processor.py:925} INFO - DAG(s) 'fraud_detection' retrieved from /opt/airflow/dags/fraud_detection_dag.py
[2024-11-24T15:22:39.334+0000] {logging_mixin.py:190} INFO - [2024-11-24T15:22:39.333+0000] {dag.py:3239} INFO - Sync 1 DAGs
[2024-11-24T15:22:39.603+0000] {logging_mixin.py:190} INFO - [2024-11-24T15:22:39.602+0000] {dag.py:4180} INFO - Setting next_dagrun for fraud_detection to 2024-11-24 15:22:00+00:00, run_after=2024-11-24 15:23:00+00:00
[2024-11-24T15:22:39.846+0000] {processor.py:208} INFO - Processing /opt/airflow/dags/fraud_detection_dag.py took 4.503 seconds
[2024-11-24T15:23:10.605+0000] {processor.py:186} INFO - Started process (PID=725) to work on /opt/airflow/dags/fraud_detection_dag.py
[2024-11-24T15:23:10.608+0000] {processor.py:914} INFO - Processing file /opt/airflow/dags/fraud_detection_dag.py for tasks to queue
[2024-11-24T15:23:10.618+0000] {logging_mixin.py:190} INFO - [2024-11-24T15:23:10.617+0000] {dagbag.py:588} INFO - Filling up the DagBag from /opt/airflow/dags/fraud_detection_dag.py
[2024-11-24T15:23:14.666+0000] {processor.py:925} INFO - DAG(s) 'fraud_detection' retrieved from /opt/airflow/dags/fraud_detection_dag.py
[2024-11-24T15:23:14.768+0000] {logging_mixin.py:190} INFO - [2024-11-24T15:23:14.761+0000] {dag.py:3239} INFO - Sync 1 DAGs
[2024-11-24T15:23:14.875+0000] {logging_mixin.py:190} INFO - [2024-11-24T15:23:14.875+0000] {dag.py:4180} INFO - Setting next_dagrun for fraud_detection to 2024-11-24 15:23:00+00:00, run_after=2024-11-24 15:24:00+00:00
[2024-11-24T15:23:15.022+0000] {processor.py:208} INFO - Processing /opt/airflow/dags/fraud_detection_dag.py took 4.448 seconds
[2024-11-24T15:23:45.276+0000] {processor.py:186} INFO - Started process (PID=743) to work on /opt/airflow/dags/fraud_detection_dag.py
[2024-11-24T15:23:45.296+0000] {processor.py:914} INFO - Processing file /opt/airflow/dags/fraud_detection_dag.py for tasks to queue
[2024-11-24T15:23:45.307+0000] {logging_mixin.py:190} INFO - [2024-11-24T15:23:45.306+0000] {dagbag.py:588} INFO - Filling up the DagBag from /opt/airflow/dags/fraud_detection_dag.py
[2024-11-24T15:23:49.023+0000] {processor.py:925} INFO - DAG(s) 'fraud_detection' retrieved from /opt/airflow/dags/fraud_detection_dag.py
[2024-11-24T15:23:49.089+0000] {logging_mixin.py:190} INFO - [2024-11-24T15:23:49.088+0000] {dag.py:3239} INFO - Sync 1 DAGs
[2024-11-24T15:23:49.157+0000] {logging_mixin.py:190} INFO - [2024-11-24T15:23:49.157+0000] {dag.py:4180} INFO - Setting next_dagrun for fraud_detection to 2024-11-24 15:23:00+00:00, run_after=2024-11-24 15:24:00+00:00
[2024-11-24T15:23:49.305+0000] {processor.py:208} INFO - Processing /opt/airflow/dags/fraud_detection_dag.py took 4.038 seconds
[2024-11-24T15:24:19.521+0000] {processor.py:186} INFO - Started process (PID=763) to work on /opt/airflow/dags/fraud_detection_dag.py
[2024-11-24T15:24:19.529+0000] {processor.py:914} INFO - Processing file /opt/airflow/dags/fraud_detection_dag.py for tasks to queue
[2024-11-24T15:24:19.538+0000] {logging_mixin.py:190} INFO - [2024-11-24T15:24:19.537+0000] {dagbag.py:588} INFO - Filling up the DagBag from /opt/airflow/dags/fraud_detection_dag.py
[2024-11-24T15:24:21.267+0000] {processor.py:925} INFO - DAG(s) 'fraud_detection' retrieved from /opt/airflow/dags/fraud_detection_dag.py
[2024-11-24T15:24:21.324+0000] {logging_mixin.py:190} INFO - [2024-11-24T15:24:21.323+0000] {dag.py:3239} INFO - Sync 1 DAGs
[2024-11-24T15:24:21.372+0000] {logging_mixin.py:190} INFO - [2024-11-24T15:24:21.371+0000] {dag.py:4180} INFO - Setting next_dagrun for fraud_detection to 2024-11-24 15:23:00+00:00, run_after=2024-11-24 15:24:00+00:00
[2024-11-24T15:24:21.413+0000] {processor.py:208} INFO - Processing /opt/airflow/dags/fraud_detection_dag.py took 1.903 seconds
[2024-11-24T15:24:51.803+0000] {processor.py:186} INFO - Started process (PID=779) to work on /opt/airflow/dags/fraud_detection_dag.py
[2024-11-24T15:24:51.812+0000] {processor.py:914} INFO - Processing file /opt/airflow/dags/fraud_detection_dag.py for tasks to queue
[2024-11-24T15:24:51.818+0000] {logging_mixin.py:190} INFO - [2024-11-24T15:24:51.817+0000] {dagbag.py:588} INFO - Filling up the DagBag from /opt/airflow/dags/fraud_detection_dag.py
[2024-11-24T15:24:53.275+0000] {processor.py:925} INFO - DAG(s) 'fraud_detection' retrieved from /opt/airflow/dags/fraud_detection_dag.py
[2024-11-24T15:24:53.325+0000] {logging_mixin.py:190} INFO - [2024-11-24T15:24:53.324+0000] {dag.py:3239} INFO - Sync 1 DAGs
[2024-11-24T15:24:53.366+0000] {logging_mixin.py:190} INFO - [2024-11-24T15:24:53.366+0000] {dag.py:4180} INFO - Setting next_dagrun for fraud_detection to 2024-11-24 15:23:00+00:00, run_after=2024-11-24 15:24:00+00:00
[2024-11-24T15:24:53.415+0000] {processor.py:208} INFO - Processing /opt/airflow/dags/fraud_detection_dag.py took 1.627 seconds
[2024-11-24T15:25:23.958+0000] {processor.py:186} INFO - Started process (PID=793) to work on /opt/airflow/dags/fraud_detection_dag.py
[2024-11-24T15:25:23.966+0000] {processor.py:914} INFO - Processing file /opt/airflow/dags/fraud_detection_dag.py for tasks to queue
[2024-11-24T15:25:23.970+0000] {logging_mixin.py:190} INFO - [2024-11-24T15:25:23.970+0000] {dagbag.py:588} INFO - Filling up the DagBag from /opt/airflow/dags/fraud_detection_dag.py
[2024-11-24T15:25:26.201+0000] {processor.py:925} INFO - DAG(s) 'fraud_detection' retrieved from /opt/airflow/dags/fraud_detection_dag.py
[2024-11-24T15:25:26.241+0000] {logging_mixin.py:190} INFO - [2024-11-24T15:25:26.240+0000] {dag.py:3239} INFO - Sync 1 DAGs
[2024-11-24T15:25:26.289+0000] {logging_mixin.py:190} INFO - [2024-11-24T15:25:26.288+0000] {dag.py:4180} INFO - Setting next_dagrun for fraud_detection to 2024-11-24 15:24:00+00:00, run_after=2024-11-24 15:25:00+00:00
[2024-11-24T15:25:26.337+0000] {processor.py:208} INFO - Processing /opt/airflow/dags/fraud_detection_dag.py took 2.388 seconds
[2024-11-24T15:25:57.053+0000] {processor.py:186} INFO - Started process (PID=809) to work on /opt/airflow/dags/fraud_detection_dag.py
[2024-11-24T15:25:57.087+0000] {processor.py:914} INFO - Processing file /opt/airflow/dags/fraud_detection_dag.py for tasks to queue
[2024-11-24T15:25:57.109+0000] {logging_mixin.py:190} INFO - [2024-11-24T15:25:57.108+0000] {dagbag.py:588} INFO - Filling up the DagBag from /opt/airflow/dags/fraud_detection_dag.py
[2024-11-24T15:25:58.826+0000] {processor.py:925} INFO - DAG(s) 'fraud_detection' retrieved from /opt/airflow/dags/fraud_detection_dag.py
[2024-11-24T15:25:58.944+0000] {logging_mixin.py:190} INFO - [2024-11-24T15:25:58.943+0000] {dag.py:3239} INFO - Sync 1 DAGs
[2024-11-24T15:25:59.009+0000] {logging_mixin.py:190} INFO - [2024-11-24T15:25:59.009+0000] {dag.py:4180} INFO - Setting next_dagrun for fraud_detection to 2024-11-24 15:24:00+00:00, run_after=2024-11-24 15:25:00+00:00
[2024-11-24T15:25:59.151+0000] {processor.py:208} INFO - Processing /opt/airflow/dags/fraud_detection_dag.py took 2.115 seconds
[2024-11-24T15:26:29.412+0000] {processor.py:186} INFO - Started process (PID=824) to work on /opt/airflow/dags/fraud_detection_dag.py
[2024-11-24T15:26:29.419+0000] {processor.py:914} INFO - Processing file /opt/airflow/dags/fraud_detection_dag.py for tasks to queue
[2024-11-24T15:26:29.432+0000] {logging_mixin.py:190} INFO - [2024-11-24T15:26:29.424+0000] {dagbag.py:588} INFO - Filling up the DagBag from /opt/airflow/dags/fraud_detection_dag.py
[2024-11-24T15:26:31.596+0000] {processor.py:925} INFO - DAG(s) 'fraud_detection' retrieved from /opt/airflow/dags/fraud_detection_dag.py
[2024-11-24T15:26:31.704+0000] {logging_mixin.py:190} INFO - [2024-11-24T15:26:31.690+0000] {dag.py:3239} INFO - Sync 1 DAGs
[2024-11-24T15:26:31.805+0000] {logging_mixin.py:190} INFO - [2024-11-24T15:26:31.804+0000] {dag.py:4180} INFO - Setting next_dagrun for fraud_detection to 2024-11-24 15:25:00+00:00, run_after=2024-11-24 15:26:00+00:00
[2024-11-24T15:26:31.885+0000] {processor.py:208} INFO - Processing /opt/airflow/dags/fraud_detection_dag.py took 2.496 seconds
[2024-11-24T15:27:02.266+0000] {processor.py:186} INFO - Started process (PID=839) to work on /opt/airflow/dags/fraud_detection_dag.py
[2024-11-24T15:27:02.273+0000] {processor.py:914} INFO - Processing file /opt/airflow/dags/fraud_detection_dag.py for tasks to queue
[2024-11-24T15:27:02.279+0000] {logging_mixin.py:190} INFO - [2024-11-24T15:27:02.278+0000] {dagbag.py:588} INFO - Filling up the DagBag from /opt/airflow/dags/fraud_detection_dag.py
[2024-11-24T15:27:04.060+0000] {processor.py:925} INFO - DAG(s) 'fraud_detection' retrieved from /opt/airflow/dags/fraud_detection_dag.py
[2024-11-24T15:27:04.125+0000] {logging_mixin.py:190} INFO - [2024-11-24T15:27:04.124+0000] {dag.py:3239} INFO - Sync 1 DAGs
[2024-11-24T15:27:04.155+0000] {logging_mixin.py:190} INFO - [2024-11-24T15:27:04.155+0000] {dag.py:4180} INFO - Setting next_dagrun for fraud_detection to 2024-11-24 15:26:00+00:00, run_after=2024-11-24 15:27:00+00:00
[2024-11-24T15:27:04.223+0000] {processor.py:208} INFO - Processing /opt/airflow/dags/fraud_detection_dag.py took 1.967 seconds
[2024-11-24T15:27:34.704+0000] {processor.py:186} INFO - Started process (PID=854) to work on /opt/airflow/dags/fraud_detection_dag.py
[2024-11-24T15:27:34.712+0000] {processor.py:914} INFO - Processing file /opt/airflow/dags/fraud_detection_dag.py for tasks to queue
[2024-11-24T15:27:34.719+0000] {logging_mixin.py:190} INFO - [2024-11-24T15:27:34.719+0000] {dagbag.py:588} INFO - Filling up the DagBag from /opt/airflow/dags/fraud_detection_dag.py
[2024-11-24T15:27:37.276+0000] {processor.py:925} INFO - DAG(s) 'fraud_detection' retrieved from /opt/airflow/dags/fraud_detection_dag.py
[2024-11-24T15:27:37.381+0000] {logging_mixin.py:190} INFO - [2024-11-24T15:27:37.380+0000] {dag.py:3239} INFO - Sync 1 DAGs
[2024-11-24T15:27:37.454+0000] {logging_mixin.py:190} INFO - [2024-11-24T15:27:37.454+0000] {dag.py:4180} INFO - Setting next_dagrun for fraud_detection to 2024-11-24 15:26:00+00:00, run_after=2024-11-24 15:27:00+00:00
[2024-11-24T15:27:37.612+0000] {processor.py:208} INFO - Processing /opt/airflow/dags/fraud_detection_dag.py took 2.961 seconds
[2024-11-24T15:28:07.903+0000] {processor.py:186} INFO - Started process (PID=869) to work on /opt/airflow/dags/fraud_detection_dag.py
[2024-11-24T15:28:07.913+0000] {processor.py:914} INFO - Processing file /opt/airflow/dags/fraud_detection_dag.py for tasks to queue
[2024-11-24T15:28:07.917+0000] {logging_mixin.py:190} INFO - [2024-11-24T15:28:07.916+0000] {dagbag.py:588} INFO - Filling up the DagBag from /opt/airflow/dags/fraud_detection_dag.py
[2024-11-24T15:28:09.968+0000] {processor.py:925} INFO - DAG(s) 'fraud_detection' retrieved from /opt/airflow/dags/fraud_detection_dag.py
[2024-11-24T15:28:10.117+0000] {logging_mixin.py:190} INFO - [2024-11-24T15:28:10.116+0000] {dag.py:3239} INFO - Sync 1 DAGs
[2024-11-24T15:28:10.153+0000] {logging_mixin.py:190} INFO - [2024-11-24T15:28:10.153+0000] {dag.py:4180} INFO - Setting next_dagrun for fraud_detection to 2024-11-24 15:27:00+00:00, run_after=2024-11-24 15:28:00+00:00
[2024-11-24T15:28:10.181+0000] {processor.py:208} INFO - Processing /opt/airflow/dags/fraud_detection_dag.py took 2.295 seconds
[2024-11-24T15:28:40.861+0000] {processor.py:186} INFO - Started process (PID=884) to work on /opt/airflow/dags/fraud_detection_dag.py
[2024-11-24T15:28:40.870+0000] {processor.py:914} INFO - Processing file /opt/airflow/dags/fraud_detection_dag.py for tasks to queue
[2024-11-24T15:28:40.875+0000] {logging_mixin.py:190} INFO - [2024-11-24T15:28:40.874+0000] {dagbag.py:588} INFO - Filling up the DagBag from /opt/airflow/dags/fraud_detection_dag.py
[2024-11-24T15:28:42.839+0000] {processor.py:925} INFO - DAG(s) 'fraud_detection' retrieved from /opt/airflow/dags/fraud_detection_dag.py
[2024-11-24T15:28:42.928+0000] {logging_mixin.py:190} INFO - [2024-11-24T15:28:42.927+0000] {dag.py:3239} INFO - Sync 1 DAGs
[2024-11-24T15:28:42.968+0000] {logging_mixin.py:190} INFO - [2024-11-24T15:28:42.967+0000] {dag.py:4180} INFO - Setting next_dagrun for fraud_detection to 2024-11-24 15:27:00+00:00, run_after=2024-11-24 15:28:00+00:00
[2024-11-24T15:28:43.012+0000] {processor.py:208} INFO - Processing /opt/airflow/dags/fraud_detection_dag.py took 2.168 seconds
[2024-11-24T15:29:13.329+0000] {processor.py:186} INFO - Started process (PID=899) to work on /opt/airflow/dags/fraud_detection_dag.py
[2024-11-24T15:29:13.364+0000] {processor.py:914} INFO - Processing file /opt/airflow/dags/fraud_detection_dag.py for tasks to queue
[2024-11-24T15:29:13.380+0000] {logging_mixin.py:190} INFO - [2024-11-24T15:29:13.374+0000] {dagbag.py:588} INFO - Filling up the DagBag from /opt/airflow/dags/fraud_detection_dag.py
[2024-11-24T15:29:16.068+0000] {processor.py:925} INFO - DAG(s) 'fraud_detection' retrieved from /opt/airflow/dags/fraud_detection_dag.py
[2024-11-24T15:29:16.192+0000] {logging_mixin.py:190} INFO - [2024-11-24T15:29:16.191+0000] {dag.py:3239} INFO - Sync 1 DAGs
[2024-11-24T15:29:16.299+0000] {logging_mixin.py:190} INFO - [2024-11-24T15:29:16.298+0000] {dag.py:4180} INFO - Setting next_dagrun for fraud_detection to 2024-11-24 15:28:00+00:00, run_after=2024-11-24 15:29:00+00:00
[2024-11-24T15:29:16.430+0000] {processor.py:208} INFO - Processing /opt/airflow/dags/fraud_detection_dag.py took 3.121 seconds
[2024-11-24T15:29:46.586+0000] {processor.py:186} INFO - Started process (PID=913) to work on /opt/airflow/dags/fraud_detection_dag.py
[2024-11-24T15:29:46.589+0000] {processor.py:914} INFO - Processing file /opt/airflow/dags/fraud_detection_dag.py for tasks to queue
[2024-11-24T15:29:46.596+0000] {logging_mixin.py:190} INFO - [2024-11-24T15:29:46.595+0000] {dagbag.py:588} INFO - Filling up the DagBag from /opt/airflow/dags/fraud_detection_dag.py
[2024-11-24T15:29:49.428+0000] {processor.py:925} INFO - DAG(s) 'fraud_detection' retrieved from /opt/airflow/dags/fraud_detection_dag.py
[2024-11-24T15:29:49.549+0000] {logging_mixin.py:190} INFO - [2024-11-24T15:29:49.548+0000] {dag.py:3239} INFO - Sync 1 DAGs
[2024-11-24T15:29:49.649+0000] {logging_mixin.py:190} INFO - [2024-11-24T15:29:49.649+0000] {dag.py:4180} INFO - Setting next_dagrun for fraud_detection to 2024-11-24 15:28:00+00:00, run_after=2024-11-24 15:29:00+00:00
[2024-11-24T15:29:49.713+0000] {processor.py:208} INFO - Processing /opt/airflow/dags/fraud_detection_dag.py took 3.148 seconds
[2024-11-24T15:30:20.393+0000] {processor.py:186} INFO - Started process (PID=928) to work on /opt/airflow/dags/fraud_detection_dag.py
[2024-11-24T15:30:20.397+0000] {processor.py:914} INFO - Processing file /opt/airflow/dags/fraud_detection_dag.py for tasks to queue
[2024-11-24T15:30:20.402+0000] {logging_mixin.py:190} INFO - [2024-11-24T15:30:20.401+0000] {dagbag.py:588} INFO - Filling up the DagBag from /opt/airflow/dags/fraud_detection_dag.py
[2024-11-24T15:30:22.488+0000] {processor.py:925} INFO - DAG(s) 'fraud_detection' retrieved from /opt/airflow/dags/fraud_detection_dag.py
[2024-11-24T15:30:22.563+0000] {logging_mixin.py:190} INFO - [2024-11-24T15:30:22.561+0000] {dag.py:3239} INFO - Sync 1 DAGs
[2024-11-24T15:30:22.611+0000] {logging_mixin.py:190} INFO - [2024-11-24T15:30:22.611+0000] {dag.py:4180} INFO - Setting next_dagrun for fraud_detection to 2024-11-24 15:29:00+00:00, run_after=2024-11-24 15:30:00+00:00
[2024-11-24T15:30:22.659+0000] {processor.py:208} INFO - Processing /opt/airflow/dags/fraud_detection_dag.py took 2.278 seconds
[2024-11-24T15:30:53.066+0000] {processor.py:186} INFO - Started process (PID=949) to work on /opt/airflow/dags/fraud_detection_dag.py
[2024-11-24T15:30:53.069+0000] {processor.py:914} INFO - Processing file /opt/airflow/dags/fraud_detection_dag.py for tasks to queue
[2024-11-24T15:30:53.084+0000] {logging_mixin.py:190} INFO - [2024-11-24T15:30:53.080+0000] {dagbag.py:588} INFO - Filling up the DagBag from /opt/airflow/dags/fraud_detection_dag.py
[2024-11-24T15:30:55.136+0000] {processor.py:925} INFO - DAG(s) 'fraud_detection' retrieved from /opt/airflow/dags/fraud_detection_dag.py
[2024-11-24T15:30:55.184+0000] {logging_mixin.py:190} INFO - [2024-11-24T15:30:55.183+0000] {dag.py:3239} INFO - Sync 1 DAGs
[2024-11-24T15:30:55.229+0000] {logging_mixin.py:190} INFO - [2024-11-24T15:30:55.228+0000] {dag.py:4180} INFO - Setting next_dagrun for fraud_detection to 2024-11-24 15:29:00+00:00, run_after=2024-11-24 15:30:00+00:00
[2024-11-24T15:30:55.273+0000] {processor.py:208} INFO - Processing /opt/airflow/dags/fraud_detection_dag.py took 2.221 seconds
[2024-11-24T15:31:25.629+0000] {processor.py:186} INFO - Started process (PID=964) to work on /opt/airflow/dags/fraud_detection_dag.py
[2024-11-24T15:31:25.652+0000] {processor.py:914} INFO - Processing file /opt/airflow/dags/fraud_detection_dag.py for tasks to queue
[2024-11-24T15:31:25.666+0000] {logging_mixin.py:190} INFO - [2024-11-24T15:31:25.665+0000] {dagbag.py:588} INFO - Filling up the DagBag from /opt/airflow/dags/fraud_detection_dag.py
[2024-11-24T15:31:28.542+0000] {processor.py:925} INFO - DAG(s) 'fraud_detection' retrieved from /opt/airflow/dags/fraud_detection_dag.py
[2024-11-24T15:31:28.694+0000] {logging_mixin.py:190} INFO - [2024-11-24T15:31:28.693+0000] {dag.py:3239} INFO - Sync 1 DAGs
[2024-11-24T15:31:28.772+0000] {logging_mixin.py:190} INFO - [2024-11-24T15:31:28.771+0000] {dag.py:4180} INFO - Setting next_dagrun for fraud_detection to 2024-11-24 15:30:00+00:00, run_after=2024-11-24 15:31:00+00:00
[2024-11-24T15:31:28.877+0000] {processor.py:208} INFO - Processing /opt/airflow/dags/fraud_detection_dag.py took 3.260 seconds
[2024-11-24T15:31:59.787+0000] {processor.py:186} INFO - Started process (PID=979) to work on /opt/airflow/dags/fraud_detection_dag.py
[2024-11-24T15:31:59.798+0000] {processor.py:914} INFO - Processing file /opt/airflow/dags/fraud_detection_dag.py for tasks to queue
[2024-11-24T15:31:59.807+0000] {logging_mixin.py:190} INFO - [2024-11-24T15:31:59.806+0000] {dagbag.py:588} INFO - Filling up the DagBag from /opt/airflow/dags/fraud_detection_dag.py
[2024-11-24T15:32:02.143+0000] {processor.py:925} INFO - DAG(s) 'fraud_detection' retrieved from /opt/airflow/dags/fraud_detection_dag.py
[2024-11-24T15:32:02.229+0000] {logging_mixin.py:190} INFO - [2024-11-24T15:32:02.229+0000] {dag.py:3239} INFO - Sync 1 DAGs
[2024-11-24T15:32:02.288+0000] {logging_mixin.py:190} INFO - [2024-11-24T15:32:02.287+0000] {dag.py:4180} INFO - Setting next_dagrun for fraud_detection to 2024-11-24 15:31:00+00:00, run_after=2024-11-24 15:32:00+00:00
[2024-11-24T15:32:02.342+0000] {processor.py:208} INFO - Processing /opt/airflow/dags/fraud_detection_dag.py took 2.589 seconds
[2024-11-24T15:32:32.715+0000] {processor.py:186} INFO - Started process (PID=994) to work on /opt/airflow/dags/fraud_detection_dag.py
[2024-11-24T15:32:32.725+0000] {processor.py:914} INFO - Processing file /opt/airflow/dags/fraud_detection_dag.py for tasks to queue
[2024-11-24T15:32:32.733+0000] {logging_mixin.py:190} INFO - [2024-11-24T15:32:32.732+0000] {dagbag.py:588} INFO - Filling up the DagBag from /opt/airflow/dags/fraud_detection_dag.py
[2024-11-24T15:32:35.752+0000] {processor.py:925} INFO - DAG(s) 'fraud_detection' retrieved from /opt/airflow/dags/fraud_detection_dag.py
[2024-11-24T15:32:35.914+0000] {logging_mixin.py:190} INFO - [2024-11-24T15:32:35.913+0000] {dag.py:3239} INFO - Sync 1 DAGs
[2024-11-24T15:32:36.035+0000] {logging_mixin.py:190} INFO - [2024-11-24T15:32:36.033+0000] {dag.py:4180} INFO - Setting next_dagrun for fraud_detection to 2024-11-24 15:31:00+00:00, run_after=2024-11-24 15:32:00+00:00
[2024-11-24T15:32:36.121+0000] {processor.py:208} INFO - Processing /opt/airflow/dags/fraud_detection_dag.py took 3.442 seconds
[2024-11-24T15:33:06.230+0000] {processor.py:186} INFO - Started process (PID=1013) to work on /opt/airflow/dags/fraud_detection_dag.py
[2024-11-24T15:33:06.273+0000] {processor.py:914} INFO - Processing file /opt/airflow/dags/fraud_detection_dag.py for tasks to queue
[2024-11-24T15:33:06.279+0000] {logging_mixin.py:190} INFO - [2024-11-24T15:33:06.279+0000] {dagbag.py:588} INFO - Filling up the DagBag from /opt/airflow/dags/fraud_detection_dag.py
[2024-11-24T15:33:09.930+0000] {processor.py:925} INFO - DAG(s) 'fraud_detection' retrieved from /opt/airflow/dags/fraud_detection_dag.py
[2024-11-24T15:33:10.002+0000] {logging_mixin.py:190} INFO - [2024-11-24T15:33:10.001+0000] {dag.py:3239} INFO - Sync 1 DAGs
[2024-11-24T15:33:10.089+0000] {logging_mixin.py:190} INFO - [2024-11-24T15:33:10.088+0000] {dag.py:4180} INFO - Setting next_dagrun for fraud_detection to 2024-11-24 15:32:00+00:00, run_after=2024-11-24 15:33:00+00:00
[2024-11-24T15:33:10.168+0000] {processor.py:208} INFO - Processing /opt/airflow/dags/fraud_detection_dag.py took 3.964 seconds
[2024-11-24T15:33:40.716+0000] {processor.py:186} INFO - Started process (PID=1028) to work on /opt/airflow/dags/fraud_detection_dag.py
[2024-11-24T15:33:40.727+0000] {processor.py:914} INFO - Processing file /opt/airflow/dags/fraud_detection_dag.py for tasks to queue
[2024-11-24T15:33:40.734+0000] {logging_mixin.py:190} INFO - [2024-11-24T15:33:40.733+0000] {dagbag.py:588} INFO - Filling up the DagBag from /opt/airflow/dags/fraud_detection_dag.py
[2024-11-24T15:33:42.261+0000] {processor.py:925} INFO - DAG(s) 'fraud_detection' retrieved from /opt/airflow/dags/fraud_detection_dag.py
[2024-11-24T15:33:42.306+0000] {logging_mixin.py:190} INFO - [2024-11-24T15:33:42.305+0000] {dag.py:3239} INFO - Sync 1 DAGs
[2024-11-24T15:33:42.354+0000] {logging_mixin.py:190} INFO - [2024-11-24T15:33:42.354+0000] {dag.py:4180} INFO - Setting next_dagrun for fraud_detection to 2024-11-24 15:32:00+00:00, run_after=2024-11-24 15:33:00+00:00
[2024-11-24T15:33:42.402+0000] {processor.py:208} INFO - Processing /opt/airflow/dags/fraud_detection_dag.py took 1.700 seconds
[2024-11-24T15:34:13.072+0000] {processor.py:186} INFO - Started process (PID=1043) to work on /opt/airflow/dags/fraud_detection_dag.py
[2024-11-24T15:34:13.080+0000] {processor.py:914} INFO - Processing file /opt/airflow/dags/fraud_detection_dag.py for tasks to queue
[2024-11-24T15:34:13.160+0000] {logging_mixin.py:190} INFO - [2024-11-24T15:34:13.159+0000] {dagbag.py:588} INFO - Filling up the DagBag from /opt/airflow/dags/fraud_detection_dag.py
[2024-11-24T15:34:16.082+0000] {processor.py:925} INFO - DAG(s) 'fraud_detection' retrieved from /opt/airflow/dags/fraud_detection_dag.py
[2024-11-24T15:34:16.126+0000] {logging_mixin.py:190} INFO - [2024-11-24T15:34:16.125+0000] {dag.py:3239} INFO - Sync 1 DAGs
[2024-11-24T15:34:16.192+0000] {logging_mixin.py:190} INFO - [2024-11-24T15:34:16.192+0000] {dag.py:4180} INFO - Setting next_dagrun for fraud_detection to 2024-11-24 15:33:00+00:00, run_after=2024-11-24 15:34:00+00:00
[2024-11-24T15:34:16.262+0000] {processor.py:208} INFO - Processing /opt/airflow/dags/fraud_detection_dag.py took 3.211 seconds
[2024-11-24T15:34:46.537+0000] {processor.py:186} INFO - Started process (PID=1058) to work on /opt/airflow/dags/fraud_detection_dag.py
[2024-11-24T15:34:46.544+0000] {processor.py:914} INFO - Processing file /opt/airflow/dags/fraud_detection_dag.py for tasks to queue
[2024-11-24T15:34:46.565+0000] {logging_mixin.py:190} INFO - [2024-11-24T15:34:46.562+0000] {dagbag.py:588} INFO - Filling up the DagBag from /opt/airflow/dags/fraud_detection_dag.py
[2024-11-24T15:34:48.592+0000] {processor.py:925} INFO - DAG(s) 'fraud_detection' retrieved from /opt/airflow/dags/fraud_detection_dag.py
[2024-11-24T15:34:48.685+0000] {logging_mixin.py:190} INFO - [2024-11-24T15:34:48.684+0000] {dag.py:3239} INFO - Sync 1 DAGs
[2024-11-24T15:34:48.747+0000] {logging_mixin.py:190} INFO - [2024-11-24T15:34:48.746+0000] {dag.py:4180} INFO - Setting next_dagrun for fraud_detection to 2024-11-24 15:33:00+00:00, run_after=2024-11-24 15:34:00+00:00
[2024-11-24T15:34:48.844+0000] {processor.py:208} INFO - Processing /opt/airflow/dags/fraud_detection_dag.py took 2.343 seconds
[2024-11-24T15:35:19.302+0000] {processor.py:186} INFO - Started process (PID=1074) to work on /opt/airflow/dags/fraud_detection_dag.py
[2024-11-24T15:35:19.314+0000] {processor.py:914} INFO - Processing file /opt/airflow/dags/fraud_detection_dag.py for tasks to queue
[2024-11-24T15:35:19.325+0000] {logging_mixin.py:190} INFO - [2024-11-24T15:35:19.320+0000] {dagbag.py:588} INFO - Filling up the DagBag from /opt/airflow/dags/fraud_detection_dag.py
[2024-11-24T15:35:21.529+0000] {processor.py:925} INFO - DAG(s) 'fraud_detection' retrieved from /opt/airflow/dags/fraud_detection_dag.py
[2024-11-24T15:35:21.629+0000] {logging_mixin.py:190} INFO - [2024-11-24T15:35:21.627+0000] {dag.py:3239} INFO - Sync 1 DAGs
[2024-11-24T15:35:21.672+0000] {logging_mixin.py:190} INFO - [2024-11-24T15:35:21.672+0000] {dag.py:4180} INFO - Setting next_dagrun for fraud_detection to 2024-11-24 15:34:00+00:00, run_after=2024-11-24 15:35:00+00:00
[2024-11-24T15:35:21.717+0000] {processor.py:208} INFO - Processing /opt/airflow/dags/fraud_detection_dag.py took 2.429 seconds
[2024-11-24T15:35:52.274+0000] {processor.py:186} INFO - Started process (PID=1089) to work on /opt/airflow/dags/fraud_detection_dag.py
[2024-11-24T15:35:52.286+0000] {processor.py:914} INFO - Processing file /opt/airflow/dags/fraud_detection_dag.py for tasks to queue
[2024-11-24T15:35:52.292+0000] {logging_mixin.py:190} INFO - [2024-11-24T15:35:52.291+0000] {dagbag.py:588} INFO - Filling up the DagBag from /opt/airflow/dags/fraud_detection_dag.py
[2024-11-24T15:35:54.686+0000] {processor.py:925} INFO - DAG(s) 'fraud_detection' retrieved from /opt/airflow/dags/fraud_detection_dag.py
[2024-11-24T15:35:54.765+0000] {logging_mixin.py:190} INFO - [2024-11-24T15:35:54.763+0000] {dag.py:3239} INFO - Sync 1 DAGs
[2024-11-24T15:35:54.849+0000] {logging_mixin.py:190} INFO - [2024-11-24T15:35:54.847+0000] {dag.py:4180} INFO - Setting next_dagrun for fraud_detection to 2024-11-24 15:34:00+00:00, run_after=2024-11-24 15:35:00+00:00
[2024-11-24T15:35:54.953+0000] {processor.py:208} INFO - Processing /opt/airflow/dags/fraud_detection_dag.py took 2.691 seconds
[2024-11-24T15:36:25.298+0000] {processor.py:186} INFO - Started process (PID=1104) to work on /opt/airflow/dags/fraud_detection_dag.py
[2024-11-24T15:36:25.308+0000] {processor.py:914} INFO - Processing file /opt/airflow/dags/fraud_detection_dag.py for tasks to queue
[2024-11-24T15:36:25.315+0000] {logging_mixin.py:190} INFO - [2024-11-24T15:36:25.315+0000] {dagbag.py:588} INFO - Filling up the DagBag from /opt/airflow/dags/fraud_detection_dag.py
[2024-11-24T15:36:26.764+0000] {processor.py:925} INFO - DAG(s) 'fraud_detection' retrieved from /opt/airflow/dags/fraud_detection_dag.py
[2024-11-24T15:36:26.850+0000] {logging_mixin.py:190} INFO - [2024-11-24T15:36:26.849+0000] {dag.py:3239} INFO - Sync 1 DAGs
[2024-11-24T15:36:26.916+0000] {logging_mixin.py:190} INFO - [2024-11-24T15:36:26.916+0000] {dag.py:4180} INFO - Setting next_dagrun for fraud_detection to 2024-11-24 15:35:00+00:00, run_after=2024-11-24 15:36:00+00:00
[2024-11-24T15:36:26.951+0000] {processor.py:208} INFO - Processing /opt/airflow/dags/fraud_detection_dag.py took 1.662 seconds
[2024-11-24T15:36:57.723+0000] {processor.py:186} INFO - Started process (PID=1126) to work on /opt/airflow/dags/fraud_detection_dag.py
[2024-11-24T15:36:57.727+0000] {processor.py:914} INFO - Processing file /opt/airflow/dags/fraud_detection_dag.py for tasks to queue
[2024-11-24T15:36:57.736+0000] {logging_mixin.py:190} INFO - [2024-11-24T15:36:57.736+0000] {dagbag.py:588} INFO - Filling up the DagBag from /opt/airflow/dags/fraud_detection_dag.py
[2024-11-24T15:36:59.992+0000] {processor.py:925} INFO - DAG(s) 'fraud_detection' retrieved from /opt/airflow/dags/fraud_detection_dag.py
[2024-11-24T15:37:00.101+0000] {logging_mixin.py:190} INFO - [2024-11-24T15:37:00.100+0000] {dag.py:3239} INFO - Sync 1 DAGs
[2024-11-24T15:37:00.237+0000] {logging_mixin.py:190} INFO - [2024-11-24T15:37:00.237+0000] {dag.py:4180} INFO - Setting next_dagrun for fraud_detection to 2024-11-24 15:36:00+00:00, run_after=2024-11-24 15:37:00+00:00
[2024-11-24T15:37:00.343+0000] {processor.py:208} INFO - Processing /opt/airflow/dags/fraud_detection_dag.py took 2.655 seconds
[2024-11-24T15:37:31.247+0000] {processor.py:186} INFO - Started process (PID=1140) to work on /opt/airflow/dags/fraud_detection_dag.py
[2024-11-24T15:37:31.259+0000] {processor.py:914} INFO - Processing file /opt/airflow/dags/fraud_detection_dag.py for tasks to queue
[2024-11-24T15:37:31.274+0000] {logging_mixin.py:190} INFO - [2024-11-24T15:37:31.270+0000] {dagbag.py:588} INFO - Filling up the DagBag from /opt/airflow/dags/fraud_detection_dag.py
[2024-11-24T15:37:33.522+0000] {processor.py:925} INFO - DAG(s) 'fraud_detection' retrieved from /opt/airflow/dags/fraud_detection_dag.py
[2024-11-24T15:37:33.709+0000] {logging_mixin.py:190} INFO - [2024-11-24T15:37:33.708+0000] {dag.py:3239} INFO - Sync 1 DAGs
[2024-11-24T15:37:33.844+0000] {logging_mixin.py:190} INFO - [2024-11-24T15:37:33.843+0000] {dag.py:4180} INFO - Setting next_dagrun for fraud_detection to 2024-11-24 15:36:00+00:00, run_after=2024-11-24 15:37:00+00:00
[2024-11-24T15:37:34.001+0000] {processor.py:208} INFO - Processing /opt/airflow/dags/fraud_detection_dag.py took 2.769 seconds
[2024-11-24T15:38:05.066+0000] {processor.py:186} INFO - Started process (PID=1155) to work on /opt/airflow/dags/fraud_detection_dag.py
[2024-11-24T15:38:05.069+0000] {processor.py:914} INFO - Processing file /opt/airflow/dags/fraud_detection_dag.py for tasks to queue
[2024-11-24T15:38:05.079+0000] {logging_mixin.py:190} INFO - [2024-11-24T15:38:05.078+0000] {dagbag.py:588} INFO - Filling up the DagBag from /opt/airflow/dags/fraud_detection_dag.py
[2024-11-24T15:38:07.951+0000] {processor.py:925} INFO - DAG(s) 'fraud_detection' retrieved from /opt/airflow/dags/fraud_detection_dag.py
[2024-11-24T15:38:08.061+0000] {logging_mixin.py:190} INFO - [2024-11-24T15:38:08.059+0000] {dag.py:3239} INFO - Sync 1 DAGs
[2024-11-24T15:38:08.145+0000] {logging_mixin.py:190} INFO - [2024-11-24T15:38:08.145+0000] {dag.py:4180} INFO - Setting next_dagrun for fraud_detection to 2024-11-24 15:37:00+00:00, run_after=2024-11-24 15:38:00+00:00
[2024-11-24T15:38:08.208+0000] {processor.py:208} INFO - Processing /opt/airflow/dags/fraud_detection_dag.py took 3.176 seconds
[2024-11-24T15:38:38.803+0000] {processor.py:186} INFO - Started process (PID=1172) to work on /opt/airflow/dags/fraud_detection_dag.py
[2024-11-24T15:38:38.810+0000] {processor.py:914} INFO - Processing file /opt/airflow/dags/fraud_detection_dag.py for tasks to queue
[2024-11-24T15:38:38.822+0000] {logging_mixin.py:190} INFO - [2024-11-24T15:38:38.821+0000] {dagbag.py:588} INFO - Filling up the DagBag from /opt/airflow/dags/fraud_detection_dag.py
[2024-11-24T15:38:42.653+0000] {processor.py:925} INFO - DAG(s) 'fraud_detection' retrieved from /opt/airflow/dags/fraud_detection_dag.py
[2024-11-24T15:38:42.823+0000] {logging_mixin.py:190} INFO - [2024-11-24T15:38:42.822+0000] {dag.py:3239} INFO - Sync 1 DAGs
[2024-11-24T15:38:42.956+0000] {logging_mixin.py:190} INFO - [2024-11-24T15:38:42.955+0000] {dag.py:4180} INFO - Setting next_dagrun for fraud_detection to 2024-11-24 15:37:00+00:00, run_after=2024-11-24 15:38:00+00:00
[2024-11-24T15:38:43.051+0000] {processor.py:208} INFO - Processing /opt/airflow/dags/fraud_detection_dag.py took 4.317 seconds
[2024-11-24T15:39:13.599+0000] {processor.py:186} INFO - Started process (PID=1189) to work on /opt/airflow/dags/fraud_detection_dag.py
[2024-11-24T15:39:13.620+0000] {processor.py:914} INFO - Processing file /opt/airflow/dags/fraud_detection_dag.py for tasks to queue
[2024-11-24T15:39:13.624+0000] {logging_mixin.py:190} INFO - [2024-11-24T15:39:13.623+0000] {dagbag.py:588} INFO - Filling up the DagBag from /opt/airflow/dags/fraud_detection_dag.py
[2024-11-24T15:39:16.697+0000] {processor.py:925} INFO - DAG(s) 'fraud_detection' retrieved from /opt/airflow/dags/fraud_detection_dag.py
[2024-11-24T15:39:16.749+0000] {logging_mixin.py:190} INFO - [2024-11-24T15:39:16.746+0000] {dag.py:3239} INFO - Sync 1 DAGs
[2024-11-24T15:39:16.824+0000] {logging_mixin.py:190} INFO - [2024-11-24T15:39:16.824+0000] {dag.py:4180} INFO - Setting next_dagrun for fraud_detection to 2024-11-24 15:38:00+00:00, run_after=2024-11-24 15:39:00+00:00
[2024-11-24T15:39:16.916+0000] {processor.py:208} INFO - Processing /opt/airflow/dags/fraud_detection_dag.py took 3.336 seconds
[2024-11-24T15:39:47.214+0000] {processor.py:186} INFO - Started process (PID=1204) to work on /opt/airflow/dags/fraud_detection_dag.py
[2024-11-24T15:39:47.228+0000] {processor.py:914} INFO - Processing file /opt/airflow/dags/fraud_detection_dag.py for tasks to queue
[2024-11-24T15:39:47.237+0000] {logging_mixin.py:190} INFO - [2024-11-24T15:39:47.236+0000] {dagbag.py:588} INFO - Filling up the DagBag from /opt/airflow/dags/fraud_detection_dag.py
[2024-11-24T15:39:51.187+0000] {processor.py:925} INFO - DAG(s) 'fraud_detection' retrieved from /opt/airflow/dags/fraud_detection_dag.py
[2024-11-24T15:39:51.551+0000] {logging_mixin.py:190} INFO - [2024-11-24T15:39:51.550+0000] {dag.py:3239} INFO - Sync 1 DAGs
[2024-11-24T15:39:51.643+0000] {logging_mixin.py:190} INFO - [2024-11-24T15:39:51.642+0000] {dag.py:4180} INFO - Setting next_dagrun for fraud_detection to 2024-11-24 15:38:00+00:00, run_after=2024-11-24 15:39:00+00:00
[2024-11-24T15:39:51.712+0000] {processor.py:208} INFO - Processing /opt/airflow/dags/fraud_detection_dag.py took 4.524 seconds
[2024-11-24T15:47:18.977+0000] {processor.py:186} INFO - Started process (PID=57) to work on /opt/airflow/dags/fraud_detection_dag.py
[2024-11-24T15:47:18.987+0000] {processor.py:914} INFO - Processing file /opt/airflow/dags/fraud_detection_dag.py for tasks to queue
[2024-11-24T15:47:18.996+0000] {logging_mixin.py:190} INFO - [2024-11-24T15:47:18.996+0000] {dagbag.py:588} INFO - Filling up the DagBag from /opt/airflow/dags/fraud_detection_dag.py
[2024-11-24T15:47:27.451+0000] {processor.py:925} INFO - DAG(s) 'fraud_detection' retrieved from /opt/airflow/dags/fraud_detection_dag.py
[2024-11-24T15:47:27.922+0000] {logging_mixin.py:190} INFO - [2024-11-24T15:47:27.921+0000] {dag.py:3239} INFO - Sync 1 DAGs
[2024-11-24T15:47:28.162+0000] {logging_mixin.py:190} INFO - [2024-11-24T15:47:28.162+0000] {dag.py:4180} INFO - Setting next_dagrun for fraud_detection to 2024-11-24 15:46:00+00:00, run_after=2024-11-24 15:47:00+00:00
[2024-11-24T15:47:28.213+0000] {processor.py:208} INFO - Processing /opt/airflow/dags/fraud_detection_dag.py took 9.390 seconds
[2024-11-24T15:47:59.142+0000] {processor.py:186} INFO - Started process (PID=82) to work on /opt/airflow/dags/fraud_detection_dag.py
[2024-11-24T15:47:59.149+0000] {processor.py:914} INFO - Processing file /opt/airflow/dags/fraud_detection_dag.py for tasks to queue
[2024-11-24T15:47:59.154+0000] {logging_mixin.py:190} INFO - [2024-11-24T15:47:59.153+0000] {dagbag.py:588} INFO - Filling up the DagBag from /opt/airflow/dags/fraud_detection_dag.py
[2024-11-24T15:48:01.171+0000] {processor.py:925} INFO - DAG(s) 'fraud_detection' retrieved from /opt/airflow/dags/fraud_detection_dag.py
[2024-11-24T15:48:01.257+0000] {logging_mixin.py:190} INFO - [2024-11-24T15:48:01.256+0000] {dag.py:3239} INFO - Sync 1 DAGs
[2024-11-24T15:48:01.358+0000] {logging_mixin.py:190} INFO - [2024-11-24T15:48:01.358+0000] {dag.py:4180} INFO - Setting next_dagrun for fraud_detection to 2024-11-24 15:47:00+00:00, run_after=2024-11-24 15:48:00+00:00
[2024-11-24T15:48:01.429+0000] {processor.py:208} INFO - Processing /opt/airflow/dags/fraud_detection_dag.py took 2.297 seconds
[2024-11-24T15:48:31.530+0000] {processor.py:186} INFO - Started process (PID=97) to work on /opt/airflow/dags/fraud_detection_dag.py
[2024-11-24T15:48:31.533+0000] {processor.py:914} INFO - Processing file /opt/airflow/dags/fraud_detection_dag.py for tasks to queue
[2024-11-24T15:48:31.540+0000] {logging_mixin.py:190} INFO - [2024-11-24T15:48:31.539+0000] {dagbag.py:588} INFO - Filling up the DagBag from /opt/airflow/dags/fraud_detection_dag.py
[2024-11-24T15:48:33.764+0000] {processor.py:925} INFO - DAG(s) 'fraud_detection' retrieved from /opt/airflow/dags/fraud_detection_dag.py
[2024-11-24T15:48:33.878+0000] {logging_mixin.py:190} INFO - [2024-11-24T15:48:33.877+0000] {dag.py:3239} INFO - Sync 1 DAGs
[2024-11-24T15:48:34.202+0000] {logging_mixin.py:190} INFO - [2024-11-24T15:48:34.202+0000] {dag.py:4180} INFO - Setting next_dagrun for fraud_detection to 2024-11-24 15:47:00+00:00, run_after=2024-11-24 15:48:00+00:00
[2024-11-24T15:48:34.252+0000] {processor.py:208} INFO - Processing /opt/airflow/dags/fraud_detection_dag.py took 2.732 seconds
[2024-11-24T15:49:04.754+0000] {processor.py:186} INFO - Started process (PID=112) to work on /opt/airflow/dags/fraud_detection_dag.py
[2024-11-24T15:49:04.757+0000] {processor.py:914} INFO - Processing file /opt/airflow/dags/fraud_detection_dag.py for tasks to queue
[2024-11-24T15:49:04.766+0000] {logging_mixin.py:190} INFO - [2024-11-24T15:49:04.763+0000] {dagbag.py:588} INFO - Filling up the DagBag from /opt/airflow/dags/fraud_detection_dag.py
[2024-11-24T15:49:08.379+0000] {processor.py:925} INFO - DAG(s) 'fraud_detection' retrieved from /opt/airflow/dags/fraud_detection_dag.py
[2024-11-24T15:49:08.565+0000] {logging_mixin.py:190} INFO - [2024-11-24T15:49:08.563+0000] {dag.py:3239} INFO - Sync 1 DAGs
[2024-11-24T15:49:08.661+0000] {logging_mixin.py:190} INFO - [2024-11-24T15:49:08.660+0000] {dag.py:4180} INFO - Setting next_dagrun for fraud_detection to 2024-11-24 15:48:00+00:00, run_after=2024-11-24 15:49:00+00:00
[2024-11-24T15:49:08.739+0000] {processor.py:208} INFO - Processing /opt/airflow/dags/fraud_detection_dag.py took 4.000 seconds
[2024-11-24T15:49:39.686+0000] {processor.py:186} INFO - Started process (PID=127) to work on /opt/airflow/dags/fraud_detection_dag.py
[2024-11-24T15:49:39.694+0000] {processor.py:914} INFO - Processing file /opt/airflow/dags/fraud_detection_dag.py for tasks to queue
[2024-11-24T15:49:39.720+0000] {logging_mixin.py:190} INFO - [2024-11-24T15:49:39.716+0000] {dagbag.py:588} INFO - Filling up the DagBag from /opt/airflow/dags/fraud_detection_dag.py
[2024-11-24T15:49:43.387+0000] {processor.py:925} INFO - DAG(s) 'fraud_detection' retrieved from /opt/airflow/dags/fraud_detection_dag.py
[2024-11-24T15:49:43.500+0000] {logging_mixin.py:190} INFO - [2024-11-24T15:49:43.499+0000] {dag.py:3239} INFO - Sync 1 DAGs
[2024-11-24T15:49:43.612+0000] {logging_mixin.py:190} INFO - [2024-11-24T15:49:43.612+0000] {dag.py:4180} INFO - Setting next_dagrun for fraud_detection to 2024-11-24 15:48:00+00:00, run_after=2024-11-24 15:49:00+00:00
[2024-11-24T15:49:43.695+0000] {processor.py:208} INFO - Processing /opt/airflow/dags/fraud_detection_dag.py took 4.060 seconds
[2024-11-24T15:50:14.454+0000] {processor.py:186} INFO - Started process (PID=142) to work on /opt/airflow/dags/fraud_detection_dag.py
[2024-11-24T15:50:14.460+0000] {processor.py:914} INFO - Processing file /opt/airflow/dags/fraud_detection_dag.py for tasks to queue
[2024-11-24T15:50:14.468+0000] {logging_mixin.py:190} INFO - [2024-11-24T15:50:14.466+0000] {dagbag.py:588} INFO - Filling up the DagBag from /opt/airflow/dags/fraud_detection_dag.py
[2024-11-24T15:50:17.528+0000] {processor.py:925} INFO - DAG(s) 'fraud_detection' retrieved from /opt/airflow/dags/fraud_detection_dag.py
[2024-11-24T15:50:17.642+0000] {logging_mixin.py:190} INFO - [2024-11-24T15:50:17.641+0000] {dag.py:3239} INFO - Sync 1 DAGs
[2024-11-24T15:50:17.720+0000] {logging_mixin.py:190} INFO - [2024-11-24T15:50:17.719+0000] {dag.py:4180} INFO - Setting next_dagrun for fraud_detection to 2024-11-24 15:49:00+00:00, run_after=2024-11-24 15:50:00+00:00
[2024-11-24T15:50:17.781+0000] {processor.py:208} INFO - Processing /opt/airflow/dags/fraud_detection_dag.py took 3.361 seconds
[2024-11-24T15:50:47.901+0000] {processor.py:186} INFO - Started process (PID=157) to work on /opt/airflow/dags/fraud_detection_dag.py
[2024-11-24T15:50:47.909+0000] {processor.py:914} INFO - Processing file /opt/airflow/dags/fraud_detection_dag.py for tasks to queue
[2024-11-24T15:50:47.915+0000] {logging_mixin.py:190} INFO - [2024-11-24T15:50:47.914+0000] {dagbag.py:588} INFO - Filling up the DagBag from /opt/airflow/dags/fraud_detection_dag.py
[2024-11-24T15:50:50.499+0000] {processor.py:925} INFO - DAG(s) 'fraud_detection' retrieved from /opt/airflow/dags/fraud_detection_dag.py
[2024-11-24T15:50:50.576+0000] {logging_mixin.py:190} INFO - [2024-11-24T15:50:50.575+0000] {dag.py:3239} INFO - Sync 1 DAGs
[2024-11-24T15:50:50.622+0000] {logging_mixin.py:190} INFO - [2024-11-24T15:50:50.622+0000] {dag.py:4180} INFO - Setting next_dagrun for fraud_detection to 2024-11-24 15:49:00+00:00, run_after=2024-11-24 15:50:00+00:00
[2024-11-24T15:50:50.689+0000] {processor.py:208} INFO - Processing /opt/airflow/dags/fraud_detection_dag.py took 2.796 seconds
[2024-11-24T15:51:20.816+0000] {processor.py:186} INFO - Started process (PID=172) to work on /opt/airflow/dags/fraud_detection_dag.py
[2024-11-24T15:51:20.825+0000] {processor.py:914} INFO - Processing file /opt/airflow/dags/fraud_detection_dag.py for tasks to queue
[2024-11-24T15:51:20.834+0000] {logging_mixin.py:190} INFO - [2024-11-24T15:51:20.833+0000] {dagbag.py:588} INFO - Filling up the DagBag from /opt/airflow/dags/fraud_detection_dag.py
[2024-11-24T15:51:22.900+0000] {processor.py:925} INFO - DAG(s) 'fraud_detection' retrieved from /opt/airflow/dags/fraud_detection_dag.py
[2024-11-24T15:51:22.984+0000] {logging_mixin.py:190} INFO - [2024-11-24T15:51:22.983+0000] {dag.py:3239} INFO - Sync 1 DAGs
[2024-11-24T15:51:23.034+0000] {logging_mixin.py:190} INFO - [2024-11-24T15:51:23.033+0000] {dag.py:4180} INFO - Setting next_dagrun for fraud_detection to 2024-11-24 15:50:00+00:00, run_after=2024-11-24 15:51:00+00:00
[2024-11-24T15:51:23.089+0000] {processor.py:208} INFO - Processing /opt/airflow/dags/fraud_detection_dag.py took 2.289 seconds
[2024-11-24T15:51:53.984+0000] {processor.py:186} INFO - Started process (PID=187) to work on /opt/airflow/dags/fraud_detection_dag.py
[2024-11-24T15:51:53.997+0000] {processor.py:914} INFO - Processing file /opt/airflow/dags/fraud_detection_dag.py for tasks to queue
[2024-11-24T15:51:54.015+0000] {logging_mixin.py:190} INFO - [2024-11-24T15:51:54.014+0000] {dagbag.py:588} INFO - Filling up the DagBag from /opt/airflow/dags/fraud_detection_dag.py
[2024-11-24T15:51:56.578+0000] {processor.py:925} INFO - DAG(s) 'fraud_detection' retrieved from /opt/airflow/dags/fraud_detection_dag.py
[2024-11-24T15:51:56.699+0000] {logging_mixin.py:190} INFO - [2024-11-24T15:51:56.698+0000] {dag.py:3239} INFO - Sync 1 DAGs
[2024-11-24T15:51:56.755+0000] {logging_mixin.py:190} INFO - [2024-11-24T15:51:56.755+0000] {dag.py:4180} INFO - Setting next_dagrun for fraud_detection to 2024-11-24 15:50:00+00:00, run_after=2024-11-24 15:51:00+00:00
[2024-11-24T15:51:56.897+0000] {processor.py:208} INFO - Processing /opt/airflow/dags/fraud_detection_dag.py took 2.936 seconds
[2024-11-24T15:52:27.192+0000] {processor.py:186} INFO - Started process (PID=202) to work on /opt/airflow/dags/fraud_detection_dag.py
[2024-11-24T15:52:27.202+0000] {processor.py:914} INFO - Processing file /opt/airflow/dags/fraud_detection_dag.py for tasks to queue
[2024-11-24T15:52:27.209+0000] {logging_mixin.py:190} INFO - [2024-11-24T15:52:27.208+0000] {dagbag.py:588} INFO - Filling up the DagBag from /opt/airflow/dags/fraud_detection_dag.py
[2024-11-24T15:52:31.230+0000] {processor.py:925} INFO - DAG(s) 'fraud_detection' retrieved from /opt/airflow/dags/fraud_detection_dag.py
[2024-11-24T15:52:31.375+0000] {logging_mixin.py:190} INFO - [2024-11-24T15:52:31.374+0000] {dag.py:3239} INFO - Sync 1 DAGs
[2024-11-24T15:52:31.516+0000] {logging_mixin.py:190} INFO - [2024-11-24T15:52:31.515+0000] {dag.py:4180} INFO - Setting next_dagrun for fraud_detection to 2024-11-24 15:51:00+00:00, run_after=2024-11-24 15:52:00+00:00
[2024-11-24T15:52:31.771+0000] {processor.py:208} INFO - Processing /opt/airflow/dags/fraud_detection_dag.py took 4.595 seconds
