[2024-11-24T15:00:31.627+0000] {processor.py:186} INFO - Started process (PID=61) to work on /opt/airflow/dags/monitoring_dag.py
[2024-11-24T15:00:31.628+0000] {processor.py:914} INFO - Processing file /opt/airflow/dags/monitoring_dag.py for tasks to queue
[2024-11-24T15:00:31.631+0000] {logging_mixin.py:190} INFO - [2024-11-24T15:00:31.631+0000] {dagbag.py:588} INFO - Filling up the DagBag from /opt/airflow/dags/monitoring_dag.py
[2024-11-24T15:00:35.272+0000] {processor.py:925} INFO - DAG(s) 'fraud_monitoring' retrieved from /opt/airflow/dags/monitoring_dag.py
[2024-11-24T15:00:35.429+0000] {logging_mixin.py:190} INFO - [2024-11-24T15:00:35.428+0000] {dag.py:3239} INFO - Sync 1 DAGs
[2024-11-24T15:00:35.576+0000] {logging_mixin.py:190} INFO - [2024-11-24T15:00:35.575+0000] {dag.py:4180} INFO - Setting next_dagrun for fraud_monitoring to 2024-11-23 00:00:00+00:00, run_after=2024-11-24 00:00:00+00:00
[2024-11-24T15:00:35.689+0000] {processor.py:208} INFO - Processing /opt/airflow/dags/monitoring_dag.py took 4.109 seconds
[2024-11-24T15:01:06.217+0000] {processor.py:186} INFO - Started process (PID=75) to work on /opt/airflow/dags/monitoring_dag.py
[2024-11-24T15:01:06.824+0000] {processor.py:914} INFO - Processing file /opt/airflow/dags/monitoring_dag.py for tasks to queue
[2024-11-24T15:01:06.868+0000] {logging_mixin.py:190} INFO - [2024-11-24T15:01:06.867+0000] {dagbag.py:588} INFO - Filling up the DagBag from /opt/airflow/dags/monitoring_dag.py
[2024-11-24T15:01:09.279+0000] {processor.py:925} INFO - DAG(s) 'fraud_monitoring' retrieved from /opt/airflow/dags/monitoring_dag.py
[2024-11-24T15:01:09.405+0000] {logging_mixin.py:190} INFO - [2024-11-24T15:01:09.404+0000] {dag.py:3239} INFO - Sync 1 DAGs
[2024-11-24T15:01:09.530+0000] {logging_mixin.py:190} INFO - [2024-11-24T15:01:09.524+0000] {dag.py:4180} INFO - Setting next_dagrun for fraud_monitoring to 2024-11-23 00:00:00+00:00, run_after=2024-11-24 00:00:00+00:00
[2024-11-24T15:01:09.678+0000] {processor.py:208} INFO - Processing /opt/airflow/dags/monitoring_dag.py took 3.489 seconds
[2024-11-24T15:01:40.064+0000] {processor.py:186} INFO - Started process (PID=90) to work on /opt/airflow/dags/monitoring_dag.py
[2024-11-24T15:01:40.067+0000] {processor.py:914} INFO - Processing file /opt/airflow/dags/monitoring_dag.py for tasks to queue
[2024-11-24T15:01:40.072+0000] {logging_mixin.py:190} INFO - [2024-11-24T15:01:40.071+0000] {dagbag.py:588} INFO - Filling up the DagBag from /opt/airflow/dags/monitoring_dag.py
[2024-11-24T15:01:42.824+0000] {processor.py:925} INFO - DAG(s) 'fraud_monitoring' retrieved from /opt/airflow/dags/monitoring_dag.py
[2024-11-24T15:01:43.189+0000] {logging_mixin.py:190} INFO - [2024-11-24T15:01:43.188+0000] {dag.py:3239} INFO - Sync 1 DAGs
[2024-11-24T15:01:43.351+0000] {logging_mixin.py:190} INFO - [2024-11-24T15:01:43.351+0000] {dag.py:4180} INFO - Setting next_dagrun for fraud_monitoring to 2024-11-23 00:00:00+00:00, run_after=2024-11-24 00:00:00+00:00
[2024-11-24T15:01:43.512+0000] {processor.py:208} INFO - Processing /opt/airflow/dags/monitoring_dag.py took 3.472 seconds
[2024-11-24T15:02:13.928+0000] {processor.py:186} INFO - Started process (PID=104) to work on /opt/airflow/dags/monitoring_dag.py
[2024-11-24T15:02:13.937+0000] {processor.py:914} INFO - Processing file /opt/airflow/dags/monitoring_dag.py for tasks to queue
[2024-11-24T15:02:13.943+0000] {logging_mixin.py:190} INFO - [2024-11-24T15:02:13.941+0000] {dagbag.py:588} INFO - Filling up the DagBag from /opt/airflow/dags/monitoring_dag.py
[2024-11-24T15:02:16.942+0000] {processor.py:925} INFO - DAG(s) 'fraud_monitoring' retrieved from /opt/airflow/dags/monitoring_dag.py
[2024-11-24T15:02:17.040+0000] {logging_mixin.py:190} INFO - [2024-11-24T15:02:17.039+0000] {dag.py:3239} INFO - Sync 1 DAGs
[2024-11-24T15:02:17.122+0000] {logging_mixin.py:190} INFO - [2024-11-24T15:02:17.122+0000] {dag.py:4180} INFO - Setting next_dagrun for fraud_monitoring to 2024-11-23 00:00:00+00:00, run_after=2024-11-24 00:00:00+00:00
[2024-11-24T15:02:17.192+0000] {processor.py:208} INFO - Processing /opt/airflow/dags/monitoring_dag.py took 3.284 seconds
[2024-11-24T15:02:48.343+0000] {processor.py:186} INFO - Started process (PID=119) to work on /opt/airflow/dags/monitoring_dag.py
[2024-11-24T15:02:48.351+0000] {processor.py:914} INFO - Processing file /opt/airflow/dags/monitoring_dag.py for tasks to queue
[2024-11-24T15:02:48.357+0000] {logging_mixin.py:190} INFO - [2024-11-24T15:02:48.356+0000] {dagbag.py:588} INFO - Filling up the DagBag from /opt/airflow/dags/monitoring_dag.py
[2024-11-24T15:02:49.397+0000] {processor.py:925} INFO - DAG(s) 'fraud_monitoring' retrieved from /opt/airflow/dags/monitoring_dag.py
[2024-11-24T15:02:49.497+0000] {logging_mixin.py:190} INFO - [2024-11-24T15:02:49.495+0000] {dag.py:3239} INFO - Sync 1 DAGs
[2024-11-24T15:02:49.574+0000] {logging_mixin.py:190} INFO - [2024-11-24T15:02:49.573+0000] {dag.py:4180} INFO - Setting next_dagrun for fraud_monitoring to 2024-11-23 00:00:00+00:00, run_after=2024-11-24 00:00:00+00:00
[2024-11-24T15:02:49.646+0000] {processor.py:208} INFO - Processing /opt/airflow/dags/monitoring_dag.py took 1.344 seconds
[2024-11-24T15:03:19.891+0000] {processor.py:186} INFO - Started process (PID=134) to work on /opt/airflow/dags/monitoring_dag.py
[2024-11-24T15:03:19.894+0000] {processor.py:914} INFO - Processing file /opt/airflow/dags/monitoring_dag.py for tasks to queue
[2024-11-24T15:03:19.901+0000] {logging_mixin.py:190} INFO - [2024-11-24T15:03:19.900+0000] {dagbag.py:588} INFO - Filling up the DagBag from /opt/airflow/dags/monitoring_dag.py
[2024-11-24T15:03:20.858+0000] {processor.py:925} INFO - DAG(s) 'fraud_monitoring' retrieved from /opt/airflow/dags/monitoring_dag.py
[2024-11-24T15:03:20.934+0000] {logging_mixin.py:190} INFO - [2024-11-24T15:03:20.933+0000] {dag.py:3239} INFO - Sync 1 DAGs
[2024-11-24T15:03:21.043+0000] {logging_mixin.py:190} INFO - [2024-11-24T15:03:21.042+0000] {dag.py:4180} INFO - Setting next_dagrun for fraud_monitoring to 2024-11-23 00:00:00+00:00, run_after=2024-11-24 00:00:00+00:00
[2024-11-24T15:03:21.138+0000] {processor.py:208} INFO - Processing /opt/airflow/dags/monitoring_dag.py took 1.272 seconds
[2024-11-24T15:03:51.519+0000] {processor.py:186} INFO - Started process (PID=149) to work on /opt/airflow/dags/monitoring_dag.py
[2024-11-24T15:03:51.539+0000] {processor.py:914} INFO - Processing file /opt/airflow/dags/monitoring_dag.py for tasks to queue
[2024-11-24T15:03:51.624+0000] {logging_mixin.py:190} INFO - [2024-11-24T15:03:51.622+0000] {dagbag.py:588} INFO - Filling up the DagBag from /opt/airflow/dags/monitoring_dag.py
[2024-11-24T15:03:52.946+0000] {processor.py:925} INFO - DAG(s) 'fraud_monitoring' retrieved from /opt/airflow/dags/monitoring_dag.py
[2024-11-24T15:03:53.036+0000] {logging_mixin.py:190} INFO - [2024-11-24T15:03:53.035+0000] {dag.py:3239} INFO - Sync 1 DAGs
[2024-11-24T15:03:53.075+0000] {logging_mixin.py:190} INFO - [2024-11-24T15:03:53.075+0000] {dag.py:4180} INFO - Setting next_dagrun for fraud_monitoring to 2024-11-23 00:00:00+00:00, run_after=2024-11-24 00:00:00+00:00
[2024-11-24T15:03:53.111+0000] {processor.py:208} INFO - Processing /opt/airflow/dags/monitoring_dag.py took 1.645 seconds
[2024-11-24T15:04:23.429+0000] {processor.py:186} INFO - Started process (PID=164) to work on /opt/airflow/dags/monitoring_dag.py
[2024-11-24T15:04:23.431+0000] {processor.py:914} INFO - Processing file /opt/airflow/dags/monitoring_dag.py for tasks to queue
[2024-11-24T15:04:23.438+0000] {logging_mixin.py:190} INFO - [2024-11-24T15:04:23.437+0000] {dagbag.py:588} INFO - Filling up the DagBag from /opt/airflow/dags/monitoring_dag.py
[2024-11-24T15:04:23.983+0000] {processor.py:925} INFO - DAG(s) 'fraud_monitoring' retrieved from /opt/airflow/dags/monitoring_dag.py
[2024-11-24T15:04:24.065+0000] {logging_mixin.py:190} INFO - [2024-11-24T15:04:24.065+0000] {dag.py:3239} INFO - Sync 1 DAGs
[2024-11-24T15:04:24.104+0000] {logging_mixin.py:190} INFO - [2024-11-24T15:04:24.104+0000] {dag.py:4180} INFO - Setting next_dagrun for fraud_monitoring to 2024-11-23 00:00:00+00:00, run_after=2024-11-24 00:00:00+00:00
[2024-11-24T15:04:24.141+0000] {processor.py:208} INFO - Processing /opt/airflow/dags/monitoring_dag.py took 0.728 seconds
[2024-11-24T15:04:54.503+0000] {processor.py:186} INFO - Started process (PID=179) to work on /opt/airflow/dags/monitoring_dag.py
[2024-11-24T15:04:54.507+0000] {processor.py:914} INFO - Processing file /opt/airflow/dags/monitoring_dag.py for tasks to queue
[2024-11-24T15:04:54.519+0000] {logging_mixin.py:190} INFO - [2024-11-24T15:04:54.518+0000] {dagbag.py:588} INFO - Filling up the DagBag from /opt/airflow/dags/monitoring_dag.py
[2024-11-24T15:04:55.680+0000] {processor.py:925} INFO - DAG(s) 'fraud_monitoring' retrieved from /opt/airflow/dags/monitoring_dag.py
[2024-11-24T15:04:56.155+0000] {logging_mixin.py:190} INFO - [2024-11-24T15:04:56.154+0000] {dag.py:3239} INFO - Sync 1 DAGs
[2024-11-24T15:04:56.502+0000] {logging_mixin.py:190} INFO - [2024-11-24T15:04:56.502+0000] {dag.py:4180} INFO - Setting next_dagrun for fraud_monitoring to 2024-11-23 00:00:00+00:00, run_after=2024-11-24 00:00:00+00:00
[2024-11-24T15:04:56.804+0000] {processor.py:208} INFO - Processing /opt/airflow/dags/monitoring_dag.py took 2.320 seconds
[2024-11-24T15:05:27.940+0000] {processor.py:186} INFO - Started process (PID=201) to work on /opt/airflow/dags/monitoring_dag.py
[2024-11-24T15:05:27.943+0000] {processor.py:914} INFO - Processing file /opt/airflow/dags/monitoring_dag.py for tasks to queue
[2024-11-24T15:05:27.949+0000] {logging_mixin.py:190} INFO - [2024-11-24T15:05:27.948+0000] {dagbag.py:588} INFO - Filling up the DagBag from /opt/airflow/dags/monitoring_dag.py
[2024-11-24T15:05:29.216+0000] {processor.py:925} INFO - DAG(s) 'fraud_monitoring' retrieved from /opt/airflow/dags/monitoring_dag.py
[2024-11-24T15:05:29.313+0000] {logging_mixin.py:190} INFO - [2024-11-24T15:05:29.313+0000] {dag.py:3239} INFO - Sync 1 DAGs
[2024-11-24T15:05:29.345+0000] {logging_mixin.py:190} INFO - [2024-11-24T15:05:29.345+0000] {dag.py:4180} INFO - Setting next_dagrun for fraud_monitoring to 2024-11-23 00:00:00+00:00, run_after=2024-11-24 00:00:00+00:00
[2024-11-24T15:05:29.371+0000] {processor.py:208} INFO - Processing /opt/airflow/dags/monitoring_dag.py took 1.481 seconds
[2024-11-24T15:05:59.607+0000] {processor.py:186} INFO - Started process (PID=216) to work on /opt/airflow/dags/monitoring_dag.py
[2024-11-24T15:05:59.620+0000] {processor.py:914} INFO - Processing file /opt/airflow/dags/monitoring_dag.py for tasks to queue
[2024-11-24T15:05:59.641+0000] {logging_mixin.py:190} INFO - [2024-11-24T15:05:59.640+0000] {dagbag.py:588} INFO - Filling up the DagBag from /opt/airflow/dags/monitoring_dag.py
[2024-11-24T15:06:00.901+0000] {processor.py:925} INFO - DAG(s) 'fraud_monitoring' retrieved from /opt/airflow/dags/monitoring_dag.py
[2024-11-24T15:06:01.152+0000] {logging_mixin.py:190} INFO - [2024-11-24T15:06:01.151+0000] {dag.py:3239} INFO - Sync 1 DAGs
[2024-11-24T15:06:01.297+0000] {logging_mixin.py:190} INFO - [2024-11-24T15:06:01.297+0000] {dag.py:4180} INFO - Setting next_dagrun for fraud_monitoring to 2024-11-23 00:00:00+00:00, run_after=2024-11-24 00:00:00+00:00
[2024-11-24T15:06:01.362+0000] {processor.py:208} INFO - Processing /opt/airflow/dags/monitoring_dag.py took 1.766 seconds
[2024-11-24T15:06:31.480+0000] {processor.py:186} INFO - Started process (PID=231) to work on /opt/airflow/dags/monitoring_dag.py
[2024-11-24T15:06:31.495+0000] {processor.py:914} INFO - Processing file /opt/airflow/dags/monitoring_dag.py for tasks to queue
[2024-11-24T15:06:31.501+0000] {logging_mixin.py:190} INFO - [2024-11-24T15:06:31.501+0000] {dagbag.py:588} INFO - Filling up the DagBag from /opt/airflow/dags/monitoring_dag.py
[2024-11-24T15:06:32.383+0000] {processor.py:925} INFO - DAG(s) 'fraud_monitoring' retrieved from /opt/airflow/dags/monitoring_dag.py
[2024-11-24T15:06:32.436+0000] {logging_mixin.py:190} INFO - [2024-11-24T15:06:32.435+0000] {dag.py:3239} INFO - Sync 1 DAGs
[2024-11-24T15:06:32.469+0000] {logging_mixin.py:190} INFO - [2024-11-24T15:06:32.468+0000] {dag.py:4180} INFO - Setting next_dagrun for fraud_monitoring to 2024-11-23 00:00:00+00:00, run_after=2024-11-24 00:00:00+00:00
[2024-11-24T15:06:32.515+0000] {processor.py:208} INFO - Processing /opt/airflow/dags/monitoring_dag.py took 1.049 seconds
[2024-11-24T15:07:02.670+0000] {processor.py:186} INFO - Started process (PID=246) to work on /opt/airflow/dags/monitoring_dag.py
[2024-11-24T15:07:02.676+0000] {processor.py:914} INFO - Processing file /opt/airflow/dags/monitoring_dag.py for tasks to queue
[2024-11-24T15:07:02.682+0000] {logging_mixin.py:190} INFO - [2024-11-24T15:07:02.681+0000] {dagbag.py:588} INFO - Filling up the DagBag from /opt/airflow/dags/monitoring_dag.py
[2024-11-24T15:07:03.333+0000] {processor.py:925} INFO - DAG(s) 'fraud_monitoring' retrieved from /opt/airflow/dags/monitoring_dag.py
[2024-11-24T15:07:03.387+0000] {logging_mixin.py:190} INFO - [2024-11-24T15:07:03.386+0000] {dag.py:3239} INFO - Sync 1 DAGs
[2024-11-24T15:07:03.438+0000] {logging_mixin.py:190} INFO - [2024-11-24T15:07:03.438+0000] {dag.py:4180} INFO - Setting next_dagrun for fraud_monitoring to 2024-11-23 00:00:00+00:00, run_after=2024-11-24 00:00:00+00:00
[2024-11-24T15:07:03.487+0000] {processor.py:208} INFO - Processing /opt/airflow/dags/monitoring_dag.py took 0.832 seconds
[2024-11-24T15:07:34.029+0000] {processor.py:186} INFO - Started process (PID=261) to work on /opt/airflow/dags/monitoring_dag.py
[2024-11-24T15:07:34.037+0000] {processor.py:914} INFO - Processing file /opt/airflow/dags/monitoring_dag.py for tasks to queue
[2024-11-24T15:07:34.046+0000] {logging_mixin.py:190} INFO - [2024-11-24T15:07:34.046+0000] {dagbag.py:588} INFO - Filling up the DagBag from /opt/airflow/dags/monitoring_dag.py
[2024-11-24T15:07:35.172+0000] {processor.py:925} INFO - DAG(s) 'fraud_monitoring' retrieved from /opt/airflow/dags/monitoring_dag.py
[2024-11-24T15:07:35.328+0000] {logging_mixin.py:190} INFO - [2024-11-24T15:07:35.327+0000] {dag.py:3239} INFO - Sync 1 DAGs
[2024-11-24T15:07:35.597+0000] {logging_mixin.py:190} INFO - [2024-11-24T15:07:35.594+0000] {dag.py:4180} INFO - Setting next_dagrun for fraud_monitoring to 2024-11-23 00:00:00+00:00, run_after=2024-11-24 00:00:00+00:00
[2024-11-24T15:07:35.651+0000] {processor.py:208} INFO - Processing /opt/airflow/dags/monitoring_dag.py took 1.633 seconds
[2024-11-24T15:08:06.160+0000] {processor.py:186} INFO - Started process (PID=273) to work on /opt/airflow/dags/monitoring_dag.py
[2024-11-24T15:08:06.163+0000] {processor.py:914} INFO - Processing file /opt/airflow/dags/monitoring_dag.py for tasks to queue
[2024-11-24T15:08:06.166+0000] {logging_mixin.py:190} INFO - [2024-11-24T15:08:06.166+0000] {dagbag.py:588} INFO - Filling up the DagBag from /opt/airflow/dags/monitoring_dag.py
[2024-11-24T15:08:06.944+0000] {processor.py:925} INFO - DAG(s) 'fraud_monitoring' retrieved from /opt/airflow/dags/monitoring_dag.py
[2024-11-24T15:08:07.232+0000] {logging_mixin.py:190} INFO - [2024-11-24T15:08:07.231+0000] {dag.py:3239} INFO - Sync 1 DAGs
[2024-11-24T15:08:07.371+0000] {logging_mixin.py:190} INFO - [2024-11-24T15:08:07.371+0000] {dag.py:4180} INFO - Setting next_dagrun for fraud_monitoring to 2024-11-23 00:00:00+00:00, run_after=2024-11-24 00:00:00+00:00
[2024-11-24T15:08:07.480+0000] {processor.py:208} INFO - Processing /opt/airflow/dags/monitoring_dag.py took 1.390 seconds
[2024-11-24T15:08:37.975+0000] {processor.py:186} INFO - Started process (PID=286) to work on /opt/airflow/dags/monitoring_dag.py
[2024-11-24T15:08:37.988+0000] {processor.py:914} INFO - Processing file /opt/airflow/dags/monitoring_dag.py for tasks to queue
[2024-11-24T15:08:38.003+0000] {logging_mixin.py:190} INFO - [2024-11-24T15:08:38.001+0000] {dagbag.py:588} INFO - Filling up the DagBag from /opt/airflow/dags/monitoring_dag.py
[2024-11-24T15:08:39.288+0000] {processor.py:925} INFO - DAG(s) 'fraud_monitoring' retrieved from /opt/airflow/dags/monitoring_dag.py
[2024-11-24T15:08:39.392+0000] {logging_mixin.py:190} INFO - [2024-11-24T15:08:39.391+0000] {dag.py:3239} INFO - Sync 1 DAGs
[2024-11-24T15:08:39.550+0000] {logging_mixin.py:190} INFO - [2024-11-24T15:08:39.549+0000] {dag.py:4180} INFO - Setting next_dagrun for fraud_monitoring to 2024-11-23 00:00:00+00:00, run_after=2024-11-24 00:00:00+00:00
[2024-11-24T15:08:39.620+0000] {processor.py:208} INFO - Processing /opt/airflow/dags/monitoring_dag.py took 1.685 seconds
[2024-11-24T15:09:09.858+0000] {processor.py:186} INFO - Started process (PID=301) to work on /opt/airflow/dags/monitoring_dag.py
[2024-11-24T15:09:09.865+0000] {processor.py:914} INFO - Processing file /opt/airflow/dags/monitoring_dag.py for tasks to queue
[2024-11-24T15:09:09.875+0000] {logging_mixin.py:190} INFO - [2024-11-24T15:09:09.874+0000] {dagbag.py:588} INFO - Filling up the DagBag from /opt/airflow/dags/monitoring_dag.py
[2024-11-24T15:09:10.726+0000] {processor.py:925} INFO - DAG(s) 'fraud_monitoring' retrieved from /opt/airflow/dags/monitoring_dag.py
[2024-11-24T15:09:10.787+0000] {logging_mixin.py:190} INFO - [2024-11-24T15:09:10.786+0000] {dag.py:3239} INFO - Sync 1 DAGs
[2024-11-24T15:09:10.832+0000] {logging_mixin.py:190} INFO - [2024-11-24T15:09:10.831+0000] {dag.py:4180} INFO - Setting next_dagrun for fraud_monitoring to 2024-11-23 00:00:00+00:00, run_after=2024-11-24 00:00:00+00:00
[2024-11-24T15:09:10.916+0000] {processor.py:208} INFO - Processing /opt/airflow/dags/monitoring_dag.py took 1.071 seconds
[2024-11-24T15:09:41.369+0000] {processor.py:186} INFO - Started process (PID=316) to work on /opt/airflow/dags/monitoring_dag.py
[2024-11-24T15:09:41.372+0000] {processor.py:914} INFO - Processing file /opt/airflow/dags/monitoring_dag.py for tasks to queue
[2024-11-24T15:09:41.378+0000] {logging_mixin.py:190} INFO - [2024-11-24T15:09:41.378+0000] {dagbag.py:588} INFO - Filling up the DagBag from /opt/airflow/dags/monitoring_dag.py
[2024-11-24T15:09:42.260+0000] {processor.py:925} INFO - DAG(s) 'fraud_monitoring' retrieved from /opt/airflow/dags/monitoring_dag.py
[2024-11-24T15:09:42.378+0000] {logging_mixin.py:190} INFO - [2024-11-24T15:09:42.372+0000] {dag.py:3239} INFO - Sync 1 DAGs
[2024-11-24T15:09:42.463+0000] {logging_mixin.py:190} INFO - [2024-11-24T15:09:42.463+0000] {dag.py:4180} INFO - Setting next_dagrun for fraud_monitoring to 2024-11-23 00:00:00+00:00, run_after=2024-11-24 00:00:00+00:00
[2024-11-24T15:09:42.553+0000] {processor.py:208} INFO - Processing /opt/airflow/dags/monitoring_dag.py took 1.197 seconds
[2024-11-24T15:10:13.580+0000] {processor.py:186} INFO - Started process (PID=336) to work on /opt/airflow/dags/monitoring_dag.py
[2024-11-24T15:10:13.588+0000] {processor.py:914} INFO - Processing file /opt/airflow/dags/monitoring_dag.py for tasks to queue
[2024-11-24T15:10:13.599+0000] {logging_mixin.py:190} INFO - [2024-11-24T15:10:13.598+0000] {dagbag.py:588} INFO - Filling up the DagBag from /opt/airflow/dags/monitoring_dag.py
[2024-11-24T15:10:14.395+0000] {processor.py:925} INFO - DAG(s) 'fraud_monitoring' retrieved from /opt/airflow/dags/monitoring_dag.py
[2024-11-24T15:10:14.449+0000] {logging_mixin.py:190} INFO - [2024-11-24T15:10:14.448+0000] {dag.py:3239} INFO - Sync 1 DAGs
[2024-11-24T15:10:14.485+0000] {logging_mixin.py:190} INFO - [2024-11-24T15:10:14.485+0000] {dag.py:4180} INFO - Setting next_dagrun for fraud_monitoring to 2024-11-23 00:00:00+00:00, run_after=2024-11-24 00:00:00+00:00
[2024-11-24T15:10:14.537+0000] {processor.py:208} INFO - Processing /opt/airflow/dags/monitoring_dag.py took 0.966 seconds
[2024-11-24T15:10:44.991+0000] {processor.py:186} INFO - Started process (PID=352) to work on /opt/airflow/dags/monitoring_dag.py
[2024-11-24T15:10:45.069+0000] {processor.py:914} INFO - Processing file /opt/airflow/dags/monitoring_dag.py for tasks to queue
[2024-11-24T15:10:45.173+0000] {logging_mixin.py:190} INFO - [2024-11-24T15:10:45.171+0000] {dagbag.py:588} INFO - Filling up the DagBag from /opt/airflow/dags/monitoring_dag.py
[2024-11-24T15:10:47.302+0000] {processor.py:925} INFO - DAG(s) 'fraud_monitoring' retrieved from /opt/airflow/dags/monitoring_dag.py
[2024-11-24T15:10:47.817+0000] {logging_mixin.py:190} INFO - [2024-11-24T15:10:47.816+0000] {dag.py:3239} INFO - Sync 1 DAGs
[2024-11-24T15:10:48.019+0000] {logging_mixin.py:190} INFO - [2024-11-24T15:10:48.019+0000] {dag.py:4180} INFO - Setting next_dagrun for fraud_monitoring to 2024-11-23 00:00:00+00:00, run_after=2024-11-24 00:00:00+00:00
[2024-11-24T15:10:48.368+0000] {processor.py:208} INFO - Processing /opt/airflow/dags/monitoring_dag.py took 3.415 seconds
[2024-11-24T15:11:19.174+0000] {processor.py:186} INFO - Started process (PID=371) to work on /opt/airflow/dags/monitoring_dag.py
[2024-11-24T15:11:19.182+0000] {processor.py:914} INFO - Processing file /opt/airflow/dags/monitoring_dag.py for tasks to queue
[2024-11-24T15:11:19.301+0000] {logging_mixin.py:190} INFO - [2024-11-24T15:11:19.245+0000] {dagbag.py:588} INFO - Filling up the DagBag from /opt/airflow/dags/monitoring_dag.py
[2024-11-24T15:11:21.792+0000] {processor.py:925} INFO - DAG(s) 'fraud_monitoring' retrieved from /opt/airflow/dags/monitoring_dag.py
[2024-11-24T15:11:22.761+0000] {logging_mixin.py:190} INFO - [2024-11-24T15:11:22.759+0000] {dag.py:3239} INFO - Sync 1 DAGs
[2024-11-24T15:11:22.934+0000] {logging_mixin.py:190} INFO - [2024-11-24T15:11:22.933+0000] {dag.py:4180} INFO - Setting next_dagrun for fraud_monitoring to 2024-11-23 00:00:00+00:00, run_after=2024-11-24 00:00:00+00:00
[2024-11-24T15:11:23.856+0000] {processor.py:208} INFO - Processing /opt/airflow/dags/monitoring_dag.py took 4.875 seconds
[2024-11-24T15:11:54.679+0000] {processor.py:186} INFO - Started process (PID=391) to work on /opt/airflow/dags/monitoring_dag.py
[2024-11-24T15:11:54.682+0000] {processor.py:914} INFO - Processing file /opt/airflow/dags/monitoring_dag.py for tasks to queue
[2024-11-24T15:11:54.710+0000] {logging_mixin.py:190} INFO - [2024-11-24T15:11:54.709+0000] {dagbag.py:588} INFO - Filling up the DagBag from /opt/airflow/dags/monitoring_dag.py
[2024-11-24T15:11:56.027+0000] {processor.py:925} INFO - DAG(s) 'fraud_monitoring' retrieved from /opt/airflow/dags/monitoring_dag.py
[2024-11-24T15:11:56.190+0000] {logging_mixin.py:190} INFO - [2024-11-24T15:11:56.189+0000] {dag.py:3239} INFO - Sync 1 DAGs
[2024-11-24T15:11:56.320+0000] {logging_mixin.py:190} INFO - [2024-11-24T15:11:56.319+0000] {dag.py:4180} INFO - Setting next_dagrun for fraud_monitoring to 2024-11-23 00:00:00+00:00, run_after=2024-11-24 00:00:00+00:00
[2024-11-24T15:11:56.626+0000] {processor.py:208} INFO - Processing /opt/airflow/dags/monitoring_dag.py took 2.024 seconds
[2024-11-24T15:12:26.884+0000] {processor.py:186} INFO - Started process (PID=406) to work on /opt/airflow/dags/monitoring_dag.py
[2024-11-24T15:12:26.909+0000] {processor.py:914} INFO - Processing file /opt/airflow/dags/monitoring_dag.py for tasks to queue
[2024-11-24T15:12:26.945+0000] {logging_mixin.py:190} INFO - [2024-11-24T15:12:26.926+0000] {dagbag.py:588} INFO - Filling up the DagBag from /opt/airflow/dags/monitoring_dag.py
[2024-11-24T15:12:28.397+0000] {processor.py:925} INFO - DAG(s) 'fraud_monitoring' retrieved from /opt/airflow/dags/monitoring_dag.py
[2024-11-24T15:12:28.441+0000] {logging_mixin.py:190} INFO - [2024-11-24T15:12:28.441+0000] {dag.py:3239} INFO - Sync 1 DAGs
[2024-11-24T15:12:28.485+0000] {logging_mixin.py:190} INFO - [2024-11-24T15:12:28.485+0000] {dag.py:4180} INFO - Setting next_dagrun for fraud_monitoring to 2024-11-23 00:00:00+00:00, run_after=2024-11-24 00:00:00+00:00
[2024-11-24T15:12:28.532+0000] {processor.py:208} INFO - Processing /opt/airflow/dags/monitoring_dag.py took 1.677 seconds
[2024-11-24T15:12:59.168+0000] {processor.py:186} INFO - Started process (PID=426) to work on /opt/airflow/dags/monitoring_dag.py
[2024-11-24T15:12:59.176+0000] {processor.py:914} INFO - Processing file /opt/airflow/dags/monitoring_dag.py for tasks to queue
[2024-11-24T15:12:59.189+0000] {logging_mixin.py:190} INFO - [2024-11-24T15:12:59.185+0000] {dagbag.py:588} INFO - Filling up the DagBag from /opt/airflow/dags/monitoring_dag.py
[2024-11-24T15:13:00.881+0000] {processor.py:925} INFO - DAG(s) 'fraud_monitoring' retrieved from /opt/airflow/dags/monitoring_dag.py
[2024-11-24T15:13:01.016+0000] {logging_mixin.py:190} INFO - [2024-11-24T15:13:01.015+0000] {dag.py:3239} INFO - Sync 1 DAGs
[2024-11-24T15:13:01.203+0000] {logging_mixin.py:190} INFO - [2024-11-24T15:13:01.202+0000] {dag.py:4180} INFO - Setting next_dagrun for fraud_monitoring to 2024-11-23 00:00:00+00:00, run_after=2024-11-24 00:00:00+00:00
[2024-11-24T15:13:01.366+0000] {processor.py:208} INFO - Processing /opt/airflow/dags/monitoring_dag.py took 2.209 seconds
[2024-11-24T15:13:31.919+0000] {processor.py:186} INFO - Started process (PID=441) to work on /opt/airflow/dags/monitoring_dag.py
[2024-11-24T15:13:31.922+0000] {processor.py:914} INFO - Processing file /opt/airflow/dags/monitoring_dag.py for tasks to queue
[2024-11-24T15:13:31.949+0000] {logging_mixin.py:190} INFO - [2024-11-24T15:13:31.948+0000] {dagbag.py:588} INFO - Filling up the DagBag from /opt/airflow/dags/monitoring_dag.py
[2024-11-24T15:13:33.162+0000] {processor.py:925} INFO - DAG(s) 'fraud_monitoring' retrieved from /opt/airflow/dags/monitoring_dag.py
[2024-11-24T15:13:33.405+0000] {logging_mixin.py:190} INFO - [2024-11-24T15:13:33.345+0000] {dag.py:3239} INFO - Sync 1 DAGs
[2024-11-24T15:13:33.585+0000] {logging_mixin.py:190} INFO - [2024-11-24T15:13:33.585+0000] {dag.py:4180} INFO - Setting next_dagrun for fraud_monitoring to 2024-11-23 00:00:00+00:00, run_after=2024-11-24 00:00:00+00:00
[2024-11-24T15:13:33.691+0000] {processor.py:208} INFO - Processing /opt/airflow/dags/monitoring_dag.py took 1.815 seconds
[2024-11-24T15:14:03.960+0000] {processor.py:186} INFO - Started process (PID=456) to work on /opt/airflow/dags/monitoring_dag.py
[2024-11-24T15:14:03.976+0000] {processor.py:914} INFO - Processing file /opt/airflow/dags/monitoring_dag.py for tasks to queue
[2024-11-24T15:14:04.043+0000] {logging_mixin.py:190} INFO - [2024-11-24T15:14:04.042+0000] {dagbag.py:588} INFO - Filling up the DagBag from /opt/airflow/dags/monitoring_dag.py
[2024-11-24T15:14:05.149+0000] {processor.py:925} INFO - DAG(s) 'fraud_monitoring' retrieved from /opt/airflow/dags/monitoring_dag.py
[2024-11-24T15:14:05.988+0000] {logging_mixin.py:190} INFO - [2024-11-24T15:14:05.963+0000] {dag.py:3239} INFO - Sync 1 DAGs
[2024-11-24T15:14:06.296+0000] {logging_mixin.py:190} INFO - [2024-11-24T15:14:06.295+0000] {dag.py:4180} INFO - Setting next_dagrun for fraud_monitoring to 2024-11-23 00:00:00+00:00, run_after=2024-11-24 00:00:00+00:00
[2024-11-24T15:14:06.622+0000] {processor.py:208} INFO - Processing /opt/airflow/dags/monitoring_dag.py took 2.724 seconds
[2024-11-24T15:14:37.122+0000] {processor.py:186} INFO - Started process (PID=470) to work on /opt/airflow/dags/monitoring_dag.py
[2024-11-24T15:14:37.134+0000] {processor.py:914} INFO - Processing file /opt/airflow/dags/monitoring_dag.py for tasks to queue
[2024-11-24T15:14:37.141+0000] {logging_mixin.py:190} INFO - [2024-11-24T15:14:37.141+0000] {dagbag.py:588} INFO - Filling up the DagBag from /opt/airflow/dags/monitoring_dag.py
[2024-11-24T15:14:38.651+0000] {processor.py:925} INFO - DAG(s) 'fraud_monitoring' retrieved from /opt/airflow/dags/monitoring_dag.py
[2024-11-24T15:14:38.740+0000] {logging_mixin.py:190} INFO - [2024-11-24T15:14:38.738+0000] {dag.py:3239} INFO - Sync 1 DAGs
[2024-11-24T15:14:38.800+0000] {logging_mixin.py:190} INFO - [2024-11-24T15:14:38.800+0000] {dag.py:4180} INFO - Setting next_dagrun for fraud_monitoring to 2024-11-23 00:00:00+00:00, run_after=2024-11-24 00:00:00+00:00
[2024-11-24T15:14:38.866+0000] {processor.py:208} INFO - Processing /opt/airflow/dags/monitoring_dag.py took 1.777 seconds
[2024-11-24T15:15:09.413+0000] {processor.py:186} INFO - Started process (PID=494) to work on /opt/airflow/dags/monitoring_dag.py
[2024-11-24T15:15:09.425+0000] {processor.py:914} INFO - Processing file /opt/airflow/dags/monitoring_dag.py for tasks to queue
[2024-11-24T15:15:09.431+0000] {logging_mixin.py:190} INFO - [2024-11-24T15:15:09.430+0000] {dagbag.py:588} INFO - Filling up the DagBag from /opt/airflow/dags/monitoring_dag.py
[2024-11-24T15:15:10.540+0000] {processor.py:925} INFO - DAG(s) 'fraud_monitoring' retrieved from /opt/airflow/dags/monitoring_dag.py
[2024-11-24T15:15:10.670+0000] {logging_mixin.py:190} INFO - [2024-11-24T15:15:10.669+0000] {dag.py:3239} INFO - Sync 1 DAGs
[2024-11-24T15:15:10.742+0000] {logging_mixin.py:190} INFO - [2024-11-24T15:15:10.741+0000] {dag.py:4180} INFO - Setting next_dagrun for fraud_monitoring to 2024-11-23 00:00:00+00:00, run_after=2024-11-24 00:00:00+00:00
[2024-11-24T15:15:10.813+0000] {processor.py:208} INFO - Processing /opt/airflow/dags/monitoring_dag.py took 1.429 seconds
[2024-11-24T15:15:40.911+0000] {processor.py:186} INFO - Started process (PID=509) to work on /opt/airflow/dags/monitoring_dag.py
[2024-11-24T15:15:40.920+0000] {processor.py:914} INFO - Processing file /opt/airflow/dags/monitoring_dag.py for tasks to queue
[2024-11-24T15:15:40.926+0000] {logging_mixin.py:190} INFO - [2024-11-24T15:15:40.925+0000] {dagbag.py:588} INFO - Filling up the DagBag from /opt/airflow/dags/monitoring_dag.py
[2024-11-24T15:15:42.052+0000] {processor.py:925} INFO - DAG(s) 'fraud_monitoring' retrieved from /opt/airflow/dags/monitoring_dag.py
[2024-11-24T15:15:42.154+0000] {logging_mixin.py:190} INFO - [2024-11-24T15:15:42.153+0000] {dag.py:3239} INFO - Sync 1 DAGs
[2024-11-24T15:15:42.230+0000] {logging_mixin.py:190} INFO - [2024-11-24T15:15:42.229+0000] {dag.py:4180} INFO - Setting next_dagrun for fraud_monitoring to 2024-11-23 00:00:00+00:00, run_after=2024-11-24 00:00:00+00:00
[2024-11-24T15:15:42.278+0000] {processor.py:208} INFO - Processing /opt/airflow/dags/monitoring_dag.py took 1.381 seconds
[2024-11-24T15:16:12.646+0000] {processor.py:186} INFO - Started process (PID=529) to work on /opt/airflow/dags/monitoring_dag.py
[2024-11-24T15:16:12.662+0000] {processor.py:914} INFO - Processing file /opt/airflow/dags/monitoring_dag.py for tasks to queue
[2024-11-24T15:16:12.690+0000] {logging_mixin.py:190} INFO - [2024-11-24T15:16:12.681+0000] {dagbag.py:588} INFO - Filling up the DagBag from /opt/airflow/dags/monitoring_dag.py
[2024-11-24T15:16:14.886+0000] {processor.py:925} INFO - DAG(s) 'fraud_monitoring' retrieved from /opt/airflow/dags/monitoring_dag.py
[2024-11-24T15:16:15.035+0000] {logging_mixin.py:190} INFO - [2024-11-24T15:16:15.034+0000] {dag.py:3239} INFO - Sync 1 DAGs
[2024-11-24T15:16:15.239+0000] {logging_mixin.py:190} INFO - [2024-11-24T15:16:15.237+0000] {dag.py:4180} INFO - Setting next_dagrun for fraud_monitoring to 2024-11-23 00:00:00+00:00, run_after=2024-11-24 00:00:00+00:00
[2024-11-24T15:16:15.452+0000] {processor.py:208} INFO - Processing /opt/airflow/dags/monitoring_dag.py took 2.835 seconds
[2024-11-24T15:16:45.606+0000] {processor.py:186} INFO - Started process (PID=543) to work on /opt/airflow/dags/monitoring_dag.py
[2024-11-24T15:16:45.623+0000] {processor.py:914} INFO - Processing file /opt/airflow/dags/monitoring_dag.py for tasks to queue
[2024-11-24T15:16:45.649+0000] {logging_mixin.py:190} INFO - [2024-11-24T15:16:45.636+0000] {dagbag.py:588} INFO - Filling up the DagBag from /opt/airflow/dags/monitoring_dag.py
[2024-11-24T15:16:47.091+0000] {processor.py:925} INFO - DAG(s) 'fraud_monitoring' retrieved from /opt/airflow/dags/monitoring_dag.py
[2024-11-24T15:16:47.218+0000] {logging_mixin.py:190} INFO - [2024-11-24T15:16:47.216+0000] {dag.py:3239} INFO - Sync 1 DAGs
[2024-11-24T15:16:47.298+0000] {logging_mixin.py:190} INFO - [2024-11-24T15:16:47.296+0000] {dag.py:4180} INFO - Setting next_dagrun for fraud_monitoring to 2024-11-23 00:00:00+00:00, run_after=2024-11-24 00:00:00+00:00
[2024-11-24T15:16:47.467+0000] {processor.py:208} INFO - Processing /opt/airflow/dags/monitoring_dag.py took 1.903 seconds
[2024-11-24T15:17:17.767+0000] {processor.py:186} INFO - Started process (PID=562) to work on /opt/airflow/dags/monitoring_dag.py
[2024-11-24T15:17:17.820+0000] {processor.py:914} INFO - Processing file /opt/airflow/dags/monitoring_dag.py for tasks to queue
[2024-11-24T15:17:17.863+0000] {logging_mixin.py:190} INFO - [2024-11-24T15:17:17.858+0000] {dagbag.py:588} INFO - Filling up the DagBag from /opt/airflow/dags/monitoring_dag.py
[2024-11-24T15:17:19.026+0000] {processor.py:925} INFO - DAG(s) 'fraud_monitoring' retrieved from /opt/airflow/dags/monitoring_dag.py
[2024-11-24T15:17:19.382+0000] {logging_mixin.py:190} INFO - [2024-11-24T15:17:19.369+0000] {dag.py:3239} INFO - Sync 1 DAGs
[2024-11-24T15:17:19.550+0000] {logging_mixin.py:190} INFO - [2024-11-24T15:17:19.550+0000] {dag.py:4180} INFO - Setting next_dagrun for fraud_monitoring to 2024-11-23 00:00:00+00:00, run_after=2024-11-24 00:00:00+00:00
[2024-11-24T15:17:19.843+0000] {processor.py:208} INFO - Processing /opt/airflow/dags/monitoring_dag.py took 2.131 seconds
[2024-11-24T15:17:50.028+0000] {processor.py:186} INFO - Started process (PID=578) to work on /opt/airflow/dags/monitoring_dag.py
[2024-11-24T15:17:50.031+0000] {processor.py:914} INFO - Processing file /opt/airflow/dags/monitoring_dag.py for tasks to queue
[2024-11-24T15:17:50.037+0000] {logging_mixin.py:190} INFO - [2024-11-24T15:17:50.034+0000] {dagbag.py:588} INFO - Filling up the DagBag from /opt/airflow/dags/monitoring_dag.py
[2024-11-24T15:17:50.754+0000] {processor.py:925} INFO - DAG(s) 'fraud_monitoring' retrieved from /opt/airflow/dags/monitoring_dag.py
[2024-11-24T15:17:50.822+0000] {logging_mixin.py:190} INFO - [2024-11-24T15:17:50.821+0000] {dag.py:3239} INFO - Sync 1 DAGs
[2024-11-24T15:17:50.873+0000] {logging_mixin.py:190} INFO - [2024-11-24T15:17:50.873+0000] {dag.py:4180} INFO - Setting next_dagrun for fraud_monitoring to 2024-11-23 00:00:00+00:00, run_after=2024-11-24 00:00:00+00:00
[2024-11-24T15:17:50.906+0000] {processor.py:208} INFO - Processing /opt/airflow/dags/monitoring_dag.py took 0.888 seconds
[2024-11-24T15:18:21.286+0000] {processor.py:186} INFO - Started process (PID=597) to work on /opt/airflow/dags/monitoring_dag.py
[2024-11-24T15:18:21.289+0000] {processor.py:914} INFO - Processing file /opt/airflow/dags/monitoring_dag.py for tasks to queue
[2024-11-24T15:18:21.298+0000] {logging_mixin.py:190} INFO - [2024-11-24T15:18:21.297+0000] {dagbag.py:588} INFO - Filling up the DagBag from /opt/airflow/dags/monitoring_dag.py
[2024-11-24T15:18:21.928+0000] {processor.py:925} INFO - DAG(s) 'fraud_monitoring' retrieved from /opt/airflow/dags/monitoring_dag.py
[2024-11-24T15:18:21.968+0000] {logging_mixin.py:190} INFO - [2024-11-24T15:18:21.968+0000] {dag.py:3239} INFO - Sync 1 DAGs
[2024-11-24T15:18:22.016+0000] {logging_mixin.py:190} INFO - [2024-11-24T15:18:22.015+0000] {dag.py:4180} INFO - Setting next_dagrun for fraud_monitoring to 2024-11-23 00:00:00+00:00, run_after=2024-11-24 00:00:00+00:00
[2024-11-24T15:18:22.070+0000] {processor.py:208} INFO - Processing /opt/airflow/dags/monitoring_dag.py took 0.797 seconds
[2024-11-24T15:18:52.462+0000] {processor.py:186} INFO - Started process (PID=611) to work on /opt/airflow/dags/monitoring_dag.py
[2024-11-24T15:18:52.469+0000] {processor.py:914} INFO - Processing file /opt/airflow/dags/monitoring_dag.py for tasks to queue
[2024-11-24T15:18:52.475+0000] {logging_mixin.py:190} INFO - [2024-11-24T15:18:52.474+0000] {dagbag.py:588} INFO - Filling up the DagBag from /opt/airflow/dags/monitoring_dag.py
[2024-11-24T15:18:54.066+0000] {processor.py:925} INFO - DAG(s) 'fraud_monitoring' retrieved from /opt/airflow/dags/monitoring_dag.py
[2024-11-24T15:18:54.193+0000] {logging_mixin.py:190} INFO - [2024-11-24T15:18:54.192+0000] {dag.py:3239} INFO - Sync 1 DAGs
[2024-11-24T15:18:54.240+0000] {logging_mixin.py:190} INFO - [2024-11-24T15:18:54.239+0000] {dag.py:4180} INFO - Setting next_dagrun for fraud_monitoring to 2024-11-23 00:00:00+00:00, run_after=2024-11-24 00:00:00+00:00
[2024-11-24T15:18:54.335+0000] {processor.py:208} INFO - Processing /opt/airflow/dags/monitoring_dag.py took 1.885 seconds
[2024-11-24T15:19:25.046+0000] {processor.py:186} INFO - Started process (PID=626) to work on /opt/airflow/dags/monitoring_dag.py
[2024-11-24T15:19:25.049+0000] {processor.py:914} INFO - Processing file /opt/airflow/dags/monitoring_dag.py for tasks to queue
[2024-11-24T15:19:25.054+0000] {logging_mixin.py:190} INFO - [2024-11-24T15:19:25.054+0000] {dagbag.py:588} INFO - Filling up the DagBag from /opt/airflow/dags/monitoring_dag.py
[2024-11-24T15:19:26.127+0000] {processor.py:925} INFO - DAG(s) 'fraud_monitoring' retrieved from /opt/airflow/dags/monitoring_dag.py
[2024-11-24T15:19:26.178+0000] {logging_mixin.py:190} INFO - [2024-11-24T15:19:26.174+0000] {dag.py:3239} INFO - Sync 1 DAGs
[2024-11-24T15:19:26.235+0000] {logging_mixin.py:190} INFO - [2024-11-24T15:19:26.235+0000] {dag.py:4180} INFO - Setting next_dagrun for fraud_monitoring to 2024-11-23 00:00:00+00:00, run_after=2024-11-24 00:00:00+00:00
[2024-11-24T15:19:26.291+0000] {processor.py:208} INFO - Processing /opt/airflow/dags/monitoring_dag.py took 1.260 seconds
[2024-11-24T15:19:56.925+0000] {processor.py:186} INFO - Started process (PID=641) to work on /opt/airflow/dags/monitoring_dag.py
[2024-11-24T15:19:56.933+0000] {processor.py:914} INFO - Processing file /opt/airflow/dags/monitoring_dag.py for tasks to queue
[2024-11-24T15:19:56.936+0000] {logging_mixin.py:190} INFO - [2024-11-24T15:19:56.936+0000] {dagbag.py:588} INFO - Filling up the DagBag from /opt/airflow/dags/monitoring_dag.py
[2024-11-24T15:19:57.798+0000] {processor.py:925} INFO - DAG(s) 'fraud_monitoring' retrieved from /opt/airflow/dags/monitoring_dag.py
[2024-11-24T15:19:57.843+0000] {logging_mixin.py:190} INFO - [2024-11-24T15:19:57.842+0000] {dag.py:3239} INFO - Sync 1 DAGs
[2024-11-24T15:19:57.875+0000] {logging_mixin.py:190} INFO - [2024-11-24T15:19:57.874+0000] {dag.py:4180} INFO - Setting next_dagrun for fraud_monitoring to 2024-11-23 00:00:00+00:00, run_after=2024-11-24 00:00:00+00:00
[2024-11-24T15:19:57.908+0000] {processor.py:208} INFO - Processing /opt/airflow/dags/monitoring_dag.py took 1.014 seconds
[2024-11-24T15:20:28.544+0000] {processor.py:186} INFO - Started process (PID=656) to work on /opt/airflow/dags/monitoring_dag.py
[2024-11-24T15:20:28.547+0000] {processor.py:914} INFO - Processing file /opt/airflow/dags/monitoring_dag.py for tasks to queue
[2024-11-24T15:20:28.573+0000] {logging_mixin.py:190} INFO - [2024-11-24T15:20:28.572+0000] {dagbag.py:588} INFO - Filling up the DagBag from /opt/airflow/dags/monitoring_dag.py
[2024-11-24T15:20:30.072+0000] {processor.py:925} INFO - DAG(s) 'fraud_monitoring' retrieved from /opt/airflow/dags/monitoring_dag.py
[2024-11-24T15:20:30.237+0000] {logging_mixin.py:190} INFO - [2024-11-24T15:20:30.234+0000] {dag.py:3239} INFO - Sync 1 DAGs
[2024-11-24T15:20:30.347+0000] {logging_mixin.py:190} INFO - [2024-11-24T15:20:30.346+0000] {dag.py:4180} INFO - Setting next_dagrun for fraud_monitoring to 2024-11-23 00:00:00+00:00, run_after=2024-11-24 00:00:00+00:00
[2024-11-24T15:20:30.462+0000] {processor.py:208} INFO - Processing /opt/airflow/dags/monitoring_dag.py took 1.968 seconds
[2024-11-24T15:21:01.046+0000] {processor.py:186} INFO - Started process (PID=671) to work on /opt/airflow/dags/monitoring_dag.py
[2024-11-24T15:21:01.053+0000] {processor.py:914} INFO - Processing file /opt/airflow/dags/monitoring_dag.py for tasks to queue
[2024-11-24T15:21:01.058+0000] {logging_mixin.py:190} INFO - [2024-11-24T15:21:01.058+0000] {dagbag.py:588} INFO - Filling up the DagBag from /opt/airflow/dags/monitoring_dag.py
[2024-11-24T15:21:02.128+0000] {processor.py:925} INFO - DAG(s) 'fraud_monitoring' retrieved from /opt/airflow/dags/monitoring_dag.py
[2024-11-24T15:21:02.307+0000] {logging_mixin.py:190} INFO - [2024-11-24T15:21:02.305+0000] {dag.py:3239} INFO - Sync 1 DAGs
[2024-11-24T15:21:02.416+0000] {logging_mixin.py:190} INFO - [2024-11-24T15:21:02.416+0000] {dag.py:4180} INFO - Setting next_dagrun for fraud_monitoring to 2024-11-23 00:00:00+00:00, run_after=2024-11-24 00:00:00+00:00
[2024-11-24T15:21:02.555+0000] {processor.py:208} INFO - Processing /opt/airflow/dags/monitoring_dag.py took 1.529 seconds
[2024-11-24T15:21:33.077+0000] {processor.py:186} INFO - Started process (PID=685) to work on /opt/airflow/dags/monitoring_dag.py
[2024-11-24T15:21:33.090+0000] {processor.py:914} INFO - Processing file /opt/airflow/dags/monitoring_dag.py for tasks to queue
[2024-11-24T15:21:33.105+0000] {logging_mixin.py:190} INFO - [2024-11-24T15:21:33.104+0000] {dagbag.py:588} INFO - Filling up the DagBag from /opt/airflow/dags/monitoring_dag.py
[2024-11-24T15:21:34.238+0000] {processor.py:925} INFO - DAG(s) 'fraud_monitoring' retrieved from /opt/airflow/dags/monitoring_dag.py
[2024-11-24T15:21:34.379+0000] {logging_mixin.py:190} INFO - [2024-11-24T15:21:34.378+0000] {dag.py:3239} INFO - Sync 1 DAGs
[2024-11-24T15:21:34.463+0000] {logging_mixin.py:190} INFO - [2024-11-24T15:21:34.463+0000] {dag.py:4180} INFO - Setting next_dagrun for fraud_monitoring to 2024-11-23 00:00:00+00:00, run_after=2024-11-24 00:00:00+00:00
[2024-11-24T15:21:34.563+0000] {processor.py:208} INFO - Processing /opt/airflow/dags/monitoring_dag.py took 1.498 seconds
[2024-11-24T15:22:05.326+0000] {processor.py:186} INFO - Started process (PID=699) to work on /opt/airflow/dags/monitoring_dag.py
[2024-11-24T15:22:05.350+0000] {processor.py:914} INFO - Processing file /opt/airflow/dags/monitoring_dag.py for tasks to queue
[2024-11-24T15:22:05.369+0000] {logging_mixin.py:190} INFO - [2024-11-24T15:22:05.366+0000] {dagbag.py:588} INFO - Filling up the DagBag from /opt/airflow/dags/monitoring_dag.py
[2024-11-24T15:22:06.848+0000] {processor.py:925} INFO - DAG(s) 'fraud_monitoring' retrieved from /opt/airflow/dags/monitoring_dag.py
[2024-11-24T15:22:07.041+0000] {logging_mixin.py:190} INFO - [2024-11-24T15:22:07.040+0000] {dag.py:3239} INFO - Sync 1 DAGs
[2024-11-24T15:22:07.134+0000] {logging_mixin.py:190} INFO - [2024-11-24T15:22:07.133+0000] {dag.py:4180} INFO - Setting next_dagrun for fraud_monitoring to 2024-11-23 00:00:00+00:00, run_after=2024-11-24 00:00:00+00:00
[2024-11-24T15:22:07.219+0000] {processor.py:208} INFO - Processing /opt/airflow/dags/monitoring_dag.py took 1.968 seconds
[2024-11-24T15:22:37.481+0000] {processor.py:186} INFO - Started process (PID=712) to work on /opt/airflow/dags/monitoring_dag.py
[2024-11-24T15:22:37.489+0000] {processor.py:914} INFO - Processing file /opt/airflow/dags/monitoring_dag.py for tasks to queue
[2024-11-24T15:22:37.553+0000] {logging_mixin.py:190} INFO - [2024-11-24T15:22:37.552+0000] {dagbag.py:588} INFO - Filling up the DagBag from /opt/airflow/dags/monitoring_dag.py
[2024-11-24T15:22:39.768+0000] {processor.py:925} INFO - DAG(s) 'fraud_monitoring' retrieved from /opt/airflow/dags/monitoring_dag.py
[2024-11-24T15:22:40.071+0000] {logging_mixin.py:190} INFO - [2024-11-24T15:22:40.070+0000] {dag.py:3239} INFO - Sync 1 DAGs
[2024-11-24T15:22:40.202+0000] {logging_mixin.py:190} INFO - [2024-11-24T15:22:40.197+0000] {dag.py:4180} INFO - Setting next_dagrun for fraud_monitoring to 2024-11-23 00:00:00+00:00, run_after=2024-11-24 00:00:00+00:00
[2024-11-24T15:22:40.430+0000] {processor.py:208} INFO - Processing /opt/airflow/dags/monitoring_dag.py took 2.968 seconds
[2024-11-24T15:23:10.609+0000] {processor.py:186} INFO - Started process (PID=726) to work on /opt/airflow/dags/monitoring_dag.py
[2024-11-24T15:23:10.619+0000] {processor.py:914} INFO - Processing file /opt/airflow/dags/monitoring_dag.py for tasks to queue
[2024-11-24T15:23:10.635+0000] {logging_mixin.py:190} INFO - [2024-11-24T15:23:10.634+0000] {dagbag.py:588} INFO - Filling up the DagBag from /opt/airflow/dags/monitoring_dag.py
[2024-11-24T15:23:12.295+0000] {processor.py:925} INFO - DAG(s) 'fraud_monitoring' retrieved from /opt/airflow/dags/monitoring_dag.py
[2024-11-24T15:23:12.501+0000] {logging_mixin.py:190} INFO - [2024-11-24T15:23:12.499+0000] {dag.py:3239} INFO - Sync 1 DAGs
[2024-11-24T15:23:12.645+0000] {logging_mixin.py:190} INFO - [2024-11-24T15:23:12.644+0000] {dag.py:4180} INFO - Setting next_dagrun for fraud_monitoring to 2024-11-23 00:00:00+00:00, run_after=2024-11-24 00:00:00+00:00
[2024-11-24T15:23:12.750+0000] {processor.py:208} INFO - Processing /opt/airflow/dags/monitoring_dag.py took 2.163 seconds
[2024-11-24T15:23:43.201+0000] {processor.py:186} INFO - Started process (PID=741) to work on /opt/airflow/dags/monitoring_dag.py
[2024-11-24T15:23:43.221+0000] {processor.py:914} INFO - Processing file /opt/airflow/dags/monitoring_dag.py for tasks to queue
[2024-11-24T15:23:43.250+0000] {logging_mixin.py:190} INFO - [2024-11-24T15:23:43.248+0000] {dagbag.py:588} INFO - Filling up the DagBag from /opt/airflow/dags/monitoring_dag.py
[2024-11-24T15:23:44.685+0000] {processor.py:925} INFO - DAG(s) 'fraud_monitoring' retrieved from /opt/airflow/dags/monitoring_dag.py
[2024-11-24T15:23:44.810+0000] {logging_mixin.py:190} INFO - [2024-11-24T15:23:44.806+0000] {dag.py:3239} INFO - Sync 1 DAGs
[2024-11-24T15:23:44.989+0000] {logging_mixin.py:190} INFO - [2024-11-24T15:23:44.986+0000] {dag.py:4180} INFO - Setting next_dagrun for fraud_monitoring to 2024-11-23 00:00:00+00:00, run_after=2024-11-24 00:00:00+00:00
[2024-11-24T15:23:45.190+0000] {processor.py:208} INFO - Processing /opt/airflow/dags/monitoring_dag.py took 2.002 seconds
[2024-11-24T15:24:15.516+0000] {processor.py:186} INFO - Started process (PID=756) to work on /opt/airflow/dags/monitoring_dag.py
[2024-11-24T15:24:15.521+0000] {processor.py:914} INFO - Processing file /opt/airflow/dags/monitoring_dag.py for tasks to queue
[2024-11-24T15:24:15.528+0000] {logging_mixin.py:190} INFO - [2024-11-24T15:24:15.527+0000] {dagbag.py:588} INFO - Filling up the DagBag from /opt/airflow/dags/monitoring_dag.py
[2024-11-24T15:24:15.949+0000] {processor.py:925} INFO - DAG(s) 'fraud_monitoring' retrieved from /opt/airflow/dags/monitoring_dag.py
[2024-11-24T15:24:16.045+0000] {logging_mixin.py:190} INFO - [2024-11-24T15:24:16.044+0000] {dag.py:3239} INFO - Sync 1 DAGs
[2024-11-24T15:24:16.085+0000] {logging_mixin.py:190} INFO - [2024-11-24T15:24:16.085+0000] {dag.py:4180} INFO - Setting next_dagrun for fraud_monitoring to 2024-11-23 00:00:00+00:00, run_after=2024-11-24 00:00:00+00:00
[2024-11-24T15:24:16.124+0000] {processor.py:208} INFO - Processing /opt/airflow/dags/monitoring_dag.py took 0.623 seconds
[2024-11-24T15:24:46.516+0000] {processor.py:186} INFO - Started process (PID=770) to work on /opt/airflow/dags/monitoring_dag.py
[2024-11-24T15:24:46.529+0000] {processor.py:914} INFO - Processing file /opt/airflow/dags/monitoring_dag.py for tasks to queue
[2024-11-24T15:24:46.533+0000] {logging_mixin.py:190} INFO - [2024-11-24T15:24:46.533+0000] {dagbag.py:588} INFO - Filling up the DagBag from /opt/airflow/dags/monitoring_dag.py
[2024-11-24T15:24:46.943+0000] {processor.py:925} INFO - DAG(s) 'fraud_monitoring' retrieved from /opt/airflow/dags/monitoring_dag.py
[2024-11-24T15:24:47.036+0000] {logging_mixin.py:190} INFO - [2024-11-24T15:24:47.035+0000] {dag.py:3239} INFO - Sync 1 DAGs
[2024-11-24T15:24:47.097+0000] {logging_mixin.py:190} INFO - [2024-11-24T15:24:47.096+0000] {dag.py:4180} INFO - Setting next_dagrun for fraud_monitoring to 2024-11-23 00:00:00+00:00, run_after=2024-11-24 00:00:00+00:00
[2024-11-24T15:24:47.148+0000] {processor.py:208} INFO - Processing /opt/airflow/dags/monitoring_dag.py took 0.649 seconds
[2024-11-24T15:25:17.771+0000] {processor.py:186} INFO - Started process (PID=791) to work on /opt/airflow/dags/monitoring_dag.py
[2024-11-24T15:25:17.780+0000] {processor.py:914} INFO - Processing file /opt/airflow/dags/monitoring_dag.py for tasks to queue
[2024-11-24T15:25:17.788+0000] {logging_mixin.py:190} INFO - [2024-11-24T15:25:17.787+0000] {dagbag.py:588} INFO - Filling up the DagBag from /opt/airflow/dags/monitoring_dag.py
[2024-11-24T15:25:18.768+0000] {processor.py:925} INFO - DAG(s) 'fraud_monitoring' retrieved from /opt/airflow/dags/monitoring_dag.py
[2024-11-24T15:25:18.817+0000] {logging_mixin.py:190} INFO - [2024-11-24T15:25:18.816+0000] {dag.py:3239} INFO - Sync 1 DAGs
[2024-11-24T15:25:18.859+0000] {logging_mixin.py:190} INFO - [2024-11-24T15:25:18.858+0000] {dag.py:4180} INFO - Setting next_dagrun for fraud_monitoring to 2024-11-23 00:00:00+00:00, run_after=2024-11-24 00:00:00+00:00
[2024-11-24T15:25:18.914+0000] {processor.py:208} INFO - Processing /opt/airflow/dags/monitoring_dag.py took 1.155 seconds
[2024-11-24T15:25:49.668+0000] {processor.py:186} INFO - Started process (PID=805) to work on /opt/airflow/dags/monitoring_dag.py
[2024-11-24T15:25:49.673+0000] {processor.py:914} INFO - Processing file /opt/airflow/dags/monitoring_dag.py for tasks to queue
[2024-11-24T15:25:49.682+0000] {logging_mixin.py:190} INFO - [2024-11-24T15:25:49.681+0000] {dagbag.py:588} INFO - Filling up the DagBag from /opt/airflow/dags/monitoring_dag.py
[2024-11-24T15:25:50.189+0000] {processor.py:925} INFO - DAG(s) 'fraud_monitoring' retrieved from /opt/airflow/dags/monitoring_dag.py
[2024-11-24T15:25:50.297+0000] {logging_mixin.py:190} INFO - [2024-11-24T15:25:50.296+0000] {dag.py:3239} INFO - Sync 1 DAGs
[2024-11-24T15:25:50.342+0000] {logging_mixin.py:190} INFO - [2024-11-24T15:25:50.342+0000] {dag.py:4180} INFO - Setting next_dagrun for fraud_monitoring to 2024-11-23 00:00:00+00:00, run_after=2024-11-24 00:00:00+00:00
[2024-11-24T15:25:50.694+0000] {processor.py:208} INFO - Processing /opt/airflow/dags/monitoring_dag.py took 1.043 seconds
[2024-11-24T15:26:21.243+0000] {processor.py:186} INFO - Started process (PID=820) to work on /opt/airflow/dags/monitoring_dag.py
[2024-11-24T15:26:21.248+0000] {processor.py:914} INFO - Processing file /opt/airflow/dags/monitoring_dag.py for tasks to queue
[2024-11-24T15:26:21.265+0000] {logging_mixin.py:190} INFO - [2024-11-24T15:26:21.264+0000] {dagbag.py:588} INFO - Filling up the DagBag from /opt/airflow/dags/monitoring_dag.py
[2024-11-24T15:26:21.946+0000] {processor.py:925} INFO - DAG(s) 'fraud_monitoring' retrieved from /opt/airflow/dags/monitoring_dag.py
[2024-11-24T15:26:21.998+0000] {logging_mixin.py:190} INFO - [2024-11-24T15:26:21.998+0000] {dag.py:3239} INFO - Sync 1 DAGs
[2024-11-24T15:26:22.039+0000] {logging_mixin.py:190} INFO - [2024-11-24T15:26:22.039+0000] {dag.py:4180} INFO - Setting next_dagrun for fraud_monitoring to 2024-11-23 00:00:00+00:00, run_after=2024-11-24 00:00:00+00:00
[2024-11-24T15:26:22.085+0000] {processor.py:208} INFO - Processing /opt/airflow/dags/monitoring_dag.py took 0.861 seconds
[2024-11-24T15:26:52.831+0000] {processor.py:186} INFO - Started process (PID=835) to work on /opt/airflow/dags/monitoring_dag.py
[2024-11-24T15:26:52.837+0000] {processor.py:914} INFO - Processing file /opt/airflow/dags/monitoring_dag.py for tasks to queue
[2024-11-24T15:26:52.849+0000] {logging_mixin.py:190} INFO - [2024-11-24T15:26:52.848+0000] {dagbag.py:588} INFO - Filling up the DagBag from /opt/airflow/dags/monitoring_dag.py
[2024-11-24T15:26:53.884+0000] {processor.py:925} INFO - DAG(s) 'fraud_monitoring' retrieved from /opt/airflow/dags/monitoring_dag.py
[2024-11-24T15:26:53.942+0000] {logging_mixin.py:190} INFO - [2024-11-24T15:26:53.938+0000] {dag.py:3239} INFO - Sync 1 DAGs
[2024-11-24T15:26:54.037+0000] {logging_mixin.py:190} INFO - [2024-11-24T15:26:54.033+0000] {dag.py:4180} INFO - Setting next_dagrun for fraud_monitoring to 2024-11-23 00:00:00+00:00, run_after=2024-11-24 00:00:00+00:00
[2024-11-24T15:26:54.154+0000] {processor.py:208} INFO - Processing /opt/airflow/dags/monitoring_dag.py took 1.343 seconds
[2024-11-24T15:27:24.660+0000] {processor.py:186} INFO - Started process (PID=850) to work on /opt/airflow/dags/monitoring_dag.py
[2024-11-24T15:27:24.663+0000] {processor.py:914} INFO - Processing file /opt/airflow/dags/monitoring_dag.py for tasks to queue
[2024-11-24T15:27:24.676+0000] {logging_mixin.py:190} INFO - [2024-11-24T15:27:24.676+0000] {dagbag.py:588} INFO - Filling up the DagBag from /opt/airflow/dags/monitoring_dag.py
[2024-11-24T15:27:26.507+0000] {processor.py:925} INFO - DAG(s) 'fraud_monitoring' retrieved from /opt/airflow/dags/monitoring_dag.py
[2024-11-24T15:27:26.718+0000] {logging_mixin.py:190} INFO - [2024-11-24T15:27:26.716+0000] {dag.py:3239} INFO - Sync 1 DAGs
[2024-11-24T15:27:26.832+0000] {logging_mixin.py:190} INFO - [2024-11-24T15:27:26.831+0000] {dag.py:4180} INFO - Setting next_dagrun for fraud_monitoring to 2024-11-24 00:00:00+00:00, run_after=2024-11-25 00:00:00+00:00
[2024-11-24T15:27:27.317+0000] {processor.py:208} INFO - Processing /opt/airflow/dags/monitoring_dag.py took 2.669 seconds
[2024-11-24T15:27:58.010+0000] {processor.py:186} INFO - Started process (PID=865) to work on /opt/airflow/dags/monitoring_dag.py
[2024-11-24T15:27:58.058+0000] {processor.py:914} INFO - Processing file /opt/airflow/dags/monitoring_dag.py for tasks to queue
[2024-11-24T15:27:58.070+0000] {logging_mixin.py:190} INFO - [2024-11-24T15:27:58.069+0000] {dagbag.py:588} INFO - Filling up the DagBag from /opt/airflow/dags/monitoring_dag.py
[2024-11-24T15:27:59.089+0000] {processor.py:925} INFO - DAG(s) 'fraud_monitoring' retrieved from /opt/airflow/dags/monitoring_dag.py
[2024-11-24T15:27:59.187+0000] {logging_mixin.py:190} INFO - [2024-11-24T15:27:59.186+0000] {dag.py:3239} INFO - Sync 1 DAGs
[2024-11-24T15:27:59.252+0000] {logging_mixin.py:190} INFO - [2024-11-24T15:27:59.252+0000] {dag.py:4180} INFO - Setting next_dagrun for fraud_monitoring to 2024-11-24 00:00:00+00:00, run_after=2024-11-25 00:00:00+00:00
[2024-11-24T15:27:59.286+0000] {processor.py:208} INFO - Processing /opt/airflow/dags/monitoring_dag.py took 1.296 seconds
[2024-11-24T15:28:30.026+0000] {processor.py:186} INFO - Started process (PID=880) to work on /opt/airflow/dags/monitoring_dag.py
[2024-11-24T15:28:30.034+0000] {processor.py:914} INFO - Processing file /opt/airflow/dags/monitoring_dag.py for tasks to queue
[2024-11-24T15:28:30.038+0000] {logging_mixin.py:190} INFO - [2024-11-24T15:28:30.038+0000] {dagbag.py:588} INFO - Filling up the DagBag from /opt/airflow/dags/monitoring_dag.py
[2024-11-24T15:28:30.825+0000] {processor.py:925} INFO - DAG(s) 'fraud_monitoring' retrieved from /opt/airflow/dags/monitoring_dag.py
[2024-11-24T15:28:30.925+0000] {logging_mixin.py:190} INFO - [2024-11-24T15:28:30.924+0000] {dag.py:3239} INFO - Sync 1 DAGs
[2024-11-24T15:28:30.994+0000] {logging_mixin.py:190} INFO - [2024-11-24T15:28:30.993+0000] {dag.py:4180} INFO - Setting next_dagrun for fraud_monitoring to 2024-11-24 00:00:00+00:00, run_after=2024-11-25 00:00:00+00:00
[2024-11-24T15:28:31.032+0000] {processor.py:208} INFO - Processing /opt/airflow/dags/monitoring_dag.py took 1.021 seconds
[2024-11-24T15:29:01.746+0000] {processor.py:186} INFO - Started process (PID=895) to work on /opt/airflow/dags/monitoring_dag.py
[2024-11-24T15:29:01.757+0000] {processor.py:914} INFO - Processing file /opt/airflow/dags/monitoring_dag.py for tasks to queue
[2024-11-24T15:29:01.762+0000] {logging_mixin.py:190} INFO - [2024-11-24T15:29:01.761+0000] {dagbag.py:588} INFO - Filling up the DagBag from /opt/airflow/dags/monitoring_dag.py
[2024-11-24T15:29:03.082+0000] {processor.py:925} INFO - DAG(s) 'fraud_monitoring' retrieved from /opt/airflow/dags/monitoring_dag.py
[2024-11-24T15:29:03.235+0000] {logging_mixin.py:190} INFO - [2024-11-24T15:29:03.233+0000] {dag.py:3239} INFO - Sync 1 DAGs
[2024-11-24T15:29:03.400+0000] {logging_mixin.py:190} INFO - [2024-11-24T15:29:03.400+0000] {dag.py:4180} INFO - Setting next_dagrun for fraud_monitoring to 2024-11-24 00:00:00+00:00, run_after=2024-11-25 00:00:00+00:00
[2024-11-24T15:29:03.873+0000] {processor.py:208} INFO - Processing /opt/airflow/dags/monitoring_dag.py took 2.150 seconds
[2024-11-24T15:29:33.988+0000] {processor.py:186} INFO - Started process (PID=909) to work on /opt/airflow/dags/monitoring_dag.py
[2024-11-24T15:29:33.994+0000] {processor.py:914} INFO - Processing file /opt/airflow/dags/monitoring_dag.py for tasks to queue
[2024-11-24T15:29:33.999+0000] {logging_mixin.py:190} INFO - [2024-11-24T15:29:33.999+0000] {dagbag.py:588} INFO - Filling up the DagBag from /opt/airflow/dags/monitoring_dag.py
[2024-11-24T15:29:34.766+0000] {processor.py:925} INFO - DAG(s) 'fraud_monitoring' retrieved from /opt/airflow/dags/monitoring_dag.py
[2024-11-24T15:29:34.833+0000] {logging_mixin.py:190} INFO - [2024-11-24T15:29:34.831+0000] {dag.py:3239} INFO - Sync 1 DAGs
[2024-11-24T15:29:34.944+0000] {logging_mixin.py:190} INFO - [2024-11-24T15:29:34.943+0000] {dag.py:4180} INFO - Setting next_dagrun for fraud_monitoring to 2024-11-24 00:00:00+00:00, run_after=2024-11-25 00:00:00+00:00
[2024-11-24T15:29:35.047+0000] {processor.py:208} INFO - Processing /opt/airflow/dags/monitoring_dag.py took 1.071 seconds
[2024-11-24T15:30:05.571+0000] {processor.py:186} INFO - Started process (PID=924) to work on /opt/airflow/dags/monitoring_dag.py
[2024-11-24T15:30:05.574+0000] {processor.py:914} INFO - Processing file /opt/airflow/dags/monitoring_dag.py for tasks to queue
[2024-11-24T15:30:05.582+0000] {logging_mixin.py:190} INFO - [2024-11-24T15:30:05.580+0000] {dagbag.py:588} INFO - Filling up the DagBag from /opt/airflow/dags/monitoring_dag.py
[2024-11-24T15:30:06.607+0000] {processor.py:925} INFO - DAG(s) 'fraud_monitoring' retrieved from /opt/airflow/dags/monitoring_dag.py
[2024-11-24T15:30:06.702+0000] {logging_mixin.py:190} INFO - [2024-11-24T15:30:06.700+0000] {dag.py:3239} INFO - Sync 1 DAGs
[2024-11-24T15:30:06.804+0000] {logging_mixin.py:190} INFO - [2024-11-24T15:30:06.803+0000] {dag.py:4180} INFO - Setting next_dagrun for fraud_monitoring to 2024-11-24 00:00:00+00:00, run_after=2024-11-25 00:00:00+00:00
[2024-11-24T15:30:06.855+0000] {processor.py:208} INFO - Processing /opt/airflow/dags/monitoring_dag.py took 1.312 seconds
[2024-11-24T15:30:37.489+0000] {processor.py:186} INFO - Started process (PID=939) to work on /opt/airflow/dags/monitoring_dag.py
[2024-11-24T15:30:37.540+0000] {processor.py:914} INFO - Processing file /opt/airflow/dags/monitoring_dag.py for tasks to queue
[2024-11-24T15:30:37.559+0000] {logging_mixin.py:190} INFO - [2024-11-24T15:30:37.559+0000] {dagbag.py:588} INFO - Filling up the DagBag from /opt/airflow/dags/monitoring_dag.py
[2024-11-24T15:30:38.681+0000] {processor.py:925} INFO - DAG(s) 'fraud_monitoring' retrieved from /opt/airflow/dags/monitoring_dag.py
[2024-11-24T15:30:38.864+0000] {logging_mixin.py:190} INFO - [2024-11-24T15:30:38.863+0000] {dag.py:3239} INFO - Sync 1 DAGs
[2024-11-24T15:30:38.921+0000] {logging_mixin.py:190} INFO - [2024-11-24T15:30:38.921+0000] {dag.py:4180} INFO - Setting next_dagrun for fraud_monitoring to 2024-11-24 00:00:00+00:00, run_after=2024-11-25 00:00:00+00:00
[2024-11-24T15:30:39.329+0000] {processor.py:208} INFO - Processing /opt/airflow/dags/monitoring_dag.py took 1.893 seconds
[2024-11-24T15:31:09.662+0000] {processor.py:186} INFO - Started process (PID=954) to work on /opt/airflow/dags/monitoring_dag.py
[2024-11-24T15:31:09.672+0000] {processor.py:914} INFO - Processing file /opt/airflow/dags/monitoring_dag.py for tasks to queue
[2024-11-24T15:31:09.676+0000] {logging_mixin.py:190} INFO - [2024-11-24T15:31:09.676+0000] {dagbag.py:588} INFO - Filling up the DagBag from /opt/airflow/dags/monitoring_dag.py
[2024-11-24T15:31:10.543+0000] {processor.py:925} INFO - DAG(s) 'fraud_monitoring' retrieved from /opt/airflow/dags/monitoring_dag.py
[2024-11-24T15:31:10.594+0000] {logging_mixin.py:190} INFO - [2024-11-24T15:31:10.593+0000] {dag.py:3239} INFO - Sync 1 DAGs
[2024-11-24T15:31:10.996+0000] {logging_mixin.py:190} INFO - [2024-11-24T15:31:10.995+0000] {dag.py:4180} INFO - Setting next_dagrun for fraud_monitoring to 2024-11-24 00:00:00+00:00, run_after=2024-11-25 00:00:00+00:00
[2024-11-24T15:31:11.075+0000] {processor.py:208} INFO - Processing /opt/airflow/dags/monitoring_dag.py took 1.444 seconds
[2024-11-24T15:31:41.277+0000] {processor.py:186} INFO - Started process (PID=969) to work on /opt/airflow/dags/monitoring_dag.py
[2024-11-24T15:31:41.285+0000] {processor.py:914} INFO - Processing file /opt/airflow/dags/monitoring_dag.py for tasks to queue
[2024-11-24T15:31:41.299+0000] {logging_mixin.py:190} INFO - [2024-11-24T15:31:41.299+0000] {dagbag.py:588} INFO - Filling up the DagBag from /opt/airflow/dags/monitoring_dag.py
[2024-11-24T15:31:42.771+0000] {processor.py:925} INFO - DAG(s) 'fraud_monitoring' retrieved from /opt/airflow/dags/monitoring_dag.py
[2024-11-24T15:31:42.829+0000] {logging_mixin.py:190} INFO - [2024-11-24T15:31:42.828+0000] {dag.py:3239} INFO - Sync 1 DAGs
[2024-11-24T15:31:42.862+0000] {logging_mixin.py:190} INFO - [2024-11-24T15:31:42.862+0000] {dag.py:4180} INFO - Setting next_dagrun for fraud_monitoring to 2024-11-24 00:00:00+00:00, run_after=2024-11-25 00:00:00+00:00
[2024-11-24T15:31:42.913+0000] {processor.py:208} INFO - Processing /opt/airflow/dags/monitoring_dag.py took 1.648 seconds
[2024-11-24T15:32:13.493+0000] {processor.py:186} INFO - Started process (PID=984) to work on /opt/airflow/dags/monitoring_dag.py
[2024-11-24T15:32:13.510+0000] {processor.py:914} INFO - Processing file /opt/airflow/dags/monitoring_dag.py for tasks to queue
[2024-11-24T15:32:13.515+0000] {logging_mixin.py:190} INFO - [2024-11-24T15:32:13.514+0000] {dagbag.py:588} INFO - Filling up the DagBag from /opt/airflow/dags/monitoring_dag.py
[2024-11-24T15:32:14.341+0000] {processor.py:925} INFO - DAG(s) 'fraud_monitoring' retrieved from /opt/airflow/dags/monitoring_dag.py
[2024-11-24T15:32:14.484+0000] {logging_mixin.py:190} INFO - [2024-11-24T15:32:14.483+0000] {dag.py:3239} INFO - Sync 1 DAGs
[2024-11-24T15:32:14.522+0000] {logging_mixin.py:190} INFO - [2024-11-24T15:32:14.522+0000] {dag.py:4180} INFO - Setting next_dagrun for fraud_monitoring to 2024-11-24 00:00:00+00:00, run_after=2024-11-25 00:00:00+00:00
[2024-11-24T15:32:14.591+0000] {processor.py:208} INFO - Processing /opt/airflow/dags/monitoring_dag.py took 1.182 seconds
[2024-11-24T15:32:45.107+0000] {processor.py:186} INFO - Started process (PID=999) to work on /opt/airflow/dags/monitoring_dag.py
[2024-11-24T15:32:45.115+0000] {processor.py:914} INFO - Processing file /opt/airflow/dags/monitoring_dag.py for tasks to queue
[2024-11-24T15:32:45.121+0000] {logging_mixin.py:190} INFO - [2024-11-24T15:32:45.120+0000] {dagbag.py:588} INFO - Filling up the DagBag from /opt/airflow/dags/monitoring_dag.py
[2024-11-24T15:32:45.924+0000] {processor.py:925} INFO - DAG(s) 'fraud_monitoring' retrieved from /opt/airflow/dags/monitoring_dag.py
[2024-11-24T15:32:45.975+0000] {logging_mixin.py:190} INFO - [2024-11-24T15:32:45.974+0000] {dag.py:3239} INFO - Sync 1 DAGs
[2024-11-24T15:32:46.194+0000] {logging_mixin.py:190} INFO - [2024-11-24T15:32:46.194+0000] {dag.py:4180} INFO - Setting next_dagrun for fraud_monitoring to 2024-11-24 00:00:00+00:00, run_after=2024-11-25 00:00:00+00:00
[2024-11-24T15:32:46.271+0000] {processor.py:208} INFO - Processing /opt/airflow/dags/monitoring_dag.py took 1.173 seconds
[2024-11-24T15:33:16.461+0000] {processor.py:186} INFO - Started process (PID=1018) to work on /opt/airflow/dags/monitoring_dag.py
[2024-11-24T15:33:16.475+0000] {processor.py:914} INFO - Processing file /opt/airflow/dags/monitoring_dag.py for tasks to queue
[2024-11-24T15:33:16.486+0000] {logging_mixin.py:190} INFO - [2024-11-24T15:33:16.483+0000] {dagbag.py:588} INFO - Filling up the DagBag from /opt/airflow/dags/monitoring_dag.py
[2024-11-24T15:33:17.992+0000] {processor.py:925} INFO - DAG(s) 'fraud_monitoring' retrieved from /opt/airflow/dags/monitoring_dag.py
[2024-11-24T15:33:18.063+0000] {logging_mixin.py:190} INFO - [2024-11-24T15:33:18.062+0000] {dag.py:3239} INFO - Sync 1 DAGs
[2024-11-24T15:33:18.179+0000] {logging_mixin.py:190} INFO - [2024-11-24T15:33:18.178+0000] {dag.py:4180} INFO - Setting next_dagrun for fraud_monitoring to 2024-11-24 00:00:00+00:00, run_after=2024-11-25 00:00:00+00:00
[2024-11-24T15:33:18.273+0000] {processor.py:208} INFO - Processing /opt/airflow/dags/monitoring_dag.py took 1.845 seconds
[2024-11-24T15:33:48.581+0000] {processor.py:186} INFO - Started process (PID=1033) to work on /opt/airflow/dags/monitoring_dag.py
[2024-11-24T15:33:48.585+0000] {processor.py:914} INFO - Processing file /opt/airflow/dags/monitoring_dag.py for tasks to queue
[2024-11-24T15:33:48.592+0000] {logging_mixin.py:190} INFO - [2024-11-24T15:33:48.592+0000] {dagbag.py:588} INFO - Filling up the DagBag from /opt/airflow/dags/monitoring_dag.py
[2024-11-24T15:33:48.996+0000] {processor.py:925} INFO - DAG(s) 'fraud_monitoring' retrieved from /opt/airflow/dags/monitoring_dag.py
[2024-11-24T15:33:49.128+0000] {logging_mixin.py:190} INFO - [2024-11-24T15:33:49.128+0000] {dag.py:3239} INFO - Sync 1 DAGs
[2024-11-24T15:33:49.198+0000] {logging_mixin.py:190} INFO - [2024-11-24T15:33:49.198+0000] {dag.py:4180} INFO - Setting next_dagrun for fraud_monitoring to 2024-11-24 00:00:00+00:00, run_after=2024-11-25 00:00:00+00:00
[2024-11-24T15:33:49.268+0000] {processor.py:208} INFO - Processing /opt/airflow/dags/monitoring_dag.py took 0.695 seconds
[2024-11-24T15:34:19.484+0000] {processor.py:186} INFO - Started process (PID=1048) to work on /opt/airflow/dags/monitoring_dag.py
[2024-11-24T15:34:19.491+0000] {processor.py:914} INFO - Processing file /opt/airflow/dags/monitoring_dag.py for tasks to queue
[2024-11-24T15:34:19.505+0000] {logging_mixin.py:190} INFO - [2024-11-24T15:34:19.504+0000] {dagbag.py:588} INFO - Filling up the DagBag from /opt/airflow/dags/monitoring_dag.py
[2024-11-24T15:34:21.136+0000] {processor.py:925} INFO - DAG(s) 'fraud_monitoring' retrieved from /opt/airflow/dags/monitoring_dag.py
[2024-11-24T15:34:21.297+0000] {logging_mixin.py:190} INFO - [2024-11-24T15:34:21.293+0000] {dag.py:3239} INFO - Sync 1 DAGs
[2024-11-24T15:34:21.935+0000] {logging_mixin.py:190} INFO - [2024-11-24T15:34:21.934+0000] {dag.py:4180} INFO - Setting next_dagrun for fraud_monitoring to 2024-11-24 00:00:00+00:00, run_after=2024-11-25 00:00:00+00:00
[2024-11-24T15:34:22.063+0000] {processor.py:208} INFO - Processing /opt/airflow/dags/monitoring_dag.py took 2.598 seconds
[2024-11-24T15:34:52.972+0000] {processor.py:186} INFO - Started process (PID=1063) to work on /opt/airflow/dags/monitoring_dag.py
[2024-11-24T15:34:52.977+0000] {processor.py:914} INFO - Processing file /opt/airflow/dags/monitoring_dag.py for tasks to queue
[2024-11-24T15:34:52.988+0000] {logging_mixin.py:190} INFO - [2024-11-24T15:34:52.987+0000] {dagbag.py:588} INFO - Filling up the DagBag from /opt/airflow/dags/monitoring_dag.py
[2024-11-24T15:34:53.916+0000] {processor.py:925} INFO - DAG(s) 'fraud_monitoring' retrieved from /opt/airflow/dags/monitoring_dag.py
[2024-11-24T15:34:54.267+0000] {logging_mixin.py:190} INFO - [2024-11-24T15:34:54.266+0000] {dag.py:3239} INFO - Sync 1 DAGs
[2024-11-24T15:34:54.356+0000] {logging_mixin.py:190} INFO - [2024-11-24T15:34:54.356+0000] {dag.py:4180} INFO - Setting next_dagrun for fraud_monitoring to 2024-11-24 00:00:00+00:00, run_after=2024-11-25 00:00:00+00:00
[2024-11-24T15:34:54.514+0000] {processor.py:208} INFO - Processing /opt/airflow/dags/monitoring_dag.py took 1.552 seconds
[2024-11-24T15:35:25.065+0000] {processor.py:186} INFO - Started process (PID=1085) to work on /opt/airflow/dags/monitoring_dag.py
[2024-11-24T15:35:25.074+0000] {processor.py:914} INFO - Processing file /opt/airflow/dags/monitoring_dag.py for tasks to queue
[2024-11-24T15:35:25.112+0000] {logging_mixin.py:190} INFO - [2024-11-24T15:35:25.111+0000] {dagbag.py:588} INFO - Filling up the DagBag from /opt/airflow/dags/monitoring_dag.py
[2024-11-24T15:35:26.264+0000] {processor.py:925} INFO - DAG(s) 'fraud_monitoring' retrieved from /opt/airflow/dags/monitoring_dag.py
[2024-11-24T15:35:26.360+0000] {logging_mixin.py:190} INFO - [2024-11-24T15:35:26.359+0000] {dag.py:3239} INFO - Sync 1 DAGs
[2024-11-24T15:35:26.424+0000] {logging_mixin.py:190} INFO - [2024-11-24T15:35:26.424+0000] {dag.py:4180} INFO - Setting next_dagrun for fraud_monitoring to 2024-11-24 00:00:00+00:00, run_after=2024-11-25 00:00:00+00:00
[2024-11-24T15:35:26.477+0000] {processor.py:208} INFO - Processing /opt/airflow/dags/monitoring_dag.py took 1.429 seconds
[2024-11-24T15:35:56.953+0000] {processor.py:186} INFO - Started process (PID=1100) to work on /opt/airflow/dags/monitoring_dag.py
[2024-11-24T15:35:56.963+0000] {processor.py:914} INFO - Processing file /opt/airflow/dags/monitoring_dag.py for tasks to queue
[2024-11-24T15:35:56.972+0000] {logging_mixin.py:190} INFO - [2024-11-24T15:35:56.971+0000] {dagbag.py:588} INFO - Filling up the DagBag from /opt/airflow/dags/monitoring_dag.py
[2024-11-24T15:35:57.872+0000] {processor.py:925} INFO - DAG(s) 'fraud_monitoring' retrieved from /opt/airflow/dags/monitoring_dag.py
[2024-11-24T15:35:57.918+0000] {logging_mixin.py:190} INFO - [2024-11-24T15:35:57.917+0000] {dag.py:3239} INFO - Sync 1 DAGs
[2024-11-24T15:35:58.230+0000] {logging_mixin.py:190} INFO - [2024-11-24T15:35:58.230+0000] {dag.py:4180} INFO - Setting next_dagrun for fraud_monitoring to 2024-11-24 00:00:00+00:00, run_after=2024-11-25 00:00:00+00:00
[2024-11-24T15:35:58.281+0000] {processor.py:208} INFO - Processing /opt/airflow/dags/monitoring_dag.py took 1.341 seconds
[2024-11-24T15:36:28.567+0000] {processor.py:186} INFO - Started process (PID=1115) to work on /opt/airflow/dags/monitoring_dag.py
[2024-11-24T15:36:28.575+0000] {processor.py:914} INFO - Processing file /opt/airflow/dags/monitoring_dag.py for tasks to queue
[2024-11-24T15:36:28.583+0000] {logging_mixin.py:190} INFO - [2024-11-24T15:36:28.582+0000] {dagbag.py:588} INFO - Filling up the DagBag from /opt/airflow/dags/monitoring_dag.py
[2024-11-24T15:36:29.108+0000] {processor.py:925} INFO - DAG(s) 'fraud_monitoring' retrieved from /opt/airflow/dags/monitoring_dag.py
[2024-11-24T15:36:29.333+0000] {logging_mixin.py:190} INFO - [2024-11-24T15:36:29.332+0000] {dag.py:3239} INFO - Sync 1 DAGs
[2024-11-24T15:36:29.395+0000] {logging_mixin.py:190} INFO - [2024-11-24T15:36:29.394+0000] {dag.py:4180} INFO - Setting next_dagrun for fraud_monitoring to 2024-11-24 00:00:00+00:00, run_after=2024-11-25 00:00:00+00:00
[2024-11-24T15:36:29.476+0000] {processor.py:208} INFO - Processing /opt/airflow/dags/monitoring_dag.py took 0.921 seconds
[2024-11-24T15:36:59.854+0000] {processor.py:186} INFO - Started process (PID=1131) to work on /opt/airflow/dags/monitoring_dag.py
[2024-11-24T15:36:59.858+0000] {processor.py:914} INFO - Processing file /opt/airflow/dags/monitoring_dag.py for tasks to queue
[2024-11-24T15:36:59.866+0000] {logging_mixin.py:190} INFO - [2024-11-24T15:36:59.865+0000] {dagbag.py:588} INFO - Filling up the DagBag from /opt/airflow/dags/monitoring_dag.py
[2024-11-24T15:37:01.146+0000] {processor.py:925} INFO - DAG(s) 'fraud_monitoring' retrieved from /opt/airflow/dags/monitoring_dag.py
[2024-11-24T15:37:01.216+0000] {logging_mixin.py:190} INFO - [2024-11-24T15:37:01.215+0000] {dag.py:3239} INFO - Sync 1 DAGs
[2024-11-24T15:37:01.289+0000] {logging_mixin.py:190} INFO - [2024-11-24T15:37:01.289+0000] {dag.py:4180} INFO - Setting next_dagrun for fraud_monitoring to 2024-11-24 00:00:00+00:00, run_after=2024-11-25 00:00:00+00:00
[2024-11-24T15:37:01.368+0000] {processor.py:208} INFO - Processing /opt/airflow/dags/monitoring_dag.py took 1.534 seconds
[2024-11-24T15:37:32.320+0000] {processor.py:186} INFO - Started process (PID=1142) to work on /opt/airflow/dags/monitoring_dag.py
[2024-11-24T15:37:32.325+0000] {processor.py:914} INFO - Processing file /opt/airflow/dags/monitoring_dag.py for tasks to queue
[2024-11-24T15:37:32.333+0000] {logging_mixin.py:190} INFO - [2024-11-24T15:37:32.332+0000] {dagbag.py:588} INFO - Filling up the DagBag from /opt/airflow/dags/monitoring_dag.py
[2024-11-24T15:37:33.650+0000] {processor.py:925} INFO - DAG(s) 'fraud_monitoring' retrieved from /opt/airflow/dags/monitoring_dag.py
[2024-11-24T15:37:33.739+0000] {logging_mixin.py:190} INFO - [2024-11-24T15:37:33.739+0000] {dag.py:3239} INFO - Sync 1 DAGs
[2024-11-24T15:37:34.193+0000] {logging_mixin.py:190} INFO - [2024-11-24T15:37:34.192+0000] {dag.py:4180} INFO - Setting next_dagrun for fraud_monitoring to 2024-11-24 00:00:00+00:00, run_after=2024-11-25 00:00:00+00:00
[2024-11-24T15:37:34.238+0000] {processor.py:208} INFO - Processing /opt/airflow/dags/monitoring_dag.py took 1.949 seconds
[2024-11-24T15:38:05.072+0000] {processor.py:186} INFO - Started process (PID=1156) to work on /opt/airflow/dags/monitoring_dag.py
[2024-11-24T15:38:05.079+0000] {processor.py:914} INFO - Processing file /opt/airflow/dags/monitoring_dag.py for tasks to queue
[2024-11-24T15:38:05.087+0000] {logging_mixin.py:190} INFO - [2024-11-24T15:38:05.086+0000] {dagbag.py:588} INFO - Filling up the DagBag from /opt/airflow/dags/monitoring_dag.py
[2024-11-24T15:38:06.235+0000] {processor.py:925} INFO - DAG(s) 'fraud_monitoring' retrieved from /opt/airflow/dags/monitoring_dag.py
[2024-11-24T15:38:06.878+0000] {logging_mixin.py:190} INFO - [2024-11-24T15:38:06.877+0000] {dag.py:3239} INFO - Sync 1 DAGs
[2024-11-24T15:38:06.930+0000] {logging_mixin.py:190} INFO - [2024-11-24T15:38:06.929+0000] {dag.py:4180} INFO - Setting next_dagrun for fraud_monitoring to 2024-11-24 00:00:00+00:00, run_after=2024-11-25 00:00:00+00:00
[2024-11-24T15:38:07.047+0000] {processor.py:208} INFO - Processing /opt/airflow/dags/monitoring_dag.py took 1.996 seconds
[2024-11-24T15:38:37.320+0000] {processor.py:186} INFO - Started process (PID=1170) to work on /opt/airflow/dags/monitoring_dag.py
[2024-11-24T15:38:37.329+0000] {processor.py:914} INFO - Processing file /opt/airflow/dags/monitoring_dag.py for tasks to queue
[2024-11-24T15:38:37.340+0000] {logging_mixin.py:190} INFO - [2024-11-24T15:38:37.337+0000] {dagbag.py:588} INFO - Filling up the DagBag from /opt/airflow/dags/monitoring_dag.py
[2024-11-24T15:38:39.300+0000] {processor.py:925} INFO - DAG(s) 'fraud_monitoring' retrieved from /opt/airflow/dags/monitoring_dag.py
[2024-11-24T15:38:39.371+0000] {logging_mixin.py:190} INFO - [2024-11-24T15:38:39.370+0000] {dag.py:3239} INFO - Sync 1 DAGs
[2024-11-24T15:38:39.456+0000] {logging_mixin.py:190} INFO - [2024-11-24T15:38:39.455+0000] {dag.py:4180} INFO - Setting next_dagrun for fraud_monitoring to 2024-11-24 00:00:00+00:00, run_after=2024-11-25 00:00:00+00:00
[2024-11-24T15:38:39.579+0000] {processor.py:208} INFO - Processing /opt/airflow/dags/monitoring_dag.py took 2.287 seconds
[2024-11-24T15:39:09.809+0000] {processor.py:186} INFO - Started process (PID=1185) to work on /opt/airflow/dags/monitoring_dag.py
[2024-11-24T15:39:09.818+0000] {processor.py:914} INFO - Processing file /opt/airflow/dags/monitoring_dag.py for tasks to queue
[2024-11-24T15:39:09.823+0000] {logging_mixin.py:190} INFO - [2024-11-24T15:39:09.822+0000] {dagbag.py:588} INFO - Filling up the DagBag from /opt/airflow/dags/monitoring_dag.py
[2024-11-24T15:39:11.754+0000] {processor.py:925} INFO - DAG(s) 'fraud_monitoring' retrieved from /opt/airflow/dags/monitoring_dag.py
[2024-11-24T15:39:11.935+0000] {logging_mixin.py:190} INFO - [2024-11-24T15:39:11.934+0000] {dag.py:3239} INFO - Sync 1 DAGs
[2024-11-24T15:39:12.100+0000] {logging_mixin.py:190} INFO - [2024-11-24T15:39:12.099+0000] {dag.py:4180} INFO - Setting next_dagrun for fraud_monitoring to 2024-11-24 00:00:00+00:00, run_after=2024-11-25 00:00:00+00:00
[2024-11-24T15:39:12.377+0000] {processor.py:208} INFO - Processing /opt/airflow/dags/monitoring_dag.py took 2.604 seconds
[2024-11-24T15:39:42.820+0000] {processor.py:186} INFO - Started process (PID=1200) to work on /opt/airflow/dags/monitoring_dag.py
[2024-11-24T15:39:42.825+0000] {processor.py:914} INFO - Processing file /opt/airflow/dags/monitoring_dag.py for tasks to queue
[2024-11-24T15:39:42.833+0000] {logging_mixin.py:190} INFO - [2024-11-24T15:39:42.833+0000] {dagbag.py:588} INFO - Filling up the DagBag from /opt/airflow/dags/monitoring_dag.py
[2024-11-24T15:39:44.051+0000] {processor.py:925} INFO - DAG(s) 'fraud_monitoring' retrieved from /opt/airflow/dags/monitoring_dag.py
[2024-11-24T15:39:44.418+0000] {logging_mixin.py:190} INFO - [2024-11-24T15:39:44.417+0000] {dag.py:3239} INFO - Sync 1 DAGs
[2024-11-24T15:39:44.451+0000] {logging_mixin.py:190} INFO - [2024-11-24T15:39:44.450+0000] {dag.py:4180} INFO - Setting next_dagrun for fraud_monitoring to 2024-11-24 00:00:00+00:00, run_after=2024-11-25 00:00:00+00:00
[2024-11-24T15:39:44.518+0000] {processor.py:208} INFO - Processing /opt/airflow/dags/monitoring_dag.py took 1.731 seconds
[2024-11-24T15:47:18.863+0000] {processor.py:186} INFO - Started process (PID=58) to work on /opt/airflow/dags/monitoring_dag.py
[2024-11-24T15:47:18.880+0000] {processor.py:914} INFO - Processing file /opt/airflow/dags/monitoring_dag.py for tasks to queue
[2024-11-24T15:47:18.892+0000] {logging_mixin.py:190} INFO - [2024-11-24T15:47:18.891+0000] {dagbag.py:588} INFO - Filling up the DagBag from /opt/airflow/dags/monitoring_dag.py
[2024-11-24T15:47:22.603+0000] {processor.py:925} INFO - DAG(s) 'fraud_monitoring' retrieved from /opt/airflow/dags/monitoring_dag.py
[2024-11-24T15:47:22.772+0000] {logging_mixin.py:190} INFO - [2024-11-24T15:47:22.754+0000] {dag.py:3239} INFO - Sync 1 DAGs
[2024-11-24T15:47:22.903+0000] {logging_mixin.py:190} INFO - [2024-11-24T15:47:22.902+0000] {dag.py:4180} INFO - Setting next_dagrun for fraud_monitoring to 2024-11-24 00:00:00+00:00, run_after=2024-11-25 00:00:00+00:00
[2024-11-24T15:47:22.989+0000] {processor.py:208} INFO - Processing /opt/airflow/dags/monitoring_dag.py took 4.167 seconds
[2024-11-24T15:47:54.040+0000] {processor.py:186} INFO - Started process (PID=72) to work on /opt/airflow/dags/monitoring_dag.py
[2024-11-24T15:47:54.046+0000] {processor.py:914} INFO - Processing file /opt/airflow/dags/monitoring_dag.py for tasks to queue
[2024-11-24T15:47:54.065+0000] {logging_mixin.py:190} INFO - [2024-11-24T15:47:54.062+0000] {dagbag.py:588} INFO - Filling up the DagBag from /opt/airflow/dags/monitoring_dag.py
[2024-11-24T15:47:56.106+0000] {processor.py:925} INFO - DAG(s) 'fraud_monitoring' retrieved from /opt/airflow/dags/monitoring_dag.py
[2024-11-24T15:47:56.168+0000] {logging_mixin.py:190} INFO - [2024-11-24T15:47:56.167+0000] {dag.py:3239} INFO - Sync 1 DAGs
[2024-11-24T15:47:56.220+0000] {logging_mixin.py:190} INFO - [2024-11-24T15:47:56.219+0000] {dag.py:4180} INFO - Setting next_dagrun for fraud_monitoring to 2024-11-24 00:00:00+00:00, run_after=2024-11-25 00:00:00+00:00
[2024-11-24T15:47:56.305+0000] {processor.py:208} INFO - Processing /opt/airflow/dags/monitoring_dag.py took 2.303 seconds
[2024-11-24T15:48:27.158+0000] {processor.py:186} INFO - Started process (PID=93) to work on /opt/airflow/dags/monitoring_dag.py
[2024-11-24T15:48:27.165+0000] {processor.py:914} INFO - Processing file /opt/airflow/dags/monitoring_dag.py for tasks to queue
[2024-11-24T15:48:27.169+0000] {logging_mixin.py:190} INFO - [2024-11-24T15:48:27.168+0000] {dagbag.py:588} INFO - Filling up the DagBag from /opt/airflow/dags/monitoring_dag.py
[2024-11-24T15:48:28.994+0000] {processor.py:925} INFO - DAG(s) 'fraud_monitoring' retrieved from /opt/airflow/dags/monitoring_dag.py
[2024-11-24T15:48:29.099+0000] {logging_mixin.py:190} INFO - [2024-11-24T15:48:29.096+0000] {dag.py:3239} INFO - Sync 1 DAGs
[2024-11-24T15:48:29.270+0000] {logging_mixin.py:190} INFO - [2024-11-24T15:48:29.261+0000] {dag.py:4180} INFO - Setting next_dagrun for fraud_monitoring to 2024-11-24 00:00:00+00:00, run_after=2024-11-25 00:00:00+00:00
[2024-11-24T15:48:29.442+0000] {processor.py:208} INFO - Processing /opt/airflow/dags/monitoring_dag.py took 2.296 seconds
[2024-11-24T15:48:59.585+0000] {processor.py:186} INFO - Started process (PID=108) to work on /opt/airflow/dags/monitoring_dag.py
[2024-11-24T15:48:59.591+0000] {processor.py:914} INFO - Processing file /opt/airflow/dags/monitoring_dag.py for tasks to queue
[2024-11-24T15:48:59.606+0000] {logging_mixin.py:190} INFO - [2024-11-24T15:48:59.604+0000] {dagbag.py:588} INFO - Filling up the DagBag from /opt/airflow/dags/monitoring_dag.py
[2024-11-24T15:49:01.904+0000] {processor.py:925} INFO - DAG(s) 'fraud_monitoring' retrieved from /opt/airflow/dags/monitoring_dag.py
[2024-11-24T15:49:02.012+0000] {logging_mixin.py:190} INFO - [2024-11-24T15:49:02.011+0000] {dag.py:3239} INFO - Sync 1 DAGs
[2024-11-24T15:49:02.123+0000] {logging_mixin.py:190} INFO - [2024-11-24T15:49:02.119+0000] {dag.py:4180} INFO - Setting next_dagrun for fraud_monitoring to 2024-11-24 00:00:00+00:00, run_after=2024-11-25 00:00:00+00:00
[2024-11-24T15:49:02.176+0000] {processor.py:208} INFO - Processing /opt/airflow/dags/monitoring_dag.py took 2.641 seconds
[2024-11-24T15:49:32.377+0000] {processor.py:186} INFO - Started process (PID=123) to work on /opt/airflow/dags/monitoring_dag.py
[2024-11-24T15:49:32.385+0000] {processor.py:914} INFO - Processing file /opt/airflow/dags/monitoring_dag.py for tasks to queue
[2024-11-24T15:49:32.391+0000] {logging_mixin.py:190} INFO - [2024-11-24T15:49:32.390+0000] {dagbag.py:588} INFO - Filling up the DagBag from /opt/airflow/dags/monitoring_dag.py
[2024-11-24T15:49:33.402+0000] {processor.py:925} INFO - DAG(s) 'fraud_monitoring' retrieved from /opt/airflow/dags/monitoring_dag.py
[2024-11-24T15:49:33.496+0000] {logging_mixin.py:190} INFO - [2024-11-24T15:49:33.491+0000] {dag.py:3239} INFO - Sync 1 DAGs
[2024-11-24T15:49:33.555+0000] {logging_mixin.py:190} INFO - [2024-11-24T15:49:33.554+0000] {dag.py:4180} INFO - Setting next_dagrun for fraud_monitoring to 2024-11-24 00:00:00+00:00, run_after=2024-11-25 00:00:00+00:00
[2024-11-24T15:49:33.594+0000] {processor.py:208} INFO - Processing /opt/airflow/dags/monitoring_dag.py took 1.242 seconds
[2024-11-24T15:50:04.558+0000] {processor.py:186} INFO - Started process (PID=138) to work on /opt/airflow/dags/monitoring_dag.py
[2024-11-24T15:50:04.564+0000] {processor.py:914} INFO - Processing file /opt/airflow/dags/monitoring_dag.py for tasks to queue
[2024-11-24T15:50:04.597+0000] {logging_mixin.py:190} INFO - [2024-11-24T15:50:04.596+0000] {dagbag.py:588} INFO - Filling up the DagBag from /opt/airflow/dags/monitoring_dag.py
[2024-11-24T15:50:07.221+0000] {processor.py:925} INFO - DAG(s) 'fraud_monitoring' retrieved from /opt/airflow/dags/monitoring_dag.py
[2024-11-24T15:50:07.316+0000] {logging_mixin.py:190} INFO - [2024-11-24T15:50:07.315+0000] {dag.py:3239} INFO - Sync 1 DAGs
[2024-11-24T15:50:07.368+0000] {logging_mixin.py:190} INFO - [2024-11-24T15:50:07.367+0000] {dag.py:4180} INFO - Setting next_dagrun for fraud_monitoring to 2024-11-24 00:00:00+00:00, run_after=2024-11-25 00:00:00+00:00
[2024-11-24T15:50:07.423+0000] {processor.py:208} INFO - Processing /opt/airflow/dags/monitoring_dag.py took 2.935 seconds
[2024-11-24T15:50:38.171+0000] {processor.py:186} INFO - Started process (PID=155) to work on /opt/airflow/dags/monitoring_dag.py
[2024-11-24T15:50:38.212+0000] {processor.py:914} INFO - Processing file /opt/airflow/dags/monitoring_dag.py for tasks to queue
[2024-11-24T15:50:38.221+0000] {logging_mixin.py:190} INFO - [2024-11-24T15:50:38.220+0000] {dagbag.py:588} INFO - Filling up the DagBag from /opt/airflow/dags/monitoring_dag.py
[2024-11-24T15:50:39.101+0000] {processor.py:925} INFO - DAG(s) 'fraud_monitoring' retrieved from /opt/airflow/dags/monitoring_dag.py
[2024-11-24T15:50:39.270+0000] {logging_mixin.py:190} INFO - [2024-11-24T15:50:39.269+0000] {dag.py:3239} INFO - Sync 1 DAGs
[2024-11-24T15:50:39.428+0000] {logging_mixin.py:190} INFO - [2024-11-24T15:50:39.428+0000] {dag.py:4180} INFO - Setting next_dagrun for fraud_monitoring to 2024-11-24 00:00:00+00:00, run_after=2024-11-25 00:00:00+00:00
[2024-11-24T15:50:39.634+0000] {processor.py:208} INFO - Processing /opt/airflow/dags/monitoring_dag.py took 1.525 seconds
[2024-11-24T15:51:09.915+0000] {processor.py:186} INFO - Started process (PID=170) to work on /opt/airflow/dags/monitoring_dag.py
[2024-11-24T15:51:09.921+0000] {processor.py:914} INFO - Processing file /opt/airflow/dags/monitoring_dag.py for tasks to queue
[2024-11-24T15:51:09.929+0000] {logging_mixin.py:190} INFO - [2024-11-24T15:51:09.928+0000] {dagbag.py:588} INFO - Filling up the DagBag from /opt/airflow/dags/monitoring_dag.py
[2024-11-24T15:51:11.302+0000] {processor.py:925} INFO - DAG(s) 'fraud_monitoring' retrieved from /opt/airflow/dags/monitoring_dag.py
[2024-11-24T15:51:11.436+0000] {logging_mixin.py:190} INFO - [2024-11-24T15:51:11.435+0000] {dag.py:3239} INFO - Sync 1 DAGs
[2024-11-24T15:51:11.494+0000] {logging_mixin.py:190} INFO - [2024-11-24T15:51:11.494+0000] {dag.py:4180} INFO - Setting next_dagrun for fraud_monitoring to 2024-11-24 00:00:00+00:00, run_after=2024-11-25 00:00:00+00:00
[2024-11-24T15:51:11.550+0000] {processor.py:208} INFO - Processing /opt/airflow/dags/monitoring_dag.py took 1.659 seconds
[2024-11-24T15:51:41.995+0000] {processor.py:186} INFO - Started process (PID=185) to work on /opt/airflow/dags/monitoring_dag.py
[2024-11-24T15:51:41.999+0000] {processor.py:914} INFO - Processing file /opt/airflow/dags/monitoring_dag.py for tasks to queue
[2024-11-24T15:51:42.004+0000] {logging_mixin.py:190} INFO - [2024-11-24T15:51:42.003+0000] {dagbag.py:588} INFO - Filling up the DagBag from /opt/airflow/dags/monitoring_dag.py
[2024-11-24T15:51:42.715+0000] {processor.py:925} INFO - DAG(s) 'fraud_monitoring' retrieved from /opt/airflow/dags/monitoring_dag.py
[2024-11-24T15:51:42.761+0000] {logging_mixin.py:190} INFO - [2024-11-24T15:51:42.760+0000] {dag.py:3239} INFO - Sync 1 DAGs
[2024-11-24T15:51:42.795+0000] {logging_mixin.py:190} INFO - [2024-11-24T15:51:42.794+0000] {dag.py:4180} INFO - Setting next_dagrun for fraud_monitoring to 2024-11-24 00:00:00+00:00, run_after=2024-11-25 00:00:00+00:00
[2024-11-24T15:51:42.886+0000] {processor.py:208} INFO - Processing /opt/airflow/dags/monitoring_dag.py took 0.898 seconds
[2024-11-24T15:52:13.061+0000] {processor.py:186} INFO - Started process (PID=200) to work on /opt/airflow/dags/monitoring_dag.py
[2024-11-24T15:52:13.067+0000] {processor.py:914} INFO - Processing file /opt/airflow/dags/monitoring_dag.py for tasks to queue
[2024-11-24T15:52:13.075+0000] {logging_mixin.py:190} INFO - [2024-11-24T15:52:13.074+0000] {dagbag.py:588} INFO - Filling up the DagBag from /opt/airflow/dags/monitoring_dag.py
[2024-11-24T15:52:14.149+0000] {processor.py:925} INFO - DAG(s) 'fraud_monitoring' retrieved from /opt/airflow/dags/monitoring_dag.py
[2024-11-24T15:52:14.222+0000] {logging_mixin.py:190} INFO - [2024-11-24T15:52:14.221+0000] {dag.py:3239} INFO - Sync 1 DAGs
[2024-11-24T15:52:14.290+0000] {logging_mixin.py:190} INFO - [2024-11-24T15:52:14.290+0000] {dag.py:4180} INFO - Setting next_dagrun for fraud_monitoring to 2024-11-24 00:00:00+00:00, run_after=2024-11-25 00:00:00+00:00
[2024-11-24T15:52:14.354+0000] {processor.py:208} INFO - Processing /opt/airflow/dags/monitoring_dag.py took 1.307 seconds
[2024-11-24T15:52:44.838+0000] {processor.py:186} INFO - Started process (PID=215) to work on /opt/airflow/dags/monitoring_dag.py
[2024-11-24T15:52:44.847+0000] {processor.py:914} INFO - Processing file /opt/airflow/dags/monitoring_dag.py for tasks to queue
[2024-11-24T15:52:44.863+0000] {logging_mixin.py:190} INFO - [2024-11-24T15:52:44.860+0000] {dagbag.py:588} INFO - Filling up the DagBag from /opt/airflow/dags/monitoring_dag.py
[2024-11-24T15:52:46.084+0000] {processor.py:925} INFO - DAG(s) 'fraud_monitoring' retrieved from /opt/airflow/dags/monitoring_dag.py
[2024-11-24T15:52:46.172+0000] {logging_mixin.py:190} INFO - [2024-11-24T15:52:46.170+0000] {dag.py:3239} INFO - Sync 1 DAGs
[2024-11-24T15:52:46.271+0000] {logging_mixin.py:190} INFO - [2024-11-24T15:52:46.270+0000] {dag.py:4180} INFO - Setting next_dagrun for fraud_monitoring to 2024-11-24 00:00:00+00:00, run_after=2024-11-25 00:00:00+00:00
[2024-11-24T15:52:46.363+0000] {processor.py:208} INFO - Processing /opt/airflow/dags/monitoring_dag.py took 1.568 seconds
