[2024-11-23T18:08:59.646+0000] {local_task_job_runner.py:123} INFO - ::group::Pre task execution logs
[2024-11-23T18:08:59.748+0000] {taskinstance.py:2612} INFO - Dependencies all met for dep_context=non-requeueable deps ti=<TaskInstance: fraud_detection.notify_normal scheduled__2024-11-23T18:07:00+00:00 [queued]>
[2024-11-23T18:08:59.803+0000] {taskinstance.py:2612} INFO - Dependencies all met for dep_context=requeueable deps ti=<TaskInstance: fraud_detection.notify_normal scheduled__2024-11-23T18:07:00+00:00 [queued]>
[2024-11-23T18:08:59.804+0000] {taskinstance.py:2865} INFO - Starting attempt 1 of 2
[2024-11-23T18:08:59.883+0000] {taskinstance.py:2888} INFO - Executing <Task(PythonOperator): notify_normal> on 2024-11-23 18:07:00+00:00
[2024-11-23T18:08:59.924+0000] {warnings.py:112} WARNING - /home/***/.local/lib/python3.12/site-packages/***/task/task_runner/standard_task_runner.py:70: DeprecationWarning: This process (pid=4581) is multi-threaded, use of fork() may lead to deadlocks in the child.
  pid = os.fork()

[2024-11-23T18:08:59.930+0000] {standard_task_runner.py:72} INFO - Started process 4586 to run task
[2024-11-23T18:08:59.937+0000] {standard_task_runner.py:104} INFO - Running: ['***', 'tasks', 'run', 'fraud_detection', 'notify_normal', 'scheduled__2024-11-23T18:07:00+00:00', '--job-id', '458', '--raw', '--subdir', 'DAGS_FOLDER/fraud_detection_dag.py', '--cfg-path', '/tmp/tmp8otiy0wq']
[2024-11-23T18:08:59.949+0000] {standard_task_runner.py:105} INFO - Job 458: Subtask notify_normal
[2024-11-23T18:09:00.165+0000] {task_command.py:467} INFO - Running <TaskInstance: fraud_detection.notify_normal scheduled__2024-11-23T18:07:00+00:00 [running]> on host 345e92ff26bf
[2024-11-23T18:09:00.573+0000] {taskinstance.py:3131} INFO - Exporting env vars: AIRFLOW_CTX_DAG_OWNER='fraud_team' AIRFLOW_CTX_DAG_ID='fraud_detection' AIRFLOW_CTX_TASK_ID='notify_normal' AIRFLOW_CTX_EXECUTION_DATE='2024-11-23T18:07:00+00:00' AIRFLOW_CTX_TRY_NUMBER='1' AIRFLOW_CTX_DAG_RUN_ID='scheduled__2024-11-23T18:07:00+00:00'
[2024-11-23T18:09:00.576+0000] {taskinstance.py:731} INFO - ::endgroup::
[2024-11-23T18:09:00.813+0000] {fraud_detection_dag.py:144} INFO - Données de transaction récupérées: {"columns":["cc_num","merchant","category","amt","first","last","gender","street","city","state","zip","lat","long","city_pop","job","dob","trans_num","merch_lat","merch_long","is_fraud","current_time"],"index":[36508],"data":[[36721445180895,"fraud_Deckow-O'Conner","grocery_pos",106.58,"Cesar","Smith","M","901 Ariel Points","Jefferson","NY",12093,42.4999,-74.6117,1666,"Diagnostic radiographer","1968-07-01","e77bdac8f23a2a0d857f4a1c85696a1c",43.111426,-75.259083,0,1732385322668]]}
[2024-11-23T18:09:00.814+0000] {fraud_detection_dag.py:145} INFO - Probabilité de fraude: 0.4196676703931497
[2024-11-23T18:09:00.815+0000] {fraud_detection_dag.py:146} INFO - Est une fraude: False
[2024-11-23T18:09:00.861+0000] {fraud_detection_dag.py:206} INFO - Tentative d'envoi d'email normale...
[2024-11-23T18:09:00.874+0000] {fraud_detection_dag.py:207} INFO - Contenu de l'email:

        ✅ Transaction NORMALE détectée!
        
        Statut: Vert
        Probabilité de fraude: 41.97%
        
        Détails de la transaction:
        --------------------------
        ID Transaction: e77bdac8f23a2a0d857f4a1c85696a1c
        Montant: 106.58€
        Date/Heure: 2024-11-23 18:08:42
        
        Informations sur le marchand:
        ----------------------------
        Nom: fraud_Deckow-O'Conner
        Ville: Jefferson
        État: NY
        
        Informations sur le client:
        --------------------------
        Nom: Cesar Smith
        Ville: Jefferson
        
        Cette notification a été générée automatiquement par le système de détection de fraude.
        
[2024-11-23T18:09:04.037+0000] {fraud_detection_dag.py:217} INFO - Email envoyé avec succès
[2024-11-23T18:09:04.053+0000] {python.py:240} INFO - Done. Returned value was: store_normal
[2024-11-23T18:09:04.227+0000] {taskinstance.py:340} INFO - ::group::Post task execution logs
[2024-11-23T18:09:04.229+0000] {taskinstance.py:352} INFO - Marking task as SUCCESS. dag_id=fraud_detection, task_id=notify_normal, run_id=scheduled__2024-11-23T18:07:00+00:00, execution_date=20241123T180700, start_date=20241123T180859, end_date=20241123T180904
[2024-11-23T18:09:04.319+0000] {local_task_job_runner.py:266} INFO - Task exited with return code 0
[2024-11-23T18:09:04.419+0000] {local_task_job_runner.py:245} INFO - ::endgroup::
