[2024-11-08T18:14:28.217+0000] {local_task_job_runner.py:123} INFO - ::group::Pre task execution logs
[2024-11-08T18:14:28.301+0000] {taskinstance.py:2612} INFO - Dependencies all met for dep_context=non-requeueable deps ti=<TaskInstance: fraud_detection.notify_normal scheduled__2024-11-08T18:12:00+00:00 [queued]>
[2024-11-08T18:14:28.344+0000] {taskinstance.py:2612} INFO - Dependencies all met for dep_context=requeueable deps ti=<TaskInstance: fraud_detection.notify_normal scheduled__2024-11-08T18:12:00+00:00 [queued]>
[2024-11-08T18:14:28.345+0000] {taskinstance.py:2865} INFO - Starting attempt 1 of 2
[2024-11-08T18:14:28.394+0000] {taskinstance.py:2888} INFO - Executing <Task(PythonOperator): notify_normal> on 2024-11-08 18:12:00+00:00
[2024-11-08T18:14:28.416+0000] {warnings.py:112} WARNING - /home/***/.local/lib/python3.12/site-packages/***/task/task_runner/standard_task_runner.py:70: DeprecationWarning: This process (pid=819) is multi-threaded, use of fork() may lead to deadlocks in the child.
  pid = os.fork()

[2024-11-08T18:14:28.431+0000] {standard_task_runner.py:72} INFO - Started process 823 to run task
[2024-11-08T18:14:28.418+0000] {standard_task_runner.py:104} INFO - Running: ['***', 'tasks', 'run', 'fraud_detection', 'notify_normal', 'scheduled__2024-11-08T18:12:00+00:00', '--job-id', '193', '--raw', '--subdir', 'DAGS_FOLDER/fraud_detection_dag.py', '--cfg-path', '/tmp/tmpz0mc1bzu']
[2024-11-08T18:14:28.442+0000] {standard_task_runner.py:105} INFO - Job 193: Subtask notify_normal
[2024-11-08T18:14:28.773+0000] {task_command.py:467} INFO - Running <TaskInstance: fraud_detection.notify_normal scheduled__2024-11-08T18:12:00+00:00 [running]> on host 641085defe8e
[2024-11-08T18:14:29.181+0000] {taskinstance.py:3131} INFO - Exporting env vars: AIRFLOW_CTX_DAG_OWNER='fraud_team' AIRFLOW_CTX_DAG_ID='fraud_detection' AIRFLOW_CTX_TASK_ID='notify_normal' AIRFLOW_CTX_EXECUTION_DATE='2024-11-08T18:12:00+00:00' AIRFLOW_CTX_TRY_NUMBER='1' AIRFLOW_CTX_DAG_RUN_ID='scheduled__2024-11-08T18:12:00+00:00'
[2024-11-08T18:14:29.187+0000] {taskinstance.py:731} INFO - ::endgroup::
[2024-11-08T18:14:29.442+0000] {fraud_detection_dag.py:218} INFO - Données de transaction récupérées: {"columns":["cc_num","merchant","category","amt","first","last","gender","street","city","state","zip","lat","long","city_pop","job","dob","trans_num","merch_lat","merch_long","is_fraud","current_time"],"index":[264806],"data":[[30143713661454,"fraud_Hahn, Douglas and Schowalter","travel",2.93,"Nicholas","Thornton","M","5270 Megan Burg Suite 756","Halma","MN",56729,48.6669,-96.5969,140,"Embryologist, clinical","1942-01-06","11bd5bb41d9312ccccc0e42dee1bbf37",49.19042,-95.848438,0,1731089648070]]}
[2024-11-08T18:14:29.444+0000] {fraud_detection_dag.py:219} INFO - Probabilité de fraude: 0.3943386650051702
[2024-11-08T18:14:29.447+0000] {fraud_detection_dag.py:220} INFO - Est une fraude: False
[2024-11-08T18:14:29.465+0000] {fraud_detection_dag.py:280} INFO - Tentative d'envoi d'email normale...
[2024-11-08T18:14:29.466+0000] {fraud_detection_dag.py:281} INFO - Contenu de l'email:

        ✅ Transaction NORMALE détectée!
        
        Statut: Vert
        Probabilité de fraude: 39.43%
        
        Détails de la transaction:
        --------------------------
        ID Transaction: 11bd5bb41d9312ccccc0e42dee1bbf37
        Montant: 2.93€
        Date/Heure: 2024-11-08 18:14:08
        
        Informations sur le marchand:
        ----------------------------
        Nom: fraud_Hahn, Douglas and Schowalter
        Ville: Halma
        État: MN
        
        Informations sur le client:
        --------------------------
        Nom: Nicholas Thornton
        Ville: Halma
        
        Cette notification a été générée automatiquement par le système de détection de fraude.
        
[2024-11-08T18:14:35.979+0000] {fraud_detection_dag.py:291} INFO - Email envoyé avec succès
[2024-11-08T18:14:35.983+0000] {python.py:240} INFO - Done. Returned value was: store_normal
[2024-11-08T18:14:36.130+0000] {taskinstance.py:340} INFO - ::group::Post task execution logs
[2024-11-08T18:14:36.131+0000] {taskinstance.py:352} INFO - Marking task as SUCCESS. dag_id=fraud_detection, task_id=notify_normal, run_id=scheduled__2024-11-08T18:12:00+00:00, execution_date=20241108T181200, start_date=20241108T181428, end_date=20241108T181436
[2024-11-08T18:14:36.247+0000] {local_task_job_runner.py:266} INFO - Task exited with return code 0
[2024-11-08T18:14:36.349+0000] {taskinstance.py:3900} INFO - 1 downstream tasks scheduled from follow-on schedule check
[2024-11-08T18:14:36.355+0000] {local_task_job_runner.py:245} INFO - ::endgroup::
