[2024-11-22T19:08:53.568+0000] {local_task_job_runner.py:123} INFO - ::group::Pre task execution logs
[2024-11-22T19:08:53.982+0000] {taskinstance.py:2612} INFO - Dependencies all met for dep_context=non-requeueable deps ti=<TaskInstance: fraud_detection.notify_normal scheduled__2024-11-22T19:07:00+00:00 [queued]>
[2024-11-22T19:08:54.277+0000] {taskinstance.py:2612} INFO - Dependencies all met for dep_context=requeueable deps ti=<TaskInstance: fraud_detection.notify_normal scheduled__2024-11-22T19:07:00+00:00 [queued]>
[2024-11-22T19:08:54.293+0000] {taskinstance.py:2865} INFO - Starting attempt 1 of 2
[2024-11-22T19:08:54.392+0000] {taskinstance.py:2888} INFO - Executing <Task(PythonOperator): notify_normal> on 2024-11-22 19:07:00+00:00
[2024-11-22T19:08:54.407+0000] {warnings.py:112} WARNING - /home/***/.local/lib/python3.12/site-packages/***/task/task_runner/standard_task_runner.py:70: DeprecationWarning: This process (pid=1225) is multi-threaded, use of fork() may lead to deadlocks in the child.
  pid = os.fork()

[2024-11-22T19:08:54.409+0000] {standard_task_runner.py:72} INFO - Started process 1234 to run task
[2024-11-22T19:08:54.411+0000] {standard_task_runner.py:104} INFO - Running: ['***', 'tasks', 'run', 'fraud_detection', 'notify_normal', 'scheduled__2024-11-22T19:07:00+00:00', '--job-id', '503', '--raw', '--subdir', 'DAGS_FOLDER/fraud_detection_dag.py', '--cfg-path', '/tmp/tmprrxngz3j']
[2024-11-22T19:08:54.415+0000] {standard_task_runner.py:105} INFO - Job 503: Subtask notify_normal
[2024-11-22T19:08:55.182+0000] {task_command.py:467} INFO - Running <TaskInstance: fraud_detection.notify_normal scheduled__2024-11-22T19:07:00+00:00 [running]> on host c6af8dbaf1e5
[2024-11-22T19:08:56.883+0000] {taskinstance.py:3131} INFO - Exporting env vars: AIRFLOW_CTX_DAG_OWNER='fraud_team' AIRFLOW_CTX_DAG_ID='fraud_detection' AIRFLOW_CTX_TASK_ID='notify_normal' AIRFLOW_CTX_EXECUTION_DATE='2024-11-22T19:07:00+00:00' AIRFLOW_CTX_TRY_NUMBER='1' AIRFLOW_CTX_DAG_RUN_ID='scheduled__2024-11-22T19:07:00+00:00'
[2024-11-22T19:08:56.886+0000] {taskinstance.py:731} INFO - ::endgroup::
[2024-11-22T19:08:57.376+0000] {fraud_detection_dag.py:218} INFO - Données de transaction récupérées: {"columns":["cc_num","merchant","category","amt","first","last","gender","street","city","state","zip","lat","long","city_pop","job","dob","trans_num","merch_lat","merch_long","is_fraud","current_time"],"index":[317191],"data":[[3589289942931264,"fraud_Wuckert, Wintheiser and Friesen","home",7.48,"Paula","Estrada","F","350 Stacy Glens","Spencer","SD",57374,43.7557,-97.5936,343,"Development worker, international aid","1972-03-05","de6336f4eab9f2302d1bbdeeae4c5876",44.502993,-97.03139,0,1732302521947]]}
[2024-11-22T19:08:57.378+0000] {fraud_detection_dag.py:219} INFO - Probabilité de fraude: 0.27111396957771
[2024-11-22T19:08:57.378+0000] {fraud_detection_dag.py:220} INFO - Est une fraude: False
[2024-11-22T19:08:57.413+0000] {fraud_detection_dag.py:280} INFO - Tentative d'envoi d'email normale...
[2024-11-22T19:08:57.414+0000] {fraud_detection_dag.py:281} INFO - Contenu de l'email:

        ✅ Transaction NORMALE détectée!
        
        Statut: Vert
        Probabilité de fraude: 27.11%
        
        Détails de la transaction:
        --------------------------
        ID Transaction: de6336f4eab9f2302d1bbdeeae4c5876
        Montant: 7.48€
        Date/Heure: 2024-11-22 19:08:41
        
        Informations sur le marchand:
        ----------------------------
        Nom: fraud_Wuckert, Wintheiser and Friesen
        Ville: Spencer
        État: SD
        
        Informations sur le client:
        --------------------------
        Nom: Paula Estrada
        Ville: Spencer
        
        Cette notification a été générée automatiquement par le système de détection de fraude.
        
[2024-11-22T19:09:03.889+0000] {fraud_detection_dag.py:291} INFO - Email envoyé avec succès
[2024-11-22T19:09:03.890+0000] {python.py:240} INFO - Done. Returned value was: store_normal
[2024-11-22T19:09:03.994+0000] {taskinstance.py:340} INFO - ::group::Post task execution logs
[2024-11-22T19:09:04.001+0000] {taskinstance.py:352} INFO - Marking task as SUCCESS. dag_id=fraud_detection, task_id=notify_normal, run_id=scheduled__2024-11-22T19:07:00+00:00, execution_date=20241122T190700, start_date=20241122T190853, end_date=20241122T190904
[2024-11-22T19:09:04.141+0000] {local_task_job_runner.py:266} INFO - Task exited with return code 0
[2024-11-22T19:09:04.244+0000] {taskinstance.py:3900} INFO - 1 downstream tasks scheduled from follow-on schedule check
[2024-11-22T19:09:04.257+0000] {local_task_job_runner.py:245} INFO - ::endgroup::
