[2024-11-08T18:36:07.764+0000] {local_task_job_runner.py:123} INFO - ::group::Pre task execution logs
[2024-11-08T18:36:07.812+0000] {taskinstance.py:2612} INFO - Dependencies all met for dep_context=non-requeueable deps ti=<TaskInstance: fraud_detection.notify_normal scheduled__2024-11-08T18:34:00+00:00 [queued]>
[2024-11-08T18:36:07.832+0000] {taskinstance.py:2612} INFO - Dependencies all met for dep_context=requeueable deps ti=<TaskInstance: fraud_detection.notify_normal scheduled__2024-11-08T18:34:00+00:00 [queued]>
[2024-11-08T18:36:07.834+0000] {taskinstance.py:2865} INFO - Starting attempt 1 of 2
[2024-11-08T18:36:07.876+0000] {taskinstance.py:2888} INFO - Executing <Task(PythonOperator): notify_normal> on 2024-11-08 18:34:00+00:00
[2024-11-08T18:36:07.898+0000] {warnings.py:112} WARNING - /home/***/.local/lib/python3.12/site-packages/***/task/task_runner/standard_task_runner.py:70: DeprecationWarning: This process (pid=1701) is multi-threaded, use of fork() may lead to deadlocks in the child.
  pid = os.fork()

[2024-11-08T18:36:07.901+0000] {standard_task_runner.py:72} INFO - Started process 1703 to run task
[2024-11-08T18:36:07.903+0000] {standard_task_runner.py:104} INFO - Running: ['***', 'tasks', 'run', 'fraud_detection', 'notify_normal', 'scheduled__2024-11-08T18:34:00+00:00', '--job-id', '311', '--raw', '--subdir', 'DAGS_FOLDER/fraud_detection_dag.py', '--cfg-path', '/tmp/tmp1pj1mkdy']
[2024-11-08T18:36:07.910+0000] {standard_task_runner.py:105} INFO - Job 311: Subtask notify_normal
[2024-11-08T18:36:08.082+0000] {task_command.py:467} INFO - Running <TaskInstance: fraud_detection.notify_normal scheduled__2024-11-08T18:34:00+00:00 [running]> on host 641085defe8e
[2024-11-08T18:36:08.248+0000] {taskinstance.py:3131} INFO - Exporting env vars: AIRFLOW_CTX_DAG_OWNER='fraud_team' AIRFLOW_CTX_DAG_ID='fraud_detection' AIRFLOW_CTX_TASK_ID='notify_normal' AIRFLOW_CTX_EXECUTION_DATE='2024-11-08T18:34:00+00:00' AIRFLOW_CTX_TRY_NUMBER='1' AIRFLOW_CTX_DAG_RUN_ID='scheduled__2024-11-08T18:34:00+00:00'
[2024-11-08T18:36:08.251+0000] {taskinstance.py:731} INFO - ::endgroup::
[2024-11-08T18:36:08.331+0000] {fraud_detection_dag.py:218} INFO - Données de transaction récupérées: {"columns":["cc_num","merchant","category","amt","first","last","gender","street","city","state","zip","lat","long","city_pop","job","dob","trans_num","merch_lat","merch_long","is_fraud","current_time"],"index":[755],"data":[[4060579726528237,"fraud_Gleason and Sons","kids_pets",55.3,"Steven","Sanders","M","25955 Amy Via","Ozawkie","KS",66070,39.2136,-95.4404,2661,"Theatre director","1948-11-14","7e33f29dd1fb73872b506f0c690b3e05",38.37819,-95.773324,0,1731090959258]]}
[2024-11-08T18:36:08.332+0000] {fraud_detection_dag.py:219} INFO - Probabilité de fraude: 0.2562601638238025
[2024-11-08T18:36:08.332+0000] {fraud_detection_dag.py:220} INFO - Est une fraude: False
[2024-11-08T18:36:08.340+0000] {fraud_detection_dag.py:280} INFO - Tentative d'envoi d'email normale...
[2024-11-08T18:36:08.341+0000] {fraud_detection_dag.py:281} INFO - Contenu de l'email:

        ✅ Transaction NORMALE détectée!
        
        Statut: Vert
        Probabilité de fraude: 25.63%
        
        Détails de la transaction:
        --------------------------
        ID Transaction: 7e33f29dd1fb73872b506f0c690b3e05
        Montant: 55.30€
        Date/Heure: 2024-11-08 18:35:59
        
        Informations sur le marchand:
        ----------------------------
        Nom: fraud_Gleason and Sons
        Ville: Ozawkie
        État: KS
        
        Informations sur le client:
        --------------------------
        Nom: Steven Sanders
        Ville: Ozawkie
        
        Cette notification a été générée automatiquement par le système de détection de fraude.
        
[2024-11-08T18:36:10.524+0000] {fraud_detection_dag.py:291} INFO - Email envoyé avec succès
[2024-11-08T18:36:10.528+0000] {python.py:240} INFO - Done. Returned value was: store_normal
[2024-11-08T18:36:10.584+0000] {taskinstance.py:340} INFO - ::group::Post task execution logs
[2024-11-08T18:36:10.589+0000] {taskinstance.py:352} INFO - Marking task as SUCCESS. dag_id=fraud_detection, task_id=notify_normal, run_id=scheduled__2024-11-08T18:34:00+00:00, execution_date=20241108T183400, start_date=20241108T183607, end_date=20241108T183610
[2024-11-08T18:36:10.683+0000] {local_task_job_runner.py:266} INFO - Task exited with return code 0
[2024-11-08T18:36:10.743+0000] {taskinstance.py:3900} INFO - 1 downstream tasks scheduled from follow-on schedule check
[2024-11-08T18:36:10.748+0000] {local_task_job_runner.py:245} INFO - ::endgroup::
