[2024-11-23T16:52:07.412+0000] {local_task_job_runner.py:123} INFO - ::group::Pre task execution logs
[2024-11-23T16:52:07.598+0000] {taskinstance.py:2612} INFO - Dependencies all met for dep_context=non-requeueable deps ti=<TaskInstance: fraud_detection.process_transaction scheduled__2024-11-23T16:50:00+00:00 [queued]>
[2024-11-23T16:52:07.626+0000] {taskinstance.py:2612} INFO - Dependencies all met for dep_context=requeueable deps ti=<TaskInstance: fraud_detection.process_transaction scheduled__2024-11-23T16:50:00+00:00 [queued]>
[2024-11-23T16:52:07.627+0000] {taskinstance.py:2865} INFO - Starting attempt 1 of 2
[2024-11-23T16:52:07.652+0000] {taskinstance.py:2888} INFO - Executing <Task(BranchPythonOperator): process_transaction> on 2024-11-23 16:50:00+00:00
[2024-11-23T16:52:07.692+0000] {warnings.py:112} WARNING - /home/***/.local/lib/python3.12/site-packages/***/task/task_runner/standard_task_runner.py:70: DeprecationWarning: This process (pid=275) is multi-threaded, use of fork() may lead to deadlocks in the child.
  pid = os.fork()

[2024-11-23T16:52:07.704+0000] {standard_task_runner.py:72} INFO - Started process 293 to run task
[2024-11-23T16:52:07.700+0000] {standard_task_runner.py:104} INFO - Running: ['***', 'tasks', 'run', 'fraud_detection', 'process_transaction', 'scheduled__2024-11-23T16:50:00+00:00', '--job-id', '30', '--raw', '--subdir', 'DAGS_FOLDER/fraud_detection_dag.py', '--cfg-path', '/tmp/tmph3iq9aor']
[2024-11-23T16:52:07.711+0000] {standard_task_runner.py:105} INFO - Job 30: Subtask process_transaction
[2024-11-23T16:52:08.160+0000] {task_command.py:467} INFO - Running <TaskInstance: fraud_detection.process_transaction scheduled__2024-11-23T16:50:00+00:00 [running]> on host 345e92ff26bf
[2024-11-23T16:52:09.623+0000] {taskinstance.py:3131} INFO - Exporting env vars: AIRFLOW_CTX_DAG_OWNER='fraud_team' AIRFLOW_CTX_DAG_ID='fraud_detection' AIRFLOW_CTX_TASK_ID='process_transaction' AIRFLOW_CTX_EXECUTION_DATE='2024-11-23T16:50:00+00:00' AIRFLOW_CTX_TRY_NUMBER='1' AIRFLOW_CTX_DAG_RUN_ID='scheduled__2024-11-23T16:50:00+00:00'
[2024-11-23T16:52:09.625+0000] {taskinstance.py:731} INFO - ::endgroup::
[2024-11-23T16:52:09.642+0000] {baseoperator.py:405} WARNING - BranchPythonOperator.execute cannot be called outside TaskInstance!
[2024-11-23T16:52:09.674+0000] {fraud_detection_dag.py:78} INFO - Données récupérées depuis XCom: {"columns":["cc_num","merchant","category","amt","first","last","gender","street","city","state","zip","lat","long","city_pop","job","dob","trans_num","merch_lat","merch_long","is_fraud","current_time"],"index":[39756],"data":[[4306586894261180,"fraud_Haley Group","misc_pos",5.53,"Renee","Walls","F","86542 Jessica Fords Apt. 706","Veedersburg","IN",47987,40.1186,-87.2602,4049,"Development worker, community","1959-10-19","44c4f326ff5cfca846d63dad3d4c3b6e",39.602351,-87.162684,0,1732380720665]]}
[2024-11-23T16:52:09.675+0000] {fraud_detection_dag.py:86} INFO - Données JSON parsées avec succès
[2024-11-23T16:52:09.680+0000] {fraud_detection_dag.py:90} INFO - DataFrame créé avec 1 lignes
[2024-11-23T16:52:09.683+0000] {fraud_detection_dag.py:94} INFO - Colonnes renommées avec succès
[2024-11-23T16:52:09.684+0000] {fraud_detection_dag.py:95} INFO - Colonnes disponibles: ['cc_num', 'merchant', 'category', 'amt', 'first', 'last', 'gender', 'street', 'city', 'state', 'zip', 'lat', 'long', 'city_pop', 'job', 'dob', 'trans_num', 'merch_lat', 'merch_long', 'is_fraud', 'trans_date_trans_time']
[2024-11-23T16:52:09.688+0000] {fraud_detection_dag.py:99} INFO - Conversion de trans_date_trans_time en unix_time réussie
[2024-11-23T16:52:09.837+0000] {fraud_detection_dag.py:108} INFO - Transformation des données...
[2024-11-23T16:52:12.127+0000] {warnings.py:112} WARNING - /home/***/.local/lib/python3.12/site-packages/sklearn/ensemble/_base.py:172: UserWarning: Loky-backed parallel loops cannot be called in a multiprocessing, setting n_jobs=1
  n_jobs = min(effective_n_jobs(n_jobs), n_estimators)

[2024-11-23T16:52:12.159+0000] {warnings.py:112} WARNING - /home/***/.local/lib/python3.12/site-packages/sklearn/ensemble/_base.py:172: UserWarning: Loky-backed parallel loops cannot be called in a multiprocessing, setting n_jobs=1
  n_jobs = min(effective_n_jobs(n_jobs), n_estimators)

[2024-11-23T16:52:12.170+0000] {fraud_detection_dag.py:120} INFO - Prediction de fraude: NORMAL, Probabilité: 37.91%
[2024-11-23T16:52:12.243+0000] {fraud_detection_dag.py:126} INFO - Prédiction: NORMAL (Probabilité: 37.91%)
[2024-11-23T16:52:12.245+0000] {python.py:240} INFO - Done. Returned value was: notify_normal
[2024-11-23T16:52:12.246+0000] {branch.py:38} INFO - Branch into notify_normal
[2024-11-23T16:52:12.247+0000] {skipmixin.py:230} INFO - Following branch ('notify_normal',)
[2024-11-23T16:52:12.285+0000] {skipmixin.py:278} INFO - Skipping tasks [('notify_fraud', -1), ('skip_processing', -1)]
[2024-11-23T16:52:12.398+0000] {taskinstance.py:340} INFO - ::group::Post task execution logs
[2024-11-23T16:52:12.400+0000] {taskinstance.py:352} INFO - Marking task as SUCCESS. dag_id=fraud_detection, task_id=process_transaction, run_id=scheduled__2024-11-23T16:50:00+00:00, execution_date=20241123T165000, start_date=20241123T165207, end_date=20241123T165212
[2024-11-23T16:52:12.475+0000] {local_task_job_runner.py:266} INFO - Task exited with return code 0
[2024-11-23T16:52:12.533+0000] {taskinstance.py:3900} INFO - 1 downstream tasks scheduled from follow-on schedule check
[2024-11-23T16:52:12.551+0000] {local_task_job_runner.py:245} INFO - ::endgroup::
