[2024-11-23T16:52:22.838+0000] {local_task_job_runner.py:123} INFO - ::group::Pre task execution logs
[2024-11-23T16:52:22.873+0000] {taskinstance.py:2612} INFO - Dependencies all met for dep_context=non-requeueable deps ti=<TaskInstance: fraud_detection.store_normal scheduled__2024-11-23T16:50:00+00:00 [queued]>
[2024-11-23T16:52:22.907+0000] {taskinstance.py:2612} INFO - Dependencies all met for dep_context=requeueable deps ti=<TaskInstance: fraud_detection.store_normal scheduled__2024-11-23T16:50:00+00:00 [queued]>
[2024-11-23T16:52:22.908+0000] {taskinstance.py:2865} INFO - Starting attempt 1 of 2
[2024-11-23T16:52:22.968+0000] {taskinstance.py:2888} INFO - Executing <Task(PythonOperator): store_normal> on 2024-11-23 16:50:00+00:00
[2024-11-23T16:52:23.003+0000] {warnings.py:112} WARNING - /home/***/.local/lib/python3.12/site-packages/***/task/task_runner/standard_task_runner.py:70: DeprecationWarning: This process (pid=303) is multi-threaded, use of fork() may lead to deadlocks in the child.
  pid = os.fork()

[2024-11-23T16:52:23.006+0000] {standard_task_runner.py:72} INFO - Started process 308 to run task
[2024-11-23T16:52:23.005+0000] {standard_task_runner.py:104} INFO - Running: ['***', 'tasks', 'run', 'fraud_detection', 'store_normal', 'scheduled__2024-11-23T16:50:00+00:00', '--job-id', '32', '--raw', '--subdir', 'DAGS_FOLDER/fraud_detection_dag.py', '--cfg-path', '/tmp/tmpw2jdw9k6']
[2024-11-23T16:52:23.009+0000] {standard_task_runner.py:105} INFO - Job 32: Subtask store_normal
[2024-11-23T16:52:23.134+0000] {task_command.py:467} INFO - Running <TaskInstance: fraud_detection.store_normal scheduled__2024-11-23T16:50:00+00:00 [running]> on host 345e92ff26bf
[2024-11-23T16:52:23.305+0000] {taskinstance.py:3131} INFO - Exporting env vars: AIRFLOW_CTX_DAG_OWNER='fraud_team' AIRFLOW_CTX_DAG_ID='fraud_detection' AIRFLOW_CTX_TASK_ID='store_normal' AIRFLOW_CTX_EXECUTION_DATE='2024-11-23T16:50:00+00:00' AIRFLOW_CTX_TRY_NUMBER='1' AIRFLOW_CTX_DAG_RUN_ID='scheduled__2024-11-23T16:50:00+00:00'
[2024-11-23T16:52:23.308+0000] {taskinstance.py:731} INFO - ::endgroup::
[2024-11-23T16:52:23.354+0000] {fraud_detection_dag.py:310} INFO - Tentative de connexion à Neon...
[2024-11-23T16:52:27.258+0000] {fraud_detection_dag.py:316} INFO - Connexion à Neon réussie!
[2024-11-23T16:52:27.552+0000] {fraud_detection_dag.py:323} INFO - Données reçues pour stockage: {"columns":["cc_num","merchant","category","amt","first","last","gender","street","city","state","zip","lat","long","city_pop","job","dob","trans_num","merch_lat","merch_long","is_fraud","current_time"],"index":[39756],"data":[[4306586894261180,"fraud_Haley Group","misc_pos",5.53,"Renee","Walls","F","86542 Jessica Fords Apt. 706","Veedersburg","IN",47987,40.1186,-87.2602,4049,"Development worker, community","1959-10-19","44c4f326ff5cfca846d63dad3d4c3b6e",39.602351,-87.162684,0,1732380720665]]}
[2024-11-23T16:52:27.555+0000] {fraud_detection_dag.py:332} INFO - JSON parsé avec succès
[2024-11-23T16:52:27.563+0000] {fraud_detection_dag.py:336} INFO - DataFrame créé avec 1 lignes
[2024-11-23T16:52:27.566+0000] {fraud_detection_dag.py:341} INFO - Colonne current_time renommée en trans_date_trans_time
[2024-11-23T16:52:27.569+0000] {fraud_detection_dag.py:345} INFO - Conversion du timestamp réussie
[2024-11-23T16:52:27.609+0000] {fraud_detection_dag.py:349} INFO - Indicateur de fraude récupéré: False
[2024-11-23T16:52:27.613+0000] {fraud_detection_dag.py:353} INFO - Colonne is_fraud mise à jour avec la valeur: False
[2024-11-23T16:52:27.619+0000] {fraud_detection_dag.py:357} INFO - Conversion de is_fraud en boolean réussie
[2024-11-23T16:52:27.621+0000] {fraud_detection_dag.py:360} INFO - Colonnes finales avant stockage: ['cc_num', 'merchant', 'category', 'amt', 'first', 'last', 'gender', 'street', 'city', 'state', 'zip', 'lat', 'long', 'city_pop', 'job', 'dob', 'trans_num', 'merch_lat', 'merch_long', 'is_fraud', 'trans_date_trans_time']
[2024-11-23T16:52:27.628+0000] {fraud_detection_dag.py:361} INFO - Types des données: 
cc_num                            int64
merchant                         object
category                         object
amt                             float64
first                            object
last                             object
gender                           object
street                           object
city                             object
state                            object
zip                               int64
lat                             float64
long                            float64
city_pop                          int64
job                              object
dob                              object
trans_num                        object
merch_lat                       float64
merch_long                      float64
is_fraud                           bool
trans_date_trans_time    datetime64[ns]
dtype: object
[2024-11-23T16:52:27.629+0000] {fraud_detection_dag.py:365} INFO - Stockage dans la table: normal_transactions
[2024-11-23T16:52:28.789+0000] {fraud_detection_dag.py:370} INFO - Données stockées avec succès dans la table normal_transactions
[2024-11-23T16:52:28.792+0000] {python.py:240} INFO - Done. Returned value was: None
[2024-11-23T16:52:28.819+0000] {taskinstance.py:340} INFO - ::group::Post task execution logs
[2024-11-23T16:52:28.820+0000] {taskinstance.py:352} INFO - Marking task as SUCCESS. dag_id=fraud_detection, task_id=store_normal, run_id=scheduled__2024-11-23T16:50:00+00:00, execution_date=20241123T165000, start_date=20241123T165222, end_date=20241123T165228
[2024-11-23T16:52:28.914+0000] {local_task_job_runner.py:266} INFO - Task exited with return code 0
[2024-11-23T16:52:28.954+0000] {taskinstance.py:3900} INFO - 0 downstream tasks scheduled from follow-on schedule check
[2024-11-23T16:52:28.959+0000] {local_task_job_runner.py:245} INFO - ::endgroup::
