[2024-11-23T18:03:19.958+0000] {local_task_job_runner.py:123} INFO - ::group::Pre task execution logs
[2024-11-23T18:03:20.004+0000] {taskinstance.py:2612} INFO - Dependencies all met for dep_context=non-requeueable deps ti=<TaskInstance: fraud_detection.notify_normal scheduled__2024-11-23T18:01:00+00:00 [queued]>
[2024-11-23T18:03:20.043+0000] {taskinstance.py:2612} INFO - Dependencies all met for dep_context=requeueable deps ti=<TaskInstance: fraud_detection.notify_normal scheduled__2024-11-23T18:01:00+00:00 [queued]>
[2024-11-23T18:03:20.044+0000] {taskinstance.py:2865} INFO - Starting attempt 1 of 2
[2024-11-23T18:03:20.065+0000] {taskinstance.py:2888} INFO - Executing <Task(PythonOperator): notify_normal> on 2024-11-23 18:01:00+00:00
[2024-11-23T18:03:20.078+0000] {warnings.py:112} WARNING - /home/***/.local/lib/python3.12/site-packages/***/task/task_runner/standard_task_runner.py:70: DeprecationWarning: This process (pid=4106) is multi-threaded, use of fork() may lead to deadlocks in the child.
  pid = os.fork()

[2024-11-23T18:03:20.081+0000] {standard_task_runner.py:72} INFO - Started process 4116 to run task
[2024-11-23T18:03:20.080+0000] {standard_task_runner.py:104} INFO - Running: ['***', 'tasks', 'run', 'fraud_detection', 'notify_normal', 'scheduled__2024-11-23T18:01:00+00:00', '--job-id', '404', '--raw', '--subdir', 'DAGS_FOLDER/fraud_detection_dag.py', '--cfg-path', '/tmp/tmp5oji3_et']
[2024-11-23T18:03:20.084+0000] {standard_task_runner.py:105} INFO - Job 404: Subtask notify_normal
[2024-11-23T18:03:20.218+0000] {task_command.py:467} INFO - Running <TaskInstance: fraud_detection.notify_normal scheduled__2024-11-23T18:01:00+00:00 [running]> on host 345e92ff26bf
[2024-11-23T18:03:20.525+0000] {taskinstance.py:3131} INFO - Exporting env vars: AIRFLOW_CTX_DAG_OWNER='fraud_team' AIRFLOW_CTX_DAG_ID='fraud_detection' AIRFLOW_CTX_TASK_ID='notify_normal' AIRFLOW_CTX_EXECUTION_DATE='2024-11-23T18:01:00+00:00' AIRFLOW_CTX_TRY_NUMBER='1' AIRFLOW_CTX_DAG_RUN_ID='scheduled__2024-11-23T18:01:00+00:00'
[2024-11-23T18:03:20.534+0000] {taskinstance.py:731} INFO - ::endgroup::
[2024-11-23T18:03:20.799+0000] {fraud_detection_dag.py:144} INFO - Données de transaction récupérées: {"columns":["cc_num","merchant","category","amt","first","last","gender","street","city","state","zip","lat","long","city_pop","job","dob","trans_num","merch_lat","merch_long","is_fraud","current_time"],"index":[283071],"data":[[4476840372112,"fraud_Tillman, Dickinson and Labadie","gas_transport",56.03,"Steven","Walters","M","3206 Hall Divide Suite 282","Woodville","AL",35776,34.6689,-86.2296,3395,"Editor, commissioning","1979-01-21","0bb1893f7bafb2eceeb4b4f8fb14555d",33.8458,-85.315004,0,1732384980440]]}
[2024-11-23T18:03:20.801+0000] {fraud_detection_dag.py:145} INFO - Probabilité de fraude: 0.37452610004123243
[2024-11-23T18:03:20.802+0000] {fraud_detection_dag.py:146} INFO - Est une fraude: False
[2024-11-23T18:03:20.825+0000] {fraud_detection_dag.py:206} INFO - Tentative d'envoi d'email normale...
[2024-11-23T18:03:20.826+0000] {fraud_detection_dag.py:207} INFO - Contenu de l'email:

        ✅ Transaction NORMALE détectée!
        
        Statut: Vert
        Probabilité de fraude: 37.45%
        
        Détails de la transaction:
        --------------------------
        ID Transaction: 0bb1893f7bafb2eceeb4b4f8fb14555d
        Montant: 56.03€
        Date/Heure: 2024-11-23 18:03:00
        
        Informations sur le marchand:
        ----------------------------
        Nom: fraud_Tillman, Dickinson and Labadie
        Ville: Woodville
        État: AL
        
        Informations sur le client:
        --------------------------
        Nom: Steven Walters
        Ville: Woodville
        
        Cette notification a été générée automatiquement par le système de détection de fraude.
        
[2024-11-23T18:03:24.866+0000] {fraud_detection_dag.py:217} INFO - Email envoyé avec succès
[2024-11-23T18:03:24.867+0000] {python.py:240} INFO - Done. Returned value was: store_normal
[2024-11-23T18:03:24.961+0000] {taskinstance.py:340} INFO - ::group::Post task execution logs
[2024-11-23T18:03:24.962+0000] {taskinstance.py:352} INFO - Marking task as SUCCESS. dag_id=fraud_detection, task_id=notify_normal, run_id=scheduled__2024-11-23T18:01:00+00:00, execution_date=20241123T180100, start_date=20241123T180320, end_date=20241123T180324
[2024-11-23T18:03:25.107+0000] {local_task_job_runner.py:266} INFO - Task exited with return code 0
[2024-11-23T18:03:25.178+0000] {taskinstance.py:3900} INFO - 1 downstream tasks scheduled from follow-on schedule check
[2024-11-23T18:03:25.185+0000] {local_task_job_runner.py:245} INFO - ::endgroup::
