[2024-11-08T18:21:06.830+0000] {local_task_job_runner.py:123} INFO - ::group::Pre task execution logs
[2024-11-08T18:21:06.903+0000] {taskinstance.py:2612} INFO - Dependencies all met for dep_context=non-requeueable deps ti=<TaskInstance: fraud_detection.notify_normal scheduled__2024-11-08T18:19:00+00:00 [queued]>
[2024-11-08T18:21:06.923+0000] {taskinstance.py:2612} INFO - Dependencies all met for dep_context=requeueable deps ti=<TaskInstance: fraud_detection.notify_normal scheduled__2024-11-08T18:19:00+00:00 [queued]>
[2024-11-08T18:21:06.927+0000] {taskinstance.py:2865} INFO - Starting attempt 1 of 2
[2024-11-08T18:21:06.955+0000] {taskinstance.py:2888} INFO - Executing <Task(PythonOperator): notify_normal> on 2024-11-08 18:19:00+00:00
[2024-11-08T18:21:06.969+0000] {warnings.py:112} WARNING - /home/***/.local/lib/python3.12/site-packages/***/task/task_runner/standard_task_runner.py:70: DeprecationWarning: This process (pid=1114) is multi-threaded, use of fork() may lead to deadlocks in the child.
  pid = os.fork()

[2024-11-08T18:21:06.973+0000] {standard_task_runner.py:72} INFO - Started process 1119 to run task
[2024-11-08T18:21:06.973+0000] {standard_task_runner.py:104} INFO - Running: ['***', 'tasks', 'run', 'fraud_detection', 'notify_normal', 'scheduled__2024-11-08T18:19:00+00:00', '--job-id', '235', '--raw', '--subdir', 'DAGS_FOLDER/fraud_detection_dag.py', '--cfg-path', '/tmp/tmpvl08uqdr']
[2024-11-08T18:21:06.980+0000] {standard_task_runner.py:105} INFO - Job 235: Subtask notify_normal
[2024-11-08T18:21:07.193+0000] {task_command.py:467} INFO - Running <TaskInstance: fraud_detection.notify_normal scheduled__2024-11-08T18:19:00+00:00 [running]> on host 641085defe8e
[2024-11-08T18:21:07.556+0000] {taskinstance.py:3131} INFO - Exporting env vars: AIRFLOW_CTX_DAG_OWNER='fraud_team' AIRFLOW_CTX_DAG_ID='fraud_detection' AIRFLOW_CTX_TASK_ID='notify_normal' AIRFLOW_CTX_EXECUTION_DATE='2024-11-08T18:19:00+00:00' AIRFLOW_CTX_TRY_NUMBER='1' AIRFLOW_CTX_DAG_RUN_ID='scheduled__2024-11-08T18:19:00+00:00'
[2024-11-08T18:21:07.559+0000] {taskinstance.py:731} INFO - ::endgroup::
[2024-11-08T18:21:07.662+0000] {fraud_detection_dag.py:218} INFO - Données de transaction récupérées: {"columns":["cc_num","merchant","category","amt","first","last","gender","street","city","state","zip","lat","long","city_pop","job","dob","trans_num","merch_lat","merch_long","is_fraud","current_time"],"index":[544252],"data":[[6535328428560433,"fraud_Okuneva, Schneider and Rau","shopping_pos",7.29,"Michelle","Beck","F","2887 Olson Road Suite 439","Minneapolis","MN",55428,45.0632,-93.3811,1022298,"Analytical chemist","1967-10-28","6be81eb5b7242127dda5145ffc8ff233",45.137048,-92.398095,0,1731090056660]]}
[2024-11-08T18:21:07.662+0000] {fraud_detection_dag.py:219} INFO - Probabilité de fraude: 0.38442772841654327
[2024-11-08T18:21:07.663+0000] {fraud_detection_dag.py:220} INFO - Est une fraude: False
[2024-11-08T18:21:07.673+0000] {fraud_detection_dag.py:280} INFO - Tentative d'envoi d'email normale...
[2024-11-08T18:21:07.674+0000] {fraud_detection_dag.py:281} INFO - Contenu de l'email:

        ✅ Transaction NORMALE détectée!
        
        Statut: Vert
        Probabilité de fraude: 38.44%
        
        Détails de la transaction:
        --------------------------
        ID Transaction: 6be81eb5b7242127dda5145ffc8ff233
        Montant: 7.29€
        Date/Heure: 2024-11-08 18:20:56
        
        Informations sur le marchand:
        ----------------------------
        Nom: fraud_Okuneva, Schneider and Rau
        Ville: Minneapolis
        État: MN
        
        Informations sur le client:
        --------------------------
        Nom: Michelle Beck
        Ville: Minneapolis
        
        Cette notification a été générée automatiquement par le système de détection de fraude.
        
[2024-11-08T18:21:10.585+0000] {fraud_detection_dag.py:291} INFO - Email envoyé avec succès
[2024-11-08T18:21:10.586+0000] {python.py:240} INFO - Done. Returned value was: store_normal
[2024-11-08T18:21:10.644+0000] {taskinstance.py:340} INFO - ::group::Post task execution logs
[2024-11-08T18:21:10.645+0000] {taskinstance.py:352} INFO - Marking task as SUCCESS. dag_id=fraud_detection, task_id=notify_normal, run_id=scheduled__2024-11-08T18:19:00+00:00, execution_date=20241108T181900, start_date=20241108T182106, end_date=20241108T182110
[2024-11-08T18:21:10.684+0000] {local_task_job_runner.py:266} INFO - Task exited with return code 0
[2024-11-08T18:21:10.714+0000] {taskinstance.py:3900} INFO - 1 downstream tasks scheduled from follow-on schedule check
[2024-11-08T18:21:10.718+0000] {local_task_job_runner.py:245} INFO - ::endgroup::
