[2024-11-22T18:48:42.383+0000] {local_task_job_runner.py:123} INFO - ::group::Pre task execution logs
[2024-11-22T18:48:42.427+0000] {taskinstance.py:2612} INFO - Dependencies all met for dep_context=non-requeueable deps ti=<TaskInstance: fraud_detection.process_transaction scheduled__2024-11-22T18:46:00+00:00 [queued]>
[2024-11-22T18:48:42.457+0000] {taskinstance.py:2612} INFO - Dependencies all met for dep_context=requeueable deps ti=<TaskInstance: fraud_detection.process_transaction scheduled__2024-11-22T18:46:00+00:00 [queued]>
[2024-11-22T18:48:42.458+0000] {taskinstance.py:2865} INFO - Starting attempt 1 of 2
[2024-11-22T18:48:42.507+0000] {taskinstance.py:2888} INFO - Executing <Task(BranchPythonOperator): process_transaction> on 2024-11-22 18:46:00+00:00
[2024-11-22T18:48:42.528+0000] {warnings.py:112} WARNING - /home/***/.local/lib/python3.12/site-packages/***/task/task_runner/standard_task_runner.py:70: DeprecationWarning: This process (pid=440) is multi-threaded, use of fork() may lead to deadlocks in the child.
  pid = os.fork()

[2024-11-22T18:48:42.533+0000] {standard_task_runner.py:72} INFO - Started process 449 to run task
[2024-11-22T18:48:42.534+0000] {standard_task_runner.py:104} INFO - Running: ['***', 'tasks', 'run', 'fraud_detection', 'process_transaction', 'scheduled__2024-11-22T18:46:00+00:00', '--job-id', '398', '--raw', '--subdir', 'DAGS_FOLDER/fraud_detection_dag.py', '--cfg-path', '/tmp/tmp06w8edd3']
[2024-11-22T18:48:42.542+0000] {standard_task_runner.py:105} INFO - Job 398: Subtask process_transaction
[2024-11-22T18:48:43.362+0000] {task_command.py:467} INFO - Running <TaskInstance: fraud_detection.process_transaction scheduled__2024-11-22T18:46:00+00:00 [running]> on host c6af8dbaf1e5
[2024-11-22T18:48:44.159+0000] {taskinstance.py:3131} INFO - Exporting env vars: AIRFLOW_CTX_DAG_OWNER='fraud_team' AIRFLOW_CTX_DAG_ID='fraud_detection' AIRFLOW_CTX_TASK_ID='process_transaction' AIRFLOW_CTX_EXECUTION_DATE='2024-11-22T18:46:00+00:00' AIRFLOW_CTX_TRY_NUMBER='1' AIRFLOW_CTX_DAG_RUN_ID='scheduled__2024-11-22T18:46:00+00:00'
[2024-11-22T18:48:44.165+0000] {taskinstance.py:731} INFO - ::endgroup::
[2024-11-22T18:48:44.208+0000] {baseoperator.py:405} WARNING - BranchPythonOperator.execute cannot be called outside TaskInstance!
[2024-11-22T18:48:44.291+0000] {fraud_detection_dag.py:77} INFO - Données récupérées depuis XCom: {"columns":["cc_num","merchant","category","amt","first","last","gender","street","city","state","zip","lat","long","city_pop","job","dob","trans_num","merch_lat","merch_long","is_fraud","current_time"],"index":[102144],"data":[[30150717898388,"fraud_Johnson, Runolfsdottir and Mayer","misc_net",21.46,"Raymond","Lloyd","M","5930 Rebecca Bridge Apt. 444","Paint Rock","AL",35764,34.7031,-86.3068,653,"Paediatric nurse","1966-06-19","7ff171b3b68fd7013a4b5b9780d4651a",33.866736,-85.674851,0,1732301314788]]}
[2024-11-22T18:48:44.294+0000] {fraud_detection_dag.py:85} INFO - Données JSON parsées avec succès
[2024-11-22T18:48:44.305+0000] {fraud_detection_dag.py:89} INFO - DataFrame créé avec 1 lignes
[2024-11-22T18:48:44.309+0000] {fraud_detection_dag.py:93} INFO - Colonnes renommées avec succès
[2024-11-22T18:48:44.310+0000] {fraud_detection_dag.py:94} INFO - Colonnes disponibles: ['cc_num', 'merchant', 'category', 'amt', 'first', 'last', 'gender', 'street', 'city', 'state', 'zip', 'lat', 'long', 'city_pop', 'job', 'dob', 'trans_num', 'merch_lat', 'merch_long', 'is_fraud', 'trans_date_trans_time']
[2024-11-22T18:48:44.316+0000] {fraud_detection_dag.py:98} INFO - Conversion de trans_date_trans_time en unix_time réussie
[2024-11-22T18:48:44.414+0000] {fraud_detection_dag.py:107} INFO - Transformation des données...
[2024-11-22T18:48:47.472+0000] {warnings.py:112} WARNING - /home/***/.local/lib/python3.12/site-packages/sklearn/ensemble/_base.py:172: UserWarning: Loky-backed parallel loops cannot be called in a multiprocessing, setting n_jobs=1
  n_jobs = min(effective_n_jobs(n_jobs), n_estimators)

[2024-11-22T18:48:47.594+0000] {warnings.py:112} WARNING - /home/***/.local/lib/python3.12/site-packages/sklearn/ensemble/_base.py:172: UserWarning: Loky-backed parallel loops cannot be called in a multiprocessing, setting n_jobs=1
  n_jobs = min(effective_n_jobs(n_jobs), n_estimators)

[2024-11-22T18:48:47.609+0000] {fraud_detection_dag.py:119} INFO - Prediction de fraude: NORMAL, Probabilité: 39.72%
[2024-11-22T18:48:47.964+0000] {fraud_detection_dag.py:125} INFO - Prédiction: NORMAL (Probabilité: 39.72%)
[2024-11-22T18:48:47.968+0000] {python.py:240} INFO - Done. Returned value was: notify_normal
[2024-11-22T18:48:47.969+0000] {branch.py:38} INFO - Branch into notify_normal
[2024-11-22T18:48:47.970+0000] {skipmixin.py:230} INFO - Following branch ('notify_normal',)
[2024-11-22T18:48:48.042+0000] {skipmixin.py:278} INFO - Skipping tasks [('skip_processing', -1), ('notify_fraud', -1)]
[2024-11-22T18:48:48.236+0000] {taskinstance.py:340} INFO - ::group::Post task execution logs
[2024-11-22T18:48:48.238+0000] {taskinstance.py:352} INFO - Marking task as SUCCESS. dag_id=fraud_detection, task_id=process_transaction, run_id=scheduled__2024-11-22T18:46:00+00:00, execution_date=20241122T184600, start_date=20241122T184842, end_date=20241122T184848
[2024-11-22T18:48:49.442+0000] {local_task_job_runner.py:266} INFO - Task exited with return code 0
[2024-11-22T18:48:49.608+0000] {taskinstance.py:3900} INFO - 1 downstream tasks scheduled from follow-on schedule check
[2024-11-22T18:48:49.621+0000] {local_task_job_runner.py:245} INFO - ::endgroup::
