[2024-11-23T17:14:42.797+0000] {local_task_job_runner.py:123} INFO - ::group::Pre task execution logs
[2024-11-23T17:14:42.886+0000] {taskinstance.py:2612} INFO - Dependencies all met for dep_context=non-requeueable deps ti=<TaskInstance: fraud_detection.notify_normal scheduled__2024-11-23T17:13:00+00:00 [queued]>
[2024-11-23T17:14:42.942+0000] {taskinstance.py:2612} INFO - Dependencies all met for dep_context=requeueable deps ti=<TaskInstance: fraud_detection.notify_normal scheduled__2024-11-23T17:13:00+00:00 [queued]>
[2024-11-23T17:14:42.947+0000] {taskinstance.py:2865} INFO - Starting attempt 1 of 2
[2024-11-23T17:14:43.032+0000] {taskinstance.py:2888} INFO - Executing <Task(PythonOperator): notify_normal> on 2024-11-23 17:13:00+00:00
[2024-11-23T17:14:43.072+0000] {warnings.py:112} WARNING - /home/***/.local/lib/python3.12/site-packages/***/task/task_runner/standard_task_runner.py:70: DeprecationWarning: This process (pid=1746) is multi-threaded, use of fork() may lead to deadlocks in the child.
  pid = os.fork()

[2024-11-23T17:14:43.078+0000] {standard_task_runner.py:72} INFO - Started process 1751 to run task
[2024-11-23T17:14:43.086+0000] {standard_task_runner.py:104} INFO - Running: ['***', 'tasks', 'run', 'fraud_detection', 'notify_normal', 'scheduled__2024-11-23T17:13:00+00:00', '--job-id', '175', '--raw', '--subdir', 'DAGS_FOLDER/fraud_detection_dag.py', '--cfg-path', '/tmp/tmp6_p_7_6p']
[2024-11-23T17:14:43.094+0000] {standard_task_runner.py:105} INFO - Job 175: Subtask notify_normal
[2024-11-23T17:14:43.282+0000] {task_command.py:467} INFO - Running <TaskInstance: fraud_detection.notify_normal scheduled__2024-11-23T17:13:00+00:00 [running]> on host 345e92ff26bf
[2024-11-23T17:14:43.598+0000] {taskinstance.py:3131} INFO - Exporting env vars: AIRFLOW_CTX_DAG_OWNER='fraud_team' AIRFLOW_CTX_DAG_ID='fraud_detection' AIRFLOW_CTX_TASK_ID='notify_normal' AIRFLOW_CTX_EXECUTION_DATE='2024-11-23T17:13:00+00:00' AIRFLOW_CTX_TRY_NUMBER='1' AIRFLOW_CTX_DAG_RUN_ID='scheduled__2024-11-23T17:13:00+00:00'
[2024-11-23T17:14:43.606+0000] {taskinstance.py:731} INFO - ::endgroup::
[2024-11-23T17:14:43.742+0000] {fraud_detection_dag.py:219} INFO - Données de transaction récupérées: {"columns":["cc_num","merchant","category","amt","first","last","gender","street","city","state","zip","lat","long","city_pop","job","dob","trans_num","merch_lat","merch_long","is_fraud","current_time"],"index":[134867],"data":[[2712209726293386,"fraud_Witting, Beer and Ernser","home",93.14,"Jenna","Brooks","F","50872 Alex Plain Suite 088","Baton Rouge","LA",70808,30.4066,-91.1468,378909,"Designer, furniture","1977-02-22","62365df10dcf08e10617d67d90557836",30.139306,-91.983816,0,1732382071388]]}
[2024-11-23T17:14:43.744+0000] {fraud_detection_dag.py:220} INFO - Probabilité de fraude: 0.22457418349272237
[2024-11-23T17:14:43.744+0000] {fraud_detection_dag.py:221} INFO - Est une fraude: False
[2024-11-23T17:14:43.753+0000] {fraud_detection_dag.py:281} INFO - Tentative d'envoi d'email normale...
[2024-11-23T17:14:43.754+0000] {fraud_detection_dag.py:282} INFO - Contenu de l'email:

        ✅ Transaction NORMALE détectée!
        
        Statut: Vert
        Probabilité de fraude: 22.46%
        
        Détails de la transaction:
        --------------------------
        ID Transaction: 62365df10dcf08e10617d67d90557836
        Montant: 93.14€
        Date/Heure: 2024-11-23 17:14:31
        
        Informations sur le marchand:
        ----------------------------
        Nom: fraud_Witting, Beer and Ernser
        Ville: Baton Rouge
        État: LA
        
        Informations sur le client:
        --------------------------
        Nom: Jenna Brooks
        Ville: Baton Rouge
        
        Cette notification a été générée automatiquement par le système de détection de fraude.
        
[2024-11-23T17:14:45.976+0000] {fraud_detection_dag.py:292} INFO - Email envoyé avec succès
[2024-11-23T17:14:45.977+0000] {python.py:240} INFO - Done. Returned value was: store_normal
[2024-11-23T17:14:46.084+0000] {taskinstance.py:340} INFO - ::group::Post task execution logs
[2024-11-23T17:14:46.085+0000] {taskinstance.py:352} INFO - Marking task as SUCCESS. dag_id=fraud_detection, task_id=notify_normal, run_id=scheduled__2024-11-23T17:13:00+00:00, execution_date=20241123T171300, start_date=20241123T171442, end_date=20241123T171446
[2024-11-23T17:14:46.184+0000] {local_task_job_runner.py:266} INFO - Task exited with return code 0
[2024-11-23T17:14:46.325+0000] {taskinstance.py:3900} INFO - 1 downstream tasks scheduled from follow-on schedule check
[2024-11-23T17:14:46.330+0000] {local_task_job_runner.py:245} INFO - ::endgroup::
