[2024-11-22T18:46:45.799+0000] {local_task_job_runner.py:123} INFO - ::group::Pre task execution logs
[2024-11-22T18:46:45.936+0000] {taskinstance.py:2612} INFO - Dependencies all met for dep_context=non-requeueable deps ti=<TaskInstance: fraud_detection.process_transaction scheduled__2024-11-22T18:44:00+00:00 [queued]>
[2024-11-22T18:46:46.001+0000] {taskinstance.py:2612} INFO - Dependencies all met for dep_context=requeueable deps ti=<TaskInstance: fraud_detection.process_transaction scheduled__2024-11-22T18:44:00+00:00 [queued]>
[2024-11-22T18:46:46.001+0000] {taskinstance.py:2865} INFO - Starting attempt 1 of 2
[2024-11-22T18:46:46.099+0000] {taskinstance.py:2888} INFO - Executing <Task(BranchPythonOperator): process_transaction> on 2024-11-22 18:44:00+00:00
[2024-11-22T18:46:46.150+0000] {warnings.py:112} WARNING - /home/***/.local/lib/python3.12/site-packages/***/task/task_runner/standard_task_runner.py:70: DeprecationWarning: This process (pid=372) is multi-threaded, use of fork() may lead to deadlocks in the child.
  pid = os.fork()

[2024-11-22T18:46:46.154+0000] {standard_task_runner.py:72} INFO - Started process 374 to run task
[2024-11-22T18:46:46.165+0000] {standard_task_runner.py:104} INFO - Running: ['***', 'tasks', 'run', 'fraud_detection', 'process_transaction', 'scheduled__2024-11-22T18:44:00+00:00', '--job-id', '388', '--raw', '--subdir', 'DAGS_FOLDER/fraud_detection_dag.py', '--cfg-path', '/tmp/tmpobgglajg']
[2024-11-22T18:46:46.174+0000] {standard_task_runner.py:105} INFO - Job 388: Subtask process_transaction
[2024-11-22T18:46:46.477+0000] {task_command.py:467} INFO - Running <TaskInstance: fraud_detection.process_transaction scheduled__2024-11-22T18:44:00+00:00 [running]> on host c6af8dbaf1e5
[2024-11-22T18:46:47.161+0000] {taskinstance.py:3131} INFO - Exporting env vars: AIRFLOW_CTX_DAG_OWNER='fraud_team' AIRFLOW_CTX_DAG_ID='fraud_detection' AIRFLOW_CTX_TASK_ID='process_transaction' AIRFLOW_CTX_EXECUTION_DATE='2024-11-22T18:44:00+00:00' AIRFLOW_CTX_TRY_NUMBER='1' AIRFLOW_CTX_DAG_RUN_ID='scheduled__2024-11-22T18:44:00+00:00'
[2024-11-22T18:46:47.165+0000] {taskinstance.py:731} INFO - ::endgroup::
[2024-11-22T18:46:47.256+0000] {baseoperator.py:405} WARNING - BranchPythonOperator.execute cannot be called outside TaskInstance!
[2024-11-22T18:46:47.334+0000] {fraud_detection_dag.py:77} INFO - Données récupérées depuis XCom: {"columns":["cc_num","merchant","category","amt","first","last","gender","street","city","state","zip","lat","long","city_pop","job","dob","trans_num","merch_lat","merch_long","is_fraud","current_time"],"index":[169797],"data":[[4560395181594436016,"fraud_Dibbert-Green","entertainment",126.13,"Angela","Taylor","F","6343 Ramirez Skyway Apt. 518","Lakeport","CA",95453,39.047,-122.9328,11256,"Podiatrist","1972-10-18","47d8e1a5986913c852aacf0aaaa46e1a",38.39878,-122.753878,0,1732301191881]]}
[2024-11-22T18:46:47.337+0000] {fraud_detection_dag.py:85} INFO - Données JSON parsées avec succès
[2024-11-22T18:46:47.350+0000] {fraud_detection_dag.py:89} INFO - DataFrame créé avec 1 lignes
[2024-11-22T18:46:47.356+0000] {fraud_detection_dag.py:93} INFO - Colonnes renommées avec succès
[2024-11-22T18:46:47.357+0000] {fraud_detection_dag.py:94} INFO - Colonnes disponibles: ['cc_num', 'merchant', 'category', 'amt', 'first', 'last', 'gender', 'street', 'city', 'state', 'zip', 'lat', 'long', 'city_pop', 'job', 'dob', 'trans_num', 'merch_lat', 'merch_long', 'is_fraud', 'trans_date_trans_time']
[2024-11-22T18:46:47.369+0000] {fraud_detection_dag.py:98} INFO - Conversion de trans_date_trans_time en unix_time réussie
[2024-11-22T18:46:47.505+0000] {fraud_detection_dag.py:107} INFO - Transformation des données...
[2024-11-22T18:46:53.528+0000] {warnings.py:112} WARNING - /home/***/.local/lib/python3.12/site-packages/sklearn/ensemble/_base.py:172: UserWarning: Loky-backed parallel loops cannot be called in a multiprocessing, setting n_jobs=1
  n_jobs = min(effective_n_jobs(n_jobs), n_estimators)

[2024-11-22T18:46:53.562+0000] {warnings.py:112} WARNING - /home/***/.local/lib/python3.12/site-packages/sklearn/ensemble/_base.py:172: UserWarning: Loky-backed parallel loops cannot be called in a multiprocessing, setting n_jobs=1
  n_jobs = min(effective_n_jobs(n_jobs), n_estimators)

[2024-11-22T18:46:53.569+0000] {fraud_detection_dag.py:119} INFO - Prediction de fraude: NORMAL, Probabilité: 39.55%
[2024-11-22T18:46:54.053+0000] {fraud_detection_dag.py:125} INFO - Prédiction: NORMAL (Probabilité: 39.55%)
[2024-11-22T18:46:54.061+0000] {python.py:240} INFO - Done. Returned value was: notify_normal
[2024-11-22T18:46:54.090+0000] {branch.py:38} INFO - Branch into notify_normal
[2024-11-22T18:46:54.092+0000] {skipmixin.py:230} INFO - Following branch ('notify_normal',)
[2024-11-22T18:46:54.562+0000] {skipmixin.py:278} INFO - Skipping tasks [('skip_processing', -1), ('notify_fraud', -1)]
[2024-11-22T18:46:55.360+0000] {taskinstance.py:340} INFO - ::group::Post task execution logs
[2024-11-22T18:46:55.372+0000] {taskinstance.py:352} INFO - Marking task as SUCCESS. dag_id=fraud_detection, task_id=process_transaction, run_id=scheduled__2024-11-22T18:44:00+00:00, execution_date=20241122T184400, start_date=20241122T184645, end_date=20241122T184655
[2024-11-22T18:46:55.542+0000] {local_task_job_runner.py:266} INFO - Task exited with return code 0
[2024-11-22T18:46:55.798+0000] {taskinstance.py:3900} INFO - 1 downstream tasks scheduled from follow-on schedule check
[2024-11-22T18:46:55.811+0000] {local_task_job_runner.py:245} INFO - ::endgroup::
