[2024-11-22T18:48:57.467+0000] {local_task_job_runner.py:123} INFO - ::group::Pre task execution logs
[2024-11-22T18:48:57.545+0000] {taskinstance.py:2612} INFO - Dependencies all met for dep_context=non-requeueable deps ti=<TaskInstance: fraud_detection.notify_normal scheduled__2024-11-22T18:46:00+00:00 [queued]>
[2024-11-22T18:48:57.583+0000] {taskinstance.py:2612} INFO - Dependencies all met for dep_context=requeueable deps ti=<TaskInstance: fraud_detection.notify_normal scheduled__2024-11-22T18:46:00+00:00 [queued]>
[2024-11-22T18:48:57.585+0000] {taskinstance.py:2865} INFO - Starting attempt 1 of 2
[2024-11-22T18:48:57.670+0000] {taskinstance.py:2888} INFO - Executing <Task(PythonOperator): notify_normal> on 2024-11-22 18:46:00+00:00
[2024-11-22T18:48:57.740+0000] {standard_task_runner.py:104} INFO - Running: ['***', 'tasks', 'run', 'fraud_detection', 'notify_normal', 'scheduled__2024-11-22T18:46:00+00:00', '--job-id', '399', '--raw', '--subdir', 'DAGS_FOLDER/fraud_detection_dag.py', '--cfg-path', '/tmp/tmp_k5nzt8b']
[2024-11-22T18:48:57.740+0000] {warnings.py:112} WARNING - /home/***/.local/lib/python3.12/site-packages/***/task/task_runner/standard_task_runner.py:70: DeprecationWarning: This process (pid=454) is multi-threaded, use of fork() may lead to deadlocks in the child.
  pid = os.fork()

[2024-11-22T18:48:57.744+0000] {standard_task_runner.py:105} INFO - Job 399: Subtask notify_normal
[2024-11-22T18:48:57.744+0000] {standard_task_runner.py:72} INFO - Started process 456 to run task
[2024-11-22T18:48:57.916+0000] {task_command.py:467} INFO - Running <TaskInstance: fraud_detection.notify_normal scheduled__2024-11-22T18:46:00+00:00 [running]> on host c6af8dbaf1e5
[2024-11-22T18:48:58.341+0000] {taskinstance.py:3131} INFO - Exporting env vars: AIRFLOW_CTX_DAG_OWNER='fraud_team' AIRFLOW_CTX_DAG_ID='fraud_detection' AIRFLOW_CTX_TASK_ID='notify_normal' AIRFLOW_CTX_EXECUTION_DATE='2024-11-22T18:46:00+00:00' AIRFLOW_CTX_TRY_NUMBER='1' AIRFLOW_CTX_DAG_RUN_ID='scheduled__2024-11-22T18:46:00+00:00'
[2024-11-22T18:48:58.345+0000] {taskinstance.py:731} INFO - ::endgroup::
[2024-11-22T18:48:58.752+0000] {fraud_detection_dag.py:218} INFO - Données de transaction récupérées: {"columns":["cc_num","merchant","category","amt","first","last","gender","street","city","state","zip","lat","long","city_pop","job","dob","trans_num","merch_lat","merch_long","is_fraud","current_time"],"index":[102144],"data":[[30150717898388,"fraud_Johnson, Runolfsdottir and Mayer","misc_net",21.46,"Raymond","Lloyd","M","5930 Rebecca Bridge Apt. 444","Paint Rock","AL",35764,34.7031,-86.3068,653,"Paediatric nurse","1966-06-19","7ff171b3b68fd7013a4b5b9780d4651a",33.866736,-85.674851,0,1732301314788]]}
[2024-11-22T18:48:58.753+0000] {fraud_detection_dag.py:219} INFO - Probabilité de fraude: 0.39720696684540185
[2024-11-22T18:48:58.754+0000] {fraud_detection_dag.py:220} INFO - Est une fraude: False
[2024-11-22T18:48:58.770+0000] {fraud_detection_dag.py:280} INFO - Tentative d'envoi d'email normale...
[2024-11-22T18:48:58.771+0000] {fraud_detection_dag.py:281} INFO - Contenu de l'email:

        ✅ Transaction NORMALE détectée!
        
        Statut: Vert
        Probabilité de fraude: 39.72%
        
        Détails de la transaction:
        --------------------------
        ID Transaction: 7ff171b3b68fd7013a4b5b9780d4651a
        Montant: 21.46€
        Date/Heure: 2024-11-22 18:48:34
        
        Informations sur le marchand:
        ----------------------------
        Nom: fraud_Johnson, Runolfsdottir and Mayer
        Ville: Paint Rock
        État: AL
        
        Informations sur le client:
        --------------------------
        Nom: Raymond Lloyd
        Ville: Paint Rock
        
        Cette notification a été générée automatiquement par le système de détection de fraude.
        
[2024-11-22T18:49:05.856+0000] {fraud_detection_dag.py:291} INFO - Email envoyé avec succès
[2024-11-22T18:49:05.862+0000] {python.py:240} INFO - Done. Returned value was: store_normal
[2024-11-22T18:49:05.988+0000] {taskinstance.py:340} INFO - ::group::Post task execution logs
[2024-11-22T18:49:05.991+0000] {taskinstance.py:352} INFO - Marking task as SUCCESS. dag_id=fraud_detection, task_id=notify_normal, run_id=scheduled__2024-11-22T18:46:00+00:00, execution_date=20241122T184600, start_date=20241122T184857, end_date=20241122T184905
[2024-11-22T18:49:06.109+0000] {local_task_job_runner.py:266} INFO - Task exited with return code 0
[2024-11-22T18:49:06.194+0000] {taskinstance.py:3900} INFO - 1 downstream tasks scheduled from follow-on schedule check
[2024-11-22T18:49:06.211+0000] {local_task_job_runner.py:245} INFO - ::endgroup::
