[2024-11-08T18:14:40.508+0000] {local_task_job_runner.py:123} INFO - ::group::Pre task execution logs
[2024-11-08T18:14:40.656+0000] {taskinstance.py:2612} INFO - Dependencies all met for dep_context=non-requeueable deps ti=<TaskInstance: fraud_detection.store_normal scheduled__2024-11-08T18:12:00+00:00 [queued]>
[2024-11-08T18:14:40.763+0000] {taskinstance.py:2612} INFO - Dependencies all met for dep_context=requeueable deps ti=<TaskInstance: fraud_detection.store_normal scheduled__2024-11-08T18:12:00+00:00 [queued]>
[2024-11-08T18:14:40.764+0000] {taskinstance.py:2865} INFO - Starting attempt 1 of 2
[2024-11-08T18:14:40.853+0000] {taskinstance.py:2888} INFO - Executing <Task(PythonOperator): store_normal> on 2024-11-08 18:12:00+00:00
[2024-11-08T18:14:40.887+0000] {warnings.py:112} WARNING - /home/***/.local/lib/python3.12/site-packages/***/task/task_runner/standard_task_runner.py:70: DeprecationWarning: This process (pid=839) is multi-threaded, use of fork() may lead to deadlocks in the child.
  pid = os.fork()

[2024-11-08T18:14:40.890+0000] {standard_task_runner.py:72} INFO - Started process 845 to run task
[2024-11-08T18:14:40.901+0000] {standard_task_runner.py:104} INFO - Running: ['***', 'tasks', 'run', 'fraud_detection', 'store_normal', 'scheduled__2024-11-08T18:12:00+00:00', '--job-id', '197', '--raw', '--subdir', 'DAGS_FOLDER/fraud_detection_dag.py', '--cfg-path', '/tmp/tmpfl4k6sqk']
[2024-11-08T18:14:40.916+0000] {standard_task_runner.py:105} INFO - Job 197: Subtask store_normal
[2024-11-08T18:14:41.306+0000] {task_command.py:467} INFO - Running <TaskInstance: fraud_detection.store_normal scheduled__2024-11-08T18:12:00+00:00 [running]> on host 641085defe8e
[2024-11-08T18:14:41.754+0000] {taskinstance.py:3131} INFO - Exporting env vars: AIRFLOW_CTX_DAG_OWNER='fraud_team' AIRFLOW_CTX_DAG_ID='fraud_detection' AIRFLOW_CTX_TASK_ID='store_normal' AIRFLOW_CTX_EXECUTION_DATE='2024-11-08T18:12:00+00:00' AIRFLOW_CTX_TRY_NUMBER='1' AIRFLOW_CTX_DAG_RUN_ID='scheduled__2024-11-08T18:12:00+00:00'
[2024-11-08T18:14:41.762+0000] {taskinstance.py:731} INFO - ::endgroup::
[2024-11-08T18:14:41.788+0000] {fraud_detection_dag.py:309} INFO - Tentative de connexion à Neon...
[2024-11-08T18:14:47.242+0000] {fraud_detection_dag.py:315} INFO - Connexion à Neon réussie!
[2024-11-08T18:14:47.963+0000] {fraud_detection_dag.py:322} INFO - Données reçues pour stockage: {"columns":["cc_num","merchant","category","amt","first","last","gender","street","city","state","zip","lat","long","city_pop","job","dob","trans_num","merch_lat","merch_long","is_fraud","current_time"],"index":[264806],"data":[[30143713661454,"fraud_Hahn, Douglas and Schowalter","travel",2.93,"Nicholas","Thornton","M","5270 Megan Burg Suite 756","Halma","MN",56729,48.6669,-96.5969,140,"Embryologist, clinical","1942-01-06","11bd5bb41d9312ccccc0e42dee1bbf37",49.19042,-95.848438,0,1731089648070]]}
[2024-11-08T18:14:47.964+0000] {fraud_detection_dag.py:331} INFO - JSON parsé avec succès
[2024-11-08T18:14:47.969+0000] {fraud_detection_dag.py:335} INFO - DataFrame créé avec 1 lignes
[2024-11-08T18:14:47.975+0000] {fraud_detection_dag.py:340} INFO - Colonne current_time renommée en trans_date_trans_time
[2024-11-08T18:14:47.982+0000] {fraud_detection_dag.py:344} INFO - Conversion du timestamp réussie
[2024-11-08T18:14:48.002+0000] {fraud_detection_dag.py:348} INFO - Indicateur de fraude récupéré: False
[2024-11-08T18:14:48.003+0000] {fraud_detection_dag.py:352} INFO - Colonne is_fraud mise à jour avec la valeur: False
[2024-11-08T18:14:48.005+0000] {fraud_detection_dag.py:356} INFO - Conversion de is_fraud en boolean réussie
[2024-11-08T18:14:48.006+0000] {fraud_detection_dag.py:359} INFO - Colonnes finales avant stockage: ['cc_num', 'merchant', 'category', 'amt', 'first', 'last', 'gender', 'street', 'city', 'state', 'zip', 'lat', 'long', 'city_pop', 'job', 'dob', 'trans_num', 'merch_lat', 'merch_long', 'is_fraud', 'trans_date_trans_time']
[2024-11-08T18:14:48.010+0000] {fraud_detection_dag.py:360} INFO - Types des données: 
cc_num                            int64
merchant                         object
category                         object
amt                             float64
first                            object
last                             object
gender                           object
street                           object
city                             object
state                            object
zip                               int64
lat                             float64
long                            float64
city_pop                          int64
job                              object
dob                              object
trans_num                        object
merch_lat                       float64
merch_long                      float64
is_fraud                           bool
trans_date_trans_time    datetime64[ns]
dtype: object
[2024-11-08T18:14:48.011+0000] {fraud_detection_dag.py:364} INFO - Stockage dans la table: normal_transactions
[2024-11-08T18:14:49.861+0000] {fraud_detection_dag.py:369} INFO - Données stockées avec succès dans la table normal_transactions
[2024-11-08T18:14:49.862+0000] {python.py:240} INFO - Done. Returned value was: None
[2024-11-08T18:14:49.918+0000] {taskinstance.py:340} INFO - ::group::Post task execution logs
[2024-11-08T18:14:49.924+0000] {taskinstance.py:352} INFO - Marking task as SUCCESS. dag_id=fraud_detection, task_id=store_normal, run_id=scheduled__2024-11-08T18:12:00+00:00, execution_date=20241108T181200, start_date=20241108T181440, end_date=20241108T181449
[2024-11-08T18:14:50.079+0000] {local_task_job_runner.py:266} INFO - Task exited with return code 0
[2024-11-08T18:14:50.146+0000] {taskinstance.py:3900} INFO - 0 downstream tasks scheduled from follow-on schedule check
[2024-11-08T18:14:50.162+0000] {local_task_job_runner.py:245} INFO - ::endgroup::
