[2024-11-23T16:52:45.370+0000] {local_task_job_runner.py:123} INFO - ::group::Pre task execution logs
[2024-11-23T16:52:45.497+0000] {taskinstance.py:2612} INFO - Dependencies all met for dep_context=non-requeueable deps ti=<TaskInstance: fraud_detection.process_transaction scheduled__2024-11-23T16:51:00+00:00 [queued]>
[2024-11-23T16:52:45.521+0000] {taskinstance.py:2612} INFO - Dependencies all met for dep_context=requeueable deps ti=<TaskInstance: fraud_detection.process_transaction scheduled__2024-11-23T16:51:00+00:00 [queued]>
[2024-11-23T16:52:45.522+0000] {taskinstance.py:2865} INFO - Starting attempt 1 of 2
[2024-11-23T16:52:45.597+0000] {taskinstance.py:2888} INFO - Executing <Task(BranchPythonOperator): process_transaction> on 2024-11-23 16:51:00+00:00
[2024-11-23T16:52:45.671+0000] {warnings.py:112} WARNING - /home/***/.local/lib/python3.12/site-packages/***/task/task_runner/standard_task_runner.py:70: DeprecationWarning: This process (pid=319) is multi-threaded, use of fork() may lead to deadlocks in the child.
  pid = os.fork()

[2024-11-23T16:52:45.674+0000] {standard_task_runner.py:72} INFO - Started process 331 to run task
[2024-11-23T16:52:45.678+0000] {standard_task_runner.py:104} INFO - Running: ['***', 'tasks', 'run', 'fraud_detection', 'process_transaction', 'scheduled__2024-11-23T16:51:00+00:00', '--job-id', '34', '--raw', '--subdir', 'DAGS_FOLDER/fraud_detection_dag.py', '--cfg-path', '/tmp/tmp044uk_k1']
[2024-11-23T16:52:45.683+0000] {standard_task_runner.py:105} INFO - Job 34: Subtask process_transaction
[2024-11-23T16:52:46.037+0000] {task_command.py:467} INFO - Running <TaskInstance: fraud_detection.process_transaction scheduled__2024-11-23T16:51:00+00:00 [running]> on host 345e92ff26bf
[2024-11-23T16:52:46.309+0000] {taskinstance.py:3131} INFO - Exporting env vars: AIRFLOW_CTX_DAG_OWNER='fraud_team' AIRFLOW_CTX_DAG_ID='fraud_detection' AIRFLOW_CTX_TASK_ID='process_transaction' AIRFLOW_CTX_EXECUTION_DATE='2024-11-23T16:51:00+00:00' AIRFLOW_CTX_TRY_NUMBER='1' AIRFLOW_CTX_DAG_RUN_ID='scheduled__2024-11-23T16:51:00+00:00'
[2024-11-23T16:52:46.313+0000] {taskinstance.py:731} INFO - ::endgroup::
[2024-11-23T16:52:46.335+0000] {baseoperator.py:405} WARNING - BranchPythonOperator.execute cannot be called outside TaskInstance!
[2024-11-23T16:52:46.353+0000] {fraud_detection_dag.py:78} INFO - Données récupérées depuis XCom: {"columns":["cc_num","merchant","category","amt","first","last","gender","street","city","state","zip","lat","long","city_pop","job","dob","trans_num","merch_lat","merch_long","is_fraud","current_time"],"index":[329901],"data":[[376262134119629,"fraud_Erdman-Schaden","personal_care",8.85,"Christopher","Carr","M","62931 Ralph Court","Lakeland","FL",33813,27.9611,-81.9398,237282,"Radiographer, therapeutic","1961-09-28","dcabb40b9982dff088f83e7cdaa6dc80",27.553216,-81.478943,0,1732380759570]]}
[2024-11-23T16:52:46.354+0000] {fraud_detection_dag.py:86} INFO - Données JSON parsées avec succès
[2024-11-23T16:52:46.373+0000] {fraud_detection_dag.py:90} INFO - DataFrame créé avec 1 lignes
[2024-11-23T16:52:46.377+0000] {fraud_detection_dag.py:94} INFO - Colonnes renommées avec succès
[2024-11-23T16:52:46.378+0000] {fraud_detection_dag.py:95} INFO - Colonnes disponibles: ['cc_num', 'merchant', 'category', 'amt', 'first', 'last', 'gender', 'street', 'city', 'state', 'zip', 'lat', 'long', 'city_pop', 'job', 'dob', 'trans_num', 'merch_lat', 'merch_long', 'is_fraud', 'trans_date_trans_time']
[2024-11-23T16:52:46.382+0000] {fraud_detection_dag.py:99} INFO - Conversion de trans_date_trans_time en unix_time réussie
[2024-11-23T16:52:46.624+0000] {fraud_detection_dag.py:108} INFO - Transformation des données...
[2024-11-23T16:52:48.597+0000] {warnings.py:112} WARNING - /home/***/.local/lib/python3.12/site-packages/sklearn/ensemble/_base.py:172: UserWarning: Loky-backed parallel loops cannot be called in a multiprocessing, setting n_jobs=1
  n_jobs = min(effective_n_jobs(n_jobs), n_estimators)

[2024-11-23T16:52:48.695+0000] {warnings.py:112} WARNING - /home/***/.local/lib/python3.12/site-packages/sklearn/ensemble/_base.py:172: UserWarning: Loky-backed parallel loops cannot be called in a multiprocessing, setting n_jobs=1
  n_jobs = min(effective_n_jobs(n_jobs), n_estimators)

[2024-11-23T16:52:48.702+0000] {fraud_detection_dag.py:120} INFO - Prediction de fraude: NORMAL, Probabilité: 29.56%
[2024-11-23T16:52:48.827+0000] {fraud_detection_dag.py:126} INFO - Prédiction: NORMAL (Probabilité: 29.56%)
[2024-11-23T16:52:48.841+0000] {python.py:240} INFO - Done. Returned value was: notify_normal
[2024-11-23T16:52:48.855+0000] {branch.py:38} INFO - Branch into notify_normal
[2024-11-23T16:52:48.857+0000] {skipmixin.py:230} INFO - Following branch ('notify_normal',)
[2024-11-23T16:52:48.974+0000] {skipmixin.py:278} INFO - Skipping tasks [('notify_fraud', -1), ('skip_processing', -1)]
[2024-11-23T16:52:49.190+0000] {taskinstance.py:340} INFO - ::group::Post task execution logs
[2024-11-23T16:52:49.192+0000] {taskinstance.py:352} INFO - Marking task as SUCCESS. dag_id=fraud_detection, task_id=process_transaction, run_id=scheduled__2024-11-23T16:51:00+00:00, execution_date=20241123T165100, start_date=20241123T165245, end_date=20241123T165249
[2024-11-23T16:52:49.341+0000] {local_task_job_runner.py:266} INFO - Task exited with return code 0
[2024-11-23T16:52:49.512+0000] {taskinstance.py:3900} INFO - 1 downstream tasks scheduled from follow-on schedule check
[2024-11-23T16:52:49.546+0000] {local_task_job_runner.py:245} INFO - ::endgroup::
