[2024-11-23T17:02:59.646+0000] {local_task_job_runner.py:123} INFO - ::group::Pre task execution logs
[2024-11-23T17:02:59.753+0000] {taskinstance.py:2612} INFO - Dependencies all met for dep_context=non-requeueable deps ti=<TaskInstance: fraud_detection.notify_normal manual__2024-11-23T17:02:08.817745+00:00 [queued]>
[2024-11-23T17:02:59.818+0000] {taskinstance.py:2612} INFO - Dependencies all met for dep_context=requeueable deps ti=<TaskInstance: fraud_detection.notify_normal manual__2024-11-23T17:02:08.817745+00:00 [queued]>
[2024-11-23T17:02:59.820+0000] {taskinstance.py:2865} INFO - Starting attempt 1 of 2
[2024-11-23T17:02:59.902+0000] {taskinstance.py:2888} INFO - Executing <Task(PythonOperator): notify_normal> on 2024-11-23 17:02:08.817745+00:00
[2024-11-23T17:02:59.938+0000] {warnings.py:112} WARNING - /home/***/.local/lib/python3.12/site-packages/***/task/task_runner/standard_task_runner.py:70: DeprecationWarning: This process (pid=977) is multi-threaded, use of fork() may lead to deadlocks in the child.
  pid = os.fork()

[2024-11-23T17:02:59.935+0000] {standard_task_runner.py:104} INFO - Running: ['***', 'tasks', 'run', 'fraud_detection', 'notify_normal', 'manual__2024-11-23T17:02:08.817745+00:00', '--job-id', '101', '--raw', '--subdir', 'DAGS_FOLDER/fraud_detection_dag.py', '--cfg-path', '/tmp/tmpxrezs8bp']
[2024-11-23T17:02:59.946+0000] {standard_task_runner.py:105} INFO - Job 101: Subtask notify_normal
[2024-11-23T17:02:59.945+0000] {standard_task_runner.py:72} INFO - Started process 989 to run task
[2024-11-23T17:03:00.559+0000] {task_command.py:467} INFO - Running <TaskInstance: fraud_detection.notify_normal manual__2024-11-23T17:02:08.817745+00:00 [running]> on host 345e92ff26bf
[2024-11-23T17:03:01.219+0000] {taskinstance.py:3131} INFO - Exporting env vars: AIRFLOW_CTX_DAG_OWNER='fraud_team' AIRFLOW_CTX_DAG_ID='fraud_detection' AIRFLOW_CTX_TASK_ID='notify_normal' AIRFLOW_CTX_EXECUTION_DATE='2024-11-23T17:02:08.817745+00:00' AIRFLOW_CTX_TRY_NUMBER='1' AIRFLOW_CTX_DAG_RUN_ID='manual__2024-11-23T17:02:08.817745+00:00'
[2024-11-23T17:03:01.221+0000] {taskinstance.py:731} INFO - ::endgroup::
[2024-11-23T17:03:01.459+0000] {fraud_detection_dag.py:219} INFO - Données de transaction récupérées: {"columns":["cc_num","merchant","category","amt","first","last","gender","street","city","state","zip","lat","long","city_pop","job","dob","trans_num","merch_lat","merch_long","is_fraud","current_time"],"index":[549763],"data":[[30044330818990,"fraud_DuBuque LLC","grocery_pos",183.8,"Allison","Ayala","F","87665 Karen Mill Apt. 586","Fort Myers","FL",33967,26.4722,-81.8122,224256,"Paramedic","1985-08-29","7344374f926a3f6d217f1f715ffaf462",26.408817,-82.278024,0,1732381368764]]}
[2024-11-23T17:03:01.460+0000] {fraud_detection_dag.py:220} INFO - Probabilité de fraude: 0.308246586962168
[2024-11-23T17:03:01.461+0000] {fraud_detection_dag.py:221} INFO - Est une fraude: False
[2024-11-23T17:03:01.470+0000] {fraud_detection_dag.py:281} INFO - Tentative d'envoi d'email normale...
[2024-11-23T17:03:01.471+0000] {fraud_detection_dag.py:282} INFO - Contenu de l'email:

        ✅ Transaction NORMALE détectée!
        
        Statut: Vert
        Probabilité de fraude: 30.82%
        
        Détails de la transaction:
        --------------------------
        ID Transaction: 7344374f926a3f6d217f1f715ffaf462
        Montant: 183.80€
        Date/Heure: 2024-11-23 17:02:48
        
        Informations sur le marchand:
        ----------------------------
        Nom: fraud_DuBuque LLC
        Ville: Fort Myers
        État: FL
        
        Informations sur le client:
        --------------------------
        Nom: Allison Ayala
        Ville: Fort Myers
        
        Cette notification a été générée automatiquement par le système de détection de fraude.
        
[2024-11-23T17:03:05.537+0000] {fraud_detection_dag.py:292} INFO - Email envoyé avec succès
[2024-11-23T17:03:05.543+0000] {python.py:240} INFO - Done. Returned value was: store_normal
[2024-11-23T17:03:05.622+0000] {taskinstance.py:340} INFO - ::group::Post task execution logs
[2024-11-23T17:03:05.623+0000] {taskinstance.py:352} INFO - Marking task as SUCCESS. dag_id=fraud_detection, task_id=notify_normal, run_id=manual__2024-11-23T17:02:08.817745+00:00, execution_date=20241123T170208, start_date=20241123T170259, end_date=20241123T170305
[2024-11-23T17:03:05.695+0000] {local_task_job_runner.py:266} INFO - Task exited with return code 0
[2024-11-23T17:03:05.745+0000] {taskinstance.py:3900} INFO - 1 downstream tasks scheduled from follow-on schedule check
[2024-11-23T17:03:05.749+0000] {local_task_job_runner.py:245} INFO - ::endgroup::
