[2024-11-08T18:32:05.840+0000] {local_task_job_runner.py:123} INFO - ::group::Pre task execution logs
[2024-11-08T18:32:05.895+0000] {taskinstance.py:2612} INFO - Dependencies all met for dep_context=non-requeueable deps ti=<TaskInstance: fraud_detection.notify_normal scheduled__2024-11-08T18:30:00+00:00 [queued]>
[2024-11-08T18:32:05.931+0000] {taskinstance.py:2612} INFO - Dependencies all met for dep_context=requeueable deps ti=<TaskInstance: fraud_detection.notify_normal scheduled__2024-11-08T18:30:00+00:00 [queued]>
[2024-11-08T18:32:05.932+0000] {taskinstance.py:2865} INFO - Starting attempt 1 of 2
[2024-11-08T18:32:05.968+0000] {taskinstance.py:2888} INFO - Executing <Task(PythonOperator): notify_normal> on 2024-11-08 18:30:00+00:00
[2024-11-08T18:32:05.985+0000] {warnings.py:112} WARNING - /home/***/.local/lib/python3.12/site-packages/***/task/task_runner/standard_task_runner.py:70: DeprecationWarning: This process (pid=1545) is multi-threaded, use of fork() may lead to deadlocks in the child.
  pid = os.fork()

[2024-11-08T18:32:05.988+0000] {standard_task_runner.py:72} INFO - Started process 1547 to run task
[2024-11-08T18:32:05.992+0000] {standard_task_runner.py:104} INFO - Running: ['***', 'tasks', 'run', 'fraud_detection', 'notify_normal', 'scheduled__2024-11-08T18:30:00+00:00', '--job-id', '291', '--raw', '--subdir', 'DAGS_FOLDER/fraud_detection_dag.py', '--cfg-path', '/tmp/tmpf9kmud07']
[2024-11-08T18:32:06.053+0000] {standard_task_runner.py:105} INFO - Job 291: Subtask notify_normal
[2024-11-08T18:32:06.268+0000] {task_command.py:467} INFO - Running <TaskInstance: fraud_detection.notify_normal scheduled__2024-11-08T18:30:00+00:00 [running]> on host 641085defe8e
[2024-11-08T18:32:06.518+0000] {taskinstance.py:3131} INFO - Exporting env vars: AIRFLOW_CTX_DAG_OWNER='fraud_team' AIRFLOW_CTX_DAG_ID='fraud_detection' AIRFLOW_CTX_TASK_ID='notify_normal' AIRFLOW_CTX_EXECUTION_DATE='2024-11-08T18:30:00+00:00' AIRFLOW_CTX_TRY_NUMBER='1' AIRFLOW_CTX_DAG_RUN_ID='scheduled__2024-11-08T18:30:00+00:00'
[2024-11-08T18:32:06.520+0000] {taskinstance.py:731} INFO - ::endgroup::
[2024-11-08T18:32:06.589+0000] {fraud_detection_dag.py:218} INFO - Données de transaction récupérées: {"columns":["cc_num","merchant","category","amt","first","last","gender","street","city","state","zip","lat","long","city_pop","job","dob","trans_num","merch_lat","merch_long","is_fraud","current_time"],"index":[336798],"data":[[376028110684021,"fraud_Christiansen, Goyette and Schamberger","gas_transport",70.37,"Aaron","Murray","M","624 Hale Springs Apt. 572","Meadville","MO",64659,39.7795,-93.3014,964,"Tourist information centre manager","1974-12-23","a71beafdb15e79e48a238091c256fe02",39.359741,-92.728254,0,1731090718228]]}
[2024-11-08T18:32:06.590+0000] {fraud_detection_dag.py:219} INFO - Probabilité de fraude: 0.3671080081570956
[2024-11-08T18:32:06.591+0000] {fraud_detection_dag.py:220} INFO - Est une fraude: False
[2024-11-08T18:32:06.598+0000] {fraud_detection_dag.py:280} INFO - Tentative d'envoi d'email normale...
[2024-11-08T18:32:06.599+0000] {fraud_detection_dag.py:281} INFO - Contenu de l'email:

        ✅ Transaction NORMALE détectée!
        
        Statut: Vert
        Probabilité de fraude: 36.71%
        
        Détails de la transaction:
        --------------------------
        ID Transaction: a71beafdb15e79e48a238091c256fe02
        Montant: 70.37€
        Date/Heure: 2024-11-08 18:31:58
        
        Informations sur le marchand:
        ----------------------------
        Nom: fraud_Christiansen, Goyette and Schamberger
        Ville: Meadville
        État: MO
        
        Informations sur le client:
        --------------------------
        Nom: Aaron Murray
        Ville: Meadville
        
        Cette notification a été générée automatiquement par le système de détection de fraude.
        
[2024-11-08T18:32:11.352+0000] {fraud_detection_dag.py:291} INFO - Email envoyé avec succès
[2024-11-08T18:32:11.354+0000] {python.py:240} INFO - Done. Returned value was: store_normal
[2024-11-08T18:32:11.459+0000] {taskinstance.py:340} INFO - ::group::Post task execution logs
[2024-11-08T18:32:11.462+0000] {taskinstance.py:352} INFO - Marking task as SUCCESS. dag_id=fraud_detection, task_id=notify_normal, run_id=scheduled__2024-11-08T18:30:00+00:00, execution_date=20241108T183000, start_date=20241108T183205, end_date=20241108T183211
[2024-11-08T18:32:11.578+0000] {local_task_job_runner.py:266} INFO - Task exited with return code 0
[2024-11-08T18:32:11.664+0000] {taskinstance.py:3900} INFO - 1 downstream tasks scheduled from follow-on schedule check
[2024-11-08T18:32:11.670+0000] {local_task_job_runner.py:245} INFO - ::endgroup::
