[2024-11-08T18:14:40.931+0000] {local_task_job_runner.py:123} INFO - ::group::Pre task execution logs
[2024-11-08T18:14:41.174+0000] {taskinstance.py:2612} INFO - Dependencies all met for dep_context=non-requeueable deps ti=<TaskInstance: fraud_detection.notify_normal manual__2024-11-08T18:13:16.467075+00:00 [queued]>
[2024-11-08T18:14:41.243+0000] {taskinstance.py:2612} INFO - Dependencies all met for dep_context=requeueable deps ti=<TaskInstance: fraud_detection.notify_normal manual__2024-11-08T18:13:16.467075+00:00 [queued]>
[2024-11-08T18:14:41.261+0000] {taskinstance.py:2865} INFO - Starting attempt 1 of 2
[2024-11-08T18:14:41.322+0000] {taskinstance.py:2888} INFO - Executing <Task(PythonOperator): notify_normal> on 2024-11-08 18:13:16.467075+00:00
[2024-11-08T18:14:41.351+0000] {standard_task_runner.py:104} INFO - Running: ['***', 'tasks', 'run', 'fraud_detection', 'notify_normal', 'manual__2024-11-08T18:13:16.467075+00:00', '--job-id', '198', '--raw', '--subdir', 'DAGS_FOLDER/fraud_detection_dag.py', '--cfg-path', '/tmp/tmpcbxby9b5']
[2024-11-08T18:14:41.355+0000] {standard_task_runner.py:105} INFO - Job 198: Subtask notify_normal
[2024-11-08T18:14:41.372+0000] {warnings.py:112} WARNING - /home/***/.local/lib/python3.12/site-packages/***/task/task_runner/standard_task_runner.py:70: DeprecationWarning: This process (pid=840) is multi-threaded, use of fork() may lead to deadlocks in the child.
  pid = os.fork()

[2024-11-08T18:14:41.374+0000] {standard_task_runner.py:72} INFO - Started process 847 to run task
[2024-11-08T18:14:41.641+0000] {task_command.py:467} INFO - Running <TaskInstance: fraud_detection.notify_normal manual__2024-11-08T18:13:16.467075+00:00 [running]> on host 641085defe8e
[2024-11-08T18:14:42.033+0000] {taskinstance.py:3131} INFO - Exporting env vars: AIRFLOW_CTX_DAG_OWNER='fraud_team' AIRFLOW_CTX_DAG_ID='fraud_detection' AIRFLOW_CTX_TASK_ID='notify_normal' AIRFLOW_CTX_EXECUTION_DATE='2024-11-08T18:13:16.467075+00:00' AIRFLOW_CTX_TRY_NUMBER='1' AIRFLOW_CTX_DAG_RUN_ID='manual__2024-11-08T18:13:16.467075+00:00'
[2024-11-08T18:14:42.034+0000] {taskinstance.py:731} INFO - ::endgroup::
[2024-11-08T18:14:42.241+0000] {fraud_detection_dag.py:218} INFO - Données de transaction récupérées: {"columns":["cc_num","merchant","category","amt","first","last","gender","street","city","state","zip","lat","long","city_pop","job","dob","trans_num","merch_lat","merch_long","is_fraud","current_time"],"index":[504411],"data":[[213157767990030,"fraud_Auer LLC","personal_care",6.42,"Tara","Campbell","F","05050 Rogers Well Apt. 439","Rock Springs","WY",82901,41.606,-109.23,27971,"Music therapist","1984-08-01","1ee456b7ebf0dff3659c5498cdd1c39e",42.436927,-108.459482,0,1731089667169]]}
[2024-11-08T18:14:42.250+0000] {fraud_detection_dag.py:219} INFO - Probabilité de fraude: 0.34005474878157804
[2024-11-08T18:14:42.251+0000] {fraud_detection_dag.py:220} INFO - Est une fraude: False
[2024-11-08T18:14:42.281+0000] {fraud_detection_dag.py:280} INFO - Tentative d'envoi d'email normale...
[2024-11-08T18:14:42.282+0000] {fraud_detection_dag.py:281} INFO - Contenu de l'email:

        ✅ Transaction NORMALE détectée!
        
        Statut: Vert
        Probabilité de fraude: 34.01%
        
        Détails de la transaction:
        --------------------------
        ID Transaction: 1ee456b7ebf0dff3659c5498cdd1c39e
        Montant: 6.42€
        Date/Heure: 2024-11-08 18:14:27
        
        Informations sur le marchand:
        ----------------------------
        Nom: fraud_Auer LLC
        Ville: Rock Springs
        État: WY
        
        Informations sur le client:
        --------------------------
        Nom: Tara Campbell
        Ville: Rock Springs
        
        Cette notification a été générée automatiquement par le système de détection de fraude.
        
[2024-11-08T18:14:44.805+0000] {fraud_detection_dag.py:291} INFO - Email envoyé avec succès
[2024-11-08T18:14:44.806+0000] {python.py:240} INFO - Done. Returned value was: store_normal
[2024-11-08T18:14:44.840+0000] {taskinstance.py:340} INFO - ::group::Post task execution logs
[2024-11-08T18:14:44.841+0000] {taskinstance.py:352} INFO - Marking task as SUCCESS. dag_id=fraud_detection, task_id=notify_normal, run_id=manual__2024-11-08T18:13:16.467075+00:00, execution_date=20241108T181316, start_date=20241108T181441, end_date=20241108T181444
[2024-11-08T18:14:44.926+0000] {local_task_job_runner.py:266} INFO - Task exited with return code 0
[2024-11-08T18:14:45.130+0000] {taskinstance.py:3900} INFO - 1 downstream tasks scheduled from follow-on schedule check
[2024-11-08T18:14:45.145+0000] {local_task_job_runner.py:245} INFO - ::endgroup::
