[2024-11-24T15:18:12.220+0000] {local_task_job_runner.py:123} INFO - ::group::Pre task execution logs
[2024-11-24T15:18:12.252+0000] {taskinstance.py:2612} INFO - Dependencies all met for dep_context=non-requeueable deps ti=<TaskInstance: fraud_detection.store_normal scheduled__2024-11-24T15:16:00+00:00 [queued]>
[2024-11-24T15:18:12.274+0000] {taskinstance.py:2612} INFO - Dependencies all met for dep_context=requeueable deps ti=<TaskInstance: fraud_detection.store_normal scheduled__2024-11-24T15:16:00+00:00 [queued]>
[2024-11-24T15:18:12.275+0000] {taskinstance.py:2865} INFO - Starting attempt 1 of 2
[2024-11-24T15:18:12.307+0000] {taskinstance.py:2888} INFO - Executing <Task(PythonOperator): store_normal> on 2024-11-24 15:16:00+00:00
[2024-11-24T15:18:12.407+0000] {warnings.py:112} WARNING - /home/***/.local/lib/python3.12/site-packages/***/task/task_runner/standard_task_runner.py:70: DeprecationWarning: This process (pid=872) is multi-threaded, use of fork() may lead to deadlocks in the child.
  pid = os.fork()

[2024-11-24T15:18:12.412+0000] {standard_task_runner.py:72} INFO - Started process 892 to run task
[2024-11-24T15:18:12.415+0000] {standard_task_runner.py:104} INFO - Running: ['***', 'tasks', 'run', 'fraud_detection', 'store_normal', 'scheduled__2024-11-24T15:16:00+00:00', '--job-id', '590', '--raw', '--subdir', 'DAGS_FOLDER/fraud_detection_dag.py', '--cfg-path', '/tmp/tmpfps5p5km']
[2024-11-24T15:18:12.422+0000] {standard_task_runner.py:105} INFO - Job 590: Subtask store_normal
[2024-11-24T15:18:12.565+0000] {task_command.py:467} INFO - Running <TaskInstance: fraud_detection.store_normal scheduled__2024-11-24T15:16:00+00:00 [running]> on host 345e92ff26bf
[2024-11-24T15:18:12.824+0000] {taskinstance.py:3131} INFO - Exporting env vars: AIRFLOW_CTX_DAG_OWNER='fraud_team' AIRFLOW_CTX_DAG_ID='fraud_detection' AIRFLOW_CTX_TASK_ID='store_normal' AIRFLOW_CTX_EXECUTION_DATE='2024-11-24T15:16:00+00:00' AIRFLOW_CTX_TRY_NUMBER='1' AIRFLOW_CTX_DAG_RUN_ID='scheduled__2024-11-24T15:16:00+00:00'
[2024-11-24T15:18:12.830+0000] {taskinstance.py:731} INFO - ::endgroup::
[2024-11-24T15:18:12.870+0000] {fraud_detection_dag.py:235} INFO - Tentative de connexion à Neon...
[2024-11-24T15:18:18.568+0000] {fraud_detection_dag.py:241} INFO - Connexion à Neon réussie!
[2024-11-24T15:18:18.699+0000] {fraud_detection_dag.py:248} INFO - Données reçues pour stockage: {"columns":["cc_num","merchant","category","amt","first","last","gender","street","city","state","zip","lat","long","city_pop","job","dob","trans_num","merch_lat","merch_long","is_fraud","current_time"],"index":[347058],"data":[[2720894374956739,"fraud_Friesen-D'Amore","gas_transport",53.65,"Audrey","Hickman","F","3325 Gregory Square","Mount Clemens","MI",48043,42.5978,-82.8823,16305,"Psychologist, sport and exercise","1927-05-25","7386bea80ccc8079109c772314d12630",42.241652,-83.488452,0,1732461472661]]}
[2024-11-24T15:18:18.700+0000] {fraud_detection_dag.py:257} INFO - JSON parsé avec succès
[2024-11-24T15:18:18.705+0000] {fraud_detection_dag.py:261} INFO - DataFrame créé avec 1 lignes
[2024-11-24T15:18:18.708+0000] {fraud_detection_dag.py:266} INFO - Colonne current_time renommée en trans_date_trans_time
[2024-11-24T15:18:18.713+0000] {fraud_detection_dag.py:270} INFO - Conversion du timestamp réussie
[2024-11-24T15:18:18.732+0000] {fraud_detection_dag.py:274} INFO - Indicateur de fraude récupéré: False
[2024-11-24T15:18:18.733+0000] {fraud_detection_dag.py:278} INFO - Colonne is_fraud mise à jour avec la valeur: False
[2024-11-24T15:18:18.734+0000] {fraud_detection_dag.py:282} INFO - Conversion de is_fraud en boolean réussie
[2024-11-24T15:18:18.735+0000] {fraud_detection_dag.py:285} INFO - Colonnes finales avant stockage: ['cc_num', 'merchant', 'category', 'amt', 'first', 'last', 'gender', 'street', 'city', 'state', 'zip', 'lat', 'long', 'city_pop', 'job', 'dob', 'trans_num', 'merch_lat', 'merch_long', 'is_fraud', 'trans_date_trans_time']
[2024-11-24T15:18:18.737+0000] {fraud_detection_dag.py:286} INFO - Types des données: 
cc_num                            int64
merchant                         object
category                         object
amt                             float64
first                            object
last                             object
gender                           object
street                           object
city                             object
state                            object
zip                               int64
lat                             float64
long                            float64
city_pop                          int64
job                              object
dob                              object
trans_num                        object
merch_lat                       float64
merch_long                      float64
is_fraud                           bool
trans_date_trans_time    datetime64[ns]
dtype: object
[2024-11-24T15:18:18.738+0000] {fraud_detection_dag.py:290} INFO - Stockage dans la table: normal_transactions
[2024-11-24T15:18:19.728+0000] {fraud_detection_dag.py:295} INFO - Données stockées avec succès dans la table normal_transactions
[2024-11-24T15:18:19.730+0000] {python.py:240} INFO - Done. Returned value was: None
[2024-11-24T15:18:19.762+0000] {taskinstance.py:340} INFO - ::group::Post task execution logs
[2024-11-24T15:18:19.764+0000] {taskinstance.py:352} INFO - Marking task as SUCCESS. dag_id=fraud_detection, task_id=store_normal, run_id=scheduled__2024-11-24T15:16:00+00:00, execution_date=20241124T151600, start_date=20241124T151812, end_date=20241124T151819
[2024-11-24T15:18:19.906+0000] {local_task_job_runner.py:266} INFO - Task exited with return code 0
[2024-11-24T15:18:19.947+0000] {taskinstance.py:3900} INFO - 1 downstream tasks scheduled from follow-on schedule check
[2024-11-24T15:18:19.963+0000] {local_task_job_runner.py:245} INFO - ::endgroup::
