[2024-11-08T18:29:43.225+0000] {local_task_job_runner.py:123} INFO - ::group::Pre task execution logs
[2024-11-08T18:29:43.276+0000] {taskinstance.py:2612} INFO - Dependencies all met for dep_context=non-requeueable deps ti=<TaskInstance: fraud_detection.process_transaction scheduled__2024-11-08T18:28:00+00:00 [queued]>
[2024-11-08T18:29:43.312+0000] {taskinstance.py:2612} INFO - Dependencies all met for dep_context=requeueable deps ti=<TaskInstance: fraud_detection.process_transaction scheduled__2024-11-08T18:28:00+00:00 [queued]>
[2024-11-08T18:29:43.313+0000] {taskinstance.py:2865} INFO - Starting attempt 1 of 2
[2024-11-08T18:29:43.367+0000] {taskinstance.py:2888} INFO - Executing <Task(BranchPythonOperator): process_transaction> on 2024-11-08 18:28:00+00:00
[2024-11-08T18:29:43.411+0000] {warnings.py:112} WARNING - /home/***/.local/lib/python3.12/site-packages/***/task/task_runner/standard_task_runner.py:70: DeprecationWarning: This process (pid=1451) is multi-threaded, use of fork() may lead to deadlocks in the child.
  pid = os.fork()

[2024-11-08T18:29:43.413+0000] {standard_task_runner.py:72} INFO - Started process 1453 to run task
[2024-11-08T18:29:43.419+0000] {standard_task_runner.py:104} INFO - Running: ['***', 'tasks', 'run', 'fraud_detection', 'process_transaction', 'scheduled__2024-11-08T18:28:00+00:00', '--job-id', '279', '--raw', '--subdir', 'DAGS_FOLDER/fraud_detection_dag.py', '--cfg-path', '/tmp/tmpajtihu__']
[2024-11-08T18:29:43.445+0000] {standard_task_runner.py:105} INFO - Job 279: Subtask process_transaction
[2024-11-08T18:29:43.595+0000] {task_command.py:467} INFO - Running <TaskInstance: fraud_detection.process_transaction scheduled__2024-11-08T18:28:00+00:00 [running]> on host 641085defe8e
[2024-11-08T18:29:43.885+0000] {taskinstance.py:3131} INFO - Exporting env vars: AIRFLOW_CTX_DAG_OWNER='fraud_team' AIRFLOW_CTX_DAG_ID='fraud_detection' AIRFLOW_CTX_TASK_ID='process_transaction' AIRFLOW_CTX_EXECUTION_DATE='2024-11-08T18:28:00+00:00' AIRFLOW_CTX_TRY_NUMBER='1' AIRFLOW_CTX_DAG_RUN_ID='scheduled__2024-11-08T18:28:00+00:00'
[2024-11-08T18:29:43.890+0000] {taskinstance.py:731} INFO - ::endgroup::
[2024-11-08T18:29:43.912+0000] {baseoperator.py:405} WARNING - BranchPythonOperator.execute cannot be called outside TaskInstance!
[2024-11-08T18:29:43.940+0000] {fraud_detection_dag.py:77} INFO - Données récupérées depuis XCom: {"columns":["cc_num","merchant","category","amt","first","last","gender","street","city","state","zip","lat","long","city_pop","job","dob","trans_num","merch_lat","merch_long","is_fraud","current_time"],"index":[106804],"data":[[4464457352619,"fraud_Pacocha-O'Reilly","grocery_pos",99.39,"Breanna","Rodriguez","F","118 Cabrera Springs Apt. 105","Lanark Village","FL",32323,29.8826,-84.5964,217,"Television production assistant","1990-01-24","0d8aa232b04874660304a95f48dac48d",29.923593,-84.879986,0,1731090580211]]}
[2024-11-08T18:29:43.941+0000] {fraud_detection_dag.py:85} INFO - Données JSON parsées avec succès
[2024-11-08T18:29:43.946+0000] {fraud_detection_dag.py:89} INFO - DataFrame créé avec 1 lignes
[2024-11-08T18:29:43.949+0000] {fraud_detection_dag.py:93} INFO - Colonnes renommées avec succès
[2024-11-08T18:29:43.950+0000] {fraud_detection_dag.py:94} INFO - Colonnes disponibles: ['cc_num', 'merchant', 'category', 'amt', 'first', 'last', 'gender', 'street', 'city', 'state', 'zip', 'lat', 'long', 'city_pop', 'job', 'dob', 'trans_num', 'merch_lat', 'merch_long', 'is_fraud', 'trans_date_trans_time']
[2024-11-08T18:29:43.953+0000] {fraud_detection_dag.py:98} INFO - Conversion de trans_date_trans_time en unix_time réussie
[2024-11-08T18:29:43.989+0000] {fraud_detection_dag.py:107} INFO - Transformation des données...
[2024-11-08T18:29:45.098+0000] {warnings.py:112} WARNING - /home/***/.local/lib/python3.12/site-packages/sklearn/ensemble/_base.py:172: UserWarning: Loky-backed parallel loops cannot be called in a multiprocessing, setting n_jobs=1
  n_jobs = min(effective_n_jobs(n_jobs), n_estimators)

[2024-11-08T18:29:45.125+0000] {warnings.py:112} WARNING - /home/***/.local/lib/python3.12/site-packages/sklearn/ensemble/_base.py:172: UserWarning: Loky-backed parallel loops cannot be called in a multiprocessing, setting n_jobs=1
  n_jobs = min(effective_n_jobs(n_jobs), n_estimators)

[2024-11-08T18:29:45.131+0000] {fraud_detection_dag.py:119} INFO - Prediction de fraude: NORMAL, Probabilité: 34.60%
[2024-11-08T18:29:45.220+0000] {fraud_detection_dag.py:125} INFO - Prédiction: NORMAL (Probabilité: 34.60%)
[2024-11-08T18:29:45.221+0000] {python.py:240} INFO - Done. Returned value was: notify_normal
[2024-11-08T18:29:45.225+0000] {branch.py:38} INFO - Branch into notify_normal
[2024-11-08T18:29:45.229+0000] {skipmixin.py:230} INFO - Following branch ('notify_normal',)
[2024-11-08T18:29:45.279+0000] {skipmixin.py:278} INFO - Skipping tasks [('skip_processing', -1), ('notify_fraud', -1)]
[2024-11-08T18:29:45.381+0000] {taskinstance.py:340} INFO - ::group::Post task execution logs
[2024-11-08T18:29:45.382+0000] {taskinstance.py:352} INFO - Marking task as SUCCESS. dag_id=fraud_detection, task_id=process_transaction, run_id=scheduled__2024-11-08T18:28:00+00:00, execution_date=20241108T182800, start_date=20241108T182943, end_date=20241108T182945
[2024-11-08T18:29:45.438+0000] {local_task_job_runner.py:266} INFO - Task exited with return code 0
[2024-11-08T18:29:45.530+0000] {taskinstance.py:3900} INFO - 1 downstream tasks scheduled from follow-on schedule check
[2024-11-08T18:29:45.554+0000] {local_task_job_runner.py:245} INFO - ::endgroup::
