[2024-11-08T18:22:58.111+0000] {local_task_job_runner.py:123} INFO - ::group::Pre task execution logs
[2024-11-08T18:22:58.190+0000] {taskinstance.py:2612} INFO - Dependencies all met for dep_context=non-requeueable deps ti=<TaskInstance: fraud_detection.notify_normal scheduled__2024-11-08T18:21:00+00:00 [queued]>
[2024-11-08T18:22:58.226+0000] {taskinstance.py:2612} INFO - Dependencies all met for dep_context=requeueable deps ti=<TaskInstance: fraud_detection.notify_normal scheduled__2024-11-08T18:21:00+00:00 [queued]>
[2024-11-08T18:22:58.233+0000] {taskinstance.py:2865} INFO - Starting attempt 1 of 2
[2024-11-08T18:22:58.285+0000] {taskinstance.py:2888} INFO - Executing <Task(PythonOperator): notify_normal> on 2024-11-08 18:21:00+00:00
[2024-11-08T18:22:58.299+0000] {warnings.py:112} WARNING - /home/***/.local/lib/python3.12/site-packages/***/task/task_runner/standard_task_runner.py:70: DeprecationWarning: This process (pid=1185) is multi-threaded, use of fork() may lead to deadlocks in the child.
  pid = os.fork()

[2024-11-08T18:22:58.301+0000] {standard_task_runner.py:72} INFO - Started process 1187 to run task
[2024-11-08T18:22:58.301+0000] {standard_task_runner.py:104} INFO - Running: ['***', 'tasks', 'run', 'fraud_detection', 'notify_normal', 'scheduled__2024-11-08T18:21:00+00:00', '--job-id', '244', '--raw', '--subdir', 'DAGS_FOLDER/fraud_detection_dag.py', '--cfg-path', '/tmp/tmpjf06nt47']
[2024-11-08T18:22:58.307+0000] {standard_task_runner.py:105} INFO - Job 244: Subtask notify_normal
[2024-11-08T18:22:58.401+0000] {task_command.py:467} INFO - Running <TaskInstance: fraud_detection.notify_normal scheduled__2024-11-08T18:21:00+00:00 [running]> on host 641085defe8e
[2024-11-08T18:22:58.548+0000] {taskinstance.py:3131} INFO - Exporting env vars: AIRFLOW_CTX_DAG_OWNER='fraud_team' AIRFLOW_CTX_DAG_ID='fraud_detection' AIRFLOW_CTX_TASK_ID='notify_normal' AIRFLOW_CTX_EXECUTION_DATE='2024-11-08T18:21:00+00:00' AIRFLOW_CTX_TRY_NUMBER='1' AIRFLOW_CTX_DAG_RUN_ID='scheduled__2024-11-08T18:21:00+00:00'
[2024-11-08T18:22:58.551+0000] {taskinstance.py:731} INFO - ::endgroup::
[2024-11-08T18:22:58.620+0000] {fraud_detection_dag.py:218} INFO - Données de transaction récupérées: {"columns":["cc_num","merchant","category","amt","first","last","gender","street","city","state","zip","lat","long","city_pop","job","dob","trans_num","merch_lat","merch_long","is_fraud","current_time"],"index":[333796],"data":[[4092452671396169678,"fraud_Bradtke PLC","grocery_pos",156.15,"Jeffrey","Vargas","M","478 Alexandria Mount","Bolton","NC",28423,34.3091,-78.3372,2290,"Engineer, biomedical","1945-12-07","cabd20bebdb726672436d584721ee0ce",33.8858,-78.861947,0,1731090168345]]}
[2024-11-08T18:22:58.621+0000] {fraud_detection_dag.py:219} INFO - Probabilité de fraude: 0.4061144416916239
[2024-11-08T18:22:58.622+0000] {fraud_detection_dag.py:220} INFO - Est une fraude: False
[2024-11-08T18:22:58.631+0000] {fraud_detection_dag.py:280} INFO - Tentative d'envoi d'email normale...
[2024-11-08T18:22:58.633+0000] {fraud_detection_dag.py:281} INFO - Contenu de l'email:

        ✅ Transaction NORMALE détectée!
        
        Statut: Vert
        Probabilité de fraude: 40.61%
        
        Détails de la transaction:
        --------------------------
        ID Transaction: cabd20bebdb726672436d584721ee0ce
        Montant: 156.15€
        Date/Heure: 2024-11-08 18:22:48
        
        Informations sur le marchand:
        ----------------------------
        Nom: fraud_Bradtke PLC
        Ville: Bolton
        État: NC
        
        Informations sur le client:
        --------------------------
        Nom: Jeffrey Vargas
        Ville: Bolton
        
        Cette notification a été générée automatiquement par le système de détection de fraude.
        
[2024-11-08T18:23:04.480+0000] {fraud_detection_dag.py:291} INFO - Email envoyé avec succès
[2024-11-08T18:23:04.481+0000] {python.py:240} INFO - Done. Returned value was: store_normal
[2024-11-08T18:23:04.561+0000] {taskinstance.py:340} INFO - ::group::Post task execution logs
[2024-11-08T18:23:04.563+0000] {taskinstance.py:352} INFO - Marking task as SUCCESS. dag_id=fraud_detection, task_id=notify_normal, run_id=scheduled__2024-11-08T18:21:00+00:00, execution_date=20241108T182100, start_date=20241108T182258, end_date=20241108T182304
[2024-11-08T18:23:04.622+0000] {local_task_job_runner.py:266} INFO - Task exited with return code 0
[2024-11-08T18:23:04.651+0000] {taskinstance.py:3900} INFO - 0 downstream tasks scheduled from follow-on schedule check
[2024-11-08T18:23:04.654+0000] {local_task_job_runner.py:245} INFO - ::endgroup::
