[2024-11-24T15:16:41.766+0000] {local_task_job_runner.py:123} INFO - ::group::Pre task execution logs
[2024-11-24T15:16:41.880+0000] {taskinstance.py:2612} INFO - Dependencies all met for dep_context=non-requeueable deps ti=<TaskInstance: fraud_detection.load_dependencies manual__2024-11-24T15:16:32.852927+00:00 [queued]>
[2024-11-24T15:16:41.924+0000] {taskinstance.py:2612} INFO - Dependencies all met for dep_context=requeueable deps ti=<TaskInstance: fraud_detection.load_dependencies manual__2024-11-24T15:16:32.852927+00:00 [queued]>
[2024-11-24T15:16:41.926+0000] {taskinstance.py:2865} INFO - Starting attempt 1 of 2
[2024-11-24T15:16:41.969+0000] {taskinstance.py:2888} INFO - Executing <Task(PythonOperator): load_dependencies> on 2024-11-24 15:16:32.852927+00:00
[2024-11-24T15:16:42.006+0000] {warnings.py:112} WARNING - /home/***/.local/lib/python3.12/site-packages/***/task/task_runner/standard_task_runner.py:70: DeprecationWarning: This process (pid=718) is multi-threaded, use of fork() may lead to deadlocks in the child.
  pid = os.fork()

[2024-11-24T15:16:42.012+0000] {standard_task_runner.py:72} INFO - Started process 734 to run task
[2024-11-24T15:16:42.029+0000] {standard_task_runner.py:104} INFO - Running: ['***', 'tasks', 'run', 'fraud_detection', 'load_dependencies', 'manual__2024-11-24T15:16:32.852927+00:00', '--job-id', '574', '--raw', '--subdir', 'DAGS_FOLDER/fraud_detection_dag.py', '--cfg-path', '/tmp/tmp8fsjk9am']
[2024-11-24T15:16:42.052+0000] {standard_task_runner.py:105} INFO - Job 574: Subtask load_dependencies
[2024-11-24T15:16:42.273+0000] {task_command.py:467} INFO - Running <TaskInstance: fraud_detection.load_dependencies manual__2024-11-24T15:16:32.852927+00:00 [running]> on host 345e92ff26bf
[2024-11-24T15:16:42.774+0000] {taskinstance.py:3131} INFO - Exporting env vars: AIRFLOW_CTX_DAG_OWNER='fraud_team' AIRFLOW_CTX_DAG_ID='fraud_detection' AIRFLOW_CTX_TASK_ID='load_dependencies' AIRFLOW_CTX_EXECUTION_DATE='2024-11-24T15:16:32.852927+00:00' AIRFLOW_CTX_TRY_NUMBER='1' AIRFLOW_CTX_DAG_RUN_ID='manual__2024-11-24T15:16:32.852927+00:00'
[2024-11-24T15:16:42.786+0000] {taskinstance.py:731} INFO - ::endgroup::
[2024-11-24T15:16:42.818+0000] {fraud_detection_dag.py:27} INFO - Chargement des dépendances depuis S3...
[2024-11-24T15:17:12.852+0000] {fraud_detection_dag.py:43} INFO - Modèle chargé avec succès
[2024-11-24T15:17:13.405+0000] {fraud_detection_dag.py:48} INFO - ETL chargé avec succès
[2024-11-24T15:17:13.636+0000] {python.py:240} INFO - Done. Returned value was: True
[2024-11-24T15:17:13.757+0000] {taskinstance.py:340} INFO - ::group::Post task execution logs
[2024-11-24T15:17:13.762+0000] {taskinstance.py:352} INFO - Marking task as SUCCESS. dag_id=fraud_detection, task_id=load_dependencies, run_id=manual__2024-11-24T15:16:32.852927+00:00, execution_date=20241124T151632, start_date=20241124T151641, end_date=20241124T151713
[2024-11-24T15:17:13.888+0000] {local_task_job_runner.py:266} INFO - Task exited with return code 0
[2024-11-24T15:17:14.052+0000] {taskinstance.py:3900} INFO - 1 downstream tasks scheduled from follow-on schedule check
[2024-11-24T15:17:14.067+0000] {local_task_job_runner.py:245} INFO - ::endgroup::
