[2024-11-23T16:55:00.570+0000] {local_task_job_runner.py:123} INFO - ::group::Pre task execution logs
[2024-11-23T16:55:00.644+0000] {taskinstance.py:2612} INFO - Dependencies all met for dep_context=non-requeueable deps ti=<TaskInstance: fraud_detection.notify_normal scheduled__2024-11-23T16:53:00+00:00 [queued]>
[2024-11-23T16:55:00.681+0000] {taskinstance.py:2612} INFO - Dependencies all met for dep_context=requeueable deps ti=<TaskInstance: fraud_detection.notify_normal scheduled__2024-11-23T16:53:00+00:00 [queued]>
[2024-11-23T16:55:00.682+0000] {taskinstance.py:2865} INFO - Starting attempt 1 of 2
[2024-11-23T16:55:00.719+0000] {taskinstance.py:2888} INFO - Executing <Task(PythonOperator): notify_normal> on 2024-11-23 16:53:00+00:00
[2024-11-23T16:55:00.743+0000] {warnings.py:112} WARNING - /home/***/.local/lib/python3.12/site-packages/***/task/task_runner/standard_task_runner.py:70: DeprecationWarning: This process (pid=431) is multi-threaded, use of fork() may lead to deadlocks in the child.
  pid = os.fork()

[2024-11-23T16:55:00.745+0000] {standard_task_runner.py:72} INFO - Started process 437 to run task
[2024-11-23T16:55:00.755+0000] {standard_task_runner.py:104} INFO - Running: ['***', 'tasks', 'run', 'fraud_detection', 'notify_normal', 'scheduled__2024-11-23T16:53:00+00:00', '--job-id', '45', '--raw', '--subdir', 'DAGS_FOLDER/fraud_detection_dag.py', '--cfg-path', '/tmp/tmpkc438hpd']
[2024-11-23T16:55:00.766+0000] {standard_task_runner.py:105} INFO - Job 45: Subtask notify_normal
[2024-11-23T16:55:00.952+0000] {task_command.py:467} INFO - Running <TaskInstance: fraud_detection.notify_normal scheduled__2024-11-23T16:53:00+00:00 [running]> on host 345e92ff26bf
[2024-11-23T16:55:01.241+0000] {taskinstance.py:3131} INFO - Exporting env vars: AIRFLOW_CTX_DAG_OWNER='fraud_team' AIRFLOW_CTX_DAG_ID='fraud_detection' AIRFLOW_CTX_TASK_ID='notify_normal' AIRFLOW_CTX_EXECUTION_DATE='2024-11-23T16:53:00+00:00' AIRFLOW_CTX_TRY_NUMBER='1' AIRFLOW_CTX_DAG_RUN_ID='scheduled__2024-11-23T16:53:00+00:00'
[2024-11-23T16:55:01.244+0000] {taskinstance.py:731} INFO - ::endgroup::
[2024-11-23T16:55:01.484+0000] {fraud_detection_dag.py:219} INFO - Données de transaction récupérées: {"columns":["cc_num","merchant","category","amt","first","last","gender","street","city","state","zip","lat","long","city_pop","job","dob","trans_num","merch_lat","merch_long","is_fraud","current_time"],"index":[490248],"data":[[6597888193422452,"fraud_Daugherty, Pouros and Beahan","shopping_pos",9.94,"Bill","Lane","M","4725 Hurst Curve Apt. 634","Holliday","TX",76366,33.6751,-98.6576,2317,"Chief Technology Officer","1964-08-23","926764c348d84193e6bc4dd914a59e0e",32.985259,-98.199579,0,1732380888989]]}
[2024-11-23T16:55:01.485+0000] {fraud_detection_dag.py:220} INFO - Probabilité de fraude: 0.37488165857010175
[2024-11-23T16:55:01.485+0000] {fraud_detection_dag.py:221} INFO - Est une fraude: False
[2024-11-23T16:55:01.565+0000] {fraud_detection_dag.py:281} INFO - Tentative d'envoi d'email normale...
[2024-11-23T16:55:01.566+0000] {fraud_detection_dag.py:282} INFO - Contenu de l'email:

        ✅ Transaction NORMALE détectée!
        
        Statut: Vert
        Probabilité de fraude: 37.49%
        
        Détails de la transaction:
        --------------------------
        ID Transaction: 926764c348d84193e6bc4dd914a59e0e
        Montant: 9.94€
        Date/Heure: 2024-11-23 16:54:48
        
        Informations sur le marchand:
        ----------------------------
        Nom: fraud_Daugherty, Pouros and Beahan
        Ville: Holliday
        État: TX
        
        Informations sur le client:
        --------------------------
        Nom: Bill Lane
        Ville: Holliday
        
        Cette notification a été générée automatiquement par le système de détection de fraude.
        
[2024-11-23T16:55:05.944+0000] {fraud_detection_dag.py:292} INFO - Email envoyé avec succès
[2024-11-23T16:55:05.948+0000] {python.py:240} INFO - Done. Returned value was: store_normal
[2024-11-23T16:55:06.133+0000] {taskinstance.py:340} INFO - ::group::Post task execution logs
[2024-11-23T16:55:06.133+0000] {taskinstance.py:352} INFO - Marking task as SUCCESS. dag_id=fraud_detection, task_id=notify_normal, run_id=scheduled__2024-11-23T16:53:00+00:00, execution_date=20241123T165300, start_date=20241123T165500, end_date=20241123T165506
[2024-11-23T16:55:06.172+0000] {local_task_job_runner.py:266} INFO - Task exited with return code 0
[2024-11-23T16:55:06.207+0000] {taskinstance.py:3900} INFO - 1 downstream tasks scheduled from follow-on schedule check
[2024-11-23T16:55:06.212+0000] {local_task_job_runner.py:245} INFO - ::endgroup::
