[2024-11-22T18:41:03.005+0000] {local_task_job_runner.py:123} INFO - ::group::Pre task execution logs
[2024-11-22T18:41:03.051+0000] {taskinstance.py:2612} INFO - Dependencies all met for dep_context=non-requeueable deps ti=<TaskInstance: fraud_detection.notify_normal scheduled__2024-11-08T18:54:00+00:00 [queued]>
[2024-11-22T18:41:03.076+0000] {taskinstance.py:2612} INFO - Dependencies all met for dep_context=requeueable deps ti=<TaskInstance: fraud_detection.notify_normal scheduled__2024-11-08T18:54:00+00:00 [queued]>
[2024-11-22T18:41:03.077+0000] {taskinstance.py:2865} INFO - Starting attempt 1 of 2
[2024-11-22T18:41:03.149+0000] {taskinstance.py:2888} INFO - Executing <Task(PythonOperator): notify_normal> on 2024-11-08 18:54:00+00:00
[2024-11-22T18:41:03.211+0000] {warnings.py:112} WARNING - /home/***/.local/lib/python3.12/site-packages/***/task/task_runner/standard_task_runner.py:70: DeprecationWarning: This process (pid=126) is multi-threaded, use of fork() may lead to deadlocks in the child.
  pid = os.fork()

[2024-11-22T18:41:03.214+0000] {standard_task_runner.py:72} INFO - Started process 130 to run task
[2024-11-22T18:41:03.214+0000] {standard_task_runner.py:104} INFO - Running: ['***', 'tasks', 'run', 'fraud_detection', 'notify_normal', 'scheduled__2024-11-08T18:54:00+00:00', '--job-id', '352', '--raw', '--subdir', 'DAGS_FOLDER/fraud_detection_dag.py', '--cfg-path', '/tmp/tmplg6u4tll']
[2024-11-22T18:41:03.218+0000] {standard_task_runner.py:105} INFO - Job 352: Subtask notify_normal
[2024-11-22T18:41:03.694+0000] {task_command.py:467} INFO - Running <TaskInstance: fraud_detection.notify_normal scheduled__2024-11-08T18:54:00+00:00 [running]> on host c6af8dbaf1e5
[2024-11-22T18:41:04.088+0000] {taskinstance.py:3131} INFO - Exporting env vars: AIRFLOW_CTX_DAG_OWNER='fraud_team' AIRFLOW_CTX_DAG_ID='fraud_detection' AIRFLOW_CTX_TASK_ID='notify_normal' AIRFLOW_CTX_EXECUTION_DATE='2024-11-08T18:54:00+00:00' AIRFLOW_CTX_TRY_NUMBER='1' AIRFLOW_CTX_DAG_RUN_ID='scheduled__2024-11-08T18:54:00+00:00'
[2024-11-22T18:41:04.096+0000] {taskinstance.py:731} INFO - ::endgroup::
[2024-11-22T18:41:04.299+0000] {fraud_detection_dag.py:218} INFO - Données de transaction récupérées: {"columns":["cc_num","merchant","category","amt","first","last","gender","street","city","state","zip","lat","long","city_pop","job","dob","trans_num","merch_lat","merch_long","is_fraud","current_time"],"index":[209789],"data":[[2706977570537524,"fraud_Stark-Batz","entertainment",68.54,"David","Serrano","M","4739 Martin Common","Zaleski","OH",45698,39.283,-82.3977,341,"Accounting technician","1978-12-18","eaa1fb0ccf0de8b8682e48cb6cd78967",39.489199,-82.634886,0,1732300850534]]}
[2024-11-22T18:41:04.301+0000] {fraud_detection_dag.py:219} INFO - Probabilité de fraude: 0.34442893311829237
[2024-11-22T18:41:04.301+0000] {fraud_detection_dag.py:220} INFO - Est une fraude: False
[2024-11-22T18:41:04.321+0000] {fraud_detection_dag.py:280} INFO - Tentative d'envoi d'email normale...
[2024-11-22T18:41:04.322+0000] {fraud_detection_dag.py:281} INFO - Contenu de l'email:

        ✅ Transaction NORMALE détectée!
        
        Statut: Vert
        Probabilité de fraude: 34.44%
        
        Détails de la transaction:
        --------------------------
        ID Transaction: eaa1fb0ccf0de8b8682e48cb6cd78967
        Montant: 68.54€
        Date/Heure: 2024-11-22 18:40:50
        
        Informations sur le marchand:
        ----------------------------
        Nom: fraud_Stark-Batz
        Ville: Zaleski
        État: OH
        
        Informations sur le client:
        --------------------------
        Nom: David Serrano
        Ville: Zaleski
        
        Cette notification a été générée automatiquement par le système de détection de fraude.
        
[2024-11-22T18:41:06.902+0000] {fraud_detection_dag.py:291} INFO - Email envoyé avec succès
[2024-11-22T18:41:06.904+0000] {python.py:240} INFO - Done. Returned value was: store_normal
[2024-11-22T18:41:06.956+0000] {taskinstance.py:340} INFO - ::group::Post task execution logs
[2024-11-22T18:41:06.957+0000] {taskinstance.py:352} INFO - Marking task as SUCCESS. dag_id=fraud_detection, task_id=notify_normal, run_id=scheduled__2024-11-08T18:54:00+00:00, execution_date=20241108T185400, start_date=20241122T184103, end_date=20241122T184106
[2024-11-22T18:41:07.038+0000] {local_task_job_runner.py:266} INFO - Task exited with return code 0
[2024-11-22T18:41:07.147+0000] {taskinstance.py:3900} INFO - 1 downstream tasks scheduled from follow-on schedule check
[2024-11-22T18:41:07.151+0000] {local_task_job_runner.py:245} INFO - ::endgroup::
