[2024-11-24T15:15:07.074+0000] {local_task_job_runner.py:123} INFO - ::group::Pre task execution logs
[2024-11-24T15:15:07.193+0000] {taskinstance.py:2612} INFO - Dependencies all met for dep_context=non-requeueable deps ti=<TaskInstance: fraud_detection.notify_normal scheduled__2024-11-24T15:13:00+00:00 [queued]>
[2024-11-24T15:15:07.247+0000] {taskinstance.py:2612} INFO - Dependencies all met for dep_context=requeueable deps ti=<TaskInstance: fraud_detection.notify_normal scheduled__2024-11-24T15:13:00+00:00 [queued]>
[2024-11-24T15:15:07.249+0000] {taskinstance.py:2865} INFO - Starting attempt 1 of 2
[2024-11-24T15:15:07.313+0000] {taskinstance.py:2888} INFO - Executing <Task(PythonOperator): notify_normal> on 2024-11-24 15:13:00+00:00
[2024-11-24T15:15:07.357+0000] {warnings.py:112} WARNING - /home/***/.local/lib/python3.12/site-packages/***/task/task_runner/standard_task_runner.py:70: DeprecationWarning: This process (pid=601) is multi-threaded, use of fork() may lead to deadlocks in the child.
  pid = os.fork()

[2024-11-24T15:15:07.381+0000] {standard_task_runner.py:72} INFO - Started process 615 to run task
[2024-11-24T15:15:07.386+0000] {standard_task_runner.py:104} INFO - Running: ['***', 'tasks', 'run', 'fraud_detection', 'notify_normal', 'scheduled__2024-11-24T15:13:00+00:00', '--job-id', '563', '--raw', '--subdir', 'DAGS_FOLDER/fraud_detection_dag.py', '--cfg-path', '/tmp/tmpkzwtvuv2']
[2024-11-24T15:15:07.404+0000] {standard_task_runner.py:105} INFO - Job 563: Subtask notify_normal
[2024-11-24T15:15:07.570+0000] {task_command.py:467} INFO - Running <TaskInstance: fraud_detection.notify_normal scheduled__2024-11-24T15:13:00+00:00 [running]> on host 345e92ff26bf
[2024-11-24T15:15:08.116+0000] {taskinstance.py:3131} INFO - Exporting env vars: AIRFLOW_CTX_DAG_OWNER='fraud_team' AIRFLOW_CTX_DAG_ID='fraud_detection' AIRFLOW_CTX_TASK_ID='notify_normal' AIRFLOW_CTX_EXECUTION_DATE='2024-11-24T15:13:00+00:00' AIRFLOW_CTX_TRY_NUMBER='1' AIRFLOW_CTX_DAG_RUN_ID='scheduled__2024-11-24T15:13:00+00:00'
[2024-11-24T15:15:08.121+0000] {taskinstance.py:731} INFO - ::endgroup::
[2024-11-24T15:15:08.331+0000] {fraud_detection_dag.py:144} INFO - Données de transaction récupérées: {"columns":["cc_num","merchant","category","amt","first","last","gender","street","city","state","zip","lat","long","city_pop","job","dob","trans_num","merch_lat","merch_long","is_fraud","current_time"],"index":[16202],"data":[[503874407318,"fraud_Crooks and Sons","personal_care",2.78,"Andrew","Mcgee","M","4130 Tiffany Glen Apt. 562","San Antonio","TX",78248,29.5894,-98.5201,1595797,"Exhibition designer","1975-12-28","3b31d08463a99f772f5f62d800be85ec",29.20342,-98.486057,0,1732461290284]]}
[2024-11-24T15:15:08.334+0000] {fraud_detection_dag.py:145} INFO - Probabilité de fraude: 0.2801210303017292
[2024-11-24T15:15:08.336+0000] {fraud_detection_dag.py:146} INFO - Est une fraude: False
[2024-11-24T15:15:08.349+0000] {fraud_detection_dag.py:206} INFO - Tentative d'envoi d'email normale...
[2024-11-24T15:15:08.357+0000] {fraud_detection_dag.py:207} INFO - Contenu de l'email:

        ✅ Transaction NORMALE détectée!
        
        Statut: Vert
        Probabilité de fraude: 28.01%
        
        Détails de la transaction:
        --------------------------
        ID Transaction: 3b31d08463a99f772f5f62d800be85ec
        Montant: 2.78€
        Date/Heure: 2024-11-24 15:14:50
        
        Informations sur le marchand:
        ----------------------------
        Nom: fraud_Crooks and Sons
        Ville: San Antonio
        État: TX
        
        Informations sur le client:
        --------------------------
        Nom: Andrew Mcgee
        Ville: San Antonio
        
        Cette notification a été générée automatiquement par le système de détection de fraude.
        
[2024-11-24T15:15:10.258+0000] {fraud_detection_dag.py:217} INFO - Email envoyé avec succès
[2024-11-24T15:15:10.263+0000] {python.py:240} INFO - Done. Returned value was: store_normal
[2024-11-24T15:15:10.351+0000] {taskinstance.py:340} INFO - ::group::Post task execution logs
[2024-11-24T15:15:10.355+0000] {taskinstance.py:352} INFO - Marking task as SUCCESS. dag_id=fraud_detection, task_id=notify_normal, run_id=scheduled__2024-11-24T15:13:00+00:00, execution_date=20241124T151300, start_date=20241124T151507, end_date=20241124T151510
[2024-11-24T15:15:10.495+0000] {local_task_job_runner.py:266} INFO - Task exited with return code 0
[2024-11-24T15:15:10.637+0000] {taskinstance.py:3900} INFO - 1 downstream tasks scheduled from follow-on schedule check
[2024-11-24T15:15:10.655+0000] {local_task_job_runner.py:245} INFO - ::endgroup::
