[2024-11-08T18:29:48.573+0000] {local_task_job_runner.py:123} INFO - ::group::Pre task execution logs
[2024-11-08T18:29:48.710+0000] {taskinstance.py:2612} INFO - Dependencies all met for dep_context=non-requeueable deps ti=<TaskInstance: fraud_detection.notify_normal scheduled__2024-11-08T18:28:00+00:00 [queued]>
[2024-11-08T18:29:48.764+0000] {taskinstance.py:2612} INFO - Dependencies all met for dep_context=requeueable deps ti=<TaskInstance: fraud_detection.notify_normal scheduled__2024-11-08T18:28:00+00:00 [queued]>
[2024-11-08T18:29:48.764+0000] {taskinstance.py:2865} INFO - Starting attempt 1 of 2
[2024-11-08T18:29:48.814+0000] {taskinstance.py:2888} INFO - Executing <Task(PythonOperator): notify_normal> on 2024-11-08 18:28:00+00:00
[2024-11-08T18:29:48.835+0000] {warnings.py:112} WARNING - /home/***/.local/lib/python3.12/site-packages/***/task/task_runner/standard_task_runner.py:70: DeprecationWarning: This process (pid=1458) is multi-threaded, use of fork() may lead to deadlocks in the child.
  pid = os.fork()

[2024-11-08T18:29:48.838+0000] {standard_task_runner.py:72} INFO - Started process 1460 to run task
[2024-11-08T18:29:48.837+0000] {standard_task_runner.py:104} INFO - Running: ['***', 'tasks', 'run', 'fraud_detection', 'notify_normal', 'scheduled__2024-11-08T18:28:00+00:00', '--job-id', '280', '--raw', '--subdir', 'DAGS_FOLDER/fraud_detection_dag.py', '--cfg-path', '/tmp/tmpvwpwh6b9']
[2024-11-08T18:29:48.844+0000] {standard_task_runner.py:105} INFO - Job 280: Subtask notify_normal
[2024-11-08T18:29:48.994+0000] {task_command.py:467} INFO - Running <TaskInstance: fraud_detection.notify_normal scheduled__2024-11-08T18:28:00+00:00 [running]> on host 641085defe8e
[2024-11-08T18:29:49.258+0000] {taskinstance.py:3131} INFO - Exporting env vars: AIRFLOW_CTX_DAG_OWNER='fraud_team' AIRFLOW_CTX_DAG_ID='fraud_detection' AIRFLOW_CTX_TASK_ID='notify_normal' AIRFLOW_CTX_EXECUTION_DATE='2024-11-08T18:28:00+00:00' AIRFLOW_CTX_TRY_NUMBER='1' AIRFLOW_CTX_DAG_RUN_ID='scheduled__2024-11-08T18:28:00+00:00'
[2024-11-08T18:29:49.259+0000] {taskinstance.py:731} INFO - ::endgroup::
[2024-11-08T18:29:49.467+0000] {fraud_detection_dag.py:218} INFO - Données de transaction récupérées: {"columns":["cc_num","merchant","category","amt","first","last","gender","street","city","state","zip","lat","long","city_pop","job","dob","trans_num","merch_lat","merch_long","is_fraud","current_time"],"index":[106804],"data":[[4464457352619,"fraud_Pacocha-O'Reilly","grocery_pos",99.39,"Breanna","Rodriguez","F","118 Cabrera Springs Apt. 105","Lanark Village","FL",32323,29.8826,-84.5964,217,"Television production assistant","1990-01-24","0d8aa232b04874660304a95f48dac48d",29.923593,-84.879986,0,1731090580211]]}
[2024-11-08T18:29:49.468+0000] {fraud_detection_dag.py:219} INFO - Probabilité de fraude: 0.34602225952743615
[2024-11-08T18:29:49.469+0000] {fraud_detection_dag.py:220} INFO - Est une fraude: False
[2024-11-08T18:29:49.478+0000] {fraud_detection_dag.py:280} INFO - Tentative d'envoi d'email normale...
[2024-11-08T18:29:49.481+0000] {fraud_detection_dag.py:281} INFO - Contenu de l'email:

        ✅ Transaction NORMALE détectée!
        
        Statut: Vert
        Probabilité de fraude: 34.60%
        
        Détails de la transaction:
        --------------------------
        ID Transaction: 0d8aa232b04874660304a95f48dac48d
        Montant: 99.39€
        Date/Heure: 2024-11-08 18:29:40
        
        Informations sur le marchand:
        ----------------------------
        Nom: fraud_Pacocha-O'Reilly
        Ville: Lanark Village
        État: FL
        
        Informations sur le client:
        --------------------------
        Nom: Breanna Rodriguez
        Ville: Lanark Village
        
        Cette notification a été générée automatiquement par le système de détection de fraude.
        
[2024-11-08T18:29:52.833+0000] {fraud_detection_dag.py:291} INFO - Email envoyé avec succès
[2024-11-08T18:29:52.834+0000] {python.py:240} INFO - Done. Returned value was: store_normal
[2024-11-08T18:29:52.930+0000] {taskinstance.py:340} INFO - ::group::Post task execution logs
[2024-11-08T18:29:52.931+0000] {taskinstance.py:352} INFO - Marking task as SUCCESS. dag_id=fraud_detection, task_id=notify_normal, run_id=scheduled__2024-11-08T18:28:00+00:00, execution_date=20241108T182800, start_date=20241108T182948, end_date=20241108T182952
[2024-11-08T18:29:52.987+0000] {local_task_job_runner.py:266} INFO - Task exited with return code 0
[2024-11-08T18:29:53.065+0000] {taskinstance.py:3900} INFO - 1 downstream tasks scheduled from follow-on schedule check
[2024-11-08T18:29:53.072+0000] {local_task_job_runner.py:245} INFO - ::endgroup::
