[2024-11-23T17:22:43.160+0000] {local_task_job_runner.py:123} INFO - ::group::Pre task execution logs
[2024-11-23T17:22:43.191+0000] {taskinstance.py:2612} INFO - Dependencies all met for dep_context=non-requeueable deps ti=<TaskInstance: fraud_detection.process_transaction scheduled__2024-11-23T17:21:00+00:00 [queued]>
[2024-11-23T17:22:43.206+0000] {taskinstance.py:2612} INFO - Dependencies all met for dep_context=requeueable deps ti=<TaskInstance: fraud_detection.process_transaction scheduled__2024-11-23T17:21:00+00:00 [queued]>
[2024-11-23T17:22:43.207+0000] {taskinstance.py:2865} INFO - Starting attempt 1 of 2
[2024-11-23T17:22:43.236+0000] {taskinstance.py:2888} INFO - Executing <Task(BranchPythonOperator): process_transaction> on 2024-11-23 17:21:00+00:00
[2024-11-23T17:22:43.257+0000] {warnings.py:112} WARNING - /home/***/.local/lib/python3.12/site-packages/***/task/task_runner/standard_task_runner.py:70: DeprecationWarning: This process (pid=2234) is multi-threaded, use of fork() may lead to deadlocks in the child.
  pid = os.fork()

[2024-11-23T17:22:43.260+0000] {standard_task_runner.py:72} INFO - Started process 2239 to run task
[2024-11-23T17:22:43.261+0000] {standard_task_runner.py:104} INFO - Running: ['***', 'tasks', 'run', 'fraud_detection', 'process_transaction', 'scheduled__2024-11-23T17:21:00+00:00', '--job-id', '222', '--raw', '--subdir', 'DAGS_FOLDER/fraud_detection_dag.py', '--cfg-path', '/tmp/tmpihuychwv']
[2024-11-23T17:22:43.268+0000] {standard_task_runner.py:105} INFO - Job 222: Subtask process_transaction
[2024-11-23T17:22:43.366+0000] {task_command.py:467} INFO - Running <TaskInstance: fraud_detection.process_transaction scheduled__2024-11-23T17:21:00+00:00 [running]> on host 345e92ff26bf
[2024-11-23T17:22:43.550+0000] {taskinstance.py:3131} INFO - Exporting env vars: AIRFLOW_CTX_DAG_OWNER='fraud_team' AIRFLOW_CTX_DAG_ID='fraud_detection' AIRFLOW_CTX_TASK_ID='process_transaction' AIRFLOW_CTX_EXECUTION_DATE='2024-11-23T17:21:00+00:00' AIRFLOW_CTX_TRY_NUMBER='1' AIRFLOW_CTX_DAG_RUN_ID='scheduled__2024-11-23T17:21:00+00:00'
[2024-11-23T17:22:43.553+0000] {taskinstance.py:731} INFO - ::endgroup::
[2024-11-23T17:22:43.582+0000] {baseoperator.py:405} WARNING - BranchPythonOperator.execute cannot be called outside TaskInstance!
[2024-11-23T17:22:43.634+0000] {fraud_detection_dag.py:78} INFO - Données récupérées depuis XCom: {"columns":["cc_num","merchant","category","amt","first","last","gender","street","city","state","zip","lat","long","city_pop","job","dob","trans_num","merch_lat","merch_long","is_fraud","current_time"],"index":[35237],"data":[[377026671291680,"fraud_O'Reilly, Mohr and Purdy","home",22.2,"Jackie","Davis","F","1898 Parker Fork Apt. 057","Redford","MO",63665,37.3272,-91.0243,241,"Investment analyst","1974-10-27","be6bfb18ad846fe2a843607beb7aa73f",38.325412,-91.585106,0,1732382558942]]}
[2024-11-23T17:22:43.638+0000] {fraud_detection_dag.py:86} INFO - Données JSON parsées avec succès
[2024-11-23T17:22:43.646+0000] {fraud_detection_dag.py:90} INFO - DataFrame créé avec 1 lignes
[2024-11-23T17:22:43.650+0000] {fraud_detection_dag.py:94} INFO - Colonnes renommées avec succès
[2024-11-23T17:22:43.653+0000] {fraud_detection_dag.py:95} INFO - Colonnes disponibles: ['cc_num', 'merchant', 'category', 'amt', 'first', 'last', 'gender', 'street', 'city', 'state', 'zip', 'lat', 'long', 'city_pop', 'job', 'dob', 'trans_num', 'merch_lat', 'merch_long', 'is_fraud', 'trans_date_trans_time']
[2024-11-23T17:22:43.657+0000] {fraud_detection_dag.py:99} INFO - Conversion de trans_date_trans_time en unix_time réussie
[2024-11-23T17:22:43.715+0000] {fraud_detection_dag.py:108} INFO - Transformation des données...
[2024-11-23T17:22:44.878+0000] {warnings.py:112} WARNING - /home/***/.local/lib/python3.12/site-packages/sklearn/ensemble/_base.py:172: UserWarning: Loky-backed parallel loops cannot be called in a multiprocessing, setting n_jobs=1
  n_jobs = min(effective_n_jobs(n_jobs), n_estimators)

[2024-11-23T17:22:44.904+0000] {warnings.py:112} WARNING - /home/***/.local/lib/python3.12/site-packages/sklearn/ensemble/_base.py:172: UserWarning: Loky-backed parallel loops cannot be called in a multiprocessing, setting n_jobs=1
  n_jobs = min(effective_n_jobs(n_jobs), n_estimators)

[2024-11-23T17:22:44.914+0000] {fraud_detection_dag.py:120} INFO - Prediction de fraude: NORMAL, Probabilité: 26.78%
[2024-11-23T17:22:44.978+0000] {fraud_detection_dag.py:126} INFO - Prédiction: NORMAL (Probabilité: 26.78%)
[2024-11-23T17:22:44.985+0000] {python.py:240} INFO - Done. Returned value was: notify_normal
[2024-11-23T17:22:44.988+0000] {branch.py:38} INFO - Branch into notify_normal
[2024-11-23T17:22:44.988+0000] {skipmixin.py:230} INFO - Following branch ('notify_normal',)
[2024-11-23T17:22:45.011+0000] {skipmixin.py:278} INFO - Skipping tasks [('notify_fraud', -1), ('skip_processing', -1)]
[2024-11-23T17:22:45.078+0000] {taskinstance.py:340} INFO - ::group::Post task execution logs
[2024-11-23T17:22:45.079+0000] {taskinstance.py:352} INFO - Marking task as SUCCESS. dag_id=fraud_detection, task_id=process_transaction, run_id=scheduled__2024-11-23T17:21:00+00:00, execution_date=20241123T172100, start_date=20241123T172243, end_date=20241123T172245
[2024-11-23T17:22:45.119+0000] {local_task_job_runner.py:266} INFO - Task exited with return code 0
[2024-11-23T17:22:45.190+0000] {taskinstance.py:3900} INFO - 1 downstream tasks scheduled from follow-on schedule check
[2024-11-23T17:22:45.198+0000] {local_task_job_runner.py:245} INFO - ::endgroup::
