[2024-11-22T18:45:39.054+0000] {local_task_job_runner.py:123} INFO - ::group::Pre task execution logs
[2024-11-22T18:45:39.135+0000] {taskinstance.py:2612} INFO - Dependencies all met for dep_context=non-requeueable deps ti=<TaskInstance: fraud_detection.process_transaction scheduled__2024-11-22T18:43:00+00:00 [queued]>
[2024-11-22T18:45:39.181+0000] {taskinstance.py:2612} INFO - Dependencies all met for dep_context=requeueable deps ti=<TaskInstance: fraud_detection.process_transaction scheduled__2024-11-22T18:43:00+00:00 [queued]>
[2024-11-22T18:45:39.182+0000] {taskinstance.py:2865} INFO - Starting attempt 1 of 2
[2024-11-22T18:45:39.277+0000] {taskinstance.py:2888} INFO - Executing <Task(BranchPythonOperator): process_transaction> on 2024-11-22 18:43:00+00:00
[2024-11-22T18:45:39.300+0000] {warnings.py:112} WARNING - /home/***/.local/lib/python3.12/site-packages/***/task/task_runner/standard_task_runner.py:70: DeprecationWarning: This process (pid=332) is multi-threaded, use of fork() may lead to deadlocks in the child.
  pid = os.fork()

[2024-11-22T18:45:39.309+0000] {standard_task_runner.py:72} INFO - Started process 334 to run task
[2024-11-22T18:45:39.310+0000] {standard_task_runner.py:104} INFO - Running: ['***', 'tasks', 'run', 'fraud_detection', 'process_transaction', 'scheduled__2024-11-22T18:43:00+00:00', '--job-id', '383', '--raw', '--subdir', 'DAGS_FOLDER/fraud_detection_dag.py', '--cfg-path', '/tmp/tmpp9kw5_kb']
[2024-11-22T18:45:39.326+0000] {standard_task_runner.py:105} INFO - Job 383: Subtask process_transaction
[2024-11-22T18:45:39.567+0000] {task_command.py:467} INFO - Running <TaskInstance: fraud_detection.process_transaction scheduled__2024-11-22T18:43:00+00:00 [running]> on host c6af8dbaf1e5
[2024-11-22T18:45:40.002+0000] {taskinstance.py:3131} INFO - Exporting env vars: AIRFLOW_CTX_DAG_OWNER='fraud_team' AIRFLOW_CTX_DAG_ID='fraud_detection' AIRFLOW_CTX_TASK_ID='process_transaction' AIRFLOW_CTX_EXECUTION_DATE='2024-11-22T18:43:00+00:00' AIRFLOW_CTX_TRY_NUMBER='1' AIRFLOW_CTX_DAG_RUN_ID='scheduled__2024-11-22T18:43:00+00:00'
[2024-11-22T18:45:40.050+0000] {taskinstance.py:731} INFO - ::endgroup::
[2024-11-22T18:45:40.116+0000] {baseoperator.py:405} WARNING - BranchPythonOperator.execute cannot be called outside TaskInstance!
[2024-11-22T18:45:40.207+0000] {fraud_detection_dag.py:77} INFO - Données récupérées depuis XCom: {"columns":["cc_num","merchant","category","amt","first","last","gender","street","city","state","zip","lat","long","city_pop","job","dob","trans_num","merch_lat","merch_long","is_fraud","current_time"],"index":[367331],"data":[[2720012583106919,"fraud_Little-Gleichner","travel",460.21,"Joseph","Murray","M","42933 Ryan Underpass","Manderson","SD",57756,43.3526,-102.5411,1126,"Volunteer coordinator","1980-08-18","13bbbac5987f9b0cf913acd3dbd6b9c8",43.103118,-103.443637,0,1732301132612]]}
[2024-11-22T18:45:40.208+0000] {fraud_detection_dag.py:85} INFO - Données JSON parsées avec succès
[2024-11-22T18:45:40.232+0000] {fraud_detection_dag.py:89} INFO - DataFrame créé avec 1 lignes
[2024-11-22T18:45:40.240+0000] {fraud_detection_dag.py:93} INFO - Colonnes renommées avec succès
[2024-11-22T18:45:40.241+0000] {fraud_detection_dag.py:94} INFO - Colonnes disponibles: ['cc_num', 'merchant', 'category', 'amt', 'first', 'last', 'gender', 'street', 'city', 'state', 'zip', 'lat', 'long', 'city_pop', 'job', 'dob', 'trans_num', 'merch_lat', 'merch_long', 'is_fraud', 'trans_date_trans_time']
[2024-11-22T18:45:40.249+0000] {fraud_detection_dag.py:98} INFO - Conversion de trans_date_trans_time en unix_time réussie
[2024-11-22T18:45:40.411+0000] {fraud_detection_dag.py:107} INFO - Transformation des données...
[2024-11-22T18:45:43.667+0000] {warnings.py:112} WARNING - /home/***/.local/lib/python3.12/site-packages/sklearn/ensemble/_base.py:172: UserWarning: Loky-backed parallel loops cannot be called in a multiprocessing, setting n_jobs=1
  n_jobs = min(effective_n_jobs(n_jobs), n_estimators)

[2024-11-22T18:45:43.704+0000] {warnings.py:112} WARNING - /home/***/.local/lib/python3.12/site-packages/sklearn/ensemble/_base.py:172: UserWarning: Loky-backed parallel loops cannot be called in a multiprocessing, setting n_jobs=1
  n_jobs = min(effective_n_jobs(n_jobs), n_estimators)

[2024-11-22T18:45:43.733+0000] {fraud_detection_dag.py:119} INFO - Prediction de fraude: FRAUDE, Probabilité: 55.87%
[2024-11-22T18:45:43.891+0000] {fraud_detection_dag.py:125} INFO - Prédiction: FRAUDE (Probabilité: 55.87%)
[2024-11-22T18:45:43.894+0000] {python.py:240} INFO - Done. Returned value was: notify_fraud
[2024-11-22T18:45:43.897+0000] {branch.py:38} INFO - Branch into notify_fraud
[2024-11-22T18:45:43.901+0000] {skipmixin.py:230} INFO - Following branch ('notify_fraud',)
[2024-11-22T18:45:43.960+0000] {skipmixin.py:278} INFO - Skipping tasks [('notify_normal', -1), ('skip_processing', -1)]
[2024-11-22T18:45:44.122+0000] {taskinstance.py:340} INFO - ::group::Post task execution logs
[2024-11-22T18:45:44.127+0000] {taskinstance.py:352} INFO - Marking task as SUCCESS. dag_id=fraud_detection, task_id=process_transaction, run_id=scheduled__2024-11-22T18:43:00+00:00, execution_date=20241122T184300, start_date=20241122T184539, end_date=20241122T184544
[2024-11-22T18:45:44.266+0000] {local_task_job_runner.py:266} INFO - Task exited with return code 0
[2024-11-22T18:45:44.326+0000] {local_task_job_runner.py:245} INFO - ::endgroup::
[2024-11-22T18:45:44.328+0000] {standard_task_runner.py:217} INFO - Process not found (most likely exited), stop collecting metrics
