[2024-11-23T17:56:03.432+0000] {local_task_job_runner.py:123} INFO - ::group::Pre task execution logs
[2024-11-23T17:56:03.525+0000] {taskinstance.py:2612} INFO - Dependencies all met for dep_context=non-requeueable deps ti=<TaskInstance: fraud_detection.notify_normal scheduled__2024-11-23T17:54:00+00:00 [queued]>
[2024-11-23T17:56:03.601+0000] {taskinstance.py:2612} INFO - Dependencies all met for dep_context=requeueable deps ti=<TaskInstance: fraud_detection.notify_normal scheduled__2024-11-23T17:54:00+00:00 [queued]>
[2024-11-23T17:56:03.603+0000] {taskinstance.py:2865} INFO - Starting attempt 1 of 2
[2024-11-23T17:56:03.723+0000] {taskinstance.py:2888} INFO - Executing <Task(PythonOperator): notify_normal> on 2024-11-23 17:54:00+00:00
[2024-11-23T17:56:03.763+0000] {warnings.py:112} WARNING - /home/***/.local/lib/python3.12/site-packages/***/task/task_runner/standard_task_runner.py:70: DeprecationWarning: This process (pid=3646) is multi-threaded, use of fork() may lead to deadlocks in the child.
  pid = os.fork()

[2024-11-23T17:56:03.772+0000] {standard_task_runner.py:72} INFO - Started process 3653 to run task
[2024-11-23T17:56:03.782+0000] {standard_task_runner.py:104} INFO - Running: ['***', 'tasks', 'run', 'fraud_detection', 'notify_normal', 'scheduled__2024-11-23T17:54:00+00:00', '--job-id', '355', '--raw', '--subdir', 'DAGS_FOLDER/fraud_detection_dag.py', '--cfg-path', '/tmp/tmpimt8_jtm']
[2024-11-23T17:56:03.788+0000] {standard_task_runner.py:105} INFO - Job 355: Subtask notify_normal
[2024-11-23T17:56:04.190+0000] {task_command.py:467} INFO - Running <TaskInstance: fraud_detection.notify_normal scheduled__2024-11-23T17:54:00+00:00 [running]> on host 345e92ff26bf
[2024-11-23T17:56:04.470+0000] {taskinstance.py:3131} INFO - Exporting env vars: AIRFLOW_CTX_DAG_OWNER='fraud_team' AIRFLOW_CTX_DAG_ID='fraud_detection' AIRFLOW_CTX_TASK_ID='notify_normal' AIRFLOW_CTX_EXECUTION_DATE='2024-11-23T17:54:00+00:00' AIRFLOW_CTX_TRY_NUMBER='1' AIRFLOW_CTX_DAG_RUN_ID='scheduled__2024-11-23T17:54:00+00:00'
[2024-11-23T17:56:04.480+0000] {taskinstance.py:731} INFO - ::endgroup::
[2024-11-23T17:56:04.709+0000] {fraud_detection_dag.py:144} INFO - Données de transaction récupérées: {"columns":["cc_num","merchant","category","amt","first","last","gender","street","city","state","zip","lat","long","city_pop","job","dob","trans_num","merch_lat","merch_long","is_fraud","current_time"],"index":[204427],"data":[[3529597930342630,"fraud_Koss, Hansen and Lueilwitz","home",84.37,"Melissa","Rodriguez","F","81708 Christopher Plaza","Jordanville","NY",13361,42.8948,-74.8209,824,"Travel agency manager","1985-09-01","9e80927fb2cf235f1db3b3aa8d907407",42.753555,-75.002724,0,1732384550804]]}
[2024-11-23T17:56:04.710+0000] {fraud_detection_dag.py:145} INFO - Probabilité de fraude: 0.24840801852246513
[2024-11-23T17:56:04.716+0000] {fraud_detection_dag.py:146} INFO - Est une fraude: False
[2024-11-23T17:56:04.756+0000] {fraud_detection_dag.py:206} INFO - Tentative d'envoi d'email normale...
[2024-11-23T17:56:04.757+0000] {fraud_detection_dag.py:207} INFO - Contenu de l'email:

        ✅ Transaction NORMALE détectée!
        
        Statut: Vert
        Probabilité de fraude: 24.84%
        
        Détails de la transaction:
        --------------------------
        ID Transaction: 9e80927fb2cf235f1db3b3aa8d907407
        Montant: 84.37€
        Date/Heure: 2024-11-23 17:55:50
        
        Informations sur le marchand:
        ----------------------------
        Nom: fraud_Koss, Hansen and Lueilwitz
        Ville: Jordanville
        État: NY
        
        Informations sur le client:
        --------------------------
        Nom: Melissa Rodriguez
        Ville: Jordanville
        
        Cette notification a été générée automatiquement par le système de détection de fraude.
        
[2024-11-23T17:56:11.629+0000] {fraud_detection_dag.py:217} INFO - Email envoyé avec succès
[2024-11-23T17:56:11.630+0000] {python.py:240} INFO - Done. Returned value was: store_normal
[2024-11-23T17:56:12.036+0000] {taskinstance.py:340} INFO - ::group::Post task execution logs
[2024-11-23T17:56:12.050+0000] {taskinstance.py:352} INFO - Marking task as SUCCESS. dag_id=fraud_detection, task_id=notify_normal, run_id=scheduled__2024-11-23T17:54:00+00:00, execution_date=20241123T175400, start_date=20241123T175603, end_date=20241123T175612
[2024-11-23T17:56:12.311+0000] {local_task_job_runner.py:266} INFO - Task exited with return code 0
[2024-11-23T17:56:12.480+0000] {taskinstance.py:3900} INFO - 1 downstream tasks scheduled from follow-on schedule check
[2024-11-23T17:56:12.497+0000] {local_task_job_runner.py:245} INFO - ::endgroup::
