[2024-11-24T15:20:55.239+0000] {local_task_job_runner.py:123} INFO - ::group::Pre task execution logs
[2024-11-24T15:20:55.402+0000] {taskinstance.py:2612} INFO - Dependencies all met for dep_context=non-requeueable deps ti=<TaskInstance: fraud_detection.store_normal scheduled__2024-11-24T15:19:00+00:00 [queued]>
[2024-11-24T15:20:55.486+0000] {taskinstance.py:2612} INFO - Dependencies all met for dep_context=requeueable deps ti=<TaskInstance: fraud_detection.store_normal scheduled__2024-11-24T15:19:00+00:00 [queued]>
[2024-11-24T15:20:55.503+0000] {taskinstance.py:2865} INFO - Starting attempt 1 of 2
[2024-11-24T15:20:55.575+0000] {taskinstance.py:2888} INFO - Executing <Task(PythonOperator): store_normal> on 2024-11-24 15:19:00+00:00
[2024-11-24T15:20:55.620+0000] {warnings.py:112} WARNING - /home/***/.local/lib/python3.12/site-packages/***/task/task_runner/standard_task_runner.py:70: DeprecationWarning: This process (pid=1065) is multi-threaded, use of fork() may lead to deadlocks in the child.
  pid = os.fork()

[2024-11-24T15:20:55.632+0000] {standard_task_runner.py:72} INFO - Started process 1072 to run task
[2024-11-24T15:20:55.623+0000] {standard_task_runner.py:104} INFO - Running: ['***', 'tasks', 'run', 'fraud_detection', 'store_normal', 'scheduled__2024-11-24T15:19:00+00:00', '--job-id', '608', '--raw', '--subdir', 'DAGS_FOLDER/fraud_detection_dag.py', '--cfg-path', '/tmp/tmpb4iqu1i9']
[2024-11-24T15:20:55.639+0000] {standard_task_runner.py:105} INFO - Job 608: Subtask store_normal
[2024-11-24T15:20:55.966+0000] {task_command.py:467} INFO - Running <TaskInstance: fraud_detection.store_normal scheduled__2024-11-24T15:19:00+00:00 [running]> on host 345e92ff26bf
[2024-11-24T15:20:56.486+0000] {taskinstance.py:3131} INFO - Exporting env vars: AIRFLOW_CTX_DAG_OWNER='fraud_team' AIRFLOW_CTX_DAG_ID='fraud_detection' AIRFLOW_CTX_TASK_ID='store_normal' AIRFLOW_CTX_EXECUTION_DATE='2024-11-24T15:19:00+00:00' AIRFLOW_CTX_TRY_NUMBER='1' AIRFLOW_CTX_DAG_RUN_ID='scheduled__2024-11-24T15:19:00+00:00'
[2024-11-24T15:20:56.488+0000] {taskinstance.py:731} INFO - ::endgroup::
[2024-11-24T15:20:56.540+0000] {fraud_detection_dag.py:235} INFO - Tentative de connexion à Neon...
[2024-11-24T15:21:05.695+0000] {fraud_detection_dag.py:241} INFO - Connexion à Neon réussie!
[2024-11-24T15:21:06.270+0000] {fraud_detection_dag.py:248} INFO - Données reçues pour stockage: {"columns":["cc_num","merchant","category","amt","first","last","gender","street","city","state","zip","lat","long","city_pop","job","dob","trans_num","merch_lat","merch_long","is_fraud","current_time"],"index":[373144],"data":[[3500969075198072,"fraud_McKenzie-Huels","food_dining",8.8,"Kenneth","Sanchez","M","0110 Ashley Forest","Tekoa","WA",99033,47.2271,-117.0819,895,"Clothing\/textile technologist","1999-05-31","4b9454b50567a60e62198ab95fb8cdc5",47.606595,-116.730093,0,1732461633018]]}
[2024-11-24T15:21:06.273+0000] {fraud_detection_dag.py:257} INFO - JSON parsé avec succès
[2024-11-24T15:21:06.287+0000] {fraud_detection_dag.py:261} INFO - DataFrame créé avec 1 lignes
[2024-11-24T15:21:06.294+0000] {fraud_detection_dag.py:266} INFO - Colonne current_time renommée en trans_date_trans_time
[2024-11-24T15:21:06.313+0000] {fraud_detection_dag.py:270} INFO - Conversion du timestamp réussie
[2024-11-24T15:21:06.385+0000] {fraud_detection_dag.py:274} INFO - Indicateur de fraude récupéré: False
[2024-11-24T15:21:06.392+0000] {fraud_detection_dag.py:278} INFO - Colonne is_fraud mise à jour avec la valeur: False
[2024-11-24T15:21:06.394+0000] {fraud_detection_dag.py:282} INFO - Conversion de is_fraud en boolean réussie
[2024-11-24T15:21:06.400+0000] {fraud_detection_dag.py:285} INFO - Colonnes finales avant stockage: ['cc_num', 'merchant', 'category', 'amt', 'first', 'last', 'gender', 'street', 'city', 'state', 'zip', 'lat', 'long', 'city_pop', 'job', 'dob', 'trans_num', 'merch_lat', 'merch_long', 'is_fraud', 'trans_date_trans_time']
[2024-11-24T15:21:06.420+0000] {fraud_detection_dag.py:286} INFO - Types des données: 
cc_num                            int64
merchant                         object
category                         object
amt                             float64
first                            object
last                             object
gender                           object
street                           object
city                             object
state                            object
zip                               int64
lat                             float64
long                            float64
city_pop                          int64
job                              object
dob                              object
trans_num                        object
merch_lat                       float64
merch_long                      float64
is_fraud                           bool
trans_date_trans_time    datetime64[ns]
dtype: object
[2024-11-24T15:21:06.422+0000] {fraud_detection_dag.py:290} INFO - Stockage dans la table: normal_transactions
[2024-11-24T15:21:07.148+0000] {fraud_detection_dag.py:295} INFO - Données stockées avec succès dans la table normal_transactions
[2024-11-24T15:21:07.149+0000] {python.py:240} INFO - Done. Returned value was: None
[2024-11-24T15:21:07.222+0000] {taskinstance.py:340} INFO - ::group::Post task execution logs
[2024-11-24T15:21:07.223+0000] {taskinstance.py:352} INFO - Marking task as SUCCESS. dag_id=fraud_detection, task_id=store_normal, run_id=scheduled__2024-11-24T15:19:00+00:00, execution_date=20241124T151900, start_date=20241124T152055, end_date=20241124T152107
[2024-11-24T15:21:07.305+0000] {local_task_job_runner.py:266} INFO - Task exited with return code 0
[2024-11-24T15:21:07.423+0000] {taskinstance.py:3900} INFO - 1 downstream tasks scheduled from follow-on schedule check
[2024-11-24T15:21:07.436+0000] {local_task_job_runner.py:245} INFO - ::endgroup::
