[2024-11-22T18:50:31.240+0000] {local_task_job_runner.py:123} INFO - ::group::Pre task execution logs
[2024-11-22T18:50:31.375+0000] {taskinstance.py:2612} INFO - Dependencies all met for dep_context=non-requeueable deps ti=<TaskInstance: fraud_detection.process_transaction scheduled__2024-11-22T18:48:00+00:00 [queued]>
[2024-11-22T18:50:31.399+0000] {taskinstance.py:2612} INFO - Dependencies all met for dep_context=requeueable deps ti=<TaskInstance: fraud_detection.process_transaction scheduled__2024-11-22T18:48:00+00:00 [queued]>
[2024-11-22T18:50:31.400+0000] {taskinstance.py:2865} INFO - Starting attempt 1 of 2
[2024-11-22T18:50:31.476+0000] {taskinstance.py:2888} INFO - Executing <Task(BranchPythonOperator): process_transaction> on 2024-11-22 18:48:00+00:00
[2024-11-22T18:50:31.502+0000] {warnings.py:112} WARNING - /home/***/.local/lib/python3.12/site-packages/***/task/task_runner/standard_task_runner.py:70: DeprecationWarning: This process (pid=514) is multi-threaded, use of fork() may lead to deadlocks in the child.
  pid = os.fork()

[2024-11-22T18:50:31.507+0000] {standard_task_runner.py:72} INFO - Started process 516 to run task
[2024-11-22T18:50:31.507+0000] {standard_task_runner.py:104} INFO - Running: ['***', 'tasks', 'run', 'fraud_detection', 'process_transaction', 'scheduled__2024-11-22T18:48:00+00:00', '--job-id', '408', '--raw', '--subdir', 'DAGS_FOLDER/fraud_detection_dag.py', '--cfg-path', '/tmp/tmpby2n538n']
[2024-11-22T18:50:31.511+0000] {standard_task_runner.py:105} INFO - Job 408: Subtask process_transaction
[2024-11-22T18:50:31.823+0000] {task_command.py:467} INFO - Running <TaskInstance: fraud_detection.process_transaction scheduled__2024-11-22T18:48:00+00:00 [running]> on host c6af8dbaf1e5
[2024-11-22T18:50:32.231+0000] {taskinstance.py:3131} INFO - Exporting env vars: AIRFLOW_CTX_DAG_OWNER='fraud_team' AIRFLOW_CTX_DAG_ID='fraud_detection' AIRFLOW_CTX_TASK_ID='process_transaction' AIRFLOW_CTX_EXECUTION_DATE='2024-11-22T18:48:00+00:00' AIRFLOW_CTX_TRY_NUMBER='1' AIRFLOW_CTX_DAG_RUN_ID='scheduled__2024-11-22T18:48:00+00:00'
[2024-11-22T18:50:32.235+0000] {taskinstance.py:731} INFO - ::endgroup::
[2024-11-22T18:50:32.281+0000] {baseoperator.py:405} WARNING - BranchPythonOperator.execute cannot be called outside TaskInstance!
[2024-11-22T18:50:32.340+0000] {fraud_detection_dag.py:77} INFO - Données récupérées depuis XCom: {"columns":["cc_num","merchant","category","amt","first","last","gender","street","city","state","zip","lat","long","city_pop","job","dob","trans_num","merch_lat","merch_long","is_fraud","current_time"],"index":[194837],"data":[[36913587729122,"fraud_Lynch Ltd","shopping_pos",161.87,"Ana","Mccormick","F","4503 Patricia Route","Meridian","ID",83646,43.6498,-116.4306,84106,"Intelligence analyst","1971-02-11","067ab867eb9b335802946e3a0ef92553",44.285438,-117.272082,0,1732301425870]]}
[2024-11-22T18:50:32.341+0000] {fraud_detection_dag.py:85} INFO - Données JSON parsées avec succès
[2024-11-22T18:50:32.346+0000] {fraud_detection_dag.py:89} INFO - DataFrame créé avec 1 lignes
[2024-11-22T18:50:32.350+0000] {fraud_detection_dag.py:93} INFO - Colonnes renommées avec succès
[2024-11-22T18:50:32.350+0000] {fraud_detection_dag.py:94} INFO - Colonnes disponibles: ['cc_num', 'merchant', 'category', 'amt', 'first', 'last', 'gender', 'street', 'city', 'state', 'zip', 'lat', 'long', 'city_pop', 'job', 'dob', 'trans_num', 'merch_lat', 'merch_long', 'is_fraud', 'trans_date_trans_time']
[2024-11-22T18:50:32.355+0000] {fraud_detection_dag.py:98} INFO - Conversion de trans_date_trans_time en unix_time réussie
[2024-11-22T18:50:32.474+0000] {fraud_detection_dag.py:107} INFO - Transformation des données...
[2024-11-22T18:50:35.725+0000] {warnings.py:112} WARNING - /home/***/.local/lib/python3.12/site-packages/sklearn/ensemble/_base.py:172: UserWarning: Loky-backed parallel loops cannot be called in a multiprocessing, setting n_jobs=1
  n_jobs = min(effective_n_jobs(n_jobs), n_estimators)

[2024-11-22T18:50:35.769+0000] {warnings.py:112} WARNING - /home/***/.local/lib/python3.12/site-packages/sklearn/ensemble/_base.py:172: UserWarning: Loky-backed parallel loops cannot be called in a multiprocessing, setting n_jobs=1
  n_jobs = min(effective_n_jobs(n_jobs), n_estimators)

[2024-11-22T18:50:35.795+0000] {fraud_detection_dag.py:119} INFO - Prediction de fraude: NORMAL, Probabilité: 33.97%
[2024-11-22T18:50:35.913+0000] {fraud_detection_dag.py:125} INFO - Prédiction: NORMAL (Probabilité: 33.97%)
[2024-11-22T18:50:35.916+0000] {python.py:240} INFO - Done. Returned value was: notify_normal
[2024-11-22T18:50:35.917+0000] {branch.py:38} INFO - Branch into notify_normal
[2024-11-22T18:50:35.917+0000] {skipmixin.py:230} INFO - Following branch ('notify_normal',)
[2024-11-22T18:50:35.995+0000] {skipmixin.py:278} INFO - Skipping tasks [('skip_processing', -1), ('notify_fraud', -1)]
[2024-11-22T18:50:36.175+0000] {taskinstance.py:340} INFO - ::group::Post task execution logs
[2024-11-22T18:50:36.176+0000] {taskinstance.py:352} INFO - Marking task as SUCCESS. dag_id=fraud_detection, task_id=process_transaction, run_id=scheduled__2024-11-22T18:48:00+00:00, execution_date=20241122T184800, start_date=20241122T185031, end_date=20241122T185036
[2024-11-22T18:50:36.292+0000] {local_task_job_runner.py:266} INFO - Task exited with return code 0
[2024-11-22T18:50:36.445+0000] {taskinstance.py:3900} INFO - 1 downstream tasks scheduled from follow-on schedule check
[2024-11-22T18:50:36.490+0000] {local_task_job_runner.py:245} INFO - ::endgroup::
[2024-11-22T18:50:36.539+0000] {standard_task_runner.py:217} INFO - Process not found (most likely exited), stop collecting metrics
