[2024-11-24T15:22:12.146+0000] {local_task_job_runner.py:123} INFO - ::group::Pre task execution logs
[2024-11-24T15:22:12.378+0000] {taskinstance.py:2612} INFO - Dependencies all met for dep_context=non-requeueable deps ti=<TaskInstance: fraud_detection.notify_normal scheduled__2024-11-24T15:20:00+00:00 [queued]>
[2024-11-24T15:22:12.464+0000] {taskinstance.py:2612} INFO - Dependencies all met for dep_context=requeueable deps ti=<TaskInstance: fraud_detection.notify_normal scheduled__2024-11-24T15:20:00+00:00 [queued]>
[2024-11-24T15:22:12.473+0000] {taskinstance.py:2865} INFO - Starting attempt 1 of 2
[2024-11-24T15:22:12.578+0000] {taskinstance.py:2888} INFO - Executing <Task(PythonOperator): notify_normal> on 2024-11-24 15:20:00+00:00
[2024-11-24T15:22:12.613+0000] {warnings.py:112} WARNING - /home/***/.local/lib/python3.12/site-packages/***/task/task_runner/standard_task_runner.py:70: DeprecationWarning: This process (pid=1125) is multi-threaded, use of fork() may lead to deadlocks in the child.
  pid = os.fork()

[2024-11-24T15:22:12.633+0000] {standard_task_runner.py:72} INFO - Started process 1138 to run task
[2024-11-24T15:22:12.639+0000] {standard_task_runner.py:104} INFO - Running: ['***', 'tasks', 'run', 'fraud_detection', 'notify_normal', 'scheduled__2024-11-24T15:20:00+00:00', '--job-id', '614', '--raw', '--subdir', 'DAGS_FOLDER/fraud_detection_dag.py', '--cfg-path', '/tmp/tmprche6ax5']
[2024-11-24T15:22:12.644+0000] {standard_task_runner.py:105} INFO - Job 614: Subtask notify_normal
[2024-11-24T15:22:12.960+0000] {task_command.py:467} INFO - Running <TaskInstance: fraud_detection.notify_normal scheduled__2024-11-24T15:20:00+00:00 [running]> on host 345e92ff26bf
[2024-11-24T15:22:13.453+0000] {taskinstance.py:3131} INFO - Exporting env vars: AIRFLOW_CTX_DAG_OWNER='fraud_team' AIRFLOW_CTX_DAG_ID='fraud_detection' AIRFLOW_CTX_TASK_ID='notify_normal' AIRFLOW_CTX_EXECUTION_DATE='2024-11-24T15:20:00+00:00' AIRFLOW_CTX_TRY_NUMBER='1' AIRFLOW_CTX_DAG_RUN_ID='scheduled__2024-11-24T15:20:00+00:00'
[2024-11-24T15:22:13.464+0000] {taskinstance.py:731} INFO - ::endgroup::
[2024-11-24T15:22:13.751+0000] {fraud_detection_dag.py:144} INFO - Données de transaction récupérées: {"columns":["cc_num","merchant","category","amt","first","last","gender","street","city","state","zip","lat","long","city_pop","job","dob","trans_num","merch_lat","merch_long","is_fraud","current_time"],"index":[488089],"data":[[30175986190993,"fraud_Klocko, Runolfsdottir and Breitenberg","health_fitness",110.78,"Rebecca","Butler","F","0665 Lisa Alley","Winger","MN",56592,47.5375,-95.9941,516,"Applications developer","1966-06-07","dd97f59c711834ff711a70d882052bf8",46.683989,-96.075147,0,1732461711534]]}
[2024-11-24T15:22:13.760+0000] {fraud_detection_dag.py:145} INFO - Probabilité de fraude: 0.3124198467302835
[2024-11-24T15:22:13.764+0000] {fraud_detection_dag.py:146} INFO - Est une fraude: False
[2024-11-24T15:22:13.779+0000] {fraud_detection_dag.py:206} INFO - Tentative d'envoi d'email normale...
[2024-11-24T15:22:13.780+0000] {fraud_detection_dag.py:207} INFO - Contenu de l'email:

        ✅ Transaction NORMALE détectée!
        
        Statut: Vert
        Probabilité de fraude: 31.24%
        
        Détails de la transaction:
        --------------------------
        ID Transaction: dd97f59c711834ff711a70d882052bf8
        Montant: 110.78€
        Date/Heure: 2024-11-24 15:21:51
        
        Informations sur le marchand:
        ----------------------------
        Nom: fraud_Klocko, Runolfsdottir and Breitenberg
        Ville: Winger
        État: MN
        
        Informations sur le client:
        --------------------------
        Nom: Rebecca Butler
        Ville: Winger
        
        Cette notification a été générée automatiquement par le système de détection de fraude.
        
[2024-11-24T15:22:17.130+0000] {fraud_detection_dag.py:217} INFO - Email envoyé avec succès
[2024-11-24T15:22:17.131+0000] {python.py:240} INFO - Done. Returned value was: store_normal
[2024-11-24T15:22:17.287+0000] {taskinstance.py:340} INFO - ::group::Post task execution logs
[2024-11-24T15:22:17.288+0000] {taskinstance.py:352} INFO - Marking task as SUCCESS. dag_id=fraud_detection, task_id=notify_normal, run_id=scheduled__2024-11-24T15:20:00+00:00, execution_date=20241124T152000, start_date=20241124T152212, end_date=20241124T152217
[2024-11-24T15:22:17.387+0000] {local_task_job_runner.py:266} INFO - Task exited with return code 0
[2024-11-24T15:22:17.486+0000] {taskinstance.py:3900} INFO - 1 downstream tasks scheduled from follow-on schedule check
[2024-11-24T15:22:17.502+0000] {local_task_job_runner.py:245} INFO - ::endgroup::
