[2024-11-02T23:48:20.266+0000] {local_task_job_runner.py:123} INFO - ::group::Pre task execution logs
[2024-11-02T23:48:20.308+0000] {taskinstance.py:2612} INFO - Dependencies all met for dep_context=non-requeueable deps ti=<TaskInstance: fraud_detection.skip_processing scheduled__2024-11-02T23:46:00+00:00 [queued]>
[2024-11-02T23:48:20.348+0000] {taskinstance.py:2612} INFO - Dependencies all met for dep_context=requeueable deps ti=<TaskInstance: fraud_detection.skip_processing scheduled__2024-11-02T23:46:00+00:00 [queued]>
[2024-11-02T23:48:20.349+0000] {taskinstance.py:2865} INFO - Starting attempt 1 of 2
[2024-11-02T23:48:20.386+0000] {taskinstance.py:2888} INFO - Executing <Task(PythonOperator): skip_processing> on 2024-11-02 23:46:00+00:00
[2024-11-02T23:48:20.398+0000] {warnings.py:112} WARNING - /home/***/.local/lib/python3.12/site-packages/***/task/task_runner/standard_task_runner.py:70: DeprecationWarning: This process (pid=1372) is multi-threaded, use of fork() may lead to deadlocks in the child.
  pid = os.fork()

[2024-11-02T23:48:20.401+0000] {standard_task_runner.py:72} INFO - Started process 1374 to run task
[2024-11-02T23:48:20.403+0000] {standard_task_runner.py:104} INFO - Running: ['***', 'tasks', 'run', 'fraud_detection', 'skip_processing', 'scheduled__2024-11-02T23:46:00+00:00', '--job-id', '102', '--raw', '--subdir', 'DAGS_FOLDER/fraud_detection_dag.py', '--cfg-path', '/tmp/tmpv7evf8ul']
[2024-11-02T23:48:20.407+0000] {standard_task_runner.py:105} INFO - Job 102: Subtask skip_processing
[2024-11-02T23:48:20.486+0000] {task_command.py:467} INFO - Running <TaskInstance: fraud_detection.skip_processing scheduled__2024-11-02T23:46:00+00:00 [running]> on host 713744f3b6c0
[2024-11-02T23:48:20.853+0000] {taskinstance.py:3131} INFO - Exporting env vars: AIRFLOW_CTX_DAG_OWNER='fraud_team' AIRFLOW_CTX_DAG_ID='fraud_detection' AIRFLOW_CTX_TASK_ID='skip_processing' AIRFLOW_CTX_EXECUTION_DATE='2024-11-02T23:46:00+00:00' AIRFLOW_CTX_TRY_NUMBER='1' AIRFLOW_CTX_DAG_RUN_ID='scheduled__2024-11-02T23:46:00+00:00'
[2024-11-02T23:48:20.855+0000] {taskinstance.py:731} INFO - ::endgroup::
[2024-11-02T23:48:20.876+0000] {fraud_detection_dag.py:270} INFO - Pas de données
[2024-11-02T23:48:20.877+0000] {python.py:240} INFO - Done. Returned value was: None
[2024-11-02T23:48:20.891+0000] {taskinstance.py:340} INFO - ::group::Post task execution logs
[2024-11-02T23:48:20.892+0000] {taskinstance.py:352} INFO - Marking task as SUCCESS. dag_id=fraud_detection, task_id=skip_processing, run_id=scheduled__2024-11-02T23:46:00+00:00, execution_date=20241102T234600, start_date=20241102T234820, end_date=20241102T234820
[2024-11-02T23:48:20.980+0000] {local_task_job_runner.py:266} INFO - Task exited with return code 0
[2024-11-02T23:48:21.073+0000] {taskinstance.py:3900} INFO - 0 downstream tasks scheduled from follow-on schedule check
[2024-11-02T23:48:21.081+0000] {local_task_job_runner.py:245} INFO - ::endgroup::
