[2024-11-22T19:03:50.015+0000] {local_task_job_runner.py:123} INFO - ::group::Pre task execution logs
[2024-11-22T19:03:50.062+0000] {taskinstance.py:2612} INFO - Dependencies all met for dep_context=non-requeueable deps ti=<TaskInstance: fraud_detection.notify_normal scheduled__2024-11-22T19:02:00+00:00 [queued]>
[2024-11-22T19:03:50.085+0000] {taskinstance.py:2612} INFO - Dependencies all met for dep_context=requeueable deps ti=<TaskInstance: fraud_detection.notify_normal scheduled__2024-11-22T19:02:00+00:00 [queued]>
[2024-11-22T19:03:50.086+0000] {taskinstance.py:2865} INFO - Starting attempt 1 of 2
[2024-11-22T19:03:50.111+0000] {taskinstance.py:2888} INFO - Executing <Task(PythonOperator): notify_normal> on 2024-11-22 19:02:00+00:00
[2024-11-22T19:03:50.127+0000] {warnings.py:112} WARNING - /home/***/.local/lib/python3.12/site-packages/***/task/task_runner/standard_task_runner.py:70: DeprecationWarning: This process (pid=1037) is multi-threaded, use of fork() may lead to deadlocks in the child.
  pid = os.fork()

[2024-11-22T19:03:50.130+0000] {standard_task_runner.py:72} INFO - Started process 1039 to run task
[2024-11-22T19:03:50.128+0000] {standard_task_runner.py:104} INFO - Running: ['***', 'tasks', 'run', 'fraud_detection', 'notify_normal', 'scheduled__2024-11-22T19:02:00+00:00', '--job-id', '478', '--raw', '--subdir', 'DAGS_FOLDER/fraud_detection_dag.py', '--cfg-path', '/tmp/tmpjy0b4xfm']
[2024-11-22T19:03:50.136+0000] {standard_task_runner.py:105} INFO - Job 478: Subtask notify_normal
[2024-11-22T19:03:50.288+0000] {task_command.py:467} INFO - Running <TaskInstance: fraud_detection.notify_normal scheduled__2024-11-22T19:02:00+00:00 [running]> on host c6af8dbaf1e5
[2024-11-22T19:03:50.497+0000] {taskinstance.py:3131} INFO - Exporting env vars: AIRFLOW_CTX_DAG_OWNER='fraud_team' AIRFLOW_CTX_DAG_ID='fraud_detection' AIRFLOW_CTX_TASK_ID='notify_normal' AIRFLOW_CTX_EXECUTION_DATE='2024-11-22T19:02:00+00:00' AIRFLOW_CTX_TRY_NUMBER='1' AIRFLOW_CTX_DAG_RUN_ID='scheduled__2024-11-22T19:02:00+00:00'
[2024-11-22T19:03:50.499+0000] {taskinstance.py:731} INFO - ::endgroup::
[2024-11-22T19:03:50.617+0000] {fraud_detection_dag.py:218} INFO - Données de transaction récupérées: {"columns":["cc_num","merchant","category","amt","first","last","gender","street","city","state","zip","lat","long","city_pop","job","dob","trans_num","merch_lat","merch_long","is_fraud","current_time"],"index":[39600],"data":[[3523843138706408,"fraud_Jenkins, Hauck and Friesen","gas_transport",79.21,"Grace","Williams","F","28812 Charles Mill Apt. 628","Plantersville","AL",36758,32.6176,-86.9475,1412,"Drilling engineer","1970-11-20","b6947aa8a05d2591df3317742c3df40f",33.340218,-87.746083,0,1732302221839]]}
[2024-11-22T19:03:50.618+0000] {fraud_detection_dag.py:219} INFO - Probabilité de fraude: 0.36888341055420953
[2024-11-22T19:03:50.618+0000] {fraud_detection_dag.py:220} INFO - Est une fraude: False
[2024-11-22T19:03:50.624+0000] {fraud_detection_dag.py:280} INFO - Tentative d'envoi d'email normale...
[2024-11-22T19:03:50.624+0000] {fraud_detection_dag.py:281} INFO - Contenu de l'email:

        ✅ Transaction NORMALE détectée!
        
        Statut: Vert
        Probabilité de fraude: 36.89%
        
        Détails de la transaction:
        --------------------------
        ID Transaction: b6947aa8a05d2591df3317742c3df40f
        Montant: 79.21€
        Date/Heure: 2024-11-22 19:03:41
        
        Informations sur le marchand:
        ----------------------------
        Nom: fraud_Jenkins, Hauck and Friesen
        Ville: Plantersville
        État: AL
        
        Informations sur le client:
        --------------------------
        Nom: Grace Williams
        Ville: Plantersville
        
        Cette notification a été générée automatiquement par le système de détection de fraude.
        
[2024-11-22T19:03:54.721+0000] {fraud_detection_dag.py:291} INFO - Email envoyé avec succès
[2024-11-22T19:03:54.722+0000] {python.py:240} INFO - Done. Returned value was: store_normal
[2024-11-22T19:03:54.898+0000] {taskinstance.py:340} INFO - ::group::Post task execution logs
[2024-11-22T19:03:54.899+0000] {taskinstance.py:352} INFO - Marking task as SUCCESS. dag_id=fraud_detection, task_id=notify_normal, run_id=scheduled__2024-11-22T19:02:00+00:00, execution_date=20241122T190200, start_date=20241122T190350, end_date=20241122T190354
[2024-11-22T19:03:54.968+0000] {local_task_job_runner.py:266} INFO - Task exited with return code 0
[2024-11-22T19:03:55.069+0000] {taskinstance.py:3900} INFO - 1 downstream tasks scheduled from follow-on schedule check
[2024-11-22T19:03:55.082+0000] {local_task_job_runner.py:245} INFO - ::endgroup::
