[2024-11-23T17:00:51.239+0000] {local_task_job_runner.py:123} INFO - ::group::Pre task execution logs
[2024-11-23T17:00:51.278+0000] {taskinstance.py:2612} INFO - Dependencies all met for dep_context=non-requeueable deps ti=<TaskInstance: fraud_detection.notify_normal scheduled__2024-11-23T16:59:00+00:00 [queued]>
[2024-11-23T17:00:51.294+0000] {taskinstance.py:2612} INFO - Dependencies all met for dep_context=requeueable deps ti=<TaskInstance: fraud_detection.notify_normal scheduled__2024-11-23T16:59:00+00:00 [queued]>
[2024-11-23T17:00:51.295+0000] {taskinstance.py:2865} INFO - Starting attempt 1 of 2
[2024-11-23T17:00:51.323+0000] {taskinstance.py:2888} INFO - Executing <Task(PythonOperator): notify_normal> on 2024-11-23 16:59:00+00:00
[2024-11-23T17:00:51.339+0000] {warnings.py:112} WARNING - /home/***/.local/lib/python3.12/site-packages/***/task/task_runner/standard_task_runner.py:70: DeprecationWarning: This process (pid=816) is multi-threaded, use of fork() may lead to deadlocks in the child.
  pid = os.fork()

[2024-11-23T17:00:51.340+0000] {standard_task_runner.py:72} INFO - Started process 825 to run task
[2024-11-23T17:00:51.345+0000] {standard_task_runner.py:104} INFO - Running: ['***', 'tasks', 'run', 'fraud_detection', 'notify_normal', 'scheduled__2024-11-23T16:59:00+00:00', '--job-id', '85', '--raw', '--subdir', 'DAGS_FOLDER/fraud_detection_dag.py', '--cfg-path', '/tmp/tmpkft2uo92']
[2024-11-23T17:00:51.351+0000] {standard_task_runner.py:105} INFO - Job 85: Subtask notify_normal
[2024-11-23T17:00:51.444+0000] {task_command.py:467} INFO - Running <TaskInstance: fraud_detection.notify_normal scheduled__2024-11-23T16:59:00+00:00 [running]> on host 345e92ff26bf
[2024-11-23T17:00:51.613+0000] {taskinstance.py:3131} INFO - Exporting env vars: AIRFLOW_CTX_DAG_OWNER='fraud_team' AIRFLOW_CTX_DAG_ID='fraud_detection' AIRFLOW_CTX_TASK_ID='notify_normal' AIRFLOW_CTX_EXECUTION_DATE='2024-11-23T16:59:00+00:00' AIRFLOW_CTX_TRY_NUMBER='1' AIRFLOW_CTX_DAG_RUN_ID='scheduled__2024-11-23T16:59:00+00:00'
[2024-11-23T17:00:51.615+0000] {taskinstance.py:731} INFO - ::endgroup::
[2024-11-23T17:00:51.694+0000] {fraud_detection_dag.py:219} INFO - Données de transaction récupérées: {"columns":["cc_num","merchant","category","amt","first","last","gender","street","city","state","zip","lat","long","city_pop","job","dob","trans_num","merch_lat","merch_long","is_fraud","current_time"],"index":[463482],"data":[[377993105397617,"fraud_Jast and Sons","food_dining",3.41,"Nathan","Martinez","M","586 Thomas Cliffs","Oconto Falls","WI",54154,44.8755,-88.1555,5548,"Mining engineer","1975-09-11","baf662555a77ab3066c7ff368f426077",44.652075,-87.885274,0,1732381241133]]}
[2024-11-23T17:00:51.695+0000] {fraud_detection_dag.py:220} INFO - Probabilité de fraude: 0.35952157968516407
[2024-11-23T17:00:51.696+0000] {fraud_detection_dag.py:221} INFO - Est une fraude: False
[2024-11-23T17:00:51.702+0000] {fraud_detection_dag.py:281} INFO - Tentative d'envoi d'email normale...
[2024-11-23T17:00:51.703+0000] {fraud_detection_dag.py:282} INFO - Contenu de l'email:

        ✅ Transaction NORMALE détectée!
        
        Statut: Vert
        Probabilité de fraude: 35.95%
        
        Détails de la transaction:
        --------------------------
        ID Transaction: baf662555a77ab3066c7ff368f426077
        Montant: 3.41€
        Date/Heure: 2024-11-23 17:00:41
        
        Informations sur le marchand:
        ----------------------------
        Nom: fraud_Jast and Sons
        Ville: Oconto Falls
        État: WI
        
        Informations sur le client:
        --------------------------
        Nom: Nathan Martinez
        Ville: Oconto Falls
        
        Cette notification a été générée automatiquement par le système de détection de fraude.
        
[2024-11-23T17:00:55.595+0000] {fraud_detection_dag.py:292} INFO - Email envoyé avec succès
[2024-11-23T17:00:55.599+0000] {python.py:240} INFO - Done. Returned value was: store_normal
[2024-11-23T17:00:55.718+0000] {taskinstance.py:340} INFO - ::group::Post task execution logs
[2024-11-23T17:00:55.719+0000] {taskinstance.py:352} INFO - Marking task as SUCCESS. dag_id=fraud_detection, task_id=notify_normal, run_id=scheduled__2024-11-23T16:59:00+00:00, execution_date=20241123T165900, start_date=20241123T170051, end_date=20241123T170055
[2024-11-23T17:00:55.872+0000] {local_task_job_runner.py:266} INFO - Task exited with return code 0
[2024-11-23T17:00:55.949+0000] {taskinstance.py:3900} INFO - 1 downstream tasks scheduled from follow-on schedule check
[2024-11-23T17:00:55.954+0000] {local_task_job_runner.py:245} INFO - ::endgroup::
