[2024-11-08T18:22:00.219+0000] {local_task_job_runner.py:123} INFO - ::group::Pre task execution logs
[2024-11-08T18:22:00.243+0000] {taskinstance.py:2612} INFO - Dependencies all met for dep_context=non-requeueable deps ti=<TaskInstance: fraud_detection.process_transaction scheduled__2024-11-08T18:20:00+00:00 [queued]>
[2024-11-08T18:22:00.259+0000] {taskinstance.py:2612} INFO - Dependencies all met for dep_context=requeueable deps ti=<TaskInstance: fraud_detection.process_transaction scheduled__2024-11-08T18:20:00+00:00 [queued]>
[2024-11-08T18:22:00.260+0000] {taskinstance.py:2865} INFO - Starting attempt 1 of 2
[2024-11-08T18:22:00.285+0000] {taskinstance.py:2888} INFO - Executing <Task(BranchPythonOperator): process_transaction> on 2024-11-08 18:20:00+00:00
[2024-11-08T18:22:00.296+0000] {warnings.py:112} WARNING - /home/***/.local/lib/python3.12/site-packages/***/task/task_runner/standard_task_runner.py:70: DeprecationWarning: This process (pid=1138) is multi-threaded, use of fork() may lead to deadlocks in the child.
  pid = os.fork()

[2024-11-08T18:22:00.299+0000] {standard_task_runner.py:72} INFO - Started process 1140 to run task
[2024-11-08T18:22:00.301+0000] {standard_task_runner.py:104} INFO - Running: ['***', 'tasks', 'run', 'fraud_detection', 'process_transaction', 'scheduled__2024-11-08T18:20:00+00:00', '--job-id', '238', '--raw', '--subdir', 'DAGS_FOLDER/fraud_detection_dag.py', '--cfg-path', '/tmp/tmp6w70og26']
[2024-11-08T18:22:00.306+0000] {standard_task_runner.py:105} INFO - Job 238: Subtask process_transaction
[2024-11-08T18:22:00.403+0000] {task_command.py:467} INFO - Running <TaskInstance: fraud_detection.process_transaction scheduled__2024-11-08T18:20:00+00:00 [running]> on host 641085defe8e
[2024-11-08T18:22:00.567+0000] {taskinstance.py:3131} INFO - Exporting env vars: AIRFLOW_CTX_DAG_OWNER='fraud_team' AIRFLOW_CTX_DAG_ID='fraud_detection' AIRFLOW_CTX_TASK_ID='process_transaction' AIRFLOW_CTX_EXECUTION_DATE='2024-11-08T18:20:00+00:00' AIRFLOW_CTX_TRY_NUMBER='1' AIRFLOW_CTX_DAG_RUN_ID='scheduled__2024-11-08T18:20:00+00:00'
[2024-11-08T18:22:00.569+0000] {taskinstance.py:731} INFO - ::endgroup::
[2024-11-08T18:22:00.594+0000] {baseoperator.py:405} WARNING - BranchPythonOperator.execute cannot be called outside TaskInstance!
[2024-11-08T18:22:00.613+0000] {fraud_detection_dag.py:77} INFO - Données récupérées depuis XCom: {"columns":["cc_num","merchant","category","amt","first","last","gender","street","city","state","zip","lat","long","city_pop","job","dob","trans_num","merch_lat","merch_long","is_fraud","current_time"],"index":[417235],"data":[[6526448584969862,"fraud_Jacobi and Sons","shopping_pos",8.31,"Nathan","Stewart","M","63502 Brown Road Apt. 318","West Long Branch","NJ",7764,40.2878,-74.0162,8097,"Mechanical engineer","1964-02-18","8a0f83c86d6941bb6559aedc650cda2a",40.367241,-74.131564,0,1731090118256]]}
[2024-11-08T18:22:00.614+0000] {fraud_detection_dag.py:85} INFO - Données JSON parsées avec succès
[2024-11-08T18:22:00.618+0000] {fraud_detection_dag.py:89} INFO - DataFrame créé avec 1 lignes
[2024-11-08T18:22:00.621+0000] {fraud_detection_dag.py:93} INFO - Colonnes renommées avec succès
[2024-11-08T18:22:00.622+0000] {fraud_detection_dag.py:94} INFO - Colonnes disponibles: ['cc_num', 'merchant', 'category', 'amt', 'first', 'last', 'gender', 'street', 'city', 'state', 'zip', 'lat', 'long', 'city_pop', 'job', 'dob', 'trans_num', 'merch_lat', 'merch_long', 'is_fraud', 'trans_date_trans_time']
[2024-11-08T18:22:00.625+0000] {fraud_detection_dag.py:98} INFO - Conversion de trans_date_trans_time en unix_time réussie
[2024-11-08T18:22:00.667+0000] {fraud_detection_dag.py:107} INFO - Transformation des données...
[2024-11-08T18:22:01.834+0000] {warnings.py:112} WARNING - /home/***/.local/lib/python3.12/site-packages/sklearn/ensemble/_base.py:172: UserWarning: Loky-backed parallel loops cannot be called in a multiprocessing, setting n_jobs=1
  n_jobs = min(effective_n_jobs(n_jobs), n_estimators)

[2024-11-08T18:22:01.861+0000] {warnings.py:112} WARNING - /home/***/.local/lib/python3.12/site-packages/sklearn/ensemble/_base.py:172: UserWarning: Loky-backed parallel loops cannot be called in a multiprocessing, setting n_jobs=1
  n_jobs = min(effective_n_jobs(n_jobs), n_estimators)

[2024-11-08T18:22:01.869+0000] {fraud_detection_dag.py:119} INFO - Prediction de fraude: NORMAL, Probabilité: 36.79%
[2024-11-08T18:22:01.924+0000] {fraud_detection_dag.py:125} INFO - Prédiction: NORMAL (Probabilité: 36.79%)
[2024-11-08T18:22:01.926+0000] {python.py:240} INFO - Done. Returned value was: notify_normal
[2024-11-08T18:22:01.928+0000] {branch.py:38} INFO - Branch into notify_normal
[2024-11-08T18:22:01.929+0000] {skipmixin.py:230} INFO - Following branch ('notify_normal',)
[2024-11-08T18:22:01.951+0000] {skipmixin.py:278} INFO - Skipping tasks [('skip_processing', -1), ('notify_fraud', -1)]
[2024-11-08T18:22:02.006+0000] {taskinstance.py:340} INFO - ::group::Post task execution logs
[2024-11-08T18:22:02.007+0000] {taskinstance.py:352} INFO - Marking task as SUCCESS. dag_id=fraud_detection, task_id=process_transaction, run_id=scheduled__2024-11-08T18:20:00+00:00, execution_date=20241108T182000, start_date=20241108T182200, end_date=20241108T182202
[2024-11-08T18:22:02.088+0000] {local_task_job_runner.py:266} INFO - Task exited with return code 0
[2024-11-08T18:22:02.162+0000] {taskinstance.py:3900} INFO - 1 downstream tasks scheduled from follow-on schedule check
[2024-11-08T18:22:02.173+0000] {local_task_job_runner.py:245} INFO - ::endgroup::
