[2024-11-02T23:47:39.312+0000] {local_task_job_runner.py:123} INFO - ::group::Pre task execution logs
[2024-11-02T23:47:39.398+0000] {taskinstance.py:2612} INFO - Dependencies all met for dep_context=non-requeueable deps ti=<TaskInstance: fraud_detection.skip_processing manual__2024-11-02T23:46:09.051420+00:00 [queued]>
[2024-11-02T23:47:39.445+0000] {taskinstance.py:2612} INFO - Dependencies all met for dep_context=requeueable deps ti=<TaskInstance: fraud_detection.skip_processing manual__2024-11-02T23:46:09.051420+00:00 [queued]>
[2024-11-02T23:47:39.445+0000] {taskinstance.py:2865} INFO - Starting attempt 1 of 2
[2024-11-02T23:47:39.478+0000] {taskinstance.py:2888} INFO - Executing <Task(PythonOperator): skip_processing> on 2024-11-02 23:46:09.051420+00:00
[2024-11-02T23:47:39.503+0000] {warnings.py:112} WARNING - /home/***/.local/lib/python3.12/site-packages/***/task/task_runner/standard_task_runner.py:70: DeprecationWarning: This process (pid=1333) is multi-threaded, use of fork() may lead to deadlocks in the child.
  pid = os.fork()

[2024-11-02T23:47:39.506+0000] {standard_task_runner.py:72} INFO - Started process 1345 to run task
[2024-11-02T23:47:39.516+0000] {standard_task_runner.py:104} INFO - Running: ['***', 'tasks', 'run', 'fraud_detection', 'skip_processing', 'manual__2024-11-02T23:46:09.051420+00:00', '--job-id', '98', '--raw', '--subdir', 'DAGS_FOLDER/fraud_detection_dag.py', '--cfg-path', '/tmp/tmpdvbr3io8']
[2024-11-02T23:47:39.520+0000] {standard_task_runner.py:105} INFO - Job 98: Subtask skip_processing
[2024-11-02T23:47:39.782+0000] {task_command.py:467} INFO - Running <TaskInstance: fraud_detection.skip_processing manual__2024-11-02T23:46:09.051420+00:00 [running]> on host 713744f3b6c0
[2024-11-02T23:47:40.161+0000] {taskinstance.py:3131} INFO - Exporting env vars: AIRFLOW_CTX_DAG_OWNER='fraud_team' AIRFLOW_CTX_DAG_ID='fraud_detection' AIRFLOW_CTX_TASK_ID='skip_processing' AIRFLOW_CTX_EXECUTION_DATE='2024-11-02T23:46:09.051420+00:00' AIRFLOW_CTX_TRY_NUMBER='1' AIRFLOW_CTX_DAG_RUN_ID='manual__2024-11-02T23:46:09.051420+00:00'
[2024-11-02T23:47:40.163+0000] {taskinstance.py:731} INFO - ::endgroup::
[2024-11-02T23:47:40.214+0000] {fraud_detection_dag.py:270} INFO - Pas de données
[2024-11-02T23:47:40.215+0000] {python.py:240} INFO - Done. Returned value was: None
[2024-11-02T23:47:40.255+0000] {taskinstance.py:340} INFO - ::group::Post task execution logs
[2024-11-02T23:47:40.257+0000] {taskinstance.py:352} INFO - Marking task as SUCCESS. dag_id=fraud_detection, task_id=skip_processing, run_id=manual__2024-11-02T23:46:09.051420+00:00, execution_date=20241102T234609, start_date=20241102T234739, end_date=20241102T234740
[2024-11-02T23:47:40.368+0000] {local_task_job_runner.py:266} INFO - Task exited with return code 0
[2024-11-02T23:47:40.459+0000] {taskinstance.py:3900} INFO - 0 downstream tasks scheduled from follow-on schedule check
[2024-11-02T23:47:40.470+0000] {local_task_job_runner.py:245} INFO - ::endgroup::
