[2024-11-23T17:57:15.044+0000] {local_task_job_runner.py:123} INFO - ::group::Pre task execution logs
[2024-11-23T17:57:15.131+0000] {taskinstance.py:2612} INFO - Dependencies all met for dep_context=non-requeueable deps ti=<TaskInstance: fraud_detection.store_normal scheduled__2024-11-23T17:55:00+00:00 [queued]>
[2024-11-23T17:57:15.161+0000] {taskinstance.py:2612} INFO - Dependencies all met for dep_context=requeueable deps ti=<TaskInstance: fraud_detection.store_normal scheduled__2024-11-23T17:55:00+00:00 [queued]>
[2024-11-23T17:57:15.162+0000] {taskinstance.py:2865} INFO - Starting attempt 1 of 2
[2024-11-23T17:57:15.187+0000] {taskinstance.py:2888} INFO - Executing <Task(PythonOperator): store_normal> on 2024-11-23 17:55:00+00:00
[2024-11-23T17:57:15.205+0000] {warnings.py:112} WARNING - /home/***/.local/lib/python3.12/site-packages/***/task/task_runner/standard_task_runner.py:70: DeprecationWarning: This process (pid=3729) is multi-threaded, use of fork() may lead to deadlocks in the child.
  pid = os.fork()

[2024-11-23T17:57:15.209+0000] {standard_task_runner.py:72} INFO - Started process 3734 to run task
[2024-11-23T17:57:15.211+0000] {standard_task_runner.py:104} INFO - Running: ['***', 'tasks', 'run', 'fraud_detection', 'store_normal', 'scheduled__2024-11-23T17:55:00+00:00', '--job-id', '364', '--raw', '--subdir', 'DAGS_FOLDER/fraud_detection_dag.py', '--cfg-path', '/tmp/tmpkroogl2x']
[2024-11-23T17:57:15.215+0000] {standard_task_runner.py:105} INFO - Job 364: Subtask store_normal
[2024-11-23T17:57:15.375+0000] {task_command.py:467} INFO - Running <TaskInstance: fraud_detection.store_normal scheduled__2024-11-23T17:55:00+00:00 [running]> on host 345e92ff26bf
[2024-11-23T17:57:15.532+0000] {taskinstance.py:3131} INFO - Exporting env vars: AIRFLOW_CTX_DAG_OWNER='fraud_team' AIRFLOW_CTX_DAG_ID='fraud_detection' AIRFLOW_CTX_TASK_ID='store_normal' AIRFLOW_CTX_EXECUTION_DATE='2024-11-23T17:55:00+00:00' AIRFLOW_CTX_TRY_NUMBER='1' AIRFLOW_CTX_DAG_RUN_ID='scheduled__2024-11-23T17:55:00+00:00'
[2024-11-23T17:57:15.535+0000] {taskinstance.py:731} INFO - ::endgroup::
[2024-11-23T17:57:15.584+0000] {fraud_detection_dag.py:235} INFO - Tentative de connexion à Neon...
[2024-11-23T17:57:23.581+0000] {fraud_detection_dag.py:241} INFO - Connexion à Neon réussie!
[2024-11-23T17:57:23.897+0000] {fraud_detection_dag.py:248} INFO - Données reçues pour stockage: {"columns":["cc_num","merchant","category","amt","first","last","gender","street","city","state","zip","lat","long","city_pop","job","dob","trans_num","merch_lat","merch_long","is_fraud","current_time"],"index":[279981],"data":[[3514865930894695,"fraud_Koepp-Witting","grocery_pos",145.52,"Christopher","Castaneda","M","1632 Cohen Drive Suite 639","High Rolls Mountain Park","NM",88325,32.9396,-105.8189,899,"Naval architect","1967-08-30","d28ac5a4d1b3a368de721946fd72e0e5",33.228422,-106.051826,0,1732384614675]]}
[2024-11-23T17:57:23.898+0000] {fraud_detection_dag.py:257} INFO - JSON parsé avec succès
[2024-11-23T17:57:23.902+0000] {fraud_detection_dag.py:261} INFO - DataFrame créé avec 1 lignes
[2024-11-23T17:57:23.907+0000] {fraud_detection_dag.py:266} INFO - Colonne current_time renommée en trans_date_trans_time
[2024-11-23T17:57:23.912+0000] {fraud_detection_dag.py:270} INFO - Conversion du timestamp réussie
[2024-11-23T17:57:23.928+0000] {fraud_detection_dag.py:274} INFO - Indicateur de fraude récupéré: False
[2024-11-23T17:57:23.930+0000] {fraud_detection_dag.py:278} INFO - Colonne is_fraud mise à jour avec la valeur: False
[2024-11-23T17:57:23.931+0000] {fraud_detection_dag.py:282} INFO - Conversion de is_fraud en boolean réussie
[2024-11-23T17:57:23.932+0000] {fraud_detection_dag.py:285} INFO - Colonnes finales avant stockage: ['cc_num', 'merchant', 'category', 'amt', 'first', 'last', 'gender', 'street', 'city', 'state', 'zip', 'lat', 'long', 'city_pop', 'job', 'dob', 'trans_num', 'merch_lat', 'merch_long', 'is_fraud', 'trans_date_trans_time']
[2024-11-23T17:57:23.934+0000] {fraud_detection_dag.py:286} INFO - Types des données: 
cc_num                            int64
merchant                         object
category                         object
amt                             float64
first                            object
last                             object
gender                           object
street                           object
city                             object
state                            object
zip                               int64
lat                             float64
long                            float64
city_pop                          int64
job                              object
dob                              object
trans_num                        object
merch_lat                       float64
merch_long                      float64
is_fraud                           bool
trans_date_trans_time    datetime64[ns]
dtype: object
[2024-11-23T17:57:23.934+0000] {fraud_detection_dag.py:290} INFO - Stockage dans la table: normal_transactions
[2024-11-23T17:57:25.416+0000] {fraud_detection_dag.py:295} INFO - Données stockées avec succès dans la table normal_transactions
[2024-11-23T17:57:25.417+0000] {python.py:240} INFO - Done. Returned value was: None
[2024-11-23T17:57:25.441+0000] {taskinstance.py:340} INFO - ::group::Post task execution logs
[2024-11-23T17:57:25.442+0000] {taskinstance.py:352} INFO - Marking task as SUCCESS. dag_id=fraud_detection, task_id=store_normal, run_id=scheduled__2024-11-23T17:55:00+00:00, execution_date=20241123T175500, start_date=20241123T175715, end_date=20241123T175725
[2024-11-23T17:57:25.645+0000] {local_task_job_runner.py:266} INFO - Task exited with return code 0
[2024-11-23T17:57:25.818+0000] {taskinstance.py:3900} INFO - 1 downstream tasks scheduled from follow-on schedule check
[2024-11-23T17:57:25.825+0000] {local_task_job_runner.py:245} INFO - ::endgroup::
