[2024-11-24T15:23:04.470+0000] {local_task_job_runner.py:123} INFO - ::group::Pre task execution logs
[2024-11-24T15:23:04.603+0000] {taskinstance.py:2612} INFO - Dependencies all met for dep_context=non-requeueable deps ti=<TaskInstance: fraud_detection.notify_normal scheduled__2024-11-24T15:21:00+00:00 [queued]>
[2024-11-24T15:23:04.741+0000] {taskinstance.py:2612} INFO - Dependencies all met for dep_context=requeueable deps ti=<TaskInstance: fraud_detection.notify_normal scheduled__2024-11-24T15:21:00+00:00 [queued]>
[2024-11-24T15:23:04.750+0000] {taskinstance.py:2865} INFO - Starting attempt 1 of 2
[2024-11-24T15:23:04.826+0000] {taskinstance.py:2888} INFO - Executing <Task(PythonOperator): notify_normal> on 2024-11-24 15:21:00+00:00
[2024-11-24T15:23:04.863+0000] {warnings.py:112} WARNING - /home/***/.local/lib/python3.12/site-packages/***/task/task_runner/standard_task_runner.py:70: DeprecationWarning: This process (pid=1178) is multi-threaded, use of fork() may lead to deadlocks in the child.
  pid = os.fork()

[2024-11-24T15:23:04.865+0000] {standard_task_runner.py:72} INFO - Started process 1190 to run task
[2024-11-24T15:23:04.872+0000] {standard_task_runner.py:104} INFO - Running: ['***', 'tasks', 'run', 'fraud_detection', 'notify_normal', 'scheduled__2024-11-24T15:21:00+00:00', '--job-id', '619', '--raw', '--subdir', 'DAGS_FOLDER/fraud_detection_dag.py', '--cfg-path', '/tmp/tmpm9lc9th8']
[2024-11-24T15:23:04.909+0000] {standard_task_runner.py:105} INFO - Job 619: Subtask notify_normal
[2024-11-24T15:23:05.370+0000] {task_command.py:467} INFO - Running <TaskInstance: fraud_detection.notify_normal scheduled__2024-11-24T15:21:00+00:00 [running]> on host 345e92ff26bf
[2024-11-24T15:23:05.994+0000] {taskinstance.py:3131} INFO - Exporting env vars: AIRFLOW_CTX_DAG_OWNER='fraud_team' AIRFLOW_CTX_DAG_ID='fraud_detection' AIRFLOW_CTX_TASK_ID='notify_normal' AIRFLOW_CTX_EXECUTION_DATE='2024-11-24T15:21:00+00:00' AIRFLOW_CTX_TRY_NUMBER='1' AIRFLOW_CTX_DAG_RUN_ID='scheduled__2024-11-24T15:21:00+00:00'
[2024-11-24T15:23:05.996+0000] {taskinstance.py:731} INFO - ::endgroup::
[2024-11-24T15:23:06.198+0000] {fraud_detection_dag.py:144} INFO - Données de transaction récupérées: {"columns":["cc_num","merchant","category","amt","first","last","gender","street","city","state","zip","lat","long","city_pop","job","dob","trans_num","merch_lat","merch_long","is_fraud","current_time"],"index":[145755],"data":[[6011724471098086,"fraud_Deckow-O'Conner","grocery_pos",169.57,"Ann","Lawson","F","144 Evans Islands Apt. 683","Burbank","WA",99323,46.1966,-118.9017,3684,"Musician","1981-11-29","c6dcf5eae3279de2ec37a415165a8bcc",45.453316,-118.00537,0,1732461770458]]}
[2024-11-24T15:23:06.199+0000] {fraud_detection_dag.py:145} INFO - Probabilité de fraude: 0.39031611463936483
[2024-11-24T15:23:06.200+0000] {fraud_detection_dag.py:146} INFO - Est une fraude: False
[2024-11-24T15:23:06.208+0000] {fraud_detection_dag.py:206} INFO - Tentative d'envoi d'email normale...
[2024-11-24T15:23:06.208+0000] {fraud_detection_dag.py:207} INFO - Contenu de l'email:

        ✅ Transaction NORMALE détectée!
        
        Statut: Vert
        Probabilité de fraude: 39.03%
        
        Détails de la transaction:
        --------------------------
        ID Transaction: c6dcf5eae3279de2ec37a415165a8bcc
        Montant: 169.57€
        Date/Heure: 2024-11-24 15:22:50
        
        Informations sur le marchand:
        ----------------------------
        Nom: fraud_Deckow-O'Conner
        Ville: Burbank
        État: WA
        
        Informations sur le client:
        --------------------------
        Nom: Ann Lawson
        Ville: Burbank
        
        Cette notification a été générée automatiquement par le système de détection de fraude.
        
[2024-11-24T15:23:10.867+0000] {fraud_detection_dag.py:217} INFO - Email envoyé avec succès
[2024-11-24T15:23:10.874+0000] {python.py:240} INFO - Done. Returned value was: store_normal
[2024-11-24T15:23:11.023+0000] {taskinstance.py:340} INFO - ::group::Post task execution logs
[2024-11-24T15:23:11.024+0000] {taskinstance.py:352} INFO - Marking task as SUCCESS. dag_id=fraud_detection, task_id=notify_normal, run_id=scheduled__2024-11-24T15:21:00+00:00, execution_date=20241124T152100, start_date=20241124T152304, end_date=20241124T152311
[2024-11-24T15:23:11.186+0000] {local_task_job_runner.py:266} INFO - Task exited with return code 0
[2024-11-24T15:23:11.360+0000] {taskinstance.py:3900} INFO - 1 downstream tasks scheduled from follow-on schedule check
[2024-11-24T15:23:11.377+0000] {local_task_job_runner.py:245} INFO - ::endgroup::
