[2024-11-23T16:51:18.066+0000] {local_task_job_runner.py:123} INFO - ::group::Pre task execution logs
[2024-11-23T16:51:18.172+0000] {taskinstance.py:2612} INFO - Dependencies all met for dep_context=non-requeueable deps ti=<TaskInstance: fraud_detection.notify_normal scheduled__2024-11-23T16:49:00+00:00 [queued]>
[2024-11-23T16:51:18.217+0000] {taskinstance.py:2612} INFO - Dependencies all met for dep_context=requeueable deps ti=<TaskInstance: fraud_detection.notify_normal scheduled__2024-11-23T16:49:00+00:00 [queued]>
[2024-11-23T16:51:18.218+0000] {taskinstance.py:2865} INFO - Starting attempt 1 of 2
[2024-11-23T16:51:18.311+0000] {taskinstance.py:2888} INFO - Executing <Task(PythonOperator): notify_normal> on 2024-11-23 16:49:00+00:00
[2024-11-23T16:51:18.335+0000] {warnings.py:112} WARNING - /home/***/.local/lib/python3.12/site-packages/***/task/task_runner/standard_task_runner.py:70: DeprecationWarning: This process (pid=241) is multi-threaded, use of fork() may lead to deadlocks in the child.
  pid = os.fork()

[2024-11-23T16:51:18.338+0000] {standard_task_runner.py:72} INFO - Started process 247 to run task
[2024-11-23T16:51:18.341+0000] {standard_task_runner.py:104} INFO - Running: ['***', 'tasks', 'run', 'fraud_detection', 'notify_normal', 'scheduled__2024-11-23T16:49:00+00:00', '--job-id', '26', '--raw', '--subdir', 'DAGS_FOLDER/fraud_detection_dag.py', '--cfg-path', '/tmp/tmpd7dw184k']
[2024-11-23T16:51:18.347+0000] {standard_task_runner.py:105} INFO - Job 26: Subtask notify_normal
[2024-11-23T16:51:18.474+0000] {task_command.py:467} INFO - Running <TaskInstance: fraud_detection.notify_normal scheduled__2024-11-23T16:49:00+00:00 [running]> on host 345e92ff26bf
[2024-11-23T16:51:18.712+0000] {taskinstance.py:3131} INFO - Exporting env vars: AIRFLOW_CTX_DAG_OWNER='fraud_team' AIRFLOW_CTX_DAG_ID='fraud_detection' AIRFLOW_CTX_TASK_ID='notify_normal' AIRFLOW_CTX_EXECUTION_DATE='2024-11-23T16:49:00+00:00' AIRFLOW_CTX_TRY_NUMBER='1' AIRFLOW_CTX_DAG_RUN_ID='scheduled__2024-11-23T16:49:00+00:00'
[2024-11-23T16:51:18.715+0000] {taskinstance.py:731} INFO - ::endgroup::
[2024-11-23T16:51:18.972+0000] {fraud_detection_dag.py:219} INFO - Données de transaction récupérées: {"columns":["cc_num","merchant","category","amt","first","last","gender","street","city","state","zip","lat","long","city_pop","job","dob","trans_num","merch_lat","merch_long","is_fraud","current_time"],"index":[133825],"data":[[3513285035244624,"fraud_Kilback LLC","grocery_pos",124.95,"Ariana","Campbell","F","50932 Neal Valley","Daniels","WV",25832,37.7256,-81.1087,3994,"Biochemist, clinical","1936-11-05","d54c3ffae3c55c069a7f2e0feb7d0768",36.853357,-80.206036,0,1732380662144]]}
[2024-11-23T16:51:18.981+0000] {fraud_detection_dag.py:220} INFO - Probabilité de fraude: 0.40774819419825936
[2024-11-23T16:51:18.987+0000] {fraud_detection_dag.py:221} INFO - Est une fraude: False
[2024-11-23T16:51:19.018+0000] {fraud_detection_dag.py:281} INFO - Tentative d'envoi d'email normale...
[2024-11-23T16:51:19.020+0000] {fraud_detection_dag.py:282} INFO - Contenu de l'email:

        ✅ Transaction NORMALE détectée!
        
        Statut: Vert
        Probabilité de fraude: 40.77%
        
        Détails de la transaction:
        --------------------------
        ID Transaction: d54c3ffae3c55c069a7f2e0feb7d0768
        Montant: 124.95€
        Date/Heure: 2024-11-23 16:51:02
        
        Informations sur le marchand:
        ----------------------------
        Nom: fraud_Kilback LLC
        Ville: Daniels
        État: WV
        
        Informations sur le client:
        --------------------------
        Nom: Ariana Campbell
        Ville: Daniels
        
        Cette notification a été générée automatiquement par le système de détection de fraude.
        
[2024-11-23T16:51:26.679+0000] {fraud_detection_dag.py:292} INFO - Email envoyé avec succès
[2024-11-23T16:51:26.681+0000] {python.py:240} INFO - Done. Returned value was: store_normal
[2024-11-23T16:51:26.840+0000] {taskinstance.py:340} INFO - ::group::Post task execution logs
[2024-11-23T16:51:26.845+0000] {taskinstance.py:352} INFO - Marking task as SUCCESS. dag_id=fraud_detection, task_id=notify_normal, run_id=scheduled__2024-11-23T16:49:00+00:00, execution_date=20241123T164900, start_date=20241123T165118, end_date=20241123T165126
[2024-11-23T16:51:26.999+0000] {local_task_job_runner.py:266} INFO - Task exited with return code 0
[2024-11-23T16:51:27.129+0000] {taskinstance.py:3900} INFO - 1 downstream tasks scheduled from follow-on schedule check
[2024-11-23T16:51:27.140+0000] {local_task_job_runner.py:245} INFO - ::endgroup::
