[2024-11-22T18:40:50.592+0000] {local_task_job_runner.py:123} INFO - ::group::Pre task execution logs
[2024-11-22T18:40:50.623+0000] {taskinstance.py:2612} INFO - Dependencies all met for dep_context=non-requeueable deps ti=<TaskInstance: fraud_detection.process_transaction scheduled__2024-11-08T18:40:00+00:00 [queued]>
[2024-11-22T18:40:50.639+0000] {taskinstance.py:2612} INFO - Dependencies all met for dep_context=requeueable deps ti=<TaskInstance: fraud_detection.process_transaction scheduled__2024-11-08T18:40:00+00:00 [queued]>
[2024-11-22T18:40:50.639+0000] {taskinstance.py:2865} INFO - Starting attempt 1 of 2
[2024-11-22T18:40:50.668+0000] {taskinstance.py:2888} INFO - Executing <Task(BranchPythonOperator): process_transaction> on 2024-11-08 18:40:00+00:00
[2024-11-22T18:40:50.679+0000] {warnings.py:112} WARNING - /home/***/.local/lib/python3.12/site-packages/***/task/task_runner/standard_task_runner.py:70: DeprecationWarning: This process (pid=99) is multi-threaded, use of fork() may lead to deadlocks in the child.
  pid = os.fork()

[2024-11-22T18:40:50.681+0000] {standard_task_runner.py:72} INFO - Started process 101 to run task
[2024-11-22T18:40:50.682+0000] {standard_task_runner.py:104} INFO - Running: ['***', 'tasks', 'run', 'fraud_detection', 'process_transaction', 'scheduled__2024-11-08T18:40:00+00:00', '--job-id', '348', '--raw', '--subdir', 'DAGS_FOLDER/fraud_detection_dag.py', '--cfg-path', '/tmp/tmpakapv52w']
[2024-11-22T18:40:50.688+0000] {standard_task_runner.py:105} INFO - Job 348: Subtask process_transaction
[2024-11-22T18:40:50.797+0000] {task_command.py:467} INFO - Running <TaskInstance: fraud_detection.process_transaction scheduled__2024-11-08T18:40:00+00:00 [running]> on host c6af8dbaf1e5
[2024-11-22T18:40:50.988+0000] {taskinstance.py:3131} INFO - Exporting env vars: AIRFLOW_CTX_DAG_OWNER='fraud_team' AIRFLOW_CTX_DAG_ID='fraud_detection' AIRFLOW_CTX_TASK_ID='process_transaction' AIRFLOW_CTX_EXECUTION_DATE='2024-11-08T18:40:00+00:00' AIRFLOW_CTX_TRY_NUMBER='1' AIRFLOW_CTX_DAG_RUN_ID='scheduled__2024-11-08T18:40:00+00:00'
[2024-11-22T18:40:50.991+0000] {taskinstance.py:731} INFO - ::endgroup::
[2024-11-22T18:40:51.024+0000] {baseoperator.py:405} WARNING - BranchPythonOperator.execute cannot be called outside TaskInstance!
[2024-11-22T18:40:51.049+0000] {fraud_detection_dag.py:77} INFO - Données récupérées depuis XCom: {"columns":["cc_num","merchant","category","amt","first","last","gender","street","city","state","zip","lat","long","city_pop","job","dob","trans_num","merch_lat","merch_long","is_fraud","current_time"],"index":[445498],"data":[[4364010865167176,"fraud_Waelchi-Wolf","kids_pets",85.54,"Gary","Martinez","M","03512 Jackson Ports","Reno","NV",89512,39.5483,-119.7957,276896,"Immunologist","1997-03-12","9f4f362aecb81bbf116eeb0263755ae1",38.975017,-119.415742,0,1732300848251]]}
[2024-11-22T18:40:51.051+0000] {fraud_detection_dag.py:85} INFO - Données JSON parsées avec succès
[2024-11-22T18:40:51.061+0000] {fraud_detection_dag.py:89} INFO - DataFrame créé avec 1 lignes
[2024-11-22T18:40:51.076+0000] {fraud_detection_dag.py:93} INFO - Colonnes renommées avec succès
[2024-11-22T18:40:51.077+0000] {fraud_detection_dag.py:94} INFO - Colonnes disponibles: ['cc_num', 'merchant', 'category', 'amt', 'first', 'last', 'gender', 'street', 'city', 'state', 'zip', 'lat', 'long', 'city_pop', 'job', 'dob', 'trans_num', 'merch_lat', 'merch_long', 'is_fraud', 'trans_date_trans_time']
[2024-11-22T18:40:51.081+0000] {fraud_detection_dag.py:98} INFO - Conversion de trans_date_trans_time en unix_time réussie
[2024-11-22T18:40:51.214+0000] {fraud_detection_dag.py:107} INFO - Transformation des données...
[2024-11-22T18:40:55.285+0000] {warnings.py:112} WARNING - /home/***/.local/lib/python3.12/site-packages/sklearn/ensemble/_base.py:172: UserWarning: Loky-backed parallel loops cannot be called in a multiprocessing, setting n_jobs=1
  n_jobs = min(effective_n_jobs(n_jobs), n_estimators)

[2024-11-22T18:40:55.302+0000] {warnings.py:112} WARNING - /home/***/.local/lib/python3.12/site-packages/sklearn/ensemble/_base.py:172: UserWarning: Loky-backed parallel loops cannot be called in a multiprocessing, setting n_jobs=1
  n_jobs = min(effective_n_jobs(n_jobs), n_estimators)

[2024-11-22T18:40:55.307+0000] {fraud_detection_dag.py:119} INFO - Prediction de fraude: NORMAL, Probabilité: 26.51%
[2024-11-22T18:40:55.368+0000] {fraud_detection_dag.py:125} INFO - Prédiction: NORMAL (Probabilité: 26.51%)
[2024-11-22T18:40:55.370+0000] {python.py:240} INFO - Done. Returned value was: notify_normal
[2024-11-22T18:40:55.371+0000] {branch.py:38} INFO - Branch into notify_normal
[2024-11-22T18:40:55.372+0000] {skipmixin.py:230} INFO - Following branch ('notify_normal',)
[2024-11-22T18:40:55.392+0000] {skipmixin.py:278} INFO - Skipping tasks [('skip_processing', -1), ('notify_fraud', -1)]
[2024-11-22T18:40:55.452+0000] {taskinstance.py:340} INFO - ::group::Post task execution logs
[2024-11-22T18:40:55.452+0000] {taskinstance.py:352} INFO - Marking task as SUCCESS. dag_id=fraud_detection, task_id=process_transaction, run_id=scheduled__2024-11-08T18:40:00+00:00, execution_date=20241108T184000, start_date=20241122T184050, end_date=20241122T184055
[2024-11-22T18:40:55.735+0000] {local_task_job_runner.py:266} INFO - Task exited with return code 0
[2024-11-22T18:40:55.949+0000] {taskinstance.py:3900} INFO - 0 downstream tasks scheduled from follow-on schedule check
[2024-11-22T18:40:55.973+0000] {local_task_job_runner.py:245} INFO - ::endgroup::
