[2024-11-23T16:50:33.758+0000] {local_task_job_runner.py:123} INFO - ::group::Pre task execution logs
[2024-11-23T16:50:33.824+0000] {taskinstance.py:2612} INFO - Dependencies all met for dep_context=non-requeueable deps ti=<TaskInstance: fraud_detection.process_transaction manual__2024-11-23T16:49:27.768419+00:00 [queued]>
[2024-11-23T16:50:33.876+0000] {taskinstance.py:2612} INFO - Dependencies all met for dep_context=requeueable deps ti=<TaskInstance: fraud_detection.process_transaction manual__2024-11-23T16:49:27.768419+00:00 [queued]>
[2024-11-23T16:50:33.882+0000] {taskinstance.py:2865} INFO - Starting attempt 1 of 2
[2024-11-23T16:50:33.929+0000] {taskinstance.py:2888} INFO - Executing <Task(BranchPythonOperator): process_transaction> on 2024-11-23 16:49:27.768419+00:00
[2024-11-23T16:50:33.949+0000] {warnings.py:112} WARNING - /home/***/.local/lib/python3.12/site-packages/***/task/task_runner/standard_task_runner.py:70: DeprecationWarning: This process (pid=190) is multi-threaded, use of fork() may lead to deadlocks in the child.
  pid = os.fork()

[2024-11-23T16:50:33.951+0000] {standard_task_runner.py:72} INFO - Started process 195 to run task
[2024-11-23T16:50:33.952+0000] {standard_task_runner.py:104} INFO - Running: ['***', 'tasks', 'run', 'fraud_detection', 'process_transaction', 'manual__2024-11-23T16:49:27.768419+00:00', '--job-id', '20', '--raw', '--subdir', 'DAGS_FOLDER/fraud_detection_dag.py', '--cfg-path', '/tmp/tmp22_rgxy5']
[2024-11-23T16:50:33.956+0000] {standard_task_runner.py:105} INFO - Job 20: Subtask process_transaction
[2024-11-23T16:50:34.171+0000] {task_command.py:467} INFO - Running <TaskInstance: fraud_detection.process_transaction manual__2024-11-23T16:49:27.768419+00:00 [running]> on host 345e92ff26bf
[2024-11-23T16:50:34.610+0000] {taskinstance.py:3131} INFO - Exporting env vars: AIRFLOW_CTX_DAG_OWNER='fraud_team' AIRFLOW_CTX_DAG_ID='fraud_detection' AIRFLOW_CTX_TASK_ID='process_transaction' AIRFLOW_CTX_EXECUTION_DATE='2024-11-23T16:49:27.768419+00:00' AIRFLOW_CTX_TRY_NUMBER='1' AIRFLOW_CTX_DAG_RUN_ID='manual__2024-11-23T16:49:27.768419+00:00'
[2024-11-23T16:50:34.626+0000] {taskinstance.py:731} INFO - ::endgroup::
[2024-11-23T16:50:34.687+0000] {baseoperator.py:405} WARNING - BranchPythonOperator.execute cannot be called outside TaskInstance!
[2024-11-23T16:50:34.765+0000] {fraud_detection_dag.py:78} INFO - Données récupérées depuis XCom: {"columns":["cc_num","merchant","category","amt","first","last","gender","street","city","state","zip","lat","long","city_pop","job","dob","trans_num","merch_lat","merch_long","is_fraud","current_time"],"index":[311371],"data":[[3598215285024754,"fraud_Thiel-Thiel","entertainment",212.78,"Ashley","Lopez","F","9333 Valentine Point","Bellmore","NY",11710,40.6729,-73.5365,34496,"Librarian, public","1970-10-21","641086140cbba1d4c1b822710048bc1f",40.424673,-74.033378,0,1732380629473]]}
[2024-11-23T16:50:34.767+0000] {fraud_detection_dag.py:86} INFO - Données JSON parsées avec succès
[2024-11-23T16:50:34.799+0000] {fraud_detection_dag.py:90} INFO - DataFrame créé avec 1 lignes
[2024-11-23T16:50:34.806+0000] {fraud_detection_dag.py:94} INFO - Colonnes renommées avec succès
[2024-11-23T16:50:34.807+0000] {fraud_detection_dag.py:95} INFO - Colonnes disponibles: ['cc_num', 'merchant', 'category', 'amt', 'first', 'last', 'gender', 'street', 'city', 'state', 'zip', 'lat', 'long', 'city_pop', 'job', 'dob', 'trans_num', 'merch_lat', 'merch_long', 'is_fraud', 'trans_date_trans_time']
[2024-11-23T16:50:34.823+0000] {fraud_detection_dag.py:99} INFO - Conversion de trans_date_trans_time en unix_time réussie
[2024-11-23T16:50:35.003+0000] {fraud_detection_dag.py:108} INFO - Transformation des données...
[2024-11-23T16:50:37.002+0000] {warnings.py:112} WARNING - /home/***/.local/lib/python3.12/site-packages/sklearn/ensemble/_base.py:172: UserWarning: Loky-backed parallel loops cannot be called in a multiprocessing, setting n_jobs=1
  n_jobs = min(effective_n_jobs(n_jobs), n_estimators)

[2024-11-23T16:50:37.031+0000] {warnings.py:112} WARNING - /home/***/.local/lib/python3.12/site-packages/sklearn/ensemble/_base.py:172: UserWarning: Loky-backed parallel loops cannot be called in a multiprocessing, setting n_jobs=1
  n_jobs = min(effective_n_jobs(n_jobs), n_estimators)

[2024-11-23T16:50:37.079+0000] {fraud_detection_dag.py:120} INFO - Prediction de fraude: NORMAL, Probabilité: 35.62%
[2024-11-23T16:50:37.186+0000] {fraud_detection_dag.py:126} INFO - Prédiction: NORMAL (Probabilité: 35.62%)
[2024-11-23T16:50:37.188+0000] {python.py:240} INFO - Done. Returned value was: notify_normal
[2024-11-23T16:50:37.190+0000] {branch.py:38} INFO - Branch into notify_normal
[2024-11-23T16:50:37.197+0000] {skipmixin.py:230} INFO - Following branch ('notify_normal',)
[2024-11-23T16:50:37.239+0000] {skipmixin.py:278} INFO - Skipping tasks [('notify_fraud', -1), ('skip_processing', -1)]
[2024-11-23T16:50:37.396+0000] {taskinstance.py:340} INFO - ::group::Post task execution logs
[2024-11-23T16:50:37.407+0000] {taskinstance.py:352} INFO - Marking task as SUCCESS. dag_id=fraud_detection, task_id=process_transaction, run_id=manual__2024-11-23T16:49:27.768419+00:00, execution_date=20241123T164927, start_date=20241123T165033, end_date=20241123T165037
[2024-11-23T16:50:37.537+0000] {local_task_job_runner.py:266} INFO - Task exited with return code 0
[2024-11-23T16:50:37.658+0000] {taskinstance.py:3900} INFO - 1 downstream tasks scheduled from follow-on schedule check
[2024-11-23T16:50:37.692+0000] {local_task_job_runner.py:245} INFO - ::endgroup::
