[2024-11-23T18:03:11.262+0000] {local_task_job_runner.py:123} INFO - ::group::Pre task execution logs
[2024-11-23T18:03:11.400+0000] {taskinstance.py:2612} INFO - Dependencies all met for dep_context=non-requeueable deps ti=<TaskInstance: fraud_detection.process_transaction scheduled__2024-11-23T18:01:00+00:00 [queued]>
[2024-11-23T18:03:11.639+0000] {taskinstance.py:2612} INFO - Dependencies all met for dep_context=requeueable deps ti=<TaskInstance: fraud_detection.process_transaction scheduled__2024-11-23T18:01:00+00:00 [queued]>
[2024-11-23T18:03:11.644+0000] {taskinstance.py:2865} INFO - Starting attempt 1 of 2
[2024-11-23T18:03:11.869+0000] {taskinstance.py:2888} INFO - Executing <Task(BranchPythonOperator): process_transaction> on 2024-11-23 18:01:00+00:00
[2024-11-23T18:03:11.914+0000] {standard_task_runner.py:104} INFO - Running: ['***', 'tasks', 'run', 'fraud_detection', 'process_transaction', 'scheduled__2024-11-23T18:01:00+00:00', '--job-id', '402', '--raw', '--subdir', 'DAGS_FOLDER/fraud_detection_dag.py', '--cfg-path', '/tmp/tmpljuvo3xt']
[2024-11-23T18:03:11.919+0000] {standard_task_runner.py:105} INFO - Job 402: Subtask process_transaction
[2024-11-23T18:03:11.928+0000] {warnings.py:112} WARNING - /home/***/.local/lib/python3.12/site-packages/***/task/task_runner/standard_task_runner.py:70: DeprecationWarning: This process (pid=4080) is multi-threaded, use of fork() may lead to deadlocks in the child.
  pid = os.fork()

[2024-11-23T18:03:11.932+0000] {standard_task_runner.py:72} INFO - Started process 4098 to run task
[2024-11-23T18:03:12.238+0000] {task_command.py:467} INFO - Running <TaskInstance: fraud_detection.process_transaction scheduled__2024-11-23T18:01:00+00:00 [running]> on host 345e92ff26bf
[2024-11-23T18:03:12.483+0000] {taskinstance.py:3131} INFO - Exporting env vars: AIRFLOW_CTX_DAG_OWNER='fraud_team' AIRFLOW_CTX_DAG_ID='fraud_detection' AIRFLOW_CTX_TASK_ID='process_transaction' AIRFLOW_CTX_EXECUTION_DATE='2024-11-23T18:01:00+00:00' AIRFLOW_CTX_TRY_NUMBER='1' AIRFLOW_CTX_DAG_RUN_ID='scheduled__2024-11-23T18:01:00+00:00'
[2024-11-23T18:03:12.487+0000] {taskinstance.py:731} INFO - ::endgroup::
[2024-11-23T18:03:12.570+0000] {baseoperator.py:405} WARNING - BranchPythonOperator.execute cannot be called outside TaskInstance!
[2024-11-23T18:03:12.679+0000] {fraud_detection_dag.py:78} INFO - Données récupérées depuis XCom: {"columns":["cc_num","merchant","category","amt","first","last","gender","street","city","state","zip","lat","long","city_pop","job","dob","trans_num","merch_lat","merch_long","is_fraud","current_time"],"index":[283071],"data":[[4476840372112,"fraud_Tillman, Dickinson and Labadie","gas_transport",56.03,"Steven","Walters","M","3206 Hall Divide Suite 282","Woodville","AL",35776,34.6689,-86.2296,3395,"Editor, commissioning","1979-01-21","0bb1893f7bafb2eceeb4b4f8fb14555d",33.8458,-85.315004,0,1732384980440]]}
[2024-11-23T18:03:12.685+0000] {fraud_detection_dag.py:86} INFO - Données JSON parsées avec succès
[2024-11-23T18:03:12.700+0000] {fraud_detection_dag.py:90} INFO - DataFrame créé avec 1 lignes
[2024-11-23T18:03:12.755+0000] {fraud_detection_dag.py:94} INFO - Colonnes renommées avec succès
[2024-11-23T18:03:12.757+0000] {fraud_detection_dag.py:95} INFO - Colonnes disponibles: ['cc_num', 'merchant', 'category', 'amt', 'first', 'last', 'gender', 'street', 'city', 'state', 'zip', 'lat', 'long', 'city_pop', 'job', 'dob', 'trans_num', 'merch_lat', 'merch_long', 'is_fraud', 'trans_date_trans_time']
[2024-11-23T18:03:12.776+0000] {fraud_detection_dag.py:99} INFO - Conversion de trans_date_trans_time en unix_time réussie
[2024-11-23T18:03:12.949+0000] {fraud_detection_dag.py:108} INFO - Transformation des données...
[2024-11-23T18:03:14.821+0000] {warnings.py:112} WARNING - /home/***/.local/lib/python3.12/site-packages/sklearn/ensemble/_base.py:172: UserWarning: Loky-backed parallel loops cannot be called in a multiprocessing, setting n_jobs=1
  n_jobs = min(effective_n_jobs(n_jobs), n_estimators)

[2024-11-23T18:03:14.877+0000] {warnings.py:112} WARNING - /home/***/.local/lib/python3.12/site-packages/sklearn/ensemble/_base.py:172: UserWarning: Loky-backed parallel loops cannot be called in a multiprocessing, setting n_jobs=1
  n_jobs = min(effective_n_jobs(n_jobs), n_estimators)

[2024-11-23T18:03:14.886+0000] {fraud_detection_dag.py:120} INFO - Prediction de fraude: NORMAL, Probabilité: 37.45%
[2024-11-23T18:03:14.965+0000] {fraud_detection_dag.py:126} INFO - Prédiction: NORMAL (Probabilité: 37.45%)
[2024-11-23T18:03:14.986+0000] {python.py:240} INFO - Done. Returned value was: notify_normal
[2024-11-23T18:03:14.987+0000] {branch.py:38} INFO - Branch into notify_normal
[2024-11-23T18:03:14.988+0000] {skipmixin.py:230} INFO - Following branch ('notify_normal',)
[2024-11-23T18:03:15.049+0000] {skipmixin.py:278} INFO - Skipping tasks [('notify_fraud', -1), ('skip_processing', -1)]
[2024-11-23T18:03:15.188+0000] {taskinstance.py:340} INFO - ::group::Post task execution logs
[2024-11-23T18:03:15.191+0000] {taskinstance.py:352} INFO - Marking task as SUCCESS. dag_id=fraud_detection, task_id=process_transaction, run_id=scheduled__2024-11-23T18:01:00+00:00, execution_date=20241123T180100, start_date=20241123T180311, end_date=20241123T180315
[2024-11-23T18:03:15.294+0000] {local_task_job_runner.py:266} INFO - Task exited with return code 0
[2024-11-23T18:03:15.403+0000] {taskinstance.py:3900} INFO - 1 downstream tasks scheduled from follow-on schedule check
[2024-11-23T18:03:15.411+0000] {local_task_job_runner.py:245} INFO - ::endgroup::
