[2024-11-22T18:52:30.904+0000] {local_task_job_runner.py:123} INFO - ::group::Pre task execution logs
[2024-11-22T18:52:30.984+0000] {taskinstance.py:2612} INFO - Dependencies all met for dep_context=non-requeueable deps ti=<TaskInstance: fraud_detection.process_transaction scheduled__2024-11-22T18:50:00+00:00 [queued]>
[2024-11-22T18:52:31.035+0000] {taskinstance.py:2612} INFO - Dependencies all met for dep_context=requeueable deps ti=<TaskInstance: fraud_detection.process_transaction scheduled__2024-11-22T18:50:00+00:00 [queued]>
[2024-11-22T18:52:31.037+0000] {taskinstance.py:2865} INFO - Starting attempt 1 of 2
[2024-11-22T18:52:31.096+0000] {taskinstance.py:2888} INFO - Executing <Task(BranchPythonOperator): process_transaction> on 2024-11-22 18:50:00+00:00
[2024-11-22T18:52:31.120+0000] {warnings.py:112} WARNING - /home/***/.local/lib/python3.12/site-packages/***/task/task_runner/standard_task_runner.py:70: DeprecationWarning: This process (pid=589) is multi-threaded, use of fork() may lead to deadlocks in the child.
  pid = os.fork()

[2024-11-22T18:52:31.126+0000] {standard_task_runner.py:72} INFO - Started process 591 to run task
[2024-11-22T18:52:31.128+0000] {standard_task_runner.py:104} INFO - Running: ['***', 'tasks', 'run', 'fraud_detection', 'process_transaction', 'scheduled__2024-11-22T18:50:00+00:00', '--job-id', '418', '--raw', '--subdir', 'DAGS_FOLDER/fraud_detection_dag.py', '--cfg-path', '/tmp/tmpy2z8lgts']
[2024-11-22T18:52:31.141+0000] {standard_task_runner.py:105} INFO - Job 418: Subtask process_transaction
[2024-11-22T18:52:31.398+0000] {task_command.py:467} INFO - Running <TaskInstance: fraud_detection.process_transaction scheduled__2024-11-22T18:50:00+00:00 [running]> on host c6af8dbaf1e5
[2024-11-22T18:52:31.969+0000] {taskinstance.py:3131} INFO - Exporting env vars: AIRFLOW_CTX_DAG_OWNER='fraud_team' AIRFLOW_CTX_DAG_ID='fraud_detection' AIRFLOW_CTX_TASK_ID='process_transaction' AIRFLOW_CTX_EXECUTION_DATE='2024-11-22T18:50:00+00:00' AIRFLOW_CTX_TRY_NUMBER='1' AIRFLOW_CTX_DAG_RUN_ID='scheduled__2024-11-22T18:50:00+00:00'
[2024-11-22T18:52:31.972+0000] {taskinstance.py:731} INFO - ::endgroup::
[2024-11-22T18:52:32.069+0000] {baseoperator.py:405} WARNING - BranchPythonOperator.execute cannot be called outside TaskInstance!
[2024-11-22T18:52:32.156+0000] {fraud_detection_dag.py:77} INFO - Données récupérées depuis XCom: {"columns":["cc_num","merchant","category","amt","first","last","gender","street","city","state","zip","lat","long","city_pop","job","dob","trans_num","merch_lat","merch_long","is_fraud","current_time"],"index":[500030],"data":[[6011893664860915,"fraud_Christiansen-Gusikowski","misc_pos",69.04,"Erin","Chavez","F","3379 Williams Common","Littleton","CO",80120,39.5994,-105.0044,320420,"Water engineer","1975-07-31","82677a1af1cb53fe5d764864ce0132dc",39.058478,-105.332574,0,1732301544777]]}
[2024-11-22T18:52:32.161+0000] {fraud_detection_dag.py:85} INFO - Données JSON parsées avec succès
[2024-11-22T18:52:32.178+0000] {fraud_detection_dag.py:89} INFO - DataFrame créé avec 1 lignes
[2024-11-22T18:52:32.191+0000] {fraud_detection_dag.py:93} INFO - Colonnes renommées avec succès
[2024-11-22T18:52:32.192+0000] {fraud_detection_dag.py:94} INFO - Colonnes disponibles: ['cc_num', 'merchant', 'category', 'amt', 'first', 'last', 'gender', 'street', 'city', 'state', 'zip', 'lat', 'long', 'city_pop', 'job', 'dob', 'trans_num', 'merch_lat', 'merch_long', 'is_fraud', 'trans_date_trans_time']
[2024-11-22T18:52:32.205+0000] {fraud_detection_dag.py:98} INFO - Conversion de trans_date_trans_time en unix_time réussie
[2024-11-22T18:52:32.358+0000] {fraud_detection_dag.py:107} INFO - Transformation des données...
[2024-11-22T18:52:35.692+0000] {warnings.py:112} WARNING - /home/***/.local/lib/python3.12/site-packages/sklearn/ensemble/_base.py:172: UserWarning: Loky-backed parallel loops cannot be called in a multiprocessing, setting n_jobs=1
  n_jobs = min(effective_n_jobs(n_jobs), n_estimators)

[2024-11-22T18:52:35.750+0000] {warnings.py:112} WARNING - /home/***/.local/lib/python3.12/site-packages/sklearn/ensemble/_base.py:172: UserWarning: Loky-backed parallel loops cannot be called in a multiprocessing, setting n_jobs=1
  n_jobs = min(effective_n_jobs(n_jobs), n_estimators)

[2024-11-22T18:52:35.791+0000] {fraud_detection_dag.py:119} INFO - Prediction de fraude: NORMAL, Probabilité: 33.86%
[2024-11-22T18:52:35.946+0000] {fraud_detection_dag.py:125} INFO - Prédiction: NORMAL (Probabilité: 33.86%)
[2024-11-22T18:52:35.950+0000] {python.py:240} INFO - Done. Returned value was: notify_normal
[2024-11-22T18:52:35.952+0000] {branch.py:38} INFO - Branch into notify_normal
[2024-11-22T18:52:35.955+0000] {skipmixin.py:230} INFO - Following branch ('notify_normal',)
[2024-11-22T18:52:36.017+0000] {skipmixin.py:278} INFO - Skipping tasks [('skip_processing', -1), ('notify_fraud', -1)]
[2024-11-22T18:52:36.274+0000] {taskinstance.py:340} INFO - ::group::Post task execution logs
[2024-11-22T18:52:36.275+0000] {taskinstance.py:352} INFO - Marking task as SUCCESS. dag_id=fraud_detection, task_id=process_transaction, run_id=scheduled__2024-11-22T18:50:00+00:00, execution_date=20241122T185000, start_date=20241122T185230, end_date=20241122T185236
[2024-11-22T18:52:36.455+0000] {local_task_job_runner.py:266} INFO - Task exited with return code 0
[2024-11-22T18:52:36.694+0000] {taskinstance.py:3900} INFO - 1 downstream tasks scheduled from follow-on schedule check
[2024-11-22T18:52:36.751+0000] {local_task_job_runner.py:245} INFO - ::endgroup::
