[2024-11-24T15:19:38.118+0000] {local_task_job_runner.py:123} INFO - ::group::Pre task execution logs
[2024-11-24T15:19:38.155+0000] {taskinstance.py:2612} INFO - Dependencies all met for dep_context=non-requeueable deps ti=<TaskInstance: fraud_detection.process_transaction scheduled__2024-11-24T15:18:00+00:00 [queued]>
[2024-11-24T15:19:38.177+0000] {taskinstance.py:2612} INFO - Dependencies all met for dep_context=requeueable deps ti=<TaskInstance: fraud_detection.process_transaction scheduled__2024-11-24T15:18:00+00:00 [queued]>
[2024-11-24T15:19:38.178+0000] {taskinstance.py:2865} INFO - Starting attempt 1 of 2
[2024-11-24T15:19:38.220+0000] {taskinstance.py:2888} INFO - Executing <Task(BranchPythonOperator): process_transaction> on 2024-11-24 15:18:00+00:00
[2024-11-24T15:19:38.244+0000] {warnings.py:112} WARNING - /home/***/.local/lib/python3.12/site-packages/***/task/task_runner/standard_task_runner.py:70: DeprecationWarning: This process (pid=983) is multi-threaded, use of fork() may lead to deadlocks in the child.
  pid = os.fork()

[2024-11-24T15:19:38.247+0000] {standard_task_runner.py:72} INFO - Started process 988 to run task
[2024-11-24T15:19:38.249+0000] {standard_task_runner.py:104} INFO - Running: ['***', 'tasks', 'run', 'fraud_detection', 'process_transaction', 'scheduled__2024-11-24T15:18:00+00:00', '--job-id', '600', '--raw', '--subdir', 'DAGS_FOLDER/fraud_detection_dag.py', '--cfg-path', '/tmp/tmpz45pjp6t']
[2024-11-24T15:19:38.255+0000] {standard_task_runner.py:105} INFO - Job 600: Subtask process_transaction
[2024-11-24T15:19:38.382+0000] {task_command.py:467} INFO - Running <TaskInstance: fraud_detection.process_transaction scheduled__2024-11-24T15:18:00+00:00 [running]> on host 345e92ff26bf
[2024-11-24T15:19:38.644+0000] {taskinstance.py:3131} INFO - Exporting env vars: AIRFLOW_CTX_DAG_OWNER='fraud_team' AIRFLOW_CTX_DAG_ID='fraud_detection' AIRFLOW_CTX_TASK_ID='process_transaction' AIRFLOW_CTX_EXECUTION_DATE='2024-11-24T15:18:00+00:00' AIRFLOW_CTX_TRY_NUMBER='1' AIRFLOW_CTX_DAG_RUN_ID='scheduled__2024-11-24T15:18:00+00:00'
[2024-11-24T15:19:38.647+0000] {taskinstance.py:731} INFO - ::endgroup::
[2024-11-24T15:19:38.684+0000] {baseoperator.py:405} WARNING - BranchPythonOperator.execute cannot be called outside TaskInstance!
[2024-11-24T15:19:38.703+0000] {fraud_detection_dag.py:78} INFO - Données récupérées depuis XCom: {"columns":["cc_num","merchant","category","amt","first","last","gender","street","city","state","zip","lat","long","city_pop","job","dob","trans_num","merch_lat","merch_long","is_fraud","current_time"],"index":[435891],"data":[[3577794103155425,"fraud_Leannon-Ward","food_dining",41.68,"Mary","Humphrey","F","9853 Flynn Hollow Apt. 602","Reynolds","ND",58275,47.7068,-97.2092,733,"Visual merchandiser","1994-11-12","ecbaed568322922b1a21d4849bf5111f",47.378643,-96.714384,0,1732461574776]]}
[2024-11-24T15:19:38.704+0000] {fraud_detection_dag.py:86} INFO - Données JSON parsées avec succès
[2024-11-24T15:19:38.708+0000] {fraud_detection_dag.py:90} INFO - DataFrame créé avec 1 lignes
[2024-11-24T15:19:38.710+0000] {fraud_detection_dag.py:94} INFO - Colonnes renommées avec succès
[2024-11-24T15:19:38.711+0000] {fraud_detection_dag.py:95} INFO - Colonnes disponibles: ['cc_num', 'merchant', 'category', 'amt', 'first', 'last', 'gender', 'street', 'city', 'state', 'zip', 'lat', 'long', 'city_pop', 'job', 'dob', 'trans_num', 'merch_lat', 'merch_long', 'is_fraud', 'trans_date_trans_time']
[2024-11-24T15:19:38.714+0000] {fraud_detection_dag.py:99} INFO - Conversion de trans_date_trans_time en unix_time réussie
[2024-11-24T15:19:38.800+0000] {fraud_detection_dag.py:108} INFO - Transformation des données...
[2024-11-24T15:19:40.073+0000] {warnings.py:112} WARNING - /home/***/.local/lib/python3.12/site-packages/sklearn/ensemble/_base.py:172: UserWarning: Loky-backed parallel loops cannot be called in a multiprocessing, setting n_jobs=1
  n_jobs = min(effective_n_jobs(n_jobs), n_estimators)

[2024-11-24T15:19:40.132+0000] {warnings.py:112} WARNING - /home/***/.local/lib/python3.12/site-packages/sklearn/ensemble/_base.py:172: UserWarning: Loky-backed parallel loops cannot be called in a multiprocessing, setting n_jobs=1
  n_jobs = min(effective_n_jobs(n_jobs), n_estimators)

[2024-11-24T15:19:40.138+0000] {fraud_detection_dag.py:120} INFO - Prediction de fraude: NORMAL, Probabilité: 37.84%
[2024-11-24T15:19:40.225+0000] {fraud_detection_dag.py:126} INFO - Prédiction: NORMAL (Probabilité: 37.84%)
[2024-11-24T15:19:40.236+0000] {python.py:240} INFO - Done. Returned value was: notify_normal
[2024-11-24T15:19:40.238+0000] {branch.py:38} INFO - Branch into notify_normal
[2024-11-24T15:19:40.239+0000] {skipmixin.py:230} INFO - Following branch ('notify_normal',)
[2024-11-24T15:19:40.269+0000] {skipmixin.py:278} INFO - Skipping tasks [('skip_processing', -1), ('notify_fraud', -1)]
[2024-11-24T15:19:40.401+0000] {taskinstance.py:340} INFO - ::group::Post task execution logs
[2024-11-24T15:19:40.402+0000] {taskinstance.py:352} INFO - Marking task as SUCCESS. dag_id=fraud_detection, task_id=process_transaction, run_id=scheduled__2024-11-24T15:18:00+00:00, execution_date=20241124T151800, start_date=20241124T151938, end_date=20241124T151940
[2024-11-24T15:19:40.499+0000] {local_task_job_runner.py:266} INFO - Task exited with return code 0
[2024-11-24T15:19:40.637+0000] {taskinstance.py:3900} INFO - 1 downstream tasks scheduled from follow-on schedule check
[2024-11-24T15:19:40.648+0000] {local_task_job_runner.py:245} INFO - ::endgroup::
