[2024-11-22T18:44:47.350+0000] {local_task_job_runner.py:123} INFO - ::group::Pre task execution logs
[2024-11-22T18:44:47.442+0000] {taskinstance.py:2612} INFO - Dependencies all met for dep_context=non-requeueable deps ti=<TaskInstance: fraud_detection.notify_normal scheduled__2024-11-22T18:42:00+00:00 [queued]>
[2024-11-22T18:44:47.485+0000] {taskinstance.py:2612} INFO - Dependencies all met for dep_context=requeueable deps ti=<TaskInstance: fraud_detection.notify_normal scheduled__2024-11-22T18:42:00+00:00 [queued]>
[2024-11-22T18:44:47.486+0000] {taskinstance.py:2865} INFO - Starting attempt 1 of 2
[2024-11-22T18:44:47.553+0000] {taskinstance.py:2888} INFO - Executing <Task(PythonOperator): notify_normal> on 2024-11-22 18:42:00+00:00
[2024-11-22T18:44:47.587+0000] {warnings.py:112} WARNING - /home/***/.local/lib/python3.12/site-packages/***/task/task_runner/standard_task_runner.py:70: DeprecationWarning: This process (pid=305) is multi-threaded, use of fork() may lead to deadlocks in the child.
  pid = os.fork()

[2024-11-22T18:44:47.591+0000] {standard_task_runner.py:72} INFO - Started process 307 to run task
[2024-11-22T18:44:47.591+0000] {standard_task_runner.py:104} INFO - Running: ['***', 'tasks', 'run', 'fraud_detection', 'notify_normal', 'scheduled__2024-11-22T18:42:00+00:00', '--job-id', '379', '--raw', '--subdir', 'DAGS_FOLDER/fraud_detection_dag.py', '--cfg-path', '/tmp/tmpzog04f43']
[2024-11-22T18:44:47.616+0000] {standard_task_runner.py:105} INFO - Job 379: Subtask notify_normal
[2024-11-22T18:44:47.942+0000] {task_command.py:467} INFO - Running <TaskInstance: fraud_detection.notify_normal scheduled__2024-11-22T18:42:00+00:00 [running]> on host c6af8dbaf1e5
[2024-11-22T18:44:48.481+0000] {taskinstance.py:3131} INFO - Exporting env vars: AIRFLOW_CTX_DAG_OWNER='fraud_team' AIRFLOW_CTX_DAG_ID='fraud_detection' AIRFLOW_CTX_TASK_ID='notify_normal' AIRFLOW_CTX_EXECUTION_DATE='2024-11-22T18:42:00+00:00' AIRFLOW_CTX_TRY_NUMBER='1' AIRFLOW_CTX_DAG_RUN_ID='scheduled__2024-11-22T18:42:00+00:00'
[2024-11-22T18:44:48.490+0000] {taskinstance.py:731} INFO - ::endgroup::
[2024-11-22T18:44:48.753+0000] {fraud_detection_dag.py:218} INFO - Données de transaction récupérées: {"columns":["cc_num","merchant","category","amt","first","last","gender","street","city","state","zip","lat","long","city_pop","job","dob","trans_num","merch_lat","merch_long","is_fraud","current_time"],"index":[467282],"data":[[4430881574719618,"fraud_McCullough, Hudson and Schuster","food_dining",7.51,"Alicia","Morales","F","4456 Dunn Roads","Meredith","CO",81642,39.3199,-106.6596,61,"Public relations account executive","1939-11-04","8053dab687a25339bc78e378665f35ee",39.320743,-107.601495,0,1732301068447]]}
[2024-11-22T18:44:48.791+0000] {fraud_detection_dag.py:219} INFO - Probabilité de fraude: 0.36409601343905257
[2024-11-22T18:44:48.794+0000] {fraud_detection_dag.py:220} INFO - Est une fraude: False
[2024-11-22T18:44:48.843+0000] {fraud_detection_dag.py:280} INFO - Tentative d'envoi d'email normale...
[2024-11-22T18:44:48.845+0000] {fraud_detection_dag.py:281} INFO - Contenu de l'email:

        ✅ Transaction NORMALE détectée!
        
        Statut: Vert
        Probabilité de fraude: 36.41%
        
        Détails de la transaction:
        --------------------------
        ID Transaction: 8053dab687a25339bc78e378665f35ee
        Montant: 7.51€
        Date/Heure: 2024-11-22 18:44:28
        
        Informations sur le marchand:
        ----------------------------
        Nom: fraud_McCullough, Hudson and Schuster
        Ville: Meredith
        État: CO
        
        Informations sur le client:
        --------------------------
        Nom: Alicia Morales
        Ville: Meredith
        
        Cette notification a été générée automatiquement par le système de détection de fraude.
        
[2024-11-22T18:44:55.869+0000] {fraud_detection_dag.py:291} INFO - Email envoyé avec succès
[2024-11-22T18:44:55.870+0000] {python.py:240} INFO - Done. Returned value was: store_normal
[2024-11-22T18:44:56.188+0000] {taskinstance.py:340} INFO - ::group::Post task execution logs
[2024-11-22T18:44:56.196+0000] {taskinstance.py:352} INFO - Marking task as SUCCESS. dag_id=fraud_detection, task_id=notify_normal, run_id=scheduled__2024-11-22T18:42:00+00:00, execution_date=20241122T184200, start_date=20241122T184447, end_date=20241122T184456
[2024-11-22T18:44:56.418+0000] {local_task_job_runner.py:266} INFO - Task exited with return code 0
[2024-11-22T18:44:56.542+0000] {taskinstance.py:3900} INFO - 1 downstream tasks scheduled from follow-on schedule check
[2024-11-22T18:44:56.553+0000] {local_task_job_runner.py:245} INFO - ::endgroup::
