[2024-11-23T17:19:37.171+0000] {local_task_job_runner.py:123} INFO - ::group::Pre task execution logs
[2024-11-23T17:19:37.219+0000] {taskinstance.py:2612} INFO - Dependencies all met for dep_context=non-requeueable deps ti=<TaskInstance: fraud_detection.process_transaction scheduled__2024-11-23T17:18:00+00:00 [queued]>
[2024-11-23T17:19:37.286+0000] {taskinstance.py:2612} INFO - Dependencies all met for dep_context=requeueable deps ti=<TaskInstance: fraud_detection.process_transaction scheduled__2024-11-23T17:18:00+00:00 [queued]>
[2024-11-23T17:19:37.287+0000] {taskinstance.py:2865} INFO - Starting attempt 1 of 2
[2024-11-23T17:19:37.323+0000] {taskinstance.py:2888} INFO - Executing <Task(BranchPythonOperator): process_transaction> on 2024-11-23 17:18:00+00:00
[2024-11-23T17:19:37.344+0000] {warnings.py:112} WARNING - /home/***/.local/lib/python3.12/site-packages/***/task/task_runner/standard_task_runner.py:70: DeprecationWarning: This process (pid=2048) is multi-threaded, use of fork() may lead to deadlocks in the child.
  pid = os.fork()

[2024-11-23T17:19:37.347+0000] {standard_task_runner.py:72} INFO - Started process 2053 to run task
[2024-11-23T17:19:37.350+0000] {standard_task_runner.py:104} INFO - Running: ['***', 'tasks', 'run', 'fraud_detection', 'process_transaction', 'scheduled__2024-11-23T17:18:00+00:00', '--job-id', '204', '--raw', '--subdir', 'DAGS_FOLDER/fraud_detection_dag.py', '--cfg-path', '/tmp/tmp6zhqs1px']
[2024-11-23T17:19:37.355+0000] {standard_task_runner.py:105} INFO - Job 204: Subtask process_transaction
[2024-11-23T17:19:37.456+0000] {task_command.py:467} INFO - Running <TaskInstance: fraud_detection.process_transaction scheduled__2024-11-23T17:18:00+00:00 [running]> on host 345e92ff26bf
[2024-11-23T17:19:37.719+0000] {taskinstance.py:3131} INFO - Exporting env vars: AIRFLOW_CTX_DAG_OWNER='fraud_team' AIRFLOW_CTX_DAG_ID='fraud_detection' AIRFLOW_CTX_TASK_ID='process_transaction' AIRFLOW_CTX_EXECUTION_DATE='2024-11-23T17:18:00+00:00' AIRFLOW_CTX_TRY_NUMBER='1' AIRFLOW_CTX_DAG_RUN_ID='scheduled__2024-11-23T17:18:00+00:00'
[2024-11-23T17:19:37.721+0000] {taskinstance.py:731} INFO - ::endgroup::
[2024-11-23T17:19:37.739+0000] {baseoperator.py:405} WARNING - BranchPythonOperator.execute cannot be called outside TaskInstance!
[2024-11-23T17:19:37.777+0000] {fraud_detection_dag.py:78} INFO - Données récupérées depuis XCom: {"columns":["cc_num","merchant","category","amt","first","last","gender","street","city","state","zip","lat","long","city_pop","job","dob","trans_num","merch_lat","merch_long","is_fraud","current_time"],"index":[415069],"data":[[3587960728692500,"fraud_Hermiston, Russel and Price","food_dining",147.54,"Kathy","Hughes","F","02110 Lucas Freeway Suite 517","Battle Creek","IA",51006,42.3327,-95.6045,1075,"Teacher, early years\/pre","1997-01-02","22f7296e2cb77b0fe3a0c4af98b674b2",43.227127,-96.525586,0,1732382373360]]}
[2024-11-23T17:19:37.778+0000] {fraud_detection_dag.py:86} INFO - Données JSON parsées avec succès
[2024-11-23T17:19:37.786+0000] {fraud_detection_dag.py:90} INFO - DataFrame créé avec 1 lignes
[2024-11-23T17:19:37.790+0000] {fraud_detection_dag.py:94} INFO - Colonnes renommées avec succès
[2024-11-23T17:19:37.791+0000] {fraud_detection_dag.py:95} INFO - Colonnes disponibles: ['cc_num', 'merchant', 'category', 'amt', 'first', 'last', 'gender', 'street', 'city', 'state', 'zip', 'lat', 'long', 'city_pop', 'job', 'dob', 'trans_num', 'merch_lat', 'merch_long', 'is_fraud', 'trans_date_trans_time']
[2024-11-23T17:19:37.795+0000] {fraud_detection_dag.py:99} INFO - Conversion de trans_date_trans_time en unix_time réussie
[2024-11-23T17:19:37.840+0000] {fraud_detection_dag.py:108} INFO - Transformation des données...
[2024-11-23T17:19:39.135+0000] {warnings.py:112} WARNING - /home/***/.local/lib/python3.12/site-packages/sklearn/ensemble/_base.py:172: UserWarning: Loky-backed parallel loops cannot be called in a multiprocessing, setting n_jobs=1
  n_jobs = min(effective_n_jobs(n_jobs), n_estimators)

[2024-11-23T17:19:39.150+0000] {warnings.py:112} WARNING - /home/***/.local/lib/python3.12/site-packages/sklearn/ensemble/_base.py:172: UserWarning: Loky-backed parallel loops cannot be called in a multiprocessing, setting n_jobs=1
  n_jobs = min(effective_n_jobs(n_jobs), n_estimators)

[2024-11-23T17:19:39.158+0000] {fraud_detection_dag.py:120} INFO - Prediction de fraude: NORMAL, Probabilité: 34.47%
[2024-11-23T17:19:39.237+0000] {fraud_detection_dag.py:126} INFO - Prédiction: NORMAL (Probabilité: 34.47%)
[2024-11-23T17:19:39.238+0000] {python.py:240} INFO - Done. Returned value was: notify_normal
[2024-11-23T17:19:39.240+0000] {branch.py:38} INFO - Branch into notify_normal
[2024-11-23T17:19:39.241+0000] {skipmixin.py:230} INFO - Following branch ('notify_normal',)
[2024-11-23T17:19:39.267+0000] {skipmixin.py:278} INFO - Skipping tasks [('notify_fraud', -1), ('skip_processing', -1)]
[2024-11-23T17:19:39.322+0000] {taskinstance.py:340} INFO - ::group::Post task execution logs
[2024-11-23T17:19:39.323+0000] {taskinstance.py:352} INFO - Marking task as SUCCESS. dag_id=fraud_detection, task_id=process_transaction, run_id=scheduled__2024-11-23T17:18:00+00:00, execution_date=20241123T171800, start_date=20241123T171937, end_date=20241123T171939
[2024-11-23T17:19:39.386+0000] {local_task_job_runner.py:266} INFO - Task exited with return code 0
[2024-11-23T17:19:39.464+0000] {taskinstance.py:3900} INFO - 1 downstream tasks scheduled from follow-on schedule check
[2024-11-23T17:19:39.479+0000] {local_task_job_runner.py:245} INFO - ::endgroup::
