[2024-11-22T18:46:13.598+0000] {local_task_job_runner.py:123} INFO - ::group::Pre task execution logs
[2024-11-22T18:46:13.663+0000] {taskinstance.py:2612} INFO - Dependencies all met for dep_context=non-requeueable deps ti=<TaskInstance: fraud_detection.store_fraud scheduled__2024-11-22T18:43:00+00:00 [queued]>
[2024-11-22T18:46:13.707+0000] {taskinstance.py:2612} INFO - Dependencies all met for dep_context=requeueable deps ti=<TaskInstance: fraud_detection.store_fraud scheduled__2024-11-22T18:43:00+00:00 [queued]>
[2024-11-22T18:46:13.709+0000] {taskinstance.py:2865} INFO - Starting attempt 1 of 2
[2024-11-22T18:46:13.770+0000] {taskinstance.py:2888} INFO - Executing <Task(PythonOperator): store_fraud> on 2024-11-22 18:43:00+00:00
[2024-11-22T18:46:13.789+0000] {warnings.py:112} WARNING - /home/***/.local/lib/python3.12/site-packages/***/task/task_runner/standard_task_runner.py:70: DeprecationWarning: This process (pid=351) is multi-threaded, use of fork() may lead to deadlocks in the child.
  pid = os.fork()

[2024-11-22T18:46:13.792+0000] {standard_task_runner.py:72} INFO - Started process 356 to run task
[2024-11-22T18:46:13.797+0000] {standard_task_runner.py:104} INFO - Running: ['***', 'tasks', 'run', 'fraud_detection', 'store_fraud', 'scheduled__2024-11-22T18:43:00+00:00', '--job-id', '386', '--raw', '--subdir', 'DAGS_FOLDER/fraud_detection_dag.py', '--cfg-path', '/tmp/tmpxk1x6tc4']
[2024-11-22T18:46:13.816+0000] {standard_task_runner.py:105} INFO - Job 386: Subtask store_fraud
[2024-11-22T18:46:14.171+0000] {task_command.py:467} INFO - Running <TaskInstance: fraud_detection.store_fraud scheduled__2024-11-22T18:43:00+00:00 [running]> on host c6af8dbaf1e5
[2024-11-22T18:46:14.840+0000] {taskinstance.py:3131} INFO - Exporting env vars: AIRFLOW_CTX_DAG_OWNER='fraud_team' AIRFLOW_CTX_DAG_ID='fraud_detection' AIRFLOW_CTX_TASK_ID='store_fraud' AIRFLOW_CTX_EXECUTION_DATE='2024-11-22T18:43:00+00:00' AIRFLOW_CTX_TRY_NUMBER='1' AIRFLOW_CTX_DAG_RUN_ID='scheduled__2024-11-22T18:43:00+00:00'
[2024-11-22T18:46:14.845+0000] {taskinstance.py:731} INFO - ::endgroup::
[2024-11-22T18:46:14.932+0000] {fraud_detection_dag.py:309} INFO - Tentative de connexion à Neon...
[2024-11-22T18:46:23.441+0000] {fraud_detection_dag.py:315} INFO - Connexion à Neon réussie!
[2024-11-22T18:46:24.280+0000] {fraud_detection_dag.py:322} INFO - Données reçues pour stockage: {"columns":["cc_num","merchant","category","amt","first","last","gender","street","city","state","zip","lat","long","city_pop","job","dob","trans_num","merch_lat","merch_long","is_fraud","current_time"],"index":[367331],"data":[[2720012583106919,"fraud_Little-Gleichner","travel",460.21,"Joseph","Murray","M","42933 Ryan Underpass","Manderson","SD",57756,43.3526,-102.5411,1126,"Volunteer coordinator","1980-08-18","13bbbac5987f9b0cf913acd3dbd6b9c8",43.103118,-103.443637,0,1732301132612]]}
[2024-11-22T18:46:24.282+0000] {fraud_detection_dag.py:331} INFO - JSON parsé avec succès
[2024-11-22T18:46:24.302+0000] {fraud_detection_dag.py:335} INFO - DataFrame créé avec 1 lignes
[2024-11-22T18:46:24.309+0000] {fraud_detection_dag.py:340} INFO - Colonne current_time renommée en trans_date_trans_time
[2024-11-22T18:46:24.318+0000] {fraud_detection_dag.py:344} INFO - Conversion du timestamp réussie
[2024-11-22T18:46:24.349+0000] {fraud_detection_dag.py:348} INFO - Indicateur de fraude récupéré: True
[2024-11-22T18:46:24.351+0000] {fraud_detection_dag.py:352} INFO - Colonne is_fraud mise à jour avec la valeur: True
[2024-11-22T18:46:24.354+0000] {fraud_detection_dag.py:356} INFO - Conversion de is_fraud en boolean réussie
[2024-11-22T18:46:24.354+0000] {fraud_detection_dag.py:359} INFO - Colonnes finales avant stockage: ['cc_num', 'merchant', 'category', 'amt', 'first', 'last', 'gender', 'street', 'city', 'state', 'zip', 'lat', 'long', 'city_pop', 'job', 'dob', 'trans_num', 'merch_lat', 'merch_long', 'is_fraud', 'trans_date_trans_time']
[2024-11-22T18:46:24.357+0000] {fraud_detection_dag.py:360} INFO - Types des données: 
cc_num                            int64
merchant                         object
category                         object
amt                             float64
first                            object
last                             object
gender                           object
street                           object
city                             object
state                            object
zip                               int64
lat                             float64
long                            float64
city_pop                          int64
job                              object
dob                              object
trans_num                        object
merch_lat                       float64
merch_long                      float64
is_fraud                           bool
trans_date_trans_time    datetime64[ns]
dtype: object
[2024-11-22T18:46:24.357+0000] {fraud_detection_dag.py:364} INFO - Stockage dans la table: fraud_transactions
[2024-11-22T18:46:26.807+0000] {fraud_detection_dag.py:369} INFO - Données stockées avec succès dans la table fraud_transactions
[2024-11-22T18:46:26.815+0000] {python.py:240} INFO - Done. Returned value was: None
[2024-11-22T18:46:26.894+0000] {taskinstance.py:340} INFO - ::group::Post task execution logs
[2024-11-22T18:46:26.894+0000] {taskinstance.py:352} INFO - Marking task as SUCCESS. dag_id=fraud_detection, task_id=store_fraud, run_id=scheduled__2024-11-22T18:43:00+00:00, execution_date=20241122T184300, start_date=20241122T184613, end_date=20241122T184626
[2024-11-22T18:46:26.975+0000] {local_task_job_runner.py:266} INFO - Task exited with return code 0
[2024-11-22T18:46:27.087+0000] {taskinstance.py:3900} INFO - 0 downstream tasks scheduled from follow-on schedule check
[2024-11-22T18:46:27.104+0000] {local_task_job_runner.py:245} INFO - ::endgroup::
