[2024-11-23T17:24:42.014+0000] {local_task_job_runner.py:123} INFO - ::group::Pre task execution logs
[2024-11-23T17:24:42.046+0000] {taskinstance.py:2612} INFO - Dependencies all met for dep_context=non-requeueable deps ti=<TaskInstance: fraud_detection.process_transaction scheduled__2024-11-23T17:23:00+00:00 [queued]>
[2024-11-23T17:24:42.068+0000] {taskinstance.py:2612} INFO - Dependencies all met for dep_context=requeueable deps ti=<TaskInstance: fraud_detection.process_transaction scheduled__2024-11-23T17:23:00+00:00 [queued]>
[2024-11-23T17:24:42.073+0000] {taskinstance.py:2865} INFO - Starting attempt 1 of 2
[2024-11-23T17:24:42.137+0000] {taskinstance.py:2888} INFO - Executing <Task(BranchPythonOperator): process_transaction> on 2024-11-23 17:23:00+00:00
[2024-11-23T17:24:42.174+0000] {warnings.py:112} WARNING - /home/***/.local/lib/python3.12/site-packages/***/task/task_runner/standard_task_runner.py:70: DeprecationWarning: This process (pid=2356) is multi-threaded, use of fork() may lead to deadlocks in the child.
  pid = os.fork()

[2024-11-23T17:24:42.179+0000] {standard_task_runner.py:72} INFO - Started process 2368 to run task
[2024-11-23T17:24:42.190+0000] {standard_task_runner.py:104} INFO - Running: ['***', 'tasks', 'run', 'fraud_detection', 'process_transaction', 'scheduled__2024-11-23T17:23:00+00:00', '--job-id', '234', '--raw', '--subdir', 'DAGS_FOLDER/fraud_detection_dag.py', '--cfg-path', '/tmp/tmph8mai6of']
[2024-11-23T17:24:42.195+0000] {standard_task_runner.py:105} INFO - Job 234: Subtask process_transaction
[2024-11-23T17:24:42.599+0000] {task_command.py:467} INFO - Running <TaskInstance: fraud_detection.process_transaction scheduled__2024-11-23T17:23:00+00:00 [running]> on host 345e92ff26bf
[2024-11-23T17:24:43.591+0000] {taskinstance.py:3131} INFO - Exporting env vars: AIRFLOW_CTX_DAG_OWNER='fraud_team' AIRFLOW_CTX_DAG_ID='fraud_detection' AIRFLOW_CTX_TASK_ID='process_transaction' AIRFLOW_CTX_EXECUTION_DATE='2024-11-23T17:23:00+00:00' AIRFLOW_CTX_TRY_NUMBER='1' AIRFLOW_CTX_DAG_RUN_ID='scheduled__2024-11-23T17:23:00+00:00'
[2024-11-23T17:24:43.635+0000] {taskinstance.py:731} INFO - ::endgroup::
[2024-11-23T17:24:43.701+0000] {baseoperator.py:405} WARNING - BranchPythonOperator.execute cannot be called outside TaskInstance!
[2024-11-23T17:24:43.760+0000] {fraud_detection_dag.py:78} INFO - Données récupérées depuis XCom: {"columns":["cc_num","merchant","category","amt","first","last","gender","street","city","state","zip","lat","long","city_pop","job","dob","trans_num","merch_lat","merch_long","is_fraud","current_time"],"index":[69611],"data":[[4996263498048679,"fraud_Hills, Hegmann and Schaefer","health_fitness",4.2,"Kendra","King","F","154 Hernandez Keys","Smith River","CA",95567,41.9404,-124.1587,1930,"Web designer","1983-06-13","71eb9c83eff102070e7f5e6611d29dff",42.491044,-124.724329,0,1732382678235]]}
[2024-11-23T17:24:43.764+0000] {fraud_detection_dag.py:86} INFO - Données JSON parsées avec succès
[2024-11-23T17:24:43.773+0000] {fraud_detection_dag.py:90} INFO - DataFrame créé avec 1 lignes
[2024-11-23T17:24:43.788+0000] {fraud_detection_dag.py:94} INFO - Colonnes renommées avec succès
[2024-11-23T17:24:43.790+0000] {fraud_detection_dag.py:95} INFO - Colonnes disponibles: ['cc_num', 'merchant', 'category', 'amt', 'first', 'last', 'gender', 'street', 'city', 'state', 'zip', 'lat', 'long', 'city_pop', 'job', 'dob', 'trans_num', 'merch_lat', 'merch_long', 'is_fraud', 'trans_date_trans_time']
[2024-11-23T17:24:43.812+0000] {fraud_detection_dag.py:99} INFO - Conversion de trans_date_trans_time en unix_time réussie
[2024-11-23T17:24:43.942+0000] {fraud_detection_dag.py:108} INFO - Transformation des données...
[2024-11-23T17:24:45.449+0000] {warnings.py:112} WARNING - /home/***/.local/lib/python3.12/site-packages/sklearn/ensemble/_base.py:172: UserWarning: Loky-backed parallel loops cannot be called in a multiprocessing, setting n_jobs=1
  n_jobs = min(effective_n_jobs(n_jobs), n_estimators)

[2024-11-23T17:24:45.532+0000] {warnings.py:112} WARNING - /home/***/.local/lib/python3.12/site-packages/sklearn/ensemble/_base.py:172: UserWarning: Loky-backed parallel loops cannot be called in a multiprocessing, setting n_jobs=1
  n_jobs = min(effective_n_jobs(n_jobs), n_estimators)

[2024-11-23T17:24:45.548+0000] {fraud_detection_dag.py:120} INFO - Prediction de fraude: NORMAL, Probabilité: 38.13%
[2024-11-23T17:24:45.615+0000] {fraud_detection_dag.py:126} INFO - Prédiction: NORMAL (Probabilité: 38.13%)
[2024-11-23T17:24:45.616+0000] {python.py:240} INFO - Done. Returned value was: notify_normal
[2024-11-23T17:24:45.623+0000] {branch.py:38} INFO - Branch into notify_normal
[2024-11-23T17:24:45.624+0000] {skipmixin.py:230} INFO - Following branch ('notify_normal',)
[2024-11-23T17:24:45.677+0000] {skipmixin.py:278} INFO - Skipping tasks [('notify_fraud', -1), ('skip_processing', -1)]
[2024-11-23T17:24:45.797+0000] {taskinstance.py:340} INFO - ::group::Post task execution logs
[2024-11-23T17:24:45.798+0000] {taskinstance.py:352} INFO - Marking task as SUCCESS. dag_id=fraud_detection, task_id=process_transaction, run_id=scheduled__2024-11-23T17:23:00+00:00, execution_date=20241123T172300, start_date=20241123T172442, end_date=20241123T172445
[2024-11-23T17:24:45.869+0000] {local_task_job_runner.py:266} INFO - Task exited with return code 0
[2024-11-23T17:24:45.958+0000] {taskinstance.py:3900} INFO - 1 downstream tasks scheduled from follow-on schedule check
[2024-11-23T17:24:45.967+0000] {local_task_job_runner.py:245} INFO - ::endgroup::
