[2024-11-23T16:50:01.559+0000] {local_task_job_runner.py:123} INFO - ::group::Pre task execution logs
[2024-11-23T16:50:01.738+0000] {taskinstance.py:2612} INFO - Dependencies all met for dep_context=non-requeueable deps ti=<TaskInstance: fraud_detection.notify_normal scheduled__2024-11-23T16:48:00+00:00 [queued]>
[2024-11-23T16:50:01.754+0000] {taskinstance.py:2612} INFO - Dependencies all met for dep_context=requeueable deps ti=<TaskInstance: fraud_detection.notify_normal scheduled__2024-11-23T16:48:00+00:00 [queued]>
[2024-11-23T16:50:01.755+0000] {taskinstance.py:2865} INFO - Starting attempt 1 of 2
[2024-11-23T16:50:01.796+0000] {taskinstance.py:2888} INFO - Executing <Task(PythonOperator): notify_normal> on 2024-11-23 16:48:00+00:00
[2024-11-23T16:50:01.818+0000] {warnings.py:112} WARNING - /home/***/.local/lib/python3.12/site-packages/***/task/task_runner/standard_task_runner.py:70: DeprecationWarning: This process (pid=138) is multi-threaded, use of fork() may lead to deadlocks in the child.
  pid = os.fork()

[2024-11-23T16:50:01.841+0000] {standard_task_runner.py:72} INFO - Started process 147 to run task
[2024-11-23T16:50:01.839+0000] {standard_task_runner.py:104} INFO - Running: ['***', 'tasks', 'run', 'fraud_detection', 'notify_normal', 'scheduled__2024-11-23T16:48:00+00:00', '--job-id', '14', '--raw', '--subdir', 'DAGS_FOLDER/fraud_detection_dag.py', '--cfg-path', '/tmp/tmpwf8i9nqw']
[2024-11-23T16:50:01.851+0000] {standard_task_runner.py:105} INFO - Job 14: Subtask notify_normal
[2024-11-23T16:50:02.148+0000] {task_command.py:467} INFO - Running <TaskInstance: fraud_detection.notify_normal scheduled__2024-11-23T16:48:00+00:00 [running]> on host 345e92ff26bf
[2024-11-23T16:50:02.825+0000] {taskinstance.py:3131} INFO - Exporting env vars: AIRFLOW_CTX_DAG_OWNER='fraud_team' AIRFLOW_CTX_DAG_ID='fraud_detection' AIRFLOW_CTX_TASK_ID='notify_normal' AIRFLOW_CTX_EXECUTION_DATE='2024-11-23T16:48:00+00:00' AIRFLOW_CTX_TRY_NUMBER='1' AIRFLOW_CTX_DAG_RUN_ID='scheduled__2024-11-23T16:48:00+00:00'
[2024-11-23T16:50:02.832+0000] {taskinstance.py:731} INFO - ::endgroup::
[2024-11-23T16:50:02.988+0000] {fraud_detection_dag.py:219} INFO - Données de transaction récupérées: {"columns":["cc_num","merchant","category","amt","first","last","gender","street","city","state","zip","lat","long","city_pop","job","dob","trans_num","merch_lat","merch_long","is_fraud","current_time"],"index":[8812],"data":[[213157767990030,"fraud_White and Sons","home",82.36,"Tara","Campbell","F","05050 Rogers Well Apt. 439","Rock Springs","WY",82901,41.606,-109.23,27971,"Music therapist","1984-08-01","9cc4cc52195171ce0d6f4c8ab369e44e",41.719448,-109.545357,0,1732380586821]]}
[2024-11-23T16:50:02.990+0000] {fraud_detection_dag.py:220} INFO - Probabilité de fraude: 0.25097837391375744
[2024-11-23T16:50:02.991+0000] {fraud_detection_dag.py:221} INFO - Est une fraude: False
[2024-11-23T16:50:03.013+0000] {fraud_detection_dag.py:281} INFO - Tentative d'envoi d'email normale...
[2024-11-23T16:50:03.017+0000] {fraud_detection_dag.py:282} INFO - Contenu de l'email:

        ✅ Transaction NORMALE détectée!
        
        Statut: Vert
        Probabilité de fraude: 25.10%
        
        Détails de la transaction:
        --------------------------
        ID Transaction: 9cc4cc52195171ce0d6f4c8ab369e44e
        Montant: 82.36€
        Date/Heure: 2024-11-23 16:49:46
        
        Informations sur le marchand:
        ----------------------------
        Nom: fraud_White and Sons
        Ville: Rock Springs
        État: WY
        
        Informations sur le client:
        --------------------------
        Nom: Tara Campbell
        Ville: Rock Springs
        
        Cette notification a été générée automatiquement par le système de détection de fraude.
        
[2024-11-23T16:50:07.339+0000] {fraud_detection_dag.py:292} INFO - Email envoyé avec succès
[2024-11-23T16:50:07.341+0000] {python.py:240} INFO - Done. Returned value was: store_normal
[2024-11-23T16:50:07.579+0000] {taskinstance.py:340} INFO - ::group::Post task execution logs
[2024-11-23T16:50:07.587+0000] {taskinstance.py:352} INFO - Marking task as SUCCESS. dag_id=fraud_detection, task_id=notify_normal, run_id=scheduled__2024-11-23T16:48:00+00:00, execution_date=20241123T164800, start_date=20241123T165001, end_date=20241123T165007
[2024-11-23T16:50:07.924+0000] {local_task_job_runner.py:266} INFO - Task exited with return code 0
[2024-11-23T16:50:08.097+0000] {taskinstance.py:3900} INFO - 1 downstream tasks scheduled from follow-on schedule check
[2024-11-23T16:50:08.103+0000] {local_task_job_runner.py:245} INFO - ::endgroup::
