[2024-11-08T18:14:28.851+0000] {local_task_job_runner.py:123} INFO - ::group::Pre task execution logs
[2024-11-08T18:14:28.959+0000] {taskinstance.py:2612} INFO - Dependencies all met for dep_context=non-requeueable deps ti=<TaskInstance: fraud_detection.process_transaction scheduled__2024-11-08T18:11:00+00:00 [queued]>
[2024-11-08T18:14:29.005+0000] {taskinstance.py:2612} INFO - Dependencies all met for dep_context=requeueable deps ti=<TaskInstance: fraud_detection.process_transaction scheduled__2024-11-08T18:11:00+00:00 [queued]>
[2024-11-08T18:14:29.009+0000] {taskinstance.py:2865} INFO - Starting attempt 1 of 2
[2024-11-08T18:14:29.125+0000] {taskinstance.py:2888} INFO - Executing <Task(BranchPythonOperator): process_transaction> on 2024-11-08 18:11:00+00:00
[2024-11-08T18:14:29.170+0000] {warnings.py:112} WARNING - /home/***/.local/lib/python3.12/site-packages/***/task/task_runner/standard_task_runner.py:70: DeprecationWarning: This process (pid=821) is multi-threaded, use of fork() may lead to deadlocks in the child.
  pid = os.fork()

[2024-11-08T18:14:29.172+0000] {standard_task_runner.py:72} INFO - Started process 825 to run task
[2024-11-08T18:14:29.172+0000] {standard_task_runner.py:104} INFO - Running: ['***', 'tasks', 'run', 'fraud_detection', 'process_transaction', 'scheduled__2024-11-08T18:11:00+00:00', '--job-id', '194', '--raw', '--subdir', 'DAGS_FOLDER/fraud_detection_dag.py', '--cfg-path', '/tmp/tmp3uaetavk']
[2024-11-08T18:14:29.179+0000] {standard_task_runner.py:105} INFO - Job 194: Subtask process_transaction
[2024-11-08T18:14:29.480+0000] {task_command.py:467} INFO - Running <TaskInstance: fraud_detection.process_transaction scheduled__2024-11-08T18:11:00+00:00 [running]> on host 641085defe8e
[2024-11-08T18:14:29.835+0000] {taskinstance.py:3131} INFO - Exporting env vars: AIRFLOW_CTX_DAG_OWNER='fraud_team' AIRFLOW_CTX_DAG_ID='fraud_detection' AIRFLOW_CTX_TASK_ID='process_transaction' AIRFLOW_CTX_EXECUTION_DATE='2024-11-08T18:11:00+00:00' AIRFLOW_CTX_TRY_NUMBER='1' AIRFLOW_CTX_DAG_RUN_ID='scheduled__2024-11-08T18:11:00+00:00'
[2024-11-08T18:14:29.845+0000] {taskinstance.py:731} INFO - ::endgroup::
[2024-11-08T18:14:29.876+0000] {baseoperator.py:405} WARNING - BranchPythonOperator.execute cannot be called outside TaskInstance!
[2024-11-08T18:14:29.924+0000] {fraud_detection_dag.py:77} INFO - Données récupérées depuis XCom: {"columns":["cc_num","merchant","category","amt","first","last","gender","street","city","state","zip","lat","long","city_pop","job","dob","trans_num","merch_lat","merch_long","is_fraud","current_time"],"index":[249138],"data":[[4536996888716062123,"fraud_Renner Ltd","home",64.04,"Nathan","Mendoza","M","767 Adam Mill Apt. 115","Espanola","NM",87533,35.9866,-106.0654,18408,"Historic buildings inspector\/conservation officer","1972-07-18","eaf0007fa4432ea54984193e729aa0b5",36.106755,-105.228857,0,1731089664894]]}
[2024-11-08T18:14:29.925+0000] {fraud_detection_dag.py:85} INFO - Données JSON parsées avec succès
[2024-11-08T18:14:29.929+0000] {fraud_detection_dag.py:89} INFO - DataFrame créé avec 1 lignes
[2024-11-08T18:14:29.939+0000] {fraud_detection_dag.py:93} INFO - Colonnes renommées avec succès
[2024-11-08T18:14:29.940+0000] {fraud_detection_dag.py:94} INFO - Colonnes disponibles: ['cc_num', 'merchant', 'category', 'amt', 'first', 'last', 'gender', 'street', 'city', 'state', 'zip', 'lat', 'long', 'city_pop', 'job', 'dob', 'trans_num', 'merch_lat', 'merch_long', 'is_fraud', 'trans_date_trans_time']
[2024-11-08T18:14:29.943+0000] {fraud_detection_dag.py:98} INFO - Conversion de trans_date_trans_time en unix_time réussie
[2024-11-08T18:14:29.990+0000] {fraud_detection_dag.py:107} INFO - Transformation des données...
[2024-11-08T18:14:31.808+0000] {warnings.py:112} WARNING - /home/***/.local/lib/python3.12/site-packages/sklearn/ensemble/_base.py:172: UserWarning: Loky-backed parallel loops cannot be called in a multiprocessing, setting n_jobs=1
  n_jobs = min(effective_n_jobs(n_jobs), n_estimators)

[2024-11-08T18:14:31.863+0000] {warnings.py:112} WARNING - /home/***/.local/lib/python3.12/site-packages/sklearn/ensemble/_base.py:172: UserWarning: Loky-backed parallel loops cannot be called in a multiprocessing, setting n_jobs=1
  n_jobs = min(effective_n_jobs(n_jobs), n_estimators)

[2024-11-08T18:14:31.883+0000] {fraud_detection_dag.py:119} INFO - Prediction de fraude: NORMAL, Probabilité: 24.53%
[2024-11-08T18:14:32.058+0000] {fraud_detection_dag.py:125} INFO - Prédiction: NORMAL (Probabilité: 24.53%)
[2024-11-08T18:14:32.063+0000] {python.py:240} INFO - Done. Returned value was: notify_normal
[2024-11-08T18:14:32.073+0000] {branch.py:38} INFO - Branch into notify_normal
[2024-11-08T18:14:32.074+0000] {skipmixin.py:230} INFO - Following branch ('notify_normal',)
[2024-11-08T18:14:32.187+0000] {skipmixin.py:278} INFO - Skipping tasks [('skip_processing', -1), ('notify_fraud', -1)]
[2024-11-08T18:14:32.396+0000] {taskinstance.py:340} INFO - ::group::Post task execution logs
[2024-11-08T18:14:32.397+0000] {taskinstance.py:352} INFO - Marking task as SUCCESS. dag_id=fraud_detection, task_id=process_transaction, run_id=scheduled__2024-11-08T18:11:00+00:00, execution_date=20241108T181100, start_date=20241108T181428, end_date=20241108T181432
[2024-11-08T18:14:32.778+0000] {local_task_job_runner.py:266} INFO - Task exited with return code 0
[2024-11-08T18:14:32.971+0000] {taskinstance.py:3900} INFO - 1 downstream tasks scheduled from follow-on schedule check
[2024-11-08T18:14:32.984+0000] {local_task_job_runner.py:245} INFO - ::endgroup::
