[2024-11-23T17:54:34.511+0000] {local_task_job_runner.py:123} INFO - ::group::Pre task execution logs
[2024-11-23T17:54:34.564+0000] {taskinstance.py:2612} INFO - Dependencies all met for dep_context=non-requeueable deps ti=<TaskInstance: fraud_detection.notify_normal scheduled__2024-11-23T17:53:00+00:00 [queued]>
[2024-11-23T17:54:34.598+0000] {taskinstance.py:2612} INFO - Dependencies all met for dep_context=requeueable deps ti=<TaskInstance: fraud_detection.notify_normal scheduled__2024-11-23T17:53:00+00:00 [queued]>
[2024-11-23T17:54:34.599+0000] {taskinstance.py:2865} INFO - Starting attempt 1 of 2
[2024-11-23T17:54:34.631+0000] {taskinstance.py:2888} INFO - Executing <Task(PythonOperator): notify_normal> on 2024-11-23 17:53:00+00:00
[2024-11-23T17:54:34.647+0000] {warnings.py:112} WARNING - /home/***/.local/lib/python3.12/site-packages/***/task/task_runner/standard_task_runner.py:70: DeprecationWarning: This process (pid=3573) is multi-threaded, use of fork() may lead to deadlocks in the child.
  pid = os.fork()

[2024-11-23T17:54:34.651+0000] {standard_task_runner.py:72} INFO - Started process 3583 to run task
[2024-11-23T17:54:34.653+0000] {standard_task_runner.py:104} INFO - Running: ['***', 'tasks', 'run', 'fraud_detection', 'notify_normal', 'scheduled__2024-11-23T17:53:00+00:00', '--job-id', '347', '--raw', '--subdir', 'DAGS_FOLDER/fraud_detection_dag.py', '--cfg-path', '/tmp/tmprg0d9uif']
[2024-11-23T17:54:34.660+0000] {standard_task_runner.py:105} INFO - Job 347: Subtask notify_normal
[2024-11-23T17:54:34.824+0000] {task_command.py:467} INFO - Running <TaskInstance: fraud_detection.notify_normal scheduled__2024-11-23T17:53:00+00:00 [running]> on host 345e92ff26bf
[2024-11-23T17:54:35.033+0000] {taskinstance.py:3131} INFO - Exporting env vars: AIRFLOW_CTX_DAG_OWNER='fraud_team' AIRFLOW_CTX_DAG_ID='fraud_detection' AIRFLOW_CTX_TASK_ID='notify_normal' AIRFLOW_CTX_EXECUTION_DATE='2024-11-23T17:53:00+00:00' AIRFLOW_CTX_TRY_NUMBER='1' AIRFLOW_CTX_DAG_RUN_ID='scheduled__2024-11-23T17:53:00+00:00'
[2024-11-23T17:54:35.038+0000] {taskinstance.py:731} INFO - ::endgroup::
[2024-11-23T17:54:35.206+0000] {fraud_detection_dag.py:144} INFO - Données de transaction récupérées: {"columns":["cc_num","merchant","category","amt","first","last","gender","street","city","state","zip","lat","long","city_pop","job","dob","trans_num","merch_lat","merch_long","is_fraud","current_time"],"index":[310301],"data":[[2254799658404120,"fraud_Christiansen, Goyette and Schamberger","gas_transport",61.04,"Barbara","Nelson","F","7337 Browning Falls Suite 027","Valdosta","GA",31605,30.946,-83.2474,94325,"Educational psychologist","1987-09-08","4f62348894c0654dc477c7df6cc86e78",30.489817,-84.137934,0,1732384463872]]}
[2024-11-23T17:54:35.208+0000] {fraud_detection_dag.py:145} INFO - Probabilité de fraude: 0.3452103859129656
[2024-11-23T17:54:35.210+0000] {fraud_detection_dag.py:146} INFO - Est une fraude: False
[2024-11-23T17:54:35.223+0000] {fraud_detection_dag.py:206} INFO - Tentative d'envoi d'email normale...
[2024-11-23T17:54:35.224+0000] {fraud_detection_dag.py:207} INFO - Contenu de l'email:

        ✅ Transaction NORMALE détectée!
        
        Statut: Vert
        Probabilité de fraude: 34.52%
        
        Détails de la transaction:
        --------------------------
        ID Transaction: 4f62348894c0654dc477c7df6cc86e78
        Montant: 61.04€
        Date/Heure: 2024-11-23 17:54:23
        
        Informations sur le marchand:
        ----------------------------
        Nom: fraud_Christiansen, Goyette and Schamberger
        Ville: Valdosta
        État: GA
        
        Informations sur le client:
        --------------------------
        Nom: Barbara Nelson
        Ville: Valdosta
        
        Cette notification a été générée automatiquement par le système de détection de fraude.
        
[2024-11-23T17:54:37.415+0000] {fraud_detection_dag.py:217} INFO - Email envoyé avec succès
[2024-11-23T17:54:37.425+0000] {python.py:240} INFO - Done. Returned value was: store_normal
[2024-11-23T17:54:37.508+0000] {taskinstance.py:340} INFO - ::group::Post task execution logs
[2024-11-23T17:54:37.509+0000] {taskinstance.py:352} INFO - Marking task as SUCCESS. dag_id=fraud_detection, task_id=notify_normal, run_id=scheduled__2024-11-23T17:53:00+00:00, execution_date=20241123T175300, start_date=20241123T175434, end_date=20241123T175437
[2024-11-23T17:54:37.539+0000] {local_task_job_runner.py:266} INFO - Task exited with return code 0
[2024-11-23T17:54:37.581+0000] {taskinstance.py:3900} INFO - 1 downstream tasks scheduled from follow-on schedule check
[2024-11-23T17:54:37.585+0000] {local_task_job_runner.py:245} INFO - ::endgroup::
