[2024-11-23T16:56:13.073+0000] {local_task_job_runner.py:123} INFO - ::group::Pre task execution logs
[2024-11-23T16:56:13.139+0000] {taskinstance.py:2612} INFO - Dependencies all met for dep_context=non-requeueable deps ti=<TaskInstance: fraud_detection.notify_normal scheduled__2024-11-23T16:54:00+00:00 [queued]>
[2024-11-23T16:56:13.161+0000] {taskinstance.py:2612} INFO - Dependencies all met for dep_context=requeueable deps ti=<TaskInstance: fraud_detection.notify_normal scheduled__2024-11-23T16:54:00+00:00 [queued]>
[2024-11-23T16:56:13.161+0000] {taskinstance.py:2865} INFO - Starting attempt 1 of 2
[2024-11-23T16:56:13.190+0000] {taskinstance.py:2888} INFO - Executing <Task(PythonOperator): notify_normal> on 2024-11-23 16:54:00+00:00
[2024-11-23T16:56:13.204+0000] {warnings.py:112} WARNING - /home/***/.local/lib/python3.12/site-packages/***/task/task_runner/standard_task_runner.py:70: DeprecationWarning: This process (pid=491) is multi-threaded, use of fork() may lead to deadlocks in the child.
  pid = os.fork()

[2024-11-23T16:56:13.207+0000] {standard_task_runner.py:72} INFO - Started process 497 to run task
[2024-11-23T16:56:13.211+0000] {standard_task_runner.py:104} INFO - Running: ['***', 'tasks', 'run', 'fraud_detection', 'notify_normal', 'scheduled__2024-11-23T16:54:00+00:00', '--job-id', '51', '--raw', '--subdir', 'DAGS_FOLDER/fraud_detection_dag.py', '--cfg-path', '/tmp/tmproa6gyk8']
[2024-11-23T16:56:13.216+0000] {standard_task_runner.py:105} INFO - Job 51: Subtask notify_normal
[2024-11-23T16:56:13.355+0000] {task_command.py:467} INFO - Running <TaskInstance: fraud_detection.notify_normal scheduled__2024-11-23T16:54:00+00:00 [running]> on host 345e92ff26bf
[2024-11-23T16:56:13.572+0000] {taskinstance.py:3131} INFO - Exporting env vars: AIRFLOW_CTX_DAG_OWNER='fraud_team' AIRFLOW_CTX_DAG_ID='fraud_detection' AIRFLOW_CTX_TASK_ID='notify_normal' AIRFLOW_CTX_EXECUTION_DATE='2024-11-23T16:54:00+00:00' AIRFLOW_CTX_TRY_NUMBER='1' AIRFLOW_CTX_DAG_RUN_ID='scheduled__2024-11-23T16:54:00+00:00'
[2024-11-23T16:56:13.575+0000] {taskinstance.py:731} INFO - ::endgroup::
[2024-11-23T16:56:13.653+0000] {fraud_detection_dag.py:219} INFO - Données de transaction récupérées: {"columns":["cc_num","merchant","category","amt","first","last","gender","street","city","state","zip","lat","long","city_pop","job","dob","trans_num","merch_lat","merch_long","is_fraud","current_time"],"index":[293207],"data":[[4653178848915023204,"fraud_Dickinson Ltd","personal_care",4.24,"Robert","Hall","M","371 Anthony Trail Suite 354","Glade Spring","VA",24340,36.7779,-81.7676,5657,"Clinical psychologist","1987-04-29","590e3f103ea04fd7553e5419cf4a1833",36.395668,-82.289945,0,1732380961022]]}
[2024-11-23T16:56:13.654+0000] {fraud_detection_dag.py:220} INFO - Probabilité de fraude: 0.3284572760537723
[2024-11-23T16:56:13.654+0000] {fraud_detection_dag.py:221} INFO - Est une fraude: False
[2024-11-23T16:56:13.660+0000] {fraud_detection_dag.py:281} INFO - Tentative d'envoi d'email normale...
[2024-11-23T16:56:13.661+0000] {fraud_detection_dag.py:282} INFO - Contenu de l'email:

        ✅ Transaction NORMALE détectée!
        
        Statut: Vert
        Probabilité de fraude: 32.85%
        
        Détails de la transaction:
        --------------------------
        ID Transaction: 590e3f103ea04fd7553e5419cf4a1833
        Montant: 4.24€
        Date/Heure: 2024-11-23 16:56:01
        
        Informations sur le marchand:
        ----------------------------
        Nom: fraud_Dickinson Ltd
        Ville: Glade Spring
        État: VA
        
        Informations sur le client:
        --------------------------
        Nom: Robert Hall
        Ville: Glade Spring
        
        Cette notification a été générée automatiquement par le système de détection de fraude.
        
[2024-11-23T16:56:18.589+0000] {fraud_detection_dag.py:292} INFO - Email envoyé avec succès
[2024-11-23T16:56:18.590+0000] {python.py:240} INFO - Done. Returned value was: store_normal
[2024-11-23T16:56:18.709+0000] {taskinstance.py:340} INFO - ::group::Post task execution logs
[2024-11-23T16:56:18.710+0000] {taskinstance.py:352} INFO - Marking task as SUCCESS. dag_id=fraud_detection, task_id=notify_normal, run_id=scheduled__2024-11-23T16:54:00+00:00, execution_date=20241123T165400, start_date=20241123T165613, end_date=20241123T165618
[2024-11-23T16:56:18.791+0000] {local_task_job_runner.py:266} INFO - Task exited with return code 0
[2024-11-23T16:56:18.850+0000] {taskinstance.py:3900} INFO - 1 downstream tasks scheduled from follow-on schedule check
[2024-11-23T16:56:18.854+0000] {local_task_job_runner.py:245} INFO - ::endgroup::
