[2024-11-23T17:03:09.460+0000] {local_task_job_runner.py:123} INFO - ::group::Pre task execution logs
[2024-11-23T17:03:09.559+0000] {taskinstance.py:2612} INFO - Dependencies all met for dep_context=non-requeueable deps ti=<TaskInstance: fraud_detection.store_normal manual__2024-11-23T17:02:08.817745+00:00 [queued]>
[2024-11-23T17:03:09.606+0000] {taskinstance.py:2612} INFO - Dependencies all met for dep_context=requeueable deps ti=<TaskInstance: fraud_detection.store_normal manual__2024-11-23T17:02:08.817745+00:00 [queued]>
[2024-11-23T17:03:09.619+0000] {taskinstance.py:2865} INFO - Starting attempt 1 of 2
[2024-11-23T17:03:09.691+0000] {taskinstance.py:2888} INFO - Executing <Task(PythonOperator): store_normal> on 2024-11-23 17:02:08.817745+00:00
[2024-11-23T17:03:09.730+0000] {warnings.py:112} WARNING - /home/***/.local/lib/python3.12/site-packages/***/task/task_runner/standard_task_runner.py:70: DeprecationWarning: This process (pid=1006) is multi-threaded, use of fork() may lead to deadlocks in the child.
  pid = os.fork()

[2024-11-23T17:03:09.734+0000] {standard_task_runner.py:72} INFO - Started process 1012 to run task
[2024-11-23T17:03:09.743+0000] {standard_task_runner.py:104} INFO - Running: ['***', 'tasks', 'run', 'fraud_detection', 'store_normal', 'manual__2024-11-23T17:02:08.817745+00:00', '--job-id', '104', '--raw', '--subdir', 'DAGS_FOLDER/fraud_detection_dag.py', '--cfg-path', '/tmp/tmp7be_o9ux']
[2024-11-23T17:03:09.750+0000] {standard_task_runner.py:105} INFO - Job 104: Subtask store_normal
[2024-11-23T17:03:09.967+0000] {task_command.py:467} INFO - Running <TaskInstance: fraud_detection.store_normal manual__2024-11-23T17:02:08.817745+00:00 [running]> on host 345e92ff26bf
[2024-11-23T17:03:10.337+0000] {taskinstance.py:3131} INFO - Exporting env vars: AIRFLOW_CTX_DAG_OWNER='fraud_team' AIRFLOW_CTX_DAG_ID='fraud_detection' AIRFLOW_CTX_TASK_ID='store_normal' AIRFLOW_CTX_EXECUTION_DATE='2024-11-23T17:02:08.817745+00:00' AIRFLOW_CTX_TRY_NUMBER='1' AIRFLOW_CTX_DAG_RUN_ID='manual__2024-11-23T17:02:08.817745+00:00'
[2024-11-23T17:03:10.342+0000] {taskinstance.py:731} INFO - ::endgroup::
[2024-11-23T17:03:10.393+0000] {fraud_detection_dag.py:310} INFO - Tentative de connexion à Neon...
[2024-11-23T17:03:18.999+0000] {fraud_detection_dag.py:316} INFO - Connexion à Neon réussie!
[2024-11-23T17:03:19.238+0000] {fraud_detection_dag.py:323} INFO - Données reçues pour stockage: {"columns":["cc_num","merchant","category","amt","first","last","gender","street","city","state","zip","lat","long","city_pop","job","dob","trans_num","merch_lat","merch_long","is_fraud","current_time"],"index":[549763],"data":[[30044330818990,"fraud_DuBuque LLC","grocery_pos",183.8,"Allison","Ayala","F","87665 Karen Mill Apt. 586","Fort Myers","FL",33967,26.4722,-81.8122,224256,"Paramedic","1985-08-29","7344374f926a3f6d217f1f715ffaf462",26.408817,-82.278024,0,1732381368764]]}
[2024-11-23T17:03:19.245+0000] {fraud_detection_dag.py:332} INFO - JSON parsé avec succès
[2024-11-23T17:03:19.263+0000] {fraud_detection_dag.py:336} INFO - DataFrame créé avec 1 lignes
[2024-11-23T17:03:19.269+0000] {fraud_detection_dag.py:341} INFO - Colonne current_time renommée en trans_date_trans_time
[2024-11-23T17:03:19.282+0000] {fraud_detection_dag.py:345} INFO - Conversion du timestamp réussie
[2024-11-23T17:03:19.306+0000] {fraud_detection_dag.py:349} INFO - Indicateur de fraude récupéré: False
[2024-11-23T17:03:19.308+0000] {fraud_detection_dag.py:353} INFO - Colonne is_fraud mise à jour avec la valeur: False
[2024-11-23T17:03:19.309+0000] {fraud_detection_dag.py:357} INFO - Conversion de is_fraud en boolean réussie
[2024-11-23T17:03:19.310+0000] {fraud_detection_dag.py:360} INFO - Colonnes finales avant stockage: ['cc_num', 'merchant', 'category', 'amt', 'first', 'last', 'gender', 'street', 'city', 'state', 'zip', 'lat', 'long', 'city_pop', 'job', 'dob', 'trans_num', 'merch_lat', 'merch_long', 'is_fraud', 'trans_date_trans_time']
[2024-11-23T17:03:19.313+0000] {fraud_detection_dag.py:361} INFO - Types des données: 
cc_num                            int64
merchant                         object
category                         object
amt                             float64
first                            object
last                             object
gender                           object
street                           object
city                             object
state                            object
zip                               int64
lat                             float64
long                            float64
city_pop                          int64
job                              object
dob                              object
trans_num                        object
merch_lat                       float64
merch_long                      float64
is_fraud                           bool
trans_date_trans_time    datetime64[ns]
dtype: object
[2024-11-23T17:03:19.314+0000] {fraud_detection_dag.py:365} INFO - Stockage dans la table: normal_transactions
[2024-11-23T17:03:21.680+0000] {fraud_detection_dag.py:370} INFO - Données stockées avec succès dans la table normal_transactions
[2024-11-23T17:03:21.685+0000] {python.py:240} INFO - Done. Returned value was: None
[2024-11-23T17:03:21.718+0000] {taskinstance.py:340} INFO - ::group::Post task execution logs
[2024-11-23T17:03:21.723+0000] {taskinstance.py:352} INFO - Marking task as SUCCESS. dag_id=fraud_detection, task_id=store_normal, run_id=manual__2024-11-23T17:02:08.817745+00:00, execution_date=20241123T170208, start_date=20241123T170309, end_date=20241123T170321
[2024-11-23T17:03:21.783+0000] {local_task_job_runner.py:266} INFO - Task exited with return code 0
[2024-11-23T17:03:21.822+0000] {taskinstance.py:3900} INFO - 1 downstream tasks scheduled from follow-on schedule check
[2024-11-23T17:03:21.830+0000] {local_task_job_runner.py:245} INFO - ::endgroup::
