[2024-11-23T18:12:05.236+0000] {local_task_job_runner.py:123} INFO - ::group::Pre task execution logs
[2024-11-23T18:12:05.316+0000] {taskinstance.py:2612} INFO - Dependencies all met for dep_context=non-requeueable deps ti=<TaskInstance: fraud_detection.load_dependencies scheduled__2024-11-23T18:11:00+00:00 [queued]>
[2024-11-23T18:12:05.340+0000] {taskinstance.py:2612} INFO - Dependencies all met for dep_context=requeueable deps ti=<TaskInstance: fraud_detection.load_dependencies scheduled__2024-11-23T18:11:00+00:00 [queued]>
[2024-11-23T18:12:05.341+0000] {taskinstance.py:2865} INFO - Starting attempt 1 of 2
[2024-11-23T18:12:05.379+0000] {taskinstance.py:2888} INFO - Executing <Task(PythonOperator): load_dependencies> on 2024-11-23 18:11:00+00:00
[2024-11-23T18:12:05.413+0000] {warnings.py:112} WARNING - /home/***/.local/lib/python3.12/site-packages/***/task/task_runner/standard_task_runner.py:70: DeprecationWarning: This process (pid=4791) is multi-threaded, use of fork() may lead to deadlocks in the child.
  pid = os.fork()

[2024-11-23T18:12:05.419+0000] {standard_task_runner.py:72} INFO - Started process 4803 to run task
[2024-11-23T18:12:05.432+0000] {standard_task_runner.py:104} INFO - Running: ['***', 'tasks', 'run', 'fraud_detection', 'load_dependencies', 'scheduled__2024-11-23T18:11:00+00:00', '--job-id', '478', '--raw', '--subdir', 'DAGS_FOLDER/fraud_detection_dag.py', '--cfg-path', '/tmp/tmpr9g6cqgo']
[2024-11-23T18:12:05.449+0000] {standard_task_runner.py:105} INFO - Job 478: Subtask load_dependencies
[2024-11-23T18:12:05.659+0000] {task_command.py:467} INFO - Running <TaskInstance: fraud_detection.load_dependencies scheduled__2024-11-23T18:11:00+00:00 [running]> on host 345e92ff26bf
[2024-11-23T18:12:06.023+0000] {taskinstance.py:3131} INFO - Exporting env vars: AIRFLOW_CTX_DAG_OWNER='fraud_team' AIRFLOW_CTX_DAG_ID='fraud_detection' AIRFLOW_CTX_TASK_ID='load_dependencies' AIRFLOW_CTX_EXECUTION_DATE='2024-11-23T18:11:00+00:00' AIRFLOW_CTX_TRY_NUMBER='1' AIRFLOW_CTX_DAG_RUN_ID='scheduled__2024-11-23T18:11:00+00:00'
[2024-11-23T18:12:06.025+0000] {taskinstance.py:731} INFO - ::endgroup::
[2024-11-23T18:12:06.056+0000] {fraud_detection_dag.py:27} INFO - Chargement des dépendances depuis S3...
[2024-11-23T18:12:23.045+0000] {fraud_detection_dag.py:43} INFO - Modèle chargé avec succès
[2024-11-23T18:12:23.654+0000] {fraud_detection_dag.py:48} INFO - ETL chargé avec succès
[2024-11-23T18:12:23.823+0000] {python.py:240} INFO - Done. Returned value was: True
[2024-11-23T18:12:23.920+0000] {taskinstance.py:340} INFO - ::group::Post task execution logs
[2024-11-23T18:12:23.922+0000] {taskinstance.py:352} INFO - Marking task as SUCCESS. dag_id=fraud_detection, task_id=load_dependencies, run_id=scheduled__2024-11-23T18:11:00+00:00, execution_date=20241123T181100, start_date=20241123T181205, end_date=20241123T181223
[2024-11-23T18:12:24.009+0000] {local_task_job_runner.py:266} INFO - Task exited with return code 0
[2024-11-23T18:12:24.109+0000] {taskinstance.py:3900} INFO - 1 downstream tasks scheduled from follow-on schedule check
[2024-11-23T18:12:24.118+0000] {local_task_job_runner.py:245} INFO - ::endgroup::
