[2024-11-23T17:50:28.035+0000] {local_task_job_runner.py:123} INFO - ::group::Pre task execution logs
[2024-11-23T17:50:28.116+0000] {taskinstance.py:2612} INFO - Dependencies all met for dep_context=non-requeueable deps ti=<TaskInstance: fraud_detection.store_normal scheduled__2024-11-23T17:48:00+00:00 [queued]>
[2024-11-23T17:50:28.145+0000] {taskinstance.py:2612} INFO - Dependencies all met for dep_context=requeueable deps ti=<TaskInstance: fraud_detection.store_normal scheduled__2024-11-23T17:48:00+00:00 [queued]>
[2024-11-23T17:50:28.150+0000] {taskinstance.py:2865} INFO - Starting attempt 1 of 2
[2024-11-23T17:50:28.288+0000] {taskinstance.py:2888} INFO - Executing <Task(PythonOperator): store_normal> on 2024-11-23 17:48:00+00:00
[2024-11-23T17:50:28.301+0000] {warnings.py:112} WARNING - /home/***/.local/lib/python3.12/site-packages/***/task/task_runner/standard_task_runner.py:70: DeprecationWarning: This process (pid=3245) is multi-threaded, use of fork() may lead to deadlocks in the child.
  pid = os.fork()

[2024-11-23T17:50:28.305+0000] {standard_task_runner.py:72} INFO - Started process 3250 to run task
[2024-11-23T17:50:28.308+0000] {standard_task_runner.py:104} INFO - Running: ['***', 'tasks', 'run', 'fraud_detection', 'store_normal', 'scheduled__2024-11-23T17:48:00+00:00', '--job-id', '309', '--raw', '--subdir', 'DAGS_FOLDER/fraud_detection_dag.py', '--cfg-path', '/tmp/tmpvx3_u7zd']
[2024-11-23T17:50:28.365+0000] {standard_task_runner.py:105} INFO - Job 309: Subtask store_normal
[2024-11-23T17:50:28.633+0000] {task_command.py:467} INFO - Running <TaskInstance: fraud_detection.store_normal scheduled__2024-11-23T17:48:00+00:00 [running]> on host 345e92ff26bf
[2024-11-23T17:50:29.173+0000] {taskinstance.py:3131} INFO - Exporting env vars: AIRFLOW_CTX_DAG_OWNER='fraud_team' AIRFLOW_CTX_DAG_ID='fraud_detection' AIRFLOW_CTX_TASK_ID='store_normal' AIRFLOW_CTX_EXECUTION_DATE='2024-11-23T17:48:00+00:00' AIRFLOW_CTX_TRY_NUMBER='1' AIRFLOW_CTX_DAG_RUN_ID='scheduled__2024-11-23T17:48:00+00:00'
[2024-11-23T17:50:29.179+0000] {taskinstance.py:731} INFO - ::endgroup::
[2024-11-23T17:50:29.208+0000] {fraud_detection_dag.py:235} INFO - Tentative de connexion à Neon...
[2024-11-23T17:50:38.108+0000] {fraud_detection_dag.py:241} INFO - Connexion à Neon réussie!
[2024-11-23T17:50:38.750+0000] {fraud_detection_dag.py:248} INFO - Données reçues pour stockage: {"columns":["cc_num","merchant","category","amt","first","last","gender","street","city","state","zip","lat","long","city_pop","job","dob","trans_num","merch_lat","merch_long","is_fraud","current_time"],"index":[278312],"data":[[3591919803438423,"fraud_Raynor, Reinger and Hagenes","gas_transport",62.86,"Brian","Williams","M","32941 Krystal Mill Apt. 552","Titusville","FL",32780,28.5697,-80.8191,54767,"Set designer","1987-07-25","ab3c6c5a24d926c90d494e6b3fac4d6b",27.703592,-81.083723,0,1732384199163]]}
[2024-11-23T17:50:38.760+0000] {fraud_detection_dag.py:257} INFO - JSON parsé avec succès
[2024-11-23T17:50:38.771+0000] {fraud_detection_dag.py:261} INFO - DataFrame créé avec 1 lignes
[2024-11-23T17:50:38.776+0000] {fraud_detection_dag.py:266} INFO - Colonne current_time renommée en trans_date_trans_time
[2024-11-23T17:50:38.793+0000] {fraud_detection_dag.py:270} INFO - Conversion du timestamp réussie
[2024-11-23T17:50:38.831+0000] {fraud_detection_dag.py:274} INFO - Indicateur de fraude récupéré: False
[2024-11-23T17:50:38.833+0000] {fraud_detection_dag.py:278} INFO - Colonne is_fraud mise à jour avec la valeur: False
[2024-11-23T17:50:38.835+0000] {fraud_detection_dag.py:282} INFO - Conversion de is_fraud en boolean réussie
[2024-11-23T17:50:38.836+0000] {fraud_detection_dag.py:285} INFO - Colonnes finales avant stockage: ['cc_num', 'merchant', 'category', 'amt', 'first', 'last', 'gender', 'street', 'city', 'state', 'zip', 'lat', 'long', 'city_pop', 'job', 'dob', 'trans_num', 'merch_lat', 'merch_long', 'is_fraud', 'trans_date_trans_time']
[2024-11-23T17:50:38.842+0000] {fraud_detection_dag.py:286} INFO - Types des données: 
cc_num                            int64
merchant                         object
category                         object
amt                             float64
first                            object
last                             object
gender                           object
street                           object
city                             object
state                            object
zip                               int64
lat                             float64
long                            float64
city_pop                          int64
job                              object
dob                              object
trans_num                        object
merch_lat                       float64
merch_long                      float64
is_fraud                           bool
trans_date_trans_time    datetime64[ns]
dtype: object
[2024-11-23T17:50:38.843+0000] {fraud_detection_dag.py:290} INFO - Stockage dans la table: normal_transactions
[2024-11-23T17:50:40.715+0000] {fraud_detection_dag.py:295} INFO - Données stockées avec succès dans la table normal_transactions
[2024-11-23T17:50:40.717+0000] {python.py:240} INFO - Done. Returned value was: None
[2024-11-23T17:50:40.764+0000] {taskinstance.py:340} INFO - ::group::Post task execution logs
[2024-11-23T17:50:40.765+0000] {taskinstance.py:352} INFO - Marking task as SUCCESS. dag_id=fraud_detection, task_id=store_normal, run_id=scheduled__2024-11-23T17:48:00+00:00, execution_date=20241123T174800, start_date=20241123T175028, end_date=20241123T175040
[2024-11-23T17:50:40.931+0000] {local_task_job_runner.py:266} INFO - Task exited with return code 0
[2024-11-23T17:50:41.017+0000] {taskinstance.py:3900} INFO - 1 downstream tasks scheduled from follow-on schedule check
[2024-11-23T17:50:41.023+0000] {local_task_job_runner.py:245} INFO - ::endgroup::
