[2024-11-23T17:19:42.863+0000] {local_task_job_runner.py:123} INFO - ::group::Pre task execution logs
[2024-11-23T17:19:42.898+0000] {taskinstance.py:2612} INFO - Dependencies all met for dep_context=non-requeueable deps ti=<TaskInstance: fraud_detection.notify_normal scheduled__2024-11-23T17:18:00+00:00 [queued]>
[2024-11-23T17:19:42.931+0000] {taskinstance.py:2612} INFO - Dependencies all met for dep_context=requeueable deps ti=<TaskInstance: fraud_detection.notify_normal scheduled__2024-11-23T17:18:00+00:00 [queued]>
[2024-11-23T17:19:42.932+0000] {taskinstance.py:2865} INFO - Starting attempt 1 of 2
[2024-11-23T17:19:42.975+0000] {taskinstance.py:2888} INFO - Executing <Task(PythonOperator): notify_normal> on 2024-11-23 17:18:00+00:00
[2024-11-23T17:19:43.004+0000] {warnings.py:112} WARNING - /home/***/.local/lib/python3.12/site-packages/***/task/task_runner/standard_task_runner.py:70: DeprecationWarning: This process (pid=2055) is multi-threaded, use of fork() may lead to deadlocks in the child.
  pid = os.fork()

[2024-11-23T17:19:43.007+0000] {standard_task_runner.py:72} INFO - Started process 2060 to run task
[2024-11-23T17:19:43.011+0000] {standard_task_runner.py:104} INFO - Running: ['***', 'tasks', 'run', 'fraud_detection', 'notify_normal', 'scheduled__2024-11-23T17:18:00+00:00', '--job-id', '205', '--raw', '--subdir', 'DAGS_FOLDER/fraud_detection_dag.py', '--cfg-path', '/tmp/tmpscwulfz5']
[2024-11-23T17:19:43.018+0000] {standard_task_runner.py:105} INFO - Job 205: Subtask notify_normal
[2024-11-23T17:19:43.142+0000] {task_command.py:467} INFO - Running <TaskInstance: fraud_detection.notify_normal scheduled__2024-11-23T17:18:00+00:00 [running]> on host 345e92ff26bf
[2024-11-23T17:19:43.312+0000] {taskinstance.py:3131} INFO - Exporting env vars: AIRFLOW_CTX_DAG_OWNER='fraud_team' AIRFLOW_CTX_DAG_ID='fraud_detection' AIRFLOW_CTX_TASK_ID='notify_normal' AIRFLOW_CTX_EXECUTION_DATE='2024-11-23T17:18:00+00:00' AIRFLOW_CTX_TRY_NUMBER='1' AIRFLOW_CTX_DAG_RUN_ID='scheduled__2024-11-23T17:18:00+00:00'
[2024-11-23T17:19:43.314+0000] {taskinstance.py:731} INFO - ::endgroup::
[2024-11-23T17:19:43.416+0000] {fraud_detection_dag.py:219} INFO - Données de transaction récupérées: {"columns":["cc_num","merchant","category","amt","first","last","gender","street","city","state","zip","lat","long","city_pop","job","dob","trans_num","merch_lat","merch_long","is_fraud","current_time"],"index":[415069],"data":[[3587960728692500,"fraud_Hermiston, Russel and Price","food_dining",147.54,"Kathy","Hughes","F","02110 Lucas Freeway Suite 517","Battle Creek","IA",51006,42.3327,-95.6045,1075,"Teacher, early years\/pre","1997-01-02","22f7296e2cb77b0fe3a0c4af98b674b2",43.227127,-96.525586,0,1732382373360]]}
[2024-11-23T17:19:43.417+0000] {fraud_detection_dag.py:220} INFO - Probabilité de fraude: 0.34471971980965416
[2024-11-23T17:19:43.417+0000] {fraud_detection_dag.py:221} INFO - Est une fraude: False
[2024-11-23T17:19:43.438+0000] {fraud_detection_dag.py:281} INFO - Tentative d'envoi d'email normale...
[2024-11-23T17:19:43.441+0000] {fraud_detection_dag.py:282} INFO - Contenu de l'email:

        ✅ Transaction NORMALE détectée!
        
        Statut: Vert
        Probabilité de fraude: 34.47%
        
        Détails de la transaction:
        --------------------------
        ID Transaction: 22f7296e2cb77b0fe3a0c4af98b674b2
        Montant: 147.54€
        Date/Heure: 2024-11-23 17:19:33
        
        Informations sur le marchand:
        ----------------------------
        Nom: fraud_Hermiston, Russel and Price
        Ville: Battle Creek
        État: IA
        
        Informations sur le client:
        --------------------------
        Nom: Kathy Hughes
        Ville: Battle Creek
        
        Cette notification a été générée automatiquement par le système de détection de fraude.
        
[2024-11-23T17:19:47.621+0000] {fraud_detection_dag.py:292} INFO - Email envoyé avec succès
[2024-11-23T17:19:47.623+0000] {python.py:240} INFO - Done. Returned value was: store_normal
[2024-11-23T17:19:47.667+0000] {taskinstance.py:340} INFO - ::group::Post task execution logs
[2024-11-23T17:19:47.668+0000] {taskinstance.py:352} INFO - Marking task as SUCCESS. dag_id=fraud_detection, task_id=notify_normal, run_id=scheduled__2024-11-23T17:18:00+00:00, execution_date=20241123T171800, start_date=20241123T171942, end_date=20241123T171947
[2024-11-23T17:19:47.723+0000] {local_task_job_runner.py:266} INFO - Task exited with return code 0
[2024-11-23T17:19:47.768+0000] {taskinstance.py:3900} INFO - 1 downstream tasks scheduled from follow-on schedule check
[2024-11-23T17:19:47.777+0000] {local_task_job_runner.py:245} INFO - ::endgroup::
