[2024-11-23T17:45:35.378+0000] {local_task_job_runner.py:123} INFO - ::group::Pre task execution logs
[2024-11-23T17:45:35.402+0000] {taskinstance.py:2612} INFO - Dependencies all met for dep_context=non-requeueable deps ti=<TaskInstance: fraud_detection.process_transaction scheduled__2024-11-23T17:28:00+00:00 [queued]>
[2024-11-23T17:45:35.419+0000] {taskinstance.py:2612} INFO - Dependencies all met for dep_context=requeueable deps ti=<TaskInstance: fraud_detection.process_transaction scheduled__2024-11-23T17:28:00+00:00 [queued]>
[2024-11-23T17:45:35.420+0000] {taskinstance.py:2865} INFO - Starting attempt 1 of 2
[2024-11-23T17:45:35.460+0000] {taskinstance.py:2888} INFO - Executing <Task(BranchPythonOperator): process_transaction> on 2024-11-23 17:28:00+00:00
[2024-11-23T17:45:35.507+0000] {warnings.py:112} WARNING - /home/***/.local/lib/python3.12/site-packages/***/task/task_runner/standard_task_runner.py:70: DeprecationWarning: This process (pid=2865) is multi-threaded, use of fork() may lead to deadlocks in the child.
  pid = os.fork()

[2024-11-23T17:45:35.516+0000] {standard_task_runner.py:72} INFO - Started process 2870 to run task
[2024-11-23T17:45:35.521+0000] {standard_task_runner.py:104} INFO - Running: ['***', 'tasks', 'run', 'fraud_detection', 'process_transaction', 'scheduled__2024-11-23T17:28:00+00:00', '--job-id', '266', '--raw', '--subdir', 'DAGS_FOLDER/fraud_detection_dag.py', '--cfg-path', '/tmp/tmpxhpot5t9']
[2024-11-23T17:45:35.525+0000] {standard_task_runner.py:105} INFO - Job 266: Subtask process_transaction
[2024-11-23T17:45:35.715+0000] {task_command.py:467} INFO - Running <TaskInstance: fraud_detection.process_transaction scheduled__2024-11-23T17:28:00+00:00 [running]> on host 345e92ff26bf
[2024-11-23T17:45:36.109+0000] {taskinstance.py:3131} INFO - Exporting env vars: AIRFLOW_CTX_DAG_OWNER='fraud_team' AIRFLOW_CTX_DAG_ID='fraud_detection' AIRFLOW_CTX_TASK_ID='process_transaction' AIRFLOW_CTX_EXECUTION_DATE='2024-11-23T17:28:00+00:00' AIRFLOW_CTX_TRY_NUMBER='1' AIRFLOW_CTX_DAG_RUN_ID='scheduled__2024-11-23T17:28:00+00:00'
[2024-11-23T17:45:36.112+0000] {taskinstance.py:731} INFO - ::endgroup::
[2024-11-23T17:45:36.158+0000] {baseoperator.py:405} WARNING - BranchPythonOperator.execute cannot be called outside TaskInstance!
[2024-11-23T17:45:36.176+0000] {fraud_detection_dag.py:78} INFO - Données récupérées depuis XCom: {"columns":["cc_num","merchant","category","amt","first","last","gender","street","city","state","zip","lat","long","city_pop","job","dob","trans_num","merch_lat","merch_long","is_fraud","current_time"],"index":[100585],"data":[[3583293909206278,"fraud_Stanton, Jakubowski and Baumbach","shopping_net",6.97,"Deborah","Fisher","F","1911 Fisher Brook","Kirtland Afb","NM",87117,35.0203,-106.5503,310,"Surveyor, land\/geomatics","1978-09-30","ee4cf794633819de303b7aea78eedd5f",35.18822,-106.688794,0,1732383929212]]}
[2024-11-23T17:45:36.177+0000] {fraud_detection_dag.py:86} INFO - Données JSON parsées avec succès
[2024-11-23T17:45:36.183+0000] {fraud_detection_dag.py:90} INFO - DataFrame créé avec 1 lignes
[2024-11-23T17:45:36.186+0000] {fraud_detection_dag.py:94} INFO - Colonnes renommées avec succès
[2024-11-23T17:45:36.187+0000] {fraud_detection_dag.py:95} INFO - Colonnes disponibles: ['cc_num', 'merchant', 'category', 'amt', 'first', 'last', 'gender', 'street', 'city', 'state', 'zip', 'lat', 'long', 'city_pop', 'job', 'dob', 'trans_num', 'merch_lat', 'merch_long', 'is_fraud', 'trans_date_trans_time']
[2024-11-23T17:45:36.191+0000] {fraud_detection_dag.py:99} INFO - Conversion de trans_date_trans_time en unix_time réussie
[2024-11-23T17:45:36.254+0000] {fraud_detection_dag.py:108} INFO - Transformation des données...
[2024-11-23T17:45:38.703+0000] {warnings.py:112} WARNING - /home/***/.local/lib/python3.12/site-packages/sklearn/ensemble/_base.py:172: UserWarning: Loky-backed parallel loops cannot be called in a multiprocessing, setting n_jobs=1
  n_jobs = min(effective_n_jobs(n_jobs), n_estimators)

[2024-11-23T17:45:38.773+0000] {warnings.py:112} WARNING - /home/***/.local/lib/python3.12/site-packages/sklearn/ensemble/_base.py:172: UserWarning: Loky-backed parallel loops cannot be called in a multiprocessing, setting n_jobs=1
  n_jobs = min(effective_n_jobs(n_jobs), n_estimators)

[2024-11-23T17:45:38.784+0000] {fraud_detection_dag.py:120} INFO - Prediction de fraude: NORMAL, Probabilité: 36.35%
[2024-11-23T17:45:38.982+0000] {fraud_detection_dag.py:126} INFO - Prédiction: NORMAL (Probabilité: 36.35%)
[2024-11-23T17:45:38.991+0000] {python.py:240} INFO - Done. Returned value was: notify_normal
[2024-11-23T17:45:38.998+0000] {branch.py:38} INFO - Branch into notify_normal
[2024-11-23T17:45:39.004+0000] {skipmixin.py:230} INFO - Following branch ('notify_normal',)
[2024-11-23T17:45:39.124+0000] {skipmixin.py:278} INFO - Skipping tasks [('notify_fraud', -1), ('skip_processing', -1)]
[2024-11-23T17:45:39.369+0000] {taskinstance.py:340} INFO - ::group::Post task execution logs
[2024-11-23T17:45:39.372+0000] {taskinstance.py:352} INFO - Marking task as SUCCESS. dag_id=fraud_detection, task_id=process_transaction, run_id=scheduled__2024-11-23T17:28:00+00:00, execution_date=20241123T172800, start_date=20241123T174535, end_date=20241123T174539
[2024-11-23T17:45:39.441+0000] {local_task_job_runner.py:266} INFO - Task exited with return code 0
[2024-11-23T17:45:39.492+0000] {taskinstance.py:3900} INFO - 1 downstream tasks scheduled from follow-on schedule check
[2024-11-23T17:45:39.514+0000] {local_task_job_runner.py:245} INFO - ::endgroup::
