[2024-11-22T18:43:08.603+0000] {local_task_job_runner.py:123} INFO - ::group::Pre task execution logs
[2024-11-22T18:43:08.686+0000] {taskinstance.py:2612} INFO - Dependencies all met for dep_context=non-requeueable deps ti=<TaskInstance: fraud_detection.load_dependencies scheduled__2024-11-22T18:42:00+00:00 [queued]>
[2024-11-22T18:43:08.753+0000] {taskinstance.py:2612} INFO - Dependencies all met for dep_context=requeueable deps ti=<TaskInstance: fraud_detection.load_dependencies scheduled__2024-11-22T18:42:00+00:00 [queued]>
[2024-11-22T18:43:08.754+0000] {taskinstance.py:2865} INFO - Starting attempt 1 of 2
[2024-11-22T18:43:08.896+0000] {taskinstance.py:2888} INFO - Executing <Task(PythonOperator): load_dependencies> on 2024-11-22 18:42:00+00:00
[2024-11-22T18:43:08.931+0000] {warnings.py:112} WARNING - /home/***/.local/lib/python3.12/site-packages/***/task/task_runner/standard_task_runner.py:70: DeprecationWarning: This process (pid=239) is multi-threaded, use of fork() may lead to deadlocks in the child.
  pid = os.fork()

[2024-11-22T18:43:08.937+0000] {standard_task_runner.py:72} INFO - Started process 248 to run task
[2024-11-22T18:43:08.950+0000] {standard_task_runner.py:104} INFO - Running: ['***', 'tasks', 'run', 'fraud_detection', 'load_dependencies', 'scheduled__2024-11-22T18:42:00+00:00', '--job-id', '371', '--raw', '--subdir', 'DAGS_FOLDER/fraud_detection_dag.py', '--cfg-path', '/tmp/tmpx2pjv7g2']
[2024-11-22T18:43:08.958+0000] {standard_task_runner.py:105} INFO - Job 371: Subtask load_dependencies
[2024-11-22T18:43:09.362+0000] {task_command.py:467} INFO - Running <TaskInstance: fraud_detection.load_dependencies scheduled__2024-11-22T18:42:00+00:00 [running]> on host c6af8dbaf1e5
[2024-11-22T18:43:09.805+0000] {taskinstance.py:3131} INFO - Exporting env vars: AIRFLOW_CTX_DAG_OWNER='fraud_team' AIRFLOW_CTX_DAG_ID='fraud_detection' AIRFLOW_CTX_TASK_ID='load_dependencies' AIRFLOW_CTX_EXECUTION_DATE='2024-11-22T18:42:00+00:00' AIRFLOW_CTX_TRY_NUMBER='1' AIRFLOW_CTX_DAG_RUN_ID='scheduled__2024-11-22T18:42:00+00:00'
[2024-11-22T18:43:09.808+0000] {taskinstance.py:731} INFO - ::endgroup::
[2024-11-22T18:43:09.919+0000] {fraud_detection_dag.py:26} INFO - Chargement des dépendances depuis S3...
[2024-11-22T18:44:14.628+0000] {fraud_detection_dag.py:42} INFO - Modèle chargé avec succès
[2024-11-22T18:44:15.243+0000] {fraud_detection_dag.py:47} INFO - ETL chargé avec succès
[2024-11-22T18:44:15.576+0000] {python.py:240} INFO - Done. Returned value was: True
[2024-11-22T18:44:15.762+0000] {taskinstance.py:340} INFO - ::group::Post task execution logs
[2024-11-22T18:44:15.764+0000] {taskinstance.py:352} INFO - Marking task as SUCCESS. dag_id=fraud_detection, task_id=load_dependencies, run_id=scheduled__2024-11-22T18:42:00+00:00, execution_date=20241122T184200, start_date=20241122T184308, end_date=20241122T184415
[2024-11-22T18:44:15.860+0000] {local_task_job_runner.py:266} INFO - Task exited with return code 0
[2024-11-22T18:44:16.063+0000] {taskinstance.py:3900} INFO - 1 downstream tasks scheduled from follow-on schedule check
[2024-11-22T18:44:16.115+0000] {local_task_job_runner.py:245} INFO - ::endgroup::
