[2024-11-23T16:58:11.639+0000] {local_task_job_runner.py:123} INFO - ::group::Pre task execution logs
[2024-11-23T16:58:11.751+0000] {taskinstance.py:2612} INFO - Dependencies all met for dep_context=non-requeueable deps ti=<TaskInstance: fraud_detection.process_transaction manual__2024-11-23T16:56:59.258376+00:00 [queued]>
[2024-11-23T16:58:11.800+0000] {taskinstance.py:2612} INFO - Dependencies all met for dep_context=requeueable deps ti=<TaskInstance: fraud_detection.process_transaction manual__2024-11-23T16:56:59.258376+00:00 [queued]>
[2024-11-23T16:58:11.804+0000] {taskinstance.py:2865} INFO - Starting attempt 1 of 2
[2024-11-23T16:58:11.891+0000] {taskinstance.py:2888} INFO - Executing <Task(BranchPythonOperator): process_transaction> on 2024-11-23 16:56:59.258376+00:00
[2024-11-23T16:58:11.926+0000] {warnings.py:112} WARNING - /home/***/.local/lib/python3.12/site-packages/***/task/task_runner/standard_task_runner.py:70: DeprecationWarning: This process (pid=604) is multi-threaded, use of fork() may lead to deadlocks in the child.
  pid = os.fork()

[2024-11-23T16:58:11.929+0000] {standard_task_runner.py:72} INFO - Started process 615 to run task
[2024-11-23T16:58:11.931+0000] {standard_task_runner.py:104} INFO - Running: ['***', 'tasks', 'run', 'fraud_detection', 'process_transaction', 'manual__2024-11-23T16:56:59.258376+00:00', '--job-id', '63', '--raw', '--subdir', 'DAGS_FOLDER/fraud_detection_dag.py', '--cfg-path', '/tmp/tmpbsr30ih5']
[2024-11-23T16:58:11.951+0000] {standard_task_runner.py:105} INFO - Job 63: Subtask process_transaction
[2024-11-23T16:58:12.213+0000] {task_command.py:467} INFO - Running <TaskInstance: fraud_detection.process_transaction manual__2024-11-23T16:56:59.258376+00:00 [running]> on host 345e92ff26bf
[2024-11-23T16:58:12.701+0000] {taskinstance.py:3131} INFO - Exporting env vars: AIRFLOW_CTX_DAG_OWNER='fraud_team' AIRFLOW_CTX_DAG_ID='fraud_detection' AIRFLOW_CTX_TASK_ID='process_transaction' AIRFLOW_CTX_EXECUTION_DATE='2024-11-23T16:56:59.258376+00:00' AIRFLOW_CTX_TRY_NUMBER='1' AIRFLOW_CTX_DAG_RUN_ID='manual__2024-11-23T16:56:59.258376+00:00'
[2024-11-23T16:58:12.706+0000] {taskinstance.py:731} INFO - ::endgroup::
[2024-11-23T16:58:12.857+0000] {baseoperator.py:405} WARNING - BranchPythonOperator.execute cannot be called outside TaskInstance!
[2024-11-23T16:58:12.921+0000] {fraud_detection_dag.py:78} INFO - Données récupérées depuis XCom: {"columns":["cc_num","merchant","category","amt","first","last","gender","street","city","state","zip","lat","long","city_pop","job","dob","trans_num","merch_lat","merch_long","is_fraud","current_time"],"index":[334594],"data":[[3565996340207976,"fraud_Kunze Inc","grocery_pos",54.67,"Warren","Daniels","M","23656 Harris Gardens Suite 698","El Paso","TX",79906,31.8092,-106.4247,749635,"Market researcher","1973-01-21","b7f4af2d8dbf817393b9bd4d5c5da94e",32.331659,-106.132522,0,1732381084442]]}
[2024-11-23T16:58:12.923+0000] {fraud_detection_dag.py:86} INFO - Données JSON parsées avec succès
[2024-11-23T16:58:12.939+0000] {fraud_detection_dag.py:90} INFO - DataFrame créé avec 1 lignes
[2024-11-23T16:58:12.944+0000] {fraud_detection_dag.py:94} INFO - Colonnes renommées avec succès
[2024-11-23T16:58:12.945+0000] {fraud_detection_dag.py:95} INFO - Colonnes disponibles: ['cc_num', 'merchant', 'category', 'amt', 'first', 'last', 'gender', 'street', 'city', 'state', 'zip', 'lat', 'long', 'city_pop', 'job', 'dob', 'trans_num', 'merch_lat', 'merch_long', 'is_fraud', 'trans_date_trans_time']
[2024-11-23T16:58:12.951+0000] {fraud_detection_dag.py:99} INFO - Conversion de trans_date_trans_time en unix_time réussie
[2024-11-23T16:58:13.129+0000] {fraud_detection_dag.py:108} INFO - Transformation des données...
[2024-11-23T16:58:15.710+0000] {warnings.py:112} WARNING - /home/***/.local/lib/python3.12/site-packages/sklearn/ensemble/_base.py:172: UserWarning: Loky-backed parallel loops cannot be called in a multiprocessing, setting n_jobs=1
  n_jobs = min(effective_n_jobs(n_jobs), n_estimators)

[2024-11-23T16:58:15.745+0000] {warnings.py:112} WARNING - /home/***/.local/lib/python3.12/site-packages/sklearn/ensemble/_base.py:172: UserWarning: Loky-backed parallel loops cannot be called in a multiprocessing, setting n_jobs=1
  n_jobs = min(effective_n_jobs(n_jobs), n_estimators)

[2024-11-23T16:58:15.775+0000] {fraud_detection_dag.py:120} INFO - Prediction de fraude: NORMAL, Probabilité: 39.09%
[2024-11-23T16:58:16.064+0000] {fraud_detection_dag.py:126} INFO - Prédiction: NORMAL (Probabilité: 39.09%)
[2024-11-23T16:58:16.066+0000] {python.py:240} INFO - Done. Returned value was: notify_normal
[2024-11-23T16:58:16.067+0000] {branch.py:38} INFO - Branch into notify_normal
[2024-11-23T16:58:16.068+0000] {skipmixin.py:230} INFO - Following branch ('notify_normal',)
[2024-11-23T16:58:16.132+0000] {skipmixin.py:278} INFO - Skipping tasks [('notify_fraud', -1), ('skip_processing', -1)]
[2024-11-23T16:58:16.417+0000] {taskinstance.py:340} INFO - ::group::Post task execution logs
[2024-11-23T16:58:16.418+0000] {taskinstance.py:352} INFO - Marking task as SUCCESS. dag_id=fraud_detection, task_id=process_transaction, run_id=manual__2024-11-23T16:56:59.258376+00:00, execution_date=20241123T165659, start_date=20241123T165811, end_date=20241123T165816
[2024-11-23T16:58:16.577+0000] {local_task_job_runner.py:266} INFO - Task exited with return code 0
[2024-11-23T16:58:16.912+0000] {taskinstance.py:3900} INFO - 1 downstream tasks scheduled from follow-on schedule check
[2024-11-23T16:58:16.948+0000] {standard_task_runner.py:217} INFO - Process not found (most likely exited), stop collecting metrics
[2024-11-23T16:58:16.955+0000] {local_task_job_runner.py:245} INFO - ::endgroup::
