[2024-11-24T15:17:46.626+0000] {local_task_job_runner.py:123} INFO - ::group::Pre task execution logs
[2024-11-24T15:17:46.688+0000] {taskinstance.py:2612} INFO - Dependencies all met for dep_context=non-requeueable deps ti=<TaskInstance: fraud_detection.notify_normal manual__2024-11-24T15:16:32.852927+00:00 [queued]>
[2024-11-24T15:17:46.715+0000] {taskinstance.py:2612} INFO - Dependencies all met for dep_context=requeueable deps ti=<TaskInstance: fraud_detection.notify_normal manual__2024-11-24T15:16:32.852927+00:00 [queued]>
[2024-11-24T15:17:46.717+0000] {taskinstance.py:2865} INFO - Starting attempt 1 of 2
[2024-11-24T15:17:46.752+0000] {taskinstance.py:2888} INFO - Executing <Task(PythonOperator): notify_normal> on 2024-11-24 15:16:32.852927+00:00
[2024-11-24T15:17:46.772+0000] {warnings.py:112} WARNING - /home/***/.local/lib/python3.12/site-packages/***/task/task_runner/standard_task_runner.py:70: DeprecationWarning: This process (pid=816) is multi-threaded, use of fork() may lead to deadlocks in the child.
  pid = os.fork()

[2024-11-24T15:17:46.775+0000] {standard_task_runner.py:72} INFO - Started process 830 to run task
[2024-11-24T15:17:46.776+0000] {standard_task_runner.py:104} INFO - Running: ['***', 'tasks', 'run', 'fraud_detection', 'notify_normal', 'manual__2024-11-24T15:16:32.852927+00:00', '--job-id', '584', '--raw', '--subdir', 'DAGS_FOLDER/fraud_detection_dag.py', '--cfg-path', '/tmp/tmp5qawrnlt']
[2024-11-24T15:17:46.786+0000] {standard_task_runner.py:105} INFO - Job 584: Subtask notify_normal
[2024-11-24T15:17:46.886+0000] {task_command.py:467} INFO - Running <TaskInstance: fraud_detection.notify_normal manual__2024-11-24T15:16:32.852927+00:00 [running]> on host 345e92ff26bf
[2024-11-24T15:17:47.116+0000] {taskinstance.py:3131} INFO - Exporting env vars: AIRFLOW_CTX_DAG_OWNER='fraud_team' AIRFLOW_CTX_DAG_ID='fraud_detection' AIRFLOW_CTX_TASK_ID='notify_normal' AIRFLOW_CTX_EXECUTION_DATE='2024-11-24T15:16:32.852927+00:00' AIRFLOW_CTX_TRY_NUMBER='1' AIRFLOW_CTX_DAG_RUN_ID='manual__2024-11-24T15:16:32.852927+00:00'
[2024-11-24T15:17:47.121+0000] {taskinstance.py:731} INFO - ::endgroup::
[2024-11-24T15:17:47.238+0000] {fraud_detection_dag.py:144} INFO - Données de transaction récupérées: {"columns":["cc_num","merchant","category","amt","first","last","gender","street","city","state","zip","lat","long","city_pop","job","dob","trans_num","merch_lat","merch_long","is_fraud","current_time"],"index":[8493],"data":[[377993105397617,"fraud_Kunze, Larkin and Mayert","travel",1.12,"Nathan","Martinez","M","586 Thomas Cliffs","Oconto Falls","WI",54154,44.8755,-88.1555,5548,"Mining engineer","1975-09-11","dc7f0974fac6e225435e85abe8699b56",44.615643,-88.977619,0,1732461448391]]}
[2024-11-24T15:17:47.241+0000] {fraud_detection_dag.py:145} INFO - Probabilité de fraude: 0.3799809903831593
[2024-11-24T15:17:47.242+0000] {fraud_detection_dag.py:146} INFO - Est une fraude: False
[2024-11-24T15:17:47.260+0000] {fraud_detection_dag.py:206} INFO - Tentative d'envoi d'email normale...
[2024-11-24T15:17:47.261+0000] {fraud_detection_dag.py:207} INFO - Contenu de l'email:

        ✅ Transaction NORMALE détectée!
        
        Statut: Vert
        Probabilité de fraude: 38.00%
        
        Détails de la transaction:
        --------------------------
        ID Transaction: dc7f0974fac6e225435e85abe8699b56
        Montant: 1.12€
        Date/Heure: 2024-11-24 15:17:28
        
        Informations sur le marchand:
        ----------------------------
        Nom: fraud_Kunze, Larkin and Mayert
        Ville: Oconto Falls
        État: WI
        
        Informations sur le client:
        --------------------------
        Nom: Nathan Martinez
        Ville: Oconto Falls
        
        Cette notification a été générée automatiquement par le système de détection de fraude.
        
[2024-11-24T15:17:50.959+0000] {fraud_detection_dag.py:217} INFO - Email envoyé avec succès
[2024-11-24T15:17:50.962+0000] {python.py:240} INFO - Done. Returned value was: store_normal
[2024-11-24T15:17:51.127+0000] {taskinstance.py:340} INFO - ::group::Post task execution logs
[2024-11-24T15:17:51.129+0000] {taskinstance.py:352} INFO - Marking task as SUCCESS. dag_id=fraud_detection, task_id=notify_normal, run_id=manual__2024-11-24T15:16:32.852927+00:00, execution_date=20241124T151632, start_date=20241124T151746, end_date=20241124T151751
[2024-11-24T15:17:51.216+0000] {local_task_job_runner.py:266} INFO - Task exited with return code 0
[2024-11-24T15:17:51.276+0000] {taskinstance.py:3900} INFO - 1 downstream tasks scheduled from follow-on schedule check
[2024-11-24T15:17:51.285+0000] {local_task_job_runner.py:245} INFO - ::endgroup::
