[2024-11-24T15:16:18.450+0000] {local_task_job_runner.py:123} INFO - ::group::Pre task execution logs
[2024-11-24T15:16:18.657+0000] {taskinstance.py:2612} INFO - Dependencies all met for dep_context=non-requeueable deps ti=<TaskInstance: fraud_detection.log_to_mlflow scheduled__2024-11-24T15:12:00+00:00 [queued]>
[2024-11-24T15:16:18.889+0000] {taskinstance.py:2612} INFO - Dependencies all met for dep_context=requeueable deps ti=<TaskInstance: fraud_detection.log_to_mlflow scheduled__2024-11-24T15:12:00+00:00 [queued]>
[2024-11-24T15:16:18.890+0000] {taskinstance.py:2865} INFO - Starting attempt 2 of 2
[2024-11-24T15:16:19.052+0000] {taskinstance.py:2888} INFO - Executing <Task(PythonOperator): log_to_mlflow> on 2024-11-24 15:12:00+00:00
[2024-11-24T15:16:19.109+0000] {warnings.py:112} WARNING - /home/***/.local/lib/python3.12/site-packages/***/task/task_runner/standard_task_runner.py:70: DeprecationWarning: This process (pid=689) is multi-threaded, use of fork() may lead to deadlocks in the child.
  pid = os.fork()

[2024-11-24T15:16:19.132+0000] {standard_task_runner.py:72} INFO - Started process 706 to run task
[2024-11-24T15:16:19.140+0000] {standard_task_runner.py:104} INFO - Running: ['***', 'tasks', 'run', 'fraud_detection', 'log_to_mlflow', 'scheduled__2024-11-24T15:12:00+00:00', '--job-id', '572', '--raw', '--subdir', 'DAGS_FOLDER/fraud_detection_dag.py', '--cfg-path', '/tmp/tmpas6u6i58']
[2024-11-24T15:16:19.162+0000] {standard_task_runner.py:105} INFO - Job 572: Subtask log_to_mlflow
[2024-11-24T15:16:19.670+0000] {task_command.py:467} INFO - Running <TaskInstance: fraud_detection.log_to_mlflow scheduled__2024-11-24T15:12:00+00:00 [running]> on host 345e92ff26bf
[2024-11-24T15:16:20.556+0000] {taskinstance.py:3131} INFO - Exporting env vars: AIRFLOW_CTX_DAG_OWNER='fraud_team' AIRFLOW_CTX_DAG_ID='fraud_detection' AIRFLOW_CTX_TASK_ID='log_to_mlflow' AIRFLOW_CTX_EXECUTION_DATE='2024-11-24T15:12:00+00:00' AIRFLOW_CTX_TRY_NUMBER='2' AIRFLOW_CTX_DAG_RUN_ID='scheduled__2024-11-24T15:12:00+00:00'
[2024-11-24T15:16:20.560+0000] {taskinstance.py:731} INFO - ::endgroup::
[2024-11-24T15:16:29.760+0000] {fraud_detection_dag.py:359} INFO - Run existant détecté : 296fac84cd8943cd931164f477864b8c. Suppression...
[2024-11-24T15:16:32.590+0000] {fraud_detection_dag.py:366} INFO - Suppression des artefacts existants dans le bucket fraud-detection-bucket-jedha au préfixe mlartifacts/model/...
[2024-11-24T15:16:34.313+0000] {fraud_detection_dag.py:377} INFO - Aucun artefact à supprimer.
[2024-11-24T15:16:34.314+0000] {fraud_detection_dag.py:380} INFO - Création d'un nouveau run avec le nom fraud_detection_fixed_run.
[2024-11-24T15:16:34.587+0000] {logging_mixin.py:190} WARNING - 2024/11/24 15:16:34 WARNING mlflow.utils.git_utils: Failed to import Git (the Git executable is probably not on your PATH), so Git SHA is not available. Error: Failed to initialize: Bad git executable.
The git executable must be specified in one of the following ways:
    - be included in your $PATH
    - be set via $GIT_PYTHON_GIT_EXECUTABLE
    - explicitly set via git.refresh(<full-path-to-git-executable>)

All git commands will error until this is rectified.

This initial message can be silenced or aggravated in the future by setting the
$GIT_PYTHON_REFRESH environment variable. Use one of the following values:
    - quiet|q|silence|s|silent|none|n|0: for no message or exception
    - warn|w|warning|log|l|1: for a warning message (logging level CRITICAL, displayed by default)
    - error|e|exception|raise|r|2: for a raised exception

Example:
    export GIT_PYTHON_REFRESH=quiet
[2024-11-24T15:16:48.816+0000] {credentials.py:1147} INFO - Found credentials in environment variables.
[2024-11-24T15:17:23.325+0000] {fraud_detection_dag.py:395} INFO - Expérimentation loguée avec succès en écrasant les précédentes.
[2024-11-24T15:17:23.428+0000] {python.py:240} INFO - Done. Returned value was: None
[2024-11-24T15:17:23.612+0000] {taskinstance.py:340} INFO - ::group::Post task execution logs
[2024-11-24T15:17:23.623+0000] {taskinstance.py:352} INFO - Marking task as SUCCESS. dag_id=fraud_detection, task_id=log_to_mlflow, run_id=scheduled__2024-11-24T15:12:00+00:00, execution_date=20241124T151200, start_date=20241124T151618, end_date=20241124T151723
[2024-11-24T15:17:23.940+0000] {local_task_job_runner.py:266} INFO - Task exited with return code 0
[2024-11-24T15:17:24.191+0000] {standard_task_runner.py:217} INFO - Process not found (most likely exited), stop collecting metrics
[2024-11-24T15:17:24.340+0000] {local_task_job_runner.py:245} INFO - ::endgroup::
