[2024-11-23T18:03:28.986+0000] {local_task_job_runner.py:123} INFO - ::group::Pre task execution logs
[2024-11-23T18:03:29.039+0000] {taskinstance.py:2612} INFO - Dependencies all met for dep_context=non-requeueable deps ti=<TaskInstance: fraud_detection.process_transaction manual__2024-11-23T18:02:39.109763+00:00 [queued]>
[2024-11-23T18:03:29.064+0000] {taskinstance.py:2612} INFO - Dependencies all met for dep_context=requeueable deps ti=<TaskInstance: fraud_detection.process_transaction manual__2024-11-23T18:02:39.109763+00:00 [queued]>
[2024-11-23T18:03:29.065+0000] {taskinstance.py:2865} INFO - Starting attempt 1 of 2
[2024-11-23T18:03:29.100+0000] {taskinstance.py:2888} INFO - Executing <Task(BranchPythonOperator): process_transaction> on 2024-11-23 18:02:39.109763+00:00
[2024-11-23T18:03:29.124+0000] {warnings.py:112} WARNING - /home/***/.local/lib/python3.12/site-packages/***/task/task_runner/standard_task_runner.py:70: DeprecationWarning: This process (pid=4127) is multi-threaded, use of fork() may lead to deadlocks in the child.
  pid = os.fork()

[2024-11-23T18:03:29.128+0000] {standard_task_runner.py:72} INFO - Started process 4137 to run task
[2024-11-23T18:03:29.137+0000] {standard_task_runner.py:104} INFO - Running: ['***', 'tasks', 'run', 'fraud_detection', 'process_transaction', 'manual__2024-11-23T18:02:39.109763+00:00', '--job-id', '407', '--raw', '--subdir', 'DAGS_FOLDER/fraud_detection_dag.py', '--cfg-path', '/tmp/tmpquiz_vvp']
[2024-11-23T18:03:29.142+0000] {standard_task_runner.py:105} INFO - Job 407: Subtask process_transaction
[2024-11-23T18:03:29.258+0000] {task_command.py:467} INFO - Running <TaskInstance: fraud_detection.process_transaction manual__2024-11-23T18:02:39.109763+00:00 [running]> on host 345e92ff26bf
[2024-11-23T18:03:29.443+0000] {taskinstance.py:3131} INFO - Exporting env vars: AIRFLOW_CTX_DAG_OWNER='fraud_team' AIRFLOW_CTX_DAG_ID='fraud_detection' AIRFLOW_CTX_TASK_ID='process_transaction' AIRFLOW_CTX_EXECUTION_DATE='2024-11-23T18:02:39.109763+00:00' AIRFLOW_CTX_TRY_NUMBER='1' AIRFLOW_CTX_DAG_RUN_ID='manual__2024-11-23T18:02:39.109763+00:00'
[2024-11-23T18:03:29.447+0000] {taskinstance.py:731} INFO - ::endgroup::
[2024-11-23T18:03:29.474+0000] {baseoperator.py:405} WARNING - BranchPythonOperator.execute cannot be called outside TaskInstance!
[2024-11-23T18:03:29.504+0000] {fraud_detection_dag.py:78} INFO - Données récupérées depuis XCom: {"columns":["cc_num","merchant","category","amt","first","last","gender","street","city","state","zip","lat","long","city_pop","job","dob","trans_num","merch_lat","merch_long","is_fraud","current_time"],"index":[509459],"data":[[3502377050801561,"fraud_Schroeder Group","health_fitness",13.8,"Kathleen","Martin","F","659 Nicole Cove Suite 560","New Waverly","TX",77358,30.5354,-95.4532,4993,"Scientist, biomedical","1948-11-30","cc892ca417b6e1f1fb126cb25ec185e4",30.924265,-95.018817,0,1732385004258]]}
[2024-11-23T18:03:29.505+0000] {fraud_detection_dag.py:86} INFO - Données JSON parsées avec succès
[2024-11-23T18:03:29.511+0000] {fraud_detection_dag.py:90} INFO - DataFrame créé avec 1 lignes
[2024-11-23T18:03:29.514+0000] {fraud_detection_dag.py:94} INFO - Colonnes renommées avec succès
[2024-11-23T18:03:29.515+0000] {fraud_detection_dag.py:95} INFO - Colonnes disponibles: ['cc_num', 'merchant', 'category', 'amt', 'first', 'last', 'gender', 'street', 'city', 'state', 'zip', 'lat', 'long', 'city_pop', 'job', 'dob', 'trans_num', 'merch_lat', 'merch_long', 'is_fraud', 'trans_date_trans_time']
[2024-11-23T18:03:29.519+0000] {fraud_detection_dag.py:99} INFO - Conversion de trans_date_trans_time en unix_time réussie
[2024-11-23T18:03:29.582+0000] {fraud_detection_dag.py:108} INFO - Transformation des données...
[2024-11-23T18:03:31.336+0000] {warnings.py:112} WARNING - /home/***/.local/lib/python3.12/site-packages/sklearn/ensemble/_base.py:172: UserWarning: Loky-backed parallel loops cannot be called in a multiprocessing, setting n_jobs=1
  n_jobs = min(effective_n_jobs(n_jobs), n_estimators)

[2024-11-23T18:03:31.352+0000] {warnings.py:112} WARNING - /home/***/.local/lib/python3.12/site-packages/sklearn/ensemble/_base.py:172: UserWarning: Loky-backed parallel loops cannot be called in a multiprocessing, setting n_jobs=1
  n_jobs = min(effective_n_jobs(n_jobs), n_estimators)

[2024-11-23T18:03:31.364+0000] {fraud_detection_dag.py:120} INFO - Prediction de fraude: NORMAL, Probabilité: 34.93%
[2024-11-23T18:03:31.581+0000] {fraud_detection_dag.py:126} INFO - Prédiction: NORMAL (Probabilité: 34.93%)
[2024-11-23T18:03:31.583+0000] {python.py:240} INFO - Done. Returned value was: notify_normal
[2024-11-23T18:03:31.585+0000] {branch.py:38} INFO - Branch into notify_normal
[2024-11-23T18:03:31.588+0000] {skipmixin.py:230} INFO - Following branch ('notify_normal',)
[2024-11-23T18:03:31.616+0000] {skipmixin.py:278} INFO - Skipping tasks [('notify_fraud', -1), ('skip_processing', -1)]
[2024-11-23T18:03:31.722+0000] {taskinstance.py:340} INFO - ::group::Post task execution logs
[2024-11-23T18:03:31.726+0000] {taskinstance.py:352} INFO - Marking task as SUCCESS. dag_id=fraud_detection, task_id=process_transaction, run_id=manual__2024-11-23T18:02:39.109763+00:00, execution_date=20241123T180239, start_date=20241123T180329, end_date=20241123T180331
[2024-11-23T18:03:31.834+0000] {local_task_job_runner.py:266} INFO - Task exited with return code 0
[2024-11-23T18:03:31.952+0000] {taskinstance.py:3900} INFO - 1 downstream tasks scheduled from follow-on schedule check
[2024-11-23T18:03:31.964+0000] {local_task_job_runner.py:245} INFO - ::endgroup::
