[2024-11-22T18:57:45.729+0000] {local_task_job_runner.py:123} INFO - ::group::Pre task execution logs
[2024-11-22T18:57:45.795+0000] {taskinstance.py:2612} INFO - Dependencies all met for dep_context=non-requeueable deps ti=<TaskInstance: fraud_detection.notify_normal scheduled__2024-11-22T18:56:00+00:00 [queued]>
[2024-11-22T18:57:45.846+0000] {taskinstance.py:2612} INFO - Dependencies all met for dep_context=requeueable deps ti=<TaskInstance: fraud_detection.notify_normal scheduled__2024-11-22T18:56:00+00:00 [queued]>
[2024-11-22T18:57:45.847+0000] {taskinstance.py:2865} INFO - Starting attempt 1 of 2
[2024-11-22T18:57:45.902+0000] {taskinstance.py:2888} INFO - Executing <Task(PythonOperator): notify_normal> on 2024-11-22 18:56:00+00:00
[2024-11-22T18:57:45.932+0000] {warnings.py:112} WARNING - /home/***/.local/lib/python3.12/site-packages/***/task/task_runner/standard_task_runner.py:70: DeprecationWarning: This process (pid=805) is multi-threaded, use of fork() may lead to deadlocks in the child.
  pid = os.fork()

[2024-11-22T18:57:45.934+0000] {standard_task_runner.py:72} INFO - Started process 807 to run task
[2024-11-22T18:57:45.955+0000] {standard_task_runner.py:104} INFO - Running: ['***', 'tasks', 'run', 'fraud_detection', 'notify_normal', 'scheduled__2024-11-22T18:56:00+00:00', '--job-id', '448', '--raw', '--subdir', 'DAGS_FOLDER/fraud_detection_dag.py', '--cfg-path', '/tmp/tmp_qcyxkt4']
[2024-11-22T18:57:45.959+0000] {standard_task_runner.py:105} INFO - Job 448: Subtask notify_normal
[2024-11-22T18:57:46.135+0000] {task_command.py:467} INFO - Running <TaskInstance: fraud_detection.notify_normal scheduled__2024-11-22T18:56:00+00:00 [running]> on host c6af8dbaf1e5
[2024-11-22T18:57:46.410+0000] {taskinstance.py:3131} INFO - Exporting env vars: AIRFLOW_CTX_DAG_OWNER='fraud_team' AIRFLOW_CTX_DAG_ID='fraud_detection' AIRFLOW_CTX_TASK_ID='notify_normal' AIRFLOW_CTX_EXECUTION_DATE='2024-11-22T18:56:00+00:00' AIRFLOW_CTX_TRY_NUMBER='1' AIRFLOW_CTX_DAG_RUN_ID='scheduled__2024-11-22T18:56:00+00:00'
[2024-11-22T18:57:46.415+0000] {taskinstance.py:731} INFO - ::endgroup::
[2024-11-22T18:57:46.638+0000] {fraud_detection_dag.py:218} INFO - Données de transaction récupérées: {"columns":["cc_num","merchant","category","amt","first","last","gender","street","city","state","zip","lat","long","city_pop","job","dob","trans_num","merch_lat","merch_long","is_fraud","current_time"],"index":[433180],"data":[[567868110212,"fraud_Gislason Group","misc_pos",89.56,"Dawn","Tucker","F","789 Herring Manors","Houston","TX",77007,29.7736,-95.4034,2906700,"Copywriter, advertising","1984-12-16","0d747fe8aad689dc30143aad56019122",29.450457,-96.00827,0,1732301856558]]}
[2024-11-22T18:57:46.638+0000] {fraud_detection_dag.py:219} INFO - Probabilité de fraude: 0.28797689361507867
[2024-11-22T18:57:46.639+0000] {fraud_detection_dag.py:220} INFO - Est une fraude: False
[2024-11-22T18:57:46.646+0000] {fraud_detection_dag.py:280} INFO - Tentative d'envoi d'email normale...
[2024-11-22T18:57:46.647+0000] {fraud_detection_dag.py:281} INFO - Contenu de l'email:

        ✅ Transaction NORMALE détectée!
        
        Statut: Vert
        Probabilité de fraude: 28.80%
        
        Détails de la transaction:
        --------------------------
        ID Transaction: 0d747fe8aad689dc30143aad56019122
        Montant: 89.56€
        Date/Heure: 2024-11-22 18:57:36
        
        Informations sur le marchand:
        ----------------------------
        Nom: fraud_Gislason Group
        Ville: Houston
        État: TX
        
        Informations sur le client:
        --------------------------
        Nom: Dawn Tucker
        Ville: Houston
        
        Cette notification a été générée automatiquement par le système de détection de fraude.
        
[2024-11-22T18:57:48.941+0000] {fraud_detection_dag.py:291} INFO - Email envoyé avec succès
[2024-11-22T18:57:48.942+0000] {python.py:240} INFO - Done. Returned value was: store_normal
[2024-11-22T18:57:49.037+0000] {taskinstance.py:340} INFO - ::group::Post task execution logs
[2024-11-22T18:57:49.038+0000] {taskinstance.py:352} INFO - Marking task as SUCCESS. dag_id=fraud_detection, task_id=notify_normal, run_id=scheduled__2024-11-22T18:56:00+00:00, execution_date=20241122T185600, start_date=20241122T185745, end_date=20241122T185749
[2024-11-22T18:57:49.102+0000] {local_task_job_runner.py:266} INFO - Task exited with return code 0
[2024-11-22T18:57:49.167+0000] {taskinstance.py:3900} INFO - 1 downstream tasks scheduled from follow-on schedule check
[2024-11-22T18:57:49.173+0000] {local_task_job_runner.py:245} INFO - ::endgroup::
