[2024-11-08T18:38:00.493+0000] {local_task_job_runner.py:123} INFO - ::group::Pre task execution logs
[2024-11-08T18:38:00.532+0000] {taskinstance.py:2612} INFO - Dependencies all met for dep_context=non-requeueable deps ti=<TaskInstance: fraud_detection.notify_normal scheduled__2024-11-08T18:36:00+00:00 [queued]>
[2024-11-08T18:38:00.551+0000] {taskinstance.py:2612} INFO - Dependencies all met for dep_context=requeueable deps ti=<TaskInstance: fraud_detection.notify_normal scheduled__2024-11-08T18:36:00+00:00 [queued]>
[2024-11-08T18:38:00.552+0000] {taskinstance.py:2865} INFO - Starting attempt 1 of 2
[2024-11-08T18:38:00.589+0000] {taskinstance.py:2888} INFO - Executing <Task(PythonOperator): notify_normal> on 2024-11-08 18:36:00+00:00
[2024-11-08T18:38:00.611+0000] {warnings.py:112} WARNING - /home/***/.local/lib/python3.12/site-packages/***/task/task_runner/standard_task_runner.py:70: DeprecationWarning: This process (pid=1771) is multi-threaded, use of fork() may lead to deadlocks in the child.
  pid = os.fork()

[2024-11-08T18:38:00.613+0000] {standard_task_runner.py:72} INFO - Started process 1773 to run task
[2024-11-08T18:38:00.617+0000] {standard_task_runner.py:104} INFO - Running: ['***', 'tasks', 'run', 'fraud_detection', 'notify_normal', 'scheduled__2024-11-08T18:36:00+00:00', '--job-id', '320', '--raw', '--subdir', 'DAGS_FOLDER/fraud_detection_dag.py', '--cfg-path', '/tmp/tmpdt7l8n2u']
[2024-11-08T18:38:00.640+0000] {standard_task_runner.py:105} INFO - Job 320: Subtask notify_normal
[2024-11-08T18:38:00.809+0000] {task_command.py:467} INFO - Running <TaskInstance: fraud_detection.notify_normal scheduled__2024-11-08T18:36:00+00:00 [running]> on host 641085defe8e
[2024-11-08T18:38:01.012+0000] {taskinstance.py:3131} INFO - Exporting env vars: AIRFLOW_CTX_DAG_OWNER='fraud_team' AIRFLOW_CTX_DAG_ID='fraud_detection' AIRFLOW_CTX_TASK_ID='notify_normal' AIRFLOW_CTX_EXECUTION_DATE='2024-11-08T18:36:00+00:00' AIRFLOW_CTX_TRY_NUMBER='1' AIRFLOW_CTX_DAG_RUN_ID='scheduled__2024-11-08T18:36:00+00:00'
[2024-11-08T18:38:01.014+0000] {taskinstance.py:731} INFO - ::endgroup::
[2024-11-08T18:38:01.143+0000] {fraud_detection_dag.py:218} INFO - Données de transaction récupérées: {"columns":["cc_num","merchant","category","amt","first","last","gender","street","city","state","zip","lat","long","city_pop","job","dob","trans_num","merch_lat","merch_long","is_fraud","current_time"],"index":[180033],"data":[[4302480582202074,"fraud_Zulauf LLC","personal_care",27.08,"David","Rodriguez","M","821 Solis Points","Muskegon","MI",49440,43.2326,-86.2492,128715,"Historic buildings inspector\/conservation officer","1995-05-25","f56b3863bfc0079484a98734a5c3513a",43.800954,-87.066672,0,1731091071098]]}
[2024-11-08T18:38:01.149+0000] {fraud_detection_dag.py:219} INFO - Probabilité de fraude: 0.2978516193070559
[2024-11-08T18:38:01.154+0000] {fraud_detection_dag.py:220} INFO - Est une fraude: False
[2024-11-08T18:38:01.165+0000] {fraud_detection_dag.py:280} INFO - Tentative d'envoi d'email normale...
[2024-11-08T18:38:01.166+0000] {fraud_detection_dag.py:281} INFO - Contenu de l'email:

        ✅ Transaction NORMALE détectée!
        
        Statut: Vert
        Probabilité de fraude: 29.79%
        
        Détails de la transaction:
        --------------------------
        ID Transaction: f56b3863bfc0079484a98734a5c3513a
        Montant: 27.08€
        Date/Heure: 2024-11-08 18:37:51
        
        Informations sur le marchand:
        ----------------------------
        Nom: fraud_Zulauf LLC
        Ville: Muskegon
        État: MI
        
        Informations sur le client:
        --------------------------
        Nom: David Rodriguez
        Ville: Muskegon
        
        Cette notification a été générée automatiquement par le système de détection de fraude.
        
[2024-11-08T18:38:04.771+0000] {fraud_detection_dag.py:291} INFO - Email envoyé avec succès
[2024-11-08T18:38:04.776+0000] {python.py:240} INFO - Done. Returned value was: store_normal
[2024-11-08T18:38:04.979+0000] {taskinstance.py:340} INFO - ::group::Post task execution logs
[2024-11-08T18:38:04.980+0000] {taskinstance.py:352} INFO - Marking task as SUCCESS. dag_id=fraud_detection, task_id=notify_normal, run_id=scheduled__2024-11-08T18:36:00+00:00, execution_date=20241108T183600, start_date=20241108T183800, end_date=20241108T183804
[2024-11-08T18:38:05.115+0000] {local_task_job_runner.py:266} INFO - Task exited with return code 0
[2024-11-08T18:38:05.210+0000] {taskinstance.py:3900} INFO - 1 downstream tasks scheduled from follow-on schedule check
[2024-11-08T18:38:05.216+0000] {local_task_job_runner.py:245} INFO - ::endgroup::
