[2024-11-22T18:53:26.630+0000] {local_task_job_runner.py:123} INFO - ::group::Pre task execution logs
[2024-11-22T18:53:26.672+0000] {taskinstance.py:2612} INFO - Dependencies all met for dep_context=non-requeueable deps ti=<TaskInstance: fraud_detection.process_transaction scheduled__2024-11-22T18:51:00+00:00 [queued]>
[2024-11-22T18:53:26.695+0000] {taskinstance.py:2612} INFO - Dependencies all met for dep_context=requeueable deps ti=<TaskInstance: fraud_detection.process_transaction scheduled__2024-11-22T18:51:00+00:00 [queued]>
[2024-11-22T18:53:26.697+0000] {taskinstance.py:2865} INFO - Starting attempt 1 of 2
[2024-11-22T18:53:26.738+0000] {taskinstance.py:2888} INFO - Executing <Task(BranchPythonOperator): process_transaction> on 2024-11-22 18:51:00+00:00
[2024-11-22T18:53:26.767+0000] {warnings.py:112} WARNING - /home/***/.local/lib/python3.12/site-packages/***/task/task_runner/standard_task_runner.py:70: DeprecationWarning: This process (pid=623) is multi-threaded, use of fork() may lead to deadlocks in the child.
  pid = os.fork()

[2024-11-22T18:53:26.772+0000] {standard_task_runner.py:72} INFO - Started process 625 to run task
[2024-11-22T18:53:26.768+0000] {standard_task_runner.py:104} INFO - Running: ['***', 'tasks', 'run', 'fraud_detection', 'process_transaction', 'scheduled__2024-11-22T18:51:00+00:00', '--job-id', '423', '--raw', '--subdir', 'DAGS_FOLDER/fraud_detection_dag.py', '--cfg-path', '/tmp/tmpu6k2pmhh']
[2024-11-22T18:53:26.777+0000] {standard_task_runner.py:105} INFO - Job 423: Subtask process_transaction
[2024-11-22T18:53:27.015+0000] {task_command.py:467} INFO - Running <TaskInstance: fraud_detection.process_transaction scheduled__2024-11-22T18:51:00+00:00 [running]> on host c6af8dbaf1e5
[2024-11-22T18:53:27.406+0000] {taskinstance.py:3131} INFO - Exporting env vars: AIRFLOW_CTX_DAG_OWNER='fraud_team' AIRFLOW_CTX_DAG_ID='fraud_detection' AIRFLOW_CTX_TASK_ID='process_transaction' AIRFLOW_CTX_EXECUTION_DATE='2024-11-22T18:51:00+00:00' AIRFLOW_CTX_TRY_NUMBER='1' AIRFLOW_CTX_DAG_RUN_ID='scheduled__2024-11-22T18:51:00+00:00'
[2024-11-22T18:53:27.408+0000] {taskinstance.py:731} INFO - ::endgroup::
[2024-11-22T18:53:27.448+0000] {baseoperator.py:405} WARNING - BranchPythonOperator.execute cannot be called outside TaskInstance!
[2024-11-22T18:53:27.504+0000] {fraud_detection_dag.py:77} INFO - Données récupérées depuis XCom: {"columns":["cc_num","merchant","category","amt","first","last","gender","street","city","state","zip","lat","long","city_pop","job","dob","trans_num","merch_lat","merch_long","is_fraud","current_time"],"index":[235691],"data":[[5501083170975659,"fraud_Watsica, Haag and Considine","shopping_pos",3.8,"Wayne","Payne","M","587 Bradley Inlet Suite 281","Cuyahoga Falls","OH",44223,41.1464,-81.5107,47772,"Equities trader","1966-01-04","5b343aa67b3f34c80001c9f1387e750e",40.464202,-81.932589,0,1732301603016]]}
[2024-11-22T18:53:27.506+0000] {fraud_detection_dag.py:85} INFO - Données JSON parsées avec succès
[2024-11-22T18:53:27.515+0000] {fraud_detection_dag.py:89} INFO - DataFrame créé avec 1 lignes
[2024-11-22T18:53:27.522+0000] {fraud_detection_dag.py:93} INFO - Colonnes renommées avec succès
[2024-11-22T18:53:27.522+0000] {fraud_detection_dag.py:94} INFO - Colonnes disponibles: ['cc_num', 'merchant', 'category', 'amt', 'first', 'last', 'gender', 'street', 'city', 'state', 'zip', 'lat', 'long', 'city_pop', 'job', 'dob', 'trans_num', 'merch_lat', 'merch_long', 'is_fraud', 'trans_date_trans_time']
[2024-11-22T18:53:27.530+0000] {fraud_detection_dag.py:98} INFO - Conversion de trans_date_trans_time en unix_time réussie
[2024-11-22T18:53:27.616+0000] {fraud_detection_dag.py:107} INFO - Transformation des données...
[2024-11-22T18:53:30.148+0000] {warnings.py:112} WARNING - /home/***/.local/lib/python3.12/site-packages/sklearn/ensemble/_base.py:172: UserWarning: Loky-backed parallel loops cannot be called in a multiprocessing, setting n_jobs=1
  n_jobs = min(effective_n_jobs(n_jobs), n_estimators)

[2024-11-22T18:53:30.200+0000] {warnings.py:112} WARNING - /home/***/.local/lib/python3.12/site-packages/sklearn/ensemble/_base.py:172: UserWarning: Loky-backed parallel loops cannot be called in a multiprocessing, setting n_jobs=1
  n_jobs = min(effective_n_jobs(n_jobs), n_estimators)

[2024-11-22T18:53:30.206+0000] {fraud_detection_dag.py:119} INFO - Prediction de fraude: NORMAL, Probabilité: 37.07%
[2024-11-22T18:53:30.343+0000] {fraud_detection_dag.py:125} INFO - Prédiction: NORMAL (Probabilité: 37.07%)
[2024-11-22T18:53:30.346+0000] {python.py:240} INFO - Done. Returned value was: notify_normal
[2024-11-22T18:53:30.347+0000] {branch.py:38} INFO - Branch into notify_normal
[2024-11-22T18:53:30.349+0000] {skipmixin.py:230} INFO - Following branch ('notify_normal',)
[2024-11-22T18:53:30.400+0000] {skipmixin.py:278} INFO - Skipping tasks [('skip_processing', -1), ('notify_fraud', -1)]
[2024-11-22T18:53:30.516+0000] {taskinstance.py:340} INFO - ::group::Post task execution logs
[2024-11-22T18:53:30.517+0000] {taskinstance.py:352} INFO - Marking task as SUCCESS. dag_id=fraud_detection, task_id=process_transaction, run_id=scheduled__2024-11-22T18:51:00+00:00, execution_date=20241122T185100, start_date=20241122T185326, end_date=20241122T185330
[2024-11-22T18:53:30.652+0000] {local_task_job_runner.py:266} INFO - Task exited with return code 0
[2024-11-22T18:53:30.780+0000] {taskinstance.py:3900} INFO - 1 downstream tasks scheduled from follow-on schedule check
[2024-11-22T18:53:30.799+0000] {local_task_job_runner.py:245} INFO - ::endgroup::
