[2024-11-08T18:16:36.953+0000] {local_task_job_runner.py:123} INFO - ::group::Pre task execution logs
[2024-11-08T18:16:36.992+0000] {taskinstance.py:2612} INFO - Dependencies all met for dep_context=non-requeueable deps ti=<TaskInstance: fraud_detection.notify_normal scheduled__2024-11-08T18:15:00+00:00 [queued]>
[2024-11-08T18:16:37.010+0000] {taskinstance.py:2612} INFO - Dependencies all met for dep_context=requeueable deps ti=<TaskInstance: fraud_detection.notify_normal scheduled__2024-11-08T18:15:00+00:00 [queued]>
[2024-11-08T18:16:37.010+0000] {taskinstance.py:2865} INFO - Starting attempt 1 of 2
[2024-11-08T18:16:37.033+0000] {taskinstance.py:2888} INFO - Executing <Task(PythonOperator): notify_normal> on 2024-11-08 18:15:00+00:00
[2024-11-08T18:16:37.044+0000] {warnings.py:112} WARNING - /home/***/.local/lib/python3.12/site-packages/***/task/task_runner/standard_task_runner.py:70: DeprecationWarning: This process (pid=945) is multi-threaded, use of fork() may lead to deadlocks in the child.
  pid = os.fork()

[2024-11-08T18:16:37.047+0000] {standard_task_runner.py:72} INFO - Started process 947 to run task
[2024-11-08T18:16:37.050+0000] {standard_task_runner.py:104} INFO - Running: ['***', 'tasks', 'run', 'fraud_detection', 'notify_normal', 'scheduled__2024-11-08T18:15:00+00:00', '--job-id', '213', '--raw', '--subdir', 'DAGS_FOLDER/fraud_detection_dag.py', '--cfg-path', '/tmp/tmpvd2o8rr7']
[2024-11-08T18:16:37.055+0000] {standard_task_runner.py:105} INFO - Job 213: Subtask notify_normal
[2024-11-08T18:16:37.126+0000] {task_command.py:467} INFO - Running <TaskInstance: fraud_detection.notify_normal scheduled__2024-11-08T18:15:00+00:00 [running]> on host 641085defe8e
[2024-11-08T18:16:37.305+0000] {taskinstance.py:3131} INFO - Exporting env vars: AIRFLOW_CTX_DAG_OWNER='fraud_team' AIRFLOW_CTX_DAG_ID='fraud_detection' AIRFLOW_CTX_TASK_ID='notify_normal' AIRFLOW_CTX_EXECUTION_DATE='2024-11-08T18:15:00+00:00' AIRFLOW_CTX_TRY_NUMBER='1' AIRFLOW_CTX_DAG_RUN_ID='scheduled__2024-11-08T18:15:00+00:00'
[2024-11-08T18:16:37.308+0000] {taskinstance.py:731} INFO - ::endgroup::
[2024-11-08T18:16:37.377+0000] {fraud_detection_dag.py:218} INFO - Données de transaction récupérées: {"columns":["cc_num","merchant","category","amt","first","last","gender","street","city","state","zip","lat","long","city_pop","job","dob","trans_num","merch_lat","merch_long","is_fraud","current_time"],"index":[167011],"data":[[4777065439639721,"fraud_Dare-Marvin","entertainment",70.58,"Peter","Caldwell","M","08966 Beltran Route Suite 905","Oaks","PA",19456,40.1334,-75.4536,737,"Oceanographer","1987-04-24","de1f68e01805f7bbdb2ee225002483bc",40.504339,-76.387325,0,1731089789485]]}
[2024-11-08T18:16:37.378+0000] {fraud_detection_dag.py:219} INFO - Probabilité de fraude: 0.3440683030267039
[2024-11-08T18:16:37.379+0000] {fraud_detection_dag.py:220} INFO - Est une fraude: False
[2024-11-08T18:16:37.385+0000] {fraud_detection_dag.py:280} INFO - Tentative d'envoi d'email normale...
[2024-11-08T18:16:37.385+0000] {fraud_detection_dag.py:281} INFO - Contenu de l'email:

        ✅ Transaction NORMALE détectée!
        
        Statut: Vert
        Probabilité de fraude: 34.41%
        
        Détails de la transaction:
        --------------------------
        ID Transaction: de1f68e01805f7bbdb2ee225002483bc
        Montant: 70.58€
        Date/Heure: 2024-11-08 18:16:29
        
        Informations sur le marchand:
        ----------------------------
        Nom: fraud_Dare-Marvin
        Ville: Oaks
        État: PA
        
        Informations sur le client:
        --------------------------
        Nom: Peter Caldwell
        Ville: Oaks
        
        Cette notification a été générée automatiquement par le système de détection de fraude.
        
[2024-11-08T18:16:39.268+0000] {fraud_detection_dag.py:291} INFO - Email envoyé avec succès
[2024-11-08T18:16:39.270+0000] {python.py:240} INFO - Done. Returned value was: store_normal
[2024-11-08T18:16:39.360+0000] {taskinstance.py:340} INFO - ::group::Post task execution logs
[2024-11-08T18:16:39.361+0000] {taskinstance.py:352} INFO - Marking task as SUCCESS. dag_id=fraud_detection, task_id=notify_normal, run_id=scheduled__2024-11-08T18:15:00+00:00, execution_date=20241108T181500, start_date=20241108T181636, end_date=20241108T181639
[2024-11-08T18:16:39.436+0000] {local_task_job_runner.py:266} INFO - Task exited with return code 0
[2024-11-08T18:16:39.466+0000] {taskinstance.py:3900} INFO - 1 downstream tasks scheduled from follow-on schedule check
[2024-11-08T18:16:39.469+0000] {local_task_job_runner.py:245} INFO - ::endgroup::
