[2024-11-08T18:18:40.433+0000] {local_task_job_runner.py:123} INFO - ::group::Pre task execution logs
[2024-11-08T18:18:40.479+0000] {taskinstance.py:2612} INFO - Dependencies all met for dep_context=non-requeueable deps ti=<TaskInstance: fraud_detection.notify_normal scheduled__2024-11-08T18:17:00+00:00 [queued]>
[2024-11-08T18:18:40.500+0000] {taskinstance.py:2612} INFO - Dependencies all met for dep_context=requeueable deps ti=<TaskInstance: fraud_detection.notify_normal scheduled__2024-11-08T18:17:00+00:00 [queued]>
[2024-11-08T18:18:40.501+0000] {taskinstance.py:2865} INFO - Starting attempt 1 of 2
[2024-11-08T18:18:40.534+0000] {taskinstance.py:2888} INFO - Executing <Task(PythonOperator): notify_normal> on 2024-11-08 18:17:00+00:00
[2024-11-08T18:18:40.548+0000] {warnings.py:112} WARNING - /home/***/.local/lib/python3.12/site-packages/***/task/task_runner/standard_task_runner.py:70: DeprecationWarning: This process (pid=1018) is multi-threaded, use of fork() may lead to deadlocks in the child.
  pid = os.fork()

[2024-11-08T18:18:40.550+0000] {standard_task_runner.py:72} INFO - Started process 1027 to run task
[2024-11-08T18:18:40.551+0000] {standard_task_runner.py:104} INFO - Running: ['***', 'tasks', 'run', 'fraud_detection', 'notify_normal', 'scheduled__2024-11-08T18:17:00+00:00', '--job-id', '223', '--raw', '--subdir', 'DAGS_FOLDER/fraud_detection_dag.py', '--cfg-path', '/tmp/tmptadvgrfd']
[2024-11-08T18:18:40.557+0000] {standard_task_runner.py:105} INFO - Job 223: Subtask notify_normal
[2024-11-08T18:18:40.658+0000] {task_command.py:467} INFO - Running <TaskInstance: fraud_detection.notify_normal scheduled__2024-11-08T18:17:00+00:00 [running]> on host 641085defe8e
[2024-11-08T18:18:40.885+0000] {taskinstance.py:3131} INFO - Exporting env vars: AIRFLOW_CTX_DAG_OWNER='fraud_team' AIRFLOW_CTX_DAG_ID='fraud_detection' AIRFLOW_CTX_TASK_ID='notify_normal' AIRFLOW_CTX_EXECUTION_DATE='2024-11-08T18:17:00+00:00' AIRFLOW_CTX_TRY_NUMBER='1' AIRFLOW_CTX_DAG_RUN_ID='scheduled__2024-11-08T18:17:00+00:00'
[2024-11-08T18:18:40.888+0000] {taskinstance.py:731} INFO - ::endgroup::
[2024-11-08T18:18:41.029+0000] {fraud_detection_dag.py:218} INFO - Données de transaction récupérées: {"columns":["cc_num","merchant","category","amt","first","last","gender","street","city","state","zip","lat","long","city_pop","job","dob","trans_num","merch_lat","merch_long","is_fraud","current_time"],"index":[498913],"data":[[3590736522064285,"fraud_Hills, Hegmann and Schaefer","health_fitness",17.78,"Kimberly","Gonzalez","F","72966 Shannon Pass Apt. 391","Bauxite","AR",72011,34.5091,-92.4828,4074,"Scientist, audiological","1975-12-20","8e545be9e8bff2b2f0aa74ea30bd3341",35.043317,-92.457755,0,1731089910447]]}
[2024-11-08T18:18:41.030+0000] {fraud_detection_dag.py:219} INFO - Probabilité de fraude: 0.37476162506850813
[2024-11-08T18:18:41.031+0000] {fraud_detection_dag.py:220} INFO - Est une fraude: False
[2024-11-08T18:18:41.045+0000] {fraud_detection_dag.py:280} INFO - Tentative d'envoi d'email normale...
[2024-11-08T18:18:41.046+0000] {fraud_detection_dag.py:281} INFO - Contenu de l'email:

        ✅ Transaction NORMALE détectée!
        
        Statut: Vert
        Probabilité de fraude: 37.48%
        
        Détails de la transaction:
        --------------------------
        ID Transaction: 8e545be9e8bff2b2f0aa74ea30bd3341
        Montant: 17.78€
        Date/Heure: 2024-11-08 18:18:30
        
        Informations sur le marchand:
        ----------------------------
        Nom: fraud_Hills, Hegmann and Schaefer
        Ville: Bauxite
        État: AR
        
        Informations sur le client:
        --------------------------
        Nom: Kimberly Gonzalez
        Ville: Bauxite
        
        Cette notification a été générée automatiquement par le système de détection de fraude.
        
[2024-11-08T18:18:46.011+0000] {fraud_detection_dag.py:291} INFO - Email envoyé avec succès
[2024-11-08T18:18:46.014+0000] {python.py:240} INFO - Done. Returned value was: store_normal
[2024-11-08T18:18:46.081+0000] {taskinstance.py:340} INFO - ::group::Post task execution logs
[2024-11-08T18:18:46.082+0000] {taskinstance.py:352} INFO - Marking task as SUCCESS. dag_id=fraud_detection, task_id=notify_normal, run_id=scheduled__2024-11-08T18:17:00+00:00, execution_date=20241108T181700, start_date=20241108T181840, end_date=20241108T181846
[2024-11-08T18:18:46.115+0000] {local_task_job_runner.py:266} INFO - Task exited with return code 0
[2024-11-08T18:18:46.150+0000] {taskinstance.py:3900} INFO - 1 downstream tasks scheduled from follow-on schedule check
[2024-11-08T18:18:46.154+0000] {local_task_job_runner.py:245} INFO - ::endgroup::
