[2024-11-24T15:22:55.226+0000] {local_task_job_runner.py:123} INFO - ::group::Pre task execution logs
[2024-11-24T15:22:55.277+0000] {taskinstance.py:2612} INFO - Dependencies all met for dep_context=non-requeueable deps ti=<TaskInstance: fraud_detection.process_transaction scheduled__2024-11-24T15:21:00+00:00 [queued]>
[2024-11-24T15:22:55.325+0000] {taskinstance.py:2612} INFO - Dependencies all met for dep_context=requeueable deps ti=<TaskInstance: fraud_detection.process_transaction scheduled__2024-11-24T15:21:00+00:00 [queued]>
[2024-11-24T15:22:55.326+0000] {taskinstance.py:2865} INFO - Starting attempt 1 of 2
[2024-11-24T15:22:55.382+0000] {taskinstance.py:2888} INFO - Executing <Task(BranchPythonOperator): process_transaction> on 2024-11-24 15:21:00+00:00
[2024-11-24T15:22:55.408+0000] {warnings.py:112} WARNING - /home/***/.local/lib/python3.12/site-packages/***/task/task_runner/standard_task_runner.py:70: DeprecationWarning: This process (pid=1171) is multi-threaded, use of fork() may lead to deadlocks in the child.
  pid = os.fork()

[2024-11-24T15:22:55.411+0000] {standard_task_runner.py:72} INFO - Started process 1176 to run task
[2024-11-24T15:22:55.416+0000] {standard_task_runner.py:104} INFO - Running: ['***', 'tasks', 'run', 'fraud_detection', 'process_transaction', 'scheduled__2024-11-24T15:21:00+00:00', '--job-id', '618', '--raw', '--subdir', 'DAGS_FOLDER/fraud_detection_dag.py', '--cfg-path', '/tmp/tmpmy8s955b']
[2024-11-24T15:22:55.425+0000] {standard_task_runner.py:105} INFO - Job 618: Subtask process_transaction
[2024-11-24T15:22:55.649+0000] {task_command.py:467} INFO - Running <TaskInstance: fraud_detection.process_transaction scheduled__2024-11-24T15:21:00+00:00 [running]> on host 345e92ff26bf
[2024-11-24T15:22:55.921+0000] {taskinstance.py:3131} INFO - Exporting env vars: AIRFLOW_CTX_DAG_OWNER='fraud_team' AIRFLOW_CTX_DAG_ID='fraud_detection' AIRFLOW_CTX_TASK_ID='process_transaction' AIRFLOW_CTX_EXECUTION_DATE='2024-11-24T15:21:00+00:00' AIRFLOW_CTX_TRY_NUMBER='1' AIRFLOW_CTX_DAG_RUN_ID='scheduled__2024-11-24T15:21:00+00:00'
[2024-11-24T15:22:55.934+0000] {taskinstance.py:731} INFO - ::endgroup::
[2024-11-24T15:22:55.966+0000] {baseoperator.py:405} WARNING - BranchPythonOperator.execute cannot be called outside TaskInstance!
[2024-11-24T15:22:56.014+0000] {fraud_detection_dag.py:78} INFO - Données récupérées depuis XCom: {"columns":["cc_num","merchant","category","amt","first","last","gender","street","city","state","zip","lat","long","city_pop","job","dob","trans_num","merch_lat","merch_long","is_fraud","current_time"],"index":[145755],"data":[[6011724471098086,"fraud_Deckow-O'Conner","grocery_pos",169.57,"Ann","Lawson","F","144 Evans Islands Apt. 683","Burbank","WA",99323,46.1966,-118.9017,3684,"Musician","1981-11-29","c6dcf5eae3279de2ec37a415165a8bcc",45.453316,-118.00537,0,1732461770458]]}
[2024-11-24T15:22:56.018+0000] {fraud_detection_dag.py:86} INFO - Données JSON parsées avec succès
[2024-11-24T15:22:56.035+0000] {fraud_detection_dag.py:90} INFO - DataFrame créé avec 1 lignes
[2024-11-24T15:22:56.043+0000] {fraud_detection_dag.py:94} INFO - Colonnes renommées avec succès
[2024-11-24T15:22:56.043+0000] {fraud_detection_dag.py:95} INFO - Colonnes disponibles: ['cc_num', 'merchant', 'category', 'amt', 'first', 'last', 'gender', 'street', 'city', 'state', 'zip', 'lat', 'long', 'city_pop', 'job', 'dob', 'trans_num', 'merch_lat', 'merch_long', 'is_fraud', 'trans_date_trans_time']
[2024-11-24T15:22:56.049+0000] {fraud_detection_dag.py:99} INFO - Conversion de trans_date_trans_time en unix_time réussie
[2024-11-24T15:22:56.179+0000] {fraud_detection_dag.py:108} INFO - Transformation des données...
[2024-11-24T15:22:58.134+0000] {warnings.py:112} WARNING - /home/***/.local/lib/python3.12/site-packages/sklearn/ensemble/_base.py:172: UserWarning: Loky-backed parallel loops cannot be called in a multiprocessing, setting n_jobs=1
  n_jobs = min(effective_n_jobs(n_jobs), n_estimators)

[2024-11-24T15:22:58.171+0000] {warnings.py:112} WARNING - /home/***/.local/lib/python3.12/site-packages/sklearn/ensemble/_base.py:172: UserWarning: Loky-backed parallel loops cannot be called in a multiprocessing, setting n_jobs=1
  n_jobs = min(effective_n_jobs(n_jobs), n_estimators)

[2024-11-24T15:22:58.176+0000] {fraud_detection_dag.py:120} INFO - Prediction de fraude: NORMAL, Probabilité: 39.03%
[2024-11-24T15:22:58.318+0000] {fraud_detection_dag.py:126} INFO - Prédiction: NORMAL (Probabilité: 39.03%)
[2024-11-24T15:22:58.324+0000] {python.py:240} INFO - Done. Returned value was: notify_normal
[2024-11-24T15:22:58.327+0000] {branch.py:38} INFO - Branch into notify_normal
[2024-11-24T15:22:58.328+0000] {skipmixin.py:230} INFO - Following branch ('notify_normal',)
[2024-11-24T15:22:58.394+0000] {skipmixin.py:278} INFO - Skipping tasks [('skip_processing', -1), ('notify_fraud', -1)]
[2024-11-24T15:22:58.554+0000] {taskinstance.py:340} INFO - ::group::Post task execution logs
[2024-11-24T15:22:58.558+0000] {taskinstance.py:352} INFO - Marking task as SUCCESS. dag_id=fraud_detection, task_id=process_transaction, run_id=scheduled__2024-11-24T15:21:00+00:00, execution_date=20241124T152100, start_date=20241124T152255, end_date=20241124T152258
[2024-11-24T15:22:58.633+0000] {local_task_job_runner.py:266} INFO - Task exited with return code 0
[2024-11-24T15:22:58.768+0000] {taskinstance.py:3900} INFO - 1 downstream tasks scheduled from follow-on schedule check
[2024-11-24T15:22:58.788+0000] {local_task_job_runner.py:245} INFO - ::endgroup::
