[2024-11-22T19:03:57.800+0000] {local_task_job_runner.py:123} INFO - ::group::Pre task execution logs
[2024-11-22T19:03:57.876+0000] {taskinstance.py:2612} INFO - Dependencies all met for dep_context=non-requeueable deps ti=<TaskInstance: fraud_detection.store_normal scheduled__2024-11-22T19:02:00+00:00 [queued]>
[2024-11-22T19:03:57.892+0000] {taskinstance.py:2612} INFO - Dependencies all met for dep_context=requeueable deps ti=<TaskInstance: fraud_detection.store_normal scheduled__2024-11-22T19:02:00+00:00 [queued]>
[2024-11-22T19:03:57.892+0000] {taskinstance.py:2865} INFO - Starting attempt 1 of 2
[2024-11-22T19:03:57.949+0000] {taskinstance.py:2888} INFO - Executing <Task(PythonOperator): store_normal> on 2024-11-22 19:02:00+00:00
[2024-11-22T19:03:57.979+0000] {warnings.py:112} WARNING - /home/***/.local/lib/python3.12/site-packages/***/task/task_runner/standard_task_runner.py:70: DeprecationWarning: This process (pid=1041) is multi-threaded, use of fork() may lead to deadlocks in the child.
  pid = os.fork()

[2024-11-22T19:03:57.981+0000] {standard_task_runner.py:72} INFO - Started process 1043 to run task
[2024-11-22T19:03:57.975+0000] {standard_task_runner.py:104} INFO - Running: ['***', 'tasks', 'run', 'fraud_detection', 'store_normal', 'scheduled__2024-11-22T19:02:00+00:00', '--job-id', '479', '--raw', '--subdir', 'DAGS_FOLDER/fraud_detection_dag.py', '--cfg-path', '/tmp/tmp3hzyhqxo']
[2024-11-22T19:03:57.988+0000] {standard_task_runner.py:105} INFO - Job 479: Subtask store_normal
[2024-11-22T19:03:58.178+0000] {task_command.py:467} INFO - Running <TaskInstance: fraud_detection.store_normal scheduled__2024-11-22T19:02:00+00:00 [running]> on host c6af8dbaf1e5
[2024-11-22T19:03:58.783+0000] {taskinstance.py:3131} INFO - Exporting env vars: AIRFLOW_CTX_DAG_OWNER='fraud_team' AIRFLOW_CTX_DAG_ID='fraud_detection' AIRFLOW_CTX_TASK_ID='store_normal' AIRFLOW_CTX_EXECUTION_DATE='2024-11-22T19:02:00+00:00' AIRFLOW_CTX_TRY_NUMBER='1' AIRFLOW_CTX_DAG_RUN_ID='scheduled__2024-11-22T19:02:00+00:00'
[2024-11-22T19:03:58.787+0000] {taskinstance.py:731} INFO - ::endgroup::
[2024-11-22T19:03:58.827+0000] {fraud_detection_dag.py:309} INFO - Tentative de connexion à Neon...
[2024-11-22T19:04:05.000+0000] {fraud_detection_dag.py:315} INFO - Connexion à Neon réussie!
[2024-11-22T19:04:05.177+0000] {fraud_detection_dag.py:322} INFO - Données reçues pour stockage: {"columns":["cc_num","merchant","category","amt","first","last","gender","street","city","state","zip","lat","long","city_pop","job","dob","trans_num","merch_lat","merch_long","is_fraud","current_time"],"index":[39600],"data":[[3523843138706408,"fraud_Jenkins, Hauck and Friesen","gas_transport",79.21,"Grace","Williams","F","28812 Charles Mill Apt. 628","Plantersville","AL",36758,32.6176,-86.9475,1412,"Drilling engineer","1970-11-20","b6947aa8a05d2591df3317742c3df40f",33.340218,-87.746083,0,1732302221839]]}
[2024-11-22T19:04:05.195+0000] {fraud_detection_dag.py:331} INFO - JSON parsé avec succès
[2024-11-22T19:04:05.305+0000] {fraud_detection_dag.py:335} INFO - DataFrame créé avec 1 lignes
[2024-11-22T19:04:05.316+0000] {fraud_detection_dag.py:340} INFO - Colonne current_time renommée en trans_date_trans_time
[2024-11-22T19:04:05.323+0000] {fraud_detection_dag.py:344} INFO - Conversion du timestamp réussie
[2024-11-22T19:04:05.390+0000] {fraud_detection_dag.py:348} INFO - Indicateur de fraude récupéré: False
[2024-11-22T19:04:05.391+0000] {fraud_detection_dag.py:352} INFO - Colonne is_fraud mise à jour avec la valeur: False
[2024-11-22T19:04:05.392+0000] {fraud_detection_dag.py:356} INFO - Conversion de is_fraud en boolean réussie
[2024-11-22T19:04:05.393+0000] {fraud_detection_dag.py:359} INFO - Colonnes finales avant stockage: ['cc_num', 'merchant', 'category', 'amt', 'first', 'last', 'gender', 'street', 'city', 'state', 'zip', 'lat', 'long', 'city_pop', 'job', 'dob', 'trans_num', 'merch_lat', 'merch_long', 'is_fraud', 'trans_date_trans_time']
[2024-11-22T19:04:05.397+0000] {fraud_detection_dag.py:360} INFO - Types des données: 
cc_num                            int64
merchant                         object
category                         object
amt                             float64
first                            object
last                             object
gender                           object
street                           object
city                             object
state                            object
zip                               int64
lat                             float64
long                            float64
city_pop                          int64
job                              object
dob                              object
trans_num                        object
merch_lat                       float64
merch_long                      float64
is_fraud                           bool
trans_date_trans_time    datetime64[ns]
dtype: object
[2024-11-22T19:04:05.398+0000] {fraud_detection_dag.py:364} INFO - Stockage dans la table: normal_transactions
[2024-11-22T19:04:07.148+0000] {fraud_detection_dag.py:369} INFO - Données stockées avec succès dans la table normal_transactions
[2024-11-22T19:04:07.153+0000] {python.py:240} INFO - Done. Returned value was: None
[2024-11-22T19:04:07.235+0000] {taskinstance.py:340} INFO - ::group::Post task execution logs
[2024-11-22T19:04:07.242+0000] {taskinstance.py:352} INFO - Marking task as SUCCESS. dag_id=fraud_detection, task_id=store_normal, run_id=scheduled__2024-11-22T19:02:00+00:00, execution_date=20241122T190200, start_date=20241122T190357, end_date=20241122T190407
[2024-11-22T19:04:07.436+0000] {local_task_job_runner.py:266} INFO - Task exited with return code 0
[2024-11-22T19:04:07.586+0000] {taskinstance.py:3900} INFO - 0 downstream tasks scheduled from follow-on schedule check
[2024-11-22T19:04:07.596+0000] {local_task_job_runner.py:245} INFO - ::endgroup::
