[2024-11-02T23:43:06.520+0000] {local_task_job_runner.py:123} INFO - ::group::Pre task execution logs
[2024-11-02T23:43:06.571+0000] {taskinstance.py:2612} INFO - Dependencies all met for dep_context=non-requeueable deps ti=<TaskInstance: fraud_backup.perform_backup manual__2024-11-02T23:43:03.499544+00:00 [queued]>
[2024-11-02T23:43:06.585+0000] {taskinstance.py:2612} INFO - Dependencies all met for dep_context=requeueable deps ti=<TaskInstance: fraud_backup.perform_backup manual__2024-11-02T23:43:03.499544+00:00 [queued]>
[2024-11-02T23:43:06.585+0000] {taskinstance.py:2865} INFO - Starting attempt 1 of 2
[2024-11-02T23:43:06.608+0000] {taskinstance.py:2888} INFO - Executing <Task(PythonOperator): perform_backup> on 2024-11-02 23:43:03.499544+00:00
[2024-11-02T23:43:06.621+0000] {warnings.py:112} WARNING - /home/***/.local/lib/python3.12/site-packages/***/task/task_runner/standard_task_runner.py:70: DeprecationWarning: This process (pid=1227) is multi-threaded, use of fork() may lead to deadlocks in the child.
  pid = os.fork()

[2024-11-02T23:43:06.623+0000] {standard_task_runner.py:72} INFO - Started process 1229 to run task
[2024-11-02T23:43:06.624+0000] {standard_task_runner.py:104} INFO - Running: ['***', 'tasks', 'run', 'fraud_backup', 'perform_backup', 'manual__2024-11-02T23:43:03.499544+00:00', '--job-id', '87', '--raw', '--subdir', 'DAGS_FOLDER/backup_dag.py', '--cfg-path', '/tmp/tmph6yvpaud']
[2024-11-02T23:43:06.630+0000] {standard_task_runner.py:105} INFO - Job 87: Subtask perform_backup
[2024-11-02T23:43:06.837+0000] {task_command.py:467} INFO - Running <TaskInstance: fraud_backup.perform_backup manual__2024-11-02T23:43:03.499544+00:00 [running]> on host 713744f3b6c0
[2024-11-02T23:43:07.059+0000] {taskinstance.py:3131} INFO - Exporting env vars: AIRFLOW_CTX_DAG_OWNER='fraud_team' AIRFLOW_CTX_DAG_ID='fraud_backup' AIRFLOW_CTX_TASK_ID='perform_backup' AIRFLOW_CTX_EXECUTION_DATE='2024-11-02T23:43:03.499544+00:00' AIRFLOW_CTX_TRY_NUMBER='1' AIRFLOW_CTX_DAG_RUN_ID='manual__2024-11-02T23:43:03.499544+00:00'
[2024-11-02T23:43:07.078+0000] {taskinstance.py:731} INFO - ::endgroup::
[2024-11-02T23:43:16.574+0000] {backup_dag.py:54} INFO - Récupération des transactions frauduleuses...
[2024-11-02T23:43:17.799+0000] {backup_dag.py:57} INFO - Récupération des transactions normales...
[2024-11-02T23:43:19.591+0000] {backup_dag.py:66} WARNING - Pas de données à sauvegarder pour les 30 derniers jours
[2024-11-02T23:43:19.594+0000] {python.py:240} INFO - Done. Returned value was: None
[2024-11-02T23:43:19.617+0000] {taskinstance.py:340} INFO - ::group::Post task execution logs
[2024-11-02T23:43:19.619+0000] {taskinstance.py:352} INFO - Marking task as SUCCESS. dag_id=fraud_backup, task_id=perform_backup, run_id=manual__2024-11-02T23:43:03.499544+00:00, execution_date=20241102T234303, start_date=20241102T234306, end_date=20241102T234319
[2024-11-02T23:43:19.744+0000] {local_task_job_runner.py:266} INFO - Task exited with return code 0
[2024-11-02T23:43:19.823+0000] {taskinstance.py:3900} INFO - 0 downstream tasks scheduled from follow-on schedule check
[2024-11-02T23:43:19.835+0000] {local_task_job_runner.py:245} INFO - ::endgroup::
