[2024-11-08T18:34:30.400+0000] {local_task_job_runner.py:123} INFO - ::group::Pre task execution logs
[2024-11-08T18:34:30.424+0000] {taskinstance.py:2612} INFO - Dependencies all met for dep_context=non-requeueable deps ti=<TaskInstance: fraud_detection.fetch_api scheduled__2024-11-08T18:33:00+00:00 [queued]>
[2024-11-08T18:34:30.439+0000] {taskinstance.py:2612} INFO - Dependencies all met for dep_context=requeueable deps ti=<TaskInstance: fraud_detection.fetch_api scheduled__2024-11-08T18:33:00+00:00 [queued]>
[2024-11-08T18:34:30.440+0000] {taskinstance.py:2865} INFO - Starting attempt 1 of 2
[2024-11-08T18:34:30.465+0000] {taskinstance.py:2888} INFO - Executing <Task(PythonOperator): fetch_api> on 2024-11-08 18:33:00+00:00
[2024-11-08T18:34:30.475+0000] {warnings.py:112} WARNING - /home/***/.local/lib/python3.12/site-packages/***/task/task_runner/standard_task_runner.py:70: DeprecationWarning: This process (pid=1637) is multi-threaded, use of fork() may lead to deadlocks in the child.
  pid = os.fork()

[2024-11-08T18:34:30.477+0000] {standard_task_runner.py:72} INFO - Started process 1639 to run task
[2024-11-08T18:34:30.478+0000] {standard_task_runner.py:104} INFO - Running: ['***', 'tasks', 'run', 'fraud_detection', 'fetch_api', 'scheduled__2024-11-08T18:33:00+00:00', '--job-id', '303', '--raw', '--subdir', 'DAGS_FOLDER/fraud_detection_dag.py', '--cfg-path', '/tmp/tmpaauf4qtc']
[2024-11-08T18:34:30.482+0000] {standard_task_runner.py:105} INFO - Job 303: Subtask fetch_api
[2024-11-08T18:34:30.556+0000] {task_command.py:467} INFO - Running <TaskInstance: fraud_detection.fetch_api scheduled__2024-11-08T18:33:00+00:00 [running]> on host 641085defe8e
[2024-11-08T18:34:30.703+0000] {taskinstance.py:3131} INFO - Exporting env vars: AIRFLOW_CTX_DAG_OWNER='fraud_team' AIRFLOW_CTX_DAG_ID='fraud_detection' AIRFLOW_CTX_TASK_ID='fetch_api' AIRFLOW_CTX_EXECUTION_DATE='2024-11-08T18:33:00+00:00' AIRFLOW_CTX_TRY_NUMBER='1' AIRFLOW_CTX_DAG_RUN_ID='scheduled__2024-11-08T18:33:00+00:00'
[2024-11-08T18:34:30.705+0000] {taskinstance.py:731} INFO - ::endgroup::
[2024-11-08T18:34:36.122+0000] {fraud_detection_dag.py:64} INFO - Transaction reçue avec succès
[2024-11-08T18:34:36.154+0000] {python.py:240} INFO - Done. Returned value was: None
[2024-11-08T18:34:36.178+0000] {taskinstance.py:340} INFO - ::group::Post task execution logs
[2024-11-08T18:34:36.179+0000] {taskinstance.py:352} INFO - Marking task as SUCCESS. dag_id=fraud_detection, task_id=fetch_api, run_id=scheduled__2024-11-08T18:33:00+00:00, execution_date=20241108T183300, start_date=20241108T183430, end_date=20241108T183436
[2024-11-08T18:34:36.229+0000] {local_task_job_runner.py:266} INFO - Task exited with return code 0
[2024-11-08T18:34:36.260+0000] {taskinstance.py:3900} INFO - 1 downstream tasks scheduled from follow-on schedule check
[2024-11-08T18:34:36.263+0000] {local_task_job_runner.py:245} INFO - ::endgroup::
