[2024-11-23T18:03:50.656+0000] {local_task_job_runner.py:123} INFO - ::group::Pre task execution logs
[2024-11-23T18:03:50.687+0000] {taskinstance.py:2612} INFO - Dependencies all met for dep_context=non-requeueable deps ti=<TaskInstance: fraud_detection.process_transaction scheduled__2024-11-23T18:02:00+00:00 [queued]>
[2024-11-23T18:03:50.708+0000] {taskinstance.py:2612} INFO - Dependencies all met for dep_context=requeueable deps ti=<TaskInstance: fraud_detection.process_transaction scheduled__2024-11-23T18:02:00+00:00 [queued]>
[2024-11-23T18:03:50.709+0000] {taskinstance.py:2865} INFO - Starting attempt 1 of 2
[2024-11-23T18:03:50.754+0000] {taskinstance.py:2888} INFO - Executing <Task(BranchPythonOperator): process_transaction> on 2024-11-23 18:02:00+00:00
[2024-11-23T18:03:50.769+0000] {warnings.py:112} WARNING - /home/***/.local/lib/python3.12/site-packages/***/task/task_runner/standard_task_runner.py:70: DeprecationWarning: This process (pid=4178) is multi-threaded, use of fork() may lead to deadlocks in the child.
  pid = os.fork()

[2024-11-23T18:03:50.771+0000] {standard_task_runner.py:72} INFO - Started process 4183 to run task
[2024-11-23T18:03:50.773+0000] {standard_task_runner.py:104} INFO - Running: ['***', 'tasks', 'run', 'fraud_detection', 'process_transaction', 'scheduled__2024-11-23T18:02:00+00:00', '--job-id', '413', '--raw', '--subdir', 'DAGS_FOLDER/fraud_detection_dag.py', '--cfg-path', '/tmp/tmpqt5u7e6f']
[2024-11-23T18:03:50.778+0000] {standard_task_runner.py:105} INFO - Job 413: Subtask process_transaction
[2024-11-23T18:03:50.861+0000] {task_command.py:467} INFO - Running <TaskInstance: fraud_detection.process_transaction scheduled__2024-11-23T18:02:00+00:00 [running]> on host 345e92ff26bf
[2024-11-23T18:03:51.080+0000] {taskinstance.py:3131} INFO - Exporting env vars: AIRFLOW_CTX_DAG_OWNER='fraud_team' AIRFLOW_CTX_DAG_ID='fraud_detection' AIRFLOW_CTX_TASK_ID='process_transaction' AIRFLOW_CTX_EXECUTION_DATE='2024-11-23T18:02:00+00:00' AIRFLOW_CTX_TRY_NUMBER='1' AIRFLOW_CTX_DAG_RUN_ID='scheduled__2024-11-23T18:02:00+00:00'
[2024-11-23T18:03:51.083+0000] {taskinstance.py:731} INFO - ::endgroup::
[2024-11-23T18:03:51.111+0000] {baseoperator.py:405} WARNING - BranchPythonOperator.execute cannot be called outside TaskInstance!
[2024-11-23T18:03:51.181+0000] {fraud_detection_dag.py:78} INFO - Données récupérées depuis XCom: {"columns":["cc_num","merchant","category","amt","first","last","gender","street","city","state","zip","lat","long","city_pop","job","dob","trans_num","merch_lat","merch_long","is_fraud","current_time"],"index":[183666],"data":[[3577794103155425,"fraud_Schiller, Blanda and Johnson","home",179.02,"Mary","Humphrey","F","9853 Flynn Hollow Apt. 602","Reynolds","ND",58275,47.7068,-97.2092,733,"Visual merchandiser","1994-11-12","731ce0e75aef6e04b18dcc38bc79ae5a",48.706236,-97.444967,0,1732385025729]]}
[2024-11-23T18:03:51.183+0000] {fraud_detection_dag.py:86} INFO - Données JSON parsées avec succès
[2024-11-23T18:03:51.200+0000] {fraud_detection_dag.py:90} INFO - DataFrame créé avec 1 lignes
[2024-11-23T18:03:51.204+0000] {fraud_detection_dag.py:94} INFO - Colonnes renommées avec succès
[2024-11-23T18:03:51.205+0000] {fraud_detection_dag.py:95} INFO - Colonnes disponibles: ['cc_num', 'merchant', 'category', 'amt', 'first', 'last', 'gender', 'street', 'city', 'state', 'zip', 'lat', 'long', 'city_pop', 'job', 'dob', 'trans_num', 'merch_lat', 'merch_long', 'is_fraud', 'trans_date_trans_time']
[2024-11-23T18:03:51.211+0000] {fraud_detection_dag.py:99} INFO - Conversion de trans_date_trans_time en unix_time réussie
[2024-11-23T18:03:51.273+0000] {fraud_detection_dag.py:108} INFO - Transformation des données...
[2024-11-23T18:03:52.519+0000] {warnings.py:112} WARNING - /home/***/.local/lib/python3.12/site-packages/sklearn/ensemble/_base.py:172: UserWarning: Loky-backed parallel loops cannot be called in a multiprocessing, setting n_jobs=1
  n_jobs = min(effective_n_jobs(n_jobs), n_estimators)

[2024-11-23T18:03:52.541+0000] {warnings.py:112} WARNING - /home/***/.local/lib/python3.12/site-packages/sklearn/ensemble/_base.py:172: UserWarning: Loky-backed parallel loops cannot be called in a multiprocessing, setting n_jobs=1
  n_jobs = min(effective_n_jobs(n_jobs), n_estimators)

[2024-11-23T18:03:52.550+0000] {fraud_detection_dag.py:120} INFO - Prediction de fraude: NORMAL, Probabilité: 31.98%
[2024-11-23T18:03:52.622+0000] {fraud_detection_dag.py:126} INFO - Prédiction: NORMAL (Probabilité: 31.98%)
[2024-11-23T18:03:52.624+0000] {python.py:240} INFO - Done. Returned value was: notify_normal
[2024-11-23T18:03:52.625+0000] {branch.py:38} INFO - Branch into notify_normal
[2024-11-23T18:03:52.627+0000] {skipmixin.py:230} INFO - Following branch ('notify_normal',)
[2024-11-23T18:03:52.647+0000] {skipmixin.py:278} INFO - Skipping tasks [('notify_fraud', -1), ('skip_processing', -1)]
[2024-11-23T18:03:52.728+0000] {taskinstance.py:340} INFO - ::group::Post task execution logs
[2024-11-23T18:03:52.729+0000] {taskinstance.py:352} INFO - Marking task as SUCCESS. dag_id=fraud_detection, task_id=process_transaction, run_id=scheduled__2024-11-23T18:02:00+00:00, execution_date=20241123T180200, start_date=20241123T180350, end_date=20241123T180352
[2024-11-23T18:03:52.819+0000] {local_task_job_runner.py:266} INFO - Task exited with return code 0
[2024-11-23T18:03:52.852+0000] {local_task_job_runner.py:245} INFO - ::endgroup::
