[2024-11-23T17:11:42.016+0000] {local_task_job_runner.py:123} INFO - ::group::Pre task execution logs
[2024-11-23T17:11:42.067+0000] {taskinstance.py:2612} INFO - Dependencies all met for dep_context=non-requeueable deps ti=<TaskInstance: fraud_detection.notify_normal scheduled__2024-11-23T17:10:00+00:00 [queued]>
[2024-11-23T17:11:42.086+0000] {taskinstance.py:2612} INFO - Dependencies all met for dep_context=requeueable deps ti=<TaskInstance: fraud_detection.notify_normal scheduled__2024-11-23T17:10:00+00:00 [queued]>
[2024-11-23T17:11:42.087+0000] {taskinstance.py:2865} INFO - Starting attempt 1 of 2
[2024-11-23T17:11:42.115+0000] {taskinstance.py:2888} INFO - Executing <Task(PythonOperator): notify_normal> on 2024-11-23 17:10:00+00:00
[2024-11-23T17:11:42.133+0000] {warnings.py:112} WARNING - /home/***/.local/lib/python3.12/site-packages/***/task/task_runner/standard_task_runner.py:70: DeprecationWarning: This process (pid=1557) is multi-threaded, use of fork() may lead to deadlocks in the child.
  pid = os.fork()

[2024-11-23T17:11:42.136+0000] {standard_task_runner.py:72} INFO - Started process 1562 to run task
[2024-11-23T17:11:42.138+0000] {standard_task_runner.py:104} INFO - Running: ['***', 'tasks', 'run', 'fraud_detection', 'notify_normal', 'scheduled__2024-11-23T17:10:00+00:00', '--job-id', '157', '--raw', '--subdir', 'DAGS_FOLDER/fraud_detection_dag.py', '--cfg-path', '/tmp/tmpqg_zpljb']
[2024-11-23T17:11:42.142+0000] {standard_task_runner.py:105} INFO - Job 157: Subtask notify_normal
[2024-11-23T17:11:42.233+0000] {task_command.py:467} INFO - Running <TaskInstance: fraud_detection.notify_normal scheduled__2024-11-23T17:10:00+00:00 [running]> on host 345e92ff26bf
[2024-11-23T17:11:42.574+0000] {taskinstance.py:3131} INFO - Exporting env vars: AIRFLOW_CTX_DAG_OWNER='fraud_team' AIRFLOW_CTX_DAG_ID='fraud_detection' AIRFLOW_CTX_TASK_ID='notify_normal' AIRFLOW_CTX_EXECUTION_DATE='2024-11-23T17:10:00+00:00' AIRFLOW_CTX_TRY_NUMBER='1' AIRFLOW_CTX_DAG_RUN_ID='scheduled__2024-11-23T17:10:00+00:00'
[2024-11-23T17:11:42.581+0000] {taskinstance.py:731} INFO - ::endgroup::
[2024-11-23T17:11:42.714+0000] {fraud_detection_dag.py:219} INFO - Données de transaction récupérées: {"columns":["cc_num","merchant","category","amt","first","last","gender","street","city","state","zip","lat","long","city_pop","job","dob","trans_num","merch_lat","merch_long","is_fraud","current_time"],"index":[6349],"data":[[371034293500716,"fraud_Donnelly PLC","misc_net",219.6,"Jeremy","Jones","M","5758 Yates Center","Vinton","CA",96135,40.0235,-120.7986,128,"Education administrator","1966-02-21","af42c655a699cd7efeea43a8bb991bf1",40.897526,-121.079965,0,1732381891012]]}
[2024-11-23T17:11:42.715+0000] {fraud_detection_dag.py:220} INFO - Probabilité de fraude: 0.3811326092127379
[2024-11-23T17:11:42.716+0000] {fraud_detection_dag.py:221} INFO - Est une fraude: False
[2024-11-23T17:11:42.750+0000] {fraud_detection_dag.py:281} INFO - Tentative d'envoi d'email normale...
[2024-11-23T17:11:42.753+0000] {fraud_detection_dag.py:282} INFO - Contenu de l'email:

        ✅ Transaction NORMALE détectée!
        
        Statut: Vert
        Probabilité de fraude: 38.11%
        
        Détails de la transaction:
        --------------------------
        ID Transaction: af42c655a699cd7efeea43a8bb991bf1
        Montant: 219.60€
        Date/Heure: 2024-11-23 17:11:31
        
        Informations sur le marchand:
        ----------------------------
        Nom: fraud_Donnelly PLC
        Ville: Vinton
        État: CA
        
        Informations sur le client:
        --------------------------
        Nom: Jeremy Jones
        Ville: Vinton
        
        Cette notification a été générée automatiquement par le système de détection de fraude.
        
[2024-11-23T17:11:46.806+0000] {fraud_detection_dag.py:292} INFO - Email envoyé avec succès
[2024-11-23T17:11:46.808+0000] {python.py:240} INFO - Done. Returned value was: store_normal
[2024-11-23T17:11:46.956+0000] {taskinstance.py:340} INFO - ::group::Post task execution logs
[2024-11-23T17:11:46.958+0000] {taskinstance.py:352} INFO - Marking task as SUCCESS. dag_id=fraud_detection, task_id=notify_normal, run_id=scheduled__2024-11-23T17:10:00+00:00, execution_date=20241123T171000, start_date=20241123T171142, end_date=20241123T171146
[2024-11-23T17:11:47.089+0000] {local_task_job_runner.py:266} INFO - Task exited with return code 0
[2024-11-23T17:11:47.153+0000] {standard_task_runner.py:217} INFO - Process not found (most likely exited), stop collecting metrics
[2024-11-23T17:11:47.237+0000] {taskinstance.py:3900} INFO - 1 downstream tasks scheduled from follow-on schedule check
[2024-11-23T17:11:47.252+0000] {local_task_job_runner.py:245} INFO - ::endgroup::
