[2024-11-22T18:55:55.558+0000] {local_task_job_runner.py:123} INFO - ::group::Pre task execution logs
[2024-11-22T18:55:55.583+0000] {taskinstance.py:2612} INFO - Dependencies all met for dep_context=non-requeueable deps ti=<TaskInstance: fraud_detection.store_normal scheduled__2024-11-22T18:53:00+00:00 [queued]>
[2024-11-22T18:55:55.600+0000] {taskinstance.py:2612} INFO - Dependencies all met for dep_context=requeueable deps ti=<TaskInstance: fraud_detection.store_normal scheduled__2024-11-22T18:53:00+00:00 [queued]>
[2024-11-22T18:55:55.600+0000] {taskinstance.py:2865} INFO - Starting attempt 1 of 2
[2024-11-22T18:55:55.628+0000] {taskinstance.py:2888} INFO - Executing <Task(PythonOperator): store_normal> on 2024-11-22 18:53:00+00:00
[2024-11-22T18:55:55.640+0000] {warnings.py:112} WARNING - /home/***/.local/lib/python3.12/site-packages/***/task/task_runner/standard_task_runner.py:70: DeprecationWarning: This process (pid=714) is multi-threaded, use of fork() may lead to deadlocks in the child.
  pid = os.fork()

[2024-11-22T18:55:55.641+0000] {standard_task_runner.py:72} INFO - Started process 716 to run task
[2024-11-22T18:55:55.644+0000] {standard_task_runner.py:104} INFO - Running: ['***', 'tasks', 'run', 'fraud_detection', 'store_normal', 'scheduled__2024-11-22T18:53:00+00:00', '--job-id', '435', '--raw', '--subdir', 'DAGS_FOLDER/fraud_detection_dag.py', '--cfg-path', '/tmp/tmpe56nrh_v']
[2024-11-22T18:55:55.648+0000] {standard_task_runner.py:105} INFO - Job 435: Subtask store_normal
[2024-11-22T18:55:55.734+0000] {task_command.py:467} INFO - Running <TaskInstance: fraud_detection.store_normal scheduled__2024-11-22T18:53:00+00:00 [running]> on host c6af8dbaf1e5
[2024-11-22T18:55:55.884+0000] {taskinstance.py:3131} INFO - Exporting env vars: AIRFLOW_CTX_DAG_OWNER='fraud_team' AIRFLOW_CTX_DAG_ID='fraud_detection' AIRFLOW_CTX_TASK_ID='store_normal' AIRFLOW_CTX_EXECUTION_DATE='2024-11-22T18:53:00+00:00' AIRFLOW_CTX_TRY_NUMBER='1' AIRFLOW_CTX_DAG_RUN_ID='scheduled__2024-11-22T18:53:00+00:00'
[2024-11-22T18:55:55.885+0000] {taskinstance.py:731} INFO - ::endgroup::
[2024-11-22T18:55:55.904+0000] {fraud_detection_dag.py:309} INFO - Tentative de connexion à Neon...
[2024-11-22T18:56:03.971+0000] {fraud_detection_dag.py:315} INFO - Connexion à Neon réussie!
[2024-11-22T18:56:04.158+0000] {fraud_detection_dag.py:322} INFO - Données reçues pour stockage: {"columns":["cc_num","merchant","category","amt","first","last","gender","street","city","state","zip","lat","long","city_pop","job","dob","trans_num","merch_lat","merch_long","is_fraud","current_time"],"index":[110198],"data":[[4383521454815,"fraud_Miller-Hauck","grocery_pos",41.32,"John","Robertson","M","209 Austin Stream Apt. 231","Indianapolis","IN",46290,39.9347,-86.1633,910148,"Academic librarian","1987-09-22","17c105170b0308abae22928512ac277e",40.188747,-86.968477,0,1732301726332]]}
[2024-11-22T18:56:04.159+0000] {fraud_detection_dag.py:331} INFO - JSON parsé avec succès
[2024-11-22T18:56:04.181+0000] {fraud_detection_dag.py:335} INFO - DataFrame créé avec 1 lignes
[2024-11-22T18:56:04.188+0000] {fraud_detection_dag.py:340} INFO - Colonne current_time renommée en trans_date_trans_time
[2024-11-22T18:56:04.197+0000] {fraud_detection_dag.py:344} INFO - Conversion du timestamp réussie
[2024-11-22T18:56:04.239+0000] {fraud_detection_dag.py:348} INFO - Indicateur de fraude récupéré: False
[2024-11-22T18:56:04.241+0000] {fraud_detection_dag.py:352} INFO - Colonne is_fraud mise à jour avec la valeur: False
[2024-11-22T18:56:04.242+0000] {fraud_detection_dag.py:356} INFO - Conversion de is_fraud en boolean réussie
[2024-11-22T18:56:04.242+0000] {fraud_detection_dag.py:359} INFO - Colonnes finales avant stockage: ['cc_num', 'merchant', 'category', 'amt', 'first', 'last', 'gender', 'street', 'city', 'state', 'zip', 'lat', 'long', 'city_pop', 'job', 'dob', 'trans_num', 'merch_lat', 'merch_long', 'is_fraud', 'trans_date_trans_time']
[2024-11-22T18:56:04.251+0000] {fraud_detection_dag.py:360} INFO - Types des données: 
cc_num                            int64
merchant                         object
category                         object
amt                             float64
first                            object
last                             object
gender                           object
street                           object
city                             object
state                            object
zip                               int64
lat                             float64
long                            float64
city_pop                          int64
job                              object
dob                              object
trans_num                        object
merch_lat                       float64
merch_long                      float64
is_fraud                           bool
trans_date_trans_time    datetime64[ns]
dtype: object
[2024-11-22T18:56:04.251+0000] {fraud_detection_dag.py:364} INFO - Stockage dans la table: normal_transactions
[2024-11-22T18:56:05.652+0000] {fraud_detection_dag.py:369} INFO - Données stockées avec succès dans la table normal_transactions
[2024-11-22T18:56:05.653+0000] {python.py:240} INFO - Done. Returned value was: None
[2024-11-22T18:56:05.716+0000] {taskinstance.py:340} INFO - ::group::Post task execution logs
[2024-11-22T18:56:05.717+0000] {taskinstance.py:352} INFO - Marking task as SUCCESS. dag_id=fraud_detection, task_id=store_normal, run_id=scheduled__2024-11-22T18:53:00+00:00, execution_date=20241122T185300, start_date=20241122T185555, end_date=20241122T185605
[2024-11-22T18:56:05.887+0000] {local_task_job_runner.py:266} INFO - Task exited with return code 0
[2024-11-22T18:56:05.940+0000] {taskinstance.py:3900} INFO - 0 downstream tasks scheduled from follow-on schedule check
[2024-11-22T18:56:05.945+0000] {local_task_job_runner.py:245} INFO - ::endgroup::
