[2024-11-22T18:54:22.152+0000] {local_task_job_runner.py:123} INFO - ::group::Pre task execution logs
[2024-11-22T18:54:22.203+0000] {taskinstance.py:2612} INFO - Dependencies all met for dep_context=non-requeueable deps ti=<TaskInstance: fraud_detection.notify_normal scheduled__2024-11-22T18:52:00+00:00 [queued]>
[2024-11-22T18:54:22.233+0000] {taskinstance.py:2612} INFO - Dependencies all met for dep_context=requeueable deps ti=<TaskInstance: fraud_detection.notify_normal scheduled__2024-11-22T18:52:00+00:00 [queued]>
[2024-11-22T18:54:22.233+0000] {taskinstance.py:2865} INFO - Starting attempt 1 of 2
[2024-11-22T18:54:22.268+0000] {taskinstance.py:2888} INFO - Executing <Task(PythonOperator): notify_normal> on 2024-11-22 18:52:00+00:00
[2024-11-22T18:54:22.285+0000] {warnings.py:112} WARNING - /home/***/.local/lib/python3.12/site-packages/***/task/task_runner/standard_task_runner.py:70: DeprecationWarning: This process (pid=669) is multi-threaded, use of fork() may lead to deadlocks in the child.
  pid = os.fork()

[2024-11-22T18:54:22.289+0000] {standard_task_runner.py:72} INFO - Started process 672 to run task
[2024-11-22T18:54:22.289+0000] {standard_task_runner.py:104} INFO - Running: ['***', 'tasks', 'run', 'fraud_detection', 'notify_normal', 'scheduled__2024-11-22T18:52:00+00:00', '--job-id', '429', '--raw', '--subdir', 'DAGS_FOLDER/fraud_detection_dag.py', '--cfg-path', '/tmp/tmpnc6amctp']
[2024-11-22T18:54:22.297+0000] {standard_task_runner.py:105} INFO - Job 429: Subtask notify_normal
[2024-11-22T18:54:22.403+0000] {task_command.py:467} INFO - Running <TaskInstance: fraud_detection.notify_normal scheduled__2024-11-22T18:52:00+00:00 [running]> on host c6af8dbaf1e5
[2024-11-22T18:54:22.617+0000] {taskinstance.py:3131} INFO - Exporting env vars: AIRFLOW_CTX_DAG_OWNER='fraud_team' AIRFLOW_CTX_DAG_ID='fraud_detection' AIRFLOW_CTX_TASK_ID='notify_normal' AIRFLOW_CTX_EXECUTION_DATE='2024-11-22T18:52:00+00:00' AIRFLOW_CTX_TRY_NUMBER='1' AIRFLOW_CTX_DAG_RUN_ID='scheduled__2024-11-22T18:52:00+00:00'
[2024-11-22T18:54:22.619+0000] {taskinstance.py:731} INFO - ::endgroup::
[2024-11-22T18:54:22.717+0000] {fraud_detection_dag.py:218} INFO - Données de transaction récupérées: {"columns":["cc_num","merchant","category","amt","first","last","gender","street","city","state","zip","lat","long","city_pop","job","dob","trans_num","merch_lat","merch_long","is_fraud","current_time"],"index":[487661],"data":[[4584931703207308232,"fraud_Hills-Boyer","personal_care",92.43,"Amanda","Gomez","F","8152 Brittany Centers","Dallas","TX",75218,32.8463,-96.6972,1263321,"Designer, ceramics\/pottery","1975-04-16","9d324cd094c45abc3ef74a2779694e53",33.627603,-96.856444,0,1732301651521]]}
[2024-11-22T18:54:22.717+0000] {fraud_detection_dag.py:219} INFO - Probabilité de fraude: 0.2809571998282371
[2024-11-22T18:54:22.718+0000] {fraud_detection_dag.py:220} INFO - Est une fraude: False
[2024-11-22T18:54:22.736+0000] {fraud_detection_dag.py:280} INFO - Tentative d'envoi d'email normale...
[2024-11-22T18:54:22.736+0000] {fraud_detection_dag.py:281} INFO - Contenu de l'email:

        ✅ Transaction NORMALE détectée!
        
        Statut: Vert
        Probabilité de fraude: 28.10%
        
        Détails de la transaction:
        --------------------------
        ID Transaction: 9d324cd094c45abc3ef74a2779694e53
        Montant: 92.43€
        Date/Heure: 2024-11-22 18:54:11
        
        Informations sur le marchand:
        ----------------------------
        Nom: fraud_Hills-Boyer
        Ville: Dallas
        État: TX
        
        Informations sur le client:
        --------------------------
        Nom: Amanda Gomez
        Ville: Dallas
        
        Cette notification a été générée automatiquement par le système de détection de fraude.
        
[2024-11-22T18:54:29.793+0000] {fraud_detection_dag.py:291} INFO - Email envoyé avec succès
[2024-11-22T18:54:29.796+0000] {python.py:240} INFO - Done. Returned value was: store_normal
[2024-11-22T18:54:29.893+0000] {taskinstance.py:340} INFO - ::group::Post task execution logs
[2024-11-22T18:54:29.896+0000] {taskinstance.py:352} INFO - Marking task as SUCCESS. dag_id=fraud_detection, task_id=notify_normal, run_id=scheduled__2024-11-22T18:52:00+00:00, execution_date=20241122T185200, start_date=20241122T185422, end_date=20241122T185429
[2024-11-22T18:54:30.005+0000] {local_task_job_runner.py:266} INFO - Task exited with return code 0
[2024-11-22T18:54:30.070+0000] {taskinstance.py:3900} INFO - 1 downstream tasks scheduled from follow-on schedule check
[2024-11-22T18:54:30.076+0000] {local_task_job_runner.py:245} INFO - ::endgroup::
