[2024-11-23T17:10:46.484+0000] {local_task_job_runner.py:123} INFO - ::group::Pre task execution logs
[2024-11-23T17:10:46.520+0000] {taskinstance.py:2612} INFO - Dependencies all met for dep_context=non-requeueable deps ti=<TaskInstance: fraud_detection.process_transaction scheduled__2024-11-23T17:09:00+00:00 [queued]>
[2024-11-23T17:10:46.534+0000] {taskinstance.py:2612} INFO - Dependencies all met for dep_context=requeueable deps ti=<TaskInstance: fraud_detection.process_transaction scheduled__2024-11-23T17:09:00+00:00 [queued]>
[2024-11-23T17:10:46.541+0000] {taskinstance.py:2865} INFO - Starting attempt 1 of 2
[2024-11-23T17:10:46.571+0000] {taskinstance.py:2888} INFO - Executing <Task(BranchPythonOperator): process_transaction> on 2024-11-23 17:09:00+00:00
[2024-11-23T17:10:46.588+0000] {warnings.py:112} WARNING - /home/***/.local/lib/python3.12/site-packages/***/task/task_runner/standard_task_runner.py:70: DeprecationWarning: This process (pid=1485) is multi-threaded, use of fork() may lead to deadlocks in the child.
  pid = os.fork()

[2024-11-23T17:10:46.592+0000] {standard_task_runner.py:72} INFO - Started process 1497 to run task
[2024-11-23T17:10:46.594+0000] {standard_task_runner.py:104} INFO - Running: ['***', 'tasks', 'run', 'fraud_detection', 'process_transaction', 'scheduled__2024-11-23T17:09:00+00:00', '--job-id', '150', '--raw', '--subdir', 'DAGS_FOLDER/fraud_detection_dag.py', '--cfg-path', '/tmp/tmppkz30j_v']
[2024-11-23T17:10:46.602+0000] {standard_task_runner.py:105} INFO - Job 150: Subtask process_transaction
[2024-11-23T17:10:46.715+0000] {task_command.py:467} INFO - Running <TaskInstance: fraud_detection.process_transaction scheduled__2024-11-23T17:09:00+00:00 [running]> on host 345e92ff26bf
[2024-11-23T17:10:46.909+0000] {taskinstance.py:3131} INFO - Exporting env vars: AIRFLOW_CTX_DAG_OWNER='fraud_team' AIRFLOW_CTX_DAG_ID='fraud_detection' AIRFLOW_CTX_TASK_ID='process_transaction' AIRFLOW_CTX_EXECUTION_DATE='2024-11-23T17:09:00+00:00' AIRFLOW_CTX_TRY_NUMBER='1' AIRFLOW_CTX_DAG_RUN_ID='scheduled__2024-11-23T17:09:00+00:00'
[2024-11-23T17:10:46.912+0000] {taskinstance.py:731} INFO - ::endgroup::
[2024-11-23T17:10:46.940+0000] {baseoperator.py:405} WARNING - BranchPythonOperator.execute cannot be called outside TaskInstance!
[2024-11-23T17:10:46.976+0000] {fraud_detection_dag.py:78} INFO - Données récupérées depuis XCom: {"columns":["cc_num","merchant","category","amt","first","last","gender","street","city","state","zip","lat","long","city_pop","job","dob","trans_num","merch_lat","merch_long","is_fraud","current_time"],"index":[8840],"data":[[4003989662068504,"fraud_Schimmel-Olson","kids_pets",143.52,"Chris","White","M","98897 Bennett Lodge","Bessemer","AL",35022,33.3224,-86.9657,71463,"Radio broadcast assistant","1989-02-08","6594b0e2601d99ee6e4a53d61b9d7cf4",33.535807,-86.784261,0,1732381841145]]}
[2024-11-23T17:10:46.977+0000] {fraud_detection_dag.py:86} INFO - Données JSON parsées avec succès
[2024-11-23T17:10:46.984+0000] {fraud_detection_dag.py:90} INFO - DataFrame créé avec 1 lignes
[2024-11-23T17:10:46.987+0000] {fraud_detection_dag.py:94} INFO - Colonnes renommées avec succès
[2024-11-23T17:10:46.989+0000] {fraud_detection_dag.py:95} INFO - Colonnes disponibles: ['cc_num', 'merchant', 'category', 'amt', 'first', 'last', 'gender', 'street', 'city', 'state', 'zip', 'lat', 'long', 'city_pop', 'job', 'dob', 'trans_num', 'merch_lat', 'merch_long', 'is_fraud', 'trans_date_trans_time']
[2024-11-23T17:10:46.993+0000] {fraud_detection_dag.py:99} INFO - Conversion de trans_date_trans_time en unix_time réussie
[2024-11-23T17:10:47.062+0000] {fraud_detection_dag.py:108} INFO - Transformation des données...
[2024-11-23T17:10:48.632+0000] {warnings.py:112} WARNING - /home/***/.local/lib/python3.12/site-packages/sklearn/ensemble/_base.py:172: UserWarning: Loky-backed parallel loops cannot be called in a multiprocessing, setting n_jobs=1
  n_jobs = min(effective_n_jobs(n_jobs), n_estimators)

[2024-11-23T17:10:48.653+0000] {warnings.py:112} WARNING - /home/***/.local/lib/python3.12/site-packages/sklearn/ensemble/_base.py:172: UserWarning: Loky-backed parallel loops cannot be called in a multiprocessing, setting n_jobs=1
  n_jobs = min(effective_n_jobs(n_jobs), n_estimators)

[2024-11-23T17:10:48.665+0000] {fraud_detection_dag.py:120} INFO - Prediction de fraude: NORMAL, Probabilité: 27.11%
[2024-11-23T17:10:48.774+0000] {fraud_detection_dag.py:126} INFO - Prédiction: NORMAL (Probabilité: 27.11%)
[2024-11-23T17:10:48.777+0000] {python.py:240} INFO - Done. Returned value was: notify_normal
[2024-11-23T17:10:48.778+0000] {branch.py:38} INFO - Branch into notify_normal
[2024-11-23T17:10:48.782+0000] {skipmixin.py:230} INFO - Following branch ('notify_normal',)
[2024-11-23T17:10:48.827+0000] {skipmixin.py:278} INFO - Skipping tasks [('notify_fraud', -1), ('skip_processing', -1)]
[2024-11-23T17:10:48.907+0000] {taskinstance.py:340} INFO - ::group::Post task execution logs
[2024-11-23T17:10:48.910+0000] {taskinstance.py:352} INFO - Marking task as SUCCESS. dag_id=fraud_detection, task_id=process_transaction, run_id=scheduled__2024-11-23T17:09:00+00:00, execution_date=20241123T170900, start_date=20241123T171046, end_date=20241123T171048
[2024-11-23T17:10:48.975+0000] {local_task_job_runner.py:266} INFO - Task exited with return code 0
[2024-11-23T17:10:49.067+0000] {taskinstance.py:3900} INFO - 1 downstream tasks scheduled from follow-on schedule check
[2024-11-23T17:10:49.074+0000] {local_task_job_runner.py:245} INFO - ::endgroup::
