[2024-11-02T22:53:32.724+0000] {local_task_job_runner.py:123} INFO - ::group::Pre task execution logs
[2024-11-02T22:53:32.748+0000] {taskinstance.py:2612} INFO - Dependencies all met for dep_context=non-requeueable deps ti=<TaskInstance: fraud_monitoring.system_health_check manual__2024-11-02T22:53:15.716728+00:00 [queued]>
[2024-11-02T22:53:32.765+0000] {taskinstance.py:2612} INFO - Dependencies all met for dep_context=requeueable deps ti=<TaskInstance: fraud_monitoring.system_health_check manual__2024-11-02T22:53:15.716728+00:00 [queued]>
[2024-11-02T22:53:32.766+0000] {taskinstance.py:2865} INFO - Starting attempt 1 of 2
[2024-11-02T22:53:32.790+0000] {taskinstance.py:2888} INFO - Executing <Task(PythonOperator): system_health_check> on 2024-11-02 22:53:15.716728+00:00
[2024-11-02T22:53:32.800+0000] {warnings.py:112} WARNING - /home/***/.local/lib/python3.12/site-packages/***/task/task_runner/standard_task_runner.py:70: DeprecationWarning: This process (pid=338) is multi-threaded, use of fork() may lead to deadlocks in the child.
  pid = os.fork()

[2024-11-02T22:53:32.803+0000] {standard_task_runner.py:72} INFO - Started process 340 to run task
[2024-11-02T22:53:32.806+0000] {standard_task_runner.py:104} INFO - Running: ['***', 'tasks', 'run', 'fraud_monitoring', 'system_health_check', 'manual__2024-11-02T22:53:15.716728+00:00', '--job-id', '29', '--raw', '--subdir', 'DAGS_FOLDER/monitoring_dag.py', '--cfg-path', '/tmp/tmptcfl02s3']
[2024-11-02T22:53:32.810+0000] {standard_task_runner.py:105} INFO - Job 29: Subtask system_health_check
[2024-11-02T22:53:32.891+0000] {task_command.py:467} INFO - Running <TaskInstance: fraud_monitoring.system_health_check manual__2024-11-02T22:53:15.716728+00:00 [running]> on host 713744f3b6c0
[2024-11-02T22:53:33.036+0000] {taskinstance.py:3131} INFO - Exporting env vars: AIRFLOW_CTX_DAG_OWNER='fraud_team' AIRFLOW_CTX_DAG_ID='fraud_monitoring' AIRFLOW_CTX_TASK_ID='system_health_check' AIRFLOW_CTX_EXECUTION_DATE='2024-11-02T22:53:15.716728+00:00' AIRFLOW_CTX_TRY_NUMBER='1' AIRFLOW_CTX_DAG_RUN_ID='manual__2024-11-02T22:53:15.716728+00:00'
[2024-11-02T22:53:33.038+0000] {taskinstance.py:731} INFO - ::endgroup::
[2024-11-02T22:53:55.119+0000] {monitoring_dag.py:48} INFO - Accès S3 vérifié: bucket=fraud-detection-bucket-jedha, prefix=fraud-detection-bucket-jedha
[2024-11-02T22:54:02.810+0000] {python.py:240} INFO - Done. Returned value was: None
[2024-11-02T22:54:02.876+0000] {taskinstance.py:340} INFO - ::group::Post task execution logs
[2024-11-02T22:54:02.877+0000] {taskinstance.py:352} INFO - Marking task as SUCCESS. dag_id=fraud_monitoring, task_id=system_health_check, run_id=manual__2024-11-02T22:53:15.716728+00:00, execution_date=20241102T225315, start_date=20241102T225332, end_date=20241102T225402
[2024-11-02T22:54:03.057+0000] {local_task_job_runner.py:266} INFO - Task exited with return code 0
[2024-11-02T22:54:03.130+0000] {taskinstance.py:3900} INFO - 0 downstream tasks scheduled from follow-on schedule check
[2024-11-02T22:54:03.135+0000] {local_task_job_runner.py:245} INFO - ::endgroup::
[2024-11-02T22:54:03.153+0000] {standard_task_runner.py:217} INFO - Process not found (most likely exited), stop collecting metrics
