[2024-11-08T18:17:58.848+0000] {local_task_job_runner.py:123} INFO - ::group::Pre task execution logs
[2024-11-08T18:17:58.874+0000] {taskinstance.py:2612} INFO - Dependencies all met for dep_context=non-requeueable deps ti=<TaskInstance: fraud_detection.process_transaction scheduled__2024-11-08T18:16:00+00:00 [queued]>
[2024-11-08T18:17:58.886+0000] {taskinstance.py:2612} INFO - Dependencies all met for dep_context=requeueable deps ti=<TaskInstance: fraud_detection.process_transaction scheduled__2024-11-08T18:16:00+00:00 [queued]>
[2024-11-08T18:17:58.887+0000] {taskinstance.py:2865} INFO - Starting attempt 1 of 2
[2024-11-08T18:17:58.911+0000] {taskinstance.py:2888} INFO - Executing <Task(BranchPythonOperator): process_transaction> on 2024-11-08 18:16:00+00:00
[2024-11-08T18:17:58.923+0000] {warnings.py:112} WARNING - /home/***/.local/lib/python3.12/site-packages/***/task/task_runner/standard_task_runner.py:70: DeprecationWarning: This process (pid=978) is multi-threaded, use of fork() may lead to deadlocks in the child.
  pid = os.fork()

[2024-11-08T18:17:58.925+0000] {standard_task_runner.py:72} INFO - Started process 980 to run task
[2024-11-08T18:17:58.927+0000] {standard_task_runner.py:104} INFO - Running: ['***', 'tasks', 'run', 'fraud_detection', 'process_transaction', 'scheduled__2024-11-08T18:16:00+00:00', '--job-id', '217', '--raw', '--subdir', 'DAGS_FOLDER/fraud_detection_dag.py', '--cfg-path', '/tmp/tmp8pxi_5ov']
[2024-11-08T18:17:58.931+0000] {standard_task_runner.py:105} INFO - Job 217: Subtask process_transaction
[2024-11-08T18:17:59.004+0000] {task_command.py:467} INFO - Running <TaskInstance: fraud_detection.process_transaction scheduled__2024-11-08T18:16:00+00:00 [running]> on host 641085defe8e
[2024-11-08T18:17:59.187+0000] {taskinstance.py:3131} INFO - Exporting env vars: AIRFLOW_CTX_DAG_OWNER='fraud_team' AIRFLOW_CTX_DAG_ID='fraud_detection' AIRFLOW_CTX_TASK_ID='process_transaction' AIRFLOW_CTX_EXECUTION_DATE='2024-11-08T18:16:00+00:00' AIRFLOW_CTX_TRY_NUMBER='1' AIRFLOW_CTX_DAG_RUN_ID='scheduled__2024-11-08T18:16:00+00:00'
[2024-11-08T18:17:59.198+0000] {taskinstance.py:731} INFO - ::endgroup::
[2024-11-08T18:17:59.228+0000] {baseoperator.py:405} WARNING - BranchPythonOperator.execute cannot be called outside TaskInstance!
[2024-11-08T18:17:59.249+0000] {fraud_detection_dag.py:77} INFO - Données récupérées depuis XCom: {"columns":["cc_num","merchant","category","amt","first","last","gender","street","city","state","zip","lat","long","city_pop","job","dob","trans_num","merch_lat","merch_long","is_fraud","current_time"],"index":[425232],"data":[[3513618443244549,"fraud_Thiel-Thiel","entertainment",18.13,"Amber","Perez","F","954 Reyes Ways","Fulton","SD",57340,43.7588,-97.8712,355,"Financial adviser","1955-06-26","8b410b7c84dc62912e15779908c89cd9",44.298227,-97.171,0,1731089875693]]}
[2024-11-08T18:17:59.250+0000] {fraud_detection_dag.py:85} INFO - Données JSON parsées avec succès
[2024-11-08T18:17:59.253+0000] {fraud_detection_dag.py:89} INFO - DataFrame créé avec 1 lignes
[2024-11-08T18:17:59.257+0000] {fraud_detection_dag.py:93} INFO - Colonnes renommées avec succès
[2024-11-08T18:17:59.257+0000] {fraud_detection_dag.py:94} INFO - Colonnes disponibles: ['cc_num', 'merchant', 'category', 'amt', 'first', 'last', 'gender', 'street', 'city', 'state', 'zip', 'lat', 'long', 'city_pop', 'job', 'dob', 'trans_num', 'merch_lat', 'merch_long', 'is_fraud', 'trans_date_trans_time']
[2024-11-08T18:17:59.260+0000] {fraud_detection_dag.py:98} INFO - Conversion de trans_date_trans_time en unix_time réussie
[2024-11-08T18:17:59.303+0000] {fraud_detection_dag.py:107} INFO - Transformation des données...
[2024-11-08T18:18:01.249+0000] {warnings.py:112} WARNING - /home/***/.local/lib/python3.12/site-packages/sklearn/ensemble/_base.py:172: UserWarning: Loky-backed parallel loops cannot be called in a multiprocessing, setting n_jobs=1
  n_jobs = min(effective_n_jobs(n_jobs), n_estimators)

[2024-11-08T18:18:01.322+0000] {warnings.py:112} WARNING - /home/***/.local/lib/python3.12/site-packages/sklearn/ensemble/_base.py:172: UserWarning: Loky-backed parallel loops cannot be called in a multiprocessing, setting n_jobs=1
  n_jobs = min(effective_n_jobs(n_jobs), n_estimators)

[2024-11-08T18:18:01.339+0000] {fraud_detection_dag.py:119} INFO - Prediction de fraude: NORMAL, Probabilité: 39.93%
[2024-11-08T18:18:01.606+0000] {fraud_detection_dag.py:125} INFO - Prédiction: NORMAL (Probabilité: 39.93%)
[2024-11-08T18:18:01.607+0000] {python.py:240} INFO - Done. Returned value was: notify_normal
[2024-11-08T18:18:01.609+0000] {branch.py:38} INFO - Branch into notify_normal
[2024-11-08T18:18:01.613+0000] {skipmixin.py:230} INFO - Following branch ('notify_normal',)
[2024-11-08T18:18:01.759+0000] {skipmixin.py:278} INFO - Skipping tasks [('skip_processing', -1), ('notify_fraud', -1)]
[2024-11-08T18:18:01.859+0000] {taskinstance.py:340} INFO - ::group::Post task execution logs
[2024-11-08T18:18:01.860+0000] {taskinstance.py:352} INFO - Marking task as SUCCESS. dag_id=fraud_detection, task_id=process_transaction, run_id=scheduled__2024-11-08T18:16:00+00:00, execution_date=20241108T181600, start_date=20241108T181758, end_date=20241108T181801
[2024-11-08T18:18:01.954+0000] {local_task_job_runner.py:266} INFO - Task exited with return code 0
[2024-11-08T18:18:02.112+0000] {taskinstance.py:3900} INFO - 1 downstream tasks scheduled from follow-on schedule check
[2024-11-08T18:18:02.121+0000] {local_task_job_runner.py:245} INFO - ::endgroup::
