[2024-11-23T17:18:38.671+0000] {local_task_job_runner.py:123} INFO - ::group::Pre task execution logs
[2024-11-23T17:18:38.705+0000] {taskinstance.py:2612} INFO - Dependencies all met for dep_context=non-requeueable deps ti=<TaskInstance: fraud_detection.process_transaction scheduled__2024-11-23T17:17:00+00:00 [queued]>
[2024-11-23T17:18:38.730+0000] {taskinstance.py:2612} INFO - Dependencies all met for dep_context=requeueable deps ti=<TaskInstance: fraud_detection.process_transaction scheduled__2024-11-23T17:17:00+00:00 [queued]>
[2024-11-23T17:18:38.731+0000] {taskinstance.py:2865} INFO - Starting attempt 1 of 2
[2024-11-23T17:18:38.776+0000] {taskinstance.py:2888} INFO - Executing <Task(BranchPythonOperator): process_transaction> on 2024-11-23 17:17:00+00:00
[2024-11-23T17:18:38.805+0000] {warnings.py:112} WARNING - /home/***/.local/lib/python3.12/site-packages/***/task/task_runner/standard_task_runner.py:70: DeprecationWarning: This process (pid=1982) is multi-threaded, use of fork() may lead to deadlocks in the child.
  pid = os.fork()

[2024-11-23T17:18:38.811+0000] {standard_task_runner.py:72} INFO - Started process 1987 to run task
[2024-11-23T17:18:38.818+0000] {standard_task_runner.py:104} INFO - Running: ['***', 'tasks', 'run', 'fraud_detection', 'process_transaction', 'scheduled__2024-11-23T17:17:00+00:00', '--job-id', '198', '--raw', '--subdir', 'DAGS_FOLDER/fraud_detection_dag.py', '--cfg-path', '/tmp/tmpbizbbzam']
[2024-11-23T17:18:38.826+0000] {standard_task_runner.py:105} INFO - Job 198: Subtask process_transaction
[2024-11-23T17:18:39.055+0000] {task_command.py:467} INFO - Running <TaskInstance: fraud_detection.process_transaction scheduled__2024-11-23T17:17:00+00:00 [running]> on host 345e92ff26bf
[2024-11-23T17:18:39.338+0000] {taskinstance.py:3131} INFO - Exporting env vars: AIRFLOW_CTX_DAG_OWNER='fraud_team' AIRFLOW_CTX_DAG_ID='fraud_detection' AIRFLOW_CTX_TASK_ID='process_transaction' AIRFLOW_CTX_EXECUTION_DATE='2024-11-23T17:17:00+00:00' AIRFLOW_CTX_TRY_NUMBER='1' AIRFLOW_CTX_DAG_RUN_ID='scheduled__2024-11-23T17:17:00+00:00'
[2024-11-23T17:18:39.346+0000] {taskinstance.py:731} INFO - ::endgroup::
[2024-11-23T17:18:39.405+0000] {baseoperator.py:405} WARNING - BranchPythonOperator.execute cannot be called outside TaskInstance!
[2024-11-23T17:18:39.456+0000] {fraud_detection_dag.py:78} INFO - Données récupérées depuis XCom: {"columns":["cc_num","merchant","category","amt","first","last","gender","street","city","state","zip","lat","long","city_pop","job","dob","trans_num","merch_lat","merch_long","is_fraud","current_time"],"index":[474338],"data":[[4147608975828480,"fraud_Zemlak Group","misc_net",147.58,"Edward","Tapia","M","354 Gutierrez Gateway","Comfrey","MN",56019,44.1111,-94.9134,914,"Health and safety adviser","1944-07-26","4bf08be0134d24f70e02cef3685e033f",45.060962,-95.061692,0,1732382314166]]}
[2024-11-23T17:18:39.460+0000] {fraud_detection_dag.py:86} INFO - Données JSON parsées avec succès
[2024-11-23T17:18:39.470+0000] {fraud_detection_dag.py:90} INFO - DataFrame créé avec 1 lignes
[2024-11-23T17:18:39.478+0000] {fraud_detection_dag.py:94} INFO - Colonnes renommées avec succès
[2024-11-23T17:18:39.478+0000] {fraud_detection_dag.py:95} INFO - Colonnes disponibles: ['cc_num', 'merchant', 'category', 'amt', 'first', 'last', 'gender', 'street', 'city', 'state', 'zip', 'lat', 'long', 'city_pop', 'job', 'dob', 'trans_num', 'merch_lat', 'merch_long', 'is_fraud', 'trans_date_trans_time']
[2024-11-23T17:18:39.483+0000] {fraud_detection_dag.py:99} INFO - Conversion de trans_date_trans_time en unix_time réussie
[2024-11-23T17:18:39.555+0000] {fraud_detection_dag.py:108} INFO - Transformation des données...
[2024-11-23T17:18:41.256+0000] {warnings.py:112} WARNING - /home/***/.local/lib/python3.12/site-packages/sklearn/ensemble/_base.py:172: UserWarning: Loky-backed parallel loops cannot be called in a multiprocessing, setting n_jobs=1
  n_jobs = min(effective_n_jobs(n_jobs), n_estimators)

[2024-11-23T17:18:41.317+0000] {warnings.py:112} WARNING - /home/***/.local/lib/python3.12/site-packages/sklearn/ensemble/_base.py:172: UserWarning: Loky-backed parallel loops cannot be called in a multiprocessing, setting n_jobs=1
  n_jobs = min(effective_n_jobs(n_jobs), n_estimators)

[2024-11-23T17:18:41.330+0000] {fraud_detection_dag.py:120} INFO - Prediction de fraude: NORMAL, Probabilité: 36.16%
[2024-11-23T17:18:41.451+0000] {fraud_detection_dag.py:126} INFO - Prédiction: NORMAL (Probabilité: 36.16%)
[2024-11-23T17:18:41.453+0000] {python.py:240} INFO - Done. Returned value was: notify_normal
[2024-11-23T17:18:41.458+0000] {branch.py:38} INFO - Branch into notify_normal
[2024-11-23T17:18:41.459+0000] {skipmixin.py:230} INFO - Following branch ('notify_normal',)
[2024-11-23T17:18:41.515+0000] {skipmixin.py:278} INFO - Skipping tasks [('notify_fraud', -1), ('skip_processing', -1)]
[2024-11-23T17:18:41.679+0000] {taskinstance.py:340} INFO - ::group::Post task execution logs
[2024-11-23T17:18:41.680+0000] {taskinstance.py:352} INFO - Marking task as SUCCESS. dag_id=fraud_detection, task_id=process_transaction, run_id=scheduled__2024-11-23T17:17:00+00:00, execution_date=20241123T171700, start_date=20241123T171838, end_date=20241123T171841
[2024-11-23T17:18:41.974+0000] {local_task_job_runner.py:266} INFO - Task exited with return code 0
[2024-11-23T17:18:42.104+0000] {taskinstance.py:3900} INFO - 1 downstream tasks scheduled from follow-on schedule check
[2024-11-23T17:18:42.130+0000] {local_task_job_runner.py:245} INFO - ::endgroup::
