[2024-11-23T18:05:50.757+0000] {local_task_job_runner.py:123} INFO - ::group::Pre task execution logs
[2024-11-23T18:05:50.819+0000] {taskinstance.py:2612} INFO - Dependencies all met for dep_context=non-requeueable deps ti=<TaskInstance: fraud_detection.notify_normal scheduled__2024-11-23T18:04:00+00:00 [queued]>
[2024-11-23T18:05:50.848+0000] {taskinstance.py:2612} INFO - Dependencies all met for dep_context=requeueable deps ti=<TaskInstance: fraud_detection.notify_normal scheduled__2024-11-23T18:04:00+00:00 [queued]>
[2024-11-23T18:05:50.849+0000] {taskinstance.py:2865} INFO - Starting attempt 1 of 2
[2024-11-23T18:05:50.895+0000] {taskinstance.py:2888} INFO - Executing <Task(PythonOperator): notify_normal> on 2024-11-23 18:04:00+00:00
[2024-11-23T18:05:50.918+0000] {warnings.py:112} WARNING - /home/***/.local/lib/python3.12/site-packages/***/task/task_runner/standard_task_runner.py:70: DeprecationWarning: This process (pid=4340) is multi-threaded, use of fork() may lead to deadlocks in the child.
  pid = os.fork()

[2024-11-23T18:05:50.921+0000] {standard_task_runner.py:72} INFO - Started process 4345 to run task
[2024-11-23T18:05:50.926+0000] {standard_task_runner.py:104} INFO - Running: ['***', 'tasks', 'run', 'fraud_detection', 'notify_normal', 'scheduled__2024-11-23T18:04:00+00:00', '--job-id', '432', '--raw', '--subdir', 'DAGS_FOLDER/fraud_detection_dag.py', '--cfg-path', '/tmp/tmp4dfmnavq']
[2024-11-23T18:05:50.933+0000] {standard_task_runner.py:105} INFO - Job 432: Subtask notify_normal
[2024-11-23T18:05:51.083+0000] {task_command.py:467} INFO - Running <TaskInstance: fraud_detection.notify_normal scheduled__2024-11-23T18:04:00+00:00 [running]> on host 345e92ff26bf
[2024-11-23T18:05:51.305+0000] {taskinstance.py:3131} INFO - Exporting env vars: AIRFLOW_CTX_DAG_OWNER='fraud_team' AIRFLOW_CTX_DAG_ID='fraud_detection' AIRFLOW_CTX_TASK_ID='notify_normal' AIRFLOW_CTX_EXECUTION_DATE='2024-11-23T18:04:00+00:00' AIRFLOW_CTX_TRY_NUMBER='1' AIRFLOW_CTX_DAG_RUN_ID='scheduled__2024-11-23T18:04:00+00:00'
[2024-11-23T18:05:51.308+0000] {taskinstance.py:731} INFO - ::endgroup::
[2024-11-23T18:05:51.462+0000] {fraud_detection_dag.py:144} INFO - Données de transaction récupérées: {"columns":["cc_num","merchant","category","amt","first","last","gender","street","city","state","zip","lat","long","city_pop","job","dob","trans_num","merch_lat","merch_long","is_fraud","current_time"],"index":[534237],"data":[[4658490815480264,"fraud_Leannon-Nikolaus","travel",6.58,"Tara","Richards","F","4879 Cristina Station","Keisterville","PA",15449,39.9636,-79.7853,184,"Systems developer","1945-11-04","cc98414448d7b355a012b7ee36eda98e",40.036647,-79.788203,0,1732385137438]]}
[2024-11-23T18:05:51.463+0000] {fraud_detection_dag.py:145} INFO - Probabilité de fraude: 0.38732880968515765
[2024-11-23T18:05:51.463+0000] {fraud_detection_dag.py:146} INFO - Est une fraude: False
[2024-11-23T18:05:51.511+0000] {fraud_detection_dag.py:206} INFO - Tentative d'envoi d'email normale...
[2024-11-23T18:05:51.514+0000] {fraud_detection_dag.py:207} INFO - Contenu de l'email:

        ✅ Transaction NORMALE détectée!
        
        Statut: Vert
        Probabilité de fraude: 38.73%
        
        Détails de la transaction:
        --------------------------
        ID Transaction: cc98414448d7b355a012b7ee36eda98e
        Montant: 6.58€
        Date/Heure: 2024-11-23 18:05:37
        
        Informations sur le marchand:
        ----------------------------
        Nom: fraud_Leannon-Nikolaus
        Ville: Keisterville
        État: PA
        
        Informations sur le client:
        --------------------------
        Nom: Tara Richards
        Ville: Keisterville
        
        Cette notification a été générée automatiquement par le système de détection de fraude.
        
[2024-11-23T18:05:52.768+0000] {fraud_detection_dag.py:217} INFO - Email envoyé avec succès
[2024-11-23T18:05:52.770+0000] {python.py:240} INFO - Done. Returned value was: store_normal
[2024-11-23T18:05:52.844+0000] {taskinstance.py:340} INFO - ::group::Post task execution logs
[2024-11-23T18:05:52.846+0000] {taskinstance.py:352} INFO - Marking task as SUCCESS. dag_id=fraud_detection, task_id=notify_normal, run_id=scheduled__2024-11-23T18:04:00+00:00, execution_date=20241123T180400, start_date=20241123T180550, end_date=20241123T180552
[2024-11-23T18:05:52.911+0000] {local_task_job_runner.py:266} INFO - Task exited with return code 0
[2024-11-23T18:05:53.030+0000] {taskinstance.py:3900} INFO - 1 downstream tasks scheduled from follow-on schedule check
[2024-11-23T18:05:53.047+0000] {local_task_job_runner.py:245} INFO - ::endgroup::
