[2024-11-23T17:03:50.945+0000] {local_task_job_runner.py:123} INFO - ::group::Pre task execution logs
[2024-11-23T17:03:50.999+0000] {taskinstance.py:2612} INFO - Dependencies all met for dep_context=non-requeueable deps ti=<TaskInstance: fraud_detection.notify_normal scheduled__2024-11-23T17:02:00+00:00 [queued]>
[2024-11-23T17:03:51.028+0000] {taskinstance.py:2612} INFO - Dependencies all met for dep_context=requeueable deps ti=<TaskInstance: fraud_detection.notify_normal scheduled__2024-11-23T17:02:00+00:00 [queued]>
[2024-11-23T17:03:51.029+0000] {taskinstance.py:2865} INFO - Starting attempt 1 of 2
[2024-11-23T17:03:51.057+0000] {taskinstance.py:2888} INFO - Executing <Task(PythonOperator): notify_normal> on 2024-11-23 17:02:00+00:00
[2024-11-23T17:03:51.069+0000] {warnings.py:112} WARNING - /home/***/.local/lib/python3.12/site-packages/***/task/task_runner/standard_task_runner.py:70: DeprecationWarning: This process (pid=1055) is multi-threaded, use of fork() may lead to deadlocks in the child.
  pid = os.fork()

[2024-11-23T17:03:51.071+0000] {standard_task_runner.py:72} INFO - Started process 1062 to run task
[2024-11-23T17:03:51.073+0000] {standard_task_runner.py:104} INFO - Running: ['***', 'tasks', 'run', 'fraud_detection', 'notify_normal', 'scheduled__2024-11-23T17:02:00+00:00', '--job-id', '109', '--raw', '--subdir', 'DAGS_FOLDER/fraud_detection_dag.py', '--cfg-path', '/tmp/tmpo6mow32g']
[2024-11-23T17:03:51.078+0000] {standard_task_runner.py:105} INFO - Job 109: Subtask notify_normal
[2024-11-23T17:03:51.173+0000] {task_command.py:467} INFO - Running <TaskInstance: fraud_detection.notify_normal scheduled__2024-11-23T17:02:00+00:00 [running]> on host 345e92ff26bf
[2024-11-23T17:03:51.353+0000] {taskinstance.py:3131} INFO - Exporting env vars: AIRFLOW_CTX_DAG_OWNER='fraud_team' AIRFLOW_CTX_DAG_ID='fraud_detection' AIRFLOW_CTX_TASK_ID='notify_normal' AIRFLOW_CTX_EXECUTION_DATE='2024-11-23T17:02:00+00:00' AIRFLOW_CTX_TRY_NUMBER='1' AIRFLOW_CTX_DAG_RUN_ID='scheduled__2024-11-23T17:02:00+00:00'
[2024-11-23T17:03:51.356+0000] {taskinstance.py:731} INFO - ::endgroup::
[2024-11-23T17:03:51.429+0000] {fraud_detection_dag.py:219} INFO - Données de transaction récupérées: {"columns":["cc_num","merchant","category","amt","first","last","gender","street","city","state","zip","lat","long","city_pop","job","dob","trans_num","merch_lat","merch_long","is_fraud","current_time"],"index":[152875],"data":[[4861310130652566408,"fraud_Sawayn PLC","shopping_pos",15.87,"Ashley","Cruz","F","65417 Walsh Radial Suite 691","Saint Amant","LA",70774,30.2385,-90.8435,10076,"Surveyor, rural practice","1977-12-16","980aa27d8537f13c11bc24a9c34c7096",31.238426,-90.709924,0,1732381421651]]}
[2024-11-23T17:03:51.430+0000] {fraud_detection_dag.py:220} INFO - Probabilité de fraude: 0.3530793668872242
[2024-11-23T17:03:51.431+0000] {fraud_detection_dag.py:221} INFO - Est une fraude: False
[2024-11-23T17:03:51.440+0000] {fraud_detection_dag.py:281} INFO - Tentative d'envoi d'email normale...
[2024-11-23T17:03:51.440+0000] {fraud_detection_dag.py:282} INFO - Contenu de l'email:

        ✅ Transaction NORMALE détectée!
        
        Statut: Vert
        Probabilité de fraude: 35.31%
        
        Détails de la transaction:
        --------------------------
        ID Transaction: 980aa27d8537f13c11bc24a9c34c7096
        Montant: 15.87€
        Date/Heure: 2024-11-23 17:03:41
        
        Informations sur le marchand:
        ----------------------------
        Nom: fraud_Sawayn PLC
        Ville: Saint Amant
        État: LA
        
        Informations sur le client:
        --------------------------
        Nom: Ashley Cruz
        Ville: Saint Amant
        
        Cette notification a été générée automatiquement par le système de détection de fraude.
        
[2024-11-23T17:03:54.070+0000] {fraud_detection_dag.py:292} INFO - Email envoyé avec succès
[2024-11-23T17:03:54.077+0000] {python.py:240} INFO - Done. Returned value was: store_normal
[2024-11-23T17:03:54.157+0000] {taskinstance.py:340} INFO - ::group::Post task execution logs
[2024-11-23T17:03:54.160+0000] {taskinstance.py:352} INFO - Marking task as SUCCESS. dag_id=fraud_detection, task_id=notify_normal, run_id=scheduled__2024-11-23T17:02:00+00:00, execution_date=20241123T170200, start_date=20241123T170351, end_date=20241123T170354
[2024-11-23T17:03:54.250+0000] {local_task_job_runner.py:266} INFO - Task exited with return code 0
[2024-11-23T17:03:54.342+0000] {taskinstance.py:3900} INFO - 1 downstream tasks scheduled from follow-on schedule check
[2024-11-23T17:03:54.349+0000] {local_task_job_runner.py:245} INFO - ::endgroup::
