[2024-11-23T18:02:56.489+0000] {local_task_job_runner.py:123} INFO - ::group::Pre task execution logs
[2024-11-23T18:02:56.627+0000] {taskinstance.py:2612} INFO - Dependencies all met for dep_context=non-requeueable deps ti=<TaskInstance: fraud_detection.notify_normal scheduled__2024-11-23T18:00:00+00:00 [queued]>
[2024-11-23T18:02:56.723+0000] {taskinstance.py:2612} INFO - Dependencies all met for dep_context=requeueable deps ti=<TaskInstance: fraud_detection.notify_normal scheduled__2024-11-23T18:00:00+00:00 [queued]>
[2024-11-23T18:02:56.726+0000] {taskinstance.py:2865} INFO - Starting attempt 1 of 2
[2024-11-23T18:02:56.791+0000] {taskinstance.py:2888} INFO - Executing <Task(PythonOperator): notify_normal> on 2024-11-23 18:00:00+00:00
[2024-11-23T18:02:56.855+0000] {warnings.py:112} WARNING - /home/***/.local/lib/python3.12/site-packages/***/task/task_runner/standard_task_runner.py:70: DeprecationWarning: This process (pid=4054) is multi-threaded, use of fork() may lead to deadlocks in the child.
  pid = os.fork()

[2024-11-23T18:02:56.859+0000] {standard_task_runner.py:72} INFO - Started process 4065 to run task
[2024-11-23T18:02:56.858+0000] {standard_task_runner.py:104} INFO - Running: ['***', 'tasks', 'run', 'fraud_detection', 'notify_normal', 'scheduled__2024-11-23T18:00:00+00:00', '--job-id', '399', '--raw', '--subdir', 'DAGS_FOLDER/fraud_detection_dag.py', '--cfg-path', '/tmp/tmpm379kjqi']
[2024-11-23T18:02:56.864+0000] {standard_task_runner.py:105} INFO - Job 399: Subtask notify_normal
[2024-11-23T18:02:57.370+0000] {task_command.py:467} INFO - Running <TaskInstance: fraud_detection.notify_normal scheduled__2024-11-23T18:00:00+00:00 [running]> on host 345e92ff26bf
[2024-11-23T18:02:58.026+0000] {taskinstance.py:3131} INFO - Exporting env vars: AIRFLOW_CTX_DAG_OWNER='fraud_team' AIRFLOW_CTX_DAG_ID='fraud_detection' AIRFLOW_CTX_TASK_ID='notify_normal' AIRFLOW_CTX_EXECUTION_DATE='2024-11-23T18:00:00+00:00' AIRFLOW_CTX_TRY_NUMBER='1' AIRFLOW_CTX_DAG_RUN_ID='scheduled__2024-11-23T18:00:00+00:00'
[2024-11-23T18:02:58.032+0000] {taskinstance.py:731} INFO - ::endgroup::
[2024-11-23T18:02:58.403+0000] {fraud_detection_dag.py:144} INFO - Données de transaction récupérées: {"columns":["cc_num","merchant","category","amt","first","last","gender","street","city","state","zip","lat","long","city_pop","job","dob","trans_num","merch_lat","merch_long","is_fraud","current_time"],"index":[333244],"data":[[3518669219150142,"fraud_Lowe, Dietrich and Erdman","kids_pets",5.66,"Dorothy","Thomas","F","537 Rice Square Suite 040","Milford","OH",45150,39.1657,-84.233,31394,"Hospital doctor","1996-11-12","7e3b4547160d1a95ef314116b15f6a0f",39.865879,-83.763341,0,1732384957266]]}
[2024-11-23T18:02:58.414+0000] {fraud_detection_dag.py:145} INFO - Probabilité de fraude: 0.31342335268833377
[2024-11-23T18:02:58.415+0000] {fraud_detection_dag.py:146} INFO - Est une fraude: False
[2024-11-23T18:02:58.436+0000] {fraud_detection_dag.py:206} INFO - Tentative d'envoi d'email normale...
[2024-11-23T18:02:58.440+0000] {fraud_detection_dag.py:207} INFO - Contenu de l'email:

        ✅ Transaction NORMALE détectée!
        
        Statut: Vert
        Probabilité de fraude: 31.34%
        
        Détails de la transaction:
        --------------------------
        ID Transaction: 7e3b4547160d1a95ef314116b15f6a0f
        Montant: 5.66€
        Date/Heure: 2024-11-23 18:02:37
        
        Informations sur le marchand:
        ----------------------------
        Nom: fraud_Lowe, Dietrich and Erdman
        Ville: Milford
        État: OH
        
        Informations sur le client:
        --------------------------
        Nom: Dorothy Thomas
        Ville: Milford
        
        Cette notification a été générée automatiquement par le système de détection de fraude.
        
[2024-11-23T18:03:04.608+0000] {fraud_detection_dag.py:217} INFO - Email envoyé avec succès
[2024-11-23T18:03:04.615+0000] {python.py:240} INFO - Done. Returned value was: store_normal
[2024-11-23T18:03:04.750+0000] {taskinstance.py:340} INFO - ::group::Post task execution logs
[2024-11-23T18:03:04.751+0000] {taskinstance.py:352} INFO - Marking task as SUCCESS. dag_id=fraud_detection, task_id=notify_normal, run_id=scheduled__2024-11-23T18:00:00+00:00, execution_date=20241123T180000, start_date=20241123T180256, end_date=20241123T180304
[2024-11-23T18:03:05.285+0000] {local_task_job_runner.py:266} INFO - Task exited with return code 0
[2024-11-23T18:03:05.452+0000] {taskinstance.py:3900} INFO - 1 downstream tasks scheduled from follow-on schedule check
[2024-11-23T18:03:05.457+0000] {local_task_job_runner.py:245} INFO - ::endgroup::
