[2024-11-23T18:00:06.104+0000] {local_task_job_runner.py:123} INFO - ::group::Pre task execution logs
[2024-11-23T18:00:06.201+0000] {taskinstance.py:2612} INFO - Dependencies all met for dep_context=non-requeueable deps ti=<TaskInstance: fraud_detection.notify_normal scheduled__2024-11-23T17:58:00+00:00 [queued]>
[2024-11-23T18:00:06.226+0000] {taskinstance.py:2612} INFO - Dependencies all met for dep_context=requeueable deps ti=<TaskInstance: fraud_detection.notify_normal scheduled__2024-11-23T17:58:00+00:00 [queued]>
[2024-11-23T18:00:06.227+0000] {taskinstance.py:2865} INFO - Starting attempt 1 of 2
[2024-11-23T18:00:06.257+0000] {taskinstance.py:2888} INFO - Executing <Task(PythonOperator): notify_normal> on 2024-11-23 17:58:00+00:00
[2024-11-23T18:00:06.287+0000] {warnings.py:112} WARNING - /home/***/.local/lib/python3.12/site-packages/***/task/task_runner/standard_task_runner.py:70: DeprecationWarning: This process (pid=3908) is multi-threaded, use of fork() may lead to deadlocks in the child.
  pid = os.fork()

[2024-11-23T18:00:06.300+0000] {standard_task_runner.py:72} INFO - Started process 3919 to run task
[2024-11-23T18:00:06.359+0000] {standard_task_runner.py:104} INFO - Running: ['***', 'tasks', 'run', 'fraud_detection', 'notify_normal', 'scheduled__2024-11-23T17:58:00+00:00', '--job-id', '384', '--raw', '--subdir', 'DAGS_FOLDER/fraud_detection_dag.py', '--cfg-path', '/tmp/tmp51_qhj1k']
[2024-11-23T18:00:06.373+0000] {standard_task_runner.py:105} INFO - Job 384: Subtask notify_normal
[2024-11-23T18:00:06.615+0000] {task_command.py:467} INFO - Running <TaskInstance: fraud_detection.notify_normal scheduled__2024-11-23T17:58:00+00:00 [running]> on host 345e92ff26bf
[2024-11-23T18:00:07.192+0000] {taskinstance.py:3131} INFO - Exporting env vars: AIRFLOW_CTX_DAG_OWNER='fraud_team' AIRFLOW_CTX_DAG_ID='fraud_detection' AIRFLOW_CTX_TASK_ID='notify_normal' AIRFLOW_CTX_EXECUTION_DATE='2024-11-23T17:58:00+00:00' AIRFLOW_CTX_TRY_NUMBER='1' AIRFLOW_CTX_DAG_RUN_ID='scheduled__2024-11-23T17:58:00+00:00'
[2024-11-23T18:00:07.208+0000] {taskinstance.py:731} INFO - ::endgroup::
[2024-11-23T18:00:07.366+0000] {fraud_detection_dag.py:144} INFO - Données de transaction récupérées: {"columns":["cc_num","merchant","category","amt","first","last","gender","street","city","state","zip","lat","long","city_pop","job","dob","trans_num","merch_lat","merch_long","is_fraud","current_time"],"index":[215881],"data":[[3589255887819806,"fraud_Huels-Hahn","gas_transport",62.2,"David","Miller","M","622 Bradley Knoll Apt. 758","Hancock","MD",21750,39.6991,-78.1762,3766,"Press photographer","1984-02-14","3ab8d82f893b9dd32491d935deb90b4c",39.897259,-77.796939,0,1732384791018]]}
[2024-11-23T18:00:07.371+0000] {fraud_detection_dag.py:145} INFO - Probabilité de fraude: 0.36996051676394587
[2024-11-23T18:00:07.372+0000] {fraud_detection_dag.py:146} INFO - Est une fraude: False
[2024-11-23T18:00:07.402+0000] {fraud_detection_dag.py:206} INFO - Tentative d'envoi d'email normale...
[2024-11-23T18:00:07.403+0000] {fraud_detection_dag.py:207} INFO - Contenu de l'email:

        ✅ Transaction NORMALE détectée!
        
        Statut: Vert
        Probabilité de fraude: 37.00%
        
        Détails de la transaction:
        --------------------------
        ID Transaction: 3ab8d82f893b9dd32491d935deb90b4c
        Montant: 62.20€
        Date/Heure: 2024-11-23 17:59:51
        
        Informations sur le marchand:
        ----------------------------
        Nom: fraud_Huels-Hahn
        Ville: Hancock
        État: MD
        
        Informations sur le client:
        --------------------------
        Nom: David Miller
        Ville: Hancock
        
        Cette notification a été générée automatiquement par le système de détection de fraude.
        
[2024-11-23T18:00:09.750+0000] {fraud_detection_dag.py:217} INFO - Email envoyé avec succès
[2024-11-23T18:00:09.751+0000] {python.py:240} INFO - Done. Returned value was: store_normal
[2024-11-23T18:00:09.855+0000] {taskinstance.py:340} INFO - ::group::Post task execution logs
[2024-11-23T18:00:09.857+0000] {taskinstance.py:352} INFO - Marking task as SUCCESS. dag_id=fraud_detection, task_id=notify_normal, run_id=scheduled__2024-11-23T17:58:00+00:00, execution_date=20241123T175800, start_date=20241123T180006, end_date=20241123T180009
[2024-11-23T18:00:09.947+0000] {local_task_job_runner.py:266} INFO - Task exited with return code 0
[2024-11-23T18:00:10.063+0000] {taskinstance.py:3900} INFO - 1 downstream tasks scheduled from follow-on schedule check
[2024-11-23T18:00:10.067+0000] {local_task_job_runner.py:245} INFO - ::endgroup::
