[2024-11-23T16:58:23.477+0000] {local_task_job_runner.py:123} INFO - ::group::Pre task execution logs
[2024-11-23T16:58:23.560+0000] {taskinstance.py:2612} INFO - Dependencies all met for dep_context=non-requeueable deps ti=<TaskInstance: fraud_detection.notify_normal manual__2024-11-23T16:56:59.258376+00:00 [queued]>
[2024-11-23T16:58:23.606+0000] {taskinstance.py:2612} INFO - Dependencies all met for dep_context=requeueable deps ti=<TaskInstance: fraud_detection.notify_normal manual__2024-11-23T16:56:59.258376+00:00 [queued]>
[2024-11-23T16:58:23.609+0000] {taskinstance.py:2865} INFO - Starting attempt 1 of 2
[2024-11-23T16:58:23.656+0000] {taskinstance.py:2888} INFO - Executing <Task(PythonOperator): notify_normal> on 2024-11-23 16:56:59.258376+00:00
[2024-11-23T16:58:23.709+0000] {warnings.py:112} WARNING - /home/***/.local/lib/python3.12/site-packages/***/task/task_runner/standard_task_runner.py:70: DeprecationWarning: This process (pid=622) is multi-threaded, use of fork() may lead to deadlocks in the child.
  pid = os.fork()

[2024-11-23T16:58:23.723+0000] {standard_task_runner.py:72} INFO - Started process 629 to run task
[2024-11-23T16:58:23.722+0000] {standard_task_runner.py:104} INFO - Running: ['***', 'tasks', 'run', 'fraud_detection', 'notify_normal', 'manual__2024-11-23T16:56:59.258376+00:00', '--job-id', '65', '--raw', '--subdir', 'DAGS_FOLDER/fraud_detection_dag.py', '--cfg-path', '/tmp/tmp2r9zw266']
[2024-11-23T16:58:23.735+0000] {standard_task_runner.py:105} INFO - Job 65: Subtask notify_normal
[2024-11-23T16:58:24.113+0000] {task_command.py:467} INFO - Running <TaskInstance: fraud_detection.notify_normal manual__2024-11-23T16:56:59.258376+00:00 [running]> on host 345e92ff26bf
[2024-11-23T16:58:24.610+0000] {taskinstance.py:3131} INFO - Exporting env vars: AIRFLOW_CTX_DAG_OWNER='fraud_team' AIRFLOW_CTX_DAG_ID='fraud_detection' AIRFLOW_CTX_TASK_ID='notify_normal' AIRFLOW_CTX_EXECUTION_DATE='2024-11-23T16:56:59.258376+00:00' AIRFLOW_CTX_TRY_NUMBER='1' AIRFLOW_CTX_DAG_RUN_ID='manual__2024-11-23T16:56:59.258376+00:00'
[2024-11-23T16:58:24.620+0000] {taskinstance.py:731} INFO - ::endgroup::
[2024-11-23T16:58:24.806+0000] {fraud_detection_dag.py:219} INFO - Données de transaction récupérées: {"columns":["cc_num","merchant","category","amt","first","last","gender","street","city","state","zip","lat","long","city_pop","job","dob","trans_num","merch_lat","merch_long","is_fraud","current_time"],"index":[334594],"data":[[3565996340207976,"fraud_Kunze Inc","grocery_pos",54.67,"Warren","Daniels","M","23656 Harris Gardens Suite 698","El Paso","TX",79906,31.8092,-106.4247,749635,"Market researcher","1973-01-21","b7f4af2d8dbf817393b9bd4d5c5da94e",32.331659,-106.132522,0,1732381084442]]}
[2024-11-23T16:58:24.814+0000] {fraud_detection_dag.py:220} INFO - Probabilité de fraude: 0.3909419550732938
[2024-11-23T16:58:24.815+0000] {fraud_detection_dag.py:221} INFO - Est une fraude: False
[2024-11-23T16:58:24.858+0000] {fraud_detection_dag.py:281} INFO - Tentative d'envoi d'email normale...
[2024-11-23T16:58:24.859+0000] {fraud_detection_dag.py:282} INFO - Contenu de l'email:

        ✅ Transaction NORMALE détectée!
        
        Statut: Vert
        Probabilité de fraude: 39.09%
        
        Détails de la transaction:
        --------------------------
        ID Transaction: b7f4af2d8dbf817393b9bd4d5c5da94e
        Montant: 54.67€
        Date/Heure: 2024-11-23 16:58:04
        
        Informations sur le marchand:
        ----------------------------
        Nom: fraud_Kunze Inc
        Ville: El Paso
        État: TX
        
        Informations sur le client:
        --------------------------
        Nom: Warren Daniels
        Ville: El Paso
        
        Cette notification a été générée automatiquement par le système de détection de fraude.
        
[2024-11-23T16:58:30.731+0000] {fraud_detection_dag.py:292} INFO - Email envoyé avec succès
[2024-11-23T16:58:30.770+0000] {python.py:240} INFO - Done. Returned value was: store_normal
[2024-11-23T16:58:31.094+0000] {taskinstance.py:340} INFO - ::group::Post task execution logs
[2024-11-23T16:58:31.095+0000] {taskinstance.py:352} INFO - Marking task as SUCCESS. dag_id=fraud_detection, task_id=notify_normal, run_id=manual__2024-11-23T16:56:59.258376+00:00, execution_date=20241123T165659, start_date=20241123T165823, end_date=20241123T165831
[2024-11-23T16:58:31.213+0000] {local_task_job_runner.py:266} INFO - Task exited with return code 0
[2024-11-23T16:58:31.675+0000] {taskinstance.py:3900} INFO - 1 downstream tasks scheduled from follow-on schedule check
[2024-11-23T16:58:31.880+0000] {local_task_job_runner.py:245} INFO - ::endgroup::
