[2024-11-23T18:08:37.913+0000] {local_task_job_runner.py:123} INFO - ::group::Pre task execution logs
[2024-11-23T18:08:38.170+0000] {taskinstance.py:2612} INFO - Dependencies all met for dep_context=non-requeueable deps ti=<TaskInstance: fraud_detection.store_normal manual__2024-11-23T18:07:02.731356+00:00 [queued]>
[2024-11-23T18:08:38.302+0000] {taskinstance.py:2612} INFO - Dependencies all met for dep_context=requeueable deps ti=<TaskInstance: fraud_detection.store_normal manual__2024-11-23T18:07:02.731356+00:00 [queued]>
[2024-11-23T18:08:38.312+0000] {taskinstance.py:2865} INFO - Starting attempt 1 of 2
[2024-11-23T18:08:38.412+0000] {taskinstance.py:2888} INFO - Executing <Task(PythonOperator): store_normal> on 2024-11-23 18:07:02.731356+00:00
[2024-11-23T18:08:38.461+0000] {warnings.py:112} WARNING - /home/***/.local/lib/python3.12/site-packages/***/task/task_runner/standard_task_runner.py:70: DeprecationWarning: This process (pid=4535) is multi-threaded, use of fork() may lead to deadlocks in the child.
  pid = os.fork()

[2024-11-23T18:08:38.467+0000] {standard_task_runner.py:72} INFO - Started process 4549 to run task
[2024-11-23T18:08:38.469+0000] {standard_task_runner.py:104} INFO - Running: ['***', 'tasks', 'run', 'fraud_detection', 'store_normal', 'manual__2024-11-23T18:07:02.731356+00:00', '--job-id', '453', '--raw', '--subdir', 'DAGS_FOLDER/fraud_detection_dag.py', '--cfg-path', '/tmp/tmp5vbs7u9k']
[2024-11-23T18:08:38.481+0000] {standard_task_runner.py:105} INFO - Job 453: Subtask store_normal
[2024-11-23T18:08:38.697+0000] {task_command.py:467} INFO - Running <TaskInstance: fraud_detection.store_normal manual__2024-11-23T18:07:02.731356+00:00 [running]> on host 345e92ff26bf
[2024-11-23T18:08:39.021+0000] {taskinstance.py:3131} INFO - Exporting env vars: AIRFLOW_CTX_DAG_OWNER='fraud_team' AIRFLOW_CTX_DAG_ID='fraud_detection' AIRFLOW_CTX_TASK_ID='store_normal' AIRFLOW_CTX_EXECUTION_DATE='2024-11-23T18:07:02.731356+00:00' AIRFLOW_CTX_TRY_NUMBER='1' AIRFLOW_CTX_DAG_RUN_ID='manual__2024-11-23T18:07:02.731356+00:00'
[2024-11-23T18:08:39.026+0000] {taskinstance.py:731} INFO - ::endgroup::
[2024-11-23T18:08:39.064+0000] {fraud_detection_dag.py:235} INFO - Tentative de connexion à Neon...
[2024-11-23T18:08:43.859+0000] {fraud_detection_dag.py:241} INFO - Connexion à Neon réussie!
[2024-11-23T18:08:44.538+0000] {fraud_detection_dag.py:248} INFO - Données reçues pour stockage: {"columns":["cc_num","merchant","category","amt","first","last","gender","street","city","state","zip","lat","long","city_pop","job","dob","trans_num","merch_lat","merch_long","is_fraud","current_time"],"index":[28799],"data":[[4736845434667908128,"fraud_Brown Inc","kids_pets",15.64,"Toni","Gomez","F","062 Carl Dam","Altona","NY",12910,44.8816,-73.6408,2148,"Surveyor, land\/geomatics","1953-05-23","5926dbe7cb1d41967b70479c248ccc87",45.859467,-74.438725,0,1732385282362]]}
[2024-11-23T18:08:44.546+0000] {fraud_detection_dag.py:257} INFO - JSON parsé avec succès
[2024-11-23T18:08:44.578+0000] {fraud_detection_dag.py:261} INFO - DataFrame créé avec 1 lignes
[2024-11-23T18:08:44.594+0000] {fraud_detection_dag.py:266} INFO - Colonne current_time renommée en trans_date_trans_time
[2024-11-23T18:08:44.610+0000] {fraud_detection_dag.py:270} INFO - Conversion du timestamp réussie
[2024-11-23T18:08:44.681+0000] {fraud_detection_dag.py:274} INFO - Indicateur de fraude récupéré: False
[2024-11-23T18:08:44.692+0000] {fraud_detection_dag.py:278} INFO - Colonne is_fraud mise à jour avec la valeur: False
[2024-11-23T18:08:44.700+0000] {fraud_detection_dag.py:282} INFO - Conversion de is_fraud en boolean réussie
[2024-11-23T18:08:44.702+0000] {fraud_detection_dag.py:285} INFO - Colonnes finales avant stockage: ['cc_num', 'merchant', 'category', 'amt', 'first', 'last', 'gender', 'street', 'city', 'state', 'zip', 'lat', 'long', 'city_pop', 'job', 'dob', 'trans_num', 'merch_lat', 'merch_long', 'is_fraud', 'trans_date_trans_time']
[2024-11-23T18:08:44.729+0000] {fraud_detection_dag.py:286} INFO - Types des données: 
cc_num                            int64
merchant                         object
category                         object
amt                             float64
first                            object
last                             object
gender                           object
street                           object
city                             object
state                            object
zip                               int64
lat                             float64
long                            float64
city_pop                          int64
job                              object
dob                              object
trans_num                        object
merch_lat                       float64
merch_long                      float64
is_fraud                           bool
trans_date_trans_time    datetime64[ns]
dtype: object
[2024-11-23T18:08:44.739+0000] {fraud_detection_dag.py:290} INFO - Stockage dans la table: normal_transactions
[2024-11-23T18:08:46.885+0000] {fraud_detection_dag.py:295} INFO - Données stockées avec succès dans la table normal_transactions
[2024-11-23T18:08:46.889+0000] {python.py:240} INFO - Done. Returned value was: None
[2024-11-23T18:08:46.984+0000] {taskinstance.py:340} INFO - ::group::Post task execution logs
[2024-11-23T18:08:46.987+0000] {taskinstance.py:352} INFO - Marking task as SUCCESS. dag_id=fraud_detection, task_id=store_normal, run_id=manual__2024-11-23T18:07:02.731356+00:00, execution_date=20241123T180702, start_date=20241123T180838, end_date=20241123T180846
[2024-11-23T18:08:47.198+0000] {local_task_job_runner.py:266} INFO - Task exited with return code 0
[2024-11-23T18:08:47.333+0000] {taskinstance.py:3900} INFO - 1 downstream tasks scheduled from follow-on schedule check
[2024-11-23T18:08:47.343+0000] {local_task_job_runner.py:245} INFO - ::endgroup::
