[2024-11-23T18:01:59.101+0000] {local_task_job_runner.py:123} INFO - ::group::Pre task execution logs
[2024-11-23T18:01:59.155+0000] {taskinstance.py:2612} INFO - Dependencies all met for dep_context=non-requeueable deps ti=<TaskInstance: fraud_detection.process_transaction scheduled__2024-11-23T17:59:00+00:00 [queued]>
[2024-11-23T18:01:59.184+0000] {taskinstance.py:2612} INFO - Dependencies all met for dep_context=requeueable deps ti=<TaskInstance: fraud_detection.process_transaction scheduled__2024-11-23T17:59:00+00:00 [queued]>
[2024-11-23T18:01:59.184+0000] {taskinstance.py:2865} INFO - Starting attempt 1 of 2
[2024-11-23T18:01:59.238+0000] {taskinstance.py:2888} INFO - Executing <Task(BranchPythonOperator): process_transaction> on 2024-11-23 17:59:00+00:00
[2024-11-23T18:01:59.260+0000] {warnings.py:112} WARNING - /home/***/.local/lib/python3.12/site-packages/***/task/task_runner/standard_task_runner.py:70: DeprecationWarning: This process (pid=3982) is multi-threaded, use of fork() may lead to deadlocks in the child.
  pid = os.fork()

[2024-11-23T18:01:59.263+0000] {standard_task_runner.py:72} INFO - Started process 3987 to run task
[2024-11-23T18:01:59.263+0000] {standard_task_runner.py:104} INFO - Running: ['***', 'tasks', 'run', 'fraud_detection', 'process_transaction', 'scheduled__2024-11-23T17:59:00+00:00', '--job-id', '390', '--raw', '--subdir', 'DAGS_FOLDER/fraud_detection_dag.py', '--cfg-path', '/tmp/tmpcu24oofu']
[2024-11-23T18:01:59.267+0000] {standard_task_runner.py:105} INFO - Job 390: Subtask process_transaction
[2024-11-23T18:01:59.411+0000] {task_command.py:467} INFO - Running <TaskInstance: fraud_detection.process_transaction scheduled__2024-11-23T17:59:00+00:00 [running]> on host 345e92ff26bf
[2024-11-23T18:01:59.844+0000] {taskinstance.py:3131} INFO - Exporting env vars: AIRFLOW_CTX_DAG_OWNER='fraud_team' AIRFLOW_CTX_DAG_ID='fraud_detection' AIRFLOW_CTX_TASK_ID='process_transaction' AIRFLOW_CTX_EXECUTION_DATE='2024-11-23T17:59:00+00:00' AIRFLOW_CTX_TRY_NUMBER='1' AIRFLOW_CTX_DAG_RUN_ID='scheduled__2024-11-23T17:59:00+00:00'
[2024-11-23T18:01:59.846+0000] {taskinstance.py:731} INFO - ::endgroup::
[2024-11-23T18:01:59.867+0000] {baseoperator.py:405} WARNING - BranchPythonOperator.execute cannot be called outside TaskInstance!
[2024-11-23T18:01:59.904+0000] {fraud_detection_dag.py:78} INFO - Données récupérées depuis XCom: {"columns":["cc_num","merchant","category","amt","first","last","gender","street","city","state","zip","lat","long","city_pop","job","dob","trans_num","merch_lat","merch_long","is_fraud","current_time"],"index":[235154],"data":[[2657850734909997,"fraud_Emard Inc","gas_transport",90.6,"Alan","Howard","M","04139 Johnson Prairie Suite 401","Detroit","MI",48206,42.3749,-83.1087,673342,"Trading standards officer","1946-11-01","ca7ca35bd78e9ef574159ff5e657e8a0",41.899362,-83.806097,0,1732384914071]]}
[2024-11-23T18:01:59.906+0000] {fraud_detection_dag.py:86} INFO - Données JSON parsées avec succès
[2024-11-23T18:01:59.913+0000] {fraud_detection_dag.py:90} INFO - DataFrame créé avec 1 lignes
[2024-11-23T18:01:59.917+0000] {fraud_detection_dag.py:94} INFO - Colonnes renommées avec succès
[2024-11-23T18:01:59.918+0000] {fraud_detection_dag.py:95} INFO - Colonnes disponibles: ['cc_num', 'merchant', 'category', 'amt', 'first', 'last', 'gender', 'street', 'city', 'state', 'zip', 'lat', 'long', 'city_pop', 'job', 'dob', 'trans_num', 'merch_lat', 'merch_long', 'is_fraud', 'trans_date_trans_time']
[2024-11-23T18:01:59.923+0000] {fraud_detection_dag.py:99} INFO - Conversion de trans_date_trans_time en unix_time réussie
[2024-11-23T18:01:59.981+0000] {fraud_detection_dag.py:108} INFO - Transformation des données...
[2024-11-23T18:02:02.478+0000] {warnings.py:112} WARNING - /home/***/.local/lib/python3.12/site-packages/sklearn/ensemble/_base.py:172: UserWarning: Loky-backed parallel loops cannot be called in a multiprocessing, setting n_jobs=1
  n_jobs = min(effective_n_jobs(n_jobs), n_estimators)

[2024-11-23T18:02:02.518+0000] {warnings.py:112} WARNING - /home/***/.local/lib/python3.12/site-packages/sklearn/ensemble/_base.py:172: UserWarning: Loky-backed parallel loops cannot be called in a multiprocessing, setting n_jobs=1
  n_jobs = min(effective_n_jobs(n_jobs), n_estimators)

[2024-11-23T18:02:02.533+0000] {fraud_detection_dag.py:120} INFO - Prediction de fraude: NORMAL, Probabilité: 37.49%
[2024-11-23T18:02:02.886+0000] {fraud_detection_dag.py:126} INFO - Prédiction: NORMAL (Probabilité: 37.49%)
[2024-11-23T18:02:02.888+0000] {python.py:240} INFO - Done. Returned value was: notify_normal
[2024-11-23T18:02:02.889+0000] {branch.py:38} INFO - Branch into notify_normal
[2024-11-23T18:02:02.890+0000] {skipmixin.py:230} INFO - Following branch ('notify_normal',)
[2024-11-23T18:02:02.985+0000] {skipmixin.py:278} INFO - Skipping tasks [('notify_fraud', -1), ('skip_processing', -1)]
[2024-11-23T18:02:03.293+0000] {taskinstance.py:340} INFO - ::group::Post task execution logs
[2024-11-23T18:02:03.294+0000] {taskinstance.py:352} INFO - Marking task as SUCCESS. dag_id=fraud_detection, task_id=process_transaction, run_id=scheduled__2024-11-23T17:59:00+00:00, execution_date=20241123T175900, start_date=20241123T180159, end_date=20241123T180203
[2024-11-23T18:02:03.628+0000] {local_task_job_runner.py:266} INFO - Task exited with return code 0
[2024-11-23T18:02:03.838+0000] {taskinstance.py:3900} INFO - 1 downstream tasks scheduled from follow-on schedule check
[2024-11-23T18:02:03.853+0000] {local_task_job_runner.py:245} INFO - ::endgroup::
