[2024-11-22T18:47:01.930+0000] {local_task_job_runner.py:123} INFO - ::group::Pre task execution logs
[2024-11-22T18:47:02.119+0000] {taskinstance.py:2612} INFO - Dependencies all met for dep_context=non-requeueable deps ti=<TaskInstance: fraud_detection.notify_normal scheduled__2024-11-22T18:44:00+00:00 [queued]>
[2024-11-22T18:47:02.177+0000] {taskinstance.py:2612} INFO - Dependencies all met for dep_context=requeueable deps ti=<TaskInstance: fraud_detection.notify_normal scheduled__2024-11-22T18:44:00+00:00 [queued]>
[2024-11-22T18:47:02.178+0000] {taskinstance.py:2865} INFO - Starting attempt 1 of 2
[2024-11-22T18:47:02.259+0000] {taskinstance.py:2888} INFO - Executing <Task(PythonOperator): notify_normal> on 2024-11-22 18:44:00+00:00
[2024-11-22T18:47:02.305+0000] {warnings.py:112} WARNING - /home/***/.local/lib/python3.12/site-packages/***/task/task_runner/standard_task_runner.py:70: DeprecationWarning: This process (pid=379) is multi-threaded, use of fork() may lead to deadlocks in the child.
  pid = os.fork()

[2024-11-22T18:47:02.310+0000] {standard_task_runner.py:72} INFO - Started process 382 to run task
[2024-11-22T18:47:02.347+0000] {standard_task_runner.py:104} INFO - Running: ['***', 'tasks', 'run', 'fraud_detection', 'notify_normal', 'scheduled__2024-11-22T18:44:00+00:00', '--job-id', '389', '--raw', '--subdir', 'DAGS_FOLDER/fraud_detection_dag.py', '--cfg-path', '/tmp/tmpkj637ouw']
[2024-11-22T18:47:02.363+0000] {standard_task_runner.py:105} INFO - Job 389: Subtask notify_normal
[2024-11-22T18:47:02.625+0000] {task_command.py:467} INFO - Running <TaskInstance: fraud_detection.notify_normal scheduled__2024-11-22T18:44:00+00:00 [running]> on host c6af8dbaf1e5
[2024-11-22T18:47:03.093+0000] {taskinstance.py:3131} INFO - Exporting env vars: AIRFLOW_CTX_DAG_OWNER='fraud_team' AIRFLOW_CTX_DAG_ID='fraud_detection' AIRFLOW_CTX_TASK_ID='notify_normal' AIRFLOW_CTX_EXECUTION_DATE='2024-11-22T18:44:00+00:00' AIRFLOW_CTX_TRY_NUMBER='1' AIRFLOW_CTX_DAG_RUN_ID='scheduled__2024-11-22T18:44:00+00:00'
[2024-11-22T18:47:03.097+0000] {taskinstance.py:731} INFO - ::endgroup::
[2024-11-22T18:47:03.320+0000] {fraud_detection_dag.py:218} INFO - Données de transaction récupérées: {"columns":["cc_num","merchant","category","amt","first","last","gender","street","city","state","zip","lat","long","city_pop","job","dob","trans_num","merch_lat","merch_long","is_fraud","current_time"],"index":[169797],"data":[[4560395181594436016,"fraud_Dibbert-Green","entertainment",126.13,"Angela","Taylor","F","6343 Ramirez Skyway Apt. 518","Lakeport","CA",95453,39.047,-122.9328,11256,"Podiatrist","1972-10-18","47d8e1a5986913c852aacf0aaaa46e1a",38.39878,-122.753878,0,1732301191881]]}
[2024-11-22T18:47:03.321+0000] {fraud_detection_dag.py:219} INFO - Probabilité de fraude: 0.3954960530166602
[2024-11-22T18:47:03.322+0000] {fraud_detection_dag.py:220} INFO - Est une fraude: False
[2024-11-22T18:47:03.349+0000] {fraud_detection_dag.py:280} INFO - Tentative d'envoi d'email normale...
[2024-11-22T18:47:03.350+0000] {fraud_detection_dag.py:281} INFO - Contenu de l'email:

        ✅ Transaction NORMALE détectée!
        
        Statut: Vert
        Probabilité de fraude: 39.55%
        
        Détails de la transaction:
        --------------------------
        ID Transaction: 47d8e1a5986913c852aacf0aaaa46e1a
        Montant: 126.13€
        Date/Heure: 2024-11-22 18:46:31
        
        Informations sur le marchand:
        ----------------------------
        Nom: fraud_Dibbert-Green
        Ville: Lakeport
        État: CA
        
        Informations sur le client:
        --------------------------
        Nom: Angela Taylor
        Ville: Lakeport
        
        Cette notification a été générée automatiquement par le système de détection de fraude.
        
[2024-11-22T18:47:10.919+0000] {fraud_detection_dag.py:291} INFO - Email envoyé avec succès
[2024-11-22T18:47:10.939+0000] {python.py:240} INFO - Done. Returned value was: store_normal
[2024-11-22T18:47:11.610+0000] {taskinstance.py:340} INFO - ::group::Post task execution logs
[2024-11-22T18:47:11.615+0000] {taskinstance.py:352} INFO - Marking task as SUCCESS. dag_id=fraud_detection, task_id=notify_normal, run_id=scheduled__2024-11-22T18:44:00+00:00, execution_date=20241122T184400, start_date=20241122T184702, end_date=20241122T184711
[2024-11-22T18:47:11.854+0000] {local_task_job_runner.py:266} INFO - Task exited with return code 0
[2024-11-22T18:47:12.434+0000] {local_task_job_runner.py:245} INFO - ::endgroup::
[2024-11-22T18:47:12.444+0000] {standard_task_runner.py:217} INFO - Process not found (most likely exited), stop collecting metrics
