[2024-11-22T18:42:22.187+0000] {local_task_job_runner.py:123} INFO - ::group::Pre task execution logs
[2024-11-22T18:42:22.516+0000] {taskinstance.py:2612} INFO - Dependencies all met for dep_context=non-requeueable deps ti=<TaskInstance: fraud_detection.notify_normal scheduled__2024-11-22T18:40:00+00:00 [queued]>
[2024-11-22T18:42:22.607+0000] {taskinstance.py:2612} INFO - Dependencies all met for dep_context=requeueable deps ti=<TaskInstance: fraud_detection.notify_normal scheduled__2024-11-22T18:40:00+00:00 [queued]>
[2024-11-22T18:42:22.607+0000] {taskinstance.py:2865} INFO - Starting attempt 1 of 2
[2024-11-22T18:42:22.709+0000] {taskinstance.py:2888} INFO - Executing <Task(PythonOperator): notify_normal> on 2024-11-22 18:40:00+00:00
[2024-11-22T18:42:22.769+0000] {warnings.py:112} WARNING - /home/***/.local/lib/python3.12/site-packages/***/task/task_runner/standard_task_runner.py:70: DeprecationWarning: This process (pid=224) is multi-threaded, use of fork() may lead to deadlocks in the child.
  pid = os.fork()

[2024-11-22T18:42:22.768+0000] {standard_task_runner.py:104} INFO - Running: ['***', 'tasks', 'run', 'fraud_detection', 'notify_normal', 'scheduled__2024-11-22T18:40:00+00:00', '--job-id', '369', '--raw', '--subdir', 'DAGS_FOLDER/fraud_detection_dag.py', '--cfg-path', '/tmp/tmp1kbmim0i']
[2024-11-22T18:42:22.774+0000] {standard_task_runner.py:105} INFO - Job 369: Subtask notify_normal
[2024-11-22T18:42:22.774+0000] {standard_task_runner.py:72} INFO - Started process 226 to run task
[2024-11-22T18:42:23.285+0000] {task_command.py:467} INFO - Running <TaskInstance: fraud_detection.notify_normal scheduled__2024-11-22T18:40:00+00:00 [running]> on host c6af8dbaf1e5
[2024-11-22T18:42:24.238+0000] {taskinstance.py:3131} INFO - Exporting env vars: AIRFLOW_CTX_DAG_OWNER='fraud_team' AIRFLOW_CTX_DAG_ID='fraud_detection' AIRFLOW_CTX_TASK_ID='notify_normal' AIRFLOW_CTX_EXECUTION_DATE='2024-11-22T18:40:00+00:00' AIRFLOW_CTX_TRY_NUMBER='1' AIRFLOW_CTX_DAG_RUN_ID='scheduled__2024-11-22T18:40:00+00:00'
[2024-11-22T18:42:24.247+0000] {taskinstance.py:731} INFO - ::endgroup::
[2024-11-22T18:42:24.503+0000] {fraud_detection_dag.py:218} INFO - Données de transaction récupérées: {"columns":["cc_num","merchant","category","amt","first","last","gender","street","city","state","zip","lat","long","city_pop","job","dob","trans_num","merch_lat","merch_long","is_fraud","current_time"],"index":[280923],"data":[[2264937662466770,"fraud_Monahan, Bogisich and Ledner","misc_pos",1.62,"Juan","Sherman","M","5939 Garcia Forges Suite 297","San Antonio","TX",78214,29.3641,-98.4924,1595797,"Land","1995-10-17","091567e542d9142c26c26199f9cbfe41",30.272806,-98.579808,0,1732300925463]]}
[2024-11-22T18:42:24.504+0000] {fraud_detection_dag.py:219} INFO - Probabilité de fraude: 0.32404435559531236
[2024-11-22T18:42:24.505+0000] {fraud_detection_dag.py:220} INFO - Est une fraude: False
[2024-11-22T18:42:24.525+0000] {fraud_detection_dag.py:280} INFO - Tentative d'envoi d'email normale...
[2024-11-22T18:42:24.528+0000] {fraud_detection_dag.py:281} INFO - Contenu de l'email:

        ✅ Transaction NORMALE détectée!
        
        Statut: Vert
        Probabilité de fraude: 32.40%
        
        Détails de la transaction:
        --------------------------
        ID Transaction: 091567e542d9142c26c26199f9cbfe41
        Montant: 1.62€
        Date/Heure: 2024-11-22 18:42:05
        
        Informations sur le marchand:
        ----------------------------
        Nom: fraud_Monahan, Bogisich and Ledner
        Ville: San Antonio
        État: TX
        
        Informations sur le client:
        --------------------------
        Nom: Juan Sherman
        Ville: San Antonio
        
        Cette notification a été générée automatiquement par le système de détection de fraude.
        
[2024-11-22T18:42:32.771+0000] {fraud_detection_dag.py:291} INFO - Email envoyé avec succès
[2024-11-22T18:42:32.773+0000] {python.py:240} INFO - Done. Returned value was: store_normal
[2024-11-22T18:42:32.858+0000] {taskinstance.py:340} INFO - ::group::Post task execution logs
[2024-11-22T18:42:32.860+0000] {taskinstance.py:352} INFO - Marking task as SUCCESS. dag_id=fraud_detection, task_id=notify_normal, run_id=scheduled__2024-11-22T18:40:00+00:00, execution_date=20241122T184000, start_date=20241122T184222, end_date=20241122T184232
[2024-11-22T18:42:33.191+0000] {local_task_job_runner.py:266} INFO - Task exited with return code 0
[2024-11-22T18:42:33.617+0000] {taskinstance.py:3900} INFO - 1 downstream tasks scheduled from follow-on schedule check
[2024-11-22T18:42:33.636+0000] {local_task_job_runner.py:245} INFO - ::endgroup::
