[2024-11-22T18:56:19.627+0000] {local_task_job_runner.py:123} INFO - ::group::Pre task execution logs
[2024-11-22T18:56:19.663+0000] {taskinstance.py:2612} INFO - Dependencies all met for dep_context=non-requeueable deps ti=<TaskInstance: fraud_detection.notify_normal scheduled__2024-11-22T18:54:00+00:00 [queued]>
[2024-11-22T18:56:19.682+0000] {taskinstance.py:2612} INFO - Dependencies all met for dep_context=requeueable deps ti=<TaskInstance: fraud_detection.notify_normal scheduled__2024-11-22T18:54:00+00:00 [queued]>
[2024-11-22T18:56:19.683+0000] {taskinstance.py:2865} INFO - Starting attempt 1 of 2
[2024-11-22T18:56:19.714+0000] {taskinstance.py:2888} INFO - Executing <Task(PythonOperator): notify_normal> on 2024-11-22 18:54:00+00:00
[2024-11-22T18:56:19.727+0000] {warnings.py:112} WARNING - /home/***/.local/lib/python3.12/site-packages/***/task/task_runner/standard_task_runner.py:70: DeprecationWarning: This process (pid=744) is multi-threaded, use of fork() may lead to deadlocks in the child.
  pid = os.fork()

[2024-11-22T18:56:19.729+0000] {standard_task_runner.py:72} INFO - Started process 746 to run task
[2024-11-22T18:56:19.731+0000] {standard_task_runner.py:104} INFO - Running: ['***', 'tasks', 'run', 'fraud_detection', 'notify_normal', 'scheduled__2024-11-22T18:54:00+00:00', '--job-id', '439', '--raw', '--subdir', 'DAGS_FOLDER/fraud_detection_dag.py', '--cfg-path', '/tmp/tmpkt56tljs']
[2024-11-22T18:56:19.737+0000] {standard_task_runner.py:105} INFO - Job 439: Subtask notify_normal
[2024-11-22T18:56:19.830+0000] {task_command.py:467} INFO - Running <TaskInstance: fraud_detection.notify_normal scheduled__2024-11-22T18:54:00+00:00 [running]> on host c6af8dbaf1e5
[2024-11-22T18:56:20.005+0000] {taskinstance.py:3131} INFO - Exporting env vars: AIRFLOW_CTX_DAG_OWNER='fraud_team' AIRFLOW_CTX_DAG_ID='fraud_detection' AIRFLOW_CTX_TASK_ID='notify_normal' AIRFLOW_CTX_EXECUTION_DATE='2024-11-22T18:54:00+00:00' AIRFLOW_CTX_TRY_NUMBER='1' AIRFLOW_CTX_DAG_RUN_ID='scheduled__2024-11-22T18:54:00+00:00'
[2024-11-22T18:56:20.007+0000] {taskinstance.py:731} INFO - ::endgroup::
[2024-11-22T18:56:20.072+0000] {fraud_detection_dag.py:218} INFO - Données de transaction récupérées: {"columns":["cc_num","merchant","category","amt","first","last","gender","street","city","state","zip","lat","long","city_pop","job","dob","trans_num","merch_lat","merch_long","is_fraud","current_time"],"index":[340632],"data":[[630484879808,"fraud_Botsford Ltd","shopping_pos",147.16,"Ian","Patton","M","8088 Sherman Radial Suite 689","Helm","CA",93627,36.4992,-120.0936,123,"Early years teacher","1973-02-07","18b1d6b363ad7f8dade9d03b6dd14175",36.286876,-120.106441,0,1732301773019]]}
[2024-11-22T18:56:20.073+0000] {fraud_detection_dag.py:219} INFO - Probabilité de fraude: 0.3287113884431001
[2024-11-22T18:56:20.074+0000] {fraud_detection_dag.py:220} INFO - Est une fraude: False
[2024-11-22T18:56:20.082+0000] {fraud_detection_dag.py:280} INFO - Tentative d'envoi d'email normale...
[2024-11-22T18:56:20.083+0000] {fraud_detection_dag.py:281} INFO - Contenu de l'email:

        ✅ Transaction NORMALE détectée!
        
        Statut: Vert
        Probabilité de fraude: 32.87%
        
        Détails de la transaction:
        --------------------------
        ID Transaction: 18b1d6b363ad7f8dade9d03b6dd14175
        Montant: 147.16€
        Date/Heure: 2024-11-22 18:56:13
        
        Informations sur le marchand:
        ----------------------------
        Nom: fraud_Botsford Ltd
        Ville: Helm
        État: CA
        
        Informations sur le client:
        --------------------------
        Nom: Ian Patton
        Ville: Helm
        
        Cette notification a été générée automatiquement par le système de détection de fraude.
        
[2024-11-22T18:56:27.469+0000] {fraud_detection_dag.py:291} INFO - Email envoyé avec succès
[2024-11-22T18:56:27.470+0000] {python.py:240} INFO - Done. Returned value was: store_normal
[2024-11-22T18:56:27.522+0000] {taskinstance.py:340} INFO - ::group::Post task execution logs
[2024-11-22T18:56:27.523+0000] {taskinstance.py:352} INFO - Marking task as SUCCESS. dag_id=fraud_detection, task_id=notify_normal, run_id=scheduled__2024-11-22T18:54:00+00:00, execution_date=20241122T185400, start_date=20241122T185619, end_date=20241122T185627
[2024-11-22T18:56:27.566+0000] {local_task_job_runner.py:266} INFO - Task exited with return code 0
[2024-11-22T18:56:27.614+0000] {taskinstance.py:3900} INFO - 1 downstream tasks scheduled from follow-on schedule check
[2024-11-22T18:56:27.623+0000] {local_task_job_runner.py:245} INFO - ::endgroup::
