[2024-11-23T16:58:33.177+0000] {local_task_job_runner.py:123} INFO - ::group::Pre task execution logs
[2024-11-23T16:58:33.236+0000] {taskinstance.py:2612} INFO - Dependencies all met for dep_context=non-requeueable deps ti=<TaskInstance: fraud_detection.store_normal scheduled__2024-11-23T16:56:00+00:00 [queued]>
[2024-11-23T16:58:33.288+0000] {taskinstance.py:2612} INFO - Dependencies all met for dep_context=requeueable deps ti=<TaskInstance: fraud_detection.store_normal scheduled__2024-11-23T16:56:00+00:00 [queued]>
[2024-11-23T16:58:33.289+0000] {taskinstance.py:2865} INFO - Starting attempt 1 of 2
[2024-11-23T16:58:33.383+0000] {taskinstance.py:2888} INFO - Executing <Task(PythonOperator): store_normal> on 2024-11-23 16:56:00+00:00
[2024-11-23T16:58:33.427+0000] {warnings.py:112} WARNING - /home/***/.local/lib/python3.12/site-packages/***/task/task_runner/standard_task_runner.py:70: DeprecationWarning: This process (pid=638) is multi-threaded, use of fork() may lead to deadlocks in the child.
  pid = os.fork()

[2024-11-23T16:58:33.440+0000] {standard_task_runner.py:72} INFO - Started process 644 to run task
[2024-11-23T16:58:33.432+0000] {standard_task_runner.py:104} INFO - Running: ['***', 'tasks', 'run', 'fraud_detection', 'store_normal', 'scheduled__2024-11-23T16:56:00+00:00', '--job-id', '66', '--raw', '--subdir', 'DAGS_FOLDER/fraud_detection_dag.py', '--cfg-path', '/tmp/tmpn46nniwg']
[2024-11-23T16:58:33.445+0000] {standard_task_runner.py:105} INFO - Job 66: Subtask store_normal
[2024-11-23T16:58:33.735+0000] {task_command.py:467} INFO - Running <TaskInstance: fraud_detection.store_normal scheduled__2024-11-23T16:56:00+00:00 [running]> on host 345e92ff26bf
[2024-11-23T16:58:34.299+0000] {taskinstance.py:3131} INFO - Exporting env vars: AIRFLOW_CTX_DAG_OWNER='fraud_team' AIRFLOW_CTX_DAG_ID='fraud_detection' AIRFLOW_CTX_TASK_ID='store_normal' AIRFLOW_CTX_EXECUTION_DATE='2024-11-23T16:56:00+00:00' AIRFLOW_CTX_TRY_NUMBER='1' AIRFLOW_CTX_DAG_RUN_ID='scheduled__2024-11-23T16:56:00+00:00'
[2024-11-23T16:58:34.302+0000] {taskinstance.py:731} INFO - ::endgroup::
[2024-11-23T16:58:34.358+0000] {fraud_detection_dag.py:310} INFO - Tentative de connexion à Neon...
[2024-11-23T16:58:38.790+0000] {fraud_detection_dag.py:316} INFO - Connexion à Neon réussie!
[2024-11-23T16:58:39.004+0000] {fraud_detection_dag.py:323} INFO - Données reçues pour stockage: {"columns":["cc_num","merchant","category","amt","first","last","gender","street","city","state","zip","lat","long","city_pop","job","dob","trans_num","merch_lat","merch_long","is_fraud","current_time"],"index":[554460],"data":[[180094419304907,"fraud_Medhurst, Cartwright and Ebert","personal_care",5.15,"Sharon","Smith","F","17666 David Valleys","Sun City","CA",92585,33.7467,-117.1721,54287,"Designer, exhibition\/display","1972-09-22","7f30003acacc3efc8dde6a6838439f92",34.633985,-117.061619,0,1732381082178]]}
[2024-11-23T16:58:39.007+0000] {fraud_detection_dag.py:332} INFO - JSON parsé avec succès
[2024-11-23T16:58:39.057+0000] {fraud_detection_dag.py:336} INFO - DataFrame créé avec 1 lignes
[2024-11-23T16:58:39.069+0000] {fraud_detection_dag.py:341} INFO - Colonne current_time renommée en trans_date_trans_time
[2024-11-23T16:58:39.096+0000] {fraud_detection_dag.py:345} INFO - Conversion du timestamp réussie
[2024-11-23T16:58:39.256+0000] {fraud_detection_dag.py:349} INFO - Indicateur de fraude récupéré: False
[2024-11-23T16:58:39.275+0000] {fraud_detection_dag.py:353} INFO - Colonne is_fraud mise à jour avec la valeur: False
[2024-11-23T16:58:39.285+0000] {fraud_detection_dag.py:357} INFO - Conversion de is_fraud en boolean réussie
[2024-11-23T16:58:39.296+0000] {fraud_detection_dag.py:360} INFO - Colonnes finales avant stockage: ['cc_num', 'merchant', 'category', 'amt', 'first', 'last', 'gender', 'street', 'city', 'state', 'zip', 'lat', 'long', 'city_pop', 'job', 'dob', 'trans_num', 'merch_lat', 'merch_long', 'is_fraud', 'trans_date_trans_time']
[2024-11-23T16:58:39.328+0000] {fraud_detection_dag.py:361} INFO - Types des données: 
cc_num                            int64
merchant                         object
category                         object
amt                             float64
first                            object
last                             object
gender                           object
street                           object
city                             object
state                            object
zip                               int64
lat                             float64
long                            float64
city_pop                          int64
job                              object
dob                              object
trans_num                        object
merch_lat                       float64
merch_long                      float64
is_fraud                           bool
trans_date_trans_time    datetime64[ns]
dtype: object
[2024-11-23T16:58:39.329+0000] {fraud_detection_dag.py:365} INFO - Stockage dans la table: normal_transactions
[2024-11-23T16:58:39.862+0000] {fraud_detection_dag.py:370} INFO - Données stockées avec succès dans la table normal_transactions
[2024-11-23T16:58:39.863+0000] {python.py:240} INFO - Done. Returned value was: None
[2024-11-23T16:58:39.936+0000] {taskinstance.py:340} INFO - ::group::Post task execution logs
[2024-11-23T16:58:39.943+0000] {taskinstance.py:352} INFO - Marking task as SUCCESS. dag_id=fraud_detection, task_id=store_normal, run_id=scheduled__2024-11-23T16:56:00+00:00, execution_date=20241123T165600, start_date=20241123T165833, end_date=20241123T165839
[2024-11-23T16:58:40.048+0000] {local_task_job_runner.py:266} INFO - Task exited with return code 0
[2024-11-23T16:58:40.171+0000] {taskinstance.py:3900} INFO - 1 downstream tasks scheduled from follow-on schedule check
[2024-11-23T16:58:40.179+0000] {local_task_job_runner.py:245} INFO - ::endgroup::
