[2024-11-24T15:15:15.774+0000] {local_task_job_runner.py:123} INFO - ::group::Pre task execution logs
[2024-11-24T15:15:15.854+0000] {taskinstance.py:2612} INFO - Dependencies all met for dep_context=non-requeueable deps ti=<TaskInstance: fraud_detection.store_normal scheduled__2024-11-24T15:13:00+00:00 [queued]>
[2024-11-24T15:15:15.879+0000] {taskinstance.py:2612} INFO - Dependencies all met for dep_context=requeueable deps ti=<TaskInstance: fraud_detection.store_normal scheduled__2024-11-24T15:13:00+00:00 [queued]>
[2024-11-24T15:15:15.881+0000] {taskinstance.py:2865} INFO - Starting attempt 1 of 2
[2024-11-24T15:15:15.961+0000] {taskinstance.py:2888} INFO - Executing <Task(PythonOperator): store_normal> on 2024-11-24 15:13:00+00:00
[2024-11-24T15:15:15.975+0000] {warnings.py:112} WARNING - /home/***/.local/lib/python3.12/site-packages/***/task/task_runner/standard_task_runner.py:70: DeprecationWarning: This process (pid=621) is multi-threaded, use of fork() may lead to deadlocks in the child.
  pid = os.fork()

[2024-11-24T15:15:15.977+0000] {standard_task_runner.py:72} INFO - Started process 626 to run task
[2024-11-24T15:15:15.992+0000] {standard_task_runner.py:104} INFO - Running: ['***', 'tasks', 'run', 'fraud_detection', 'store_normal', 'scheduled__2024-11-24T15:13:00+00:00', '--job-id', '564', '--raw', '--subdir', 'DAGS_FOLDER/fraud_detection_dag.py', '--cfg-path', '/tmp/tmpuebadl9e']
[2024-11-24T15:15:15.999+0000] {standard_task_runner.py:105} INFO - Job 564: Subtask store_normal
[2024-11-24T15:15:16.251+0000] {task_command.py:467} INFO - Running <TaskInstance: fraud_detection.store_normal scheduled__2024-11-24T15:13:00+00:00 [running]> on host 345e92ff26bf
[2024-11-24T15:15:16.529+0000] {taskinstance.py:3131} INFO - Exporting env vars: AIRFLOW_CTX_DAG_OWNER='fraud_team' AIRFLOW_CTX_DAG_ID='fraud_detection' AIRFLOW_CTX_TASK_ID='store_normal' AIRFLOW_CTX_EXECUTION_DATE='2024-11-24T15:13:00+00:00' AIRFLOW_CTX_TRY_NUMBER='1' AIRFLOW_CTX_DAG_RUN_ID='scheduled__2024-11-24T15:13:00+00:00'
[2024-11-24T15:15:16.532+0000] {taskinstance.py:731} INFO - ::endgroup::
[2024-11-24T15:15:16.576+0000] {fraud_detection_dag.py:235} INFO - Tentative de connexion à Neon...
[2024-11-24T15:15:24.097+0000] {fraud_detection_dag.py:241} INFO - Connexion à Neon réussie!
[2024-11-24T15:15:24.329+0000] {fraud_detection_dag.py:248} INFO - Données reçues pour stockage: {"columns":["cc_num","merchant","category","amt","first","last","gender","street","city","state","zip","lat","long","city_pop","job","dob","trans_num","merch_lat","merch_long","is_fraud","current_time"],"index":[16202],"data":[[503874407318,"fraud_Crooks and Sons","personal_care",2.78,"Andrew","Mcgee","M","4130 Tiffany Glen Apt. 562","San Antonio","TX",78248,29.5894,-98.5201,1595797,"Exhibition designer","1975-12-28","3b31d08463a99f772f5f62d800be85ec",29.20342,-98.486057,0,1732461290284]]}
[2024-11-24T15:15:24.333+0000] {fraud_detection_dag.py:257} INFO - JSON parsé avec succès
[2024-11-24T15:15:24.368+0000] {fraud_detection_dag.py:261} INFO - DataFrame créé avec 1 lignes
[2024-11-24T15:15:24.377+0000] {fraud_detection_dag.py:266} INFO - Colonne current_time renommée en trans_date_trans_time
[2024-11-24T15:15:24.407+0000] {fraud_detection_dag.py:270} INFO - Conversion du timestamp réussie
[2024-11-24T15:15:24.492+0000] {fraud_detection_dag.py:274} INFO - Indicateur de fraude récupéré: False
[2024-11-24T15:15:24.502+0000] {fraud_detection_dag.py:278} INFO - Colonne is_fraud mise à jour avec la valeur: False
[2024-11-24T15:15:24.511+0000] {fraud_detection_dag.py:282} INFO - Conversion de is_fraud en boolean réussie
[2024-11-24T15:15:24.515+0000] {fraud_detection_dag.py:285} INFO - Colonnes finales avant stockage: ['cc_num', 'merchant', 'category', 'amt', 'first', 'last', 'gender', 'street', 'city', 'state', 'zip', 'lat', 'long', 'city_pop', 'job', 'dob', 'trans_num', 'merch_lat', 'merch_long', 'is_fraud', 'trans_date_trans_time']
[2024-11-24T15:15:24.518+0000] {fraud_detection_dag.py:286} INFO - Types des données: 
cc_num                            int64
merchant                         object
category                         object
amt                             float64
first                            object
last                             object
gender                           object
street                           object
city                             object
state                            object
zip                               int64
lat                             float64
long                            float64
city_pop                          int64
job                              object
dob                              object
trans_num                        object
merch_lat                       float64
merch_long                      float64
is_fraud                           bool
trans_date_trans_time    datetime64[ns]
dtype: object
[2024-11-24T15:15:24.519+0000] {fraud_detection_dag.py:290} INFO - Stockage dans la table: normal_transactions
[2024-11-24T15:15:25.761+0000] {fraud_detection_dag.py:295} INFO - Données stockées avec succès dans la table normal_transactions
[2024-11-24T15:15:25.766+0000] {python.py:240} INFO - Done. Returned value was: None
[2024-11-24T15:15:25.817+0000] {taskinstance.py:340} INFO - ::group::Post task execution logs
[2024-11-24T15:15:25.818+0000] {taskinstance.py:352} INFO - Marking task as SUCCESS. dag_id=fraud_detection, task_id=store_normal, run_id=scheduled__2024-11-24T15:13:00+00:00, execution_date=20241124T151300, start_date=20241124T151515, end_date=20241124T151525
[2024-11-24T15:15:25.949+0000] {local_task_job_runner.py:266} INFO - Task exited with return code 0
[2024-11-24T15:15:25.998+0000] {standard_task_runner.py:217} INFO - Process not found (most likely exited), stop collecting metrics
[2024-11-24T15:15:26.024+0000] {taskinstance.py:3900} INFO - 1 downstream tasks scheduled from follow-on schedule check
[2024-11-24T15:15:26.033+0000] {local_task_job_runner.py:245} INFO - ::endgroup::
