[2024-11-23T17:53:00.859+0000] {local_task_job_runner.py:123} INFO - ::group::Pre task execution logs
[2024-11-23T17:53:00.999+0000] {taskinstance.py:2612} INFO - Dependencies all met for dep_context=non-requeueable deps ti=<TaskInstance: fraud_detection.store_normal scheduled__2024-11-23T17:51:00+00:00 [queued]>
[2024-11-23T17:53:01.227+0000] {taskinstance.py:2612} INFO - Dependencies all met for dep_context=requeueable deps ti=<TaskInstance: fraud_detection.store_normal scheduled__2024-11-23T17:51:00+00:00 [queued]>
[2024-11-23T17:53:01.229+0000] {taskinstance.py:2865} INFO - Starting attempt 1 of 2
[2024-11-23T17:53:01.329+0000] {taskinstance.py:2888} INFO - Executing <Task(PythonOperator): store_normal> on 2024-11-23 17:51:00+00:00
[2024-11-23T17:53:01.358+0000] {standard_task_runner.py:104} INFO - Running: ['***', 'tasks', 'run', 'fraud_detection', 'store_normal', 'scheduled__2024-11-23T17:51:00+00:00', '--job-id', '333', '--raw', '--subdir', 'DAGS_FOLDER/fraud_detection_dag.py', '--cfg-path', '/tmp/tmpgjpln1nt']
[2024-11-23T17:53:01.365+0000] {standard_task_runner.py:105} INFO - Job 333: Subtask store_normal
[2024-11-23T17:53:01.401+0000] {warnings.py:112} WARNING - /home/***/.local/lib/python3.12/site-packages/***/task/task_runner/standard_task_runner.py:70: DeprecationWarning: This process (pid=3447) is multi-threaded, use of fork() may lead to deadlocks in the child.
  pid = os.fork()

[2024-11-23T17:53:01.407+0000] {standard_task_runner.py:72} INFO - Started process 3460 to run task
[2024-11-23T17:53:01.607+0000] {task_command.py:467} INFO - Running <TaskInstance: fraud_detection.store_normal scheduled__2024-11-23T17:51:00+00:00 [running]> on host 345e92ff26bf
[2024-11-23T17:53:01.945+0000] {taskinstance.py:3131} INFO - Exporting env vars: AIRFLOW_CTX_DAG_OWNER='fraud_team' AIRFLOW_CTX_DAG_ID='fraud_detection' AIRFLOW_CTX_TASK_ID='store_normal' AIRFLOW_CTX_EXECUTION_DATE='2024-11-23T17:51:00+00:00' AIRFLOW_CTX_TRY_NUMBER='1' AIRFLOW_CTX_DAG_RUN_ID='scheduled__2024-11-23T17:51:00+00:00'
[2024-11-23T17:53:01.952+0000] {taskinstance.py:731} INFO - ::endgroup::
[2024-11-23T17:53:02.125+0000] {fraud_detection_dag.py:235} INFO - Tentative de connexion à Neon...
[2024-11-23T17:53:08.539+0000] {fraud_detection_dag.py:241} INFO - Connexion à Neon réussie!
[2024-11-23T17:53:08.896+0000] {fraud_detection_dag.py:248} INFO - Données reçues pour stockage: {"columns":["cc_num","merchant","category","amt","first","last","gender","street","city","state","zip","lat","long","city_pop","job","dob","trans_num","merch_lat","merch_long","is_fraud","current_time"],"index":[74446],"data":[[3519607465576254,"fraud_Weimann, Kuhic and Beahan","shopping_pos",8.38,"Audrey","Gonzalez","F","34180 Lopez Plaza","Fields Landing","CA",95537,40.7268,-124.2174,276,"Scientist, audiological","1929-05-06","7ecc1dba547a77730cb65928a16195c0",41.703575,-124.243052,0,1732384356548]]}
[2024-11-23T17:53:08.898+0000] {fraud_detection_dag.py:257} INFO - JSON parsé avec succès
[2024-11-23T17:53:08.910+0000] {fraud_detection_dag.py:261} INFO - DataFrame créé avec 1 lignes
[2024-11-23T17:53:08.914+0000] {fraud_detection_dag.py:266} INFO - Colonne current_time renommée en trans_date_trans_time
[2024-11-23T17:53:08.920+0000] {fraud_detection_dag.py:270} INFO - Conversion du timestamp réussie
[2024-11-23T17:53:08.946+0000] {fraud_detection_dag.py:274} INFO - Indicateur de fraude récupéré: False
[2024-11-23T17:53:08.948+0000] {fraud_detection_dag.py:278} INFO - Colonne is_fraud mise à jour avec la valeur: False
[2024-11-23T17:53:08.949+0000] {fraud_detection_dag.py:282} INFO - Conversion de is_fraud en boolean réussie
[2024-11-23T17:53:08.950+0000] {fraud_detection_dag.py:285} INFO - Colonnes finales avant stockage: ['cc_num', 'merchant', 'category', 'amt', 'first', 'last', 'gender', 'street', 'city', 'state', 'zip', 'lat', 'long', 'city_pop', 'job', 'dob', 'trans_num', 'merch_lat', 'merch_long', 'is_fraud', 'trans_date_trans_time']
[2024-11-23T17:53:08.954+0000] {fraud_detection_dag.py:286} INFO - Types des données: 
cc_num                            int64
merchant                         object
category                         object
amt                             float64
first                            object
last                             object
gender                           object
street                           object
city                             object
state                            object
zip                               int64
lat                             float64
long                            float64
city_pop                          int64
job                              object
dob                              object
trans_num                        object
merch_lat                       float64
merch_long                      float64
is_fraud                           bool
trans_date_trans_time    datetime64[ns]
dtype: object
[2024-11-23T17:53:08.955+0000] {fraud_detection_dag.py:290} INFO - Stockage dans la table: normal_transactions
[2024-11-23T17:53:09.572+0000] {fraud_detection_dag.py:295} INFO - Données stockées avec succès dans la table normal_transactions
[2024-11-23T17:53:09.580+0000] {python.py:240} INFO - Done. Returned value was: None
[2024-11-23T17:53:09.647+0000] {taskinstance.py:340} INFO - ::group::Post task execution logs
[2024-11-23T17:53:09.648+0000] {taskinstance.py:352} INFO - Marking task as SUCCESS. dag_id=fraud_detection, task_id=store_normal, run_id=scheduled__2024-11-23T17:51:00+00:00, execution_date=20241123T175100, start_date=20241123T175301, end_date=20241123T175309
[2024-11-23T17:53:09.791+0000] {local_task_job_runner.py:266} INFO - Task exited with return code 0
[2024-11-23T17:53:09.903+0000] {local_task_job_runner.py:245} INFO - ::endgroup::
