[2024-11-23T17:06:04.786+0000] {local_task_job_runner.py:123} INFO - ::group::Pre task execution logs
[2024-11-23T17:06:04.813+0000] {taskinstance.py:2612} INFO - Dependencies all met for dep_context=non-requeueable deps ti=<TaskInstance: fraud_detection.load_dependencies scheduled__2024-11-23T17:05:00+00:00 [queued]>
[2024-11-23T17:06:04.833+0000] {taskinstance.py:2612} INFO - Dependencies all met for dep_context=requeueable deps ti=<TaskInstance: fraud_detection.load_dependencies scheduled__2024-11-23T17:05:00+00:00 [queued]>
[2024-11-23T17:06:04.834+0000] {taskinstance.py:2865} INFO - Starting attempt 1 of 2
[2024-11-23T17:06:04.863+0000] {taskinstance.py:2888} INFO - Executing <Task(PythonOperator): load_dependencies> on 2024-11-23 17:05:00+00:00
[2024-11-23T17:06:04.876+0000] {warnings.py:112} WARNING - /home/***/.local/lib/python3.12/site-packages/***/task/task_runner/standard_task_runner.py:70: DeprecationWarning: This process (pid=1201) is multi-threaded, use of fork() may lead to deadlocks in the child.
  pid = os.fork()

[2024-11-23T17:06:04.878+0000] {standard_task_runner.py:72} INFO - Started process 1208 to run task
[2024-11-23T17:06:04.879+0000] {standard_task_runner.py:104} INFO - Running: ['***', 'tasks', 'run', 'fraud_detection', 'load_dependencies', 'scheduled__2024-11-23T17:05:00+00:00', '--job-id', '123', '--raw', '--subdir', 'DAGS_FOLDER/fraud_detection_dag.py', '--cfg-path', '/tmp/tmp_gdd7kxq']
[2024-11-23T17:06:04.889+0000] {standard_task_runner.py:105} INFO - Job 123: Subtask load_dependencies
[2024-11-23T17:06:05.009+0000] {task_command.py:467} INFO - Running <TaskInstance: fraud_detection.load_dependencies scheduled__2024-11-23T17:05:00+00:00 [running]> on host 345e92ff26bf
[2024-11-23T17:06:05.219+0000] {taskinstance.py:3131} INFO - Exporting env vars: AIRFLOW_CTX_DAG_OWNER='fraud_team' AIRFLOW_CTX_DAG_ID='fraud_detection' AIRFLOW_CTX_TASK_ID='load_dependencies' AIRFLOW_CTX_EXECUTION_DATE='2024-11-23T17:05:00+00:00' AIRFLOW_CTX_TRY_NUMBER='1' AIRFLOW_CTX_DAG_RUN_ID='scheduled__2024-11-23T17:05:00+00:00'
[2024-11-23T17:06:05.222+0000] {taskinstance.py:731} INFO - ::endgroup::
[2024-11-23T17:06:05.264+0000] {fraud_detection_dag.py:27} INFO - Chargement des dépendances depuis S3...
[2024-11-23T17:06:22.866+0000] {fraud_detection_dag.py:43} INFO - Modèle chargé avec succès
[2024-11-23T17:06:23.073+0000] {fraud_detection_dag.py:48} INFO - ETL chargé avec succès
[2024-11-23T17:06:23.152+0000] {python.py:240} INFO - Done. Returned value was: True
[2024-11-23T17:06:23.203+0000] {taskinstance.py:340} INFO - ::group::Post task execution logs
[2024-11-23T17:06:23.203+0000] {taskinstance.py:352} INFO - Marking task as SUCCESS. dag_id=fraud_detection, task_id=load_dependencies, run_id=scheduled__2024-11-23T17:05:00+00:00, execution_date=20241123T170500, start_date=20241123T170604, end_date=20241123T170623
[2024-11-23T17:06:23.264+0000] {local_task_job_runner.py:266} INFO - Task exited with return code 0
[2024-11-23T17:06:23.384+0000] {taskinstance.py:3900} INFO - 1 downstream tasks scheduled from follow-on schedule check
[2024-11-23T17:06:23.395+0000] {local_task_job_runner.py:245} INFO - ::endgroup::
