[2024-11-08T18:25:06.069+0000] {local_task_job_runner.py:123} INFO - ::group::Pre task execution logs
[2024-11-08T18:25:06.116+0000] {taskinstance.py:2612} INFO - Dependencies all met for dep_context=non-requeueable deps ti=<TaskInstance: fraud_detection.notify_normal scheduled__2024-11-08T18:23:00+00:00 [queued]>
[2024-11-08T18:25:06.138+0000] {taskinstance.py:2612} INFO - Dependencies all met for dep_context=requeueable deps ti=<TaskInstance: fraud_detection.notify_normal scheduled__2024-11-08T18:23:00+00:00 [queued]>
[2024-11-08T18:25:06.139+0000] {taskinstance.py:2865} INFO - Starting attempt 1 of 2
[2024-11-08T18:25:06.183+0000] {taskinstance.py:2888} INFO - Executing <Task(PythonOperator): notify_normal> on 2024-11-08 18:23:00+00:00
[2024-11-08T18:25:06.315+0000] {warnings.py:112} WARNING - /home/***/.local/lib/python3.12/site-packages/***/task/task_runner/standard_task_runner.py:70: DeprecationWarning: This process (pid=1269) is multi-threaded, use of fork() may lead to deadlocks in the child.
  pid = os.fork()

[2024-11-08T18:25:06.318+0000] {standard_task_runner.py:72} INFO - Started process 1273 to run task
[2024-11-08T18:25:06.318+0000] {standard_task_runner.py:104} INFO - Running: ['***', 'tasks', 'run', 'fraud_detection', 'notify_normal', 'scheduled__2024-11-08T18:23:00+00:00', '--job-id', '256', '--raw', '--subdir', 'DAGS_FOLDER/fraud_detection_dag.py', '--cfg-path', '/tmp/tmps8uu2cvh']
[2024-11-08T18:25:06.322+0000] {standard_task_runner.py:105} INFO - Job 256: Subtask notify_normal
[2024-11-08T18:25:06.400+0000] {task_command.py:467} INFO - Running <TaskInstance: fraud_detection.notify_normal scheduled__2024-11-08T18:23:00+00:00 [running]> on host 641085defe8e
[2024-11-08T18:25:06.670+0000] {taskinstance.py:3131} INFO - Exporting env vars: AIRFLOW_CTX_DAG_OWNER='fraud_team' AIRFLOW_CTX_DAG_ID='fraud_detection' AIRFLOW_CTX_TASK_ID='notify_normal' AIRFLOW_CTX_EXECUTION_DATE='2024-11-08T18:23:00+00:00' AIRFLOW_CTX_TRY_NUMBER='1' AIRFLOW_CTX_DAG_RUN_ID='scheduled__2024-11-08T18:23:00+00:00'
[2024-11-08T18:25:06.672+0000] {taskinstance.py:731} INFO - ::endgroup::
[2024-11-08T18:25:06.797+0000] {fraud_detection_dag.py:218} INFO - Données de transaction récupérées: {"columns":["cc_num","merchant","category","amt","first","last","gender","street","city","state","zip","lat","long","city_pop","job","dob","trans_num","merch_lat","merch_long","is_fraud","current_time"],"index":[378230],"data":[[4003989662068504,"fraud_Lesch Ltd","shopping_pos",4.7,"Chris","White","M","98897 Bennett Lodge","Bessemer","AL",35022,33.3224,-86.9657,71463,"Radio broadcast assistant","1989-02-08","a8d7174a0396dd0d07a9a60fa3e400b6",32.682647,-86.96136,0,1731090298766]]}
[2024-11-08T18:25:06.798+0000] {fraud_detection_dag.py:219} INFO - Probabilité de fraude: 0.3539209153088827
[2024-11-08T18:25:06.799+0000] {fraud_detection_dag.py:220} INFO - Est une fraude: False
[2024-11-08T18:25:06.806+0000] {fraud_detection_dag.py:280} INFO - Tentative d'envoi d'email normale...
[2024-11-08T18:25:06.808+0000] {fraud_detection_dag.py:281} INFO - Contenu de l'email:

        ✅ Transaction NORMALE détectée!
        
        Statut: Vert
        Probabilité de fraude: 35.39%
        
        Détails de la transaction:
        --------------------------
        ID Transaction: a8d7174a0396dd0d07a9a60fa3e400b6
        Montant: 4.70€
        Date/Heure: 2024-11-08 18:24:58
        
        Informations sur le marchand:
        ----------------------------
        Nom: fraud_Lesch Ltd
        Ville: Bessemer
        État: AL
        
        Informations sur le client:
        --------------------------
        Nom: Chris White
        Ville: Bessemer
        
        Cette notification a été générée automatiquement par le système de détection de fraude.
        
[2024-11-08T18:25:08.914+0000] {fraud_detection_dag.py:291} INFO - Email envoyé avec succès
[2024-11-08T18:25:08.915+0000] {python.py:240} INFO - Done. Returned value was: store_normal
[2024-11-08T18:25:09.203+0000] {taskinstance.py:340} INFO - ::group::Post task execution logs
[2024-11-08T18:25:09.204+0000] {taskinstance.py:352} INFO - Marking task as SUCCESS. dag_id=fraud_detection, task_id=notify_normal, run_id=scheduled__2024-11-08T18:23:00+00:00, execution_date=20241108T182300, start_date=20241108T182506, end_date=20241108T182509
[2024-11-08T18:25:09.549+0000] {local_task_job_runner.py:266} INFO - Task exited with return code 0
[2024-11-08T18:25:09.580+0000] {taskinstance.py:3900} INFO - 1 downstream tasks scheduled from follow-on schedule check
[2024-11-08T18:25:09.732+0000] {local_task_job_runner.py:245} INFO - ::endgroup::
