[2024-11-23T18:03:35.969+0000] {local_task_job_runner.py:123} INFO - ::group::Pre task execution logs
[2024-11-23T18:03:36.010+0000] {taskinstance.py:2612} INFO - Dependencies all met for dep_context=non-requeueable deps ti=<TaskInstance: fraud_detection.notify_normal manual__2024-11-23T18:02:39.109763+00:00 [queued]>
[2024-11-23T18:03:36.044+0000] {taskinstance.py:2612} INFO - Dependencies all met for dep_context=requeueable deps ti=<TaskInstance: fraud_detection.notify_normal manual__2024-11-23T18:02:39.109763+00:00 [queued]>
[2024-11-23T18:03:36.045+0000] {taskinstance.py:2865} INFO - Starting attempt 1 of 2
[2024-11-23T18:03:36.075+0000] {taskinstance.py:2888} INFO - Executing <Task(PythonOperator): notify_normal> on 2024-11-23 18:02:39.109763+00:00
[2024-11-23T18:03:36.090+0000] {warnings.py:112} WARNING - /home/***/.local/lib/python3.12/site-packages/***/task/task_runner/standard_task_runner.py:70: DeprecationWarning: This process (pid=4141) is multi-threaded, use of fork() may lead to deadlocks in the child.
  pid = os.fork()

[2024-11-23T18:03:36.093+0000] {standard_task_runner.py:72} INFO - Started process 4146 to run task
[2024-11-23T18:03:36.097+0000] {standard_task_runner.py:104} INFO - Running: ['***', 'tasks', 'run', 'fraud_detection', 'notify_normal', 'manual__2024-11-23T18:02:39.109763+00:00', '--job-id', '409', '--raw', '--subdir', 'DAGS_FOLDER/fraud_detection_dag.py', '--cfg-path', '/tmp/tmp1c59jd8b']
[2024-11-23T18:03:36.107+0000] {standard_task_runner.py:105} INFO - Job 409: Subtask notify_normal
[2024-11-23T18:03:36.290+0000] {task_command.py:467} INFO - Running <TaskInstance: fraud_detection.notify_normal manual__2024-11-23T18:02:39.109763+00:00 [running]> on host 345e92ff26bf
[2024-11-23T18:03:36.545+0000] {taskinstance.py:3131} INFO - Exporting env vars: AIRFLOW_CTX_DAG_OWNER='fraud_team' AIRFLOW_CTX_DAG_ID='fraud_detection' AIRFLOW_CTX_TASK_ID='notify_normal' AIRFLOW_CTX_EXECUTION_DATE='2024-11-23T18:02:39.109763+00:00' AIRFLOW_CTX_TRY_NUMBER='1' AIRFLOW_CTX_DAG_RUN_ID='manual__2024-11-23T18:02:39.109763+00:00'
[2024-11-23T18:03:36.550+0000] {taskinstance.py:731} INFO - ::endgroup::
[2024-11-23T18:03:36.639+0000] {fraud_detection_dag.py:144} INFO - Données de transaction récupérées: {"columns":["cc_num","merchant","category","amt","first","last","gender","street","city","state","zip","lat","long","city_pop","job","dob","trans_num","merch_lat","merch_long","is_fraud","current_time"],"index":[509459],"data":[[3502377050801561,"fraud_Schroeder Group","health_fitness",13.8,"Kathleen","Martin","F","659 Nicole Cove Suite 560","New Waverly","TX",77358,30.5354,-95.4532,4993,"Scientist, biomedical","1948-11-30","cc892ca417b6e1f1fb126cb25ec185e4",30.924265,-95.018817,0,1732385004258]]}
[2024-11-23T18:03:36.640+0000] {fraud_detection_dag.py:145} INFO - Probabilité de fraude: 0.34934931683957465
[2024-11-23T18:03:36.641+0000] {fraud_detection_dag.py:146} INFO - Est une fraude: False
[2024-11-23T18:03:36.656+0000] {fraud_detection_dag.py:206} INFO - Tentative d'envoi d'email normale...
[2024-11-23T18:03:36.657+0000] {fraud_detection_dag.py:207} INFO - Contenu de l'email:

        ✅ Transaction NORMALE détectée!
        
        Statut: Vert
        Probabilité de fraude: 34.93%
        
        Détails de la transaction:
        --------------------------
        ID Transaction: cc892ca417b6e1f1fb126cb25ec185e4
        Montant: 13.80€
        Date/Heure: 2024-11-23 18:03:24
        
        Informations sur le marchand:
        ----------------------------
        Nom: fraud_Schroeder Group
        Ville: New Waverly
        État: TX
        
        Informations sur le client:
        --------------------------
        Nom: Kathleen Martin
        Ville: New Waverly
        
        Cette notification a été générée automatiquement par le système de détection de fraude.
        
[2024-11-23T18:03:40.040+0000] {fraud_detection_dag.py:217} INFO - Email envoyé avec succès
[2024-11-23T18:03:40.063+0000] {python.py:240} INFO - Done. Returned value was: store_normal
[2024-11-23T18:03:40.239+0000] {taskinstance.py:340} INFO - ::group::Post task execution logs
[2024-11-23T18:03:40.241+0000] {taskinstance.py:352} INFO - Marking task as SUCCESS. dag_id=fraud_detection, task_id=notify_normal, run_id=manual__2024-11-23T18:02:39.109763+00:00, execution_date=20241123T180239, start_date=20241123T180336, end_date=20241123T180340
[2024-11-23T18:03:40.497+0000] {local_task_job_runner.py:266} INFO - Task exited with return code 0
[2024-11-23T18:03:40.592+0000] {taskinstance.py:3900} INFO - 1 downstream tasks scheduled from follow-on schedule check
[2024-11-23T18:03:40.604+0000] {local_task_job_runner.py:245} INFO - ::endgroup::
