[2024-11-02T23:46:13.332+0000] {local_task_job_runner.py:123} INFO - ::group::Pre task execution logs
[2024-11-02T23:46:13.532+0000] {taskinstance.py:2612} INFO - Dependencies all met for dep_context=non-requeueable deps ti=<TaskInstance: fraud_detection.skip_processing scheduled__2024-11-02T23:27:00+00:00 [queued]>
[2024-11-02T23:46:13.616+0000] {taskinstance.py:2612} INFO - Dependencies all met for dep_context=requeueable deps ti=<TaskInstance: fraud_detection.skip_processing scheduled__2024-11-02T23:27:00+00:00 [queued]>
[2024-11-02T23:46:13.620+0000] {taskinstance.py:2865} INFO - Starting attempt 1 of 2
[2024-11-02T23:46:13.701+0000] {taskinstance.py:2888} INFO - Executing <Task(PythonOperator): skip_processing> on 2024-11-02 23:27:00+00:00
[2024-11-02T23:46:13.736+0000] {standard_task_runner.py:104} INFO - Running: ['***', 'tasks', 'run', 'fraud_detection', 'skip_processing', 'scheduled__2024-11-02T23:27:00+00:00', '--job-id', '89', '--raw', '--subdir', 'DAGS_FOLDER/fraud_detection_dag.py', '--cfg-path', '/tmp/tmpv_pao3li']
[2024-11-02T23:46:13.748+0000] {standard_task_runner.py:105} INFO - Job 89: Subtask skip_processing
[2024-11-02T23:46:13.763+0000] {warnings.py:112} WARNING - /home/***/.local/lib/python3.12/site-packages/***/task/task_runner/standard_task_runner.py:70: DeprecationWarning: This process (pid=1269) is multi-threaded, use of fork() may lead to deadlocks in the child.
  pid = os.fork()

[2024-11-02T23:46:13.767+0000] {standard_task_runner.py:72} INFO - Started process 1275 to run task
[2024-11-02T23:46:14.081+0000] {task_command.py:467} INFO - Running <TaskInstance: fraud_detection.skip_processing scheduled__2024-11-02T23:27:00+00:00 [running]> on host 713744f3b6c0
[2024-11-02T23:46:14.568+0000] {taskinstance.py:3131} INFO - Exporting env vars: AIRFLOW_CTX_DAG_OWNER='fraud_team' AIRFLOW_CTX_DAG_ID='fraud_detection' AIRFLOW_CTX_TASK_ID='skip_processing' AIRFLOW_CTX_EXECUTION_DATE='2024-11-02T23:27:00+00:00' AIRFLOW_CTX_TRY_NUMBER='1' AIRFLOW_CTX_DAG_RUN_ID='scheduled__2024-11-02T23:27:00+00:00'
[2024-11-02T23:46:14.574+0000] {taskinstance.py:731} INFO - ::endgroup::
[2024-11-02T23:46:14.618+0000] {fraud_detection_dag.py:270} INFO - Pas de données
[2024-11-02T23:46:14.628+0000] {python.py:240} INFO - Done. Returned value was: None
[2024-11-02T23:46:14.755+0000] {taskinstance.py:340} INFO - ::group::Post task execution logs
[2024-11-02T23:46:14.757+0000] {taskinstance.py:352} INFO - Marking task as SUCCESS. dag_id=fraud_detection, task_id=skip_processing, run_id=scheduled__2024-11-02T23:27:00+00:00, execution_date=20241102T232700, start_date=20241102T234613, end_date=20241102T234614
[2024-11-02T23:46:14.924+0000] {local_task_job_runner.py:266} INFO - Task exited with return code 0
[2024-11-02T23:46:15.051+0000] {taskinstance.py:3900} INFO - 0 downstream tasks scheduled from follow-on schedule check
[2024-11-02T23:46:15.060+0000] {local_task_job_runner.py:245} INFO - ::endgroup::
