[2024-11-24T15:11:11.197+0000] {local_task_job_runner.py:123} INFO - ::group::Pre task execution logs
[2024-11-24T15:11:11.398+0000] {taskinstance.py:2612} INFO - Dependencies all met for dep_context=non-requeueable deps ti=<TaskInstance: fraud_detection.process_transaction scheduled__2024-11-23T18:19:00+00:00 [queued]>
[2024-11-24T15:11:11.496+0000] {taskinstance.py:2612} INFO - Dependencies all met for dep_context=requeueable deps ti=<TaskInstance: fraud_detection.process_transaction scheduled__2024-11-23T18:19:00+00:00 [queued]>
[2024-11-24T15:11:11.497+0000] {taskinstance.py:2865} INFO - Starting attempt 1 of 2
[2024-11-24T15:11:11.560+0000] {taskinstance.py:2888} INFO - Executing <Task(BranchPythonOperator): process_transaction> on 2024-11-23 18:19:00+00:00
[2024-11-24T15:11:11.601+0000] {warnings.py:112} WARNING - /home/***/.local/lib/python3.12/site-packages/***/task/task_runner/standard_task_runner.py:70: DeprecationWarning: This process (pid=229) is multi-threaded, use of fork() may lead to deadlocks in the child.
  pid = os.fork()

[2024-11-24T15:11:11.619+0000] {standard_task_runner.py:72} INFO - Started process 246 to run task
[2024-11-24T15:11:11.635+0000] {standard_task_runner.py:104} INFO - Running: ['***', 'tasks', 'run', 'fraud_detection', 'process_transaction', 'scheduled__2024-11-23T18:19:00+00:00', '--job-id', '526', '--raw', '--subdir', 'DAGS_FOLDER/fraud_detection_dag.py', '--cfg-path', '/tmp/tmppetbzdlv']
[2024-11-24T15:11:11.662+0000] {standard_task_runner.py:105} INFO - Job 526: Subtask process_transaction
[2024-11-24T15:11:12.082+0000] {task_command.py:467} INFO - Running <TaskInstance: fraud_detection.process_transaction scheduled__2024-11-23T18:19:00+00:00 [running]> on host 345e92ff26bf
[2024-11-24T15:11:13.275+0000] {taskinstance.py:3131} INFO - Exporting env vars: AIRFLOW_CTX_DAG_OWNER='fraud_team' AIRFLOW_CTX_DAG_ID='fraud_detection' AIRFLOW_CTX_TASK_ID='process_transaction' AIRFLOW_CTX_EXECUTION_DATE='2024-11-23T18:19:00+00:00' AIRFLOW_CTX_TRY_NUMBER='1' AIRFLOW_CTX_DAG_RUN_ID='scheduled__2024-11-23T18:19:00+00:00'
[2024-11-24T15:11:13.284+0000] {taskinstance.py:731} INFO - ::endgroup::
[2024-11-24T15:11:13.426+0000] {baseoperator.py:405} WARNING - BranchPythonOperator.execute cannot be called outside TaskInstance!
[2024-11-24T15:11:13.577+0000] {fraud_detection_dag.py:78} INFO - Données récupérées depuis XCom: {"columns":["cc_num","merchant","category","amt","first","last","gender","street","city","state","zip","lat","long","city_pop","job","dob","trans_num","merch_lat","merch_long","is_fraud","current_time"],"index":[11234],"data":[[3527536963490470,"fraud_Jacobi and Sons","shopping_pos",6.1,"Teresa","Stein","F","2838 White Fields Apt. 473","Brunson","SC",29911,32.9413,-81.1807,1725,"Social researcher","1974-12-05","846208a9997e057452aaaca38e89d351",33.483408,-80.256546,0,1732461060614]]}
[2024-11-24T15:11:13.582+0000] {fraud_detection_dag.py:86} INFO - Données JSON parsées avec succès
[2024-11-24T15:11:13.623+0000] {fraud_detection_dag.py:90} INFO - DataFrame créé avec 1 lignes
[2024-11-24T15:11:13.658+0000] {fraud_detection_dag.py:94} INFO - Colonnes renommées avec succès
[2024-11-24T15:11:13.660+0000] {fraud_detection_dag.py:95} INFO - Colonnes disponibles: ['cc_num', 'merchant', 'category', 'amt', 'first', 'last', 'gender', 'street', 'city', 'state', 'zip', 'lat', 'long', 'city_pop', 'job', 'dob', 'trans_num', 'merch_lat', 'merch_long', 'is_fraud', 'trans_date_trans_time']
[2024-11-24T15:11:13.681+0000] {fraud_detection_dag.py:99} INFO - Conversion de trans_date_trans_time en unix_time réussie
[2024-11-24T15:11:14.222+0000] {fraud_detection_dag.py:108} INFO - Transformation des données...
[2024-11-24T15:11:35.485+0000] {warnings.py:112} WARNING - /home/***/.local/lib/python3.12/site-packages/sklearn/ensemble/_base.py:172: UserWarning: Loky-backed parallel loops cannot be called in a multiprocessing, setting n_jobs=1
  n_jobs = min(effective_n_jobs(n_jobs), n_estimators)

[2024-11-24T15:11:35.532+0000] {warnings.py:112} WARNING - /home/***/.local/lib/python3.12/site-packages/sklearn/ensemble/_base.py:172: UserWarning: Loky-backed parallel loops cannot be called in a multiprocessing, setting n_jobs=1
  n_jobs = min(effective_n_jobs(n_jobs), n_estimators)

[2024-11-24T15:11:35.539+0000] {fraud_detection_dag.py:120} INFO - Prediction de fraude: NORMAL, Probabilité: 35.13%
[2024-11-24T15:11:35.702+0000] {fraud_detection_dag.py:126} INFO - Prédiction: NORMAL (Probabilité: 35.13%)
[2024-11-24T15:11:35.705+0000] {python.py:240} INFO - Done. Returned value was: notify_normal
[2024-11-24T15:11:35.706+0000] {branch.py:38} INFO - Branch into notify_normal
[2024-11-24T15:11:35.707+0000] {skipmixin.py:230} INFO - Following branch ('notify_normal',)
[2024-11-24T15:11:35.794+0000] {skipmixin.py:278} INFO - Skipping tasks [('skip_processing', -1), ('notify_fraud', -1)]
[2024-11-24T15:11:35.905+0000] {taskinstance.py:340} INFO - ::group::Post task execution logs
[2024-11-24T15:11:35.906+0000] {taskinstance.py:352} INFO - Marking task as SUCCESS. dag_id=fraud_detection, task_id=process_transaction, run_id=scheduled__2024-11-23T18:19:00+00:00, execution_date=20241123T181900, start_date=20241124T151111, end_date=20241124T151135
[2024-11-24T15:11:35.983+0000] {local_task_job_runner.py:266} INFO - Task exited with return code 0
[2024-11-24T15:11:36.213+0000] {taskinstance.py:3900} INFO - 1 downstream tasks scheduled from follow-on schedule check
[2024-11-24T15:11:36.249+0000] {local_task_job_runner.py:245} INFO - ::endgroup::
