[2024-11-22T18:41:03.039+0000] {local_task_job_runner.py:123} INFO - ::group::Pre task execution logs
[2024-11-22T18:41:03.147+0000] {taskinstance.py:2612} INFO - Dependencies all met for dep_context=non-requeueable deps ti=<TaskInstance: fraud_detection.notify_normal scheduled__2024-11-08T18:55:00+00:00 [queued]>
[2024-11-22T18:41:03.215+0000] {taskinstance.py:2612} INFO - Dependencies all met for dep_context=requeueable deps ti=<TaskInstance: fraud_detection.notify_normal scheduled__2024-11-08T18:55:00+00:00 [queued]>
[2024-11-22T18:41:03.216+0000] {taskinstance.py:2865} INFO - Starting attempt 1 of 2
[2024-11-22T18:41:03.262+0000] {taskinstance.py:2888} INFO - Executing <Task(PythonOperator): notify_normal> on 2024-11-08 18:55:00+00:00
[2024-11-22T18:41:03.290+0000] {warnings.py:112} WARNING - /home/***/.local/lib/python3.12/site-packages/***/task/task_runner/standard_task_runner.py:70: DeprecationWarning: This process (pid=124) is multi-threaded, use of fork() may lead to deadlocks in the child.
  pid = os.fork()

[2024-11-22T18:41:03.293+0000] {standard_task_runner.py:72} INFO - Started process 132 to run task
[2024-11-22T18:41:03.293+0000] {standard_task_runner.py:104} INFO - Running: ['***', 'tasks', 'run', 'fraud_detection', 'notify_normal', 'scheduled__2024-11-08T18:55:00+00:00', '--job-id', '353', '--raw', '--subdir', 'DAGS_FOLDER/fraud_detection_dag.py', '--cfg-path', '/tmp/tmp7ymqtzrf']
[2024-11-22T18:41:03.298+0000] {standard_task_runner.py:105} INFO - Job 353: Subtask notify_normal
[2024-11-22T18:41:03.435+0000] {task_command.py:467} INFO - Running <TaskInstance: fraud_detection.notify_normal scheduled__2024-11-08T18:55:00+00:00 [running]> on host c6af8dbaf1e5
[2024-11-22T18:41:03.849+0000] {taskinstance.py:3131} INFO - Exporting env vars: AIRFLOW_CTX_DAG_OWNER='fraud_team' AIRFLOW_CTX_DAG_ID='fraud_detection' AIRFLOW_CTX_TASK_ID='notify_normal' AIRFLOW_CTX_EXECUTION_DATE='2024-11-08T18:55:00+00:00' AIRFLOW_CTX_TRY_NUMBER='1' AIRFLOW_CTX_DAG_RUN_ID='scheduled__2024-11-08T18:55:00+00:00'
[2024-11-22T18:41:03.858+0000] {taskinstance.py:731} INFO - ::endgroup::
[2024-11-22T18:41:04.068+0000] {fraud_detection_dag.py:218} INFO - Données de transaction récupérées: {"columns":["cc_num","merchant","category","amt","first","last","gender","street","city","state","zip","lat","long","city_pop","job","dob","trans_num","merch_lat","merch_long","is_fraud","current_time"],"index":[186543],"data":[[4939976756738216,"fraud_Kemmer-Buckridge","misc_pos",86.22,"Michelle","Johnston","F","3531 Hamilton Highway","Roma","TX",78584,26.4215,-99.0025,18128,"IT trainer","1990-11-07","cfb39144c087c11cbf3f9a1f292a165b",25.559926,-99.126432,0,1732300852784]]}
[2024-11-22T18:41:04.069+0000] {fraud_detection_dag.py:219} INFO - Probabilité de fraude: 0.28143167328794894
[2024-11-22T18:41:04.080+0000] {fraud_detection_dag.py:220} INFO - Est une fraude: False
[2024-11-22T18:41:04.102+0000] {fraud_detection_dag.py:280} INFO - Tentative d'envoi d'email normale...
[2024-11-22T18:41:04.104+0000] {fraud_detection_dag.py:281} INFO - Contenu de l'email:

        ✅ Transaction NORMALE détectée!
        
        Statut: Vert
        Probabilité de fraude: 28.14%
        
        Détails de la transaction:
        --------------------------
        ID Transaction: cfb39144c087c11cbf3f9a1f292a165b
        Montant: 86.22€
        Date/Heure: 2024-11-22 18:40:52
        
        Informations sur le marchand:
        ----------------------------
        Nom: fraud_Kemmer-Buckridge
        Ville: Roma
        État: TX
        
        Informations sur le client:
        --------------------------
        Nom: Michelle Johnston
        Ville: Roma
        
        Cette notification a été générée automatiquement par le système de détection de fraude.
        
[2024-11-22T18:41:07.578+0000] {fraud_detection_dag.py:291} INFO - Email envoyé avec succès
[2024-11-22T18:41:07.579+0000] {python.py:240} INFO - Done. Returned value was: store_normal
[2024-11-22T18:41:07.620+0000] {taskinstance.py:340} INFO - ::group::Post task execution logs
[2024-11-22T18:41:07.621+0000] {taskinstance.py:352} INFO - Marking task as SUCCESS. dag_id=fraud_detection, task_id=notify_normal, run_id=scheduled__2024-11-08T18:55:00+00:00, execution_date=20241108T185500, start_date=20241122T184103, end_date=20241122T184107
[2024-11-22T18:41:08.039+0000] {local_task_job_runner.py:266} INFO - Task exited with return code 0
[2024-11-22T18:41:08.342+0000] {standard_task_runner.py:217} INFO - Process not found (most likely exited), stop collecting metrics
[2024-11-22T18:41:08.347+0000] {taskinstance.py:3900} INFO - 1 downstream tasks scheduled from follow-on schedule check
[2024-11-22T18:41:08.377+0000] {local_task_job_runner.py:245} INFO - ::endgroup::
