[2024-11-22T18:54:32.891+0000] {local_task_job_runner.py:123} INFO - ::group::Pre task execution logs
[2024-11-22T18:54:32.934+0000] {taskinstance.py:2612} INFO - Dependencies all met for dep_context=non-requeueable deps ti=<TaskInstance: fraud_detection.store_normal scheduled__2024-11-22T18:52:00+00:00 [queued]>
[2024-11-22T18:54:32.961+0000] {taskinstance.py:2612} INFO - Dependencies all met for dep_context=requeueable deps ti=<TaskInstance: fraud_detection.store_normal scheduled__2024-11-22T18:52:00+00:00 [queued]>
[2024-11-22T18:54:32.962+0000] {taskinstance.py:2865} INFO - Starting attempt 1 of 2
[2024-11-22T18:54:33.011+0000] {taskinstance.py:2888} INFO - Executing <Task(PythonOperator): store_normal> on 2024-11-22 18:52:00+00:00
[2024-11-22T18:54:33.057+0000] {warnings.py:112} WARNING - /home/***/.local/lib/python3.12/site-packages/***/task/task_runner/standard_task_runner.py:70: DeprecationWarning: This process (pid=674) is multi-threaded, use of fork() may lead to deadlocks in the child.
  pid = os.fork()

[2024-11-22T18:54:33.059+0000] {standard_task_runner.py:72} INFO - Started process 676 to run task
[2024-11-22T18:54:33.065+0000] {standard_task_runner.py:104} INFO - Running: ['***', 'tasks', 'run', 'fraud_detection', 'store_normal', 'scheduled__2024-11-22T18:52:00+00:00', '--job-id', '430', '--raw', '--subdir', 'DAGS_FOLDER/fraud_detection_dag.py', '--cfg-path', '/tmp/tmp_9d2norx']
[2024-11-22T18:54:33.098+0000] {standard_task_runner.py:105} INFO - Job 430: Subtask store_normal
[2024-11-22T18:54:33.326+0000] {task_command.py:467} INFO - Running <TaskInstance: fraud_detection.store_normal scheduled__2024-11-22T18:52:00+00:00 [running]> on host c6af8dbaf1e5
[2024-11-22T18:54:33.717+0000] {taskinstance.py:3131} INFO - Exporting env vars: AIRFLOW_CTX_DAG_OWNER='fraud_team' AIRFLOW_CTX_DAG_ID='fraud_detection' AIRFLOW_CTX_TASK_ID='store_normal' AIRFLOW_CTX_EXECUTION_DATE='2024-11-22T18:52:00+00:00' AIRFLOW_CTX_TRY_NUMBER='1' AIRFLOW_CTX_DAG_RUN_ID='scheduled__2024-11-22T18:52:00+00:00'
[2024-11-22T18:54:33.719+0000] {taskinstance.py:731} INFO - ::endgroup::
[2024-11-22T18:54:33.754+0000] {fraud_detection_dag.py:309} INFO - Tentative de connexion à Neon...
[2024-11-22T18:54:44.288+0000] {fraud_detection_dag.py:315} INFO - Connexion à Neon réussie!
[2024-11-22T18:54:45.119+0000] {fraud_detection_dag.py:322} INFO - Données reçues pour stockage: {"columns":["cc_num","merchant","category","amt","first","last","gender","street","city","state","zip","lat","long","city_pop","job","dob","trans_num","merch_lat","merch_long","is_fraud","current_time"],"index":[487661],"data":[[4584931703207308232,"fraud_Hills-Boyer","personal_care",92.43,"Amanda","Gomez","F","8152 Brittany Centers","Dallas","TX",75218,32.8463,-96.6972,1263321,"Designer, ceramics\/pottery","1975-04-16","9d324cd094c45abc3ef74a2779694e53",33.627603,-96.856444,0,1732301651521]]}
[2024-11-22T18:54:45.120+0000] {fraud_detection_dag.py:331} INFO - JSON parsé avec succès
[2024-11-22T18:54:45.141+0000] {fraud_detection_dag.py:335} INFO - DataFrame créé avec 1 lignes
[2024-11-22T18:54:45.147+0000] {fraud_detection_dag.py:340} INFO - Colonne current_time renommée en trans_date_trans_time
[2024-11-22T18:54:45.153+0000] {fraud_detection_dag.py:344} INFO - Conversion du timestamp réussie
[2024-11-22T18:54:45.427+0000] {fraud_detection_dag.py:348} INFO - Indicateur de fraude récupéré: False
[2024-11-22T18:54:45.442+0000] {fraud_detection_dag.py:352} INFO - Colonne is_fraud mise à jour avec la valeur: False
[2024-11-22T18:54:45.444+0000] {fraud_detection_dag.py:356} INFO - Conversion de is_fraud en boolean réussie
[2024-11-22T18:54:45.445+0000] {fraud_detection_dag.py:359} INFO - Colonnes finales avant stockage: ['cc_num', 'merchant', 'category', 'amt', 'first', 'last', 'gender', 'street', 'city', 'state', 'zip', 'lat', 'long', 'city_pop', 'job', 'dob', 'trans_num', 'merch_lat', 'merch_long', 'is_fraud', 'trans_date_trans_time']
[2024-11-22T18:54:45.463+0000] {fraud_detection_dag.py:360} INFO - Types des données: 
cc_num                            int64
merchant                         object
category                         object
amt                             float64
first                            object
last                             object
gender                           object
street                           object
city                             object
state                            object
zip                               int64
lat                             float64
long                            float64
city_pop                          int64
job                              object
dob                              object
trans_num                        object
merch_lat                       float64
merch_long                      float64
is_fraud                           bool
trans_date_trans_time    datetime64[ns]
dtype: object
[2024-11-22T18:54:45.467+0000] {fraud_detection_dag.py:364} INFO - Stockage dans la table: normal_transactions
[2024-11-22T18:54:47.768+0000] {fraud_detection_dag.py:369} INFO - Données stockées avec succès dans la table normal_transactions
[2024-11-22T18:54:47.776+0000] {python.py:240} INFO - Done. Returned value was: None
[2024-11-22T18:54:47.898+0000] {taskinstance.py:340} INFO - ::group::Post task execution logs
[2024-11-22T18:54:47.907+0000] {taskinstance.py:352} INFO - Marking task as SUCCESS. dag_id=fraud_detection, task_id=store_normal, run_id=scheduled__2024-11-22T18:52:00+00:00, execution_date=20241122T185200, start_date=20241122T185432, end_date=20241122T185447
[2024-11-22T18:54:48.074+0000] {local_task_job_runner.py:266} INFO - Task exited with return code 0
[2024-11-22T18:54:48.123+0000] {standard_task_runner.py:217} INFO - Process not found (most likely exited), stop collecting metrics
[2024-11-22T18:54:48.185+0000] {taskinstance.py:3900} INFO - 0 downstream tasks scheduled from follow-on schedule check
[2024-11-22T18:54:48.194+0000] {local_task_job_runner.py:245} INFO - ::endgroup::
