[2024-11-22T18:50:41.797+0000] {local_task_job_runner.py:123} INFO - ::group::Pre task execution logs
[2024-11-22T18:50:41.977+0000] {taskinstance.py:2612} INFO - Dependencies all met for dep_context=non-requeueable deps ti=<TaskInstance: fraud_detection.notify_normal scheduled__2024-11-22T18:48:00+00:00 [queued]>
[2024-11-22T18:50:42.002+0000] {taskinstance.py:2612} INFO - Dependencies all met for dep_context=requeueable deps ti=<TaskInstance: fraud_detection.notify_normal scheduled__2024-11-22T18:48:00+00:00 [queued]>
[2024-11-22T18:50:42.002+0000] {taskinstance.py:2865} INFO - Starting attempt 1 of 2
[2024-11-22T18:50:42.121+0000] {taskinstance.py:2888} INFO - Executing <Task(PythonOperator): notify_normal> on 2024-11-22 18:48:00+00:00
[2024-11-22T18:50:42.147+0000] {warnings.py:112} WARNING - /home/***/.local/lib/python3.12/site-packages/***/task/task_runner/standard_task_runner.py:70: DeprecationWarning: This process (pid=521) is multi-threaded, use of fork() may lead to deadlocks in the child.
  pid = os.fork()

[2024-11-22T18:50:42.149+0000] {standard_task_runner.py:72} INFO - Started process 523 to run task
[2024-11-22T18:50:42.214+0000] {standard_task_runner.py:104} INFO - Running: ['***', 'tasks', 'run', 'fraud_detection', 'notify_normal', 'scheduled__2024-11-22T18:48:00+00:00', '--job-id', '409', '--raw', '--subdir', 'DAGS_FOLDER/fraud_detection_dag.py', '--cfg-path', '/tmp/tmp4gc7gpfb']
[2024-11-22T18:50:42.245+0000] {standard_task_runner.py:105} INFO - Job 409: Subtask notify_normal
[2024-11-22T18:50:42.846+0000] {task_command.py:467} INFO - Running <TaskInstance: fraud_detection.notify_normal scheduled__2024-11-22T18:48:00+00:00 [running]> on host c6af8dbaf1e5
[2024-11-22T18:50:43.332+0000] {taskinstance.py:3131} INFO - Exporting env vars: AIRFLOW_CTX_DAG_OWNER='fraud_team' AIRFLOW_CTX_DAG_ID='fraud_detection' AIRFLOW_CTX_TASK_ID='notify_normal' AIRFLOW_CTX_EXECUTION_DATE='2024-11-22T18:48:00+00:00' AIRFLOW_CTX_TRY_NUMBER='1' AIRFLOW_CTX_DAG_RUN_ID='scheduled__2024-11-22T18:48:00+00:00'
[2024-11-22T18:50:43.335+0000] {taskinstance.py:731} INFO - ::endgroup::
[2024-11-22T18:50:43.660+0000] {fraud_detection_dag.py:218} INFO - Données de transaction récupérées: {"columns":["cc_num","merchant","category","amt","first","last","gender","street","city","state","zip","lat","long","city_pop","job","dob","trans_num","merch_lat","merch_long","is_fraud","current_time"],"index":[194837],"data":[[36913587729122,"fraud_Lynch Ltd","shopping_pos",161.87,"Ana","Mccormick","F","4503 Patricia Route","Meridian","ID",83646,43.6498,-116.4306,84106,"Intelligence analyst","1971-02-11","067ab867eb9b335802946e3a0ef92553",44.285438,-117.272082,0,1732301425870]]}
[2024-11-22T18:50:43.661+0000] {fraud_detection_dag.py:219} INFO - Probabilité de fraude: 0.3396851393602491
[2024-11-22T18:50:43.662+0000] {fraud_detection_dag.py:220} INFO - Est une fraude: False
[2024-11-22T18:50:43.699+0000] {fraud_detection_dag.py:280} INFO - Tentative d'envoi d'email normale...
[2024-11-22T18:50:43.699+0000] {fraud_detection_dag.py:281} INFO - Contenu de l'email:

        ✅ Transaction NORMALE détectée!
        
        Statut: Vert
        Probabilité de fraude: 33.97%
        
        Détails de la transaction:
        --------------------------
        ID Transaction: 067ab867eb9b335802946e3a0ef92553
        Montant: 161.87€
        Date/Heure: 2024-11-22 18:50:25
        
        Informations sur le marchand:
        ----------------------------
        Nom: fraud_Lynch Ltd
        Ville: Meridian
        État: ID
        
        Informations sur le client:
        --------------------------
        Nom: Ana Mccormick
        Ville: Meridian
        
        Cette notification a été générée automatiquement par le système de détection de fraude.
        
[2024-11-22T18:50:51.479+0000] {fraud_detection_dag.py:291} INFO - Email envoyé avec succès
[2024-11-22T18:50:51.484+0000] {python.py:240} INFO - Done. Returned value was: store_normal
[2024-11-22T18:50:51.623+0000] {taskinstance.py:340} INFO - ::group::Post task execution logs
[2024-11-22T18:50:51.628+0000] {taskinstance.py:352} INFO - Marking task as SUCCESS. dag_id=fraud_detection, task_id=notify_normal, run_id=scheduled__2024-11-22T18:48:00+00:00, execution_date=20241122T184800, start_date=20241122T185041, end_date=20241122T185051
[2024-11-22T18:50:51.776+0000] {local_task_job_runner.py:266} INFO - Task exited with return code 0
[2024-11-22T18:50:51.952+0000] {taskinstance.py:3900} INFO - 1 downstream tasks scheduled from follow-on schedule check
[2024-11-22T18:50:51.963+0000] {local_task_job_runner.py:245} INFO - ::endgroup::
