[2024-11-24T15:20:47.507+0000] {local_task_job_runner.py:123} INFO - ::group::Pre task execution logs
[2024-11-24T15:20:47.556+0000] {taskinstance.py:2612} INFO - Dependencies all met for dep_context=non-requeueable deps ti=<TaskInstance: fraud_detection.notify_normal scheduled__2024-11-24T15:19:00+00:00 [queued]>
[2024-11-24T15:20:47.579+0000] {taskinstance.py:2612} INFO - Dependencies all met for dep_context=requeueable deps ti=<TaskInstance: fraud_detection.notify_normal scheduled__2024-11-24T15:19:00+00:00 [queued]>
[2024-11-24T15:20:47.579+0000] {taskinstance.py:2865} INFO - Starting attempt 1 of 2
[2024-11-24T15:20:47.602+0000] {taskinstance.py:2888} INFO - Executing <Task(PythonOperator): notify_normal> on 2024-11-24 15:19:00+00:00
[2024-11-24T15:20:47.613+0000] {warnings.py:112} WARNING - /home/***/.local/lib/python3.12/site-packages/***/task/task_runner/standard_task_runner.py:70: DeprecationWarning: This process (pid=1058) is multi-threaded, use of fork() may lead to deadlocks in the child.
  pid = os.fork()

[2024-11-24T15:20:47.615+0000] {standard_task_runner.py:72} INFO - Started process 1063 to run task
[2024-11-24T15:20:47.617+0000] {standard_task_runner.py:104} INFO - Running: ['***', 'tasks', 'run', 'fraud_detection', 'notify_normal', 'scheduled__2024-11-24T15:19:00+00:00', '--job-id', '607', '--raw', '--subdir', 'DAGS_FOLDER/fraud_detection_dag.py', '--cfg-path', '/tmp/tmppskt4zz9']
[2024-11-24T15:20:47.622+0000] {standard_task_runner.py:105} INFO - Job 607: Subtask notify_normal
[2024-11-24T15:20:47.719+0000] {task_command.py:467} INFO - Running <TaskInstance: fraud_detection.notify_normal scheduled__2024-11-24T15:19:00+00:00 [running]> on host 345e92ff26bf
[2024-11-24T15:20:48.058+0000] {taskinstance.py:3131} INFO - Exporting env vars: AIRFLOW_CTX_DAG_OWNER='fraud_team' AIRFLOW_CTX_DAG_ID='fraud_detection' AIRFLOW_CTX_TASK_ID='notify_normal' AIRFLOW_CTX_EXECUTION_DATE='2024-11-24T15:19:00+00:00' AIRFLOW_CTX_TRY_NUMBER='1' AIRFLOW_CTX_DAG_RUN_ID='scheduled__2024-11-24T15:19:00+00:00'
[2024-11-24T15:20:48.067+0000] {taskinstance.py:731} INFO - ::endgroup::
[2024-11-24T15:20:48.209+0000] {fraud_detection_dag.py:144} INFO - Données de transaction récupérées: {"columns":["cc_num","merchant","category","amt","first","last","gender","street","city","state","zip","lat","long","city_pop","job","dob","trans_num","merch_lat","merch_long","is_fraud","current_time"],"index":[373144],"data":[[3500969075198072,"fraud_McKenzie-Huels","food_dining",8.8,"Kenneth","Sanchez","M","0110 Ashley Forest","Tekoa","WA",99033,47.2271,-117.0819,895,"Clothing\/textile technologist","1999-05-31","4b9454b50567a60e62198ab95fb8cdc5",47.606595,-116.730093,0,1732461633018]]}
[2024-11-24T15:20:48.210+0000] {fraud_detection_dag.py:145} INFO - Probabilité de fraude: 0.37454227917702143
[2024-11-24T15:20:48.211+0000] {fraud_detection_dag.py:146} INFO - Est une fraude: False
[2024-11-24T15:20:48.220+0000] {fraud_detection_dag.py:206} INFO - Tentative d'envoi d'email normale...
[2024-11-24T15:20:48.222+0000] {fraud_detection_dag.py:207} INFO - Contenu de l'email:

        ✅ Transaction NORMALE détectée!
        
        Statut: Vert
        Probabilité de fraude: 37.45%
        
        Détails de la transaction:
        --------------------------
        ID Transaction: 4b9454b50567a60e62198ab95fb8cdc5
        Montant: 8.80€
        Date/Heure: 2024-11-24 15:20:33
        
        Informations sur le marchand:
        ----------------------------
        Nom: fraud_McKenzie-Huels
        Ville: Tekoa
        État: WA
        
        Informations sur le client:
        --------------------------
        Nom: Kenneth Sanchez
        Ville: Tekoa
        
        Cette notification a été générée automatiquement par le système de détection de fraude.
        
[2024-11-24T15:20:50.992+0000] {fraud_detection_dag.py:217} INFO - Email envoyé avec succès
[2024-11-24T15:20:50.994+0000] {python.py:240} INFO - Done. Returned value was: store_normal
[2024-11-24T15:20:51.205+0000] {taskinstance.py:340} INFO - ::group::Post task execution logs
[2024-11-24T15:20:51.206+0000] {taskinstance.py:352} INFO - Marking task as SUCCESS. dag_id=fraud_detection, task_id=notify_normal, run_id=scheduled__2024-11-24T15:19:00+00:00, execution_date=20241124T151900, start_date=20241124T152047, end_date=20241124T152051
[2024-11-24T15:20:51.332+0000] {local_task_job_runner.py:266} INFO - Task exited with return code 0
[2024-11-24T15:20:51.521+0000] {taskinstance.py:3900} INFO - 1 downstream tasks scheduled from follow-on schedule check
[2024-11-24T15:20:51.562+0000] {local_task_job_runner.py:245} INFO - ::endgroup::
