[2024-11-24T15:23:16.847+0000] {local_task_job_runner.py:123} INFO - ::group::Pre task execution logs
[2024-11-24T15:23:16.909+0000] {taskinstance.py:2612} INFO - Dependencies all met for dep_context=non-requeueable deps ti=<TaskInstance: fraud_detection.store_normal scheduled__2024-11-24T15:21:00+00:00 [queued]>
[2024-11-24T15:23:16.942+0000] {taskinstance.py:2612} INFO - Dependencies all met for dep_context=requeueable deps ti=<TaskInstance: fraud_detection.store_normal scheduled__2024-11-24T15:21:00+00:00 [queued]>
[2024-11-24T15:23:16.945+0000] {taskinstance.py:2865} INFO - Starting attempt 1 of 2
[2024-11-24T15:23:16.992+0000] {taskinstance.py:2888} INFO - Executing <Task(PythonOperator): store_normal> on 2024-11-24 15:21:00+00:00
[2024-11-24T15:23:17.051+0000] {warnings.py:112} WARNING - /home/***/.local/lib/python3.12/site-packages/***/task/task_runner/standard_task_runner.py:70: DeprecationWarning: This process (pid=1196) is multi-threaded, use of fork() may lead to deadlocks in the child.
  pid = os.fork()

[2024-11-24T15:23:17.056+0000] {standard_task_runner.py:72} INFO - Started process 1201 to run task
[2024-11-24T15:23:17.074+0000] {standard_task_runner.py:104} INFO - Running: ['***', 'tasks', 'run', 'fraud_detection', 'store_normal', 'scheduled__2024-11-24T15:21:00+00:00', '--job-id', '621', '--raw', '--subdir', 'DAGS_FOLDER/fraud_detection_dag.py', '--cfg-path', '/tmp/tmprqklg6k5']
[2024-11-24T15:23:17.097+0000] {standard_task_runner.py:105} INFO - Job 621: Subtask store_normal
[2024-11-24T15:23:17.408+0000] {task_command.py:467} INFO - Running <TaskInstance: fraud_detection.store_normal scheduled__2024-11-24T15:21:00+00:00 [running]> on host 345e92ff26bf
[2024-11-24T15:23:18.055+0000] {taskinstance.py:3131} INFO - Exporting env vars: AIRFLOW_CTX_DAG_OWNER='fraud_team' AIRFLOW_CTX_DAG_ID='fraud_detection' AIRFLOW_CTX_TASK_ID='store_normal' AIRFLOW_CTX_EXECUTION_DATE='2024-11-24T15:21:00+00:00' AIRFLOW_CTX_TRY_NUMBER='1' AIRFLOW_CTX_DAG_RUN_ID='scheduled__2024-11-24T15:21:00+00:00'
[2024-11-24T15:23:18.064+0000] {taskinstance.py:731} INFO - ::endgroup::
[2024-11-24T15:23:18.144+0000] {fraud_detection_dag.py:235} INFO - Tentative de connexion à Neon...
[2024-11-24T15:23:26.541+0000] {fraud_detection_dag.py:241} INFO - Connexion à Neon réussie!
[2024-11-24T15:23:26.730+0000] {fraud_detection_dag.py:248} INFO - Données reçues pour stockage: {"columns":["cc_num","merchant","category","amt","first","last","gender","street","city","state","zip","lat","long","city_pop","job","dob","trans_num","merch_lat","merch_long","is_fraud","current_time"],"index":[145755],"data":[[6011724471098086,"fraud_Deckow-O'Conner","grocery_pos",169.57,"Ann","Lawson","F","144 Evans Islands Apt. 683","Burbank","WA",99323,46.1966,-118.9017,3684,"Musician","1981-11-29","c6dcf5eae3279de2ec37a415165a8bcc",45.453316,-118.00537,0,1732461770458]]}
[2024-11-24T15:23:26.731+0000] {fraud_detection_dag.py:257} INFO - JSON parsé avec succès
[2024-11-24T15:23:26.762+0000] {fraud_detection_dag.py:261} INFO - DataFrame créé avec 1 lignes
[2024-11-24T15:23:26.770+0000] {fraud_detection_dag.py:266} INFO - Colonne current_time renommée en trans_date_trans_time
[2024-11-24T15:23:26.775+0000] {fraud_detection_dag.py:270} INFO - Conversion du timestamp réussie
[2024-11-24T15:23:26.792+0000] {fraud_detection_dag.py:274} INFO - Indicateur de fraude récupéré: False
[2024-11-24T15:23:26.796+0000] {fraud_detection_dag.py:278} INFO - Colonne is_fraud mise à jour avec la valeur: False
[2024-11-24T15:23:26.797+0000] {fraud_detection_dag.py:282} INFO - Conversion de is_fraud en boolean réussie
[2024-11-24T15:23:26.797+0000] {fraud_detection_dag.py:285} INFO - Colonnes finales avant stockage: ['cc_num', 'merchant', 'category', 'amt', 'first', 'last', 'gender', 'street', 'city', 'state', 'zip', 'lat', 'long', 'city_pop', 'job', 'dob', 'trans_num', 'merch_lat', 'merch_long', 'is_fraud', 'trans_date_trans_time']
[2024-11-24T15:23:26.799+0000] {fraud_detection_dag.py:286} INFO - Types des données: 
cc_num                            int64
merchant                         object
category                         object
amt                             float64
first                            object
last                             object
gender                           object
street                           object
city                             object
state                            object
zip                               int64
lat                             float64
long                            float64
city_pop                          int64
job                              object
dob                              object
trans_num                        object
merch_lat                       float64
merch_long                      float64
is_fraud                           bool
trans_date_trans_time    datetime64[ns]
dtype: object
[2024-11-24T15:23:26.800+0000] {fraud_detection_dag.py:290} INFO - Stockage dans la table: normal_transactions
[2024-11-24T15:23:27.403+0000] {fraud_detection_dag.py:295} INFO - Données stockées avec succès dans la table normal_transactions
[2024-11-24T15:23:27.405+0000] {python.py:240} INFO - Done. Returned value was: None
[2024-11-24T15:23:27.506+0000] {taskinstance.py:340} INFO - ::group::Post task execution logs
[2024-11-24T15:23:27.513+0000] {taskinstance.py:352} INFO - Marking task as SUCCESS. dag_id=fraud_detection, task_id=store_normal, run_id=scheduled__2024-11-24T15:21:00+00:00, execution_date=20241124T152100, start_date=20241124T152316, end_date=20241124T152327
[2024-11-24T15:23:27.620+0000] {local_task_job_runner.py:266} INFO - Task exited with return code 0
[2024-11-24T15:23:27.756+0000] {taskinstance.py:3900} INFO - 1 downstream tasks scheduled from follow-on schedule check
[2024-11-24T15:23:27.784+0000] {local_task_job_runner.py:245} INFO - ::endgroup::
