[2024-11-23T16:49:11.204+0000] {local_task_job_runner.py:123} INFO - ::group::Pre task execution logs
[2024-11-23T16:49:11.295+0000] {taskinstance.py:2612} INFO - Dependencies all met for dep_context=non-requeueable deps ti=<TaskInstance: fraud_detection.load_dependencies scheduled__2024-11-23T16:48:00+00:00 [queued]>
[2024-11-23T16:49:11.310+0000] {taskinstance.py:2612} INFO - Dependencies all met for dep_context=requeueable deps ti=<TaskInstance: fraud_detection.load_dependencies scheduled__2024-11-23T16:48:00+00:00 [queued]>
[2024-11-23T16:49:11.311+0000] {taskinstance.py:2865} INFO - Starting attempt 1 of 2
[2024-11-23T16:49:11.345+0000] {taskinstance.py:2888} INFO - Executing <Task(PythonOperator): load_dependencies> on 2024-11-23 16:48:00+00:00
[2024-11-23T16:49:11.504+0000] {warnings.py:112} WARNING - /home/***/.local/lib/python3.12/site-packages/***/task/task_runner/standard_task_runner.py:70: DeprecationWarning: This process (pid=72) is multi-threaded, use of fork() may lead to deadlocks in the child.
  pid = os.fork()

[2024-11-23T16:49:11.548+0000] {standard_task_runner.py:72} INFO - Started process 83 to run task
[2024-11-23T16:49:11.520+0000] {standard_task_runner.py:104} INFO - Running: ['***', 'tasks', 'run', 'fraud_detection', 'load_dependencies', 'scheduled__2024-11-23T16:48:00+00:00', '--job-id', '8', '--raw', '--subdir', 'DAGS_FOLDER/fraud_detection_dag.py', '--cfg-path', '/tmp/tmp919oi7l1']
[2024-11-23T16:49:11.563+0000] {standard_task_runner.py:105} INFO - Job 8: Subtask load_dependencies
[2024-11-23T16:49:11.890+0000] {task_command.py:467} INFO - Running <TaskInstance: fraud_detection.load_dependencies scheduled__2024-11-23T16:48:00+00:00 [running]> on host 345e92ff26bf
[2024-11-23T16:49:12.149+0000] {taskinstance.py:3131} INFO - Exporting env vars: AIRFLOW_CTX_DAG_OWNER='fraud_team' AIRFLOW_CTX_DAG_ID='fraud_detection' AIRFLOW_CTX_TASK_ID='load_dependencies' AIRFLOW_CTX_EXECUTION_DATE='2024-11-23T16:48:00+00:00' AIRFLOW_CTX_TRY_NUMBER='1' AIRFLOW_CTX_DAG_RUN_ID='scheduled__2024-11-23T16:48:00+00:00'
[2024-11-23T16:49:12.156+0000] {taskinstance.py:731} INFO - ::endgroup::
[2024-11-23T16:49:12.182+0000] {fraud_detection_dag.py:27} INFO - Chargement des dépendances depuis S3...
[2024-11-23T16:49:36.559+0000] {fraud_detection_dag.py:43} INFO - Modèle chargé avec succès
[2024-11-23T16:49:37.156+0000] {fraud_detection_dag.py:48} INFO - ETL chargé avec succès
[2024-11-23T16:49:37.340+0000] {python.py:240} INFO - Done. Returned value was: True
[2024-11-23T16:49:37.423+0000] {taskinstance.py:340} INFO - ::group::Post task execution logs
[2024-11-23T16:49:37.427+0000] {taskinstance.py:352} INFO - Marking task as SUCCESS. dag_id=fraud_detection, task_id=load_dependencies, run_id=scheduled__2024-11-23T16:48:00+00:00, execution_date=20241123T164800, start_date=20241123T164911, end_date=20241123T164937
[2024-11-23T16:49:37.588+0000] {local_task_job_runner.py:266} INFO - Task exited with return code 0
[2024-11-23T16:49:37.642+0000] {local_task_job_runner.py:245} INFO - ::endgroup::
