[2024-11-23T17:12:46.282+0000] {local_task_job_runner.py:123} INFO - ::group::Pre task execution logs
[2024-11-23T17:12:46.320+0000] {taskinstance.py:2612} INFO - Dependencies all met for dep_context=non-requeueable deps ti=<TaskInstance: fraud_detection.process_transaction scheduled__2024-11-23T17:11:00+00:00 [queued]>
[2024-11-23T17:12:46.339+0000] {taskinstance.py:2612} INFO - Dependencies all met for dep_context=requeueable deps ti=<TaskInstance: fraud_detection.process_transaction scheduled__2024-11-23T17:11:00+00:00 [queued]>
[2024-11-23T17:12:46.340+0000] {taskinstance.py:2865} INFO - Starting attempt 1 of 2
[2024-11-23T17:12:46.378+0000] {taskinstance.py:2888} INFO - Executing <Task(BranchPythonOperator): process_transaction> on 2024-11-23 17:11:00+00:00
[2024-11-23T17:12:46.401+0000] {warnings.py:112} WARNING - /home/***/.local/lib/python3.12/site-packages/***/task/task_runner/standard_task_runner.py:70: DeprecationWarning: This process (pid=1615) is multi-threaded, use of fork() may lead to deadlocks in the child.
  pid = os.fork()

[2024-11-23T17:12:46.403+0000] {standard_task_runner.py:72} INFO - Started process 1620 to run task
[2024-11-23T17:12:46.405+0000] {standard_task_runner.py:104} INFO - Running: ['***', 'tasks', 'run', 'fraud_detection', 'process_transaction', 'scheduled__2024-11-23T17:11:00+00:00', '--job-id', '162', '--raw', '--subdir', 'DAGS_FOLDER/fraud_detection_dag.py', '--cfg-path', '/tmp/tmpq0r4pw2w']
[2024-11-23T17:12:46.410+0000] {standard_task_runner.py:105} INFO - Job 162: Subtask process_transaction
[2024-11-23T17:12:46.574+0000] {task_command.py:467} INFO - Running <TaskInstance: fraud_detection.process_transaction scheduled__2024-11-23T17:11:00+00:00 [running]> on host 345e92ff26bf
[2024-11-23T17:12:46.770+0000] {taskinstance.py:3131} INFO - Exporting env vars: AIRFLOW_CTX_DAG_OWNER='fraud_team' AIRFLOW_CTX_DAG_ID='fraud_detection' AIRFLOW_CTX_TASK_ID='process_transaction' AIRFLOW_CTX_EXECUTION_DATE='2024-11-23T17:11:00+00:00' AIRFLOW_CTX_TRY_NUMBER='1' AIRFLOW_CTX_DAG_RUN_ID='scheduled__2024-11-23T17:11:00+00:00'
[2024-11-23T17:12:46.772+0000] {taskinstance.py:731} INFO - ::endgroup::
[2024-11-23T17:12:46.791+0000] {baseoperator.py:405} WARNING - BranchPythonOperator.execute cannot be called outside TaskInstance!
[2024-11-23T17:12:46.817+0000] {fraud_detection_dag.py:78} INFO - Données récupérées depuis XCom: {"columns":["cc_num","merchant","category","amt","first","last","gender","street","city","state","zip","lat","long","city_pop","job","dob","trans_num","merch_lat","merch_long","is_fraud","current_time"],"index":[429863],"data":[[4716561796955522,"fraud_Kuvalis Ltd","gas_transport",89.37,"Lauren","Anderson","F","11014 Chad Lake Apt. 573","Heart Butte","MT",59448,48.2777,-112.8456,743,"Water engineer","1972-05-04","f0c66d86c2224265f5139cbddeecb268",48.382677,-111.957408,0,1732381962594]]}
[2024-11-23T17:12:46.818+0000] {fraud_detection_dag.py:86} INFO - Données JSON parsées avec succès
[2024-11-23T17:12:46.836+0000] {fraud_detection_dag.py:90} INFO - DataFrame créé avec 1 lignes
[2024-11-23T17:12:46.841+0000] {fraud_detection_dag.py:94} INFO - Colonnes renommées avec succès
[2024-11-23T17:12:46.844+0000] {fraud_detection_dag.py:95} INFO - Colonnes disponibles: ['cc_num', 'merchant', 'category', 'amt', 'first', 'last', 'gender', 'street', 'city', 'state', 'zip', 'lat', 'long', 'city_pop', 'job', 'dob', 'trans_num', 'merch_lat', 'merch_long', 'is_fraud', 'trans_date_trans_time']
[2024-11-23T17:12:46.850+0000] {fraud_detection_dag.py:99} INFO - Conversion de trans_date_trans_time en unix_time réussie
[2024-11-23T17:12:46.896+0000] {fraud_detection_dag.py:108} INFO - Transformation des données...
[2024-11-23T17:12:48.387+0000] {warnings.py:112} WARNING - /home/***/.local/lib/python3.12/site-packages/sklearn/ensemble/_base.py:172: UserWarning: Loky-backed parallel loops cannot be called in a multiprocessing, setting n_jobs=1
  n_jobs = min(effective_n_jobs(n_jobs), n_estimators)

[2024-11-23T17:12:48.404+0000] {warnings.py:112} WARNING - /home/***/.local/lib/python3.12/site-packages/sklearn/ensemble/_base.py:172: UserWarning: Loky-backed parallel loops cannot be called in a multiprocessing, setting n_jobs=1
  n_jobs = min(effective_n_jobs(n_jobs), n_estimators)

[2024-11-23T17:12:48.413+0000] {fraud_detection_dag.py:120} INFO - Prediction de fraude: NORMAL, Probabilité: 39.11%
[2024-11-23T17:12:48.464+0000] {fraud_detection_dag.py:126} INFO - Prédiction: NORMAL (Probabilité: 39.11%)
[2024-11-23T17:12:48.466+0000] {python.py:240} INFO - Done. Returned value was: notify_normal
[2024-11-23T17:12:48.467+0000] {branch.py:38} INFO - Branch into notify_normal
[2024-11-23T17:12:48.470+0000] {skipmixin.py:230} INFO - Following branch ('notify_normal',)
[2024-11-23T17:12:48.495+0000] {skipmixin.py:278} INFO - Skipping tasks [('notify_fraud', -1), ('skip_processing', -1)]
[2024-11-23T17:12:48.553+0000] {taskinstance.py:340} INFO - ::group::Post task execution logs
[2024-11-23T17:12:48.553+0000] {taskinstance.py:352} INFO - Marking task as SUCCESS. dag_id=fraud_detection, task_id=process_transaction, run_id=scheduled__2024-11-23T17:11:00+00:00, execution_date=20241123T171100, start_date=20241123T171246, end_date=20241123T171248
[2024-11-23T17:12:48.615+0000] {local_task_job_runner.py:266} INFO - Task exited with return code 0
[2024-11-23T17:12:48.704+0000] {taskinstance.py:3900} INFO - 1 downstream tasks scheduled from follow-on schedule check
[2024-11-23T17:12:48.716+0000] {local_task_job_runner.py:245} INFO - ::endgroup::
