[2024-11-23T17:51:30.655+0000] {local_task_job_runner.py:123} INFO - ::group::Pre task execution logs
[2024-11-23T17:51:30.720+0000] {taskinstance.py:2612} INFO - Dependencies all met for dep_context=non-requeueable deps ti=<TaskInstance: fraud_detection.store_normal scheduled__2024-11-23T17:49:00+00:00 [queued]>
[2024-11-23T17:51:30.783+0000] {taskinstance.py:2612} INFO - Dependencies all met for dep_context=requeueable deps ti=<TaskInstance: fraud_detection.store_normal scheduled__2024-11-23T17:49:00+00:00 [queued]>
[2024-11-23T17:51:30.789+0000] {taskinstance.py:2865} INFO - Starting attempt 1 of 2
[2024-11-23T17:51:30.856+0000] {taskinstance.py:2888} INFO - Executing <Task(PythonOperator): store_normal> on 2024-11-23 17:49:00+00:00
[2024-11-23T17:51:30.897+0000] {warnings.py:112} WARNING - /home/***/.local/lib/python3.12/site-packages/***/task/task_runner/standard_task_runner.py:70: DeprecationWarning: This process (pid=3323) is multi-threaded, use of fork() may lead to deadlocks in the child.
  pid = os.fork()

[2024-11-23T17:51:30.906+0000] {standard_task_runner.py:72} INFO - Started process 3334 to run task
[2024-11-23T17:51:30.908+0000] {standard_task_runner.py:104} INFO - Running: ['***', 'tasks', 'run', 'fraud_detection', 'store_normal', 'scheduled__2024-11-23T17:49:00+00:00', '--job-id', '319', '--raw', '--subdir', 'DAGS_FOLDER/fraud_detection_dag.py', '--cfg-path', '/tmp/tmpxvlxh2oi']
[2024-11-23T17:51:30.926+0000] {standard_task_runner.py:105} INFO - Job 319: Subtask store_normal
[2024-11-23T17:51:31.083+0000] {task_command.py:467} INFO - Running <TaskInstance: fraud_detection.store_normal scheduled__2024-11-23T17:49:00+00:00 [running]> on host 345e92ff26bf
[2024-11-23T17:51:31.418+0000] {taskinstance.py:3131} INFO - Exporting env vars: AIRFLOW_CTX_DAG_OWNER='fraud_team' AIRFLOW_CTX_DAG_ID='fraud_detection' AIRFLOW_CTX_TASK_ID='store_normal' AIRFLOW_CTX_EXECUTION_DATE='2024-11-23T17:49:00+00:00' AIRFLOW_CTX_TRY_NUMBER='1' AIRFLOW_CTX_DAG_RUN_ID='scheduled__2024-11-23T17:49:00+00:00'
[2024-11-23T17:51:31.422+0000] {taskinstance.py:731} INFO - ::endgroup::
[2024-11-23T17:51:31.475+0000] {fraud_detection_dag.py:235} INFO - Tentative de connexion à Neon...
[2024-11-23T17:51:36.926+0000] {fraud_detection_dag.py:241} INFO - Connexion à Neon réussie!
[2024-11-23T17:51:37.372+0000] {fraud_detection_dag.py:248} INFO - Données reçues pour stockage: {"columns":["cc_num","merchant","category","amt","first","last","gender","street","city","state","zip","lat","long","city_pop","job","dob","trans_num","merch_lat","merch_long","is_fraud","current_time"],"index":[466801],"data":[[2720830304681674,"fraud_Boyer-Haley","travel",2.52,"Melissa","Aguilar","F","21326 Taylor Squares Suite 708","Clarksville","TN",37040,36.522,-87.349,151785,"Pathologist","1974-03-28","dfb432ae0d4e0bf941105291d5078254",36.825444,-87.10581,0,1732384259902]]}
[2024-11-23T17:51:37.378+0000] {fraud_detection_dag.py:257} INFO - JSON parsé avec succès
[2024-11-23T17:51:37.383+0000] {fraud_detection_dag.py:261} INFO - DataFrame créé avec 1 lignes
[2024-11-23T17:51:37.386+0000] {fraud_detection_dag.py:266} INFO - Colonne current_time renommée en trans_date_trans_time
[2024-11-23T17:51:37.393+0000] {fraud_detection_dag.py:270} INFO - Conversion du timestamp réussie
[2024-11-23T17:51:37.446+0000] {fraud_detection_dag.py:274} INFO - Indicateur de fraude récupéré: False
[2024-11-23T17:51:37.447+0000] {fraud_detection_dag.py:278} INFO - Colonne is_fraud mise à jour avec la valeur: False
[2024-11-23T17:51:37.448+0000] {fraud_detection_dag.py:282} INFO - Conversion de is_fraud en boolean réussie
[2024-11-23T17:51:37.449+0000] {fraud_detection_dag.py:285} INFO - Colonnes finales avant stockage: ['cc_num', 'merchant', 'category', 'amt', 'first', 'last', 'gender', 'street', 'city', 'state', 'zip', 'lat', 'long', 'city_pop', 'job', 'dob', 'trans_num', 'merch_lat', 'merch_long', 'is_fraud', 'trans_date_trans_time']
[2024-11-23T17:51:37.453+0000] {fraud_detection_dag.py:286} INFO - Types des données: 
cc_num                            int64
merchant                         object
category                         object
amt                             float64
first                            object
last                             object
gender                           object
street                           object
city                             object
state                            object
zip                               int64
lat                             float64
long                            float64
city_pop                          int64
job                              object
dob                              object
trans_num                        object
merch_lat                       float64
merch_long                      float64
is_fraud                           bool
trans_date_trans_time    datetime64[ns]
dtype: object
[2024-11-23T17:51:37.453+0000] {fraud_detection_dag.py:290} INFO - Stockage dans la table: normal_transactions
[2024-11-23T17:51:39.066+0000] {fraud_detection_dag.py:295} INFO - Données stockées avec succès dans la table normal_transactions
[2024-11-23T17:51:39.071+0000] {python.py:240} INFO - Done. Returned value was: None
[2024-11-23T17:51:39.177+0000] {taskinstance.py:340} INFO - ::group::Post task execution logs
[2024-11-23T17:51:39.179+0000] {taskinstance.py:352} INFO - Marking task as SUCCESS. dag_id=fraud_detection, task_id=store_normal, run_id=scheduled__2024-11-23T17:49:00+00:00, execution_date=20241123T174900, start_date=20241123T175130, end_date=20241123T175139
[2024-11-23T17:51:39.355+0000] {local_task_job_runner.py:266} INFO - Task exited with return code 0
[2024-11-23T17:51:39.555+0000] {taskinstance.py:3900} INFO - 1 downstream tasks scheduled from follow-on schedule check
[2024-11-23T17:51:39.563+0000] {local_task_job_runner.py:245} INFO - ::endgroup::
