[2024-11-22T19:08:09.956+0000] {local_task_job_runner.py:123} INFO - ::group::Pre task execution logs
[2024-11-22T19:08:10.007+0000] {taskinstance.py:2612} INFO - Dependencies all met for dep_context=non-requeueable deps ti=<TaskInstance: fraud_detection.notify_normal scheduled__2024-11-22T19:06:00+00:00 [queued]>
[2024-11-22T19:08:10.048+0000] {taskinstance.py:2612} INFO - Dependencies all met for dep_context=requeueable deps ti=<TaskInstance: fraud_detection.notify_normal scheduled__2024-11-22T19:06:00+00:00 [queued]>
[2024-11-22T19:08:10.049+0000] {taskinstance.py:2865} INFO - Starting attempt 1 of 2
[2024-11-22T19:08:10.094+0000] {taskinstance.py:2888} INFO - Executing <Task(PythonOperator): notify_normal> on 2024-11-22 19:06:00+00:00
[2024-11-22T19:08:10.108+0000] {warnings.py:112} WARNING - /home/***/.local/lib/python3.12/site-packages/***/task/task_runner/standard_task_runner.py:70: DeprecationWarning: This process (pid=1196) is multi-threaded, use of fork() may lead to deadlocks in the child.
  pid = os.fork()

[2024-11-22T19:08:10.110+0000] {standard_task_runner.py:72} INFO - Started process 1198 to run task
[2024-11-22T19:08:10.111+0000] {standard_task_runner.py:104} INFO - Running: ['***', 'tasks', 'run', 'fraud_detection', 'notify_normal', 'scheduled__2024-11-22T19:06:00+00:00', '--job-id', '499', '--raw', '--subdir', 'DAGS_FOLDER/fraud_detection_dag.py', '--cfg-path', '/tmp/tmp4bbl5ck6']
[2024-11-22T19:08:10.118+0000] {standard_task_runner.py:105} INFO - Job 499: Subtask notify_normal
[2024-11-22T19:08:10.215+0000] {task_command.py:467} INFO - Running <TaskInstance: fraud_detection.notify_normal scheduled__2024-11-22T19:06:00+00:00 [running]> on host c6af8dbaf1e5
[2024-11-22T19:08:10.397+0000] {taskinstance.py:3131} INFO - Exporting env vars: AIRFLOW_CTX_DAG_OWNER='fraud_team' AIRFLOW_CTX_DAG_ID='fraud_detection' AIRFLOW_CTX_TASK_ID='notify_normal' AIRFLOW_CTX_EXECUTION_DATE='2024-11-22T19:06:00+00:00' AIRFLOW_CTX_TRY_NUMBER='1' AIRFLOW_CTX_DAG_RUN_ID='scheduled__2024-11-22T19:06:00+00:00'
[2024-11-22T19:08:10.398+0000] {taskinstance.py:731} INFO - ::endgroup::
[2024-11-22T19:08:10.499+0000] {fraud_detection_dag.py:218} INFO - Données de transaction récupérées: {"columns":["cc_num","merchant","category","amt","first","last","gender","street","city","state","zip","lat","long","city_pop","job","dob","trans_num","merch_lat","merch_long","is_fraud","current_time"],"index":[470781],"data":[[213112402583773,"fraud_Bechtelar-Rippin","food_dining",98.34,"Ana","Howell","F","4664 Sanchez Common Suite 930","Bradley","SC",29819,34.0326,-82.2027,1523,"Research scientist (physical sciences)","1984-06-03","cc9e4b2a0b8bee28ba3715eb6c135138",33.864813,-81.467642,0,1732302479319]]}
[2024-11-22T19:08:10.500+0000] {fraud_detection_dag.py:219} INFO - Probabilité de fraude: 0.3160053450249257
[2024-11-22T19:08:10.501+0000] {fraud_detection_dag.py:220} INFO - Est une fraude: False
[2024-11-22T19:08:10.512+0000] {fraud_detection_dag.py:280} INFO - Tentative d'envoi d'email normale...
[2024-11-22T19:08:10.513+0000] {fraud_detection_dag.py:281} INFO - Contenu de l'email:

        ✅ Transaction NORMALE détectée!
        
        Statut: Vert
        Probabilité de fraude: 31.60%
        
        Détails de la transaction:
        --------------------------
        ID Transaction: cc9e4b2a0b8bee28ba3715eb6c135138
        Montant: 98.34€
        Date/Heure: 2024-11-22 19:07:59
        
        Informations sur le marchand:
        ----------------------------
        Nom: fraud_Bechtelar-Rippin
        Ville: Bradley
        État: SC
        
        Informations sur le client:
        --------------------------
        Nom: Ana Howell
        Ville: Bradley
        
        Cette notification a été générée automatiquement par le système de détection de fraude.
        
[2024-11-22T19:08:13.116+0000] {fraud_detection_dag.py:291} INFO - Email envoyé avec succès
[2024-11-22T19:08:13.123+0000] {python.py:240} INFO - Done. Returned value was: store_normal
[2024-11-22T19:08:13.222+0000] {taskinstance.py:340} INFO - ::group::Post task execution logs
[2024-11-22T19:08:13.223+0000] {taskinstance.py:352} INFO - Marking task as SUCCESS. dag_id=fraud_detection, task_id=notify_normal, run_id=scheduled__2024-11-22T19:06:00+00:00, execution_date=20241122T190600, start_date=20241122T190810, end_date=20241122T190813
[2024-11-22T19:08:13.323+0000] {local_task_job_runner.py:266} INFO - Task exited with return code 0
[2024-11-22T19:08:13.408+0000] {local_task_job_runner.py:245} INFO - ::endgroup::
