[2024-11-22T19:00:39.715+0000] {local_task_job_runner.py:123} INFO - ::group::Pre task execution logs
[2024-11-22T19:00:39.755+0000] {taskinstance.py:2612} INFO - Dependencies all met for dep_context=non-requeueable deps ti=<TaskInstance: fraud_detection.notify_fraud scheduled__2024-11-22T18:59:00+00:00 [queued]>
[2024-11-22T19:00:39.767+0000] {taskinstance.py:2612} INFO - Dependencies all met for dep_context=requeueable deps ti=<TaskInstance: fraud_detection.notify_fraud scheduled__2024-11-22T18:59:00+00:00 [queued]>
[2024-11-22T19:00:39.768+0000] {taskinstance.py:2865} INFO - Starting attempt 1 of 2
[2024-11-22T19:00:39.789+0000] {taskinstance.py:2888} INFO - Executing <Task(PythonOperator): notify_fraud> on 2024-11-22 18:59:00+00:00
[2024-11-22T19:00:39.808+0000] {warnings.py:112} WARNING - /home/***/.local/lib/python3.12/site-packages/***/task/task_runner/standard_task_runner.py:70: DeprecationWarning: This process (pid=921) is multi-threaded, use of fork() may lead to deadlocks in the child.
  pid = os.fork()

[2024-11-22T19:00:39.812+0000] {standard_task_runner.py:72} INFO - Started process 923 to run task
[2024-11-22T19:00:39.809+0000] {standard_task_runner.py:104} INFO - Running: ['***', 'tasks', 'run', 'fraud_detection', 'notify_fraud', 'scheduled__2024-11-22T18:59:00+00:00', '--job-id', '463', '--raw', '--subdir', 'DAGS_FOLDER/fraud_detection_dag.py', '--cfg-path', '/tmp/tmp8gzhmese']
[2024-11-22T19:00:39.818+0000] {standard_task_runner.py:105} INFO - Job 463: Subtask notify_fraud
[2024-11-22T19:00:40.032+0000] {task_command.py:467} INFO - Running <TaskInstance: fraud_detection.notify_fraud scheduled__2024-11-22T18:59:00+00:00 [running]> on host c6af8dbaf1e5
[2024-11-22T19:00:40.333+0000] {taskinstance.py:3131} INFO - Exporting env vars: AIRFLOW_CTX_DAG_OWNER='fraud_team' AIRFLOW_CTX_DAG_ID='fraud_detection' AIRFLOW_CTX_TASK_ID='notify_fraud' AIRFLOW_CTX_EXECUTION_DATE='2024-11-22T18:59:00+00:00' AIRFLOW_CTX_TRY_NUMBER='1' AIRFLOW_CTX_DAG_RUN_ID='scheduled__2024-11-22T18:59:00+00:00'
[2024-11-22T19:00:40.335+0000] {taskinstance.py:731} INFO - ::endgroup::
[2024-11-22T19:00:40.446+0000] {fraud_detection_dag.py:218} INFO - Données de transaction récupérées: {"columns":["cc_num","merchant","category","amt","first","last","gender","street","city","state","zip","lat","long","city_pop","job","dob","trans_num","merch_lat","merch_long","is_fraud","current_time"],"index":[379983],"data":[[30510856607165,"fraud_Hintz, Bauch and Smith","health_fitness",271.58,"Frederick","Robinson","M","1125 Ray Track","Livonia","MI",48154,42.3958,-83.3772,96942,"Horticultural consultant","1965-04-01","86ceb282102063dd62c5de01b1192fc0",42.46144,-84.224179,0,1732302032671]]}
[2024-11-22T19:00:40.449+0000] {fraud_detection_dag.py:219} INFO - Probabilité de fraude: 0.5522247280107865
[2024-11-22T19:00:40.450+0000] {fraud_detection_dag.py:220} INFO - Est une fraude: True
[2024-11-22T19:00:40.462+0000] {fraud_detection_dag.py:280} INFO - Tentative d'envoi d'email frauduleuse...
[2024-11-22T19:00:40.463+0000] {fraud_detection_dag.py:281} INFO - Contenu de l'email:

        🚨 Transaction FRAUDULEUSE détectée!
        
        Statut: Rouge
        Probabilité de fraude: 55.22%
        
        Détails de la transaction:
        --------------------------
        ID Transaction: 86ceb282102063dd62c5de01b1192fc0
        Montant: 271.58€
        Date/Heure: 2024-11-22 19:00:32
        
        Informations sur le marchand:
        ----------------------------
        Nom: fraud_Hintz, Bauch and Smith
        Ville: Livonia
        État: MI
        
        Informations sur le client:
        --------------------------
        Nom: Frederick Robinson
        Ville: Livonia
        
        Cette notification a été générée automatiquement par le système de détection de fraude.
        
[2024-11-22T19:00:43.123+0000] {fraud_detection_dag.py:291} INFO - Email envoyé avec succès
[2024-11-22T19:00:43.124+0000] {python.py:240} INFO - Done. Returned value was: store_fraud
[2024-11-22T19:00:43.241+0000] {taskinstance.py:340} INFO - ::group::Post task execution logs
[2024-11-22T19:00:43.241+0000] {taskinstance.py:352} INFO - Marking task as SUCCESS. dag_id=fraud_detection, task_id=notify_fraud, run_id=scheduled__2024-11-22T18:59:00+00:00, execution_date=20241122T185900, start_date=20241122T190039, end_date=20241122T190043
[2024-11-22T19:00:43.336+0000] {local_task_job_runner.py:266} INFO - Task exited with return code 0
[2024-11-22T19:00:43.463+0000] {taskinstance.py:3900} INFO - 1 downstream tasks scheduled from follow-on schedule check
[2024-11-22T19:00:43.481+0000] {local_task_job_runner.py:245} INFO - ::endgroup::
