[2024-11-24T15:11:45.281+0000] {local_task_job_runner.py:123} INFO - ::group::Pre task execution logs
[2024-11-24T15:11:45.728+0000] {taskinstance.py:2612} INFO - Dependencies all met for dep_context=non-requeueable deps ti=<TaskInstance: fraud_detection.notify_normal scheduled__2024-11-23T18:19:00+00:00 [queued]>
[2024-11-24T15:11:45.910+0000] {taskinstance.py:2612} INFO - Dependencies all met for dep_context=requeueable deps ti=<TaskInstance: fraud_detection.notify_normal scheduled__2024-11-23T18:19:00+00:00 [queued]>
[2024-11-24T15:11:45.914+0000] {taskinstance.py:2865} INFO - Starting attempt 1 of 2
[2024-11-24T15:11:46.496+0000] {taskinstance.py:2888} INFO - Executing <Task(PythonOperator): notify_normal> on 2024-11-23 18:19:00+00:00
[2024-11-24T15:11:46.550+0000] {standard_task_runner.py:104} INFO - Running: ['***', 'tasks', 'run', 'fraud_detection', 'notify_normal', 'scheduled__2024-11-23T18:19:00+00:00', '--job-id', '529', '--raw', '--subdir', 'DAGS_FOLDER/fraud_detection_dag.py', '--cfg-path', '/tmp/tmpaqo_illu']
[2024-11-24T15:11:46.556+0000] {standard_task_runner.py:105} INFO - Job 529: Subtask notify_normal
[2024-11-24T15:11:46.567+0000] {warnings.py:112} WARNING - /home/***/.local/lib/python3.12/site-packages/***/task/task_runner/standard_task_runner.py:70: DeprecationWarning: This process (pid=281) is multi-threaded, use of fork() may lead to deadlocks in the child.
  pid = os.fork()

[2024-11-24T15:11:46.569+0000] {standard_task_runner.py:72} INFO - Started process 294 to run task
[2024-11-24T15:11:46.788+0000] {task_command.py:467} INFO - Running <TaskInstance: fraud_detection.notify_normal scheduled__2024-11-23T18:19:00+00:00 [running]> on host 345e92ff26bf
[2024-11-24T15:11:47.260+0000] {taskinstance.py:3131} INFO - Exporting env vars: AIRFLOW_CTX_DAG_OWNER='fraud_team' AIRFLOW_CTX_DAG_ID='fraud_detection' AIRFLOW_CTX_TASK_ID='notify_normal' AIRFLOW_CTX_EXECUTION_DATE='2024-11-23T18:19:00+00:00' AIRFLOW_CTX_TRY_NUMBER='1' AIRFLOW_CTX_DAG_RUN_ID='scheduled__2024-11-23T18:19:00+00:00'
[2024-11-24T15:11:47.278+0000] {taskinstance.py:731} INFO - ::endgroup::
[2024-11-24T15:11:47.623+0000] {fraud_detection_dag.py:144} INFO - Données de transaction récupérées: {"columns":["cc_num","merchant","category","amt","first","last","gender","street","city","state","zip","lat","long","city_pop","job","dob","trans_num","merch_lat","merch_long","is_fraud","current_time"],"index":[11234],"data":[[3527536963490470,"fraud_Jacobi and Sons","shopping_pos",6.1,"Teresa","Stein","F","2838 White Fields Apt. 473","Brunson","SC",29911,32.9413,-81.1807,1725,"Social researcher","1974-12-05","846208a9997e057452aaaca38e89d351",33.483408,-80.256546,0,1732461060614]]}
[2024-11-24T15:11:47.624+0000] {fraud_detection_dag.py:145} INFO - Probabilité de fraude: 0.35129218770158066
[2024-11-24T15:11:47.630+0000] {fraud_detection_dag.py:146} INFO - Est une fraude: False
[2024-11-24T15:11:47.670+0000] {fraud_detection_dag.py:206} INFO - Tentative d'envoi d'email normale...
[2024-11-24T15:11:47.671+0000] {fraud_detection_dag.py:207} INFO - Contenu de l'email:

        ✅ Transaction NORMALE détectée!
        
        Statut: Vert
        Probabilité de fraude: 35.13%
        
        Détails de la transaction:
        --------------------------
        ID Transaction: 846208a9997e057452aaaca38e89d351
        Montant: 6.10€
        Date/Heure: 2024-11-24 15:11:00
        
        Informations sur le marchand:
        ----------------------------
        Nom: fraud_Jacobi and Sons
        Ville: Brunson
        État: SC
        
        Informations sur le client:
        --------------------------
        Nom: Teresa Stein
        Ville: Brunson
        
        Cette notification a été générée automatiquement par le système de détection de fraude.
        
[2024-11-24T15:11:50.240+0000] {fraud_detection_dag.py:217} INFO - Email envoyé avec succès
[2024-11-24T15:11:50.244+0000] {python.py:240} INFO - Done. Returned value was: store_normal
[2024-11-24T15:11:50.445+0000] {taskinstance.py:340} INFO - ::group::Post task execution logs
[2024-11-24T15:11:50.446+0000] {taskinstance.py:352} INFO - Marking task as SUCCESS. dag_id=fraud_detection, task_id=notify_normal, run_id=scheduled__2024-11-23T18:19:00+00:00, execution_date=20241123T181900, start_date=20241124T151145, end_date=20241124T151150
[2024-11-24T15:11:50.600+0000] {local_task_job_runner.py:266} INFO - Task exited with return code 0
[2024-11-24T15:11:50.780+0000] {taskinstance.py:3900} INFO - 1 downstream tasks scheduled from follow-on schedule check
[2024-11-24T15:11:50.797+0000] {local_task_job_runner.py:245} INFO - ::endgroup::
