[2024-11-08T18:31:08.205+0000] {local_task_job_runner.py:123} INFO - ::group::Pre task execution logs
[2024-11-08T18:31:08.236+0000] {taskinstance.py:2612} INFO - Dependencies all met for dep_context=non-requeueable deps ti=<TaskInstance: fraud_detection.notify_normal scheduled__2024-11-08T18:29:00+00:00 [queued]>
[2024-11-08T18:31:08.254+0000] {taskinstance.py:2612} INFO - Dependencies all met for dep_context=requeueable deps ti=<TaskInstance: fraud_detection.notify_normal scheduled__2024-11-08T18:29:00+00:00 [queued]>
[2024-11-08T18:31:08.255+0000] {taskinstance.py:2865} INFO - Starting attempt 1 of 2
[2024-11-08T18:31:08.282+0000] {taskinstance.py:2888} INFO - Executing <Task(PythonOperator): notify_normal> on 2024-11-08 18:29:00+00:00
[2024-11-08T18:31:08.292+0000] {warnings.py:112} WARNING - /home/***/.local/lib/python3.12/site-packages/***/task/task_runner/standard_task_runner.py:70: DeprecationWarning: This process (pid=1504) is multi-threaded, use of fork() may lead to deadlocks in the child.
  pid = os.fork()

[2024-11-08T18:31:08.293+0000] {standard_task_runner.py:72} INFO - Started process 1506 to run task
[2024-11-08T18:31:08.294+0000] {standard_task_runner.py:104} INFO - Running: ['***', 'tasks', 'run', 'fraud_detection', 'notify_normal', 'scheduled__2024-11-08T18:29:00+00:00', '--job-id', '286', '--raw', '--subdir', 'DAGS_FOLDER/fraud_detection_dag.py', '--cfg-path', '/tmp/tmpmmhjd054']
[2024-11-08T18:31:08.300+0000] {standard_task_runner.py:105} INFO - Job 286: Subtask notify_normal
[2024-11-08T18:31:08.406+0000] {task_command.py:467} INFO - Running <TaskInstance: fraud_detection.notify_normal scheduled__2024-11-08T18:29:00+00:00 [running]> on host 641085defe8e
[2024-11-08T18:31:08.594+0000] {taskinstance.py:3131} INFO - Exporting env vars: AIRFLOW_CTX_DAG_OWNER='fraud_team' AIRFLOW_CTX_DAG_ID='fraud_detection' AIRFLOW_CTX_TASK_ID='notify_normal' AIRFLOW_CTX_EXECUTION_DATE='2024-11-08T18:29:00+00:00' AIRFLOW_CTX_TRY_NUMBER='1' AIRFLOW_CTX_DAG_RUN_ID='scheduled__2024-11-08T18:29:00+00:00'
[2024-11-08T18:31:08.598+0000] {taskinstance.py:731} INFO - ::endgroup::
[2024-11-08T18:31:08.683+0000] {fraud_detection_dag.py:218} INFO - Données de transaction récupérées: {"columns":["cc_num","merchant","category","amt","first","last","gender","street","city","state","zip","lat","long","city_pop","job","dob","trans_num","merch_lat","merch_long","is_fraud","current_time"],"index":[36962],"data":[[2291163933867244,"fraud_Schumm PLC","shopping_net",24.13,"Jeff","Elliott","M","351 Darlene Green","Columbia","SC",29209,33.9659,-80.9355,333497,"Mechanical engineer","1968-03-19","05d53b259738481d2f0c870dc5a6f410",34.716227,-81.679333,0,1731090660084]]}
[2024-11-08T18:31:08.684+0000] {fraud_detection_dag.py:219} INFO - Probabilité de fraude: 0.3956563770378418
[2024-11-08T18:31:08.684+0000] {fraud_detection_dag.py:220} INFO - Est une fraude: False
[2024-11-08T18:31:08.700+0000] {fraud_detection_dag.py:280} INFO - Tentative d'envoi d'email normale...
[2024-11-08T18:31:08.702+0000] {fraud_detection_dag.py:281} INFO - Contenu de l'email:

        ✅ Transaction NORMALE détectée!
        
        Statut: Vert
        Probabilité de fraude: 39.57%
        
        Détails de la transaction:
        --------------------------
        ID Transaction: 05d53b259738481d2f0c870dc5a6f410
        Montant: 24.13€
        Date/Heure: 2024-11-08 18:31:00
        
        Informations sur le marchand:
        ----------------------------
        Nom: fraud_Schumm PLC
        Ville: Columbia
        État: SC
        
        Informations sur le client:
        --------------------------
        Nom: Jeff Elliott
        Ville: Columbia
        
        Cette notification a été générée automatiquement par le système de détection de fraude.
        
[2024-11-08T18:31:11.115+0000] {fraud_detection_dag.py:291} INFO - Email envoyé avec succès
[2024-11-08T18:31:11.117+0000] {python.py:240} INFO - Done. Returned value was: store_normal
[2024-11-08T18:31:11.162+0000] {taskinstance.py:340} INFO - ::group::Post task execution logs
[2024-11-08T18:31:11.163+0000] {taskinstance.py:352} INFO - Marking task as SUCCESS. dag_id=fraud_detection, task_id=notify_normal, run_id=scheduled__2024-11-08T18:29:00+00:00, execution_date=20241108T182900, start_date=20241108T183108, end_date=20241108T183111
[2024-11-08T18:31:11.205+0000] {local_task_job_runner.py:266} INFO - Task exited with return code 0
[2024-11-08T18:31:11.235+0000] {taskinstance.py:3900} INFO - 1 downstream tasks scheduled from follow-on schedule check
[2024-11-08T18:31:11.240+0000] {local_task_job_runner.py:245} INFO - ::endgroup::
