[2024-11-22T18:41:38.793+0000] {local_task_job_runner.py:123} INFO - ::group::Pre task execution logs
[2024-11-22T18:41:38.860+0000] {taskinstance.py:2612} INFO - Dependencies all met for dep_context=non-requeueable deps ti=<TaskInstance: fraud_detection.notify_normal scheduled__2024-11-08T19:12:00+00:00 [queued]>
[2024-11-22T18:41:38.896+0000] {taskinstance.py:2612} INFO - Dependencies all met for dep_context=requeueable deps ti=<TaskInstance: fraud_detection.notify_normal scheduled__2024-11-08T19:12:00+00:00 [queued]>
[2024-11-22T18:41:38.898+0000] {taskinstance.py:2865} INFO - Starting attempt 1 of 2
[2024-11-22T18:41:38.944+0000] {taskinstance.py:2888} INFO - Executing <Task(PythonOperator): notify_normal> on 2024-11-08 19:12:00+00:00
[2024-11-22T18:41:38.960+0000] {warnings.py:112} WARNING - /home/***/.local/lib/python3.12/site-packages/***/task/task_runner/standard_task_runner.py:70: DeprecationWarning: This process (pid=187) is multi-threaded, use of fork() may lead to deadlocks in the child.
  pid = os.fork()

[2024-11-22T18:41:38.963+0000] {standard_task_runner.py:72} INFO - Started process 189 to run task
[2024-11-22T18:41:38.969+0000] {standard_task_runner.py:104} INFO - Running: ['***', 'tasks', 'run', 'fraud_detection', 'notify_normal', 'scheduled__2024-11-08T19:12:00+00:00', '--job-id', '363', '--raw', '--subdir', 'DAGS_FOLDER/fraud_detection_dag.py', '--cfg-path', '/tmp/tmps1jkvemp']
[2024-11-22T18:41:38.976+0000] {standard_task_runner.py:105} INFO - Job 363: Subtask notify_normal
[2024-11-22T18:41:39.127+0000] {task_command.py:467} INFO - Running <TaskInstance: fraud_detection.notify_normal scheduled__2024-11-08T19:12:00+00:00 [running]> on host c6af8dbaf1e5
[2024-11-22T18:41:39.320+0000] {taskinstance.py:3131} INFO - Exporting env vars: AIRFLOW_CTX_DAG_OWNER='fraud_team' AIRFLOW_CTX_DAG_ID='fraud_detection' AIRFLOW_CTX_TASK_ID='notify_normal' AIRFLOW_CTX_EXECUTION_DATE='2024-11-08T19:12:00+00:00' AIRFLOW_CTX_TRY_NUMBER='1' AIRFLOW_CTX_DAG_RUN_ID='scheduled__2024-11-08T19:12:00+00:00'
[2024-11-22T18:41:39.322+0000] {taskinstance.py:731} INFO - ::endgroup::
[2024-11-22T18:41:39.413+0000] {fraud_detection_dag.py:218} INFO - Données de transaction récupérées: {"columns":["cc_num","merchant","category","amt","first","last","gender","street","city","state","zip","lat","long","city_pop","job","dob","trans_num","merch_lat","merch_long","is_fraud","current_time"],"index":[447417],"data":[[4464457352619,"fraud_Conroy Ltd","shopping_pos",22.39,"Breanna","Rodriguez","F","118 Cabrera Springs Apt. 105","Lanark Village","FL",32323,29.8826,-84.5964,217,"Television production assistant","1990-01-24","f7db5abd74e1f48cb2018cfc8834f301",30.537134,-84.417201,0,1732300888544]]}
[2024-11-22T18:41:39.414+0000] {fraud_detection_dag.py:219} INFO - Probabilité de fraude: 0.3340876558389719
[2024-11-22T18:41:39.415+0000] {fraud_detection_dag.py:220} INFO - Est une fraude: False
[2024-11-22T18:41:39.429+0000] {fraud_detection_dag.py:280} INFO - Tentative d'envoi d'email normale...
[2024-11-22T18:41:39.429+0000] {fraud_detection_dag.py:281} INFO - Contenu de l'email:

        ✅ Transaction NORMALE détectée!
        
        Statut: Vert
        Probabilité de fraude: 33.41%
        
        Détails de la transaction:
        --------------------------
        ID Transaction: f7db5abd74e1f48cb2018cfc8834f301
        Montant: 22.39€
        Date/Heure: 2024-11-22 18:41:28
        
        Informations sur le marchand:
        ----------------------------
        Nom: fraud_Conroy Ltd
        Ville: Lanark Village
        État: FL
        
        Informations sur le client:
        --------------------------
        Nom: Breanna Rodriguez
        Ville: Lanark Village
        
        Cette notification a été générée automatiquement par le système de détection de fraude.
        
[2024-11-22T18:41:45.315+0000] {fraud_detection_dag.py:291} INFO - Email envoyé avec succès
[2024-11-22T18:41:45.325+0000] {python.py:240} INFO - Done. Returned value was: store_normal
[2024-11-22T18:41:45.489+0000] {taskinstance.py:340} INFO - ::group::Post task execution logs
[2024-11-22T18:41:45.490+0000] {taskinstance.py:352} INFO - Marking task as SUCCESS. dag_id=fraud_detection, task_id=notify_normal, run_id=scheduled__2024-11-08T19:12:00+00:00, execution_date=20241108T191200, start_date=20241122T184138, end_date=20241122T184145
[2024-11-22T18:41:46.373+0000] {local_task_job_runner.py:266} INFO - Task exited with return code 0
[2024-11-22T18:41:46.517+0000] {taskinstance.py:3900} INFO - 1 downstream tasks scheduled from follow-on schedule check
[2024-11-22T18:41:46.541+0000] {local_task_job_runner.py:245} INFO - ::endgroup::
