[2024-11-23T17:05:41.311+0000] {local_task_job_runner.py:123} INFO - ::group::Pre task execution logs
[2024-11-23T17:05:41.384+0000] {taskinstance.py:2612} INFO - Dependencies all met for dep_context=non-requeueable deps ti=<TaskInstance: fraud_detection.process_transaction scheduled__2024-11-23T17:04:00+00:00 [queued]>
[2024-11-23T17:05:41.403+0000] {taskinstance.py:2612} INFO - Dependencies all met for dep_context=requeueable deps ti=<TaskInstance: fraud_detection.process_transaction scheduled__2024-11-23T17:04:00+00:00 [queued]>
[2024-11-23T17:05:41.404+0000] {taskinstance.py:2865} INFO - Starting attempt 1 of 2
[2024-11-23T17:05:41.458+0000] {taskinstance.py:2888} INFO - Executing <Task(BranchPythonOperator): process_transaction> on 2024-11-23 17:04:00+00:00
[2024-11-23T17:05:41.475+0000] {warnings.py:112} WARNING - /home/***/.local/lib/python3.12/site-packages/***/task/task_runner/standard_task_runner.py:70: DeprecationWarning: This process (pid=1173) is multi-threaded, use of fork() may lead to deadlocks in the child.
  pid = os.fork()

[2024-11-23T17:05:41.477+0000] {standard_task_runner.py:72} INFO - Started process 1180 to run task
[2024-11-23T17:05:41.482+0000] {standard_task_runner.py:104} INFO - Running: ['***', 'tasks', 'run', 'fraud_detection', 'process_transaction', 'scheduled__2024-11-23T17:04:00+00:00', '--job-id', '120', '--raw', '--subdir', 'DAGS_FOLDER/fraud_detection_dag.py', '--cfg-path', '/tmp/tmpfcc2zomz']
[2024-11-23T17:05:41.489+0000] {standard_task_runner.py:105} INFO - Job 120: Subtask process_transaction
[2024-11-23T17:05:41.653+0000] {task_command.py:467} INFO - Running <TaskInstance: fraud_detection.process_transaction scheduled__2024-11-23T17:04:00+00:00 [running]> on host 345e92ff26bf
[2024-11-23T17:05:41.941+0000] {taskinstance.py:3131} INFO - Exporting env vars: AIRFLOW_CTX_DAG_OWNER='fraud_team' AIRFLOW_CTX_DAG_ID='fraud_detection' AIRFLOW_CTX_TASK_ID='process_transaction' AIRFLOW_CTX_EXECUTION_DATE='2024-11-23T17:04:00+00:00' AIRFLOW_CTX_TRY_NUMBER='1' AIRFLOW_CTX_DAG_RUN_ID='scheduled__2024-11-23T17:04:00+00:00'
[2024-11-23T17:05:41.945+0000] {taskinstance.py:731} INFO - ::endgroup::
[2024-11-23T17:05:41.974+0000] {baseoperator.py:405} WARNING - BranchPythonOperator.execute cannot be called outside TaskInstance!
[2024-11-23T17:05:42.006+0000] {fraud_detection_dag.py:78} INFO - Données récupérées depuis XCom: {"columns":["cc_num","merchant","category","amt","first","last","gender","street","city","state","zip","lat","long","city_pop","job","dob","trans_num","merch_lat","merch_long","is_fraud","current_time"],"index":[467305],"data":[[573860193545,"fraud_Quitzon-Goyette","home",81.66,"Cristian","Jones","M","0423 Kirby Field Suite 623","Wilmette","IL",60091,42.0765,-87.7246,27020,"Trade mark attorney","1986-07-23","ac9342ff7ee312a39c02ada13a20303e",41.476018,-87.984598,0,1732381537527]]}
[2024-11-23T17:05:42.007+0000] {fraud_detection_dag.py:86} INFO - Données JSON parsées avec succès
[2024-11-23T17:05:42.016+0000] {fraud_detection_dag.py:90} INFO - DataFrame créé avec 1 lignes
[2024-11-23T17:05:42.022+0000] {fraud_detection_dag.py:94} INFO - Colonnes renommées avec succès
[2024-11-23T17:05:42.023+0000] {fraud_detection_dag.py:95} INFO - Colonnes disponibles: ['cc_num', 'merchant', 'category', 'amt', 'first', 'last', 'gender', 'street', 'city', 'state', 'zip', 'lat', 'long', 'city_pop', 'job', 'dob', 'trans_num', 'merch_lat', 'merch_long', 'is_fraud', 'trans_date_trans_time']
[2024-11-23T17:05:42.028+0000] {fraud_detection_dag.py:99} INFO - Conversion de trans_date_trans_time en unix_time réussie
[2024-11-23T17:05:42.094+0000] {fraud_detection_dag.py:108} INFO - Transformation des données...
[2024-11-23T17:05:43.816+0000] {warnings.py:112} WARNING - /home/***/.local/lib/python3.12/site-packages/sklearn/ensemble/_base.py:172: UserWarning: Loky-backed parallel loops cannot be called in a multiprocessing, setting n_jobs=1
  n_jobs = min(effective_n_jobs(n_jobs), n_estimators)

[2024-11-23T17:05:43.838+0000] {warnings.py:112} WARNING - /home/***/.local/lib/python3.12/site-packages/sklearn/ensemble/_base.py:172: UserWarning: Loky-backed parallel loops cannot be called in a multiprocessing, setting n_jobs=1
  n_jobs = min(effective_n_jobs(n_jobs), n_estimators)

[2024-11-23T17:05:43.846+0000] {fraud_detection_dag.py:120} INFO - Prediction de fraude: NORMAL, Probabilité: 24.62%
[2024-11-23T17:05:43.935+0000] {fraud_detection_dag.py:126} INFO - Prédiction: NORMAL (Probabilité: 24.62%)
[2024-11-23T17:05:43.943+0000] {python.py:240} INFO - Done. Returned value was: notify_normal
[2024-11-23T17:05:43.946+0000] {branch.py:38} INFO - Branch into notify_normal
[2024-11-23T17:05:43.946+0000] {skipmixin.py:230} INFO - Following branch ('notify_normal',)
[2024-11-23T17:05:43.970+0000] {skipmixin.py:278} INFO - Skipping tasks [('notify_fraud', -1), ('skip_processing', -1)]
[2024-11-23T17:05:44.044+0000] {taskinstance.py:340} INFO - ::group::Post task execution logs
[2024-11-23T17:05:44.048+0000] {taskinstance.py:352} INFO - Marking task as SUCCESS. dag_id=fraud_detection, task_id=process_transaction, run_id=scheduled__2024-11-23T17:04:00+00:00, execution_date=20241123T170400, start_date=20241123T170541, end_date=20241123T170544
[2024-11-23T17:05:44.098+0000] {local_task_job_runner.py:266} INFO - Task exited with return code 0
[2024-11-23T17:05:44.175+0000] {taskinstance.py:3900} INFO - 1 downstream tasks scheduled from follow-on schedule check
[2024-11-23T17:05:44.192+0000] {local_task_job_runner.py:245} INFO - ::endgroup::
