[2024-11-22T18:40:58.185+0000] {local_task_job_runner.py:123} INFO - ::group::Pre task execution logs
[2024-11-22T18:40:58.279+0000] {taskinstance.py:2612} INFO - Dependencies all met for dep_context=non-requeueable deps ti=<TaskInstance: fraud_detection.notify_normal scheduled__2024-11-08T18:40:00+00:00 [queued]>
[2024-11-22T18:40:58.302+0000] {taskinstance.py:2612} INFO - Dependencies all met for dep_context=requeueable deps ti=<TaskInstance: fraud_detection.notify_normal scheduled__2024-11-08T18:40:00+00:00 [queued]>
[2024-11-22T18:40:58.303+0000] {taskinstance.py:2865} INFO - Starting attempt 1 of 2
[2024-11-22T18:40:58.324+0000] {taskinstance.py:2888} INFO - Executing <Task(PythonOperator): notify_normal> on 2024-11-08 18:40:00+00:00
[2024-11-22T18:40:58.332+0000] {warnings.py:112} WARNING - /home/***/.local/lib/python3.12/site-packages/***/task/task_runner/standard_task_runner.py:70: DeprecationWarning: This process (pid=110) is multi-threaded, use of fork() may lead to deadlocks in the child.
  pid = os.fork()

[2024-11-22T18:40:58.334+0000] {standard_task_runner.py:72} INFO - Started process 122 to run task
[2024-11-22T18:40:58.335+0000] {standard_task_runner.py:104} INFO - Running: ['***', 'tasks', 'run', 'fraud_detection', 'notify_normal', 'scheduled__2024-11-08T18:40:00+00:00', '--job-id', '351', '--raw', '--subdir', 'DAGS_FOLDER/fraud_detection_dag.py', '--cfg-path', '/tmp/tmp49fuqymz']
[2024-11-22T18:40:58.340+0000] {standard_task_runner.py:105} INFO - Job 351: Subtask notify_normal
[2024-11-22T18:40:58.423+0000] {task_command.py:467} INFO - Running <TaskInstance: fraud_detection.notify_normal scheduled__2024-11-08T18:40:00+00:00 [running]> on host c6af8dbaf1e5
[2024-11-22T18:40:58.965+0000] {taskinstance.py:3131} INFO - Exporting env vars: AIRFLOW_CTX_DAG_OWNER='fraud_team' AIRFLOW_CTX_DAG_ID='fraud_detection' AIRFLOW_CTX_TASK_ID='notify_normal' AIRFLOW_CTX_EXECUTION_DATE='2024-11-08T18:40:00+00:00' AIRFLOW_CTX_TRY_NUMBER='1' AIRFLOW_CTX_DAG_RUN_ID='scheduled__2024-11-08T18:40:00+00:00'
[2024-11-22T18:40:58.970+0000] {taskinstance.py:731} INFO - ::endgroup::
[2024-11-22T18:40:59.136+0000] {fraud_detection_dag.py:218} INFO - Données de transaction récupérées: {"columns":["cc_num","merchant","category","amt","first","last","gender","street","city","state","zip","lat","long","city_pop","job","dob","trans_num","merch_lat","merch_long","is_fraud","current_time"],"index":[445498],"data":[[4364010865167176,"fraud_Waelchi-Wolf","kids_pets",85.54,"Gary","Martinez","M","03512 Jackson Ports","Reno","NV",89512,39.5483,-119.7957,276896,"Immunologist","1997-03-12","9f4f362aecb81bbf116eeb0263755ae1",38.975017,-119.415742,0,1732300848251]]}
[2024-11-22T18:40:59.136+0000] {fraud_detection_dag.py:219} INFO - Probabilité de fraude: 0.26506323745609117
[2024-11-22T18:40:59.137+0000] {fraud_detection_dag.py:220} INFO - Est une fraude: False
[2024-11-22T18:40:59.151+0000] {fraud_detection_dag.py:280} INFO - Tentative d'envoi d'email normale...
[2024-11-22T18:40:59.151+0000] {fraud_detection_dag.py:281} INFO - Contenu de l'email:

        ✅ Transaction NORMALE détectée!
        
        Statut: Vert
        Probabilité de fraude: 26.51%
        
        Détails de la transaction:
        --------------------------
        ID Transaction: 9f4f362aecb81bbf116eeb0263755ae1
        Montant: 85.54€
        Date/Heure: 2024-11-22 18:40:48
        
        Informations sur le marchand:
        ----------------------------
        Nom: fraud_Waelchi-Wolf
        Ville: Reno
        État: NV
        
        Informations sur le client:
        --------------------------
        Nom: Gary Martinez
        Ville: Reno
        
        Cette notification a été générée automatiquement par le système de détection de fraude.
        
[2024-11-22T18:41:05.796+0000] {fraud_detection_dag.py:291} INFO - Email envoyé avec succès
[2024-11-22T18:41:05.799+0000] {python.py:240} INFO - Done. Returned value was: store_normal
[2024-11-22T18:41:05.886+0000] {taskinstance.py:340} INFO - ::group::Post task execution logs
[2024-11-22T18:41:05.887+0000] {taskinstance.py:352} INFO - Marking task as SUCCESS. dag_id=fraud_detection, task_id=notify_normal, run_id=scheduled__2024-11-08T18:40:00+00:00, execution_date=20241108T184000, start_date=20241122T184058, end_date=20241122T184105
[2024-11-22T18:41:06.048+0000] {local_task_job_runner.py:266} INFO - Task exited with return code 0
[2024-11-22T18:41:06.133+0000] {taskinstance.py:3900} INFO - 1 downstream tasks scheduled from follow-on schedule check
[2024-11-22T18:41:06.143+0000] {local_task_job_runner.py:245} INFO - ::endgroup::
