[2024-11-22T18:41:09.206+0000] {local_task_job_runner.py:123} INFO - ::group::Pre task execution logs
[2024-11-22T18:41:09.396+0000] {taskinstance.py:2612} INFO - Dependencies all met for dep_context=non-requeueable deps ti=<TaskInstance: fraud_detection.store_normal scheduled__2024-11-08T18:40:00+00:00 [queued]>
[2024-11-22T18:41:09.466+0000] {taskinstance.py:2612} INFO - Dependencies all met for dep_context=requeueable deps ti=<TaskInstance: fraud_detection.store_normal scheduled__2024-11-08T18:40:00+00:00 [queued]>
[2024-11-22T18:41:09.477+0000] {taskinstance.py:2865} INFO - Starting attempt 1 of 2
[2024-11-22T18:41:09.646+0000] {taskinstance.py:2888} INFO - Executing <Task(PythonOperator): store_normal> on 2024-11-08 18:40:00+00:00
[2024-11-22T18:41:09.740+0000] {warnings.py:112} WARNING - /home/***/.local/lib/python3.12/site-packages/***/task/task_runner/standard_task_runner.py:70: DeprecationWarning: This process (pid=137) is multi-threaded, use of fork() may lead to deadlocks in the child.
  pid = os.fork()

[2024-11-22T18:41:09.743+0000] {standard_task_runner.py:72} INFO - Started process 149 to run task
[2024-11-22T18:41:09.746+0000] {standard_task_runner.py:104} INFO - Running: ['***', 'tasks', 'run', 'fraud_detection', 'store_normal', 'scheduled__2024-11-08T18:40:00+00:00', '--job-id', '355', '--raw', '--subdir', 'DAGS_FOLDER/fraud_detection_dag.py', '--cfg-path', '/tmp/tmptkxfz678']
[2024-11-22T18:41:09.749+0000] {standard_task_runner.py:105} INFO - Job 355: Subtask store_normal
[2024-11-22T18:41:10.670+0000] {task_command.py:467} INFO - Running <TaskInstance: fraud_detection.store_normal scheduled__2024-11-08T18:40:00+00:00 [running]> on host c6af8dbaf1e5
[2024-11-22T18:41:10.877+0000] {taskinstance.py:3131} INFO - Exporting env vars: AIRFLOW_CTX_DAG_OWNER='fraud_team' AIRFLOW_CTX_DAG_ID='fraud_detection' AIRFLOW_CTX_TASK_ID='store_normal' AIRFLOW_CTX_EXECUTION_DATE='2024-11-08T18:40:00+00:00' AIRFLOW_CTX_TRY_NUMBER='1' AIRFLOW_CTX_DAG_RUN_ID='scheduled__2024-11-08T18:40:00+00:00'
[2024-11-22T18:41:10.879+0000] {taskinstance.py:731} INFO - ::endgroup::
[2024-11-22T18:41:10.960+0000] {fraud_detection_dag.py:309} INFO - Tentative de connexion à Neon...
[2024-11-22T18:41:16.306+0000] {fraud_detection_dag.py:315} INFO - Connexion à Neon réussie!
[2024-11-22T18:41:16.544+0000] {fraud_detection_dag.py:322} INFO - Données reçues pour stockage: {"columns":["cc_num","merchant","category","amt","first","last","gender","street","city","state","zip","lat","long","city_pop","job","dob","trans_num","merch_lat","merch_long","is_fraud","current_time"],"index":[445498],"data":[[4364010865167176,"fraud_Waelchi-Wolf","kids_pets",85.54,"Gary","Martinez","M","03512 Jackson Ports","Reno","NV",89512,39.5483,-119.7957,276896,"Immunologist","1997-03-12","9f4f362aecb81bbf116eeb0263755ae1",38.975017,-119.415742,0,1732300848251]]}
[2024-11-22T18:41:16.545+0000] {fraud_detection_dag.py:331} INFO - JSON parsé avec succès
[2024-11-22T18:41:16.550+0000] {fraud_detection_dag.py:335} INFO - DataFrame créé avec 1 lignes
[2024-11-22T18:41:16.554+0000] {fraud_detection_dag.py:340} INFO - Colonne current_time renommée en trans_date_trans_time
[2024-11-22T18:41:16.558+0000] {fraud_detection_dag.py:344} INFO - Conversion du timestamp réussie
[2024-11-22T18:41:16.613+0000] {fraud_detection_dag.py:348} INFO - Indicateur de fraude récupéré: False
[2024-11-22T18:41:16.616+0000] {fraud_detection_dag.py:352} INFO - Colonne is_fraud mise à jour avec la valeur: False
[2024-11-22T18:41:16.617+0000] {fraud_detection_dag.py:356} INFO - Conversion de is_fraud en boolean réussie
[2024-11-22T18:41:16.617+0000] {fraud_detection_dag.py:359} INFO - Colonnes finales avant stockage: ['cc_num', 'merchant', 'category', 'amt', 'first', 'last', 'gender', 'street', 'city', 'state', 'zip', 'lat', 'long', 'city_pop', 'job', 'dob', 'trans_num', 'merch_lat', 'merch_long', 'is_fraud', 'trans_date_trans_time']
[2024-11-22T18:41:16.625+0000] {fraud_detection_dag.py:360} INFO - Types des données: 
cc_num                            int64
merchant                         object
category                         object
amt                             float64
first                            object
last                             object
gender                           object
street                           object
city                             object
state                            object
zip                               int64
lat                             float64
long                            float64
city_pop                          int64
job                              object
dob                              object
trans_num                        object
merch_lat                       float64
merch_long                      float64
is_fraud                           bool
trans_date_trans_time    datetime64[ns]
dtype: object
[2024-11-22T18:41:16.626+0000] {fraud_detection_dag.py:364} INFO - Stockage dans la table: normal_transactions
[2024-11-22T18:41:18.797+0000] {fraud_detection_dag.py:369} INFO - Données stockées avec succès dans la table normal_transactions
[2024-11-22T18:41:18.798+0000] {python.py:240} INFO - Done. Returned value was: None
[2024-11-22T18:41:18.982+0000] {taskinstance.py:340} INFO - ::group::Post task execution logs
[2024-11-22T18:41:18.983+0000] {taskinstance.py:352} INFO - Marking task as SUCCESS. dag_id=fraud_detection, task_id=store_normal, run_id=scheduled__2024-11-08T18:40:00+00:00, execution_date=20241108T184000, start_date=20241122T184109, end_date=20241122T184118
[2024-11-22T18:41:19.367+0000] {local_task_job_runner.py:266} INFO - Task exited with return code 0
[2024-11-22T18:41:19.512+0000] {taskinstance.py:3900} INFO - 0 downstream tasks scheduled from follow-on schedule check
[2024-11-22T18:41:19.521+0000] {local_task_job_runner.py:245} INFO - ::endgroup::
