[2024-11-23T17:52:46.817+0000] {local_task_job_runner.py:123} INFO - ::group::Pre task execution logs
[2024-11-23T17:52:46.896+0000] {taskinstance.py:2612} INFO - Dependencies all met for dep_context=non-requeueable deps ti=<TaskInstance: fraud_detection.notify_normal scheduled__2024-11-23T17:51:00+00:00 [queued]>
[2024-11-23T17:52:46.929+0000] {taskinstance.py:2612} INFO - Dependencies all met for dep_context=requeueable deps ti=<TaskInstance: fraud_detection.notify_normal scheduled__2024-11-23T17:51:00+00:00 [queued]>
[2024-11-23T17:52:46.930+0000] {taskinstance.py:2865} INFO - Starting attempt 1 of 2
[2024-11-23T17:52:46.962+0000] {taskinstance.py:2888} INFO - Executing <Task(PythonOperator): notify_normal> on 2024-11-23 17:51:00+00:00
[2024-11-23T17:52:46.982+0000] {warnings.py:112} WARNING - /home/***/.local/lib/python3.12/site-packages/***/task/task_runner/standard_task_runner.py:70: DeprecationWarning: This process (pid=3440) is multi-threaded, use of fork() may lead to deadlocks in the child.
  pid = os.fork()

[2024-11-23T17:52:46.985+0000] {standard_task_runner.py:72} INFO - Started process 3445 to run task
[2024-11-23T17:52:47.023+0000] {standard_task_runner.py:104} INFO - Running: ['***', 'tasks', 'run', 'fraud_detection', 'notify_normal', 'scheduled__2024-11-23T17:51:00+00:00', '--job-id', '332', '--raw', '--subdir', 'DAGS_FOLDER/fraud_detection_dag.py', '--cfg-path', '/tmp/tmp9p3evwbz']
[2024-11-23T17:52:47.028+0000] {standard_task_runner.py:105} INFO - Job 332: Subtask notify_normal
[2024-11-23T17:52:47.234+0000] {task_command.py:467} INFO - Running <TaskInstance: fraud_detection.notify_normal scheduled__2024-11-23T17:51:00+00:00 [running]> on host 345e92ff26bf
[2024-11-23T17:52:47.554+0000] {taskinstance.py:3131} INFO - Exporting env vars: AIRFLOW_CTX_DAG_OWNER='fraud_team' AIRFLOW_CTX_DAG_ID='fraud_detection' AIRFLOW_CTX_TASK_ID='notify_normal' AIRFLOW_CTX_EXECUTION_DATE='2024-11-23T17:51:00+00:00' AIRFLOW_CTX_TRY_NUMBER='1' AIRFLOW_CTX_DAG_RUN_ID='scheduled__2024-11-23T17:51:00+00:00'
[2024-11-23T17:52:47.556+0000] {taskinstance.py:731} INFO - ::endgroup::
[2024-11-23T17:52:47.684+0000] {fraud_detection_dag.py:144} INFO - Données de transaction récupérées: {"columns":["cc_num","merchant","category","amt","first","last","gender","street","city","state","zip","lat","long","city_pop","job","dob","trans_num","merch_lat","merch_long","is_fraud","current_time"],"index":[74446],"data":[[3519607465576254,"fraud_Weimann, Kuhic and Beahan","shopping_pos",8.38,"Audrey","Gonzalez","F","34180 Lopez Plaza","Fields Landing","CA",95537,40.7268,-124.2174,276,"Scientist, audiological","1929-05-06","7ecc1dba547a77730cb65928a16195c0",41.703575,-124.243052,0,1732384356548]]}
[2024-11-23T17:52:47.686+0000] {fraud_detection_dag.py:145} INFO - Probabilité de fraude: 0.39155030012019165
[2024-11-23T17:52:47.691+0000] {fraud_detection_dag.py:146} INFO - Est une fraude: False
[2024-11-23T17:52:47.721+0000] {fraud_detection_dag.py:206} INFO - Tentative d'envoi d'email normale...
[2024-11-23T17:52:47.723+0000] {fraud_detection_dag.py:207} INFO - Contenu de l'email:

        ✅ Transaction NORMALE détectée!
        
        Statut: Vert
        Probabilité de fraude: 39.16%
        
        Détails de la transaction:
        --------------------------
        ID Transaction: 7ecc1dba547a77730cb65928a16195c0
        Montant: 8.38€
        Date/Heure: 2024-11-23 17:52:36
        
        Informations sur le marchand:
        ----------------------------
        Nom: fraud_Weimann, Kuhic and Beahan
        Ville: Fields Landing
        État: CA
        
        Informations sur le client:
        --------------------------
        Nom: Audrey Gonzalez
        Ville: Fields Landing
        
        Cette notification a été générée automatiquement par le système de détection de fraude.
        
[2024-11-23T17:52:54.612+0000] {fraud_detection_dag.py:217} INFO - Email envoyé avec succès
[2024-11-23T17:52:54.616+0000] {python.py:240} INFO - Done. Returned value was: store_normal
[2024-11-23T17:52:54.672+0000] {taskinstance.py:340} INFO - ::group::Post task execution logs
[2024-11-23T17:52:54.676+0000] {taskinstance.py:352} INFO - Marking task as SUCCESS. dag_id=fraud_detection, task_id=notify_normal, run_id=scheduled__2024-11-23T17:51:00+00:00, execution_date=20241123T175100, start_date=20241123T175246, end_date=20241123T175254
[2024-11-23T17:52:54.797+0000] {local_task_job_runner.py:266} INFO - Task exited with return code 0
[2024-11-23T17:52:54.868+0000] {taskinstance.py:3900} INFO - 1 downstream tasks scheduled from follow-on schedule check
[2024-11-23T17:52:54.882+0000] {local_task_job_runner.py:245} INFO - ::endgroup::
