[2024-11-22T19:08:45.233+0000] {local_task_job_runner.py:123} INFO - ::group::Pre task execution logs
[2024-11-22T19:08:45.284+0000] {taskinstance.py:2612} INFO - Dependencies all met for dep_context=non-requeueable deps ti=<TaskInstance: fraud_detection.process_transaction scheduled__2024-11-22T19:07:00+00:00 [queued]>
[2024-11-22T19:08:45.307+0000] {taskinstance.py:2612} INFO - Dependencies all met for dep_context=requeueable deps ti=<TaskInstance: fraud_detection.process_transaction scheduled__2024-11-22T19:07:00+00:00 [queued]>
[2024-11-22T19:08:45.308+0000] {taskinstance.py:2865} INFO - Starting attempt 1 of 2
[2024-11-22T19:08:45.351+0000] {taskinstance.py:2888} INFO - Executing <Task(BranchPythonOperator): process_transaction> on 2024-11-22 19:07:00+00:00
[2024-11-22T19:08:45.378+0000] {warnings.py:112} WARNING - /home/***/.local/lib/python3.12/site-packages/***/task/task_runner/standard_task_runner.py:70: DeprecationWarning: This process (pid=1218) is multi-threaded, use of fork() may lead to deadlocks in the child.
  pid = os.fork()

[2024-11-22T19:08:45.390+0000] {standard_task_runner.py:72} INFO - Started process 1220 to run task
[2024-11-22T19:08:45.390+0000] {standard_task_runner.py:104} INFO - Running: ['***', 'tasks', 'run', 'fraud_detection', 'process_transaction', 'scheduled__2024-11-22T19:07:00+00:00', '--job-id', '502', '--raw', '--subdir', 'DAGS_FOLDER/fraud_detection_dag.py', '--cfg-path', '/tmp/tmpzvbbu4wt']
[2024-11-22T19:08:45.397+0000] {standard_task_runner.py:105} INFO - Job 502: Subtask process_transaction
[2024-11-22T19:08:45.493+0000] {task_command.py:467} INFO - Running <TaskInstance: fraud_detection.process_transaction scheduled__2024-11-22T19:07:00+00:00 [running]> on host c6af8dbaf1e5
[2024-11-22T19:08:45.749+0000] {taskinstance.py:3131} INFO - Exporting env vars: AIRFLOW_CTX_DAG_OWNER='fraud_team' AIRFLOW_CTX_DAG_ID='fraud_detection' AIRFLOW_CTX_TASK_ID='process_transaction' AIRFLOW_CTX_EXECUTION_DATE='2024-11-22T19:07:00+00:00' AIRFLOW_CTX_TRY_NUMBER='1' AIRFLOW_CTX_DAG_RUN_ID='scheduled__2024-11-22T19:07:00+00:00'
[2024-11-22T19:08:45.751+0000] {taskinstance.py:731} INFO - ::endgroup::
[2024-11-22T19:08:45.782+0000] {baseoperator.py:405} WARNING - BranchPythonOperator.execute cannot be called outside TaskInstance!
[2024-11-22T19:08:45.817+0000] {fraud_detection_dag.py:77} INFO - Données récupérées depuis XCom: {"columns":["cc_num","merchant","category","amt","first","last","gender","street","city","state","zip","lat","long","city_pop","job","dob","trans_num","merch_lat","merch_long","is_fraud","current_time"],"index":[317191],"data":[[3589289942931264,"fraud_Wuckert, Wintheiser and Friesen","home",7.48,"Paula","Estrada","F","350 Stacy Glens","Spencer","SD",57374,43.7557,-97.5936,343,"Development worker, international aid","1972-03-05","de6336f4eab9f2302d1bbdeeae4c5876",44.502993,-97.03139,0,1732302521947]]}
[2024-11-22T19:08:45.818+0000] {fraud_detection_dag.py:85} INFO - Données JSON parsées avec succès
[2024-11-22T19:08:45.827+0000] {fraud_detection_dag.py:89} INFO - DataFrame créé avec 1 lignes
[2024-11-22T19:08:45.834+0000] {fraud_detection_dag.py:93} INFO - Colonnes renommées avec succès
[2024-11-22T19:08:45.835+0000] {fraud_detection_dag.py:94} INFO - Colonnes disponibles: ['cc_num', 'merchant', 'category', 'amt', 'first', 'last', 'gender', 'street', 'city', 'state', 'zip', 'lat', 'long', 'city_pop', 'job', 'dob', 'trans_num', 'merch_lat', 'merch_long', 'is_fraud', 'trans_date_trans_time']
[2024-11-22T19:08:45.845+0000] {fraud_detection_dag.py:98} INFO - Conversion de trans_date_trans_time en unix_time réussie
[2024-11-22T19:08:45.900+0000] {fraud_detection_dag.py:107} INFO - Transformation des données...
[2024-11-22T19:08:48.032+0000] {warnings.py:112} WARNING - /home/***/.local/lib/python3.12/site-packages/sklearn/ensemble/_base.py:172: UserWarning: Loky-backed parallel loops cannot be called in a multiprocessing, setting n_jobs=1
  n_jobs = min(effective_n_jobs(n_jobs), n_estimators)

[2024-11-22T19:08:48.117+0000] {warnings.py:112} WARNING - /home/***/.local/lib/python3.12/site-packages/sklearn/ensemble/_base.py:172: UserWarning: Loky-backed parallel loops cannot be called in a multiprocessing, setting n_jobs=1
  n_jobs = min(effective_n_jobs(n_jobs), n_estimators)

[2024-11-22T19:08:48.129+0000] {fraud_detection_dag.py:119} INFO - Prediction de fraude: NORMAL, Probabilité: 27.11%
[2024-11-22T19:08:48.221+0000] {fraud_detection_dag.py:125} INFO - Prédiction: NORMAL (Probabilité: 27.11%)
[2024-11-22T19:08:48.231+0000] {python.py:240} INFO - Done. Returned value was: notify_normal
[2024-11-22T19:08:48.232+0000] {branch.py:38} INFO - Branch into notify_normal
[2024-11-22T19:08:48.233+0000] {skipmixin.py:230} INFO - Following branch ('notify_normal',)
[2024-11-22T19:08:48.289+0000] {skipmixin.py:278} INFO - Skipping tasks [('skip_processing', -1), ('notify_fraud', -1)]
[2024-11-22T19:08:48.504+0000] {taskinstance.py:340} INFO - ::group::Post task execution logs
[2024-11-22T19:08:48.505+0000] {taskinstance.py:352} INFO - Marking task as SUCCESS. dag_id=fraud_detection, task_id=process_transaction, run_id=scheduled__2024-11-22T19:07:00+00:00, execution_date=20241122T190700, start_date=20241122T190845, end_date=20241122T190848
[2024-11-22T19:08:48.634+0000] {local_task_job_runner.py:266} INFO - Task exited with return code 0
[2024-11-22T19:08:48.746+0000] {taskinstance.py:3900} INFO - 1 downstream tasks scheduled from follow-on schedule check
[2024-11-22T19:08:48.752+0000] {local_task_job_runner.py:245} INFO - ::endgroup::
