[2024-11-22T19:01:03.634+0000] {local_task_job_runner.py:123} INFO - ::group::Pre task execution logs
[2024-11-22T19:01:03.779+0000] {taskinstance.py:2612} INFO - Dependencies all met for dep_context=non-requeueable deps ti=<TaskInstance: fraud_detection.load_dependencies scheduled__2024-11-22T19:00:00+00:00 [queued]>
[2024-11-22T19:01:03.827+0000] {taskinstance.py:2612} INFO - Dependencies all met for dep_context=requeueable deps ti=<TaskInstance: fraud_detection.load_dependencies scheduled__2024-11-22T19:00:00+00:00 [queued]>
[2024-11-22T19:01:03.829+0000] {taskinstance.py:2865} INFO - Starting attempt 1 of 2
[2024-11-22T19:01:03.913+0000] {taskinstance.py:2888} INFO - Executing <Task(PythonOperator): load_dependencies> on 2024-11-22 19:00:00+00:00
[2024-11-22T19:01:03.932+0000] {warnings.py:112} WARNING - /home/***/.local/lib/python3.12/site-packages/***/task/task_runner/standard_task_runner.py:70: DeprecationWarning: This process (pid=929) is multi-threaded, use of fork() may lead to deadlocks in the child.
  pid = os.fork()

[2024-11-22T19:01:03.934+0000] {standard_task_runner.py:72} INFO - Started process 938 to run task
[2024-11-22T19:01:03.936+0000] {standard_task_runner.py:104} INFO - Running: ['***', 'tasks', 'run', 'fraud_detection', 'load_dependencies', 'scheduled__2024-11-22T19:00:00+00:00', '--job-id', '465', '--raw', '--subdir', 'DAGS_FOLDER/fraud_detection_dag.py', '--cfg-path', '/tmp/tmpdf4dnqv_']
[2024-11-22T19:01:03.939+0000] {standard_task_runner.py:105} INFO - Job 465: Subtask load_dependencies
[2024-11-22T19:01:04.329+0000] {task_command.py:467} INFO - Running <TaskInstance: fraud_detection.load_dependencies scheduled__2024-11-22T19:00:00+00:00 [running]> on host c6af8dbaf1e5
[2024-11-22T19:01:04.721+0000] {taskinstance.py:3131} INFO - Exporting env vars: AIRFLOW_CTX_DAG_OWNER='fraud_team' AIRFLOW_CTX_DAG_ID='fraud_detection' AIRFLOW_CTX_TASK_ID='load_dependencies' AIRFLOW_CTX_EXECUTION_DATE='2024-11-22T19:00:00+00:00' AIRFLOW_CTX_TRY_NUMBER='1' AIRFLOW_CTX_DAG_RUN_ID='scheduled__2024-11-22T19:00:00+00:00'
[2024-11-22T19:01:04.742+0000] {taskinstance.py:731} INFO - ::endgroup::
[2024-11-22T19:01:04.765+0000] {fraud_detection_dag.py:26} INFO - Chargement des dépendances depuis S3...
[2024-11-22T19:02:07.238+0000] {fraud_detection_dag.py:42} INFO - Modèle chargé avec succès
[2024-11-22T19:02:09.580+0000] {fraud_detection_dag.py:47} INFO - ETL chargé avec succès
[2024-11-22T19:02:09.767+0000] {python.py:240} INFO - Done. Returned value was: True
[2024-11-22T19:02:09.908+0000] {taskinstance.py:340} INFO - ::group::Post task execution logs
[2024-11-22T19:02:09.911+0000] {taskinstance.py:352} INFO - Marking task as SUCCESS. dag_id=fraud_detection, task_id=load_dependencies, run_id=scheduled__2024-11-22T19:00:00+00:00, execution_date=20241122T190000, start_date=20241122T190103, end_date=20241122T190209
[2024-11-22T19:02:10.267+0000] {local_task_job_runner.py:266} INFO - Task exited with return code 0
[2024-11-22T19:02:10.404+0000] {taskinstance.py:3900} INFO - 1 downstream tasks scheduled from follow-on schedule check
[2024-11-22T19:02:10.467+0000] {local_task_job_runner.py:245} INFO - ::endgroup::
