[2024-11-23T18:19:06.655+0000] {local_task_job_runner.py:123} INFO - ::group::Pre task execution logs
[2024-11-23T18:19:06.892+0000] {taskinstance.py:2612} INFO - Dependencies all met for dep_context=non-requeueable deps ti=<TaskInstance: fraud_detection.notify_normal scheduled__2024-11-23T18:13:00+00:00 [queued]>
[2024-11-23T18:19:07.018+0000] {taskinstance.py:2612} INFO - Dependencies all met for dep_context=requeueable deps ti=<TaskInstance: fraud_detection.notify_normal scheduled__2024-11-23T18:13:00+00:00 [queued]>
[2024-11-23T18:19:07.021+0000] {taskinstance.py:2865} INFO - Starting attempt 1 of 2
[2024-11-23T18:19:07.133+0000] {taskinstance.py:2888} INFO - Executing <Task(PythonOperator): notify_normal> on 2024-11-23 18:13:00+00:00
[2024-11-23T18:19:07.203+0000] {warnings.py:112} WARNING - /home/***/.local/lib/python3.12/site-packages/***/task/task_runner/standard_task_runner.py:70: DeprecationWarning: This process (pid=5035) is multi-threaded, use of fork() may lead to deadlocks in the child.
  pid = os.fork()

[2024-11-23T18:19:07.219+0000] {standard_task_runner.py:72} INFO - Started process 5044 to run task
[2024-11-23T18:19:07.227+0000] {standard_task_runner.py:104} INFO - Running: ['***', 'tasks', 'run', 'fraud_detection', 'notify_normal', 'scheduled__2024-11-23T18:13:00+00:00', '--job-id', '497', '--raw', '--subdir', 'DAGS_FOLDER/fraud_detection_dag.py', '--cfg-path', '/tmp/tmpn4f13ajp']
[2024-11-23T18:19:07.245+0000] {standard_task_runner.py:105} INFO - Job 497: Subtask notify_normal
[2024-11-23T18:19:07.531+0000] {task_command.py:467} INFO - Running <TaskInstance: fraud_detection.notify_normal scheduled__2024-11-23T18:13:00+00:00 [running]> on host 345e92ff26bf
[2024-11-23T18:19:07.869+0000] {taskinstance.py:3131} INFO - Exporting env vars: AIRFLOW_CTX_DAG_OWNER='fraud_team' AIRFLOW_CTX_DAG_ID='fraud_detection' AIRFLOW_CTX_TASK_ID='notify_normal' AIRFLOW_CTX_EXECUTION_DATE='2024-11-23T18:13:00+00:00' AIRFLOW_CTX_TRY_NUMBER='1' AIRFLOW_CTX_DAG_RUN_ID='scheduled__2024-11-23T18:13:00+00:00'
[2024-11-23T18:19:07.874+0000] {taskinstance.py:731} INFO - ::endgroup::
[2024-11-23T18:19:08.017+0000] {fraud_detection_dag.py:144} INFO - Données de transaction récupérées: {"columns":["cc_num","merchant","category","amt","first","last","gender","street","city","state","zip","lat","long","city_pop","job","dob","trans_num","merch_lat","merch_long","is_fraud","current_time"],"index":[216103],"data":[[343746486082492,"fraud_Olson, Becker and Koch","gas_transport",72.36,"Jeffrey","Munoz","M","836 Stephanie Union","Cedar","MI",49621,44.8605,-85.8138,3096,"Social research officer, government","1975-10-11","109fb23ac216484a9109694f0d9ba43c",45.645235,-85.539137,0,1732385932804]]}
[2024-11-23T18:19:08.026+0000] {fraud_detection_dag.py:145} INFO - Probabilité de fraude: 0.3739606086399242
[2024-11-23T18:19:08.027+0000] {fraud_detection_dag.py:146} INFO - Est une fraude: False
[2024-11-23T18:19:08.036+0000] {fraud_detection_dag.py:206} INFO - Tentative d'envoi d'email normale...
[2024-11-23T18:19:08.039+0000] {fraud_detection_dag.py:207} INFO - Contenu de l'email:

        ✅ Transaction NORMALE détectée!
        
        Statut: Vert
        Probabilité de fraude: 37.40%
        
        Détails de la transaction:
        --------------------------
        ID Transaction: 109fb23ac216484a9109694f0d9ba43c
        Montant: 72.36€
        Date/Heure: 2024-11-23 18:18:52
        
        Informations sur le marchand:
        ----------------------------
        Nom: fraud_Olson, Becker and Koch
        Ville: Cedar
        État: MI
        
        Informations sur le client:
        --------------------------
        Nom: Jeffrey Munoz
        Ville: Cedar
        
        Cette notification a été générée automatiquement par le système de détection de fraude.
        
[2024-11-23T18:19:12.333+0000] {fraud_detection_dag.py:217} INFO - Email envoyé avec succès
[2024-11-23T18:19:12.335+0000] {python.py:240} INFO - Done. Returned value was: store_normal
[2024-11-23T18:19:12.452+0000] {taskinstance.py:340} INFO - ::group::Post task execution logs
[2024-11-23T18:19:12.454+0000] {taskinstance.py:352} INFO - Marking task as SUCCESS. dag_id=fraud_detection, task_id=notify_normal, run_id=scheduled__2024-11-23T18:13:00+00:00, execution_date=20241123T181300, start_date=20241123T181906, end_date=20241123T181912
[2024-11-23T18:19:12.703+0000] {local_task_job_runner.py:266} INFO - Task exited with return code 0
[2024-11-23T18:19:12.779+0000] {taskinstance.py:3900} INFO - 1 downstream tasks scheduled from follow-on schedule check
[2024-11-23T18:19:12.784+0000] {local_task_job_runner.py:245} INFO - ::endgroup::
