[2024-11-22T18:41:29.316+0000] {local_task_job_runner.py:123} INFO - ::group::Pre task execution logs
[2024-11-22T18:41:29.388+0000] {taskinstance.py:2612} INFO - Dependencies all met for dep_context=non-requeueable deps ti=<TaskInstance: fraud_detection.process_transaction scheduled__2024-11-22T18:39:00+00:00 [queued]>
[2024-11-22T18:41:29.425+0000] {taskinstance.py:2612} INFO - Dependencies all met for dep_context=requeueable deps ti=<TaskInstance: fraud_detection.process_transaction scheduled__2024-11-22T18:39:00+00:00 [queued]>
[2024-11-22T18:41:29.429+0000] {taskinstance.py:2865} INFO - Starting attempt 1 of 2
[2024-11-22T18:41:29.477+0000] {taskinstance.py:2888} INFO - Executing <Task(BranchPythonOperator): process_transaction> on 2024-11-22 18:39:00+00:00
[2024-11-22T18:41:29.495+0000] {warnings.py:112} WARNING - /home/***/.local/lib/python3.12/site-packages/***/task/task_runner/standard_task_runner.py:70: DeprecationWarning: This process (pid=169) is multi-threaded, use of fork() may lead to deadlocks in the child.
  pid = os.fork()

[2024-11-22T18:41:29.499+0000] {standard_task_runner.py:72} INFO - Started process 171 to run task
[2024-11-22T18:41:29.508+0000] {standard_task_runner.py:104} INFO - Running: ['***', 'tasks', 'run', 'fraud_detection', 'process_transaction', 'scheduled__2024-11-22T18:39:00+00:00', '--job-id', '360', '--raw', '--subdir', 'DAGS_FOLDER/fraud_detection_dag.py', '--cfg-path', '/tmp/tmp2_6wu4in']
[2024-11-22T18:41:29.515+0000] {standard_task_runner.py:105} INFO - Job 360: Subtask process_transaction
[2024-11-22T18:41:29.725+0000] {task_command.py:467} INFO - Running <TaskInstance: fraud_detection.process_transaction scheduled__2024-11-22T18:39:00+00:00 [running]> on host c6af8dbaf1e5
[2024-11-22T18:41:30.127+0000] {taskinstance.py:3131} INFO - Exporting env vars: AIRFLOW_CTX_DAG_OWNER='fraud_team' AIRFLOW_CTX_DAG_ID='fraud_detection' AIRFLOW_CTX_TASK_ID='process_transaction' AIRFLOW_CTX_EXECUTION_DATE='2024-11-22T18:39:00+00:00' AIRFLOW_CTX_TRY_NUMBER='1' AIRFLOW_CTX_DAG_RUN_ID='scheduled__2024-11-22T18:39:00+00:00'
[2024-11-22T18:41:30.129+0000] {taskinstance.py:731} INFO - ::endgroup::
[2024-11-22T18:41:30.165+0000] {baseoperator.py:405} WARNING - BranchPythonOperator.execute cannot be called outside TaskInstance!
[2024-11-22T18:41:30.251+0000] {fraud_detection_dag.py:77} INFO - Données récupérées depuis XCom: {"columns":["cc_num","merchant","category","amt","first","last","gender","street","city","state","zip","lat","long","city_pop","job","dob","trans_num","merch_lat","merch_long","is_fraud","current_time"],"index":[246940],"data":[[3589255887819806,"fraud_Langworth, Boehm and Gulgowski","shopping_net",3.99,"David","Miller","M","622 Bradley Knoll Apt. 758","Hancock","MD",21750,39.6991,-78.1762,3766,"Press photographer","1984-02-14","da6224d7f7725b350a131809cfdfa136",40.33161,-79.093057,0,1732300886281]]}
[2024-11-22T18:41:30.252+0000] {fraud_detection_dag.py:85} INFO - Données JSON parsées avec succès
[2024-11-22T18:41:30.262+0000] {fraud_detection_dag.py:89} INFO - DataFrame créé avec 1 lignes
[2024-11-22T18:41:30.265+0000] {fraud_detection_dag.py:93} INFO - Colonnes renommées avec succès
[2024-11-22T18:41:30.267+0000] {fraud_detection_dag.py:94} INFO - Colonnes disponibles: ['cc_num', 'merchant', 'category', 'amt', 'first', 'last', 'gender', 'street', 'city', 'state', 'zip', 'lat', 'long', 'city_pop', 'job', 'dob', 'trans_num', 'merch_lat', 'merch_long', 'is_fraud', 'trans_date_trans_time']
[2024-11-22T18:41:30.291+0000] {fraud_detection_dag.py:98} INFO - Conversion de trans_date_trans_time en unix_time réussie
[2024-11-22T18:41:30.426+0000] {fraud_detection_dag.py:107} INFO - Transformation des données...
[2024-11-22T18:41:31.741+0000] {warnings.py:112} WARNING - /home/***/.local/lib/python3.12/site-packages/sklearn/ensemble/_base.py:172: UserWarning: Loky-backed parallel loops cannot be called in a multiprocessing, setting n_jobs=1
  n_jobs = min(effective_n_jobs(n_jobs), n_estimators)

[2024-11-22T18:41:31.829+0000] {warnings.py:112} WARNING - /home/***/.local/lib/python3.12/site-packages/sklearn/ensemble/_base.py:172: UserWarning: Loky-backed parallel loops cannot be called in a multiprocessing, setting n_jobs=1
  n_jobs = min(effective_n_jobs(n_jobs), n_estimators)

[2024-11-22T18:41:31.835+0000] {fraud_detection_dag.py:119} INFO - Prediction de fraude: NORMAL, Probabilité: 38.58%
[2024-11-22T18:41:31.893+0000] {fraud_detection_dag.py:125} INFO - Prédiction: NORMAL (Probabilité: 38.58%)
[2024-11-22T18:41:31.894+0000] {python.py:240} INFO - Done. Returned value was: notify_normal
[2024-11-22T18:41:31.896+0000] {branch.py:38} INFO - Branch into notify_normal
[2024-11-22T18:41:31.898+0000] {skipmixin.py:230} INFO - Following branch ('notify_normal',)
[2024-11-22T18:41:31.920+0000] {skipmixin.py:278} INFO - Skipping tasks [('skip_processing', -1), ('notify_fraud', -1)]
[2024-11-22T18:41:32.077+0000] {taskinstance.py:340} INFO - ::group::Post task execution logs
[2024-11-22T18:41:32.078+0000] {taskinstance.py:352} INFO - Marking task as SUCCESS. dag_id=fraud_detection, task_id=process_transaction, run_id=scheduled__2024-11-22T18:39:00+00:00, execution_date=20241122T183900, start_date=20241122T184129, end_date=20241122T184132
[2024-11-22T18:41:32.218+0000] {local_task_job_runner.py:266} INFO - Task exited with return code 0
[2024-11-22T18:41:32.325+0000] {taskinstance.py:3900} INFO - 1 downstream tasks scheduled from follow-on schedule check
[2024-11-22T18:41:32.338+0000] {local_task_job_runner.py:245} INFO - ::endgroup::
