[2024-11-23T17:27:43.919+0000] {local_task_job_runner.py:123} INFO - ::group::Pre task execution logs
[2024-11-23T17:27:43.973+0000] {taskinstance.py:2612} INFO - Dependencies all met for dep_context=non-requeueable deps ti=<TaskInstance: fraud_detection.notify_normal scheduled__2024-11-23T17:26:00+00:00 [queued]>
[2024-11-23T17:27:44.013+0000] {taskinstance.py:2612} INFO - Dependencies all met for dep_context=requeueable deps ti=<TaskInstance: fraud_detection.notify_normal scheduled__2024-11-23T17:26:00+00:00 [queued]>
[2024-11-23T17:27:44.013+0000] {taskinstance.py:2865} INFO - Starting attempt 1 of 2
[2024-11-23T17:27:44.087+0000] {taskinstance.py:2888} INFO - Executing <Task(PythonOperator): notify_normal> on 2024-11-23 17:26:00+00:00
[2024-11-23T17:27:44.111+0000] {warnings.py:112} WARNING - /home/***/.local/lib/python3.12/site-packages/***/task/task_runner/standard_task_runner.py:70: DeprecationWarning: This process (pid=2552) is multi-threaded, use of fork() may lead to deadlocks in the child.
  pid = os.fork()

[2024-11-23T17:27:44.115+0000] {standard_task_runner.py:72} INFO - Started process 2557 to run task
[2024-11-23T17:27:44.118+0000] {standard_task_runner.py:104} INFO - Running: ['***', 'tasks', 'run', 'fraud_detection', 'notify_normal', 'scheduled__2024-11-23T17:26:00+00:00', '--job-id', '253', '--raw', '--subdir', 'DAGS_FOLDER/fraud_detection_dag.py', '--cfg-path', '/tmp/tmppvztttko']
[2024-11-23T17:27:44.121+0000] {standard_task_runner.py:105} INFO - Job 253: Subtask notify_normal
[2024-11-23T17:27:44.334+0000] {task_command.py:467} INFO - Running <TaskInstance: fraud_detection.notify_normal scheduled__2024-11-23T17:26:00+00:00 [running]> on host 345e92ff26bf
[2024-11-23T17:27:44.833+0000] {taskinstance.py:3131} INFO - Exporting env vars: AIRFLOW_CTX_DAG_OWNER='fraud_team' AIRFLOW_CTX_DAG_ID='fraud_detection' AIRFLOW_CTX_TASK_ID='notify_normal' AIRFLOW_CTX_EXECUTION_DATE='2024-11-23T17:26:00+00:00' AIRFLOW_CTX_TRY_NUMBER='1' AIRFLOW_CTX_DAG_RUN_ID='scheduled__2024-11-23T17:26:00+00:00'
[2024-11-23T17:27:44.837+0000] {taskinstance.py:731} INFO - ::endgroup::
[2024-11-23T17:27:44.927+0000] {fraud_detection_dag.py:219} INFO - Données de transaction récupérées: {"columns":["cc_num","merchant","category","amt","first","last","gender","street","city","state","zip","lat","long","city_pop","job","dob","trans_num","merch_lat","merch_long","is_fraud","current_time"],"index":[471957],"data":[[2348245054386329,"fraud_Kulas Group","health_fitness",73.87,"Justin","Gay","M","268 Hayes Rue Suite 811","Harborcreek","PA",16421,42.1767,-79.9416,2518,"Event organiser","1946-02-02","b1913446634a24c5fcb6bdb06cd61804",42.807048,-79.902337,0,1732382853725]]}
[2024-11-23T17:27:44.928+0000] {fraud_detection_dag.py:220} INFO - Probabilité de fraude: 0.31381890546427466
[2024-11-23T17:27:44.928+0000] {fraud_detection_dag.py:221} INFO - Est une fraude: False
[2024-11-23T17:27:44.936+0000] {fraud_detection_dag.py:281} INFO - Tentative d'envoi d'email normale...
[2024-11-23T17:27:44.937+0000] {fraud_detection_dag.py:282} INFO - Contenu de l'email:

        ✅ Transaction NORMALE détectée!
        
        Statut: Vert
        Probabilité de fraude: 31.38%
        
        Détails de la transaction:
        --------------------------
        ID Transaction: b1913446634a24c5fcb6bdb06cd61804
        Montant: 73.87€
        Date/Heure: 2024-11-23 17:27:33
        
        Informations sur le marchand:
        ----------------------------
        Nom: fraud_Kulas Group
        Ville: Harborcreek
        État: PA
        
        Informations sur le client:
        --------------------------
        Nom: Justin Gay
        Ville: Harborcreek
        
        Cette notification a été générée automatiquement par le système de détection de fraude.
        
[2024-11-23T17:27:49.840+0000] {fraud_detection_dag.py:292} INFO - Email envoyé avec succès
[2024-11-23T17:27:49.845+0000] {python.py:240} INFO - Done. Returned value was: store_normal
[2024-11-23T17:27:50.005+0000] {taskinstance.py:340} INFO - ::group::Post task execution logs
[2024-11-23T17:27:50.007+0000] {taskinstance.py:352} INFO - Marking task as SUCCESS. dag_id=fraud_detection, task_id=notify_normal, run_id=scheduled__2024-11-23T17:26:00+00:00, execution_date=20241123T172600, start_date=20241123T172743, end_date=20241123T172750
[2024-11-23T17:27:50.217+0000] {local_task_job_runner.py:266} INFO - Task exited with return code 0
[2024-11-23T17:27:50.370+0000] {taskinstance.py:3900} INFO - 1 downstream tasks scheduled from follow-on schedule check
[2024-11-23T17:27:50.406+0000] {local_task_job_runner.py:245} INFO - ::endgroup::
