[2024-11-23T18:11:37.081+0000] {local_task_job_runner.py:123} INFO - ::group::Pre task execution logs
[2024-11-23T18:11:37.129+0000] {taskinstance.py:2612} INFO - Dependencies all met for dep_context=non-requeueable deps ti=<TaskInstance: fraud_detection.process_transaction scheduled__2024-11-23T18:10:00+00:00 [queued]>
[2024-11-23T18:11:37.142+0000] {taskinstance.py:2612} INFO - Dependencies all met for dep_context=requeueable deps ti=<TaskInstance: fraud_detection.process_transaction scheduled__2024-11-23T18:10:00+00:00 [queued]>
[2024-11-23T18:11:37.143+0000] {taskinstance.py:2865} INFO - Starting attempt 1 of 2
[2024-11-23T18:11:37.205+0000] {taskinstance.py:2888} INFO - Executing <Task(BranchPythonOperator): process_transaction> on 2024-11-23 18:10:00+00:00
[2024-11-23T18:11:37.259+0000] {warnings.py:112} WARNING - /home/***/.local/lib/python3.12/site-packages/***/task/task_runner/standard_task_runner.py:70: DeprecationWarning: This process (pid=4761) is multi-threaded, use of fork() may lead to deadlocks in the child.
  pid = os.fork()

[2024-11-23T18:11:37.271+0000] {standard_task_runner.py:72} INFO - Started process 4766 to run task
[2024-11-23T18:11:37.270+0000] {standard_task_runner.py:104} INFO - Running: ['***', 'tasks', 'run', 'fraud_detection', 'process_transaction', 'scheduled__2024-11-23T18:10:00+00:00', '--job-id', '475', '--raw', '--subdir', 'DAGS_FOLDER/fraud_detection_dag.py', '--cfg-path', '/tmp/tmp9n03vbb9']
[2024-11-23T18:11:37.292+0000] {standard_task_runner.py:105} INFO - Job 475: Subtask process_transaction
[2024-11-23T18:11:37.685+0000] {task_command.py:467} INFO - Running <TaskInstance: fraud_detection.process_transaction scheduled__2024-11-23T18:10:00+00:00 [running]> on host 345e92ff26bf
[2024-11-23T18:11:38.012+0000] {taskinstance.py:3131} INFO - Exporting env vars: AIRFLOW_CTX_DAG_OWNER='fraud_team' AIRFLOW_CTX_DAG_ID='fraud_detection' AIRFLOW_CTX_TASK_ID='process_transaction' AIRFLOW_CTX_EXECUTION_DATE='2024-11-23T18:10:00+00:00' AIRFLOW_CTX_TRY_NUMBER='1' AIRFLOW_CTX_DAG_RUN_ID='scheduled__2024-11-23T18:10:00+00:00'
[2024-11-23T18:11:38.016+0000] {taskinstance.py:731} INFO - ::endgroup::
[2024-11-23T18:11:38.056+0000] {baseoperator.py:405} WARNING - BranchPythonOperator.execute cannot be called outside TaskInstance!
[2024-11-23T18:11:38.081+0000] {fraud_detection_dag.py:78} INFO - Données récupérées depuis XCom: {"columns":["cc_num","merchant","category","amt","first","last","gender","street","city","state","zip","lat","long","city_pop","job","dob","trans_num","merch_lat","merch_long","is_fraud","current_time"],"index":[495530],"data":[[2720433095629877,"fraud_Willms, Kris and Bergnaum","shopping_pos",5.88,"Mark","Wood","M","854 Walker Dale Suite 488","Bowdoin","ME",4287,44.0575,-69.9656,3224,"Engineer, electronics","1997-08-22","d7a1ee98b589f9d6b1861ba80b5e8e75",43.876759,-70.93028,0,1732385492890]]}
[2024-11-23T18:11:38.083+0000] {fraud_detection_dag.py:86} INFO - Données JSON parsées avec succès
[2024-11-23T18:11:38.087+0000] {fraud_detection_dag.py:90} INFO - DataFrame créé avec 1 lignes
[2024-11-23T18:11:38.091+0000] {fraud_detection_dag.py:94} INFO - Colonnes renommées avec succès
[2024-11-23T18:11:38.091+0000] {fraud_detection_dag.py:95} INFO - Colonnes disponibles: ['cc_num', 'merchant', 'category', 'amt', 'first', 'last', 'gender', 'street', 'city', 'state', 'zip', 'lat', 'long', 'city_pop', 'job', 'dob', 'trans_num', 'merch_lat', 'merch_long', 'is_fraud', 'trans_date_trans_time']
[2024-11-23T18:11:38.095+0000] {fraud_detection_dag.py:99} INFO - Conversion de trans_date_trans_time en unix_time réussie
[2024-11-23T18:11:38.183+0000] {fraud_detection_dag.py:108} INFO - Transformation des données...
[2024-11-23T18:11:40.011+0000] {warnings.py:112} WARNING - /home/***/.local/lib/python3.12/site-packages/sklearn/ensemble/_base.py:172: UserWarning: Loky-backed parallel loops cannot be called in a multiprocessing, setting n_jobs=1
  n_jobs = min(effective_n_jobs(n_jobs), n_estimators)

[2024-11-23T18:11:40.031+0000] {warnings.py:112} WARNING - /home/***/.local/lib/python3.12/site-packages/sklearn/ensemble/_base.py:172: UserWarning: Loky-backed parallel loops cannot be called in a multiprocessing, setting n_jobs=1
  n_jobs = min(effective_n_jobs(n_jobs), n_estimators)

[2024-11-23T18:11:40.039+0000] {fraud_detection_dag.py:120} INFO - Prediction de fraude: NORMAL, Probabilité: 30.64%
[2024-11-23T18:11:40.146+0000] {fraud_detection_dag.py:126} INFO - Prédiction: NORMAL (Probabilité: 30.64%)
[2024-11-23T18:11:40.147+0000] {python.py:240} INFO - Done. Returned value was: notify_normal
[2024-11-23T18:11:40.150+0000] {branch.py:38} INFO - Branch into notify_normal
[2024-11-23T18:11:40.152+0000] {skipmixin.py:230} INFO - Following branch ('notify_normal',)
[2024-11-23T18:11:40.199+0000] {skipmixin.py:278} INFO - Skipping tasks [('notify_fraud', -1), ('skip_processing', -1)]
[2024-11-23T18:11:40.278+0000] {taskinstance.py:340} INFO - ::group::Post task execution logs
[2024-11-23T18:11:40.280+0000] {taskinstance.py:352} INFO - Marking task as SUCCESS. dag_id=fraud_detection, task_id=process_transaction, run_id=scheduled__2024-11-23T18:10:00+00:00, execution_date=20241123T181000, start_date=20241123T181137, end_date=20241123T181140
[2024-11-23T18:11:40.381+0000] {local_task_job_runner.py:266} INFO - Task exited with return code 0
[2024-11-23T18:11:40.545+0000] {taskinstance.py:3900} INFO - 1 downstream tasks scheduled from follow-on schedule check
[2024-11-23T18:11:40.610+0000] {local_task_job_runner.py:245} INFO - ::endgroup::
