[2024-11-24T15:14:56.988+0000] {local_task_job_runner.py:123} INFO - ::group::Pre task execution logs
[2024-11-24T15:14:57.054+0000] {taskinstance.py:2612} INFO - Dependencies all met for dep_context=non-requeueable deps ti=<TaskInstance: fraud_detection.process_transaction scheduled__2024-11-24T15:13:00+00:00 [queued]>
[2024-11-24T15:14:57.086+0000] {taskinstance.py:2612} INFO - Dependencies all met for dep_context=requeueable deps ti=<TaskInstance: fraud_detection.process_transaction scheduled__2024-11-24T15:13:00+00:00 [queued]>
[2024-11-24T15:14:57.087+0000] {taskinstance.py:2865} INFO - Starting attempt 1 of 2
[2024-11-24T15:14:57.131+0000] {taskinstance.py:2888} INFO - Executing <Task(BranchPythonOperator): process_transaction> on 2024-11-24 15:13:00+00:00
[2024-11-24T15:14:57.160+0000] {warnings.py:112} WARNING - /home/***/.local/lib/python3.12/site-packages/***/task/task_runner/standard_task_runner.py:70: DeprecationWarning: This process (pid=589) is multi-threaded, use of fork() may lead to deadlocks in the child.
  pid = os.fork()

[2024-11-24T15:14:57.164+0000] {standard_task_runner.py:72} INFO - Started process 596 to run task
[2024-11-24T15:14:57.170+0000] {standard_task_runner.py:104} INFO - Running: ['***', 'tasks', 'run', 'fraud_detection', 'process_transaction', 'scheduled__2024-11-24T15:13:00+00:00', '--job-id', '561', '--raw', '--subdir', 'DAGS_FOLDER/fraud_detection_dag.py', '--cfg-path', '/tmp/tmpdxi8l_4q']
[2024-11-24T15:14:57.185+0000] {standard_task_runner.py:105} INFO - Job 561: Subtask process_transaction
[2024-11-24T15:14:57.355+0000] {task_command.py:467} INFO - Running <TaskInstance: fraud_detection.process_transaction scheduled__2024-11-24T15:13:00+00:00 [running]> on host 345e92ff26bf
[2024-11-24T15:14:57.865+0000] {taskinstance.py:3131} INFO - Exporting env vars: AIRFLOW_CTX_DAG_OWNER='fraud_team' AIRFLOW_CTX_DAG_ID='fraud_detection' AIRFLOW_CTX_TASK_ID='process_transaction' AIRFLOW_CTX_EXECUTION_DATE='2024-11-24T15:13:00+00:00' AIRFLOW_CTX_TRY_NUMBER='1' AIRFLOW_CTX_DAG_RUN_ID='scheduled__2024-11-24T15:13:00+00:00'
[2024-11-24T15:14:57.868+0000] {taskinstance.py:731} INFO - ::endgroup::
[2024-11-24T15:14:57.922+0000] {baseoperator.py:405} WARNING - BranchPythonOperator.execute cannot be called outside TaskInstance!
[2024-11-24T15:14:57.946+0000] {fraud_detection_dag.py:78} INFO - Données récupérées depuis XCom: {"columns":["cc_num","merchant","category","amt","first","last","gender","street","city","state","zip","lat","long","city_pop","job","dob","trans_num","merch_lat","merch_long","is_fraud","current_time"],"index":[16202],"data":[[503874407318,"fraud_Crooks and Sons","personal_care",2.78,"Andrew","Mcgee","M","4130 Tiffany Glen Apt. 562","San Antonio","TX",78248,29.5894,-98.5201,1595797,"Exhibition designer","1975-12-28","3b31d08463a99f772f5f62d800be85ec",29.20342,-98.486057,0,1732461290284]]}
[2024-11-24T15:14:57.948+0000] {fraud_detection_dag.py:86} INFO - Données JSON parsées avec succès
[2024-11-24T15:14:57.966+0000] {fraud_detection_dag.py:90} INFO - DataFrame créé avec 1 lignes
[2024-11-24T15:14:57.969+0000] {fraud_detection_dag.py:94} INFO - Colonnes renommées avec succès
[2024-11-24T15:14:57.970+0000] {fraud_detection_dag.py:95} INFO - Colonnes disponibles: ['cc_num', 'merchant', 'category', 'amt', 'first', 'last', 'gender', 'street', 'city', 'state', 'zip', 'lat', 'long', 'city_pop', 'job', 'dob', 'trans_num', 'merch_lat', 'merch_long', 'is_fraud', 'trans_date_trans_time']
[2024-11-24T15:14:57.973+0000] {fraud_detection_dag.py:99} INFO - Conversion de trans_date_trans_time en unix_time réussie
[2024-11-24T15:14:58.030+0000] {fraud_detection_dag.py:108} INFO - Transformation des données...
[2024-11-24T15:15:00.017+0000] {warnings.py:112} WARNING - /home/***/.local/lib/python3.12/site-packages/sklearn/ensemble/_base.py:172: UserWarning: Loky-backed parallel loops cannot be called in a multiprocessing, setting n_jobs=1
  n_jobs = min(effective_n_jobs(n_jobs), n_estimators)

[2024-11-24T15:15:00.046+0000] {warnings.py:112} WARNING - /home/***/.local/lib/python3.12/site-packages/sklearn/ensemble/_base.py:172: UserWarning: Loky-backed parallel loops cannot be called in a multiprocessing, setting n_jobs=1
  n_jobs = min(effective_n_jobs(n_jobs), n_estimators)

[2024-11-24T15:15:00.054+0000] {fraud_detection_dag.py:120} INFO - Prediction de fraude: NORMAL, Probabilité: 28.01%
[2024-11-24T15:15:00.303+0000] {fraud_detection_dag.py:126} INFO - Prédiction: NORMAL (Probabilité: 28.01%)
[2024-11-24T15:15:00.304+0000] {python.py:240} INFO - Done. Returned value was: notify_normal
[2024-11-24T15:15:00.306+0000] {branch.py:38} INFO - Branch into notify_normal
[2024-11-24T15:15:00.323+0000] {skipmixin.py:230} INFO - Following branch ('notify_normal',)
[2024-11-24T15:15:00.386+0000] {skipmixin.py:278} INFO - Skipping tasks [('skip_processing', -1), ('notify_fraud', -1)]
[2024-11-24T15:15:00.528+0000] {taskinstance.py:340} INFO - ::group::Post task execution logs
[2024-11-24T15:15:00.529+0000] {taskinstance.py:352} INFO - Marking task as SUCCESS. dag_id=fraud_detection, task_id=process_transaction, run_id=scheduled__2024-11-24T15:13:00+00:00, execution_date=20241124T151300, start_date=20241124T151457, end_date=20241124T151500
[2024-11-24T15:15:00.646+0000] {local_task_job_runner.py:266} INFO - Task exited with return code 0
[2024-11-24T15:15:00.804+0000] {taskinstance.py:3900} INFO - 1 downstream tasks scheduled from follow-on schedule check
[2024-11-24T15:15:00.825+0000] {local_task_job_runner.py:245} INFO - ::endgroup::
