[2024-11-23T18:08:13.586+0000] {local_task_job_runner.py:123} INFO - ::group::Pre task execution logs
[2024-11-23T18:08:13.686+0000] {taskinstance.py:2612} INFO - Dependencies all met for dep_context=non-requeueable deps ti=<TaskInstance: fraud_detection.process_transaction manual__2024-11-23T18:07:02.731356+00:00 [queued]>
[2024-11-23T18:08:13.724+0000] {taskinstance.py:2612} INFO - Dependencies all met for dep_context=requeueable deps ti=<TaskInstance: fraud_detection.process_transaction manual__2024-11-23T18:07:02.731356+00:00 [queued]>
[2024-11-23T18:08:13.725+0000] {taskinstance.py:2865} INFO - Starting attempt 1 of 2
[2024-11-23T18:08:13.794+0000] {taskinstance.py:2888} INFO - Executing <Task(BranchPythonOperator): process_transaction> on 2024-11-23 18:07:02.731356+00:00
[2024-11-23T18:08:13.827+0000] {warnings.py:112} WARNING - /home/***/.local/lib/python3.12/site-packages/***/task/task_runner/standard_task_runner.py:70: DeprecationWarning: This process (pid=4497) is multi-threaded, use of fork() may lead to deadlocks in the child.
  pid = os.fork()

[2024-11-23T18:08:13.842+0000] {standard_task_runner.py:72} INFO - Started process 4509 to run task
[2024-11-23T18:08:13.843+0000] {standard_task_runner.py:104} INFO - Running: ['***', 'tasks', 'run', 'fraud_detection', 'process_transaction', 'manual__2024-11-23T18:07:02.731356+00:00', '--job-id', '449', '--raw', '--subdir', 'DAGS_FOLDER/fraud_detection_dag.py', '--cfg-path', '/tmp/tmpcy5wvmlk']
[2024-11-23T18:08:13.862+0000] {standard_task_runner.py:105} INFO - Job 449: Subtask process_transaction
[2024-11-23T18:08:14.113+0000] {task_command.py:467} INFO - Running <TaskInstance: fraud_detection.process_transaction manual__2024-11-23T18:07:02.731356+00:00 [running]> on host 345e92ff26bf
[2024-11-23T18:08:14.424+0000] {taskinstance.py:3131} INFO - Exporting env vars: AIRFLOW_CTX_DAG_OWNER='fraud_team' AIRFLOW_CTX_DAG_ID='fraud_detection' AIRFLOW_CTX_TASK_ID='process_transaction' AIRFLOW_CTX_EXECUTION_DATE='2024-11-23T18:07:02.731356+00:00' AIRFLOW_CTX_TRY_NUMBER='1' AIRFLOW_CTX_DAG_RUN_ID='manual__2024-11-23T18:07:02.731356+00:00'
[2024-11-23T18:08:14.460+0000] {taskinstance.py:731} INFO - ::endgroup::
[2024-11-23T18:08:14.515+0000] {baseoperator.py:405} WARNING - BranchPythonOperator.execute cannot be called outside TaskInstance!
[2024-11-23T18:08:14.708+0000] {fraud_detection_dag.py:78} INFO - Données récupérées depuis XCom: {"columns":["cc_num","merchant","category","amt","first","last","gender","street","city","state","zip","lat","long","city_pop","job","dob","trans_num","merch_lat","merch_long","is_fraud","current_time"],"index":[28799],"data":[[4736845434667908128,"fraud_Brown Inc","kids_pets",15.64,"Toni","Gomez","F","062 Carl Dam","Altona","NY",12910,44.8816,-73.6408,2148,"Surveyor, land\/geomatics","1953-05-23","5926dbe7cb1d41967b70479c248ccc87",45.859467,-74.438725,0,1732385282362]]}
[2024-11-23T18:08:14.715+0000] {fraud_detection_dag.py:86} INFO - Données JSON parsées avec succès
[2024-11-23T18:08:14.768+0000] {fraud_detection_dag.py:90} INFO - DataFrame créé avec 1 lignes
[2024-11-23T18:08:14.782+0000] {fraud_detection_dag.py:94} INFO - Colonnes renommées avec succès
[2024-11-23T18:08:14.782+0000] {fraud_detection_dag.py:95} INFO - Colonnes disponibles: ['cc_num', 'merchant', 'category', 'amt', 'first', 'last', 'gender', 'street', 'city', 'state', 'zip', 'lat', 'long', 'city_pop', 'job', 'dob', 'trans_num', 'merch_lat', 'merch_long', 'is_fraud', 'trans_date_trans_time']
[2024-11-23T18:08:14.803+0000] {fraud_detection_dag.py:99} INFO - Conversion de trans_date_trans_time en unix_time réussie
[2024-11-23T18:08:15.068+0000] {fraud_detection_dag.py:108} INFO - Transformation des données...
[2024-11-23T18:08:17.894+0000] {warnings.py:112} WARNING - /home/***/.local/lib/python3.12/site-packages/sklearn/ensemble/_base.py:172: UserWarning: Loky-backed parallel loops cannot be called in a multiprocessing, setting n_jobs=1
  n_jobs = min(effective_n_jobs(n_jobs), n_estimators)

[2024-11-23T18:08:17.948+0000] {warnings.py:112} WARNING - /home/***/.local/lib/python3.12/site-packages/sklearn/ensemble/_base.py:172: UserWarning: Loky-backed parallel loops cannot be called in a multiprocessing, setting n_jobs=1
  n_jobs = min(effective_n_jobs(n_jobs), n_estimators)

[2024-11-23T18:08:17.964+0000] {fraud_detection_dag.py:120} INFO - Prediction de fraude: NORMAL, Probabilité: 31.58%
[2024-11-23T18:08:18.076+0000] {fraud_detection_dag.py:126} INFO - Prédiction: NORMAL (Probabilité: 31.58%)
[2024-11-23T18:08:18.090+0000] {python.py:240} INFO - Done. Returned value was: notify_normal
[2024-11-23T18:08:18.097+0000] {branch.py:38} INFO - Branch into notify_normal
[2024-11-23T18:08:18.098+0000] {skipmixin.py:230} INFO - Following branch ('notify_normal',)
[2024-11-23T18:08:18.140+0000] {skipmixin.py:278} INFO - Skipping tasks [('notify_fraud', -1), ('skip_processing', -1)]
[2024-11-23T18:08:18.311+0000] {taskinstance.py:340} INFO - ::group::Post task execution logs
[2024-11-23T18:08:18.312+0000] {taskinstance.py:352} INFO - Marking task as SUCCESS. dag_id=fraud_detection, task_id=process_transaction, run_id=manual__2024-11-23T18:07:02.731356+00:00, execution_date=20241123T180702, start_date=20241123T180813, end_date=20241123T180818
[2024-11-23T18:08:18.510+0000] {local_task_job_runner.py:266} INFO - Task exited with return code 0
[2024-11-23T18:08:18.557+0000] {taskinstance.py:3900} INFO - 1 downstream tasks scheduled from follow-on schedule check
[2024-11-23T18:08:18.564+0000] {local_task_job_runner.py:245} INFO - ::endgroup::
