[2024-11-23T18:19:33.302+0000] {local_task_job_runner.py:123} INFO - ::group::Pre task execution logs
[2024-11-23T18:19:33.400+0000] {taskinstance.py:2612} INFO - Dependencies all met for dep_context=non-requeueable deps ti=<TaskInstance: fraud_detection.notify_normal manual__2024-11-23T18:18:42.285049+00:00 [queued]>
[2024-11-23T18:19:33.492+0000] {taskinstance.py:2612} INFO - Dependencies all met for dep_context=requeueable deps ti=<TaskInstance: fraud_detection.notify_normal manual__2024-11-23T18:18:42.285049+00:00 [queued]>
[2024-11-23T18:19:33.493+0000] {taskinstance.py:2865} INFO - Starting attempt 1 of 2
[2024-11-23T18:19:33.524+0000] {taskinstance.py:2888} INFO - Executing <Task(PythonOperator): notify_normal> on 2024-11-23 18:18:42.285049+00:00
[2024-11-23T18:19:33.539+0000] {warnings.py:112} WARNING - /home/***/.local/lib/python3.12/site-packages/***/task/task_runner/standard_task_runner.py:70: DeprecationWarning: This process (pid=5096) is multi-threaded, use of fork() may lead to deadlocks in the child.
  pid = os.fork()

[2024-11-23T18:19:33.543+0000] {standard_task_runner.py:72} INFO - Started process 5106 to run task
[2024-11-23T18:19:33.544+0000] {standard_task_runner.py:104} INFO - Running: ['***', 'tasks', 'run', 'fraud_detection', 'notify_normal', 'manual__2024-11-23T18:18:42.285049+00:00', '--job-id', '506', '--raw', '--subdir', 'DAGS_FOLDER/fraud_detection_dag.py', '--cfg-path', '/tmp/tmp7_ifddhc']
[2024-11-23T18:19:33.550+0000] {standard_task_runner.py:105} INFO - Job 506: Subtask notify_normal
[2024-11-23T18:19:33.662+0000] {task_command.py:467} INFO - Running <TaskInstance: fraud_detection.notify_normal manual__2024-11-23T18:18:42.285049+00:00 [running]> on host 345e92ff26bf
[2024-11-23T18:19:33.832+0000] {taskinstance.py:3131} INFO - Exporting env vars: AIRFLOW_CTX_DAG_OWNER='fraud_team' AIRFLOW_CTX_DAG_ID='fraud_detection' AIRFLOW_CTX_TASK_ID='notify_normal' AIRFLOW_CTX_EXECUTION_DATE='2024-11-23T18:18:42.285049+00:00' AIRFLOW_CTX_TRY_NUMBER='1' AIRFLOW_CTX_DAG_RUN_ID='manual__2024-11-23T18:18:42.285049+00:00'
[2024-11-23T18:19:33.836+0000] {taskinstance.py:731} INFO - ::endgroup::
[2024-11-23T18:19:33.917+0000] {fraud_detection_dag.py:144} INFO - Données de transaction récupérées: {"columns":["cc_num","merchant","category","amt","first","last","gender","street","city","state","zip","lat","long","city_pop","job","dob","trans_num","merch_lat","merch_long","is_fraud","current_time"],"index":[102097],"data":[[639046421587,"fraud_Casper, Hand and Zulauf","grocery_pos",94.9,"Dylan","Bonilla","M","2497 John Motorway Suite 922","Leetsdale","PA",15056,40.5662,-80.2099,1140,"Administrator, education","1986-06-20","e13757a29993940a7748272bb9d4fda6",40.03663,-79.837932,0,1732385961809]]}
[2024-11-23T18:19:33.918+0000] {fraud_detection_dag.py:145} INFO - Probabilité de fraude: 0.39871223915086174
[2024-11-23T18:19:33.918+0000] {fraud_detection_dag.py:146} INFO - Est une fraude: False
[2024-11-23T18:19:33.928+0000] {fraud_detection_dag.py:206} INFO - Tentative d'envoi d'email normale...
[2024-11-23T18:19:33.928+0000] {fraud_detection_dag.py:207} INFO - Contenu de l'email:

        ✅ Transaction NORMALE détectée!
        
        Statut: Vert
        Probabilité de fraude: 39.87%
        
        Détails de la transaction:
        --------------------------
        ID Transaction: e13757a29993940a7748272bb9d4fda6
        Montant: 94.90€
        Date/Heure: 2024-11-23 18:19:21
        
        Informations sur le marchand:
        ----------------------------
        Nom: fraud_Casper, Hand and Zulauf
        Ville: Leetsdale
        État: PA
        
        Informations sur le client:
        --------------------------
        Nom: Dylan Bonilla
        Ville: Leetsdale
        
        Cette notification a été générée automatiquement par le système de détection de fraude.
        
[2024-11-23T18:19:37.509+0000] {fraud_detection_dag.py:217} INFO - Email envoyé avec succès
[2024-11-23T18:19:37.510+0000] {python.py:240} INFO - Done. Returned value was: store_normal
[2024-11-23T18:19:37.718+0000] {taskinstance.py:340} INFO - ::group::Post task execution logs
[2024-11-23T18:19:37.720+0000] {taskinstance.py:352} INFO - Marking task as SUCCESS. dag_id=fraud_detection, task_id=notify_normal, run_id=manual__2024-11-23T18:18:42.285049+00:00, execution_date=20241123T181842, start_date=20241123T181933, end_date=20241123T181937
[2024-11-23T18:19:37.783+0000] {local_task_job_runner.py:266} INFO - Task exited with return code 0
[2024-11-23T18:19:37.914+0000] {taskinstance.py:3900} INFO - 1 downstream tasks scheduled from follow-on schedule check
[2024-11-23T18:19:37.923+0000] {local_task_job_runner.py:245} INFO - ::endgroup::
