[2024-11-24T15:21:57.172+0000] {local_task_job_runner.py:123} INFO - ::group::Pre task execution logs
[2024-11-24T15:21:57.264+0000] {taskinstance.py:2612} INFO - Dependencies all met for dep_context=non-requeueable deps ti=<TaskInstance: fraud_detection.process_transaction scheduled__2024-11-24T15:20:00+00:00 [queued]>
[2024-11-24T15:21:57.380+0000] {taskinstance.py:2612} INFO - Dependencies all met for dep_context=requeueable deps ti=<TaskInstance: fraud_detection.process_transaction scheduled__2024-11-24T15:20:00+00:00 [queued]>
[2024-11-24T15:21:57.382+0000] {taskinstance.py:2865} INFO - Starting attempt 1 of 2
[2024-11-24T15:21:57.461+0000] {taskinstance.py:2888} INFO - Executing <Task(BranchPythonOperator): process_transaction> on 2024-11-24 15:20:00+00:00
[2024-11-24T15:21:57.487+0000] {standard_task_runner.py:104} INFO - Running: ['***', 'tasks', 'run', 'fraud_detection', 'process_transaction', 'scheduled__2024-11-24T15:20:00+00:00', '--job-id', '612', '--raw', '--subdir', 'DAGS_FOLDER/fraud_detection_dag.py', '--cfg-path', '/tmp/tmpk3htdqkn']
[2024-11-24T15:21:57.494+0000] {standard_task_runner.py:105} INFO - Job 612: Subtask process_transaction
[2024-11-24T15:21:57.505+0000] {warnings.py:112} WARNING - /home/***/.local/lib/python3.12/site-packages/***/task/task_runner/standard_task_runner.py:70: DeprecationWarning: This process (pid=1109) is multi-threaded, use of fork() may lead to deadlocks in the child.
  pid = os.fork()

[2024-11-24T15:21:57.507+0000] {standard_task_runner.py:72} INFO - Started process 1121 to run task
[2024-11-24T15:21:57.938+0000] {task_command.py:467} INFO - Running <TaskInstance: fraud_detection.process_transaction scheduled__2024-11-24T15:20:00+00:00 [running]> on host 345e92ff26bf
[2024-11-24T15:21:58.424+0000] {taskinstance.py:3131} INFO - Exporting env vars: AIRFLOW_CTX_DAG_OWNER='fraud_team' AIRFLOW_CTX_DAG_ID='fraud_detection' AIRFLOW_CTX_TASK_ID='process_transaction' AIRFLOW_CTX_EXECUTION_DATE='2024-11-24T15:20:00+00:00' AIRFLOW_CTX_TRY_NUMBER='1' AIRFLOW_CTX_DAG_RUN_ID='scheduled__2024-11-24T15:20:00+00:00'
[2024-11-24T15:21:58.431+0000] {taskinstance.py:731} INFO - ::endgroup::
[2024-11-24T15:21:58.475+0000] {baseoperator.py:405} WARNING - BranchPythonOperator.execute cannot be called outside TaskInstance!
[2024-11-24T15:21:58.555+0000] {fraud_detection_dag.py:78} INFO - Données récupérées depuis XCom: {"columns":["cc_num","merchant","category","amt","first","last","gender","street","city","state","zip","lat","long","city_pop","job","dob","trans_num","merch_lat","merch_long","is_fraud","current_time"],"index":[488089],"data":[[30175986190993,"fraud_Klocko, Runolfsdottir and Breitenberg","health_fitness",110.78,"Rebecca","Butler","F","0665 Lisa Alley","Winger","MN",56592,47.5375,-95.9941,516,"Applications developer","1966-06-07","dd97f59c711834ff711a70d882052bf8",46.683989,-96.075147,0,1732461711534]]}
[2024-11-24T15:21:58.561+0000] {fraud_detection_dag.py:86} INFO - Données JSON parsées avec succès
[2024-11-24T15:21:58.566+0000] {fraud_detection_dag.py:90} INFO - DataFrame créé avec 1 lignes
[2024-11-24T15:21:58.569+0000] {fraud_detection_dag.py:94} INFO - Colonnes renommées avec succès
[2024-11-24T15:21:58.569+0000] {fraud_detection_dag.py:95} INFO - Colonnes disponibles: ['cc_num', 'merchant', 'category', 'amt', 'first', 'last', 'gender', 'street', 'city', 'state', 'zip', 'lat', 'long', 'city_pop', 'job', 'dob', 'trans_num', 'merch_lat', 'merch_long', 'is_fraud', 'trans_date_trans_time']
[2024-11-24T15:21:58.575+0000] {fraud_detection_dag.py:99} INFO - Conversion de trans_date_trans_time en unix_time réussie
[2024-11-24T15:21:58.728+0000] {fraud_detection_dag.py:108} INFO - Transformation des données...
[2024-11-24T15:22:00.991+0000] {warnings.py:112} WARNING - /home/***/.local/lib/python3.12/site-packages/sklearn/ensemble/_base.py:172: UserWarning: Loky-backed parallel loops cannot be called in a multiprocessing, setting n_jobs=1
  n_jobs = min(effective_n_jobs(n_jobs), n_estimators)

[2024-11-24T15:22:01.120+0000] {warnings.py:112} WARNING - /home/***/.local/lib/python3.12/site-packages/sklearn/ensemble/_base.py:172: UserWarning: Loky-backed parallel loops cannot be called in a multiprocessing, setting n_jobs=1
  n_jobs = min(effective_n_jobs(n_jobs), n_estimators)

[2024-11-24T15:22:01.164+0000] {fraud_detection_dag.py:120} INFO - Prediction de fraude: NORMAL, Probabilité: 31.24%
[2024-11-24T15:22:01.394+0000] {fraud_detection_dag.py:126} INFO - Prédiction: NORMAL (Probabilité: 31.24%)
[2024-11-24T15:22:01.395+0000] {python.py:240} INFO - Done. Returned value was: notify_normal
[2024-11-24T15:22:01.397+0000] {branch.py:38} INFO - Branch into notify_normal
[2024-11-24T15:22:01.398+0000] {skipmixin.py:230} INFO - Following branch ('notify_normal',)
[2024-11-24T15:22:01.588+0000] {skipmixin.py:278} INFO - Skipping tasks [('skip_processing', -1), ('notify_fraud', -1)]
[2024-11-24T15:22:01.956+0000] {taskinstance.py:340} INFO - ::group::Post task execution logs
[2024-11-24T15:22:01.957+0000] {taskinstance.py:352} INFO - Marking task as SUCCESS. dag_id=fraud_detection, task_id=process_transaction, run_id=scheduled__2024-11-24T15:20:00+00:00, execution_date=20241124T152000, start_date=20241124T152157, end_date=20241124T152201
[2024-11-24T15:22:02.320+0000] {local_task_job_runner.py:266} INFO - Task exited with return code 0
[2024-11-24T15:22:02.751+0000] {standard_task_runner.py:217} INFO - Process not found (most likely exited), stop collecting metrics
[2024-11-24T15:22:03.017+0000] {taskinstance.py:3900} INFO - 1 downstream tasks scheduled from follow-on schedule check
[2024-11-24T15:22:03.134+0000] {local_task_job_runner.py:245} INFO - ::endgroup::
