[2024-11-23T16:58:58.092+0000] {local_task_job_runner.py:123} INFO - ::group::Pre task execution logs
[2024-11-23T16:58:58.182+0000] {taskinstance.py:2612} INFO - Dependencies all met for dep_context=non-requeueable deps ti=<TaskInstance: fraud_detection.process_transaction scheduled__2024-11-23T16:57:00+00:00 [queued]>
[2024-11-23T16:58:58.230+0000] {taskinstance.py:2612} INFO - Dependencies all met for dep_context=requeueable deps ti=<TaskInstance: fraud_detection.process_transaction scheduled__2024-11-23T16:57:00+00:00 [queued]>
[2024-11-23T16:58:58.233+0000] {taskinstance.py:2865} INFO - Starting attempt 1 of 2
[2024-11-23T16:58:58.304+0000] {taskinstance.py:2888} INFO - Executing <Task(BranchPythonOperator): process_transaction> on 2024-11-23 16:57:00+00:00
[2024-11-23T16:58:58.323+0000] {warnings.py:112} WARNING - /home/***/.local/lib/python3.12/site-packages/***/task/task_runner/standard_task_runner.py:70: DeprecationWarning: This process (pid=675) is multi-threaded, use of fork() may lead to deadlocks in the child.
  pid = os.fork()

[2024-11-23T16:58:58.328+0000] {standard_task_runner.py:72} INFO - Started process 681 to run task
[2024-11-23T16:58:58.335+0000] {standard_task_runner.py:104} INFO - Running: ['***', 'tasks', 'run', 'fraud_detection', 'process_transaction', 'scheduled__2024-11-23T16:57:00+00:00', '--job-id', '71', '--raw', '--subdir', 'DAGS_FOLDER/fraud_detection_dag.py', '--cfg-path', '/tmp/tmpb4gddmov']
[2024-11-23T16:58:58.340+0000] {standard_task_runner.py:105} INFO - Job 71: Subtask process_transaction
[2024-11-23T16:58:58.537+0000] {task_command.py:467} INFO - Running <TaskInstance: fraud_detection.process_transaction scheduled__2024-11-23T16:57:00+00:00 [running]> on host 345e92ff26bf
[2024-11-23T16:58:58.848+0000] {taskinstance.py:3131} INFO - Exporting env vars: AIRFLOW_CTX_DAG_OWNER='fraud_team' AIRFLOW_CTX_DAG_ID='fraud_detection' AIRFLOW_CTX_TASK_ID='process_transaction' AIRFLOW_CTX_EXECUTION_DATE='2024-11-23T16:57:00+00:00' AIRFLOW_CTX_TRY_NUMBER='1' AIRFLOW_CTX_DAG_RUN_ID='scheduled__2024-11-23T16:57:00+00:00'
[2024-11-23T16:58:58.850+0000] {taskinstance.py:731} INFO - ::endgroup::
[2024-11-23T16:58:58.891+0000] {baseoperator.py:405} WARNING - BranchPythonOperator.execute cannot be called outside TaskInstance!
[2024-11-23T16:58:58.916+0000] {fraud_detection_dag.py:78} INFO - Données récupérées depuis XCom: {"columns":["cc_num","merchant","category","amt","first","last","gender","street","city","state","zip","lat","long","city_pop","job","dob","trans_num","merch_lat","merch_long","is_fraud","current_time"],"index":[86551],"data":[[2454076758463217,"fraud_Heidenreich PLC","grocery_pos",97.41,"Robert","Andrade","M","27720 Martin Hills","Remer","MN",56672,47.0874,-93.9196,2097,"Insurance risk surveyor","1987-10-27","946de3528536273964f6f60a3ea8fec9",47.566314,-93.708274,0,1732381130280]]}
[2024-11-23T16:58:58.922+0000] {fraud_detection_dag.py:86} INFO - Données JSON parsées avec succès
[2024-11-23T16:58:58.932+0000] {fraud_detection_dag.py:90} INFO - DataFrame créé avec 1 lignes
[2024-11-23T16:58:58.936+0000] {fraud_detection_dag.py:94} INFO - Colonnes renommées avec succès
[2024-11-23T16:58:58.938+0000] {fraud_detection_dag.py:95} INFO - Colonnes disponibles: ['cc_num', 'merchant', 'category', 'amt', 'first', 'last', 'gender', 'street', 'city', 'state', 'zip', 'lat', 'long', 'city_pop', 'job', 'dob', 'trans_num', 'merch_lat', 'merch_long', 'is_fraud', 'trans_date_trans_time']
[2024-11-23T16:58:58.942+0000] {fraud_detection_dag.py:99} INFO - Conversion de trans_date_trans_time en unix_time réussie
[2024-11-23T16:58:59.038+0000] {fraud_detection_dag.py:108} INFO - Transformation des données...
[2024-11-23T16:59:00.720+0000] {warnings.py:112} WARNING - /home/***/.local/lib/python3.12/site-packages/sklearn/ensemble/_base.py:172: UserWarning: Loky-backed parallel loops cannot be called in a multiprocessing, setting n_jobs=1
  n_jobs = min(effective_n_jobs(n_jobs), n_estimators)

[2024-11-23T16:59:00.746+0000] {warnings.py:112} WARNING - /home/***/.local/lib/python3.12/site-packages/sklearn/ensemble/_base.py:172: UserWarning: Loky-backed parallel loops cannot be called in a multiprocessing, setting n_jobs=1
  n_jobs = min(effective_n_jobs(n_jobs), n_estimators)

[2024-11-23T16:59:00.781+0000] {fraud_detection_dag.py:120} INFO - Prediction de fraude: NORMAL, Probabilité: 40.20%
[2024-11-23T16:59:00.937+0000] {fraud_detection_dag.py:126} INFO - Prédiction: NORMAL (Probabilité: 40.20%)
[2024-11-23T16:59:00.939+0000] {python.py:240} INFO - Done. Returned value was: notify_normal
[2024-11-23T16:59:00.943+0000] {branch.py:38} INFO - Branch into notify_normal
[2024-11-23T16:59:00.945+0000] {skipmixin.py:230} INFO - Following branch ('notify_normal',)
[2024-11-23T16:59:00.983+0000] {skipmixin.py:278} INFO - Skipping tasks [('notify_fraud', -1), ('skip_processing', -1)]
[2024-11-23T16:59:01.098+0000] {taskinstance.py:340} INFO - ::group::Post task execution logs
[2024-11-23T16:59:01.101+0000] {taskinstance.py:352} INFO - Marking task as SUCCESS. dag_id=fraud_detection, task_id=process_transaction, run_id=scheduled__2024-11-23T16:57:00+00:00, execution_date=20241123T165700, start_date=20241123T165858, end_date=20241123T165901
[2024-11-23T16:59:01.278+0000] {local_task_job_runner.py:266} INFO - Task exited with return code 0
[2024-11-23T16:59:01.494+0000] {taskinstance.py:3900} INFO - 1 downstream tasks scheduled from follow-on schedule check
[2024-11-23T16:59:01.514+0000] {local_task_job_runner.py:245} INFO - ::endgroup::
