[2024-11-22T19:02:23.583+0000] {local_task_job_runner.py:123} INFO - ::group::Pre task execution logs
[2024-11-22T19:02:23.673+0000] {taskinstance.py:2612} INFO - Dependencies all met for dep_context=non-requeueable deps ti=<TaskInstance: fraud_detection.process_transaction scheduled__2024-11-22T19:00:00+00:00 [queued]>
[2024-11-22T19:02:23.699+0000] {taskinstance.py:2612} INFO - Dependencies all met for dep_context=requeueable deps ti=<TaskInstance: fraud_detection.process_transaction scheduled__2024-11-22T19:00:00+00:00 [queued]>
[2024-11-22T19:02:23.700+0000] {taskinstance.py:2865} INFO - Starting attempt 1 of 2
[2024-11-22T19:02:23.757+0000] {taskinstance.py:2888} INFO - Executing <Task(BranchPythonOperator): process_transaction> on 2024-11-22 19:00:00+00:00
[2024-11-22T19:02:23.818+0000] {warnings.py:112} WARNING - /home/***/.local/lib/python3.12/site-packages/***/task/task_runner/standard_task_runner.py:70: DeprecationWarning: This process (pid=968) is multi-threaded, use of fork() may lead to deadlocks in the child.
  pid = os.fork()

[2024-11-22T19:02:23.820+0000] {standard_task_runner.py:72} INFO - Started process 970 to run task
[2024-11-22T19:02:23.820+0000] {standard_task_runner.py:104} INFO - Running: ['***', 'tasks', 'run', 'fraud_detection', 'process_transaction', 'scheduled__2024-11-22T19:00:00+00:00', '--job-id', '468', '--raw', '--subdir', 'DAGS_FOLDER/fraud_detection_dag.py', '--cfg-path', '/tmp/tmpc9h35vce']
[2024-11-22T19:02:23.826+0000] {standard_task_runner.py:105} INFO - Job 468: Subtask process_transaction
[2024-11-22T19:02:24.136+0000] {task_command.py:467} INFO - Running <TaskInstance: fraud_detection.process_transaction scheduled__2024-11-22T19:00:00+00:00 [running]> on host c6af8dbaf1e5
[2024-11-22T19:02:24.483+0000] {taskinstance.py:3131} INFO - Exporting env vars: AIRFLOW_CTX_DAG_OWNER='fraud_team' AIRFLOW_CTX_DAG_ID='fraud_detection' AIRFLOW_CTX_TASK_ID='process_transaction' AIRFLOW_CTX_EXECUTION_DATE='2024-11-22T19:00:00+00:00' AIRFLOW_CTX_TRY_NUMBER='1' AIRFLOW_CTX_DAG_RUN_ID='scheduled__2024-11-22T19:00:00+00:00'
[2024-11-22T19:02:24.489+0000] {taskinstance.py:731} INFO - ::endgroup::
[2024-11-22T19:02:24.517+0000] {baseoperator.py:405} WARNING - BranchPythonOperator.execute cannot be called outside TaskInstance!
[2024-11-22T19:02:24.594+0000] {fraud_detection_dag.py:77} INFO - Données récupérées depuis XCom: {"columns":["cc_num","merchant","category","amt","first","last","gender","street","city","state","zip","lat","long","city_pop","job","dob","trans_num","merch_lat","merch_long","is_fraud","current_time"],"index":[242247],"data":[[6534628260579800,"fraud_Brown, Homenick and Lesch","health_fitness",13.18,"Christine","Harris","F","29606 Martinez Views Suite 653","Hinesburg","VT",5461,44.3346,-73.098,4542,"Claims inspector\/assessor","1998-03-19","47576f01c4a2c541ad08317399e562c9",44.636009,-72.568293,0,1732302140092]]}
[2024-11-22T19:02:24.595+0000] {fraud_detection_dag.py:85} INFO - Données JSON parsées avec succès
[2024-11-22T19:02:24.611+0000] {fraud_detection_dag.py:89} INFO - DataFrame créé avec 1 lignes
[2024-11-22T19:02:24.613+0000] {fraud_detection_dag.py:93} INFO - Colonnes renommées avec succès
[2024-11-22T19:02:24.613+0000] {fraud_detection_dag.py:94} INFO - Colonnes disponibles: ['cc_num', 'merchant', 'category', 'amt', 'first', 'last', 'gender', 'street', 'city', 'state', 'zip', 'lat', 'long', 'city_pop', 'job', 'dob', 'trans_num', 'merch_lat', 'merch_long', 'is_fraud', 'trans_date_trans_time']
[2024-11-22T19:02:24.616+0000] {fraud_detection_dag.py:98} INFO - Conversion de trans_date_trans_time en unix_time réussie
[2024-11-22T19:02:24.722+0000] {fraud_detection_dag.py:107} INFO - Transformation des données...
[2024-11-22T19:02:26.283+0000] {warnings.py:112} WARNING - /home/***/.local/lib/python3.12/site-packages/sklearn/ensemble/_base.py:172: UserWarning: Loky-backed parallel loops cannot be called in a multiprocessing, setting n_jobs=1
  n_jobs = min(effective_n_jobs(n_jobs), n_estimators)

[2024-11-22T19:02:26.304+0000] {warnings.py:112} WARNING - /home/***/.local/lib/python3.12/site-packages/sklearn/ensemble/_base.py:172: UserWarning: Loky-backed parallel loops cannot be called in a multiprocessing, setting n_jobs=1
  n_jobs = min(effective_n_jobs(n_jobs), n_estimators)

[2024-11-22T19:02:26.308+0000] {fraud_detection_dag.py:119} INFO - Prediction de fraude: NORMAL, Probabilité: 37.38%
[2024-11-22T19:02:26.444+0000] {fraud_detection_dag.py:125} INFO - Prédiction: NORMAL (Probabilité: 37.38%)
[2024-11-22T19:02:26.448+0000] {python.py:240} INFO - Done. Returned value was: notify_normal
[2024-11-22T19:02:26.450+0000] {branch.py:38} INFO - Branch into notify_normal
[2024-11-22T19:02:26.451+0000] {skipmixin.py:230} INFO - Following branch ('notify_normal',)
[2024-11-22T19:02:26.548+0000] {skipmixin.py:278} INFO - Skipping tasks [('skip_processing', -1), ('notify_fraud', -1)]
[2024-11-22T19:02:26.755+0000] {taskinstance.py:340} INFO - ::group::Post task execution logs
[2024-11-22T19:02:26.770+0000] {taskinstance.py:352} INFO - Marking task as SUCCESS. dag_id=fraud_detection, task_id=process_transaction, run_id=scheduled__2024-11-22T19:00:00+00:00, execution_date=20241122T190000, start_date=20241122T190223, end_date=20241122T190226
[2024-11-22T19:02:26.825+0000] {local_task_job_runner.py:266} INFO - Task exited with return code 0
[2024-11-22T19:02:26.882+0000] {taskinstance.py:3900} INFO - 1 downstream tasks scheduled from follow-on schedule check
[2024-11-22T19:02:26.888+0000] {local_task_job_runner.py:245} INFO - ::endgroup::
