[2024-11-23T17:16:49.078+0000] {local_task_job_runner.py:123} INFO - ::group::Pre task execution logs
[2024-11-23T17:16:49.170+0000] {taskinstance.py:2612} INFO - Dependencies all met for dep_context=non-requeueable deps ti=<TaskInstance: fraud_detection.process_transaction scheduled__2024-11-23T17:15:00+00:00 [queued]>
[2024-11-23T17:16:49.195+0000] {taskinstance.py:2612} INFO - Dependencies all met for dep_context=requeueable deps ti=<TaskInstance: fraud_detection.process_transaction scheduled__2024-11-23T17:15:00+00:00 [queued]>
[2024-11-23T17:16:49.196+0000] {taskinstance.py:2865} INFO - Starting attempt 1 of 2
[2024-11-23T17:16:49.250+0000] {taskinstance.py:2888} INFO - Executing <Task(BranchPythonOperator): process_transaction> on 2024-11-23 17:15:00+00:00
[2024-11-23T17:16:49.277+0000] {warnings.py:112} WARNING - /home/***/.local/lib/python3.12/site-packages/***/task/task_runner/standard_task_runner.py:70: DeprecationWarning: This process (pid=1861) is multi-threaded, use of fork() may lead to deadlocks in the child.
  pid = os.fork()

[2024-11-23T17:16:49.280+0000] {standard_task_runner.py:72} INFO - Started process 1866 to run task
[2024-11-23T17:16:49.285+0000] {standard_task_runner.py:104} INFO - Running: ['***', 'tasks', 'run', 'fraud_detection', 'process_transaction', 'scheduled__2024-11-23T17:15:00+00:00', '--job-id', '186', '--raw', '--subdir', 'DAGS_FOLDER/fraud_detection_dag.py', '--cfg-path', '/tmp/tmpd3teoru6']
[2024-11-23T17:16:49.296+0000] {standard_task_runner.py:105} INFO - Job 186: Subtask process_transaction
[2024-11-23T17:16:49.480+0000] {task_command.py:467} INFO - Running <TaskInstance: fraud_detection.process_transaction scheduled__2024-11-23T17:15:00+00:00 [running]> on host 345e92ff26bf
[2024-11-23T17:16:50.230+0000] {taskinstance.py:3131} INFO - Exporting env vars: AIRFLOW_CTX_DAG_OWNER='fraud_team' AIRFLOW_CTX_DAG_ID='fraud_detection' AIRFLOW_CTX_TASK_ID='process_transaction' AIRFLOW_CTX_EXECUTION_DATE='2024-11-23T17:15:00+00:00' AIRFLOW_CTX_TRY_NUMBER='1' AIRFLOW_CTX_DAG_RUN_ID='scheduled__2024-11-23T17:15:00+00:00'
[2024-11-23T17:16:50.243+0000] {taskinstance.py:731} INFO - ::endgroup::
[2024-11-23T17:16:50.309+0000] {baseoperator.py:405} WARNING - BranchPythonOperator.execute cannot be called outside TaskInstance!
[2024-11-23T17:16:50.422+0000] {fraud_detection_dag.py:78} INFO - Données récupérées depuis XCom: {"columns":["cc_num","merchant","category","amt","first","last","gender","street","city","state","zip","lat","long","city_pop","job","dob","trans_num","merch_lat","merch_long","is_fraud","current_time"],"index":[476434],"data":[[2283743876903625,"fraud_Douglas-White","entertainment",8.66,"Shannon","Williams","F","9345 Spencer Junctions Suite 183","Alpharetta","GA",30009,34.077,-84.3033,165556,"Prison officer","1997-12-27","87accef8454766e6138ce45cffdf34b4",33.149984,-83.914275,0,1732382202493]]}
[2024-11-23T17:16:50.520+0000] {fraud_detection_dag.py:86} INFO - Données JSON parsées avec succès
[2024-11-23T17:16:50.551+0000] {fraud_detection_dag.py:90} INFO - DataFrame créé avec 1 lignes
[2024-11-23T17:16:50.556+0000] {fraud_detection_dag.py:94} INFO - Colonnes renommées avec succès
[2024-11-23T17:16:50.563+0000] {fraud_detection_dag.py:95} INFO - Colonnes disponibles: ['cc_num', 'merchant', 'category', 'amt', 'first', 'last', 'gender', 'street', 'city', 'state', 'zip', 'lat', 'long', 'city_pop', 'job', 'dob', 'trans_num', 'merch_lat', 'merch_long', 'is_fraud', 'trans_date_trans_time']
[2024-11-23T17:16:50.663+0000] {fraud_detection_dag.py:99} INFO - Conversion de trans_date_trans_time en unix_time réussie
[2024-11-23T17:16:50.863+0000] {fraud_detection_dag.py:108} INFO - Transformation des données...
[2024-11-23T17:16:53.221+0000] {warnings.py:112} WARNING - /home/***/.local/lib/python3.12/site-packages/sklearn/ensemble/_base.py:172: UserWarning: Loky-backed parallel loops cannot be called in a multiprocessing, setting n_jobs=1
  n_jobs = min(effective_n_jobs(n_jobs), n_estimators)

[2024-11-23T17:16:53.294+0000] {warnings.py:112} WARNING - /home/***/.local/lib/python3.12/site-packages/sklearn/ensemble/_base.py:172: UserWarning: Loky-backed parallel loops cannot be called in a multiprocessing, setting n_jobs=1
  n_jobs = min(effective_n_jobs(n_jobs), n_estimators)

[2024-11-23T17:16:53.319+0000] {fraud_detection_dag.py:120} INFO - Prediction de fraude: NORMAL, Probabilité: 37.93%
[2024-11-23T17:16:53.516+0000] {fraud_detection_dag.py:126} INFO - Prédiction: NORMAL (Probabilité: 37.93%)
[2024-11-23T17:16:53.527+0000] {python.py:240} INFO - Done. Returned value was: notify_normal
[2024-11-23T17:16:53.528+0000] {branch.py:38} INFO - Branch into notify_normal
[2024-11-23T17:16:53.530+0000] {skipmixin.py:230} INFO - Following branch ('notify_normal',)
[2024-11-23T17:16:53.635+0000] {skipmixin.py:278} INFO - Skipping tasks [('notify_fraud', -1), ('skip_processing', -1)]
[2024-11-23T17:16:53.917+0000] {taskinstance.py:340} INFO - ::group::Post task execution logs
[2024-11-23T17:16:53.919+0000] {taskinstance.py:352} INFO - Marking task as SUCCESS. dag_id=fraud_detection, task_id=process_transaction, run_id=scheduled__2024-11-23T17:15:00+00:00, execution_date=20241123T171500, start_date=20241123T171649, end_date=20241123T171653
[2024-11-23T17:16:54.123+0000] {local_task_job_runner.py:266} INFO - Task exited with return code 0
[2024-11-23T17:16:54.311+0000] {standard_task_runner.py:217} INFO - Process not found (most likely exited), stop collecting metrics
[2024-11-23T17:16:54.377+0000] {taskinstance.py:3900} INFO - 1 downstream tasks scheduled from follow-on schedule check
[2024-11-23T17:16:54.397+0000] {local_task_job_runner.py:245} INFO - ::endgroup::
