[2024-11-24T15:11:47.149+0000] {local_task_job_runner.py:123} INFO - ::group::Pre task execution logs
[2024-11-24T15:11:47.200+0000] {taskinstance.py:2612} INFO - Dependencies all met for dep_context=non-requeueable deps ti=<TaskInstance: fraud_detection.process_transaction scheduled__2024-11-24T15:09:00+00:00 [queued]>
[2024-11-24T15:11:47.239+0000] {taskinstance.py:2612} INFO - Dependencies all met for dep_context=requeueable deps ti=<TaskInstance: fraud_detection.process_transaction scheduled__2024-11-24T15:09:00+00:00 [queued]>
[2024-11-24T15:11:47.243+0000] {taskinstance.py:2865} INFO - Starting attempt 1 of 2
[2024-11-24T15:11:47.287+0000] {taskinstance.py:2888} INFO - Executing <Task(BranchPythonOperator): process_transaction> on 2024-11-24 15:09:00+00:00
[2024-11-24T15:11:47.347+0000] {warnings.py:112} WARNING - /home/***/.local/lib/python3.12/site-packages/***/task/task_runner/standard_task_runner.py:70: DeprecationWarning: This process (pid=283) is multi-threaded, use of fork() may lead to deadlocks in the child.
  pid = os.fork()

[2024-11-24T15:11:47.363+0000] {standard_task_runner.py:72} INFO - Started process 296 to run task
[2024-11-24T15:11:47.368+0000] {standard_task_runner.py:104} INFO - Running: ['***', 'tasks', 'run', 'fraud_detection', 'process_transaction', 'scheduled__2024-11-24T15:09:00+00:00', '--job-id', '530', '--raw', '--subdir', 'DAGS_FOLDER/fraud_detection_dag.py', '--cfg-path', '/tmp/tmpikmhx0_c']
[2024-11-24T15:11:47.371+0000] {standard_task_runner.py:105} INFO - Job 530: Subtask process_transaction
[2024-11-24T15:11:47.748+0000] {task_command.py:467} INFO - Running <TaskInstance: fraud_detection.process_transaction scheduled__2024-11-24T15:09:00+00:00 [running]> on host 345e92ff26bf
[2024-11-24T15:11:48.550+0000] {taskinstance.py:3131} INFO - Exporting env vars: AIRFLOW_CTX_DAG_OWNER='fraud_team' AIRFLOW_CTX_DAG_ID='fraud_detection' AIRFLOW_CTX_TASK_ID='process_transaction' AIRFLOW_CTX_EXECUTION_DATE='2024-11-24T15:09:00+00:00' AIRFLOW_CTX_TRY_NUMBER='1' AIRFLOW_CTX_DAG_RUN_ID='scheduled__2024-11-24T15:09:00+00:00'
[2024-11-24T15:11:48.556+0000] {taskinstance.py:731} INFO - ::endgroup::
[2024-11-24T15:11:48.598+0000] {baseoperator.py:405} WARNING - BranchPythonOperator.execute cannot be called outside TaskInstance!
[2024-11-24T15:11:48.769+0000] {fraud_detection_dag.py:78} INFO - Données récupérées depuis XCom: {"columns":["cc_num","merchant","category","amt","first","last","gender","street","city","state","zip","lat","long","city_pop","job","dob","trans_num","merch_lat","merch_long","is_fraud","current_time"],"index":[197395],"data":[[370612217861404,"fraud_Heller, Gutmann and Zieme","grocery_pos",201.96,"Amanda","Fitzgerald","F","298 Kayla Lights","Bristol","PA",19007,40.1159,-74.8536,21125,"Administrator, charities\/voluntary organisations","1985-05-25","69e4cb99af6aefcb31b90ccc5d17f083",39.430978,-74.68603,0,1732461098347]]}
[2024-11-24T15:11:48.771+0000] {fraud_detection_dag.py:86} INFO - Données JSON parsées avec succès
[2024-11-24T15:11:48.817+0000] {fraud_detection_dag.py:90} INFO - DataFrame créé avec 1 lignes
[2024-11-24T15:11:48.887+0000] {fraud_detection_dag.py:94} INFO - Colonnes renommées avec succès
[2024-11-24T15:11:48.903+0000] {fraud_detection_dag.py:95} INFO - Colonnes disponibles: ['cc_num', 'merchant', 'category', 'amt', 'first', 'last', 'gender', 'street', 'city', 'state', 'zip', 'lat', 'long', 'city_pop', 'job', 'dob', 'trans_num', 'merch_lat', 'merch_long', 'is_fraud', 'trans_date_trans_time']
[2024-11-24T15:11:48.943+0000] {fraud_detection_dag.py:99} INFO - Conversion de trans_date_trans_time en unix_time réussie
[2024-11-24T15:11:49.427+0000] {fraud_detection_dag.py:108} INFO - Transformation des données...
[2024-11-24T15:11:54.626+0000] {warnings.py:112} WARNING - /home/***/.local/lib/python3.12/site-packages/sklearn/ensemble/_base.py:172: UserWarning: Loky-backed parallel loops cannot be called in a multiprocessing, setting n_jobs=1
  n_jobs = min(effective_n_jobs(n_jobs), n_estimators)

[2024-11-24T15:11:54.756+0000] {warnings.py:112} WARNING - /home/***/.local/lib/python3.12/site-packages/sklearn/ensemble/_base.py:172: UserWarning: Loky-backed parallel loops cannot be called in a multiprocessing, setting n_jobs=1
  n_jobs = min(effective_n_jobs(n_jobs), n_estimators)

[2024-11-24T15:11:54.875+0000] {fraud_detection_dag.py:120} INFO - Prediction de fraude: NORMAL, Probabilité: 41.63%
[2024-11-24T15:11:55.273+0000] {fraud_detection_dag.py:126} INFO - Prédiction: NORMAL (Probabilité: 41.63%)
[2024-11-24T15:11:55.313+0000] {python.py:240} INFO - Done. Returned value was: notify_normal
[2024-11-24T15:11:55.320+0000] {branch.py:38} INFO - Branch into notify_normal
[2024-11-24T15:11:55.776+0000] {skipmixin.py:230} INFO - Following branch ('notify_normal',)
[2024-11-24T15:11:56.090+0000] {skipmixin.py:278} INFO - Skipping tasks [('skip_processing', -1), ('notify_fraud', -1)]
[2024-11-24T15:11:56.594+0000] {taskinstance.py:340} INFO - ::group::Post task execution logs
[2024-11-24T15:11:56.595+0000] {taskinstance.py:352} INFO - Marking task as SUCCESS. dag_id=fraud_detection, task_id=process_transaction, run_id=scheduled__2024-11-24T15:09:00+00:00, execution_date=20241124T150900, start_date=20241124T151147, end_date=20241124T151156
[2024-11-24T15:11:56.869+0000] {local_task_job_runner.py:266} INFO - Task exited with return code 0
[2024-11-24T15:11:57.395+0000] {standard_task_runner.py:217} INFO - Process not found (most likely exited), stop collecting metrics
[2024-11-24T15:11:57.558+0000] {taskinstance.py:3900} INFO - 1 downstream tasks scheduled from follow-on schedule check
[2024-11-24T15:11:57.621+0000] {local_task_job_runner.py:245} INFO - ::endgroup::
