[2024-11-23T17:00:06.486+0000] {local_task_job_runner.py:123} INFO - ::group::Pre task execution logs
[2024-11-23T17:00:06.601+0000] {taskinstance.py:2612} INFO - Dependencies all met for dep_context=non-requeueable deps ti=<TaskInstance: fraud_detection.notify_normal scheduled__2024-11-23T16:58:00+00:00 [queued]>
[2024-11-23T17:00:06.713+0000] {taskinstance.py:2612} INFO - Dependencies all met for dep_context=requeueable deps ti=<TaskInstance: fraud_detection.notify_normal scheduled__2024-11-23T16:58:00+00:00 [queued]>
[2024-11-23T17:00:06.714+0000] {taskinstance.py:2865} INFO - Starting attempt 1 of 2
[2024-11-23T17:00:06.792+0000] {taskinstance.py:2888} INFO - Executing <Task(PythonOperator): notify_normal> on 2024-11-23 16:58:00+00:00
[2024-11-23T17:00:06.870+0000] {warnings.py:112} WARNING - /home/***/.local/lib/python3.12/site-packages/***/task/task_runner/standard_task_runner.py:70: DeprecationWarning: This process (pid=757) is multi-threaded, use of fork() may lead to deadlocks in the child.
  pid = os.fork()

[2024-11-23T17:00:06.885+0000] {standard_task_runner.py:72} INFO - Started process 770 to run task
[2024-11-23T17:00:06.882+0000] {standard_task_runner.py:104} INFO - Running: ['***', 'tasks', 'run', 'fraud_detection', 'notify_normal', 'scheduled__2024-11-23T16:58:00+00:00', '--job-id', '79', '--raw', '--subdir', 'DAGS_FOLDER/fraud_detection_dag.py', '--cfg-path', '/tmp/tmp6ylia56x']
[2024-11-23T17:00:06.895+0000] {standard_task_runner.py:105} INFO - Job 79: Subtask notify_normal
[2024-11-23T17:00:07.270+0000] {task_command.py:467} INFO - Running <TaskInstance: fraud_detection.notify_normal scheduled__2024-11-23T16:58:00+00:00 [running]> on host 345e92ff26bf
[2024-11-23T17:00:07.506+0000] {taskinstance.py:3131} INFO - Exporting env vars: AIRFLOW_CTX_DAG_OWNER='fraud_team' AIRFLOW_CTX_DAG_ID='fraud_detection' AIRFLOW_CTX_TASK_ID='notify_normal' AIRFLOW_CTX_EXECUTION_DATE='2024-11-23T16:58:00+00:00' AIRFLOW_CTX_TRY_NUMBER='1' AIRFLOW_CTX_DAG_RUN_ID='scheduled__2024-11-23T16:58:00+00:00'
[2024-11-23T17:00:07.508+0000] {taskinstance.py:731} INFO - ::endgroup::
[2024-11-23T17:00:07.767+0000] {fraud_detection_dag.py:219} INFO - Données de transaction récupérées: {"columns":["cc_num","merchant","category","amt","first","last","gender","street","city","state","zip","lat","long","city_pop","job","dob","trans_num","merch_lat","merch_long","is_fraud","current_time"],"index":[29014],"data":[[3577578023716568,"fraud_Kling-Ernser","entertainment",136.34,"Debbie","Hughes","F","0182 Owens Burgs Suite 480","Diamond","OH",44412,41.0935,-81.0425,2644,"Engineer, biomedical","1983-08-25","5ab7a2104500da90d88c34f8fb6ffd7a",41.146549,-81.843106,0,1732381187990]]}
[2024-11-23T17:00:07.768+0000] {fraud_detection_dag.py:220} INFO - Probabilité de fraude: 0.3934692753327495
[2024-11-23T17:00:07.774+0000] {fraud_detection_dag.py:221} INFO - Est une fraude: False
[2024-11-23T17:00:07.795+0000] {fraud_detection_dag.py:281} INFO - Tentative d'envoi d'email normale...
[2024-11-23T17:00:07.796+0000] {fraud_detection_dag.py:282} INFO - Contenu de l'email:

        ✅ Transaction NORMALE détectée!
        
        Statut: Vert
        Probabilité de fraude: 39.35%
        
        Détails de la transaction:
        --------------------------
        ID Transaction: 5ab7a2104500da90d88c34f8fb6ffd7a
        Montant: 136.34€
        Date/Heure: 2024-11-23 16:59:47
        
        Informations sur le marchand:
        ----------------------------
        Nom: fraud_Kling-Ernser
        Ville: Diamond
        État: OH
        
        Informations sur le client:
        --------------------------
        Nom: Debbie Hughes
        Ville: Diamond
        
        Cette notification a été générée automatiquement par le système de détection de fraude.
        
[2024-11-23T17:00:09.333+0000] {fraud_detection_dag.py:292} INFO - Email envoyé avec succès
[2024-11-23T17:00:09.337+0000] {python.py:240} INFO - Done. Returned value was: store_normal
[2024-11-23T17:00:09.423+0000] {taskinstance.py:340} INFO - ::group::Post task execution logs
[2024-11-23T17:00:09.430+0000] {taskinstance.py:352} INFO - Marking task as SUCCESS. dag_id=fraud_detection, task_id=notify_normal, run_id=scheduled__2024-11-23T16:58:00+00:00, execution_date=20241123T165800, start_date=20241123T170006, end_date=20241123T170009
[2024-11-23T17:00:09.538+0000] {local_task_job_runner.py:266} INFO - Task exited with return code 0
[2024-11-23T17:00:09.705+0000] {taskinstance.py:3900} INFO - 1 downstream tasks scheduled from follow-on schedule check
[2024-11-23T17:00:09.721+0000] {local_task_job_runner.py:245} INFO - ::endgroup::
