[2024-11-22T19:07:15.753+0000] {local_task_job_runner.py:123} INFO - ::group::Pre task execution logs
[2024-11-22T19:07:15.797+0000] {taskinstance.py:2612} INFO - Dependencies all met for dep_context=non-requeueable deps ti=<TaskInstance: fraud_detection.notify_normal scheduled__2024-11-22T19:05:00+00:00 [queued]>
[2024-11-22T19:07:15.817+0000] {taskinstance.py:2612} INFO - Dependencies all met for dep_context=requeueable deps ti=<TaskInstance: fraud_detection.notify_normal scheduled__2024-11-22T19:05:00+00:00 [queued]>
[2024-11-22T19:07:15.817+0000] {taskinstance.py:2865} INFO - Starting attempt 1 of 2
[2024-11-22T19:07:15.846+0000] {taskinstance.py:2888} INFO - Executing <Task(PythonOperator): notify_normal> on 2024-11-22 19:05:00+00:00
[2024-11-22T19:07:15.855+0000] {warnings.py:112} WARNING - /home/***/.local/lib/python3.12/site-packages/***/task/task_runner/standard_task_runner.py:70: DeprecationWarning: This process (pid=1164) is multi-threaded, use of fork() may lead to deadlocks in the child.
  pid = os.fork()

[2024-11-22T19:07:15.857+0000] {standard_task_runner.py:72} INFO - Started process 1166 to run task
[2024-11-22T19:07:15.858+0000] {standard_task_runner.py:104} INFO - Running: ['***', 'tasks', 'run', 'fraud_detection', 'notify_normal', 'scheduled__2024-11-22T19:05:00+00:00', '--job-id', '494', '--raw', '--subdir', 'DAGS_FOLDER/fraud_detection_dag.py', '--cfg-path', '/tmp/tmpgdlrs5jp']
[2024-11-22T19:07:15.861+0000] {standard_task_runner.py:105} INFO - Job 494: Subtask notify_normal
[2024-11-22T19:07:15.944+0000] {task_command.py:467} INFO - Running <TaskInstance: fraud_detection.notify_normal scheduled__2024-11-22T19:05:00+00:00 [running]> on host c6af8dbaf1e5
[2024-11-22T19:07:16.095+0000] {taskinstance.py:3131} INFO - Exporting env vars: AIRFLOW_CTX_DAG_OWNER='fraud_team' AIRFLOW_CTX_DAG_ID='fraud_detection' AIRFLOW_CTX_TASK_ID='notify_normal' AIRFLOW_CTX_EXECUTION_DATE='2024-11-22T19:05:00+00:00' AIRFLOW_CTX_TRY_NUMBER='1' AIRFLOW_CTX_DAG_RUN_ID='scheduled__2024-11-22T19:05:00+00:00'
[2024-11-22T19:07:16.100+0000] {taskinstance.py:731} INFO - ::endgroup::
[2024-11-22T19:07:16.169+0000] {fraud_detection_dag.py:218} INFO - Données de transaction récupérées: {"columns":["cc_num","merchant","category","amt","first","last","gender","street","city","state","zip","lat","long","city_pop","job","dob","trans_num","merch_lat","merch_long","is_fraud","current_time"],"index":[283963],"data":[[3501942333500073,"fraud_Kilback LLC","food_dining",2.57,"Lori","Bishop","F","08056 Alvarado Club Suite 699","Phoenix","AZ",85086,33.8155,-112.1202,1312922,"Counselling psychologist","1999-11-30","f68761e58bcdc0a9da67d39388c44931",34.473699,-112.09561,0,1732302429260]]}
[2024-11-22T19:07:16.170+0000] {fraud_detection_dag.py:219} INFO - Probabilité de fraude: 0.3594167753972225
[2024-11-22T19:07:16.171+0000] {fraud_detection_dag.py:220} INFO - Est une fraude: False
[2024-11-22T19:07:16.178+0000] {fraud_detection_dag.py:280} INFO - Tentative d'envoi d'email normale...
[2024-11-22T19:07:16.179+0000] {fraud_detection_dag.py:281} INFO - Contenu de l'email:

        ✅ Transaction NORMALE détectée!
        
        Statut: Vert
        Probabilité de fraude: 35.94%
        
        Détails de la transaction:
        --------------------------
        ID Transaction: f68761e58bcdc0a9da67d39388c44931
        Montant: 2.57€
        Date/Heure: 2024-11-22 19:07:09
        
        Informations sur le marchand:
        ----------------------------
        Nom: fraud_Kilback LLC
        Ville: Phoenix
        État: AZ
        
        Informations sur le client:
        --------------------------
        Nom: Lori Bishop
        Ville: Phoenix
        
        Cette notification a été générée automatiquement par le système de détection de fraude.
        
[2024-11-22T19:07:23.315+0000] {fraud_detection_dag.py:291} INFO - Email envoyé avec succès
[2024-11-22T19:07:23.317+0000] {python.py:240} INFO - Done. Returned value was: store_normal
[2024-11-22T19:07:23.374+0000] {taskinstance.py:340} INFO - ::group::Post task execution logs
[2024-11-22T19:07:23.376+0000] {taskinstance.py:352} INFO - Marking task as SUCCESS. dag_id=fraud_detection, task_id=notify_normal, run_id=scheduled__2024-11-22T19:05:00+00:00, execution_date=20241122T190500, start_date=20241122T190715, end_date=20241122T190723
[2024-11-22T19:07:23.433+0000] {local_task_job_runner.py:266} INFO - Task exited with return code 0
[2024-11-22T19:07:23.459+0000] {taskinstance.py:3900} INFO - 1 downstream tasks scheduled from follow-on schedule check
[2024-11-22T19:07:23.465+0000] {local_task_job_runner.py:245} INFO - ::endgroup::
