[2024-11-23T18:18:57.786+0000] {local_task_job_runner.py:123} INFO - ::group::Pre task execution logs
[2024-11-23T18:18:57.834+0000] {taskinstance.py:2612} INFO - Dependencies all met for dep_context=non-requeueable deps ti=<TaskInstance: fraud_detection.process_transaction scheduled__2024-11-23T18:13:00+00:00 [queued]>
[2024-11-23T18:18:57.861+0000] {taskinstance.py:2612} INFO - Dependencies all met for dep_context=requeueable deps ti=<TaskInstance: fraud_detection.process_transaction scheduled__2024-11-23T18:13:00+00:00 [queued]>
[2024-11-23T18:18:57.863+0000] {taskinstance.py:2865} INFO - Starting attempt 1 of 2
[2024-11-23T18:18:57.936+0000] {taskinstance.py:2888} INFO - Executing <Task(BranchPythonOperator): process_transaction> on 2024-11-23 18:13:00+00:00
[2024-11-23T18:18:57.989+0000] {warnings.py:112} WARNING - /home/***/.local/lib/python3.12/site-packages/***/task/task_runner/standard_task_runner.py:70: DeprecationWarning: This process (pid=5012) is multi-threaded, use of fork() may lead to deadlocks in the child.
  pid = os.fork()

[2024-11-23T18:18:57.996+0000] {standard_task_runner.py:72} INFO - Started process 5021 to run task
[2024-11-23T18:18:58.002+0000] {standard_task_runner.py:104} INFO - Running: ['***', 'tasks', 'run', 'fraud_detection', 'process_transaction', 'scheduled__2024-11-23T18:13:00+00:00', '--job-id', '495', '--raw', '--subdir', 'DAGS_FOLDER/fraud_detection_dag.py', '--cfg-path', '/tmp/tmp3wcfps6v']
[2024-11-23T18:18:58.010+0000] {standard_task_runner.py:105} INFO - Job 495: Subtask process_transaction
[2024-11-23T18:18:58.211+0000] {task_command.py:467} INFO - Running <TaskInstance: fraud_detection.process_transaction scheduled__2024-11-23T18:13:00+00:00 [running]> on host 345e92ff26bf
[2024-11-23T18:18:58.534+0000] {taskinstance.py:3131} INFO - Exporting env vars: AIRFLOW_CTX_DAG_OWNER='fraud_team' AIRFLOW_CTX_DAG_ID='fraud_detection' AIRFLOW_CTX_TASK_ID='process_transaction' AIRFLOW_CTX_EXECUTION_DATE='2024-11-23T18:13:00+00:00' AIRFLOW_CTX_TRY_NUMBER='1' AIRFLOW_CTX_DAG_RUN_ID='scheduled__2024-11-23T18:13:00+00:00'
[2024-11-23T18:18:58.537+0000] {taskinstance.py:731} INFO - ::endgroup::
[2024-11-23T18:18:58.562+0000] {baseoperator.py:405} WARNING - BranchPythonOperator.execute cannot be called outside TaskInstance!
[2024-11-23T18:18:58.598+0000] {fraud_detection_dag.py:78} INFO - Données récupérées depuis XCom: {"columns":["cc_num","merchant","category","amt","first","last","gender","street","city","state","zip","lat","long","city_pop","job","dob","trans_num","merch_lat","merch_long","is_fraud","current_time"],"index":[216103],"data":[[343746486082492,"fraud_Olson, Becker and Koch","gas_transport",72.36,"Jeffrey","Munoz","M","836 Stephanie Union","Cedar","MI",49621,44.8605,-85.8138,3096,"Social research officer, government","1975-10-11","109fb23ac216484a9109694f0d9ba43c",45.645235,-85.539137,0,1732385932804]]}
[2024-11-23T18:18:58.599+0000] {fraud_detection_dag.py:86} INFO - Données JSON parsées avec succès
[2024-11-23T18:18:58.634+0000] {fraud_detection_dag.py:90} INFO - DataFrame créé avec 1 lignes
[2024-11-23T18:18:58.638+0000] {fraud_detection_dag.py:94} INFO - Colonnes renommées avec succès
[2024-11-23T18:18:58.638+0000] {fraud_detection_dag.py:95} INFO - Colonnes disponibles: ['cc_num', 'merchant', 'category', 'amt', 'first', 'last', 'gender', 'street', 'city', 'state', 'zip', 'lat', 'long', 'city_pop', 'job', 'dob', 'trans_num', 'merch_lat', 'merch_long', 'is_fraud', 'trans_date_trans_time']
[2024-11-23T18:18:58.642+0000] {fraud_detection_dag.py:99} INFO - Conversion de trans_date_trans_time en unix_time réussie
[2024-11-23T18:18:58.745+0000] {fraud_detection_dag.py:108} INFO - Transformation des données...
[2024-11-23T18:19:00.402+0000] {warnings.py:112} WARNING - /home/***/.local/lib/python3.12/site-packages/sklearn/ensemble/_base.py:172: UserWarning: Loky-backed parallel loops cannot be called in a multiprocessing, setting n_jobs=1
  n_jobs = min(effective_n_jobs(n_jobs), n_estimators)

[2024-11-23T18:19:00.432+0000] {warnings.py:112} WARNING - /home/***/.local/lib/python3.12/site-packages/sklearn/ensemble/_base.py:172: UserWarning: Loky-backed parallel loops cannot be called in a multiprocessing, setting n_jobs=1
  n_jobs = min(effective_n_jobs(n_jobs), n_estimators)

[2024-11-23T18:19:00.444+0000] {fraud_detection_dag.py:120} INFO - Prediction de fraude: NORMAL, Probabilité: 37.40%
[2024-11-23T18:19:00.486+0000] {fraud_detection_dag.py:126} INFO - Prédiction: NORMAL (Probabilité: 37.40%)
[2024-11-23T18:19:00.490+0000] {python.py:240} INFO - Done. Returned value was: notify_normal
[2024-11-23T18:19:00.492+0000] {branch.py:38} INFO - Branch into notify_normal
[2024-11-23T18:19:00.493+0000] {skipmixin.py:230} INFO - Following branch ('notify_normal',)
[2024-11-23T18:19:00.511+0000] {skipmixin.py:278} INFO - Skipping tasks [('notify_fraud', -1), ('skip_processing', -1)]
[2024-11-23T18:19:01.492+0000] {taskinstance.py:340} INFO - ::group::Post task execution logs
[2024-11-23T18:19:01.493+0000] {taskinstance.py:352} INFO - Marking task as SUCCESS. dag_id=fraud_detection, task_id=process_transaction, run_id=scheduled__2024-11-23T18:13:00+00:00, execution_date=20241123T181300, start_date=20241123T181857, end_date=20241123T181901
[2024-11-23T18:19:01.568+0000] {local_task_job_runner.py:266} INFO - Task exited with return code 0
[2024-11-23T18:19:01.669+0000] {local_task_job_runner.py:245} INFO - ::endgroup::
