[2024-11-23T18:11:44.262+0000] {local_task_job_runner.py:123} INFO - ::group::Pre task execution logs
[2024-11-23T18:11:44.292+0000] {taskinstance.py:2612} INFO - Dependencies all met for dep_context=non-requeueable deps ti=<TaskInstance: fraud_detection.notify_normal scheduled__2024-11-23T18:10:00+00:00 [queued]>
[2024-11-23T18:11:44.329+0000] {taskinstance.py:2612} INFO - Dependencies all met for dep_context=requeueable deps ti=<TaskInstance: fraud_detection.notify_normal scheduled__2024-11-23T18:10:00+00:00 [queued]>
[2024-11-23T18:11:44.330+0000] {taskinstance.py:2865} INFO - Starting attempt 1 of 2
[2024-11-23T18:11:44.357+0000] {taskinstance.py:2888} INFO - Executing <Task(PythonOperator): notify_normal> on 2024-11-23 18:10:00+00:00
[2024-11-23T18:11:44.379+0000] {warnings.py:112} WARNING - /home/***/.local/lib/python3.12/site-packages/***/task/task_runner/standard_task_runner.py:70: DeprecationWarning: This process (pid=4770) is multi-threaded, use of fork() may lead to deadlocks in the child.
  pid = os.fork()

[2024-11-23T18:11:44.382+0000] {standard_task_runner.py:72} INFO - Started process 4775 to run task
[2024-11-23T18:11:44.384+0000] {standard_task_runner.py:104} INFO - Running: ['***', 'tasks', 'run', 'fraud_detection', 'notify_normal', 'scheduled__2024-11-23T18:10:00+00:00', '--job-id', '476', '--raw', '--subdir', 'DAGS_FOLDER/fraud_detection_dag.py', '--cfg-path', '/tmp/tmp6r2swwgu']
[2024-11-23T18:11:44.389+0000] {standard_task_runner.py:105} INFO - Job 476: Subtask notify_normal
[2024-11-23T18:11:44.467+0000] {task_command.py:467} INFO - Running <TaskInstance: fraud_detection.notify_normal scheduled__2024-11-23T18:10:00+00:00 [running]> on host 345e92ff26bf
[2024-11-23T18:11:44.929+0000] {taskinstance.py:3131} INFO - Exporting env vars: AIRFLOW_CTX_DAG_OWNER='fraud_team' AIRFLOW_CTX_DAG_ID='fraud_detection' AIRFLOW_CTX_TASK_ID='notify_normal' AIRFLOW_CTX_EXECUTION_DATE='2024-11-23T18:10:00+00:00' AIRFLOW_CTX_TRY_NUMBER='1' AIRFLOW_CTX_DAG_RUN_ID='scheduled__2024-11-23T18:10:00+00:00'
[2024-11-23T18:11:44.943+0000] {taskinstance.py:731} INFO - ::endgroup::
[2024-11-23T18:11:45.037+0000] {fraud_detection_dag.py:144} INFO - Données de transaction récupérées: {"columns":["cc_num","merchant","category","amt","first","last","gender","street","city","state","zip","lat","long","city_pop","job","dob","trans_num","merch_lat","merch_long","is_fraud","current_time"],"index":[495530],"data":[[2720433095629877,"fraud_Willms, Kris and Bergnaum","shopping_pos",5.88,"Mark","Wood","M","854 Walker Dale Suite 488","Bowdoin","ME",4287,44.0575,-69.9656,3224,"Engineer, electronics","1997-08-22","d7a1ee98b589f9d6b1861ba80b5e8e75",43.876759,-70.93028,0,1732385492890]]}
[2024-11-23T18:11:45.038+0000] {fraud_detection_dag.py:145} INFO - Probabilité de fraude: 0.3063693159835745
[2024-11-23T18:11:45.039+0000] {fraud_detection_dag.py:146} INFO - Est une fraude: False
[2024-11-23T18:11:45.073+0000] {fraud_detection_dag.py:206} INFO - Tentative d'envoi d'email normale...
[2024-11-23T18:11:45.073+0000] {fraud_detection_dag.py:207} INFO - Contenu de l'email:

        ✅ Transaction NORMALE détectée!
        
        Statut: Vert
        Probabilité de fraude: 30.64%
        
        Détails de la transaction:
        --------------------------
        ID Transaction: d7a1ee98b589f9d6b1861ba80b5e8e75
        Montant: 5.88€
        Date/Heure: 2024-11-23 18:11:32
        
        Informations sur le marchand:
        ----------------------------
        Nom: fraud_Willms, Kris and Bergnaum
        Ville: Bowdoin
        État: ME
        
        Informations sur le client:
        --------------------------
        Nom: Mark Wood
        Ville: Bowdoin
        
        Cette notification a été générée automatiquement par le système de détection de fraude.
        
[2024-11-23T18:11:47.523+0000] {fraud_detection_dag.py:217} INFO - Email envoyé avec succès
[2024-11-23T18:11:47.554+0000] {python.py:240} INFO - Done. Returned value was: store_normal
[2024-11-23T18:11:47.653+0000] {taskinstance.py:340} INFO - ::group::Post task execution logs
[2024-11-23T18:11:47.653+0000] {taskinstance.py:352} INFO - Marking task as SUCCESS. dag_id=fraud_detection, task_id=notify_normal, run_id=scheduled__2024-11-23T18:10:00+00:00, execution_date=20241123T181000, start_date=20241123T181144, end_date=20241123T181147
[2024-11-23T18:11:47.772+0000] {local_task_job_runner.py:266} INFO - Task exited with return code 0
[2024-11-23T18:11:47.911+0000] {taskinstance.py:3900} INFO - 1 downstream tasks scheduled from follow-on schedule check
[2024-11-23T18:11:47.921+0000] {local_task_job_runner.py:245} INFO - ::endgroup::
