[2024-11-23T18:08:21.667+0000] {local_task_job_runner.py:123} INFO - ::group::Pre task execution logs
[2024-11-23T18:08:21.732+0000] {taskinstance.py:2612} INFO - Dependencies all met for dep_context=non-requeueable deps ti=<TaskInstance: fraud_detection.notify_normal scheduled__2024-11-23T18:06:00+00:00 [queued]>
[2024-11-23T18:08:21.773+0000] {taskinstance.py:2612} INFO - Dependencies all met for dep_context=requeueable deps ti=<TaskInstance: fraud_detection.notify_normal scheduled__2024-11-23T18:06:00+00:00 [queued]>
[2024-11-23T18:08:21.774+0000] {taskinstance.py:2865} INFO - Starting attempt 1 of 2
[2024-11-23T18:08:21.854+0000] {taskinstance.py:2888} INFO - Executing <Task(PythonOperator): notify_normal> on 2024-11-23 18:06:00+00:00
[2024-11-23T18:08:21.932+0000] {warnings.py:112} WARNING - /home/***/.local/lib/python3.12/site-packages/***/task/task_runner/standard_task_runner.py:70: DeprecationWarning: This process (pid=4512) is multi-threaded, use of fork() may lead to deadlocks in the child.
  pid = os.fork()

[2024-11-23T18:08:21.937+0000] {standard_task_runner.py:72} INFO - Started process 4519 to run task
[2024-11-23T18:08:21.994+0000] {standard_task_runner.py:104} INFO - Running: ['***', 'tasks', 'run', 'fraud_detection', 'notify_normal', 'scheduled__2024-11-23T18:06:00+00:00', '--job-id', '450', '--raw', '--subdir', 'DAGS_FOLDER/fraud_detection_dag.py', '--cfg-path', '/tmp/tmp1hha7_i2']
[2024-11-23T18:08:22.007+0000] {standard_task_runner.py:105} INFO - Job 450: Subtask notify_normal
[2024-11-23T18:08:22.356+0000] {task_command.py:467} INFO - Running <TaskInstance: fraud_detection.notify_normal scheduled__2024-11-23T18:06:00+00:00 [running]> on host 345e92ff26bf
[2024-11-23T18:08:22.911+0000] {taskinstance.py:3131} INFO - Exporting env vars: AIRFLOW_CTX_DAG_OWNER='fraud_team' AIRFLOW_CTX_DAG_ID='fraud_detection' AIRFLOW_CTX_TASK_ID='notify_normal' AIRFLOW_CTX_EXECUTION_DATE='2024-11-23T18:06:00+00:00' AIRFLOW_CTX_TRY_NUMBER='1' AIRFLOW_CTX_DAG_RUN_ID='scheduled__2024-11-23T18:06:00+00:00'
[2024-11-23T18:08:22.914+0000] {taskinstance.py:731} INFO - ::endgroup::
[2024-11-23T18:08:23.300+0000] {fraud_detection_dag.py:144} INFO - Données de transaction récupérées: {"columns":["cc_num","merchant","category","amt","first","last","gender","street","city","state","zip","lat","long","city_pop","job","dob","trans_num","merch_lat","merch_long","is_fraud","current_time"],"index":[302800],"data":[[213112402583773,"fraud_Gottlieb-Hansen","personal_care",31.34,"Ana","Howell","F","4664 Sanchez Common Suite 930","Bradley","SC",29819,34.0326,-82.2027,1523,"Research scientist (physical sciences)","1984-06-03","7946fd2377333e34008d43414bdbda24",33.124279,-81.395427,0,1732385280102]]}
[2024-11-23T18:08:23.301+0000] {fraud_detection_dag.py:145} INFO - Probabilité de fraude: 0.29205937325584796
[2024-11-23T18:08:23.302+0000] {fraud_detection_dag.py:146} INFO - Est une fraude: False
[2024-11-23T18:08:23.314+0000] {fraud_detection_dag.py:206} INFO - Tentative d'envoi d'email normale...
[2024-11-23T18:08:23.315+0000] {fraud_detection_dag.py:207} INFO - Contenu de l'email:

        ✅ Transaction NORMALE détectée!
        
        Statut: Vert
        Probabilité de fraude: 29.21%
        
        Détails de la transaction:
        --------------------------
        ID Transaction: 7946fd2377333e34008d43414bdbda24
        Montant: 31.34€
        Date/Heure: 2024-11-23 18:08:00
        
        Informations sur le marchand:
        ----------------------------
        Nom: fraud_Gottlieb-Hansen
        Ville: Bradley
        État: SC
        
        Informations sur le client:
        --------------------------
        Nom: Ana Howell
        Ville: Bradley
        
        Cette notification a été générée automatiquement par le système de détection de fraude.
        
[2024-11-23T18:08:25.843+0000] {fraud_detection_dag.py:217} INFO - Email envoyé avec succès
[2024-11-23T18:08:25.846+0000] {python.py:240} INFO - Done. Returned value was: store_normal
[2024-11-23T18:08:26.042+0000] {taskinstance.py:340} INFO - ::group::Post task execution logs
[2024-11-23T18:08:26.048+0000] {taskinstance.py:352} INFO - Marking task as SUCCESS. dag_id=fraud_detection, task_id=notify_normal, run_id=scheduled__2024-11-23T18:06:00+00:00, execution_date=20241123T180600, start_date=20241123T180821, end_date=20241123T180826
[2024-11-23T18:08:26.171+0000] {local_task_job_runner.py:266} INFO - Task exited with return code 0
[2024-11-23T18:08:26.348+0000] {taskinstance.py:3900} INFO - 1 downstream tasks scheduled from follow-on schedule check
[2024-11-23T18:08:26.366+0000] {local_task_job_runner.py:245} INFO - ::endgroup::
