[2024-11-22T18:53:34.128+0000] {local_task_job_runner.py:123} INFO - ::group::Pre task execution logs
[2024-11-22T18:53:34.209+0000] {taskinstance.py:2612} INFO - Dependencies all met for dep_context=non-requeueable deps ti=<TaskInstance: fraud_detection.notify_normal scheduled__2024-11-22T18:51:00+00:00 [queued]>
[2024-11-22T18:53:34.235+0000] {taskinstance.py:2612} INFO - Dependencies all met for dep_context=requeueable deps ti=<TaskInstance: fraud_detection.notify_normal scheduled__2024-11-22T18:51:00+00:00 [queued]>
[2024-11-22T18:53:34.236+0000] {taskinstance.py:2865} INFO - Starting attempt 1 of 2
[2024-11-22T18:53:34.273+0000] {taskinstance.py:2888} INFO - Executing <Task(PythonOperator): notify_normal> on 2024-11-22 18:51:00+00:00
[2024-11-22T18:53:34.300+0000] {warnings.py:112} WARNING - /home/***/.local/lib/python3.12/site-packages/***/task/task_runner/standard_task_runner.py:70: DeprecationWarning: This process (pid=636) is multi-threaded, use of fork() may lead to deadlocks in the child.
  pid = os.fork()

[2024-11-22T18:53:34.302+0000] {standard_task_runner.py:72} INFO - Started process 638 to run task
[2024-11-22T18:53:34.303+0000] {standard_task_runner.py:104} INFO - Running: ['***', 'tasks', 'run', 'fraud_detection', 'notify_normal', 'scheduled__2024-11-22T18:51:00+00:00', '--job-id', '424', '--raw', '--subdir', 'DAGS_FOLDER/fraud_detection_dag.py', '--cfg-path', '/tmp/tmpnmj724_v']
[2024-11-22T18:53:34.308+0000] {standard_task_runner.py:105} INFO - Job 424: Subtask notify_normal
[2024-11-22T18:53:34.533+0000] {task_command.py:467} INFO - Running <TaskInstance: fraud_detection.notify_normal scheduled__2024-11-22T18:51:00+00:00 [running]> on host c6af8dbaf1e5
[2024-11-22T18:53:34.869+0000] {taskinstance.py:3131} INFO - Exporting env vars: AIRFLOW_CTX_DAG_OWNER='fraud_team' AIRFLOW_CTX_DAG_ID='fraud_detection' AIRFLOW_CTX_TASK_ID='notify_normal' AIRFLOW_CTX_EXECUTION_DATE='2024-11-22T18:51:00+00:00' AIRFLOW_CTX_TRY_NUMBER='1' AIRFLOW_CTX_DAG_RUN_ID='scheduled__2024-11-22T18:51:00+00:00'
[2024-11-22T18:53:34.871+0000] {taskinstance.py:731} INFO - ::endgroup::
[2024-11-22T18:53:35.052+0000] {fraud_detection_dag.py:218} INFO - Données de transaction récupérées: {"columns":["cc_num","merchant","category","amt","first","last","gender","street","city","state","zip","lat","long","city_pop","job","dob","trans_num","merch_lat","merch_long","is_fraud","current_time"],"index":[235691],"data":[[5501083170975659,"fraud_Watsica, Haag and Considine","shopping_pos",3.8,"Wayne","Payne","M","587 Bradley Inlet Suite 281","Cuyahoga Falls","OH",44223,41.1464,-81.5107,47772,"Equities trader","1966-01-04","5b343aa67b3f34c80001c9f1387e750e",40.464202,-81.932589,0,1732301603016]]}
[2024-11-22T18:53:35.053+0000] {fraud_detection_dag.py:219} INFO - Probabilité de fraude: 0.37072633964105384
[2024-11-22T18:53:35.054+0000] {fraud_detection_dag.py:220} INFO - Est une fraude: False
[2024-11-22T18:53:35.081+0000] {fraud_detection_dag.py:280} INFO - Tentative d'envoi d'email normale...
[2024-11-22T18:53:35.082+0000] {fraud_detection_dag.py:281} INFO - Contenu de l'email:

        ✅ Transaction NORMALE détectée!
        
        Statut: Vert
        Probabilité de fraude: 37.07%
        
        Détails de la transaction:
        --------------------------
        ID Transaction: 5b343aa67b3f34c80001c9f1387e750e
        Montant: 3.80€
        Date/Heure: 2024-11-22 18:53:23
        
        Informations sur le marchand:
        ----------------------------
        Nom: fraud_Watsica, Haag and Considine
        Ville: Cuyahoga Falls
        État: OH
        
        Informations sur le client:
        --------------------------
        Nom: Wayne Payne
        Ville: Cuyahoga Falls
        
        Cette notification a été générée automatiquement par le système de détection de fraude.
        
[2024-11-22T18:53:42.776+0000] {fraud_detection_dag.py:291} INFO - Email envoyé avec succès
[2024-11-22T18:53:42.777+0000] {python.py:240} INFO - Done. Returned value was: store_normal
[2024-11-22T18:53:42.869+0000] {taskinstance.py:340} INFO - ::group::Post task execution logs
[2024-11-22T18:53:42.871+0000] {taskinstance.py:352} INFO - Marking task as SUCCESS. dag_id=fraud_detection, task_id=notify_normal, run_id=scheduled__2024-11-22T18:51:00+00:00, execution_date=20241122T185100, start_date=20241122T185334, end_date=20241122T185342
[2024-11-22T18:53:42.946+0000] {local_task_job_runner.py:266} INFO - Task exited with return code 0
[2024-11-22T18:53:43.025+0000] {taskinstance.py:3900} INFO - 1 downstream tasks scheduled from follow-on schedule check
[2024-11-22T18:53:43.032+0000] {local_task_job_runner.py:245} INFO - ::endgroup::
