[2024-11-23T17:52:40.882+0000] {local_task_job_runner.py:123} INFO - ::group::Pre task execution logs
[2024-11-23T17:52:40.925+0000] {taskinstance.py:2612} INFO - Dependencies all met for dep_context=non-requeueable deps ti=<TaskInstance: fraud_detection.process_transaction scheduled__2024-11-23T17:51:00+00:00 [queued]>
[2024-11-23T17:52:40.940+0000] {taskinstance.py:2612} INFO - Dependencies all met for dep_context=requeueable deps ti=<TaskInstance: fraud_detection.process_transaction scheduled__2024-11-23T17:51:00+00:00 [queued]>
[2024-11-23T17:52:40.940+0000] {taskinstance.py:2865} INFO - Starting attempt 1 of 2
[2024-11-23T17:52:40.972+0000] {taskinstance.py:2888} INFO - Executing <Task(BranchPythonOperator): process_transaction> on 2024-11-23 17:51:00+00:00
[2024-11-23T17:52:40.986+0000] {warnings.py:112} WARNING - /home/***/.local/lib/python3.12/site-packages/***/task/task_runner/standard_task_runner.py:70: DeprecationWarning: This process (pid=3433) is multi-threaded, use of fork() may lead to deadlocks in the child.
  pid = os.fork()

[2024-11-23T17:52:40.990+0000] {standard_task_runner.py:72} INFO - Started process 3438 to run task
[2024-11-23T17:52:40.992+0000] {standard_task_runner.py:104} INFO - Running: ['***', 'tasks', 'run', 'fraud_detection', 'process_transaction', 'scheduled__2024-11-23T17:51:00+00:00', '--job-id', '331', '--raw', '--subdir', 'DAGS_FOLDER/fraud_detection_dag.py', '--cfg-path', '/tmp/tmpsfcnne7s']
[2024-11-23T17:52:40.998+0000] {standard_task_runner.py:105} INFO - Job 331: Subtask process_transaction
[2024-11-23T17:52:41.118+0000] {task_command.py:467} INFO - Running <TaskInstance: fraud_detection.process_transaction scheduled__2024-11-23T17:51:00+00:00 [running]> on host 345e92ff26bf
[2024-11-23T17:52:41.327+0000] {taskinstance.py:3131} INFO - Exporting env vars: AIRFLOW_CTX_DAG_OWNER='fraud_team' AIRFLOW_CTX_DAG_ID='fraud_detection' AIRFLOW_CTX_TASK_ID='process_transaction' AIRFLOW_CTX_EXECUTION_DATE='2024-11-23T17:51:00+00:00' AIRFLOW_CTX_TRY_NUMBER='1' AIRFLOW_CTX_DAG_RUN_ID='scheduled__2024-11-23T17:51:00+00:00'
[2024-11-23T17:52:41.331+0000] {taskinstance.py:731} INFO - ::endgroup::
[2024-11-23T17:52:41.368+0000] {baseoperator.py:405} WARNING - BranchPythonOperator.execute cannot be called outside TaskInstance!
[2024-11-23T17:52:41.406+0000] {fraud_detection_dag.py:78} INFO - Données récupérées depuis XCom: {"columns":["cc_num","merchant","category","amt","first","last","gender","street","city","state","zip","lat","long","city_pop","job","dob","trans_num","merch_lat","merch_long","is_fraud","current_time"],"index":[74446],"data":[[3519607465576254,"fraud_Weimann, Kuhic and Beahan","shopping_pos",8.38,"Audrey","Gonzalez","F","34180 Lopez Plaza","Fields Landing","CA",95537,40.7268,-124.2174,276,"Scientist, audiological","1929-05-06","7ecc1dba547a77730cb65928a16195c0",41.703575,-124.243052,0,1732384356548]]}
[2024-11-23T17:52:41.408+0000] {fraud_detection_dag.py:86} INFO - Données JSON parsées avec succès
[2024-11-23T17:52:41.415+0000] {fraud_detection_dag.py:90} INFO - DataFrame créé avec 1 lignes
[2024-11-23T17:52:41.419+0000] {fraud_detection_dag.py:94} INFO - Colonnes renommées avec succès
[2024-11-23T17:52:41.421+0000] {fraud_detection_dag.py:95} INFO - Colonnes disponibles: ['cc_num', 'merchant', 'category', 'amt', 'first', 'last', 'gender', 'street', 'city', 'state', 'zip', 'lat', 'long', 'city_pop', 'job', 'dob', 'trans_num', 'merch_lat', 'merch_long', 'is_fraud', 'trans_date_trans_time']
[2024-11-23T17:52:41.429+0000] {fraud_detection_dag.py:99} INFO - Conversion de trans_date_trans_time en unix_time réussie
[2024-11-23T17:52:41.490+0000] {fraud_detection_dag.py:108} INFO - Transformation des données...
[2024-11-23T17:52:42.806+0000] {warnings.py:112} WARNING - /home/***/.local/lib/python3.12/site-packages/sklearn/ensemble/_base.py:172: UserWarning: Loky-backed parallel loops cannot be called in a multiprocessing, setting n_jobs=1
  n_jobs = min(effective_n_jobs(n_jobs), n_estimators)

[2024-11-23T17:52:42.834+0000] {warnings.py:112} WARNING - /home/***/.local/lib/python3.12/site-packages/sklearn/ensemble/_base.py:172: UserWarning: Loky-backed parallel loops cannot be called in a multiprocessing, setting n_jobs=1
  n_jobs = min(effective_n_jobs(n_jobs), n_estimators)

[2024-11-23T17:52:42.838+0000] {fraud_detection_dag.py:120} INFO - Prediction de fraude: NORMAL, Probabilité: 39.16%
[2024-11-23T17:52:42.887+0000] {fraud_detection_dag.py:126} INFO - Prédiction: NORMAL (Probabilité: 39.16%)
[2024-11-23T17:52:42.889+0000] {python.py:240} INFO - Done. Returned value was: notify_normal
[2024-11-23T17:52:42.890+0000] {branch.py:38} INFO - Branch into notify_normal
[2024-11-23T17:52:42.892+0000] {skipmixin.py:230} INFO - Following branch ('notify_normal',)
[2024-11-23T17:52:42.918+0000] {skipmixin.py:278} INFO - Skipping tasks [('notify_fraud', -1), ('skip_processing', -1)]
[2024-11-23T17:52:42.997+0000] {taskinstance.py:340} INFO - ::group::Post task execution logs
[2024-11-23T17:52:42.998+0000] {taskinstance.py:352} INFO - Marking task as SUCCESS. dag_id=fraud_detection, task_id=process_transaction, run_id=scheduled__2024-11-23T17:51:00+00:00, execution_date=20241123T175100, start_date=20241123T175240, end_date=20241123T175242
[2024-11-23T17:52:43.118+0000] {local_task_job_runner.py:266} INFO - Task exited with return code 0
[2024-11-23T17:52:43.200+0000] {taskinstance.py:3900} INFO - 1 downstream tasks scheduled from follow-on schedule check
[2024-11-23T17:52:43.215+0000] {local_task_job_runner.py:245} INFO - ::endgroup::
