[2024-11-02T22:44:52.710+0000] {local_task_job_runner.py:123} INFO - ::group::Pre task execution logs
[2024-11-02T22:44:52.818+0000] {taskinstance.py:2612} INFO - Dependencies all met for dep_context=non-requeueable deps ti=<TaskInstance: fraud_monitoring.system_health_check manual__2024-11-02T22:44:32.545091+00:00 [queued]>
[2024-11-02T22:44:52.876+0000] {taskinstance.py:2612} INFO - Dependencies all met for dep_context=requeueable deps ti=<TaskInstance: fraud_monitoring.system_health_check manual__2024-11-02T22:44:32.545091+00:00 [queued]>
[2024-11-02T22:44:52.876+0000] {taskinstance.py:2865} INFO - Starting attempt 1 of 2
[2024-11-02T22:44:52.983+0000] {taskinstance.py:2888} INFO - Executing <Task(PythonOperator): system_health_check> on 2024-11-02 22:44:32.545091+00:00
[2024-11-02T22:44:53.012+0000] {warnings.py:112} WARNING - /home/***/.local/lib/python3.12/site-packages/***/task/task_runner/standard_task_runner.py:70: DeprecationWarning: This process (pid=136) is multi-threaded, use of fork() may lead to deadlocks in the child.
  pid = os.fork()

[2024-11-02T22:44:53.037+0000] {standard_task_runner.py:72} INFO - Started process 140 to run task
[2024-11-02T22:44:53.030+0000] {standard_task_runner.py:104} INFO - Running: ['***', 'tasks', 'run', 'fraud_monitoring', 'system_health_check', 'manual__2024-11-02T22:44:32.545091+00:00', '--job-id', '7', '--raw', '--subdir', 'DAGS_FOLDER/monitoring_dag.py', '--cfg-path', '/tmp/tmp88slkwhc']
[2024-11-02T22:44:53.041+0000] {standard_task_runner.py:105} INFO - Job 7: Subtask system_health_check
[2024-11-02T22:44:53.224+0000] {task_command.py:467} INFO - Running <TaskInstance: fraud_monitoring.system_health_check manual__2024-11-02T22:44:32.545091+00:00 [running]> on host 713744f3b6c0
[2024-11-02T22:44:53.631+0000] {taskinstance.py:3131} INFO - Exporting env vars: AIRFLOW_CTX_DAG_OWNER='fraud_team' AIRFLOW_CTX_DAG_ID='fraud_monitoring' AIRFLOW_CTX_TASK_ID='system_health_check' AIRFLOW_CTX_EXECUTION_DATE='2024-11-02T22:44:32.545091+00:00' AIRFLOW_CTX_TRY_NUMBER='1' AIRFLOW_CTX_DAG_RUN_ID='manual__2024-11-02T22:44:32.545091+00:00'
[2024-11-02T22:44:53.635+0000] {taskinstance.py:731} INFO - ::endgroup::
[2024-11-02T22:45:05.770+0000] {monitoring_dag.py:23} ERROR - Erreur API: HTTPSConnectionPool(host='real-time-payments-api.herokuapp.com', port=443): Read timed out. (read timeout=10)
[2024-11-02T22:45:18.428+0000] {monitoring_dag.py:48} INFO - Accès S3 vérifié: bucket=fraud-detection-bucket-jedha, prefix=fraud-detection-bucket
[2024-11-02T22:45:22.506+0000] {python.py:240} INFO - Done. Returned value was: None
[2024-11-02T22:45:22.542+0000] {taskinstance.py:340} INFO - ::group::Post task execution logs
[2024-11-02T22:45:22.543+0000] {taskinstance.py:352} INFO - Marking task as SUCCESS. dag_id=fraud_monitoring, task_id=system_health_check, run_id=manual__2024-11-02T22:44:32.545091+00:00, execution_date=20241102T224432, start_date=20241102T224452, end_date=20241102T224522
[2024-11-02T22:45:22.611+0000] {local_task_job_runner.py:266} INFO - Task exited with return code 0
[2024-11-02T22:45:22.694+0000] {taskinstance.py:3900} INFO - 0 downstream tasks scheduled from follow-on schedule check
[2024-11-02T22:45:22.700+0000] {local_task_job_runner.py:245} INFO - ::endgroup::
