[2024-11-23T17:28:39.603+0000] {local_task_job_runner.py:123} INFO - ::group::Pre task execution logs
[2024-11-23T17:28:39.713+0000] {taskinstance.py:2612} INFO - Dependencies all met for dep_context=non-requeueable deps ti=<TaskInstance: fraud_detection.notify_normal scheduled__2024-11-23T17:27:00+00:00 [queued]>
[2024-11-23T17:28:39.759+0000] {taskinstance.py:2612} INFO - Dependencies all met for dep_context=requeueable deps ti=<TaskInstance: fraud_detection.notify_normal scheduled__2024-11-23T17:27:00+00:00 [queued]>
[2024-11-23T17:28:39.760+0000] {taskinstance.py:2865} INFO - Starting attempt 1 of 2
[2024-11-23T17:28:39.819+0000] {taskinstance.py:2888} INFO - Executing <Task(PythonOperator): notify_normal> on 2024-11-23 17:27:00+00:00
[2024-11-23T17:28:39.863+0000] {warnings.py:112} WARNING - /home/***/.local/lib/python3.12/site-packages/***/task/task_runner/standard_task_runner.py:70: DeprecationWarning: This process (pid=2616) is multi-threaded, use of fork() may lead to deadlocks in the child.
  pid = os.fork()

[2024-11-23T17:28:39.866+0000] {standard_task_runner.py:104} INFO - Running: ['***', 'tasks', 'run', 'fraud_detection', 'notify_normal', 'scheduled__2024-11-23T17:27:00+00:00', '--job-id', '259', '--raw', '--subdir', 'DAGS_FOLDER/fraud_detection_dag.py', '--cfg-path', '/tmp/tmpxyfxj9fq']
[2024-11-23T17:28:39.870+0000] {standard_task_runner.py:72} INFO - Started process 2623 to run task
[2024-11-23T17:28:39.871+0000] {standard_task_runner.py:105} INFO - Job 259: Subtask notify_normal
[2024-11-23T17:28:39.995+0000] {task_command.py:467} INFO - Running <TaskInstance: fraud_detection.notify_normal scheduled__2024-11-23T17:27:00+00:00 [running]> on host 345e92ff26bf
[2024-11-23T17:28:40.341+0000] {taskinstance.py:3131} INFO - Exporting env vars: AIRFLOW_CTX_DAG_OWNER='fraud_team' AIRFLOW_CTX_DAG_ID='fraud_detection' AIRFLOW_CTX_TASK_ID='notify_normal' AIRFLOW_CTX_EXECUTION_DATE='2024-11-23T17:27:00+00:00' AIRFLOW_CTX_TRY_NUMBER='1' AIRFLOW_CTX_DAG_RUN_ID='scheduled__2024-11-23T17:27:00+00:00'
[2024-11-23T17:28:40.346+0000] {taskinstance.py:731} INFO - ::endgroup::
[2024-11-23T17:28:40.567+0000] {fraud_detection_dag.py:219} INFO - Données de transaction récupérées: {"columns":["cc_num","merchant","category","amt","first","last","gender","street","city","state","zip","lat","long","city_pop","job","dob","trans_num","merch_lat","merch_long","is_fraud","current_time"],"index":[220789],"data":[[4646845581490336108,"fraud_Pfeffer and Sons","shopping_pos",1.52,"Julia","Bell","F","576 House Crossroad","West Sayville","NY",11796,40.732,-73.1,4056,"Film\/video editor","1990-06-25","317b6ed94dc17330f39816e2c451cc56",40.418085,-72.375041,0,1732382904116]]}
[2024-11-23T17:28:40.567+0000] {fraud_detection_dag.py:220} INFO - Probabilité de fraude: 0.36046966287491444
[2024-11-23T17:28:40.568+0000] {fraud_detection_dag.py:221} INFO - Est une fraude: False
[2024-11-23T17:28:40.600+0000] {fraud_detection_dag.py:281} INFO - Tentative d'envoi d'email normale...
[2024-11-23T17:28:40.602+0000] {fraud_detection_dag.py:282} INFO - Contenu de l'email:

        ✅ Transaction NORMALE détectée!
        
        Statut: Vert
        Probabilité de fraude: 36.05%
        
        Détails de la transaction:
        --------------------------
        ID Transaction: 317b6ed94dc17330f39816e2c451cc56
        Montant: 1.52€
        Date/Heure: 2024-11-23 17:28:24
        
        Informations sur le marchand:
        ----------------------------
        Nom: fraud_Pfeffer and Sons
        Ville: West Sayville
        État: NY
        
        Informations sur le client:
        --------------------------
        Nom: Julia Bell
        Ville: West Sayville
        
        Cette notification a été générée automatiquement par le système de détection de fraude.
        
[2024-11-23T17:28:42.768+0000] {fraud_detection_dag.py:292} INFO - Email envoyé avec succès
[2024-11-23T17:28:42.769+0000] {python.py:240} INFO - Done. Returned value was: store_normal
[2024-11-23T17:28:42.889+0000] {taskinstance.py:340} INFO - ::group::Post task execution logs
[2024-11-23T17:28:42.891+0000] {taskinstance.py:352} INFO - Marking task as SUCCESS. dag_id=fraud_detection, task_id=notify_normal, run_id=scheduled__2024-11-23T17:27:00+00:00, execution_date=20241123T172700, start_date=20241123T172839, end_date=20241123T172842
[2024-11-23T17:28:43.084+0000] {local_task_job_runner.py:266} INFO - Task exited with return code 0
[2024-11-23T17:28:43.153+0000] {taskinstance.py:3900} INFO - 1 downstream tasks scheduled from follow-on schedule check
[2024-11-23T17:28:43.175+0000] {local_task_job_runner.py:245} INFO - ::endgroup::
