[2024-12-10T19:46:02.679+0000] {processor.py:186} INFO - Started process (PID=65) to work on /opt/airflow/dags/backup_dag.py
[2024-12-10T19:46:02.680+0000] {processor.py:914} INFO - Processing file /opt/airflow/dags/backup_dag.py for tasks to queue
[2024-12-10T19:46:02.684+0000] {logging_mixin.py:190} INFO - [2024-12-10T19:46:02.683+0000] {dagbag.py:588} INFO - Filling up the DagBag from /opt/airflow/dags/backup_dag.py
[2024-12-10T19:46:06.225+0000] {processor.py:925} INFO - DAG(s) 'neon_backup_v2' retrieved from /opt/airflow/dags/backup_dag.py
[2024-12-10T19:46:06.311+0000] {logging_mixin.py:190} INFO - [2024-12-10T19:46:06.310+0000] {dag.py:3239} INFO - Sync 1 DAGs
[2024-12-10T19:46:06.660+0000] {logging_mixin.py:190} INFO - [2024-12-10T19:46:06.659+0000] {dag.py:4180} INFO - Setting next_dagrun for neon_backup_v2 to 2024-12-01 00:00:00+00:00, run_after=2025-01-01 00:00:00+00:00
[2024-12-10T19:46:06.959+0000] {processor.py:208} INFO - Processing /opt/airflow/dags/backup_dag.py took 4.290 seconds
[2024-12-10T19:46:37.858+0000] {processor.py:186} INFO - Started process (PID=77) to work on /opt/airflow/dags/backup_dag.py
[2024-12-10T19:46:37.861+0000] {processor.py:914} INFO - Processing file /opt/airflow/dags/backup_dag.py for tasks to queue
[2024-12-10T19:46:37.866+0000] {logging_mixin.py:190} INFO - [2024-12-10T19:46:37.865+0000] {dagbag.py:588} INFO - Filling up the DagBag from /opt/airflow/dags/backup_dag.py
[2024-12-10T19:46:39.972+0000] {processor.py:925} INFO - DAG(s) 'neon_backup_v2' retrieved from /opt/airflow/dags/backup_dag.py
[2024-12-10T19:46:40.232+0000] {logging_mixin.py:190} INFO - [2024-12-10T19:46:40.231+0000] {dag.py:3239} INFO - Sync 1 DAGs
[2024-12-10T19:46:40.334+0000] {logging_mixin.py:190} INFO - [2024-12-10T19:46:40.333+0000] {dag.py:4180} INFO - Setting next_dagrun for neon_backup_v2 to 2024-12-01 00:00:00+00:00, run_after=2025-01-01 00:00:00+00:00
[2024-12-10T19:46:40.470+0000] {processor.py:208} INFO - Processing /opt/airflow/dags/backup_dag.py took 2.644 seconds
[2024-12-10T19:47:10.809+0000] {processor.py:186} INFO - Started process (PID=92) to work on /opt/airflow/dags/backup_dag.py
[2024-12-10T19:47:10.816+0000] {processor.py:914} INFO - Processing file /opt/airflow/dags/backup_dag.py for tasks to queue
[2024-12-10T19:47:10.831+0000] {logging_mixin.py:190} INFO - [2024-12-10T19:47:10.829+0000] {dagbag.py:588} INFO - Filling up the DagBag from /opt/airflow/dags/backup_dag.py
[2024-12-10T19:47:12.977+0000] {processor.py:925} INFO - DAG(s) 'neon_backup_v2' retrieved from /opt/airflow/dags/backup_dag.py
[2024-12-10T19:47:13.425+0000] {logging_mixin.py:190} INFO - [2024-12-10T19:47:13.424+0000] {dag.py:3239} INFO - Sync 1 DAGs
[2024-12-10T19:47:13.701+0000] {logging_mixin.py:190} INFO - [2024-12-10T19:47:13.700+0000] {dag.py:4180} INFO - Setting next_dagrun for neon_backup_v2 to 2024-12-01 00:00:00+00:00, run_after=2025-01-01 00:00:00+00:00
[2024-12-10T19:47:13.771+0000] {processor.py:208} INFO - Processing /opt/airflow/dags/backup_dag.py took 3.014 seconds
[2024-12-10T19:47:44.236+0000] {processor.py:186} INFO - Started process (PID=107) to work on /opt/airflow/dags/backup_dag.py
[2024-12-10T19:47:44.239+0000] {processor.py:914} INFO - Processing file /opt/airflow/dags/backup_dag.py for tasks to queue
[2024-12-10T19:47:44.252+0000] {logging_mixin.py:190} INFO - [2024-12-10T19:47:44.252+0000] {dagbag.py:588} INFO - Filling up the DagBag from /opt/airflow/dags/backup_dag.py
[2024-12-10T19:47:45.702+0000] {processor.py:925} INFO - DAG(s) 'neon_backup_v2' retrieved from /opt/airflow/dags/backup_dag.py
[2024-12-10T19:47:45.890+0000] {logging_mixin.py:190} INFO - [2024-12-10T19:47:45.889+0000] {dag.py:3239} INFO - Sync 1 DAGs
[2024-12-10T19:47:45.978+0000] {logging_mixin.py:190} INFO - [2024-12-10T19:47:45.964+0000] {dag.py:4180} INFO - Setting next_dagrun for neon_backup_v2 to 2024-12-01 00:00:00+00:00, run_after=2025-01-01 00:00:00+00:00
[2024-12-10T19:47:46.099+0000] {processor.py:208} INFO - Processing /opt/airflow/dags/backup_dag.py took 1.874 seconds
[2024-12-10T19:48:16.404+0000] {processor.py:186} INFO - Started process (PID=128) to work on /opt/airflow/dags/backup_dag.py
[2024-12-10T19:48:16.407+0000] {processor.py:914} INFO - Processing file /opt/airflow/dags/backup_dag.py for tasks to queue
[2024-12-10T19:48:16.413+0000] {logging_mixin.py:190} INFO - [2024-12-10T19:48:16.412+0000] {dagbag.py:588} INFO - Filling up the DagBag from /opt/airflow/dags/backup_dag.py
[2024-12-10T19:48:17.054+0000] {processor.py:925} INFO - DAG(s) 'neon_backup_v2' retrieved from /opt/airflow/dags/backup_dag.py
[2024-12-10T19:48:17.104+0000] {logging_mixin.py:190} INFO - [2024-12-10T19:48:17.104+0000] {dag.py:3239} INFO - Sync 1 DAGs
[2024-12-10T19:48:17.185+0000] {logging_mixin.py:190} INFO - [2024-12-10T19:48:17.184+0000] {dag.py:4180} INFO - Setting next_dagrun for neon_backup_v2 to 2024-12-01 00:00:00+00:00, run_after=2025-01-01 00:00:00+00:00
[2024-12-10T19:48:17.297+0000] {processor.py:208} INFO - Processing /opt/airflow/dags/backup_dag.py took 0.900 seconds
[2024-12-10T19:48:47.711+0000] {processor.py:186} INFO - Started process (PID=143) to work on /opt/airflow/dags/backup_dag.py
[2024-12-10T19:48:47.721+0000] {processor.py:914} INFO - Processing file /opt/airflow/dags/backup_dag.py for tasks to queue
[2024-12-10T19:48:47.730+0000] {logging_mixin.py:190} INFO - [2024-12-10T19:48:47.729+0000] {dagbag.py:588} INFO - Filling up the DagBag from /opt/airflow/dags/backup_dag.py
[2024-12-10T19:48:48.515+0000] {processor.py:925} INFO - DAG(s) 'neon_backup_v2' retrieved from /opt/airflow/dags/backup_dag.py
[2024-12-10T19:48:48.582+0000] {logging_mixin.py:190} INFO - [2024-12-10T19:48:48.581+0000] {dag.py:3239} INFO - Sync 1 DAGs
[2024-12-10T19:48:48.633+0000] {logging_mixin.py:190} INFO - [2024-12-10T19:48:48.633+0000] {dag.py:4180} INFO - Setting next_dagrun for neon_backup_v2 to 2024-12-01 00:00:00+00:00, run_after=2025-01-01 00:00:00+00:00
[2024-12-10T19:48:48.667+0000] {processor.py:208} INFO - Processing /opt/airflow/dags/backup_dag.py took 0.967 seconds
[2024-12-10T19:49:19.008+0000] {processor.py:186} INFO - Started process (PID=157) to work on /opt/airflow/dags/backup_dag.py
[2024-12-10T19:49:19.013+0000] {processor.py:914} INFO - Processing file /opt/airflow/dags/backup_dag.py for tasks to queue
[2024-12-10T19:49:19.028+0000] {logging_mixin.py:190} INFO - [2024-12-10T19:49:19.027+0000] {dagbag.py:588} INFO - Filling up the DagBag from /opt/airflow/dags/backup_dag.py
[2024-12-10T19:49:20.274+0000] {processor.py:925} INFO - DAG(s) 'neon_backup_v2' retrieved from /opt/airflow/dags/backup_dag.py
[2024-12-10T19:49:20.412+0000] {logging_mixin.py:190} INFO - [2024-12-10T19:49:20.411+0000] {dag.py:3239} INFO - Sync 1 DAGs
[2024-12-10T19:49:20.533+0000] {logging_mixin.py:190} INFO - [2024-12-10T19:49:20.533+0000] {dag.py:4180} INFO - Setting next_dagrun for neon_backup_v2 to 2024-12-01 00:00:00+00:00, run_after=2025-01-01 00:00:00+00:00
[2024-12-10T19:49:20.631+0000] {processor.py:208} INFO - Processing /opt/airflow/dags/backup_dag.py took 1.650 seconds
[2024-12-10T19:49:50.885+0000] {processor.py:186} INFO - Started process (PID=171) to work on /opt/airflow/dags/backup_dag.py
[2024-12-10T19:49:50.894+0000] {processor.py:914} INFO - Processing file /opt/airflow/dags/backup_dag.py for tasks to queue
[2024-12-10T19:49:50.901+0000] {logging_mixin.py:190} INFO - [2024-12-10T19:49:50.901+0000] {dagbag.py:588} INFO - Filling up the DagBag from /opt/airflow/dags/backup_dag.py
[2024-12-10T19:49:53.254+0000] {processor.py:925} INFO - DAG(s) 'neon_backup_v2' retrieved from /opt/airflow/dags/backup_dag.py
[2024-12-10T19:49:53.421+0000] {logging_mixin.py:190} INFO - [2024-12-10T19:49:53.421+0000] {dag.py:3239} INFO - Sync 1 DAGs
[2024-12-10T19:49:53.531+0000] {logging_mixin.py:190} INFO - [2024-12-10T19:49:53.531+0000] {dag.py:4180} INFO - Setting next_dagrun for neon_backup_v2 to 2024-12-01 00:00:00+00:00, run_after=2025-01-01 00:00:00+00:00
[2024-12-10T19:49:53.634+0000] {processor.py:208} INFO - Processing /opt/airflow/dags/backup_dag.py took 2.786 seconds
[2024-12-10T19:50:23.886+0000] {processor.py:186} INFO - Started process (PID=185) to work on /opt/airflow/dags/backup_dag.py
[2024-12-10T19:50:23.894+0000] {processor.py:914} INFO - Processing file /opt/airflow/dags/backup_dag.py for tasks to queue
[2024-12-10T19:50:23.926+0000] {logging_mixin.py:190} INFO - [2024-12-10T19:50:23.921+0000] {dagbag.py:588} INFO - Filling up the DagBag from /opt/airflow/dags/backup_dag.py
[2024-12-10T19:50:25.672+0000] {processor.py:925} INFO - DAG(s) 'neon_backup_v2' retrieved from /opt/airflow/dags/backup_dag.py
[2024-12-10T19:50:25.762+0000] {logging_mixin.py:190} INFO - [2024-12-10T19:50:25.759+0000] {dag.py:3239} INFO - Sync 1 DAGs
[2024-12-10T19:50:25.870+0000] {logging_mixin.py:190} INFO - [2024-12-10T19:50:25.836+0000] {dag.py:4180} INFO - Setting next_dagrun for neon_backup_v2 to 2024-12-01 00:00:00+00:00, run_after=2025-01-01 00:00:00+00:00
[2024-12-10T19:50:26.014+0000] {processor.py:208} INFO - Processing /opt/airflow/dags/backup_dag.py took 2.175 seconds
[2024-12-10T19:50:56.279+0000] {processor.py:186} INFO - Started process (PID=200) to work on /opt/airflow/dags/backup_dag.py
[2024-12-10T19:50:56.291+0000] {processor.py:914} INFO - Processing file /opt/airflow/dags/backup_dag.py for tasks to queue
[2024-12-10T19:50:56.316+0000] {logging_mixin.py:190} INFO - [2024-12-10T19:50:56.312+0000] {dagbag.py:588} INFO - Filling up the DagBag from /opt/airflow/dags/backup_dag.py
[2024-12-10T19:50:58.183+0000] {processor.py:925} INFO - DAG(s) 'neon_backup_v2' retrieved from /opt/airflow/dags/backup_dag.py
[2024-12-10T19:50:58.317+0000] {logging_mixin.py:190} INFO - [2024-12-10T19:50:58.315+0000] {dag.py:3239} INFO - Sync 1 DAGs
[2024-12-10T19:50:58.386+0000] {logging_mixin.py:190} INFO - [2024-12-10T19:50:58.386+0000] {dag.py:4180} INFO - Setting next_dagrun for neon_backup_v2 to 2024-12-01 00:00:00+00:00, run_after=2025-01-01 00:00:00+00:00
[2024-12-10T19:50:58.528+0000] {processor.py:208} INFO - Processing /opt/airflow/dags/backup_dag.py took 2.271 seconds
[2024-12-10T19:51:29.297+0000] {processor.py:186} INFO - Started process (PID=215) to work on /opt/airflow/dags/backup_dag.py
[2024-12-10T19:51:29.329+0000] {processor.py:914} INFO - Processing file /opt/airflow/dags/backup_dag.py for tasks to queue
[2024-12-10T19:51:29.340+0000] {logging_mixin.py:190} INFO - [2024-12-10T19:51:29.339+0000] {dagbag.py:588} INFO - Filling up the DagBag from /opt/airflow/dags/backup_dag.py
[2024-12-10T19:51:30.644+0000] {processor.py:925} INFO - DAG(s) 'neon_backup_v2' retrieved from /opt/airflow/dags/backup_dag.py
[2024-12-10T19:51:30.729+0000] {logging_mixin.py:190} INFO - [2024-12-10T19:51:30.728+0000] {dag.py:3239} INFO - Sync 1 DAGs
[2024-12-10T19:51:30.812+0000] {logging_mixin.py:190} INFO - [2024-12-10T19:51:30.811+0000] {dag.py:4180} INFO - Setting next_dagrun for neon_backup_v2 to 2024-12-01 00:00:00+00:00, run_after=2025-01-01 00:00:00+00:00
[2024-12-10T19:51:31.052+0000] {processor.py:208} INFO - Processing /opt/airflow/dags/backup_dag.py took 1.840 seconds
[2024-12-10T19:52:01.749+0000] {processor.py:186} INFO - Started process (PID=231) to work on /opt/airflow/dags/backup_dag.py
[2024-12-10T19:52:01.753+0000] {processor.py:914} INFO - Processing file /opt/airflow/dags/backup_dag.py for tasks to queue
[2024-12-10T19:52:01.763+0000] {logging_mixin.py:190} INFO - [2024-12-10T19:52:01.762+0000] {dagbag.py:588} INFO - Filling up the DagBag from /opt/airflow/dags/backup_dag.py
[2024-12-10T19:52:03.007+0000] {processor.py:925} INFO - DAG(s) 'neon_backup_v2' retrieved from /opt/airflow/dags/backup_dag.py
[2024-12-10T19:52:03.099+0000] {logging_mixin.py:190} INFO - [2024-12-10T19:52:03.098+0000] {dag.py:3239} INFO - Sync 1 DAGs
[2024-12-10T19:52:03.214+0000] {logging_mixin.py:190} INFO - [2024-12-10T19:52:03.213+0000] {dag.py:4180} INFO - Setting next_dagrun for neon_backup_v2 to 2024-12-01 00:00:00+00:00, run_after=2025-01-01 00:00:00+00:00
[2024-12-10T19:52:03.273+0000] {processor.py:208} INFO - Processing /opt/airflow/dags/backup_dag.py took 1.543 seconds
[2024-12-10T19:52:33.806+0000] {processor.py:186} INFO - Started process (PID=246) to work on /opt/airflow/dags/backup_dag.py
[2024-12-10T19:52:33.822+0000] {processor.py:914} INFO - Processing file /opt/airflow/dags/backup_dag.py for tasks to queue
[2024-12-10T19:52:33.837+0000] {logging_mixin.py:190} INFO - [2024-12-10T19:52:33.836+0000] {dagbag.py:588} INFO - Filling up the DagBag from /opt/airflow/dags/backup_dag.py
[2024-12-10T19:52:35.446+0000] {processor.py:925} INFO - DAG(s) 'neon_backup_v2' retrieved from /opt/airflow/dags/backup_dag.py
[2024-12-10T19:52:35.518+0000] {logging_mixin.py:190} INFO - [2024-12-10T19:52:35.517+0000] {dag.py:3239} INFO - Sync 1 DAGs
[2024-12-10T19:52:35.627+0000] {logging_mixin.py:190} INFO - [2024-12-10T19:52:35.627+0000] {dag.py:4180} INFO - Setting next_dagrun for neon_backup_v2 to 2024-12-01 00:00:00+00:00, run_after=2025-01-01 00:00:00+00:00
[2024-12-10T19:52:35.732+0000] {processor.py:208} INFO - Processing /opt/airflow/dags/backup_dag.py took 1.939 seconds
[2024-12-10T19:53:05.832+0000] {processor.py:186} INFO - Started process (PID=261) to work on /opt/airflow/dags/backup_dag.py
[2024-12-10T19:53:05.838+0000] {processor.py:914} INFO - Processing file /opt/airflow/dags/backup_dag.py for tasks to queue
[2024-12-10T19:53:05.850+0000] {logging_mixin.py:190} INFO - [2024-12-10T19:53:05.849+0000] {dagbag.py:588} INFO - Filling up the DagBag from /opt/airflow/dags/backup_dag.py
[2024-12-10T19:53:06.732+0000] {processor.py:925} INFO - DAG(s) 'neon_backup_v2' retrieved from /opt/airflow/dags/backup_dag.py
[2024-12-10T19:53:06.814+0000] {logging_mixin.py:190} INFO - [2024-12-10T19:53:06.813+0000] {dag.py:3239} INFO - Sync 1 DAGs
[2024-12-10T19:53:06.877+0000] {logging_mixin.py:190} INFO - [2024-12-10T19:53:06.877+0000] {dag.py:4180} INFO - Setting next_dagrun for neon_backup_v2 to 2024-12-01 00:00:00+00:00, run_after=2025-01-01 00:00:00+00:00
[2024-12-10T19:53:06.928+0000] {processor.py:208} INFO - Processing /opt/airflow/dags/backup_dag.py took 1.112 seconds
[2024-12-10T19:53:37.051+0000] {processor.py:186} INFO - Started process (PID=276) to work on /opt/airflow/dags/backup_dag.py
[2024-12-10T19:53:37.058+0000] {processor.py:914} INFO - Processing file /opt/airflow/dags/backup_dag.py for tasks to queue
[2024-12-10T19:53:37.067+0000] {logging_mixin.py:190} INFO - [2024-12-10T19:53:37.066+0000] {dagbag.py:588} INFO - Filling up the DagBag from /opt/airflow/dags/backup_dag.py
[2024-12-10T19:53:37.875+0000] {processor.py:925} INFO - DAG(s) 'neon_backup_v2' retrieved from /opt/airflow/dags/backup_dag.py
[2024-12-10T19:53:37.923+0000] {logging_mixin.py:190} INFO - [2024-12-10T19:53:37.923+0000] {dag.py:3239} INFO - Sync 1 DAGs
[2024-12-10T19:53:37.965+0000] {logging_mixin.py:190} INFO - [2024-12-10T19:53:37.964+0000] {dag.py:4180} INFO - Setting next_dagrun for neon_backup_v2 to 2024-12-01 00:00:00+00:00, run_after=2025-01-01 00:00:00+00:00
[2024-12-10T19:53:38.014+0000] {processor.py:208} INFO - Processing /opt/airflow/dags/backup_dag.py took 0.976 seconds
[2024-12-10T19:54:08.179+0000] {processor.py:186} INFO - Started process (PID=291) to work on /opt/airflow/dags/backup_dag.py
[2024-12-10T19:54:08.187+0000] {processor.py:914} INFO - Processing file /opt/airflow/dags/backup_dag.py for tasks to queue
[2024-12-10T19:54:08.198+0000] {logging_mixin.py:190} INFO - [2024-12-10T19:54:08.195+0000] {dagbag.py:588} INFO - Filling up the DagBag from /opt/airflow/dags/backup_dag.py
[2024-12-10T19:54:09.017+0000] {processor.py:925} INFO - DAG(s) 'neon_backup_v2' retrieved from /opt/airflow/dags/backup_dag.py
[2024-12-10T19:54:09.094+0000] {logging_mixin.py:190} INFO - [2024-12-10T19:54:09.093+0000] {dag.py:3239} INFO - Sync 1 DAGs
[2024-12-10T19:54:09.143+0000] {logging_mixin.py:190} INFO - [2024-12-10T19:54:09.143+0000] {dag.py:4180} INFO - Setting next_dagrun for neon_backup_v2 to 2024-12-01 00:00:00+00:00, run_after=2025-01-01 00:00:00+00:00
[2024-12-10T19:54:09.205+0000] {processor.py:208} INFO - Processing /opt/airflow/dags/backup_dag.py took 1.039 seconds
[2024-12-10T19:54:39.288+0000] {processor.py:186} INFO - Started process (PID=306) to work on /opt/airflow/dags/backup_dag.py
[2024-12-10T19:54:39.294+0000] {processor.py:914} INFO - Processing file /opt/airflow/dags/backup_dag.py for tasks to queue
[2024-12-10T19:54:39.301+0000] {logging_mixin.py:190} INFO - [2024-12-10T19:54:39.300+0000] {dagbag.py:588} INFO - Filling up the DagBag from /opt/airflow/dags/backup_dag.py
[2024-12-10T19:54:40.302+0000] {processor.py:925} INFO - DAG(s) 'neon_backup_v2' retrieved from /opt/airflow/dags/backup_dag.py
[2024-12-10T19:54:40.377+0000] {logging_mixin.py:190} INFO - [2024-12-10T19:54:40.376+0000] {dag.py:3239} INFO - Sync 1 DAGs
[2024-12-10T19:54:40.438+0000] {logging_mixin.py:190} INFO - [2024-12-10T19:54:40.438+0000] {dag.py:4180} INFO - Setting next_dagrun for neon_backup_v2 to 2024-12-01 00:00:00+00:00, run_after=2025-01-01 00:00:00+00:00
[2024-12-10T19:54:40.500+0000] {processor.py:208} INFO - Processing /opt/airflow/dags/backup_dag.py took 1.240 seconds
[2024-12-10T19:55:10.790+0000] {processor.py:186} INFO - Started process (PID=317) to work on /opt/airflow/dags/backup_dag.py
[2024-12-10T19:55:10.793+0000] {processor.py:914} INFO - Processing file /opt/airflow/dags/backup_dag.py for tasks to queue
[2024-12-10T19:55:10.803+0000] {logging_mixin.py:190} INFO - [2024-12-10T19:55:10.802+0000] {dagbag.py:588} INFO - Filling up the DagBag from /opt/airflow/dags/backup_dag.py
[2024-12-10T19:55:11.731+0000] {processor.py:925} INFO - DAG(s) 'neon_backup_v2' retrieved from /opt/airflow/dags/backup_dag.py
[2024-12-10T19:55:11.879+0000] {logging_mixin.py:190} INFO - [2024-12-10T19:55:11.878+0000] {dag.py:3239} INFO - Sync 1 DAGs
[2024-12-10T19:55:11.939+0000] {logging_mixin.py:190} INFO - [2024-12-10T19:55:11.939+0000] {dag.py:4180} INFO - Setting next_dagrun for neon_backup_v2 to 2024-12-01 00:00:00+00:00, run_after=2025-01-01 00:00:00+00:00
[2024-12-10T19:55:12.022+0000] {processor.py:208} INFO - Processing /opt/airflow/dags/backup_dag.py took 1.248 seconds
[2024-12-10T19:55:42.314+0000] {processor.py:186} INFO - Started process (PID=330) to work on /opt/airflow/dags/backup_dag.py
[2024-12-10T19:55:42.316+0000] {processor.py:914} INFO - Processing file /opt/airflow/dags/backup_dag.py for tasks to queue
[2024-12-10T19:55:42.319+0000] {logging_mixin.py:190} INFO - [2024-12-10T19:55:42.319+0000] {dagbag.py:588} INFO - Filling up the DagBag from /opt/airflow/dags/backup_dag.py
[2024-12-10T19:55:43.018+0000] {processor.py:925} INFO - DAG(s) 'neon_backup_v2' retrieved from /opt/airflow/dags/backup_dag.py
[2024-12-10T19:55:43.066+0000] {logging_mixin.py:190} INFO - [2024-12-10T19:55:43.066+0000] {dag.py:3239} INFO - Sync 1 DAGs
[2024-12-10T19:55:43.104+0000] {logging_mixin.py:190} INFO - [2024-12-10T19:55:43.104+0000] {dag.py:4180} INFO - Setting next_dagrun for neon_backup_v2 to 2024-12-01 00:00:00+00:00, run_after=2025-01-01 00:00:00+00:00
[2024-12-10T19:55:43.135+0000] {processor.py:208} INFO - Processing /opt/airflow/dags/backup_dag.py took 0.833 seconds
[2024-12-10T19:56:13.859+0000] {processor.py:186} INFO - Started process (PID=345) to work on /opt/airflow/dags/backup_dag.py
[2024-12-10T19:56:13.866+0000] {processor.py:914} INFO - Processing file /opt/airflow/dags/backup_dag.py for tasks to queue
[2024-12-10T19:56:13.869+0000] {logging_mixin.py:190} INFO - [2024-12-10T19:56:13.869+0000] {dagbag.py:588} INFO - Filling up the DagBag from /opt/airflow/dags/backup_dag.py
[2024-12-10T19:56:14.541+0000] {processor.py:925} INFO - DAG(s) 'neon_backup_v2' retrieved from /opt/airflow/dags/backup_dag.py
[2024-12-10T19:56:14.614+0000] {logging_mixin.py:190} INFO - [2024-12-10T19:56:14.604+0000] {dag.py:3239} INFO - Sync 1 DAGs
[2024-12-10T19:56:14.676+0000] {logging_mixin.py:190} INFO - [2024-12-10T19:56:14.676+0000] {dag.py:4180} INFO - Setting next_dagrun for neon_backup_v2 to 2024-12-01 00:00:00+00:00, run_after=2025-01-01 00:00:00+00:00
[2024-12-10T19:56:14.712+0000] {processor.py:208} INFO - Processing /opt/airflow/dags/backup_dag.py took 0.861 seconds
[2024-12-10T19:56:45.204+0000] {processor.py:186} INFO - Started process (PID=360) to work on /opt/airflow/dags/backup_dag.py
[2024-12-10T19:56:45.212+0000] {processor.py:914} INFO - Processing file /opt/airflow/dags/backup_dag.py for tasks to queue
[2024-12-10T19:56:45.220+0000] {logging_mixin.py:190} INFO - [2024-12-10T19:56:45.219+0000] {dagbag.py:588} INFO - Filling up the DagBag from /opt/airflow/dags/backup_dag.py
[2024-12-10T19:56:46.046+0000] {processor.py:925} INFO - DAG(s) 'neon_backup_v2' retrieved from /opt/airflow/dags/backup_dag.py
[2024-12-10T19:56:46.096+0000] {logging_mixin.py:190} INFO - [2024-12-10T19:56:46.096+0000] {dag.py:3239} INFO - Sync 1 DAGs
[2024-12-10T19:56:46.166+0000] {logging_mixin.py:190} INFO - [2024-12-10T19:56:46.165+0000] {dag.py:4180} INFO - Setting next_dagrun for neon_backup_v2 to 2024-12-01 00:00:00+00:00, run_after=2025-01-01 00:00:00+00:00
[2024-12-10T19:56:46.222+0000] {processor.py:208} INFO - Processing /opt/airflow/dags/backup_dag.py took 1.032 seconds
[2024-12-10T19:57:16.436+0000] {processor.py:186} INFO - Started process (PID=375) to work on /opt/airflow/dags/backup_dag.py
[2024-12-10T19:57:16.465+0000] {processor.py:914} INFO - Processing file /opt/airflow/dags/backup_dag.py for tasks to queue
[2024-12-10T19:57:16.473+0000] {logging_mixin.py:190} INFO - [2024-12-10T19:57:16.471+0000] {dagbag.py:588} INFO - Filling up the DagBag from /opt/airflow/dags/backup_dag.py
[2024-12-10T19:57:17.184+0000] {processor.py:925} INFO - DAG(s) 'neon_backup_v2' retrieved from /opt/airflow/dags/backup_dag.py
[2024-12-10T19:57:17.435+0000] {logging_mixin.py:190} INFO - [2024-12-10T19:57:17.427+0000] {dag.py:3239} INFO - Sync 1 DAGs
[2024-12-10T19:57:17.496+0000] {logging_mixin.py:190} INFO - [2024-12-10T19:57:17.495+0000] {dag.py:4180} INFO - Setting next_dagrun for neon_backup_v2 to 2024-12-01 00:00:00+00:00, run_after=2025-01-01 00:00:00+00:00
[2024-12-10T19:57:17.552+0000] {processor.py:208} INFO - Processing /opt/airflow/dags/backup_dag.py took 1.127 seconds
[2024-12-10T19:57:48.321+0000] {processor.py:186} INFO - Started process (PID=389) to work on /opt/airflow/dags/backup_dag.py
[2024-12-10T19:57:48.324+0000] {processor.py:914} INFO - Processing file /opt/airflow/dags/backup_dag.py for tasks to queue
[2024-12-10T19:57:48.330+0000] {logging_mixin.py:190} INFO - [2024-12-10T19:57:48.329+0000] {dagbag.py:588} INFO - Filling up the DagBag from /opt/airflow/dags/backup_dag.py
[2024-12-10T19:57:49.137+0000] {processor.py:925} INFO - DAG(s) 'neon_backup_v2' retrieved from /opt/airflow/dags/backup_dag.py
[2024-12-10T19:57:49.204+0000] {logging_mixin.py:190} INFO - [2024-12-10T19:57:49.203+0000] {dag.py:3239} INFO - Sync 1 DAGs
[2024-12-10T19:57:49.261+0000] {logging_mixin.py:190} INFO - [2024-12-10T19:57:49.260+0000] {dag.py:4180} INFO - Setting next_dagrun for neon_backup_v2 to 2024-12-01 00:00:00+00:00, run_after=2025-01-01 00:00:00+00:00
[2024-12-10T19:57:49.314+0000] {processor.py:208} INFO - Processing /opt/airflow/dags/backup_dag.py took 1.010 seconds
[2024-12-10T19:58:19.838+0000] {processor.py:186} INFO - Started process (PID=404) to work on /opt/airflow/dags/backup_dag.py
[2024-12-10T19:58:19.847+0000] {processor.py:914} INFO - Processing file /opt/airflow/dags/backup_dag.py for tasks to queue
[2024-12-10T19:58:19.853+0000] {logging_mixin.py:190} INFO - [2024-12-10T19:58:19.852+0000] {dagbag.py:588} INFO - Filling up the DagBag from /opt/airflow/dags/backup_dag.py
[2024-12-10T19:58:20.574+0000] {processor.py:925} INFO - DAG(s) 'neon_backup_v2' retrieved from /opt/airflow/dags/backup_dag.py
[2024-12-10T19:58:20.721+0000] {logging_mixin.py:190} INFO - [2024-12-10T19:58:20.721+0000] {dag.py:3239} INFO - Sync 1 DAGs
[2024-12-10T19:58:20.781+0000] {logging_mixin.py:190} INFO - [2024-12-10T19:58:20.781+0000] {dag.py:4180} INFO - Setting next_dagrun for neon_backup_v2 to 2024-12-01 00:00:00+00:00, run_after=2025-01-01 00:00:00+00:00
[2024-12-10T19:58:20.819+0000] {processor.py:208} INFO - Processing /opt/airflow/dags/backup_dag.py took 0.991 seconds
[2024-12-10T19:58:50.954+0000] {processor.py:186} INFO - Started process (PID=420) to work on /opt/airflow/dags/backup_dag.py
[2024-12-10T19:58:50.963+0000] {processor.py:914} INFO - Processing file /opt/airflow/dags/backup_dag.py for tasks to queue
[2024-12-10T19:58:50.966+0000] {logging_mixin.py:190} INFO - [2024-12-10T19:58:50.966+0000] {dagbag.py:588} INFO - Filling up the DagBag from /opt/airflow/dags/backup_dag.py
[2024-12-10T19:58:51.819+0000] {processor.py:925} INFO - DAG(s) 'neon_backup_v2' retrieved from /opt/airflow/dags/backup_dag.py
[2024-12-10T19:58:51.857+0000] {logging_mixin.py:190} INFO - [2024-12-10T19:58:51.857+0000] {dag.py:3239} INFO - Sync 1 DAGs
[2024-12-10T19:58:51.898+0000] {logging_mixin.py:190} INFO - [2024-12-10T19:58:51.897+0000] {dag.py:4180} INFO - Setting next_dagrun for neon_backup_v2 to 2024-12-01 00:00:00+00:00, run_after=2025-01-01 00:00:00+00:00
[2024-12-10T19:58:51.936+0000] {processor.py:208} INFO - Processing /opt/airflow/dags/backup_dag.py took 0.996 seconds
[2024-12-10T19:59:22.463+0000] {processor.py:186} INFO - Started process (PID=435) to work on /opt/airflow/dags/backup_dag.py
[2024-12-10T19:59:22.476+0000] {processor.py:914} INFO - Processing file /opt/airflow/dags/backup_dag.py for tasks to queue
[2024-12-10T19:59:22.484+0000] {logging_mixin.py:190} INFO - [2024-12-10T19:59:22.484+0000] {dagbag.py:588} INFO - Filling up the DagBag from /opt/airflow/dags/backup_dag.py
[2024-12-10T19:59:23.351+0000] {processor.py:925} INFO - DAG(s) 'neon_backup_v2' retrieved from /opt/airflow/dags/backup_dag.py
[2024-12-10T19:59:23.413+0000] {logging_mixin.py:190} INFO - [2024-12-10T19:59:23.412+0000] {dag.py:3239} INFO - Sync 1 DAGs
[2024-12-10T19:59:23.457+0000] {logging_mixin.py:190} INFO - [2024-12-10T19:59:23.457+0000] {dag.py:4180} INFO - Setting next_dagrun for neon_backup_v2 to 2024-12-01 00:00:00+00:00, run_after=2025-01-01 00:00:00+00:00
[2024-12-10T19:59:23.500+0000] {processor.py:208} INFO - Processing /opt/airflow/dags/backup_dag.py took 1.048 seconds
[2024-12-10T19:59:54.014+0000] {processor.py:186} INFO - Started process (PID=456) to work on /opt/airflow/dags/backup_dag.py
[2024-12-10T19:59:54.018+0000] {processor.py:914} INFO - Processing file /opt/airflow/dags/backup_dag.py for tasks to queue
[2024-12-10T19:59:54.028+0000] {logging_mixin.py:190} INFO - [2024-12-10T19:59:54.026+0000] {dagbag.py:588} INFO - Filling up the DagBag from /opt/airflow/dags/backup_dag.py
[2024-12-10T19:59:54.669+0000] {processor.py:925} INFO - DAG(s) 'neon_backup_v2' retrieved from /opt/airflow/dags/backup_dag.py
[2024-12-10T19:59:54.740+0000] {logging_mixin.py:190} INFO - [2024-12-10T19:59:54.739+0000] {dag.py:3239} INFO - Sync 1 DAGs
[2024-12-10T19:59:54.781+0000] {logging_mixin.py:190} INFO - [2024-12-10T19:59:54.781+0000] {dag.py:4180} INFO - Setting next_dagrun for neon_backup_v2 to 2024-12-01 00:00:00+00:00, run_after=2025-01-01 00:00:00+00:00
[2024-12-10T19:59:54.826+0000] {processor.py:208} INFO - Processing /opt/airflow/dags/backup_dag.py took 0.819 seconds
[2024-12-10T20:00:25.011+0000] {processor.py:186} INFO - Started process (PID=471) to work on /opt/airflow/dags/backup_dag.py
[2024-12-10T20:00:25.032+0000] {processor.py:914} INFO - Processing file /opt/airflow/dags/backup_dag.py for tasks to queue
[2024-12-10T20:00:25.147+0000] {logging_mixin.py:190} INFO - [2024-12-10T20:00:25.146+0000] {dagbag.py:588} INFO - Filling up the DagBag from /opt/airflow/dags/backup_dag.py
[2024-12-10T20:00:25.857+0000] {processor.py:925} INFO - DAG(s) 'neon_backup_v2' retrieved from /opt/airflow/dags/backup_dag.py
[2024-12-10T20:00:25.950+0000] {logging_mixin.py:190} INFO - [2024-12-10T20:00:25.949+0000] {dag.py:3239} INFO - Sync 1 DAGs
[2024-12-10T20:00:26.008+0000] {logging_mixin.py:190} INFO - [2024-12-10T20:00:26.008+0000] {dag.py:4180} INFO - Setting next_dagrun for neon_backup_v2 to 2024-12-01 00:00:00+00:00, run_after=2025-01-01 00:00:00+00:00
[2024-12-10T20:00:26.051+0000] {processor.py:208} INFO - Processing /opt/airflow/dags/backup_dag.py took 1.050 seconds
[2024-12-10T20:00:56.762+0000] {processor.py:186} INFO - Started process (PID=486) to work on /opt/airflow/dags/backup_dag.py
[2024-12-10T20:00:56.766+0000] {processor.py:914} INFO - Processing file /opt/airflow/dags/backup_dag.py for tasks to queue
[2024-12-10T20:00:56.772+0000] {logging_mixin.py:190} INFO - [2024-12-10T20:00:56.771+0000] {dagbag.py:588} INFO - Filling up the DagBag from /opt/airflow/dags/backup_dag.py
[2024-12-10T20:00:57.704+0000] {processor.py:925} INFO - DAG(s) 'neon_backup_v2' retrieved from /opt/airflow/dags/backup_dag.py
[2024-12-10T20:00:57.769+0000] {logging_mixin.py:190} INFO - [2024-12-10T20:00:57.766+0000] {dag.py:3239} INFO - Sync 1 DAGs
[2024-12-10T20:00:57.855+0000] {logging_mixin.py:190} INFO - [2024-12-10T20:00:57.854+0000] {dag.py:4180} INFO - Setting next_dagrun for neon_backup_v2 to 2024-12-01 00:00:00+00:00, run_after=2025-01-01 00:00:00+00:00
[2024-12-10T20:00:57.916+0000] {processor.py:208} INFO - Processing /opt/airflow/dags/backup_dag.py took 1.168 seconds
[2024-12-10T20:01:28.612+0000] {processor.py:186} INFO - Started process (PID=501) to work on /opt/airflow/dags/backup_dag.py
[2024-12-10T20:01:28.621+0000] {processor.py:914} INFO - Processing file /opt/airflow/dags/backup_dag.py for tasks to queue
[2024-12-10T20:01:28.627+0000] {logging_mixin.py:190} INFO - [2024-12-10T20:01:28.626+0000] {dagbag.py:588} INFO - Filling up the DagBag from /opt/airflow/dags/backup_dag.py
[2024-12-10T20:01:29.436+0000] {processor.py:925} INFO - DAG(s) 'neon_backup_v2' retrieved from /opt/airflow/dags/backup_dag.py
[2024-12-10T20:01:29.485+0000] {logging_mixin.py:190} INFO - [2024-12-10T20:01:29.484+0000] {dag.py:3239} INFO - Sync 1 DAGs
[2024-12-10T20:01:29.548+0000] {logging_mixin.py:190} INFO - [2024-12-10T20:01:29.548+0000] {dag.py:4180} INFO - Setting next_dagrun for neon_backup_v2 to 2024-12-01 00:00:00+00:00, run_after=2025-01-01 00:00:00+00:00
[2024-12-10T20:01:29.601+0000] {processor.py:208} INFO - Processing /opt/airflow/dags/backup_dag.py took 1.000 seconds
[2024-12-10T20:02:00.004+0000] {processor.py:186} INFO - Started process (PID=516) to work on /opt/airflow/dags/backup_dag.py
[2024-12-10T20:02:00.012+0000] {processor.py:914} INFO - Processing file /opt/airflow/dags/backup_dag.py for tasks to queue
[2024-12-10T20:02:00.026+0000] {logging_mixin.py:190} INFO - [2024-12-10T20:02:00.024+0000] {dagbag.py:588} INFO - Filling up the DagBag from /opt/airflow/dags/backup_dag.py
[2024-12-10T20:02:01.000+0000] {processor.py:925} INFO - DAG(s) 'neon_backup_v2' retrieved from /opt/airflow/dags/backup_dag.py
[2024-12-10T20:02:01.050+0000] {logging_mixin.py:190} INFO - [2024-12-10T20:02:01.050+0000] {dag.py:3239} INFO - Sync 1 DAGs
[2024-12-10T20:02:01.089+0000] {logging_mixin.py:190} INFO - [2024-12-10T20:02:01.089+0000] {dag.py:4180} INFO - Setting next_dagrun for neon_backup_v2 to 2024-12-01 00:00:00+00:00, run_after=2025-01-01 00:00:00+00:00
[2024-12-10T20:02:01.127+0000] {processor.py:208} INFO - Processing /opt/airflow/dags/backup_dag.py took 1.140 seconds
[2024-12-10T20:02:32.522+0000] {processor.py:186} INFO - Started process (PID=530) to work on /opt/airflow/dags/backup_dag.py
[2024-12-10T20:02:32.529+0000] {processor.py:914} INFO - Processing file /opt/airflow/dags/backup_dag.py for tasks to queue
[2024-12-10T20:02:32.535+0000] {logging_mixin.py:190} INFO - [2024-12-10T20:02:32.534+0000] {dagbag.py:588} INFO - Filling up the DagBag from /opt/airflow/dags/backup_dag.py
[2024-12-10T20:02:33.216+0000] {processor.py:925} INFO - DAG(s) 'neon_backup_v2' retrieved from /opt/airflow/dags/backup_dag.py
[2024-12-10T20:02:33.280+0000] {logging_mixin.py:190} INFO - [2024-12-10T20:02:33.279+0000] {dag.py:3239} INFO - Sync 1 DAGs
[2024-12-10T20:02:33.320+0000] {logging_mixin.py:190} INFO - [2024-12-10T20:02:33.319+0000] {dag.py:4180} INFO - Setting next_dagrun for neon_backup_v2 to 2024-12-01 00:00:00+00:00, run_after=2025-01-01 00:00:00+00:00
[2024-12-10T20:02:33.360+0000] {processor.py:208} INFO - Processing /opt/airflow/dags/backup_dag.py took 0.849 seconds
[2024-12-10T20:03:03.567+0000] {processor.py:186} INFO - Started process (PID=544) to work on /opt/airflow/dags/backup_dag.py
[2024-12-10T20:03:03.571+0000] {processor.py:914} INFO - Processing file /opt/airflow/dags/backup_dag.py for tasks to queue
[2024-12-10T20:03:03.577+0000] {logging_mixin.py:190} INFO - [2024-12-10T20:03:03.576+0000] {dagbag.py:588} INFO - Filling up the DagBag from /opt/airflow/dags/backup_dag.py
[2024-12-10T20:03:04.380+0000] {processor.py:925} INFO - DAG(s) 'neon_backup_v2' retrieved from /opt/airflow/dags/backup_dag.py
[2024-12-10T20:03:04.441+0000] {logging_mixin.py:190} INFO - [2024-12-10T20:03:04.440+0000] {dag.py:3239} INFO - Sync 1 DAGs
[2024-12-10T20:03:04.534+0000] {logging_mixin.py:190} INFO - [2024-12-10T20:03:04.534+0000] {dag.py:4180} INFO - Setting next_dagrun for neon_backup_v2 to 2024-12-01 00:00:00+00:00, run_after=2025-01-01 00:00:00+00:00
[2024-12-10T20:03:04.610+0000] {processor.py:208} INFO - Processing /opt/airflow/dags/backup_dag.py took 1.059 seconds
[2024-12-10T20:03:35.278+0000] {processor.py:186} INFO - Started process (PID=560) to work on /opt/airflow/dags/backup_dag.py
[2024-12-10T20:03:35.286+0000] {processor.py:914} INFO - Processing file /opt/airflow/dags/backup_dag.py for tasks to queue
[2024-12-10T20:03:35.310+0000] {logging_mixin.py:190} INFO - [2024-12-10T20:03:35.309+0000] {dagbag.py:588} INFO - Filling up the DagBag from /opt/airflow/dags/backup_dag.py
[2024-12-10T20:03:36.237+0000] {processor.py:925} INFO - DAG(s) 'neon_backup_v2' retrieved from /opt/airflow/dags/backup_dag.py
[2024-12-10T20:03:36.281+0000] {logging_mixin.py:190} INFO - [2024-12-10T20:03:36.280+0000] {dag.py:3239} INFO - Sync 1 DAGs
[2024-12-10T20:03:36.403+0000] {logging_mixin.py:190} INFO - [2024-12-10T20:03:36.403+0000] {dag.py:4180} INFO - Setting next_dagrun for neon_backup_v2 to 2024-12-01 00:00:00+00:00, run_after=2025-01-01 00:00:00+00:00
[2024-12-10T20:03:36.477+0000] {processor.py:208} INFO - Processing /opt/airflow/dags/backup_dag.py took 1.237 seconds
[2024-12-10T20:04:06.966+0000] {processor.py:186} INFO - Started process (PID=575) to work on /opt/airflow/dags/backup_dag.py
[2024-12-10T20:04:06.969+0000] {processor.py:914} INFO - Processing file /opt/airflow/dags/backup_dag.py for tasks to queue
[2024-12-10T20:04:06.972+0000] {logging_mixin.py:190} INFO - [2024-12-10T20:04:06.972+0000] {dagbag.py:588} INFO - Filling up the DagBag from /opt/airflow/dags/backup_dag.py
[2024-12-10T20:04:07.837+0000] {processor.py:925} INFO - DAG(s) 'neon_backup_v2' retrieved from /opt/airflow/dags/backup_dag.py
[2024-12-10T20:04:07.922+0000] {logging_mixin.py:190} INFO - [2024-12-10T20:04:07.921+0000] {dag.py:3239} INFO - Sync 1 DAGs
[2024-12-10T20:04:07.961+0000] {logging_mixin.py:190} INFO - [2024-12-10T20:04:07.960+0000] {dag.py:4180} INFO - Setting next_dagrun for neon_backup_v2 to 2024-12-01 00:00:00+00:00, run_after=2025-01-01 00:00:00+00:00
[2024-12-10T20:04:08.014+0000] {processor.py:208} INFO - Processing /opt/airflow/dags/backup_dag.py took 1.072 seconds
[2024-12-10T20:04:38.502+0000] {processor.py:186} INFO - Started process (PID=590) to work on /opt/airflow/dags/backup_dag.py
[2024-12-10T20:04:38.505+0000] {processor.py:914} INFO - Processing file /opt/airflow/dags/backup_dag.py for tasks to queue
[2024-12-10T20:04:38.511+0000] {logging_mixin.py:190} INFO - [2024-12-10T20:04:38.511+0000] {dagbag.py:588} INFO - Filling up the DagBag from /opt/airflow/dags/backup_dag.py
[2024-12-10T20:04:39.141+0000] {processor.py:925} INFO - DAG(s) 'neon_backup_v2' retrieved from /opt/airflow/dags/backup_dag.py
[2024-12-10T20:04:39.247+0000] {logging_mixin.py:190} INFO - [2024-12-10T20:04:39.246+0000] {dag.py:3239} INFO - Sync 1 DAGs
[2024-12-10T20:04:39.315+0000] {logging_mixin.py:190} INFO - [2024-12-10T20:04:39.315+0000] {dag.py:4180} INFO - Setting next_dagrun for neon_backup_v2 to 2024-12-01 00:00:00+00:00, run_after=2025-01-01 00:00:00+00:00
[2024-12-10T20:04:39.361+0000] {processor.py:208} INFO - Processing /opt/airflow/dags/backup_dag.py took 0.877 seconds
[2024-12-10T20:05:10.364+0000] {processor.py:186} INFO - Started process (PID=605) to work on /opt/airflow/dags/backup_dag.py
[2024-12-10T20:05:10.367+0000] {processor.py:914} INFO - Processing file /opt/airflow/dags/backup_dag.py for tasks to queue
[2024-12-10T20:05:10.371+0000] {logging_mixin.py:190} INFO - [2024-12-10T20:05:10.371+0000] {dagbag.py:588} INFO - Filling up the DagBag from /opt/airflow/dags/backup_dag.py
[2024-12-10T20:05:11.077+0000] {processor.py:925} INFO - DAG(s) 'neon_backup_v2' retrieved from /opt/airflow/dags/backup_dag.py
[2024-12-10T20:05:11.155+0000] {logging_mixin.py:190} INFO - [2024-12-10T20:05:11.155+0000] {dag.py:3239} INFO - Sync 1 DAGs
[2024-12-10T20:05:11.210+0000] {logging_mixin.py:190} INFO - [2024-12-10T20:05:11.210+0000] {dag.py:4180} INFO - Setting next_dagrun for neon_backup_v2 to 2024-12-01 00:00:00+00:00, run_after=2025-01-01 00:00:00+00:00
[2024-12-10T20:05:11.259+0000] {processor.py:208} INFO - Processing /opt/airflow/dags/backup_dag.py took 0.996 seconds
[2024-12-10T20:05:42.019+0000] {processor.py:186} INFO - Started process (PID=620) to work on /opt/airflow/dags/backup_dag.py
[2024-12-10T20:05:42.023+0000] {processor.py:914} INFO - Processing file /opt/airflow/dags/backup_dag.py for tasks to queue
[2024-12-10T20:05:42.034+0000] {logging_mixin.py:190} INFO - [2024-12-10T20:05:42.030+0000] {dagbag.py:588} INFO - Filling up the DagBag from /opt/airflow/dags/backup_dag.py
[2024-12-10T20:05:43.007+0000] {processor.py:925} INFO - DAG(s) 'neon_backup_v2' retrieved from /opt/airflow/dags/backup_dag.py
[2024-12-10T20:05:43.069+0000] {logging_mixin.py:190} INFO - [2024-12-10T20:05:43.068+0000] {dag.py:3239} INFO - Sync 1 DAGs
[2024-12-10T20:05:43.125+0000] {logging_mixin.py:190} INFO - [2024-12-10T20:05:43.125+0000] {dag.py:4180} INFO - Setting next_dagrun for neon_backup_v2 to 2024-12-01 00:00:00+00:00, run_after=2025-01-01 00:00:00+00:00
[2024-12-10T20:05:43.210+0000] {processor.py:208} INFO - Processing /opt/airflow/dags/backup_dag.py took 1.220 seconds
[2024-12-10T20:06:13.621+0000] {processor.py:186} INFO - Started process (PID=635) to work on /opt/airflow/dags/backup_dag.py
[2024-12-10T20:06:13.634+0000] {processor.py:914} INFO - Processing file /opt/airflow/dags/backup_dag.py for tasks to queue
[2024-12-10T20:06:13.640+0000] {logging_mixin.py:190} INFO - [2024-12-10T20:06:13.639+0000] {dagbag.py:588} INFO - Filling up the DagBag from /opt/airflow/dags/backup_dag.py
[2024-12-10T20:06:14.288+0000] {processor.py:925} INFO - DAG(s) 'neon_backup_v2' retrieved from /opt/airflow/dags/backup_dag.py
[2024-12-10T20:06:14.382+0000] {logging_mixin.py:190} INFO - [2024-12-10T20:06:14.381+0000] {dag.py:3239} INFO - Sync 1 DAGs
[2024-12-10T20:06:14.423+0000] {logging_mixin.py:190} INFO - [2024-12-10T20:06:14.423+0000] {dag.py:4180} INFO - Setting next_dagrun for neon_backup_v2 to 2024-12-01 00:00:00+00:00, run_after=2025-01-01 00:00:00+00:00
[2024-12-10T20:06:14.450+0000] {processor.py:208} INFO - Processing /opt/airflow/dags/backup_dag.py took 0.842 seconds
[2024-12-10T20:06:44.944+0000] {processor.py:186} INFO - Started process (PID=650) to work on /opt/airflow/dags/backup_dag.py
[2024-12-10T20:06:44.953+0000] {processor.py:914} INFO - Processing file /opt/airflow/dags/backup_dag.py for tasks to queue
[2024-12-10T20:06:44.987+0000] {logging_mixin.py:190} INFO - [2024-12-10T20:06:44.987+0000] {dagbag.py:588} INFO - Filling up the DagBag from /opt/airflow/dags/backup_dag.py
[2024-12-10T20:06:45.603+0000] {processor.py:925} INFO - DAG(s) 'neon_backup_v2' retrieved from /opt/airflow/dags/backup_dag.py
[2024-12-10T20:06:45.793+0000] {logging_mixin.py:190} INFO - [2024-12-10T20:06:45.793+0000] {dag.py:3239} INFO - Sync 1 DAGs
[2024-12-10T20:06:45.925+0000] {logging_mixin.py:190} INFO - [2024-12-10T20:06:45.870+0000] {dag.py:4180} INFO - Setting next_dagrun for neon_backup_v2 to 2024-12-01 00:00:00+00:00, run_after=2025-01-01 00:00:00+00:00
[2024-12-10T20:06:45.958+0000] {processor.py:208} INFO - Processing /opt/airflow/dags/backup_dag.py took 1.033 seconds
[2024-12-10T20:07:16.754+0000] {processor.py:186} INFO - Started process (PID=665) to work on /opt/airflow/dags/backup_dag.py
[2024-12-10T20:07:16.757+0000] {processor.py:914} INFO - Processing file /opt/airflow/dags/backup_dag.py for tasks to queue
[2024-12-10T20:07:16.766+0000] {logging_mixin.py:190} INFO - [2024-12-10T20:07:16.765+0000] {dagbag.py:588} INFO - Filling up the DagBag from /opt/airflow/dags/backup_dag.py
[2024-12-10T20:07:17.624+0000] {processor.py:925} INFO - DAG(s) 'neon_backup_v2' retrieved from /opt/airflow/dags/backup_dag.py
[2024-12-10T20:07:17.684+0000] {logging_mixin.py:190} INFO - [2024-12-10T20:07:17.684+0000] {dag.py:3239} INFO - Sync 1 DAGs
[2024-12-10T20:07:17.737+0000] {logging_mixin.py:190} INFO - [2024-12-10T20:07:17.736+0000] {dag.py:4180} INFO - Setting next_dagrun for neon_backup_v2 to 2024-12-01 00:00:00+00:00, run_after=2025-01-01 00:00:00+00:00
[2024-12-10T20:07:17.803+0000] {processor.py:208} INFO - Processing /opt/airflow/dags/backup_dag.py took 1.080 seconds
[2024-12-10T20:07:48.180+0000] {processor.py:186} INFO - Started process (PID=680) to work on /opt/airflow/dags/backup_dag.py
[2024-12-10T20:07:48.187+0000] {processor.py:914} INFO - Processing file /opt/airflow/dags/backup_dag.py for tasks to queue
[2024-12-10T20:07:48.192+0000] {logging_mixin.py:190} INFO - [2024-12-10T20:07:48.191+0000] {dagbag.py:588} INFO - Filling up the DagBag from /opt/airflow/dags/backup_dag.py
[2024-12-10T20:07:48.955+0000] {processor.py:925} INFO - DAG(s) 'neon_backup_v2' retrieved from /opt/airflow/dags/backup_dag.py
[2024-12-10T20:07:49.008+0000] {logging_mixin.py:190} INFO - [2024-12-10T20:07:49.008+0000] {dag.py:3239} INFO - Sync 1 DAGs
[2024-12-10T20:07:49.054+0000] {logging_mixin.py:190} INFO - [2024-12-10T20:07:49.054+0000] {dag.py:4180} INFO - Setting next_dagrun for neon_backup_v2 to 2024-12-01 00:00:00+00:00, run_after=2025-01-01 00:00:00+00:00
[2024-12-10T20:07:49.101+0000] {processor.py:208} INFO - Processing /opt/airflow/dags/backup_dag.py took 0.932 seconds
[2024-12-10T20:08:19.765+0000] {processor.py:186} INFO - Started process (PID=695) to work on /opt/airflow/dags/backup_dag.py
[2024-12-10T20:08:19.767+0000] {processor.py:914} INFO - Processing file /opt/airflow/dags/backup_dag.py for tasks to queue
[2024-12-10T20:08:19.776+0000] {logging_mixin.py:190} INFO - [2024-12-10T20:08:19.775+0000] {dagbag.py:588} INFO - Filling up the DagBag from /opt/airflow/dags/backup_dag.py
[2024-12-10T20:08:20.594+0000] {processor.py:925} INFO - DAG(s) 'neon_backup_v2' retrieved from /opt/airflow/dags/backup_dag.py
[2024-12-10T20:08:20.642+0000] {logging_mixin.py:190} INFO - [2024-12-10T20:08:20.641+0000] {dag.py:3239} INFO - Sync 1 DAGs
[2024-12-10T20:08:20.687+0000] {logging_mixin.py:190} INFO - [2024-12-10T20:08:20.687+0000] {dag.py:4180} INFO - Setting next_dagrun for neon_backup_v2 to 2024-12-01 00:00:00+00:00, run_after=2025-01-01 00:00:00+00:00
[2024-12-10T20:08:20.725+0000] {processor.py:208} INFO - Processing /opt/airflow/dags/backup_dag.py took 0.983 seconds
[2024-12-10T20:08:51.252+0000] {processor.py:186} INFO - Started process (PID=710) to work on /opt/airflow/dags/backup_dag.py
[2024-12-10T20:08:51.269+0000] {processor.py:914} INFO - Processing file /opt/airflow/dags/backup_dag.py for tasks to queue
[2024-12-10T20:08:51.273+0000] {logging_mixin.py:190} INFO - [2024-12-10T20:08:51.273+0000] {dagbag.py:588} INFO - Filling up the DagBag from /opt/airflow/dags/backup_dag.py
[2024-12-10T20:08:53.021+0000] {processor.py:925} INFO - DAG(s) 'neon_backup_v2' retrieved from /opt/airflow/dags/backup_dag.py
[2024-12-10T20:08:53.122+0000] {logging_mixin.py:190} INFO - [2024-12-10T20:08:53.121+0000] {dag.py:3239} INFO - Sync 1 DAGs
[2024-12-10T20:08:53.274+0000] {logging_mixin.py:190} INFO - [2024-12-10T20:08:53.271+0000] {dag.py:4180} INFO - Setting next_dagrun for neon_backup_v2 to 2024-12-01 00:00:00+00:00, run_after=2025-01-01 00:00:00+00:00
[2024-12-10T20:08:53.350+0000] {processor.py:208} INFO - Processing /opt/airflow/dags/backup_dag.py took 2.117 seconds
[2024-12-10T20:09:23.467+0000] {processor.py:186} INFO - Started process (PID=724) to work on /opt/airflow/dags/backup_dag.py
[2024-12-10T20:09:23.470+0000] {processor.py:914} INFO - Processing file /opt/airflow/dags/backup_dag.py for tasks to queue
[2024-12-10T20:09:23.485+0000] {logging_mixin.py:190} INFO - [2024-12-10T20:09:23.484+0000] {dagbag.py:588} INFO - Filling up the DagBag from /opt/airflow/dags/backup_dag.py
[2024-12-10T20:09:25.505+0000] {processor.py:925} INFO - DAG(s) 'neon_backup_v2' retrieved from /opt/airflow/dags/backup_dag.py
[2024-12-10T20:09:25.719+0000] {logging_mixin.py:190} INFO - [2024-12-10T20:09:25.703+0000] {dag.py:3239} INFO - Sync 1 DAGs
[2024-12-10T20:09:25.847+0000] {logging_mixin.py:190} INFO - [2024-12-10T20:09:25.837+0000] {dag.py:4180} INFO - Setting next_dagrun for neon_backup_v2 to 2024-12-01 00:00:00+00:00, run_after=2025-01-01 00:00:00+00:00
[2024-12-10T20:09:26.643+0000] {processor.py:208} INFO - Processing /opt/airflow/dags/backup_dag.py took 3.187 seconds
[2024-12-10T20:09:57.040+0000] {processor.py:186} INFO - Started process (PID=740) to work on /opt/airflow/dags/backup_dag.py
[2024-12-10T20:09:57.056+0000] {processor.py:914} INFO - Processing file /opt/airflow/dags/backup_dag.py for tasks to queue
[2024-12-10T20:09:57.064+0000] {logging_mixin.py:190} INFO - [2024-12-10T20:09:57.061+0000] {dagbag.py:588} INFO - Filling up the DagBag from /opt/airflow/dags/backup_dag.py
[2024-12-10T20:09:58.312+0000] {processor.py:925} INFO - DAG(s) 'neon_backup_v2' retrieved from /opt/airflow/dags/backup_dag.py
[2024-12-10T20:09:58.375+0000] {logging_mixin.py:190} INFO - [2024-12-10T20:09:58.374+0000] {dag.py:3239} INFO - Sync 1 DAGs
[2024-12-10T20:09:58.438+0000] {logging_mixin.py:190} INFO - [2024-12-10T20:09:58.438+0000] {dag.py:4180} INFO - Setting next_dagrun for neon_backup_v2 to 2024-12-01 00:00:00+00:00, run_after=2025-01-01 00:00:00+00:00
[2024-12-10T20:09:58.506+0000] {processor.py:208} INFO - Processing /opt/airflow/dags/backup_dag.py took 1.539 seconds
[2024-12-10T20:10:28.903+0000] {processor.py:186} INFO - Started process (PID=755) to work on /opt/airflow/dags/backup_dag.py
[2024-12-10T20:10:28.912+0000] {processor.py:914} INFO - Processing file /opt/airflow/dags/backup_dag.py for tasks to queue
[2024-12-10T20:10:28.928+0000] {logging_mixin.py:190} INFO - [2024-12-10T20:10:28.926+0000] {dagbag.py:588} INFO - Filling up the DagBag from /opt/airflow/dags/backup_dag.py
[2024-12-10T20:10:30.199+0000] {processor.py:925} INFO - DAG(s) 'neon_backup_v2' retrieved from /opt/airflow/dags/backup_dag.py
[2024-12-10T20:10:30.288+0000] {logging_mixin.py:190} INFO - [2024-12-10T20:10:30.287+0000] {dag.py:3239} INFO - Sync 1 DAGs
[2024-12-10T20:10:30.368+0000] {logging_mixin.py:190} INFO - [2024-12-10T20:10:30.367+0000] {dag.py:4180} INFO - Setting next_dagrun for neon_backup_v2 to 2024-12-01 00:00:00+00:00, run_after=2025-01-01 00:00:00+00:00
[2024-12-10T20:10:30.427+0000] {processor.py:208} INFO - Processing /opt/airflow/dags/backup_dag.py took 1.609 seconds
[2024-12-10T20:11:02.031+0000] {processor.py:186} INFO - Started process (PID=776) to work on /opt/airflow/dags/backup_dag.py
[2024-12-10T20:11:02.035+0000] {processor.py:914} INFO - Processing file /opt/airflow/dags/backup_dag.py for tasks to queue
[2024-12-10T20:11:02.040+0000] {logging_mixin.py:190} INFO - [2024-12-10T20:11:02.039+0000] {dagbag.py:588} INFO - Filling up the DagBag from /opt/airflow/dags/backup_dag.py
[2024-12-10T20:11:02.958+0000] {processor.py:925} INFO - DAG(s) 'neon_backup_v2' retrieved from /opt/airflow/dags/backup_dag.py
[2024-12-10T20:11:03.008+0000] {logging_mixin.py:190} INFO - [2024-12-10T20:11:03.007+0000] {dag.py:3239} INFO - Sync 1 DAGs
[2024-12-10T20:11:03.053+0000] {logging_mixin.py:190} INFO - [2024-12-10T20:11:03.053+0000] {dag.py:4180} INFO - Setting next_dagrun for neon_backup_v2 to 2024-12-01 00:00:00+00:00, run_after=2025-01-01 00:00:00+00:00
[2024-12-10T20:11:03.093+0000] {processor.py:208} INFO - Processing /opt/airflow/dags/backup_dag.py took 1.120 seconds
[2024-12-10T20:11:33.388+0000] {processor.py:186} INFO - Started process (PID=788) to work on /opt/airflow/dags/backup_dag.py
[2024-12-10T20:11:33.394+0000] {processor.py:914} INFO - Processing file /opt/airflow/dags/backup_dag.py for tasks to queue
[2024-12-10T20:11:33.401+0000] {logging_mixin.py:190} INFO - [2024-12-10T20:11:33.401+0000] {dagbag.py:588} INFO - Filling up the DagBag from /opt/airflow/dags/backup_dag.py
[2024-12-10T20:11:34.293+0000] {processor.py:925} INFO - DAG(s) 'neon_backup_v2' retrieved from /opt/airflow/dags/backup_dag.py
[2024-12-10T20:11:34.473+0000] {logging_mixin.py:190} INFO - [2024-12-10T20:11:34.472+0000] {dag.py:3239} INFO - Sync 1 DAGs
[2024-12-10T20:11:34.557+0000] {logging_mixin.py:190} INFO - [2024-12-10T20:11:34.557+0000] {dag.py:4180} INFO - Setting next_dagrun for neon_backup_v2 to 2024-12-01 00:00:00+00:00, run_after=2025-01-01 00:00:00+00:00
[2024-12-10T20:11:34.636+0000] {processor.py:208} INFO - Processing /opt/airflow/dags/backup_dag.py took 1.261 seconds
[2024-12-10T20:12:04.911+0000] {processor.py:186} INFO - Started process (PID=801) to work on /opt/airflow/dags/backup_dag.py
[2024-12-10T20:12:04.916+0000] {processor.py:914} INFO - Processing file /opt/airflow/dags/backup_dag.py for tasks to queue
[2024-12-10T20:12:04.921+0000] {logging_mixin.py:190} INFO - [2024-12-10T20:12:04.921+0000] {dagbag.py:588} INFO - Filling up the DagBag from /opt/airflow/dags/backup_dag.py
[2024-12-10T20:12:05.799+0000] {processor.py:925} INFO - DAG(s) 'neon_backup_v2' retrieved from /opt/airflow/dags/backup_dag.py
[2024-12-10T20:12:05.910+0000] {logging_mixin.py:190} INFO - [2024-12-10T20:12:05.909+0000] {dag.py:3239} INFO - Sync 1 DAGs
[2024-12-10T20:12:06.009+0000] {logging_mixin.py:190} INFO - [2024-12-10T20:12:06.008+0000] {dag.py:4180} INFO - Setting next_dagrun for neon_backup_v2 to 2024-12-01 00:00:00+00:00, run_after=2025-01-01 00:00:00+00:00
[2024-12-10T20:12:06.129+0000] {processor.py:208} INFO - Processing /opt/airflow/dags/backup_dag.py took 1.229 seconds
[2024-12-10T20:12:36.473+0000] {processor.py:186} INFO - Started process (PID=816) to work on /opt/airflow/dags/backup_dag.py
[2024-12-10T20:12:36.480+0000] {processor.py:914} INFO - Processing file /opt/airflow/dags/backup_dag.py for tasks to queue
[2024-12-10T20:12:36.525+0000] {logging_mixin.py:190} INFO - [2024-12-10T20:12:36.523+0000] {dagbag.py:588} INFO - Filling up the DagBag from /opt/airflow/dags/backup_dag.py
[2024-12-10T20:12:37.788+0000] {processor.py:925} INFO - DAG(s) 'neon_backup_v2' retrieved from /opt/airflow/dags/backup_dag.py
[2024-12-10T20:12:37.843+0000] {logging_mixin.py:190} INFO - [2024-12-10T20:12:37.842+0000] {dag.py:3239} INFO - Sync 1 DAGs
[2024-12-10T20:12:37.887+0000] {logging_mixin.py:190} INFO - [2024-12-10T20:12:37.887+0000] {dag.py:4180} INFO - Setting next_dagrun for neon_backup_v2 to 2024-12-01 00:00:00+00:00, run_after=2025-01-01 00:00:00+00:00
[2024-12-10T20:12:37.960+0000] {processor.py:208} INFO - Processing /opt/airflow/dags/backup_dag.py took 1.497 seconds
[2024-12-10T20:13:08.367+0000] {processor.py:186} INFO - Started process (PID=831) to work on /opt/airflow/dags/backup_dag.py
[2024-12-10T20:13:08.525+0000] {processor.py:914} INFO - Processing file /opt/airflow/dags/backup_dag.py for tasks to queue
[2024-12-10T20:13:08.562+0000] {logging_mixin.py:190} INFO - [2024-12-10T20:13:08.559+0000] {dagbag.py:588} INFO - Filling up the DagBag from /opt/airflow/dags/backup_dag.py
[2024-12-10T20:13:10.783+0000] {processor.py:925} INFO - DAG(s) 'neon_backup_v2' retrieved from /opt/airflow/dags/backup_dag.py
[2024-12-10T20:13:10.884+0000] {logging_mixin.py:190} INFO - [2024-12-10T20:13:10.883+0000] {dag.py:3239} INFO - Sync 1 DAGs
[2024-12-10T20:13:10.952+0000] {logging_mixin.py:190} INFO - [2024-12-10T20:13:10.952+0000] {dag.py:4180} INFO - Setting next_dagrun for neon_backup_v2 to 2024-12-01 00:00:00+00:00, run_after=2025-01-01 00:00:00+00:00
[2024-12-10T20:13:12.968+0000] {processor.py:208} INFO - Processing /opt/airflow/dags/backup_dag.py took 4.896 seconds
[2024-12-10T20:13:43.545+0000] {processor.py:186} INFO - Started process (PID=847) to work on /opt/airflow/dags/backup_dag.py
[2024-12-10T20:13:43.560+0000] {processor.py:914} INFO - Processing file /opt/airflow/dags/backup_dag.py for tasks to queue
[2024-12-10T20:13:43.590+0000] {logging_mixin.py:190} INFO - [2024-12-10T20:13:43.588+0000] {dagbag.py:588} INFO - Filling up the DagBag from /opt/airflow/dags/backup_dag.py
[2024-12-10T20:13:44.512+0000] {processor.py:925} INFO - DAG(s) 'neon_backup_v2' retrieved from /opt/airflow/dags/backup_dag.py
[2024-12-10T20:13:44.636+0000] {logging_mixin.py:190} INFO - [2024-12-10T20:13:44.634+0000] {dag.py:3239} INFO - Sync 1 DAGs
[2024-12-10T20:13:44.725+0000] {logging_mixin.py:190} INFO - [2024-12-10T20:13:44.725+0000] {dag.py:4180} INFO - Setting next_dagrun for neon_backup_v2 to 2024-12-01 00:00:00+00:00, run_after=2025-01-01 00:00:00+00:00
[2024-12-10T20:13:45.019+0000] {processor.py:208} INFO - Processing /opt/airflow/dags/backup_dag.py took 1.491 seconds
[2024-12-10T20:14:15.939+0000] {processor.py:186} INFO - Started process (PID=861) to work on /opt/airflow/dags/backup_dag.py
[2024-12-10T20:14:15.944+0000] {processor.py:914} INFO - Processing file /opt/airflow/dags/backup_dag.py for tasks to queue
[2024-12-10T20:14:15.953+0000] {logging_mixin.py:190} INFO - [2024-12-10T20:14:15.952+0000] {dagbag.py:588} INFO - Filling up the DagBag from /opt/airflow/dags/backup_dag.py
[2024-12-10T20:14:17.741+0000] {processor.py:925} INFO - DAG(s) 'neon_backup_v2' retrieved from /opt/airflow/dags/backup_dag.py
[2024-12-10T20:14:17.992+0000] {logging_mixin.py:190} INFO - [2024-12-10T20:14:17.987+0000] {dag.py:3239} INFO - Sync 1 DAGs
[2024-12-10T20:14:18.229+0000] {logging_mixin.py:190} INFO - [2024-12-10T20:14:18.229+0000] {dag.py:4180} INFO - Setting next_dagrun for neon_backup_v2 to 2024-12-01 00:00:00+00:00, run_after=2025-01-01 00:00:00+00:00
[2024-12-10T20:14:18.418+0000] {processor.py:208} INFO - Processing /opt/airflow/dags/backup_dag.py took 2.517 seconds
[2024-12-10T20:14:48.891+0000] {processor.py:186} INFO - Started process (PID=876) to work on /opt/airflow/dags/backup_dag.py
[2024-12-10T20:14:48.895+0000] {processor.py:914} INFO - Processing file /opt/airflow/dags/backup_dag.py for tasks to queue
[2024-12-10T20:14:48.915+0000] {logging_mixin.py:190} INFO - [2024-12-10T20:14:48.913+0000] {dagbag.py:588} INFO - Filling up the DagBag from /opt/airflow/dags/backup_dag.py
[2024-12-10T20:14:50.220+0000] {processor.py:925} INFO - DAG(s) 'neon_backup_v2' retrieved from /opt/airflow/dags/backup_dag.py
[2024-12-10T20:14:50.319+0000] {logging_mixin.py:190} INFO - [2024-12-10T20:14:50.317+0000] {dag.py:3239} INFO - Sync 1 DAGs
[2024-12-10T20:14:50.426+0000] {logging_mixin.py:190} INFO - [2024-12-10T20:14:50.425+0000] {dag.py:4180} INFO - Setting next_dagrun for neon_backup_v2 to 2024-12-01 00:00:00+00:00, run_after=2025-01-01 00:00:00+00:00
[2024-12-10T20:14:50.491+0000] {processor.py:208} INFO - Processing /opt/airflow/dags/backup_dag.py took 1.616 seconds
[2024-12-10T20:15:20.999+0000] {processor.py:186} INFO - Started process (PID=890) to work on /opt/airflow/dags/backup_dag.py
[2024-12-10T20:15:21.002+0000] {processor.py:914} INFO - Processing file /opt/airflow/dags/backup_dag.py for tasks to queue
[2024-12-10T20:15:21.008+0000] {logging_mixin.py:190} INFO - [2024-12-10T20:15:21.007+0000] {dagbag.py:588} INFO - Filling up the DagBag from /opt/airflow/dags/backup_dag.py
[2024-12-10T20:15:21.978+0000] {processor.py:925} INFO - DAG(s) 'neon_backup_v2' retrieved from /opt/airflow/dags/backup_dag.py
[2024-12-10T20:15:22.081+0000] {logging_mixin.py:190} INFO - [2024-12-10T20:15:22.080+0000] {dag.py:3239} INFO - Sync 1 DAGs
[2024-12-10T20:15:22.141+0000] {logging_mixin.py:190} INFO - [2024-12-10T20:15:22.141+0000] {dag.py:4180} INFO - Setting next_dagrun for neon_backup_v2 to 2024-12-01 00:00:00+00:00, run_after=2025-01-01 00:00:00+00:00
[2024-12-10T20:15:22.192+0000] {processor.py:208} INFO - Processing /opt/airflow/dags/backup_dag.py took 1.204 seconds
[2024-12-10T20:15:52.600+0000] {processor.py:186} INFO - Started process (PID=905) to work on /opt/airflow/dags/backup_dag.py
[2024-12-10T20:15:52.603+0000] {processor.py:914} INFO - Processing file /opt/airflow/dags/backup_dag.py for tasks to queue
[2024-12-10T20:15:52.609+0000] {logging_mixin.py:190} INFO - [2024-12-10T20:15:52.608+0000] {dagbag.py:588} INFO - Filling up the DagBag from /opt/airflow/dags/backup_dag.py
[2024-12-10T20:15:53.365+0000] {processor.py:925} INFO - DAG(s) 'neon_backup_v2' retrieved from /opt/airflow/dags/backup_dag.py
[2024-12-10T20:15:53.423+0000] {logging_mixin.py:190} INFO - [2024-12-10T20:15:53.422+0000] {dag.py:3239} INFO - Sync 1 DAGs
[2024-12-10T20:15:53.470+0000] {logging_mixin.py:190} INFO - [2024-12-10T20:15:53.470+0000] {dag.py:4180} INFO - Setting next_dagrun for neon_backup_v2 to 2024-12-01 00:00:00+00:00, run_after=2025-01-01 00:00:00+00:00
[2024-12-10T20:15:53.511+0000] {processor.py:208} INFO - Processing /opt/airflow/dags/backup_dag.py took 0.928 seconds
[2024-12-10T20:16:24.115+0000] {processor.py:186} INFO - Started process (PID=919) to work on /opt/airflow/dags/backup_dag.py
[2024-12-10T20:16:24.138+0000] {processor.py:914} INFO - Processing file /opt/airflow/dags/backup_dag.py for tasks to queue
[2024-12-10T20:16:24.162+0000] {logging_mixin.py:190} INFO - [2024-12-10T20:16:24.161+0000] {dagbag.py:588} INFO - Filling up the DagBag from /opt/airflow/dags/backup_dag.py
[2024-12-10T20:16:25.274+0000] {processor.py:925} INFO - DAG(s) 'neon_backup_v2' retrieved from /opt/airflow/dags/backup_dag.py
[2024-12-10T20:16:25.493+0000] {logging_mixin.py:190} INFO - [2024-12-10T20:16:25.492+0000] {dag.py:3239} INFO - Sync 1 DAGs
[2024-12-10T20:16:25.599+0000] {logging_mixin.py:190} INFO - [2024-12-10T20:16:25.599+0000] {dag.py:4180} INFO - Setting next_dagrun for neon_backup_v2 to 2024-12-01 00:00:00+00:00, run_after=2025-01-01 00:00:00+00:00
[2024-12-10T20:16:25.665+0000] {processor.py:208} INFO - Processing /opt/airflow/dags/backup_dag.py took 1.564 seconds
[2024-12-10T20:16:56.158+0000] {processor.py:186} INFO - Started process (PID=934) to work on /opt/airflow/dags/backup_dag.py
[2024-12-10T20:16:56.164+0000] {processor.py:914} INFO - Processing file /opt/airflow/dags/backup_dag.py for tasks to queue
[2024-12-10T20:16:56.175+0000] {logging_mixin.py:190} INFO - [2024-12-10T20:16:56.171+0000] {dagbag.py:588} INFO - Filling up the DagBag from /opt/airflow/dags/backup_dag.py
[2024-12-10T20:16:57.364+0000] {processor.py:925} INFO - DAG(s) 'neon_backup_v2' retrieved from /opt/airflow/dags/backup_dag.py
[2024-12-10T20:16:57.546+0000] {logging_mixin.py:190} INFO - [2024-12-10T20:16:57.545+0000] {dag.py:3239} INFO - Sync 1 DAGs
[2024-12-10T20:16:57.660+0000] {logging_mixin.py:190} INFO - [2024-12-10T20:16:57.659+0000] {dag.py:4180} INFO - Setting next_dagrun for neon_backup_v2 to 2024-12-01 00:00:00+00:00, run_after=2025-01-01 00:00:00+00:00
[2024-12-10T20:16:57.895+0000] {processor.py:208} INFO - Processing /opt/airflow/dags/backup_dag.py took 1.765 seconds
[2024-12-10T20:17:28.366+0000] {processor.py:186} INFO - Started process (PID=950) to work on /opt/airflow/dags/backup_dag.py
[2024-12-10T20:17:28.374+0000] {processor.py:914} INFO - Processing file /opt/airflow/dags/backup_dag.py for tasks to queue
[2024-12-10T20:17:28.391+0000] {logging_mixin.py:190} INFO - [2024-12-10T20:17:28.390+0000] {dagbag.py:588} INFO - Filling up the DagBag from /opt/airflow/dags/backup_dag.py
[2024-12-10T20:17:29.025+0000] {processor.py:925} INFO - DAG(s) 'neon_backup_v2' retrieved from /opt/airflow/dags/backup_dag.py
[2024-12-10T20:17:29.126+0000] {logging_mixin.py:190} INFO - [2024-12-10T20:17:29.123+0000] {dag.py:3239} INFO - Sync 1 DAGs
[2024-12-10T20:17:29.170+0000] {logging_mixin.py:190} INFO - [2024-12-10T20:17:29.170+0000] {dag.py:4180} INFO - Setting next_dagrun for neon_backup_v2 to 2024-12-01 00:00:00+00:00, run_after=2025-01-01 00:00:00+00:00
[2024-12-10T20:17:29.211+0000] {processor.py:208} INFO - Processing /opt/airflow/dags/backup_dag.py took 0.860 seconds
[2024-12-10T20:18:00.085+0000] {processor.py:186} INFO - Started process (PID=965) to work on /opt/airflow/dags/backup_dag.py
[2024-12-10T20:18:00.088+0000] {processor.py:914} INFO - Processing file /opt/airflow/dags/backup_dag.py for tasks to queue
[2024-12-10T20:18:00.096+0000] {logging_mixin.py:190} INFO - [2024-12-10T20:18:00.095+0000] {dagbag.py:588} INFO - Filling up the DagBag from /opt/airflow/dags/backup_dag.py
[2024-12-10T20:18:00.512+0000] {processor.py:925} INFO - DAG(s) 'neon_backup_v2' retrieved from /opt/airflow/dags/backup_dag.py
[2024-12-10T20:18:00.615+0000] {logging_mixin.py:190} INFO - [2024-12-10T20:18:00.615+0000] {dag.py:3239} INFO - Sync 1 DAGs
[2024-12-10T20:18:00.667+0000] {logging_mixin.py:190} INFO - [2024-12-10T20:18:00.666+0000] {dag.py:4180} INFO - Setting next_dagrun for neon_backup_v2 to 2024-12-01 00:00:00+00:00, run_after=2025-01-01 00:00:00+00:00
[2024-12-10T20:18:00.711+0000] {processor.py:208} INFO - Processing /opt/airflow/dags/backup_dag.py took 0.648 seconds
[2024-12-10T20:18:31.763+0000] {processor.py:186} INFO - Started process (PID=980) to work on /opt/airflow/dags/backup_dag.py
[2024-12-10T20:18:31.772+0000] {processor.py:914} INFO - Processing file /opt/airflow/dags/backup_dag.py for tasks to queue
[2024-12-10T20:18:31.777+0000] {logging_mixin.py:190} INFO - [2024-12-10T20:18:31.776+0000] {dagbag.py:588} INFO - Filling up the DagBag from /opt/airflow/dags/backup_dag.py
[2024-12-10T20:18:32.199+0000] {processor.py:925} INFO - DAG(s) 'neon_backup_v2' retrieved from /opt/airflow/dags/backup_dag.py
[2024-12-10T20:18:32.288+0000] {logging_mixin.py:190} INFO - [2024-12-10T20:18:32.287+0000] {dag.py:3239} INFO - Sync 1 DAGs
[2024-12-10T20:18:32.334+0000] {logging_mixin.py:190} INFO - [2024-12-10T20:18:32.334+0000] {dag.py:4180} INFO - Setting next_dagrun for neon_backup_v2 to 2024-12-01 00:00:00+00:00, run_after=2025-01-01 00:00:00+00:00
[2024-12-10T20:18:32.392+0000] {processor.py:208} INFO - Processing /opt/airflow/dags/backup_dag.py took 0.642 seconds
[2024-12-10T20:19:03.116+0000] {processor.py:186} INFO - Started process (PID=995) to work on /opt/airflow/dags/backup_dag.py
[2024-12-10T20:19:03.120+0000] {processor.py:914} INFO - Processing file /opt/airflow/dags/backup_dag.py for tasks to queue
[2024-12-10T20:19:03.127+0000] {logging_mixin.py:190} INFO - [2024-12-10T20:19:03.126+0000] {dagbag.py:588} INFO - Filling up the DagBag from /opt/airflow/dags/backup_dag.py
[2024-12-10T20:19:03.865+0000] {processor.py:925} INFO - DAG(s) 'neon_backup_v2' retrieved from /opt/airflow/dags/backup_dag.py
[2024-12-10T20:19:03.963+0000] {logging_mixin.py:190} INFO - [2024-12-10T20:19:03.963+0000] {dag.py:3239} INFO - Sync 1 DAGs
[2024-12-10T20:19:04.039+0000] {logging_mixin.py:190} INFO - [2024-12-10T20:19:04.038+0000] {dag.py:4180} INFO - Setting next_dagrun for neon_backup_v2 to 2024-12-01 00:00:00+00:00, run_after=2025-01-01 00:00:00+00:00
[2024-12-10T20:19:04.080+0000] {processor.py:208} INFO - Processing /opt/airflow/dags/backup_dag.py took 0.980 seconds
[2024-12-10T20:19:34.458+0000] {processor.py:186} INFO - Started process (PID=1010) to work on /opt/airflow/dags/backup_dag.py
[2024-12-10T20:19:34.461+0000] {processor.py:914} INFO - Processing file /opt/airflow/dags/backup_dag.py for tasks to queue
[2024-12-10T20:19:34.471+0000] {logging_mixin.py:190} INFO - [2024-12-10T20:19:34.467+0000] {dagbag.py:588} INFO - Filling up the DagBag from /opt/airflow/dags/backup_dag.py
[2024-12-10T20:19:35.408+0000] {processor.py:925} INFO - DAG(s) 'neon_backup_v2' retrieved from /opt/airflow/dags/backup_dag.py
[2024-12-10T20:19:35.538+0000] {logging_mixin.py:190} INFO - [2024-12-10T20:19:35.537+0000] {dag.py:3239} INFO - Sync 1 DAGs
[2024-12-10T20:19:35.594+0000] {logging_mixin.py:190} INFO - [2024-12-10T20:19:35.594+0000] {dag.py:4180} INFO - Setting next_dagrun for neon_backup_v2 to 2024-12-01 00:00:00+00:00, run_after=2025-01-01 00:00:00+00:00
[2024-12-10T20:19:35.653+0000] {processor.py:208} INFO - Processing /opt/airflow/dags/backup_dag.py took 1.208 seconds
[2024-12-10T20:20:05.857+0000] {processor.py:186} INFO - Started process (PID=1027) to work on /opt/airflow/dags/backup_dag.py
[2024-12-10T20:20:05.868+0000] {processor.py:914} INFO - Processing file /opt/airflow/dags/backup_dag.py for tasks to queue
[2024-12-10T20:20:05.878+0000] {logging_mixin.py:190} INFO - [2024-12-10T20:20:05.877+0000] {dagbag.py:588} INFO - Filling up the DagBag from /opt/airflow/dags/backup_dag.py
[2024-12-10T20:20:06.483+0000] {processor.py:925} INFO - DAG(s) 'neon_backup_v2' retrieved from /opt/airflow/dags/backup_dag.py
[2024-12-10T20:20:07.470+0000] {logging_mixin.py:190} INFO - [2024-12-10T20:20:07.468+0000] {dag.py:3239} INFO - Sync 1 DAGs
[2024-12-10T20:20:07.803+0000] {logging_mixin.py:190} INFO - [2024-12-10T20:20:07.802+0000] {dag.py:4180} INFO - Setting next_dagrun for neon_backup_v2 to 2024-12-01 00:00:00+00:00, run_after=2025-01-01 00:00:00+00:00
[2024-12-10T20:20:07.886+0000] {processor.py:208} INFO - Processing /opt/airflow/dags/backup_dag.py took 2.041 seconds
[2024-12-10T20:20:38.381+0000] {processor.py:186} INFO - Started process (PID=1040) to work on /opt/airflow/dags/backup_dag.py
[2024-12-10T20:20:38.736+0000] {processor.py:914} INFO - Processing file /opt/airflow/dags/backup_dag.py for tasks to queue
[2024-12-10T20:20:38.761+0000] {logging_mixin.py:190} INFO - [2024-12-10T20:20:38.759+0000] {dagbag.py:588} INFO - Filling up the DagBag from /opt/airflow/dags/backup_dag.py
[2024-12-10T20:20:50.169+0000] {processor.py:925} INFO - DAG(s) 'neon_backup_v2' retrieved from /opt/airflow/dags/backup_dag.py
[2024-12-10T20:20:51.219+0000] {logging_mixin.py:190} INFO - [2024-12-10T20:20:51.174+0000] {dag.py:3239} INFO - Sync 1 DAGs
[2024-12-10T20:20:54.228+0000] {logging_mixin.py:190} INFO - [2024-12-10T20:20:54.227+0000] {dag.py:4180} INFO - Setting next_dagrun for neon_backup_v2 to 2024-12-01 00:00:00+00:00, run_after=2025-01-01 00:00:00+00:00
[2024-12-10T20:20:58.205+0000] {processor.py:208} INFO - Processing /opt/airflow/dags/backup_dag.py took 19.856 seconds
[2024-12-10T20:21:29.805+0000] {processor.py:186} INFO - Started process (PID=1055) to work on /opt/airflow/dags/backup_dag.py
[2024-12-10T20:21:29.810+0000] {processor.py:914} INFO - Processing file /opt/airflow/dags/backup_dag.py for tasks to queue
[2024-12-10T20:21:29.816+0000] {logging_mixin.py:190} INFO - [2024-12-10T20:21:29.815+0000] {dagbag.py:588} INFO - Filling up the DagBag from /opt/airflow/dags/backup_dag.py
[2024-12-10T20:21:30.375+0000] {processor.py:925} INFO - DAG(s) 'neon_backup_v2' retrieved from /opt/airflow/dags/backup_dag.py
[2024-12-10T20:21:30.422+0000] {logging_mixin.py:190} INFO - [2024-12-10T20:21:30.421+0000] {dag.py:3239} INFO - Sync 1 DAGs
[2024-12-10T20:21:30.464+0000] {logging_mixin.py:190} INFO - [2024-12-10T20:21:30.463+0000] {dag.py:4180} INFO - Setting next_dagrun for neon_backup_v2 to 2024-12-01 00:00:00+00:00, run_after=2025-01-01 00:00:00+00:00
[2024-12-10T20:21:30.502+0000] {processor.py:208} INFO - Processing /opt/airflow/dags/backup_dag.py took 0.709 seconds
[2024-12-10T20:22:00.742+0000] {processor.py:186} INFO - Started process (PID=1069) to work on /opt/airflow/dags/backup_dag.py
[2024-12-10T20:22:00.744+0000] {processor.py:914} INFO - Processing file /opt/airflow/dags/backup_dag.py for tasks to queue
[2024-12-10T20:22:00.748+0000] {logging_mixin.py:190} INFO - [2024-12-10T20:22:00.747+0000] {dagbag.py:588} INFO - Filling up the DagBag from /opt/airflow/dags/backup_dag.py
[2024-12-10T20:22:01.109+0000] {processor.py:925} INFO - DAG(s) 'neon_backup_v2' retrieved from /opt/airflow/dags/backup_dag.py
[2024-12-10T20:22:01.150+0000] {logging_mixin.py:190} INFO - [2024-12-10T20:22:01.149+0000] {dag.py:3239} INFO - Sync 1 DAGs
[2024-12-10T20:22:01.179+0000] {logging_mixin.py:190} INFO - [2024-12-10T20:22:01.179+0000] {dag.py:4180} INFO - Setting next_dagrun for neon_backup_v2 to 2024-12-01 00:00:00+00:00, run_after=2025-01-01 00:00:00+00:00
[2024-12-10T20:22:01.241+0000] {processor.py:208} INFO - Processing /opt/airflow/dags/backup_dag.py took 0.506 seconds
[2024-12-10T20:22:31.922+0000] {processor.py:186} INFO - Started process (PID=1084) to work on /opt/airflow/dags/backup_dag.py
[2024-12-10T20:22:31.954+0000] {processor.py:914} INFO - Processing file /opt/airflow/dags/backup_dag.py for tasks to queue
[2024-12-10T20:22:31.959+0000] {logging_mixin.py:190} INFO - [2024-12-10T20:22:31.958+0000] {dagbag.py:588} INFO - Filling up the DagBag from /opt/airflow/dags/backup_dag.py
[2024-12-10T20:22:32.437+0000] {processor.py:925} INFO - DAG(s) 'neon_backup_v2' retrieved from /opt/airflow/dags/backup_dag.py
[2024-12-10T20:22:32.496+0000] {logging_mixin.py:190} INFO - [2024-12-10T20:22:32.495+0000] {dag.py:3239} INFO - Sync 1 DAGs
[2024-12-10T20:22:32.534+0000] {logging_mixin.py:190} INFO - [2024-12-10T20:22:32.534+0000] {dag.py:4180} INFO - Setting next_dagrun for neon_backup_v2 to 2024-12-01 00:00:00+00:00, run_after=2025-01-01 00:00:00+00:00
[2024-12-10T20:22:32.611+0000] {processor.py:208} INFO - Processing /opt/airflow/dags/backup_dag.py took 0.697 seconds
[2024-12-10T20:23:03.469+0000] {processor.py:186} INFO - Started process (PID=1099) to work on /opt/airflow/dags/backup_dag.py
[2024-12-10T20:23:03.476+0000] {processor.py:914} INFO - Processing file /opt/airflow/dags/backup_dag.py for tasks to queue
[2024-12-10T20:23:03.482+0000] {logging_mixin.py:190} INFO - [2024-12-10T20:23:03.481+0000] {dagbag.py:588} INFO - Filling up the DagBag from /opt/airflow/dags/backup_dag.py
[2024-12-10T20:23:04.154+0000] {processor.py:925} INFO - DAG(s) 'neon_backup_v2' retrieved from /opt/airflow/dags/backup_dag.py
[2024-12-10T20:23:04.198+0000] {logging_mixin.py:190} INFO - [2024-12-10T20:23:04.197+0000] {dag.py:3239} INFO - Sync 1 DAGs
[2024-12-10T20:23:04.230+0000] {logging_mixin.py:190} INFO - [2024-12-10T20:23:04.229+0000] {dag.py:4180} INFO - Setting next_dagrun for neon_backup_v2 to 2024-12-01 00:00:00+00:00, run_after=2025-01-01 00:00:00+00:00
[2024-12-10T20:23:04.344+0000] {processor.py:208} INFO - Processing /opt/airflow/dags/backup_dag.py took 0.888 seconds
[2024-12-10T20:23:34.733+0000] {processor.py:186} INFO - Started process (PID=1114) to work on /opt/airflow/dags/backup_dag.py
[2024-12-10T20:23:34.772+0000] {processor.py:914} INFO - Processing file /opt/airflow/dags/backup_dag.py for tasks to queue
[2024-12-10T20:23:34.784+0000] {logging_mixin.py:190} INFO - [2024-12-10T20:23:34.783+0000] {dagbag.py:588} INFO - Filling up the DagBag from /opt/airflow/dags/backup_dag.py
[2024-12-10T20:23:35.261+0000] {processor.py:925} INFO - DAG(s) 'neon_backup_v2' retrieved from /opt/airflow/dags/backup_dag.py
[2024-12-10T20:23:35.308+0000] {logging_mixin.py:190} INFO - [2024-12-10T20:23:35.307+0000] {dag.py:3239} INFO - Sync 1 DAGs
[2024-12-10T20:23:35.339+0000] {logging_mixin.py:190} INFO - [2024-12-10T20:23:35.339+0000] {dag.py:4180} INFO - Setting next_dagrun for neon_backup_v2 to 2024-12-01 00:00:00+00:00, run_after=2025-01-01 00:00:00+00:00
[2024-12-10T20:23:35.518+0000] {processor.py:208} INFO - Processing /opt/airflow/dags/backup_dag.py took 0.798 seconds
[2024-12-10T20:24:06.126+0000] {processor.py:186} INFO - Started process (PID=1129) to work on /opt/airflow/dags/backup_dag.py
[2024-12-10T20:24:06.129+0000] {processor.py:914} INFO - Processing file /opt/airflow/dags/backup_dag.py for tasks to queue
[2024-12-10T20:24:06.134+0000] {logging_mixin.py:190} INFO - [2024-12-10T20:24:06.133+0000] {dagbag.py:588} INFO - Filling up the DagBag from /opt/airflow/dags/backup_dag.py
[2024-12-10T20:24:06.938+0000] {processor.py:925} INFO - DAG(s) 'neon_backup_v2' retrieved from /opt/airflow/dags/backup_dag.py
[2024-12-10T20:24:07.004+0000] {logging_mixin.py:190} INFO - [2024-12-10T20:24:07.002+0000] {dag.py:3239} INFO - Sync 1 DAGs
[2024-12-10T20:24:07.061+0000] {logging_mixin.py:190} INFO - [2024-12-10T20:24:07.061+0000] {dag.py:4180} INFO - Setting next_dagrun for neon_backup_v2 to 2024-12-01 00:00:00+00:00, run_after=2025-01-01 00:00:00+00:00
[2024-12-10T20:24:07.115+0000] {processor.py:208} INFO - Processing /opt/airflow/dags/backup_dag.py took 0.999 seconds
[2024-12-10T20:24:38.031+0000] {processor.py:186} INFO - Started process (PID=1150) to work on /opt/airflow/dags/backup_dag.py
[2024-12-10T20:24:38.118+0000] {processor.py:914} INFO - Processing file /opt/airflow/dags/backup_dag.py for tasks to queue
[2024-12-10T20:24:38.124+0000] {logging_mixin.py:190} INFO - [2024-12-10T20:24:38.123+0000] {dagbag.py:588} INFO - Filling up the DagBag from /opt/airflow/dags/backup_dag.py
[2024-12-10T20:24:38.491+0000] {processor.py:925} INFO - DAG(s) 'neon_backup_v2' retrieved from /opt/airflow/dags/backup_dag.py
[2024-12-10T20:24:38.588+0000] {logging_mixin.py:190} INFO - [2024-12-10T20:24:38.588+0000] {dag.py:3239} INFO - Sync 1 DAGs
[2024-12-10T20:24:38.625+0000] {logging_mixin.py:190} INFO - [2024-12-10T20:24:38.624+0000] {dag.py:4180} INFO - Setting next_dagrun for neon_backup_v2 to 2024-12-01 00:00:00+00:00, run_after=2025-01-01 00:00:00+00:00
[2024-12-10T20:24:38.740+0000] {processor.py:208} INFO - Processing /opt/airflow/dags/backup_dag.py took 0.722 seconds
[2024-12-10T20:25:08.836+0000] {processor.py:186} INFO - Started process (PID=1165) to work on /opt/airflow/dags/backup_dag.py
[2024-12-10T20:25:08.839+0000] {processor.py:914} INFO - Processing file /opt/airflow/dags/backup_dag.py for tasks to queue
[2024-12-10T20:25:08.844+0000] {logging_mixin.py:190} INFO - [2024-12-10T20:25:08.843+0000] {dagbag.py:588} INFO - Filling up the DagBag from /opt/airflow/dags/backup_dag.py
[2024-12-10T20:25:09.493+0000] {processor.py:925} INFO - DAG(s) 'neon_backup_v2' retrieved from /opt/airflow/dags/backup_dag.py
[2024-12-10T20:25:09.574+0000] {logging_mixin.py:190} INFO - [2024-12-10T20:25:09.573+0000] {dag.py:3239} INFO - Sync 1 DAGs
[2024-12-10T20:25:09.638+0000] {logging_mixin.py:190} INFO - [2024-12-10T20:25:09.638+0000] {dag.py:4180} INFO - Setting next_dagrun for neon_backup_v2 to 2024-12-01 00:00:00+00:00, run_after=2025-01-01 00:00:00+00:00
[2024-12-10T20:25:09.677+0000] {processor.py:208} INFO - Processing /opt/airflow/dags/backup_dag.py took 0.847 seconds
[2024-12-10T20:25:40.442+0000] {processor.py:186} INFO - Started process (PID=1181) to work on /opt/airflow/dags/backup_dag.py
[2024-12-10T20:25:40.452+0000] {processor.py:914} INFO - Processing file /opt/airflow/dags/backup_dag.py for tasks to queue
[2024-12-10T20:25:40.458+0000] {logging_mixin.py:190} INFO - [2024-12-10T20:25:40.457+0000] {dagbag.py:588} INFO - Filling up the DagBag from /opt/airflow/dags/backup_dag.py
[2024-12-10T20:25:41.274+0000] {processor.py:925} INFO - DAG(s) 'neon_backup_v2' retrieved from /opt/airflow/dags/backup_dag.py
[2024-12-10T20:25:41.343+0000] {logging_mixin.py:190} INFO - [2024-12-10T20:25:41.342+0000] {dag.py:3239} INFO - Sync 1 DAGs
[2024-12-10T20:25:41.398+0000] {logging_mixin.py:190} INFO - [2024-12-10T20:25:41.397+0000] {dag.py:4180} INFO - Setting next_dagrun for neon_backup_v2 to 2024-12-01 00:00:00+00:00, run_after=2025-01-01 00:00:00+00:00
[2024-12-10T20:25:41.457+0000] {processor.py:208} INFO - Processing /opt/airflow/dags/backup_dag.py took 1.035 seconds
[2024-12-10T20:26:12.508+0000] {processor.py:186} INFO - Started process (PID=1196) to work on /opt/airflow/dags/backup_dag.py
[2024-12-10T20:26:12.516+0000] {processor.py:914} INFO - Processing file /opt/airflow/dags/backup_dag.py for tasks to queue
[2024-12-10T20:26:12.534+0000] {logging_mixin.py:190} INFO - [2024-12-10T20:26:12.533+0000] {dagbag.py:588} INFO - Filling up the DagBag from /opt/airflow/dags/backup_dag.py
[2024-12-10T20:26:13.747+0000] {processor.py:925} INFO - DAG(s) 'neon_backup_v2' retrieved from /opt/airflow/dags/backup_dag.py
[2024-12-10T20:26:13.826+0000] {logging_mixin.py:190} INFO - [2024-12-10T20:26:13.825+0000] {dag.py:3239} INFO - Sync 1 DAGs
[2024-12-10T20:26:13.898+0000] {logging_mixin.py:190} INFO - [2024-12-10T20:26:13.897+0000] {dag.py:4180} INFO - Setting next_dagrun for neon_backup_v2 to 2024-12-01 00:00:00+00:00, run_after=2025-01-01 00:00:00+00:00
[2024-12-10T20:26:13.947+0000] {processor.py:208} INFO - Processing /opt/airflow/dags/backup_dag.py took 1.467 seconds
[2024-12-10T20:26:44.758+0000] {processor.py:186} INFO - Started process (PID=1211) to work on /opt/airflow/dags/backup_dag.py
[2024-12-10T20:26:44.767+0000] {processor.py:914} INFO - Processing file /opt/airflow/dags/backup_dag.py for tasks to queue
[2024-12-10T20:26:44.772+0000] {logging_mixin.py:190} INFO - [2024-12-10T20:26:44.771+0000] {dagbag.py:588} INFO - Filling up the DagBag from /opt/airflow/dags/backup_dag.py
[2024-12-10T20:26:45.387+0000] {processor.py:925} INFO - DAG(s) 'neon_backup_v2' retrieved from /opt/airflow/dags/backup_dag.py
[2024-12-10T20:26:45.453+0000] {logging_mixin.py:190} INFO - [2024-12-10T20:26:45.452+0000] {dag.py:3239} INFO - Sync 1 DAGs
[2024-12-10T20:26:45.489+0000] {logging_mixin.py:190} INFO - [2024-12-10T20:26:45.489+0000] {dag.py:4180} INFO - Setting next_dagrun for neon_backup_v2 to 2024-12-01 00:00:00+00:00, run_after=2025-01-01 00:00:00+00:00
[2024-12-10T20:26:45.537+0000] {processor.py:208} INFO - Processing /opt/airflow/dags/backup_dag.py took 0.804 seconds
[2024-12-10T20:27:15.699+0000] {processor.py:186} INFO - Started process (PID=1226) to work on /opt/airflow/dags/backup_dag.py
[2024-12-10T20:27:15.704+0000] {processor.py:914} INFO - Processing file /opt/airflow/dags/backup_dag.py for tasks to queue
[2024-12-10T20:27:15.709+0000] {logging_mixin.py:190} INFO - [2024-12-10T20:27:15.708+0000] {dagbag.py:588} INFO - Filling up the DagBag from /opt/airflow/dags/backup_dag.py
[2024-12-10T20:27:16.501+0000] {processor.py:925} INFO - DAG(s) 'neon_backup_v2' retrieved from /opt/airflow/dags/backup_dag.py
[2024-12-10T20:27:16.542+0000] {logging_mixin.py:190} INFO - [2024-12-10T20:27:16.541+0000] {dag.py:3239} INFO - Sync 1 DAGs
[2024-12-10T20:27:16.576+0000] {logging_mixin.py:190} INFO - [2024-12-10T20:27:16.575+0000] {dag.py:4180} INFO - Setting next_dagrun for neon_backup_v2 to 2024-12-01 00:00:00+00:00, run_after=2025-01-01 00:00:00+00:00
[2024-12-10T20:27:16.619+0000] {processor.py:208} INFO - Processing /opt/airflow/dags/backup_dag.py took 0.930 seconds
[2024-12-10T20:27:46.898+0000] {processor.py:186} INFO - Started process (PID=1241) to work on /opt/airflow/dags/backup_dag.py
[2024-12-10T20:27:46.903+0000] {processor.py:914} INFO - Processing file /opt/airflow/dags/backup_dag.py for tasks to queue
[2024-12-10T20:27:46.910+0000] {logging_mixin.py:190} INFO - [2024-12-10T20:27:46.910+0000] {dagbag.py:588} INFO - Filling up the DagBag from /opt/airflow/dags/backup_dag.py
[2024-12-10T20:27:47.901+0000] {processor.py:925} INFO - DAG(s) 'neon_backup_v2' retrieved from /opt/airflow/dags/backup_dag.py
[2024-12-10T20:27:48.003+0000] {logging_mixin.py:190} INFO - [2024-12-10T20:27:48.002+0000] {dag.py:3239} INFO - Sync 1 DAGs
[2024-12-10T20:27:48.038+0000] {logging_mixin.py:190} INFO - [2024-12-10T20:27:48.038+0000] {dag.py:4180} INFO - Setting next_dagrun for neon_backup_v2 to 2024-12-01 00:00:00+00:00, run_after=2025-01-01 00:00:00+00:00
[2024-12-10T20:27:48.136+0000] {processor.py:208} INFO - Processing /opt/airflow/dags/backup_dag.py took 1.268 seconds
[2024-12-10T20:28:18.570+0000] {processor.py:186} INFO - Started process (PID=1255) to work on /opt/airflow/dags/backup_dag.py
[2024-12-10T20:28:18.573+0000] {processor.py:914} INFO - Processing file /opt/airflow/dags/backup_dag.py for tasks to queue
[2024-12-10T20:28:18.577+0000] {logging_mixin.py:190} INFO - [2024-12-10T20:28:18.576+0000] {dagbag.py:588} INFO - Filling up the DagBag from /opt/airflow/dags/backup_dag.py
[2024-12-10T20:28:19.426+0000] {processor.py:925} INFO - DAG(s) 'neon_backup_v2' retrieved from /opt/airflow/dags/backup_dag.py
[2024-12-10T20:28:19.500+0000] {logging_mixin.py:190} INFO - [2024-12-10T20:28:19.499+0000] {dag.py:3239} INFO - Sync 1 DAGs
[2024-12-10T20:28:19.548+0000] {logging_mixin.py:190} INFO - [2024-12-10T20:28:19.548+0000] {dag.py:4180} INFO - Setting next_dagrun for neon_backup_v2 to 2024-12-01 00:00:00+00:00, run_after=2025-01-01 00:00:00+00:00
[2024-12-10T20:28:19.594+0000] {processor.py:208} INFO - Processing /opt/airflow/dags/backup_dag.py took 1.044 seconds
[2024-12-10T20:28:50.044+0000] {processor.py:186} INFO - Started process (PID=1270) to work on /opt/airflow/dags/backup_dag.py
[2024-12-10T20:28:50.048+0000] {processor.py:914} INFO - Processing file /opt/airflow/dags/backup_dag.py for tasks to queue
[2024-12-10T20:28:50.058+0000] {logging_mixin.py:190} INFO - [2024-12-10T20:28:50.056+0000] {dagbag.py:588} INFO - Filling up the DagBag from /opt/airflow/dags/backup_dag.py
[2024-12-10T20:28:50.709+0000] {processor.py:925} INFO - DAG(s) 'neon_backup_v2' retrieved from /opt/airflow/dags/backup_dag.py
[2024-12-10T20:28:50.765+0000] {logging_mixin.py:190} INFO - [2024-12-10T20:28:50.764+0000] {dag.py:3239} INFO - Sync 1 DAGs
[2024-12-10T20:28:50.798+0000] {logging_mixin.py:190} INFO - [2024-12-10T20:28:50.797+0000] {dag.py:4180} INFO - Setting next_dagrun for neon_backup_v2 to 2024-12-01 00:00:00+00:00, run_after=2025-01-01 00:00:00+00:00
[2024-12-10T20:28:50.835+0000] {processor.py:208} INFO - Processing /opt/airflow/dags/backup_dag.py took 0.821 seconds
[2024-12-10T20:29:21.178+0000] {processor.py:186} INFO - Started process (PID=1285) to work on /opt/airflow/dags/backup_dag.py
[2024-12-10T20:29:21.188+0000] {processor.py:914} INFO - Processing file /opt/airflow/dags/backup_dag.py for tasks to queue
[2024-12-10T20:29:21.198+0000] {logging_mixin.py:190} INFO - [2024-12-10T20:29:21.197+0000] {dagbag.py:588} INFO - Filling up the DagBag from /opt/airflow/dags/backup_dag.py
[2024-12-10T20:29:21.796+0000] {processor.py:925} INFO - DAG(s) 'neon_backup_v2' retrieved from /opt/airflow/dags/backup_dag.py
[2024-12-10T20:29:21.844+0000] {logging_mixin.py:190} INFO - [2024-12-10T20:29:21.843+0000] {dag.py:3239} INFO - Sync 1 DAGs
[2024-12-10T20:29:21.885+0000] {logging_mixin.py:190} INFO - [2024-12-10T20:29:21.885+0000] {dag.py:4180} INFO - Setting next_dagrun for neon_backup_v2 to 2024-12-01 00:00:00+00:00, run_after=2025-01-01 00:00:00+00:00
[2024-12-10T20:29:21.930+0000] {processor.py:208} INFO - Processing /opt/airflow/dags/backup_dag.py took 0.770 seconds
[2024-12-10T20:29:52.207+0000] {processor.py:186} INFO - Started process (PID=1300) to work on /opt/airflow/dags/backup_dag.py
[2024-12-10T20:29:52.212+0000] {processor.py:914} INFO - Processing file /opt/airflow/dags/backup_dag.py for tasks to queue
[2024-12-10T20:29:52.219+0000] {logging_mixin.py:190} INFO - [2024-12-10T20:29:52.218+0000] {dagbag.py:588} INFO - Filling up the DagBag from /opt/airflow/dags/backup_dag.py
[2024-12-10T20:29:52.858+0000] {processor.py:925} INFO - DAG(s) 'neon_backup_v2' retrieved from /opt/airflow/dags/backup_dag.py
[2024-12-10T20:29:52.978+0000] {logging_mixin.py:190} INFO - [2024-12-10T20:29:52.977+0000] {dag.py:3239} INFO - Sync 1 DAGs
[2024-12-10T20:29:53.080+0000] {logging_mixin.py:190} INFO - [2024-12-10T20:29:53.079+0000] {dag.py:4180} INFO - Setting next_dagrun for neon_backup_v2 to 2024-12-01 00:00:00+00:00, run_after=2025-01-01 00:00:00+00:00
[2024-12-10T20:29:53.116+0000] {processor.py:208} INFO - Processing /opt/airflow/dags/backup_dag.py took 0.924 seconds
[2024-12-10T20:30:23.321+0000] {processor.py:186} INFO - Started process (PID=1315) to work on /opt/airflow/dags/backup_dag.py
[2024-12-10T20:30:23.324+0000] {processor.py:914} INFO - Processing file /opt/airflow/dags/backup_dag.py for tasks to queue
[2024-12-10T20:30:23.335+0000] {logging_mixin.py:190} INFO - [2024-12-10T20:30:23.334+0000] {dagbag.py:588} INFO - Filling up the DagBag from /opt/airflow/dags/backup_dag.py
[2024-12-10T20:30:24.852+0000] {processor.py:925} INFO - DAG(s) 'neon_backup_v2' retrieved from /opt/airflow/dags/backup_dag.py
[2024-12-10T20:30:24.930+0000] {logging_mixin.py:190} INFO - [2024-12-10T20:30:24.929+0000] {dag.py:3239} INFO - Sync 1 DAGs
[2024-12-10T20:30:25.029+0000] {logging_mixin.py:190} INFO - [2024-12-10T20:30:25.028+0000] {dag.py:4180} INFO - Setting next_dagrun for neon_backup_v2 to 2024-12-01 00:00:00+00:00, run_after=2025-01-01 00:00:00+00:00
[2024-12-10T20:30:25.095+0000] {processor.py:208} INFO - Processing /opt/airflow/dags/backup_dag.py took 1.782 seconds
[2024-12-10T20:30:55.610+0000] {processor.py:186} INFO - Started process (PID=1330) to work on /opt/airflow/dags/backup_dag.py
[2024-12-10T20:30:55.612+0000] {processor.py:914} INFO - Processing file /opt/airflow/dags/backup_dag.py for tasks to queue
[2024-12-10T20:30:55.634+0000] {logging_mixin.py:190} INFO - [2024-12-10T20:30:55.620+0000] {dagbag.py:588} INFO - Filling up the DagBag from /opt/airflow/dags/backup_dag.py
[2024-12-10T20:30:56.439+0000] {processor.py:925} INFO - DAG(s) 'neon_backup_v2' retrieved from /opt/airflow/dags/backup_dag.py
[2024-12-10T20:30:56.584+0000] {logging_mixin.py:190} INFO - [2024-12-10T20:30:56.581+0000] {dag.py:3239} INFO - Sync 1 DAGs
[2024-12-10T20:30:56.698+0000] {logging_mixin.py:190} INFO - [2024-12-10T20:30:56.698+0000] {dag.py:4180} INFO - Setting next_dagrun for neon_backup_v2 to 2024-12-01 00:00:00+00:00, run_after=2025-01-01 00:00:00+00:00
[2024-12-10T20:30:56.835+0000] {processor.py:208} INFO - Processing /opt/airflow/dags/backup_dag.py took 1.252 seconds
[2024-12-10T20:31:27.374+0000] {processor.py:186} INFO - Started process (PID=1345) to work on /opt/airflow/dags/backup_dag.py
[2024-12-10T20:31:27.377+0000] {processor.py:914} INFO - Processing file /opt/airflow/dags/backup_dag.py for tasks to queue
[2024-12-10T20:31:27.382+0000] {logging_mixin.py:190} INFO - [2024-12-10T20:31:27.381+0000] {dagbag.py:588} INFO - Filling up the DagBag from /opt/airflow/dags/backup_dag.py
[2024-12-10T20:31:28.028+0000] {processor.py:925} INFO - DAG(s) 'neon_backup_v2' retrieved from /opt/airflow/dags/backup_dag.py
[2024-12-10T20:31:28.080+0000] {logging_mixin.py:190} INFO - [2024-12-10T20:31:28.080+0000] {dag.py:3239} INFO - Sync 1 DAGs
[2024-12-10T20:31:28.133+0000] {logging_mixin.py:190} INFO - [2024-12-10T20:31:28.132+0000] {dag.py:4180} INFO - Setting next_dagrun for neon_backup_v2 to 2024-12-01 00:00:00+00:00, run_after=2025-01-01 00:00:00+00:00
[2024-12-10T20:31:28.180+0000] {processor.py:208} INFO - Processing /opt/airflow/dags/backup_dag.py took 0.817 seconds
[2024-12-10T20:31:58.664+0000] {processor.py:186} INFO - Started process (PID=1360) to work on /opt/airflow/dags/backup_dag.py
[2024-12-10T20:31:58.672+0000] {processor.py:914} INFO - Processing file /opt/airflow/dags/backup_dag.py for tasks to queue
[2024-12-10T20:31:58.680+0000] {logging_mixin.py:190} INFO - [2024-12-10T20:31:58.680+0000] {dagbag.py:588} INFO - Filling up the DagBag from /opt/airflow/dags/backup_dag.py
[2024-12-10T20:31:59.556+0000] {processor.py:925} INFO - DAG(s) 'neon_backup_v2' retrieved from /opt/airflow/dags/backup_dag.py
[2024-12-10T20:31:59.607+0000] {logging_mixin.py:190} INFO - [2024-12-10T20:31:59.606+0000] {dag.py:3239} INFO - Sync 1 DAGs
[2024-12-10T20:31:59.686+0000] {logging_mixin.py:190} INFO - [2024-12-10T20:31:59.686+0000] {dag.py:4180} INFO - Setting next_dagrun for neon_backup_v2 to 2024-12-01 00:00:00+00:00, run_after=2025-01-01 00:00:00+00:00
[2024-12-10T20:32:00.004+0000] {processor.py:208} INFO - Processing /opt/airflow/dags/backup_dag.py took 1.350 seconds
