[2024-12-10T19:45:56.461+0000] {processor.py:186} INFO - Started process (PID=61) to work on /opt/airflow/dags/fraud_detection_dag.py
[2024-12-10T19:45:56.522+0000] {processor.py:914} INFO - Processing file /opt/airflow/dags/fraud_detection_dag.py for tasks to queue
[2024-12-10T19:45:56.584+0000] {logging_mixin.py:190} INFO - [2024-12-10T19:45:56.574+0000] {dagbag.py:588} INFO - Filling up the DagBag from /opt/airflow/dags/fraud_detection_dag.py
[2024-12-10T19:46:07.750+0000] {processor.py:925} INFO - DAG(s) 'fraud_detection' retrieved from /opt/airflow/dags/fraud_detection_dag.py
[2024-12-10T19:46:07.907+0000] {logging_mixin.py:190} INFO - [2024-12-10T19:46:07.907+0000] {dag.py:3239} INFO - Sync 1 DAGs
[2024-12-10T19:46:08.072+0000] {logging_mixin.py:190} INFO - [2024-12-10T19:46:08.070+0000] {dag.py:4180} INFO - Setting next_dagrun for fraud_detection to 2024-12-10 19:45:00+00:00, run_after=2024-12-10 19:46:00+00:00
[2024-12-10T19:46:08.195+0000] {processor.py:208} INFO - Processing /opt/airflow/dags/fraud_detection_dag.py took 11.793 seconds
[2024-12-10T19:46:39.109+0000] {processor.py:186} INFO - Started process (PID=79) to work on /opt/airflow/dags/fraud_detection_dag.py
[2024-12-10T19:46:39.174+0000] {processor.py:914} INFO - Processing file /opt/airflow/dags/fraud_detection_dag.py for tasks to queue
[2024-12-10T19:46:39.177+0000] {logging_mixin.py:190} INFO - [2024-12-10T19:46:39.177+0000] {dagbag.py:588} INFO - Filling up the DagBag from /opt/airflow/dags/fraud_detection_dag.py
[2024-12-10T19:46:42.582+0000] {processor.py:925} INFO - DAG(s) 'fraud_detection' retrieved from /opt/airflow/dags/fraud_detection_dag.py
[2024-12-10T19:46:42.724+0000] {logging_mixin.py:190} INFO - [2024-12-10T19:46:42.723+0000] {dag.py:3239} INFO - Sync 1 DAGs
[2024-12-10T19:46:42.811+0000] {logging_mixin.py:190} INFO - [2024-12-10T19:46:42.811+0000] {dag.py:4180} INFO - Setting next_dagrun for fraud_detection to 2024-12-10 19:45:00+00:00, run_after=2024-12-10 19:46:00+00:00
[2024-12-10T19:46:42.880+0000] {processor.py:208} INFO - Processing /opt/airflow/dags/fraud_detection_dag.py took 3.832 seconds
[2024-12-10T19:47:13.326+0000] {processor.py:186} INFO - Started process (PID=94) to work on /opt/airflow/dags/fraud_detection_dag.py
[2024-12-10T19:47:13.348+0000] {processor.py:914} INFO - Processing file /opt/airflow/dags/fraud_detection_dag.py for tasks to queue
[2024-12-10T19:47:13.405+0000] {logging_mixin.py:190} INFO - [2024-12-10T19:47:13.403+0000] {dagbag.py:588} INFO - Filling up the DagBag from /opt/airflow/dags/fraud_detection_dag.py
[2024-12-10T19:47:18.090+0000] {processor.py:925} INFO - DAG(s) 'fraud_detection' retrieved from /opt/airflow/dags/fraud_detection_dag.py
[2024-12-10T19:47:18.278+0000] {logging_mixin.py:190} INFO - [2024-12-10T19:47:18.278+0000] {dag.py:3239} INFO - Sync 1 DAGs
[2024-12-10T19:47:18.629+0000] {logging_mixin.py:190} INFO - [2024-12-10T19:47:18.628+0000] {dag.py:4180} INFO - Setting next_dagrun for fraud_detection to 2024-12-10 19:46:00+00:00, run_after=2024-12-10 19:47:00+00:00
[2024-12-10T19:47:18.812+0000] {processor.py:208} INFO - Processing /opt/airflow/dags/fraud_detection_dag.py took 5.637 seconds
[2024-12-10T19:47:49.131+0000] {processor.py:186} INFO - Started process (PID=115) to work on /opt/airflow/dags/fraud_detection_dag.py
[2024-12-10T19:47:49.133+0000] {processor.py:914} INFO - Processing file /opt/airflow/dags/fraud_detection_dag.py for tasks to queue
[2024-12-10T19:47:49.136+0000] {logging_mixin.py:190} INFO - [2024-12-10T19:47:49.136+0000] {dagbag.py:588} INFO - Filling up the DagBag from /opt/airflow/dags/fraud_detection_dag.py
[2024-12-10T19:47:52.214+0000] {processor.py:925} INFO - DAG(s) 'fraud_detection' retrieved from /opt/airflow/dags/fraud_detection_dag.py
[2024-12-10T19:47:52.256+0000] {logging_mixin.py:190} INFO - [2024-12-10T19:47:52.255+0000] {dag.py:3239} INFO - Sync 1 DAGs
[2024-12-10T19:47:52.288+0000] {logging_mixin.py:190} INFO - [2024-12-10T19:47:52.288+0000] {dag.py:4180} INFO - Setting next_dagrun for fraud_detection to 2024-12-10 19:46:00+00:00, run_after=2024-12-10 19:47:00+00:00
[2024-12-10T19:47:52.381+0000] {processor.py:208} INFO - Processing /opt/airflow/dags/fraud_detection_dag.py took 3.264 seconds
[2024-12-10T19:48:22.487+0000] {processor.py:186} INFO - Started process (PID=130) to work on /opt/airflow/dags/fraud_detection_dag.py
[2024-12-10T19:48:22.490+0000] {processor.py:914} INFO - Processing file /opt/airflow/dags/fraud_detection_dag.py for tasks to queue
[2024-12-10T19:48:22.495+0000] {logging_mixin.py:190} INFO - [2024-12-10T19:48:22.495+0000] {dagbag.py:588} INFO - Filling up the DagBag from /opt/airflow/dags/fraud_detection_dag.py
[2024-12-10T19:48:24.271+0000] {processor.py:925} INFO - DAG(s) 'fraud_detection' retrieved from /opt/airflow/dags/fraud_detection_dag.py
[2024-12-10T19:48:24.317+0000] {logging_mixin.py:190} INFO - [2024-12-10T19:48:24.317+0000] {dag.py:3239} INFO - Sync 1 DAGs
[2024-12-10T19:48:24.356+0000] {logging_mixin.py:190} INFO - [2024-12-10T19:48:24.355+0000] {dag.py:4180} INFO - Setting next_dagrun for fraud_detection to 2024-12-10 19:47:00+00:00, run_after=2024-12-10 19:48:00+00:00
[2024-12-10T19:48:24.399+0000] {processor.py:208} INFO - Processing /opt/airflow/dags/fraud_detection_dag.py took 1.921 seconds
[2024-12-10T19:48:54.929+0000] {processor.py:186} INFO - Started process (PID=145) to work on /opt/airflow/dags/fraud_detection_dag.py
[2024-12-10T19:48:54.935+0000] {processor.py:914} INFO - Processing file /opt/airflow/dags/fraud_detection_dag.py for tasks to queue
[2024-12-10T19:48:54.939+0000] {logging_mixin.py:190} INFO - [2024-12-10T19:48:54.938+0000] {dagbag.py:588} INFO - Filling up the DagBag from /opt/airflow/dags/fraud_detection_dag.py
[2024-12-10T19:48:56.974+0000] {processor.py:925} INFO - DAG(s) 'fraud_detection' retrieved from /opt/airflow/dags/fraud_detection_dag.py
[2024-12-10T19:48:57.022+0000] {logging_mixin.py:190} INFO - [2024-12-10T19:48:57.020+0000] {dag.py:3239} INFO - Sync 1 DAGs
[2024-12-10T19:48:57.061+0000] {logging_mixin.py:190} INFO - [2024-12-10T19:48:57.061+0000] {dag.py:4180} INFO - Setting next_dagrun for fraud_detection to 2024-12-10 19:47:00+00:00, run_after=2024-12-10 19:48:00+00:00
[2024-12-10T19:48:57.103+0000] {processor.py:208} INFO - Processing /opt/airflow/dags/fraud_detection_dag.py took 2.182 seconds
[2024-12-10T19:49:27.541+0000] {processor.py:186} INFO - Started process (PID=159) to work on /opt/airflow/dags/fraud_detection_dag.py
[2024-12-10T19:49:27.546+0000] {processor.py:914} INFO - Processing file /opt/airflow/dags/fraud_detection_dag.py for tasks to queue
[2024-12-10T19:49:27.561+0000] {logging_mixin.py:190} INFO - [2024-12-10T19:49:27.559+0000] {dagbag.py:588} INFO - Filling up the DagBag from /opt/airflow/dags/fraud_detection_dag.py
[2024-12-10T19:49:30.615+0000] {processor.py:925} INFO - DAG(s) 'fraud_detection' retrieved from /opt/airflow/dags/fraud_detection_dag.py
[2024-12-10T19:49:30.685+0000] {logging_mixin.py:190} INFO - [2024-12-10T19:49:30.684+0000] {dag.py:3239} INFO - Sync 1 DAGs
[2024-12-10T19:49:30.754+0000] {logging_mixin.py:190} INFO - [2024-12-10T19:49:30.754+0000] {dag.py:4180} INFO - Setting next_dagrun for fraud_detection to 2024-12-10 19:48:00+00:00, run_after=2024-12-10 19:49:00+00:00
[2024-12-10T19:49:30.841+0000] {processor.py:208} INFO - Processing /opt/airflow/dags/fraud_detection_dag.py took 3.342 seconds
[2024-12-10T19:50:01.323+0000] {processor.py:186} INFO - Started process (PID=173) to work on /opt/airflow/dags/fraud_detection_dag.py
[2024-12-10T19:50:01.334+0000] {processor.py:914} INFO - Processing file /opt/airflow/dags/fraud_detection_dag.py for tasks to queue
[2024-12-10T19:50:01.339+0000] {logging_mixin.py:190} INFO - [2024-12-10T19:50:01.338+0000] {dagbag.py:588} INFO - Filling up the DagBag from /opt/airflow/dags/fraud_detection_dag.py
[2024-12-10T19:50:04.585+0000] {processor.py:925} INFO - DAG(s) 'fraud_detection' retrieved from /opt/airflow/dags/fraud_detection_dag.py
[2024-12-10T19:50:04.645+0000] {logging_mixin.py:190} INFO - [2024-12-10T19:50:04.643+0000] {dag.py:3239} INFO - Sync 1 DAGs
[2024-12-10T19:50:04.718+0000] {logging_mixin.py:190} INFO - [2024-12-10T19:50:04.718+0000] {dag.py:4180} INFO - Setting next_dagrun for fraud_detection to 2024-12-10 19:49:00+00:00, run_after=2024-12-10 19:50:00+00:00
[2024-12-10T19:50:04.756+0000] {processor.py:208} INFO - Processing /opt/airflow/dags/fraud_detection_dag.py took 3.442 seconds
[2024-12-10T19:50:35.508+0000] {processor.py:186} INFO - Started process (PID=187) to work on /opt/airflow/dags/fraud_detection_dag.py
[2024-12-10T19:50:35.517+0000] {processor.py:914} INFO - Processing file /opt/airflow/dags/fraud_detection_dag.py for tasks to queue
[2024-12-10T19:50:35.531+0000] {logging_mixin.py:190} INFO - [2024-12-10T19:50:35.529+0000] {dagbag.py:588} INFO - Filling up the DagBag from /opt/airflow/dags/fraud_detection_dag.py
[2024-12-10T19:50:39.090+0000] {processor.py:925} INFO - DAG(s) 'fraud_detection' retrieved from /opt/airflow/dags/fraud_detection_dag.py
[2024-12-10T19:50:39.198+0000] {logging_mixin.py:190} INFO - [2024-12-10T19:50:39.197+0000] {dag.py:3239} INFO - Sync 1 DAGs
[2024-12-10T19:50:39.303+0000] {logging_mixin.py:190} INFO - [2024-12-10T19:50:39.299+0000] {dag.py:4180} INFO - Setting next_dagrun for fraud_detection to 2024-12-10 19:49:00+00:00, run_after=2024-12-10 19:50:00+00:00
[2024-12-10T19:50:39.392+0000] {processor.py:208} INFO - Processing /opt/airflow/dags/fraud_detection_dag.py took 3.926 seconds
[2024-12-10T19:51:09.620+0000] {processor.py:186} INFO - Started process (PID=202) to work on /opt/airflow/dags/fraud_detection_dag.py
[2024-12-10T19:51:09.628+0000] {processor.py:914} INFO - Processing file /opt/airflow/dags/fraud_detection_dag.py for tasks to queue
[2024-12-10T19:51:09.638+0000] {logging_mixin.py:190} INFO - [2024-12-10T19:51:09.637+0000] {dagbag.py:588} INFO - Filling up the DagBag from /opt/airflow/dags/fraud_detection_dag.py
[2024-12-10T19:51:13.162+0000] {processor.py:925} INFO - DAG(s) 'fraud_detection' retrieved from /opt/airflow/dags/fraud_detection_dag.py
[2024-12-10T19:51:13.284+0000] {logging_mixin.py:190} INFO - [2024-12-10T19:51:13.283+0000] {dag.py:3239} INFO - Sync 1 DAGs
[2024-12-10T19:51:13.388+0000] {logging_mixin.py:190} INFO - [2024-12-10T19:51:13.388+0000] {dag.py:4180} INFO - Setting next_dagrun for fraud_detection to 2024-12-10 19:50:00+00:00, run_after=2024-12-10 19:51:00+00:00
[2024-12-10T19:51:13.518+0000] {processor.py:208} INFO - Processing /opt/airflow/dags/fraud_detection_dag.py took 3.917 seconds
[2024-12-10T19:51:43.713+0000] {processor.py:186} INFO - Started process (PID=217) to work on /opt/airflow/dags/fraud_detection_dag.py
[2024-12-10T19:51:43.729+0000] {processor.py:914} INFO - Processing file /opt/airflow/dags/fraud_detection_dag.py for tasks to queue
[2024-12-10T19:51:43.737+0000] {logging_mixin.py:190} INFO - [2024-12-10T19:51:43.736+0000] {dagbag.py:588} INFO - Filling up the DagBag from /opt/airflow/dags/fraud_detection_dag.py
[2024-12-10T19:51:46.969+0000] {processor.py:925} INFO - DAG(s) 'fraud_detection' retrieved from /opt/airflow/dags/fraud_detection_dag.py
[2024-12-10T19:51:47.082+0000] {logging_mixin.py:190} INFO - [2024-12-10T19:51:47.081+0000] {dag.py:3239} INFO - Sync 1 DAGs
[2024-12-10T19:51:47.221+0000] {logging_mixin.py:190} INFO - [2024-12-10T19:51:47.220+0000] {dag.py:4180} INFO - Setting next_dagrun for fraud_detection to 2024-12-10 19:50:00+00:00, run_after=2024-12-10 19:51:00+00:00
[2024-12-10T19:51:47.298+0000] {processor.py:208} INFO - Processing /opt/airflow/dags/fraud_detection_dag.py took 3.614 seconds
[2024-12-10T19:52:17.963+0000] {processor.py:186} INFO - Started process (PID=233) to work on /opt/airflow/dags/fraud_detection_dag.py
[2024-12-10T19:52:18.019+0000] {processor.py:914} INFO - Processing file /opt/airflow/dags/fraud_detection_dag.py for tasks to queue
[2024-12-10T19:52:18.025+0000] {logging_mixin.py:190} INFO - [2024-12-10T19:52:18.024+0000] {dagbag.py:588} INFO - Filling up the DagBag from /opt/airflow/dags/fraud_detection_dag.py
[2024-12-10T19:52:24.199+0000] {processor.py:925} INFO - DAG(s) 'fraud_detection' retrieved from /opt/airflow/dags/fraud_detection_dag.py
[2024-12-10T19:52:24.856+0000] {logging_mixin.py:190} INFO - [2024-12-10T19:52:24.852+0000] {dag.py:3239} INFO - Sync 1 DAGs
[2024-12-10T19:52:25.161+0000] {logging_mixin.py:190} INFO - [2024-12-10T19:52:25.161+0000] {dag.py:4180} INFO - Setting next_dagrun for fraud_detection to 2024-12-10 19:51:00+00:00, run_after=2024-12-10 19:52:00+00:00
[2024-12-10T19:52:25.407+0000] {processor.py:208} INFO - Processing /opt/airflow/dags/fraud_detection_dag.py took 7.492 seconds
[2024-12-10T19:52:56.399+0000] {processor.py:186} INFO - Started process (PID=254) to work on /opt/airflow/dags/fraud_detection_dag.py
[2024-12-10T19:52:56.411+0000] {processor.py:914} INFO - Processing file /opt/airflow/dags/fraud_detection_dag.py for tasks to queue
[2024-12-10T19:52:56.441+0000] {logging_mixin.py:190} INFO - [2024-12-10T19:52:56.440+0000] {dagbag.py:588} INFO - Filling up the DagBag from /opt/airflow/dags/fraud_detection_dag.py
[2024-12-10T19:52:59.390+0000] {processor.py:925} INFO - DAG(s) 'fraud_detection' retrieved from /opt/airflow/dags/fraud_detection_dag.py
[2024-12-10T19:52:59.561+0000] {logging_mixin.py:190} INFO - [2024-12-10T19:52:59.560+0000] {dag.py:3239} INFO - Sync 1 DAGs
[2024-12-10T19:52:59.711+0000] {logging_mixin.py:190} INFO - [2024-12-10T19:52:59.711+0000] {dag.py:4180} INFO - Setting next_dagrun for fraud_detection to 2024-12-10 19:51:00+00:00, run_after=2024-12-10 19:52:00+00:00
[2024-12-10T19:52:59.875+0000] {processor.py:208} INFO - Processing /opt/airflow/dags/fraud_detection_dag.py took 3.490 seconds
[2024-12-10T19:53:30.699+0000] {processor.py:186} INFO - Started process (PID=269) to work on /opt/airflow/dags/fraud_detection_dag.py
[2024-12-10T19:53:30.702+0000] {processor.py:914} INFO - Processing file /opt/airflow/dags/fraud_detection_dag.py for tasks to queue
[2024-12-10T19:53:30.709+0000] {logging_mixin.py:190} INFO - [2024-12-10T19:53:30.708+0000] {dagbag.py:588} INFO - Filling up the DagBag from /opt/airflow/dags/fraud_detection_dag.py
[2024-12-10T19:53:32.697+0000] {processor.py:925} INFO - DAG(s) 'fraud_detection' retrieved from /opt/airflow/dags/fraud_detection_dag.py
[2024-12-10T19:53:32.801+0000] {logging_mixin.py:190} INFO - [2024-12-10T19:53:32.800+0000] {dag.py:3239} INFO - Sync 1 DAGs
[2024-12-10T19:53:32.853+0000] {logging_mixin.py:190} INFO - [2024-12-10T19:53:32.853+0000] {dag.py:4180} INFO - Setting next_dagrun for fraud_detection to 2024-12-10 19:52:00+00:00, run_after=2024-12-10 19:53:00+00:00
[2024-12-10T19:53:32.912+0000] {processor.py:208} INFO - Processing /opt/airflow/dags/fraud_detection_dag.py took 2.233 seconds
[2024-12-10T19:54:03.722+0000] {processor.py:186} INFO - Started process (PID=284) to work on /opt/airflow/dags/fraud_detection_dag.py
[2024-12-10T19:54:03.746+0000] {processor.py:914} INFO - Processing file /opt/airflow/dags/fraud_detection_dag.py for tasks to queue
[2024-12-10T19:54:03.754+0000] {logging_mixin.py:190} INFO - [2024-12-10T19:54:03.753+0000] {dagbag.py:588} INFO - Filling up the DagBag from /opt/airflow/dags/fraud_detection_dag.py
[2024-12-10T19:54:06.049+0000] {processor.py:925} INFO - DAG(s) 'fraud_detection' retrieved from /opt/airflow/dags/fraud_detection_dag.py
[2024-12-10T19:54:06.134+0000] {logging_mixin.py:190} INFO - [2024-12-10T19:54:06.133+0000] {dag.py:3239} INFO - Sync 1 DAGs
[2024-12-10T19:54:06.199+0000] {logging_mixin.py:190} INFO - [2024-12-10T19:54:06.198+0000] {dag.py:4180} INFO - Setting next_dagrun for fraud_detection to 2024-12-10 19:53:00+00:00, run_after=2024-12-10 19:54:00+00:00
[2024-12-10T19:54:06.263+0000] {processor.py:208} INFO - Processing /opt/airflow/dags/fraud_detection_dag.py took 2.571 seconds
[2024-12-10T19:54:37.234+0000] {processor.py:186} INFO - Started process (PID=301) to work on /opt/airflow/dags/fraud_detection_dag.py
[2024-12-10T19:54:37.240+0000] {processor.py:914} INFO - Processing file /opt/airflow/dags/fraud_detection_dag.py for tasks to queue
[2024-12-10T19:54:37.250+0000] {logging_mixin.py:190} INFO - [2024-12-10T19:54:37.250+0000] {dagbag.py:588} INFO - Filling up the DagBag from /opt/airflow/dags/fraud_detection_dag.py
[2024-12-10T19:54:39.901+0000] {processor.py:925} INFO - DAG(s) 'fraud_detection' retrieved from /opt/airflow/dags/fraud_detection_dag.py
[2024-12-10T19:54:39.959+0000] {logging_mixin.py:190} INFO - [2024-12-10T19:54:39.958+0000] {dag.py:3239} INFO - Sync 1 DAGs
[2024-12-10T19:54:40.018+0000] {logging_mixin.py:190} INFO - [2024-12-10T19:54:40.017+0000] {dag.py:4180} INFO - Setting next_dagrun for fraud_detection to 2024-12-10 19:53:00+00:00, run_after=2024-12-10 19:54:00+00:00
[2024-12-10T19:54:40.072+0000] {processor.py:208} INFO - Processing /opt/airflow/dags/fraud_detection_dag.py took 2.854 seconds
[2024-12-10T19:55:10.773+0000] {processor.py:186} INFO - Started process (PID=316) to work on /opt/airflow/dags/fraud_detection_dag.py
[2024-12-10T19:55:10.781+0000] {processor.py:914} INFO - Processing file /opt/airflow/dags/fraud_detection_dag.py for tasks to queue
[2024-12-10T19:55:10.788+0000] {logging_mixin.py:190} INFO - [2024-12-10T19:55:10.787+0000] {dagbag.py:588} INFO - Filling up the DagBag from /opt/airflow/dags/fraud_detection_dag.py
[2024-12-10T19:55:13.782+0000] {processor.py:925} INFO - DAG(s) 'fraud_detection' retrieved from /opt/airflow/dags/fraud_detection_dag.py
[2024-12-10T19:55:13.946+0000] {logging_mixin.py:190} INFO - [2024-12-10T19:55:13.945+0000] {dag.py:3239} INFO - Sync 1 DAGs
[2024-12-10T19:55:14.011+0000] {logging_mixin.py:190} INFO - [2024-12-10T19:55:14.010+0000] {dag.py:4180} INFO - Setting next_dagrun for fraud_detection to 2024-12-10 19:54:00+00:00, run_after=2024-12-10 19:55:00+00:00
[2024-12-10T19:55:14.066+0000] {processor.py:208} INFO - Processing /opt/airflow/dags/fraud_detection_dag.py took 3.304 seconds
[2024-12-10T19:55:44.249+0000] {processor.py:186} INFO - Started process (PID=332) to work on /opt/airflow/dags/fraud_detection_dag.py
[2024-12-10T19:55:44.258+0000] {processor.py:914} INFO - Processing file /opt/airflow/dags/fraud_detection_dag.py for tasks to queue
[2024-12-10T19:55:44.264+0000] {logging_mixin.py:190} INFO - [2024-12-10T19:55:44.264+0000] {dagbag.py:588} INFO - Filling up the DagBag from /opt/airflow/dags/fraud_detection_dag.py
[2024-12-10T19:55:45.984+0000] {processor.py:925} INFO - DAG(s) 'fraud_detection' retrieved from /opt/airflow/dags/fraud_detection_dag.py
[2024-12-10T19:55:46.092+0000] {logging_mixin.py:190} INFO - [2024-12-10T19:55:46.089+0000] {dag.py:3239} INFO - Sync 1 DAGs
[2024-12-10T19:55:46.142+0000] {logging_mixin.py:190} INFO - [2024-12-10T19:55:46.141+0000] {dag.py:4180} INFO - Setting next_dagrun for fraud_detection to 2024-12-10 19:54:00+00:00, run_after=2024-12-10 19:55:00+00:00
[2024-12-10T19:55:46.206+0000] {processor.py:208} INFO - Processing /opt/airflow/dags/fraud_detection_dag.py took 1.980 seconds
[2024-12-10T19:56:16.774+0000] {processor.py:186} INFO - Started process (PID=347) to work on /opt/airflow/dags/fraud_detection_dag.py
[2024-12-10T19:56:16.776+0000] {processor.py:914} INFO - Processing file /opt/airflow/dags/fraud_detection_dag.py for tasks to queue
[2024-12-10T19:56:16.781+0000] {logging_mixin.py:190} INFO - [2024-12-10T19:56:16.781+0000] {dagbag.py:588} INFO - Filling up the DagBag from /opt/airflow/dags/fraud_detection_dag.py
[2024-12-10T19:56:18.687+0000] {processor.py:925} INFO - DAG(s) 'fraud_detection' retrieved from /opt/airflow/dags/fraud_detection_dag.py
[2024-12-10T19:56:18.743+0000] {logging_mixin.py:190} INFO - [2024-12-10T19:56:18.741+0000] {dag.py:3239} INFO - Sync 1 DAGs
[2024-12-10T19:56:18.811+0000] {logging_mixin.py:190} INFO - [2024-12-10T19:56:18.811+0000] {dag.py:4180} INFO - Setting next_dagrun for fraud_detection to 2024-12-10 19:55:00+00:00, run_after=2024-12-10 19:56:00+00:00
[2024-12-10T19:56:18.865+0000] {processor.py:208} INFO - Processing /opt/airflow/dags/fraud_detection_dag.py took 2.105 seconds
[2024-12-10T19:56:49.316+0000] {processor.py:186} INFO - Started process (PID=362) to work on /opt/airflow/dags/fraud_detection_dag.py
[2024-12-10T19:56:49.324+0000] {processor.py:914} INFO - Processing file /opt/airflow/dags/fraud_detection_dag.py for tasks to queue
[2024-12-10T19:56:49.332+0000] {logging_mixin.py:190} INFO - [2024-12-10T19:56:49.331+0000] {dagbag.py:588} INFO - Filling up the DagBag from /opt/airflow/dags/fraud_detection_dag.py
[2024-12-10T19:56:51.049+0000] {processor.py:925} INFO - DAG(s) 'fraud_detection' retrieved from /opt/airflow/dags/fraud_detection_dag.py
[2024-12-10T19:56:51.087+0000] {logging_mixin.py:190} INFO - [2024-12-10T19:56:51.086+0000] {dag.py:3239} INFO - Sync 1 DAGs
[2024-12-10T19:56:51.150+0000] {logging_mixin.py:190} INFO - [2024-12-10T19:56:51.150+0000] {dag.py:4180} INFO - Setting next_dagrun for fraud_detection to 2024-12-10 19:55:00+00:00, run_after=2024-12-10 19:56:00+00:00
[2024-12-10T19:56:51.247+0000] {processor.py:208} INFO - Processing /opt/airflow/dags/fraud_detection_dag.py took 1.942 seconds
[2024-12-10T19:57:21.640+0000] {processor.py:186} INFO - Started process (PID=377) to work on /opt/airflow/dags/fraud_detection_dag.py
[2024-12-10T19:57:21.649+0000] {processor.py:914} INFO - Processing file /opt/airflow/dags/fraud_detection_dag.py for tasks to queue
[2024-12-10T19:57:21.663+0000] {logging_mixin.py:190} INFO - [2024-12-10T19:57:21.663+0000] {dagbag.py:588} INFO - Filling up the DagBag from /opt/airflow/dags/fraud_detection_dag.py
[2024-12-10T19:57:23.507+0000] {processor.py:925} INFO - DAG(s) 'fraud_detection' retrieved from /opt/airflow/dags/fraud_detection_dag.py
[2024-12-10T19:57:23.551+0000] {logging_mixin.py:190} INFO - [2024-12-10T19:57:23.550+0000] {dag.py:3239} INFO - Sync 1 DAGs
[2024-12-10T19:57:23.601+0000] {logging_mixin.py:190} INFO - [2024-12-10T19:57:23.600+0000] {dag.py:4180} INFO - Setting next_dagrun for fraud_detection to 2024-12-10 19:56:00+00:00, run_after=2024-12-10 19:57:00+00:00
[2024-12-10T19:57:23.636+0000] {processor.py:208} INFO - Processing /opt/airflow/dags/fraud_detection_dag.py took 2.006 seconds
[2024-12-10T19:57:54.081+0000] {processor.py:186} INFO - Started process (PID=397) to work on /opt/airflow/dags/fraud_detection_dag.py
[2024-12-10T19:57:54.085+0000] {processor.py:914} INFO - Processing file /opt/airflow/dags/fraud_detection_dag.py for tasks to queue
[2024-12-10T19:57:54.092+0000] {logging_mixin.py:190} INFO - [2024-12-10T19:57:54.091+0000] {dagbag.py:588} INFO - Filling up the DagBag from /opt/airflow/dags/fraud_detection_dag.py
[2024-12-10T19:57:55.883+0000] {processor.py:925} INFO - DAG(s) 'fraud_detection' retrieved from /opt/airflow/dags/fraud_detection_dag.py
[2024-12-10T19:57:55.926+0000] {logging_mixin.py:190} INFO - [2024-12-10T19:57:55.925+0000] {dag.py:3239} INFO - Sync 1 DAGs
[2024-12-10T19:57:55.967+0000] {logging_mixin.py:190} INFO - [2024-12-10T19:57:55.967+0000] {dag.py:4180} INFO - Setting next_dagrun for fraud_detection to 2024-12-10 19:56:00+00:00, run_after=2024-12-10 19:57:00+00:00
[2024-12-10T19:57:56.031+0000] {processor.py:208} INFO - Processing /opt/airflow/dags/fraud_detection_dag.py took 1.965 seconds
[2024-12-10T19:58:26.979+0000] {processor.py:186} INFO - Started process (PID=413) to work on /opt/airflow/dags/fraud_detection_dag.py
[2024-12-10T19:58:26.991+0000] {processor.py:914} INFO - Processing file /opt/airflow/dags/fraud_detection_dag.py for tasks to queue
[2024-12-10T19:58:27.000+0000] {logging_mixin.py:190} INFO - [2024-12-10T19:58:26.999+0000] {dagbag.py:588} INFO - Filling up the DagBag from /opt/airflow/dags/fraud_detection_dag.py
[2024-12-10T19:58:29.316+0000] {processor.py:925} INFO - DAG(s) 'fraud_detection' retrieved from /opt/airflow/dags/fraud_detection_dag.py
[2024-12-10T19:58:29.377+0000] {logging_mixin.py:190} INFO - [2024-12-10T19:58:29.376+0000] {dag.py:3239} INFO - Sync 1 DAGs
[2024-12-10T19:58:29.423+0000] {logging_mixin.py:190} INFO - [2024-12-10T19:58:29.422+0000] {dag.py:4180} INFO - Setting next_dagrun for fraud_detection to 2024-12-10 19:57:00+00:00, run_after=2024-12-10 19:58:00+00:00
[2024-12-10T19:58:29.475+0000] {processor.py:208} INFO - Processing /opt/airflow/dags/fraud_detection_dag.py took 2.511 seconds
[2024-12-10T19:59:00.275+0000] {processor.py:186} INFO - Started process (PID=428) to work on /opt/airflow/dags/fraud_detection_dag.py
[2024-12-10T19:59:00.281+0000] {processor.py:914} INFO - Processing file /opt/airflow/dags/fraud_detection_dag.py for tasks to queue
[2024-12-10T19:59:00.286+0000] {logging_mixin.py:190} INFO - [2024-12-10T19:59:00.285+0000] {dagbag.py:588} INFO - Filling up the DagBag from /opt/airflow/dags/fraud_detection_dag.py
[2024-12-10T19:59:02.536+0000] {processor.py:925} INFO - DAG(s) 'fraud_detection' retrieved from /opt/airflow/dags/fraud_detection_dag.py
[2024-12-10T19:59:02.598+0000] {logging_mixin.py:190} INFO - [2024-12-10T19:59:02.597+0000] {dag.py:3239} INFO - Sync 1 DAGs
[2024-12-10T19:59:02.650+0000] {logging_mixin.py:190} INFO - [2024-12-10T19:59:02.649+0000] {dag.py:4180} INFO - Setting next_dagrun for fraud_detection to 2024-12-10 19:58:00+00:00, run_after=2024-12-10 19:59:00+00:00
[2024-12-10T19:59:02.688+0000] {processor.py:208} INFO - Processing /opt/airflow/dags/fraud_detection_dag.py took 2.422 seconds
[2024-12-10T19:59:33.102+0000] {processor.py:186} INFO - Started process (PID=443) to work on /opt/airflow/dags/fraud_detection_dag.py
[2024-12-10T19:59:33.106+0000] {processor.py:914} INFO - Processing file /opt/airflow/dags/fraud_detection_dag.py for tasks to queue
[2024-12-10T19:59:33.112+0000] {logging_mixin.py:190} INFO - [2024-12-10T19:59:33.111+0000] {dagbag.py:588} INFO - Filling up the DagBag from /opt/airflow/dags/fraud_detection_dag.py
[2024-12-10T19:59:34.975+0000] {processor.py:925} INFO - DAG(s) 'fraud_detection' retrieved from /opt/airflow/dags/fraud_detection_dag.py
[2024-12-10T19:59:35.060+0000] {logging_mixin.py:190} INFO - [2024-12-10T19:59:35.057+0000] {dag.py:3239} INFO - Sync 1 DAGs
[2024-12-10T19:59:35.151+0000] {logging_mixin.py:190} INFO - [2024-12-10T19:59:35.150+0000] {dag.py:4180} INFO - Setting next_dagrun for fraud_detection to 2024-12-10 19:58:00+00:00, run_after=2024-12-10 19:59:00+00:00
[2024-12-10T19:59:35.217+0000] {processor.py:208} INFO - Processing /opt/airflow/dags/fraud_detection_dag.py took 2.130 seconds
[2024-12-10T20:00:06.252+0000] {processor.py:186} INFO - Started process (PID=458) to work on /opt/airflow/dags/fraud_detection_dag.py
[2024-12-10T20:00:06.255+0000] {processor.py:914} INFO - Processing file /opt/airflow/dags/fraud_detection_dag.py for tasks to queue
[2024-12-10T20:00:06.262+0000] {logging_mixin.py:190} INFO - [2024-12-10T20:00:06.261+0000] {dagbag.py:588} INFO - Filling up the DagBag from /opt/airflow/dags/fraud_detection_dag.py
[2024-12-10T20:00:08.031+0000] {processor.py:925} INFO - DAG(s) 'fraud_detection' retrieved from /opt/airflow/dags/fraud_detection_dag.py
[2024-12-10T20:00:08.073+0000] {logging_mixin.py:190} INFO - [2024-12-10T20:00:08.072+0000] {dag.py:3239} INFO - Sync 1 DAGs
[2024-12-10T20:00:08.113+0000] {logging_mixin.py:190} INFO - [2024-12-10T20:00:08.112+0000] {dag.py:4180} INFO - Setting next_dagrun for fraud_detection to 2024-12-10 19:59:00+00:00, run_after=2024-12-10 20:00:00+00:00
[2024-12-10T20:00:08.161+0000] {processor.py:208} INFO - Processing /opt/airflow/dags/fraud_detection_dag.py took 1.924 seconds
[2024-12-10T20:00:38.300+0000] {processor.py:186} INFO - Started process (PID=473) to work on /opt/airflow/dags/fraud_detection_dag.py
[2024-12-10T20:00:38.304+0000] {processor.py:914} INFO - Processing file /opt/airflow/dags/fraud_detection_dag.py for tasks to queue
[2024-12-10T20:00:38.309+0000] {logging_mixin.py:190} INFO - [2024-12-10T20:00:38.308+0000] {dagbag.py:588} INFO - Filling up the DagBag from /opt/airflow/dags/fraud_detection_dag.py
[2024-12-10T20:00:40.465+0000] {processor.py:925} INFO - DAG(s) 'fraud_detection' retrieved from /opt/airflow/dags/fraud_detection_dag.py
[2024-12-10T20:00:40.534+0000] {logging_mixin.py:190} INFO - [2024-12-10T20:00:40.531+0000] {dag.py:3239} INFO - Sync 1 DAGs
[2024-12-10T20:00:40.597+0000] {logging_mixin.py:190} INFO - [2024-12-10T20:00:40.596+0000] {dag.py:4180} INFO - Setting next_dagrun for fraud_detection to 2024-12-10 19:59:00+00:00, run_after=2024-12-10 20:00:00+00:00
[2024-12-10T20:00:40.637+0000] {processor.py:208} INFO - Processing /opt/airflow/dags/fraud_detection_dag.py took 2.349 seconds
[2024-12-10T20:01:11.297+0000] {processor.py:186} INFO - Started process (PID=488) to work on /opt/airflow/dags/fraud_detection_dag.py
[2024-12-10T20:01:11.300+0000] {processor.py:914} INFO - Processing file /opt/airflow/dags/fraud_detection_dag.py for tasks to queue
[2024-12-10T20:01:11.306+0000] {logging_mixin.py:190} INFO - [2024-12-10T20:01:11.306+0000] {dagbag.py:588} INFO - Filling up the DagBag from /opt/airflow/dags/fraud_detection_dag.py
[2024-12-10T20:01:13.118+0000] {processor.py:925} INFO - DAG(s) 'fraud_detection' retrieved from /opt/airflow/dags/fraud_detection_dag.py
[2024-12-10T20:01:13.183+0000] {logging_mixin.py:190} INFO - [2024-12-10T20:01:13.181+0000] {dag.py:3239} INFO - Sync 1 DAGs
[2024-12-10T20:01:13.244+0000] {logging_mixin.py:190} INFO - [2024-12-10T20:01:13.244+0000] {dag.py:4180} INFO - Setting next_dagrun for fraud_detection to 2024-12-10 20:00:00+00:00, run_after=2024-12-10 20:01:00+00:00
[2024-12-10T20:01:13.333+0000] {processor.py:208} INFO - Processing /opt/airflow/dags/fraud_detection_dag.py took 2.049 seconds
[2024-12-10T20:01:44.320+0000] {processor.py:186} INFO - Started process (PID=503) to work on /opt/airflow/dags/fraud_detection_dag.py
[2024-12-10T20:01:44.324+0000] {processor.py:914} INFO - Processing file /opt/airflow/dags/fraud_detection_dag.py for tasks to queue
[2024-12-10T20:01:44.332+0000] {logging_mixin.py:190} INFO - [2024-12-10T20:01:44.332+0000] {dagbag.py:588} INFO - Filling up the DagBag from /opt/airflow/dags/fraud_detection_dag.py
[2024-12-10T20:01:45.980+0000] {processor.py:925} INFO - DAG(s) 'fraud_detection' retrieved from /opt/airflow/dags/fraud_detection_dag.py
[2024-12-10T20:01:46.034+0000] {logging_mixin.py:190} INFO - [2024-12-10T20:01:46.031+0000] {dag.py:3239} INFO - Sync 1 DAGs
[2024-12-10T20:01:46.078+0000] {logging_mixin.py:190} INFO - [2024-12-10T20:01:46.078+0000] {dag.py:4180} INFO - Setting next_dagrun for fraud_detection to 2024-12-10 20:00:00+00:00, run_after=2024-12-10 20:01:00+00:00
[2024-12-10T20:01:46.171+0000] {processor.py:208} INFO - Processing /opt/airflow/dags/fraud_detection_dag.py took 1.869 seconds
[2024-12-10T20:02:16.266+0000] {processor.py:186} INFO - Started process (PID=518) to work on /opt/airflow/dags/fraud_detection_dag.py
[2024-12-10T20:02:16.268+0000] {processor.py:914} INFO - Processing file /opt/airflow/dags/fraud_detection_dag.py for tasks to queue
[2024-12-10T20:02:16.273+0000] {logging_mixin.py:190} INFO - [2024-12-10T20:02:16.272+0000] {dagbag.py:588} INFO - Filling up the DagBag from /opt/airflow/dags/fraud_detection_dag.py
[2024-12-10T20:02:18.036+0000] {processor.py:925} INFO - DAG(s) 'fraud_detection' retrieved from /opt/airflow/dags/fraud_detection_dag.py
[2024-12-10T20:02:18.098+0000] {logging_mixin.py:190} INFO - [2024-12-10T20:02:18.097+0000] {dag.py:3239} INFO - Sync 1 DAGs
[2024-12-10T20:02:18.142+0000] {logging_mixin.py:190} INFO - [2024-12-10T20:02:18.142+0000] {dag.py:4180} INFO - Setting next_dagrun for fraud_detection to 2024-12-10 20:01:00+00:00, run_after=2024-12-10 20:02:00+00:00
[2024-12-10T20:02:18.183+0000] {processor.py:208} INFO - Processing /opt/airflow/dags/fraud_detection_dag.py took 1.927 seconds
[2024-12-10T20:02:48.956+0000] {processor.py:186} INFO - Started process (PID=532) to work on /opt/airflow/dags/fraud_detection_dag.py
[2024-12-10T20:02:48.959+0000] {processor.py:914} INFO - Processing file /opt/airflow/dags/fraud_detection_dag.py for tasks to queue
[2024-12-10T20:02:48.963+0000] {logging_mixin.py:190} INFO - [2024-12-10T20:02:48.963+0000] {dagbag.py:588} INFO - Filling up the DagBag from /opt/airflow/dags/fraud_detection_dag.py
[2024-12-10T20:02:50.660+0000] {processor.py:925} INFO - DAG(s) 'fraud_detection' retrieved from /opt/airflow/dags/fraud_detection_dag.py
[2024-12-10T20:02:50.710+0000] {logging_mixin.py:190} INFO - [2024-12-10T20:02:50.709+0000] {dag.py:3239} INFO - Sync 1 DAGs
[2024-12-10T20:02:50.756+0000] {logging_mixin.py:190} INFO - [2024-12-10T20:02:50.755+0000] {dag.py:4180} INFO - Setting next_dagrun for fraud_detection to 2024-12-10 20:01:00+00:00, run_after=2024-12-10 20:02:00+00:00
[2024-12-10T20:02:50.799+0000] {processor.py:208} INFO - Processing /opt/airflow/dags/fraud_detection_dag.py took 1.854 seconds
[2024-12-10T20:03:21.992+0000] {processor.py:186} INFO - Started process (PID=547) to work on /opt/airflow/dags/fraud_detection_dag.py
[2024-12-10T20:03:21.996+0000] {processor.py:914} INFO - Processing file /opt/airflow/dags/fraud_detection_dag.py for tasks to queue
[2024-12-10T20:03:22.007+0000] {logging_mixin.py:190} INFO - [2024-12-10T20:03:22.007+0000] {dagbag.py:588} INFO - Filling up the DagBag from /opt/airflow/dags/fraud_detection_dag.py
[2024-12-10T20:03:23.666+0000] {processor.py:925} INFO - DAG(s) 'fraud_detection' retrieved from /opt/airflow/dags/fraud_detection_dag.py
[2024-12-10T20:03:23.740+0000] {logging_mixin.py:190} INFO - [2024-12-10T20:03:23.739+0000] {dag.py:3239} INFO - Sync 1 DAGs
[2024-12-10T20:03:23.812+0000] {logging_mixin.py:190} INFO - [2024-12-10T20:03:23.812+0000] {dag.py:4180} INFO - Setting next_dagrun for fraud_detection to 2024-12-10 20:02:00+00:00, run_after=2024-12-10 20:03:00+00:00
[2024-12-10T20:03:23.843+0000] {processor.py:208} INFO - Processing /opt/airflow/dags/fraud_detection_dag.py took 1.869 seconds
[2024-12-10T20:03:54.311+0000] {processor.py:186} INFO - Started process (PID=563) to work on /opt/airflow/dags/fraud_detection_dag.py
[2024-12-10T20:03:54.319+0000] {processor.py:914} INFO - Processing file /opt/airflow/dags/fraud_detection_dag.py for tasks to queue
[2024-12-10T20:03:54.326+0000] {logging_mixin.py:190} INFO - [2024-12-10T20:03:54.325+0000] {dagbag.py:588} INFO - Filling up the DagBag from /opt/airflow/dags/fraud_detection_dag.py
[2024-12-10T20:03:56.107+0000] {processor.py:925} INFO - DAG(s) 'fraud_detection' retrieved from /opt/airflow/dags/fraud_detection_dag.py
[2024-12-10T20:03:56.196+0000] {logging_mixin.py:190} INFO - [2024-12-10T20:03:56.194+0000] {dag.py:3239} INFO - Sync 1 DAGs
[2024-12-10T20:03:56.256+0000] {logging_mixin.py:190} INFO - [2024-12-10T20:03:56.256+0000] {dag.py:4180} INFO - Setting next_dagrun for fraud_detection to 2024-12-10 20:02:00+00:00, run_after=2024-12-10 20:03:00+00:00
[2024-12-10T20:03:56.327+0000] {processor.py:208} INFO - Processing /opt/airflow/dags/fraud_detection_dag.py took 2.031 seconds
[2024-12-10T20:04:27.033+0000] {processor.py:186} INFO - Started process (PID=584) to work on /opt/airflow/dags/fraud_detection_dag.py
[2024-12-10T20:04:27.039+0000] {processor.py:914} INFO - Processing file /opt/airflow/dags/fraud_detection_dag.py for tasks to queue
[2024-12-10T20:04:27.043+0000] {logging_mixin.py:190} INFO - [2024-12-10T20:04:27.042+0000] {dagbag.py:588} INFO - Filling up the DagBag from /opt/airflow/dags/fraud_detection_dag.py
[2024-12-10T20:04:28.553+0000] {processor.py:925} INFO - DAG(s) 'fraud_detection' retrieved from /opt/airflow/dags/fraud_detection_dag.py
[2024-12-10T20:04:28.603+0000] {logging_mixin.py:190} INFO - [2024-12-10T20:04:28.602+0000] {dag.py:3239} INFO - Sync 1 DAGs
[2024-12-10T20:04:28.648+0000] {logging_mixin.py:190} INFO - [2024-12-10T20:04:28.648+0000] {dag.py:4180} INFO - Setting next_dagrun for fraud_detection to 2024-12-10 20:03:00+00:00, run_after=2024-12-10 20:04:00+00:00
[2024-12-10T20:04:28.693+0000] {processor.py:208} INFO - Processing /opt/airflow/dags/fraud_detection_dag.py took 1.670 seconds
[2024-12-10T20:04:58.853+0000] {processor.py:186} INFO - Started process (PID=599) to work on /opt/airflow/dags/fraud_detection_dag.py
[2024-12-10T20:04:58.858+0000] {processor.py:914} INFO - Processing file /opt/airflow/dags/fraud_detection_dag.py for tasks to queue
[2024-12-10T20:04:58.864+0000] {logging_mixin.py:190} INFO - [2024-12-10T20:04:58.863+0000] {dagbag.py:588} INFO - Filling up the DagBag from /opt/airflow/dags/fraud_detection_dag.py
[2024-12-10T20:05:00.555+0000] {processor.py:925} INFO - DAG(s) 'fraud_detection' retrieved from /opt/airflow/dags/fraud_detection_dag.py
[2024-12-10T20:05:00.621+0000] {logging_mixin.py:190} INFO - [2024-12-10T20:05:00.619+0000] {dag.py:3239} INFO - Sync 1 DAGs
[2024-12-10T20:05:00.668+0000] {logging_mixin.py:190} INFO - [2024-12-10T20:05:00.667+0000] {dag.py:4180} INFO - Setting next_dagrun for fraud_detection to 2024-12-10 20:04:00+00:00, run_after=2024-12-10 20:05:00+00:00
[2024-12-10T20:05:00.711+0000] {processor.py:208} INFO - Processing /opt/airflow/dags/fraud_detection_dag.py took 1.876 seconds
[2024-12-10T20:05:31.460+0000] {processor.py:186} INFO - Started process (PID=613) to work on /opt/airflow/dags/fraud_detection_dag.py
[2024-12-10T20:05:31.464+0000] {processor.py:914} INFO - Processing file /opt/airflow/dags/fraud_detection_dag.py for tasks to queue
[2024-12-10T20:05:31.471+0000] {logging_mixin.py:190} INFO - [2024-12-10T20:05:31.469+0000] {dagbag.py:588} INFO - Filling up the DagBag from /opt/airflow/dags/fraud_detection_dag.py
[2024-12-10T20:05:32.797+0000] {processor.py:925} INFO - DAG(s) 'fraud_detection' retrieved from /opt/airflow/dags/fraud_detection_dag.py
[2024-12-10T20:05:32.864+0000] {logging_mixin.py:190} INFO - [2024-12-10T20:05:32.863+0000] {dag.py:3239} INFO - Sync 1 DAGs
[2024-12-10T20:05:32.894+0000] {logging_mixin.py:190} INFO - [2024-12-10T20:05:32.894+0000] {dag.py:4180} INFO - Setting next_dagrun for fraud_detection to 2024-12-10 20:04:00+00:00, run_after=2024-12-10 20:05:00+00:00
[2024-12-10T20:05:32.930+0000] {processor.py:208} INFO - Processing /opt/airflow/dags/fraud_detection_dag.py took 1.483 seconds
[2024-12-10T20:06:03.774+0000] {processor.py:186} INFO - Started process (PID=628) to work on /opt/airflow/dags/fraud_detection_dag.py
[2024-12-10T20:06:03.781+0000] {processor.py:914} INFO - Processing file /opt/airflow/dags/fraud_detection_dag.py for tasks to queue
[2024-12-10T20:06:03.801+0000] {logging_mixin.py:190} INFO - [2024-12-10T20:06:03.799+0000] {dagbag.py:588} INFO - Filling up the DagBag from /opt/airflow/dags/fraud_detection_dag.py
[2024-12-10T20:06:06.100+0000] {processor.py:925} INFO - DAG(s) 'fraud_detection' retrieved from /opt/airflow/dags/fraud_detection_dag.py
[2024-12-10T20:06:06.149+0000] {logging_mixin.py:190} INFO - [2024-12-10T20:06:06.148+0000] {dag.py:3239} INFO - Sync 1 DAGs
[2024-12-10T20:06:06.194+0000] {logging_mixin.py:190} INFO - [2024-12-10T20:06:06.193+0000] {dag.py:4180} INFO - Setting next_dagrun for fraud_detection to 2024-12-10 20:05:00+00:00, run_after=2024-12-10 20:06:00+00:00
[2024-12-10T20:06:06.229+0000] {processor.py:208} INFO - Processing /opt/airflow/dags/fraud_detection_dag.py took 2.471 seconds
[2024-12-10T20:06:36.553+0000] {processor.py:186} INFO - Started process (PID=643) to work on /opt/airflow/dags/fraud_detection_dag.py
[2024-12-10T20:06:36.555+0000] {processor.py:914} INFO - Processing file /opt/airflow/dags/fraud_detection_dag.py for tasks to queue
[2024-12-10T20:06:36.563+0000] {logging_mixin.py:190} INFO - [2024-12-10T20:06:36.560+0000] {dagbag.py:588} INFO - Filling up the DagBag from /opt/airflow/dags/fraud_detection_dag.py
[2024-12-10T20:06:38.070+0000] {processor.py:925} INFO - DAG(s) 'fraud_detection' retrieved from /opt/airflow/dags/fraud_detection_dag.py
[2024-12-10T20:06:38.321+0000] {logging_mixin.py:190} INFO - [2024-12-10T20:06:38.320+0000] {dag.py:3239} INFO - Sync 1 DAGs
[2024-12-10T20:06:38.364+0000] {logging_mixin.py:190} INFO - [2024-12-10T20:06:38.363+0000] {dag.py:4180} INFO - Setting next_dagrun for fraud_detection to 2024-12-10 20:05:00+00:00, run_after=2024-12-10 20:06:00+00:00
[2024-12-10T20:06:38.397+0000] {processor.py:208} INFO - Processing /opt/airflow/dags/fraud_detection_dag.py took 1.855 seconds
[2024-12-10T20:07:08.488+0000] {processor.py:186} INFO - Started process (PID=658) to work on /opt/airflow/dags/fraud_detection_dag.py
[2024-12-10T20:07:08.497+0000] {processor.py:914} INFO - Processing file /opt/airflow/dags/fraud_detection_dag.py for tasks to queue
[2024-12-10T20:07:08.504+0000] {logging_mixin.py:190} INFO - [2024-12-10T20:07:08.504+0000] {dagbag.py:588} INFO - Filling up the DagBag from /opt/airflow/dags/fraud_detection_dag.py
[2024-12-10T20:07:10.090+0000] {processor.py:925} INFO - DAG(s) 'fraud_detection' retrieved from /opt/airflow/dags/fraud_detection_dag.py
[2024-12-10T20:07:10.155+0000] {logging_mixin.py:190} INFO - [2024-12-10T20:07:10.155+0000] {dag.py:3239} INFO - Sync 1 DAGs
[2024-12-10T20:07:10.262+0000] {logging_mixin.py:190} INFO - [2024-12-10T20:07:10.262+0000] {dag.py:4180} INFO - Setting next_dagrun for fraud_detection to 2024-12-10 20:06:00+00:00, run_after=2024-12-10 20:07:00+00:00
[2024-12-10T20:07:10.355+0000] {processor.py:208} INFO - Processing /opt/airflow/dags/fraud_detection_dag.py took 1.880 seconds
[2024-12-10T20:07:40.430+0000] {processor.py:186} INFO - Started process (PID=673) to work on /opt/airflow/dags/fraud_detection_dag.py
[2024-12-10T20:07:40.436+0000] {processor.py:914} INFO - Processing file /opt/airflow/dags/fraud_detection_dag.py for tasks to queue
[2024-12-10T20:07:40.441+0000] {logging_mixin.py:190} INFO - [2024-12-10T20:07:40.441+0000] {dagbag.py:588} INFO - Filling up the DagBag from /opt/airflow/dags/fraud_detection_dag.py
[2024-12-10T20:07:41.966+0000] {processor.py:925} INFO - DAG(s) 'fraud_detection' retrieved from /opt/airflow/dags/fraud_detection_dag.py
[2024-12-10T20:07:42.048+0000] {logging_mixin.py:190} INFO - [2024-12-10T20:07:42.046+0000] {dag.py:3239} INFO - Sync 1 DAGs
[2024-12-10T20:07:42.107+0000] {logging_mixin.py:190} INFO - [2024-12-10T20:07:42.107+0000] {dag.py:4180} INFO - Setting next_dagrun for fraud_detection to 2024-12-10 20:06:00+00:00, run_after=2024-12-10 20:07:00+00:00
[2024-12-10T20:07:42.155+0000] {processor.py:208} INFO - Processing /opt/airflow/dags/fraud_detection_dag.py took 1.732 seconds
[2024-12-10T20:08:12.490+0000] {processor.py:186} INFO - Started process (PID=688) to work on /opt/airflow/dags/fraud_detection_dag.py
[2024-12-10T20:08:12.495+0000] {processor.py:914} INFO - Processing file /opt/airflow/dags/fraud_detection_dag.py for tasks to queue
[2024-12-10T20:08:12.504+0000] {logging_mixin.py:190} INFO - [2024-12-10T20:08:12.503+0000] {dagbag.py:588} INFO - Filling up the DagBag from /opt/airflow/dags/fraud_detection_dag.py
[2024-12-10T20:08:14.201+0000] {processor.py:925} INFO - DAG(s) 'fraud_detection' retrieved from /opt/airflow/dags/fraud_detection_dag.py
[2024-12-10T20:08:14.276+0000] {logging_mixin.py:190} INFO - [2024-12-10T20:08:14.275+0000] {dag.py:3239} INFO - Sync 1 DAGs
[2024-12-10T20:08:14.334+0000] {logging_mixin.py:190} INFO - [2024-12-10T20:08:14.333+0000] {dag.py:4180} INFO - Setting next_dagrun for fraud_detection to 2024-12-10 20:07:00+00:00, run_after=2024-12-10 20:08:00+00:00
[2024-12-10T20:08:14.368+0000] {processor.py:208} INFO - Processing /opt/airflow/dags/fraud_detection_dag.py took 1.905 seconds
[2024-12-10T20:08:45.020+0000] {processor.py:186} INFO - Started process (PID=703) to work on /opt/airflow/dags/fraud_detection_dag.py
[2024-12-10T20:08:45.030+0000] {processor.py:914} INFO - Processing file /opt/airflow/dags/fraud_detection_dag.py for tasks to queue
[2024-12-10T20:08:45.044+0000] {logging_mixin.py:190} INFO - [2024-12-10T20:08:45.043+0000] {dagbag.py:588} INFO - Filling up the DagBag from /opt/airflow/dags/fraud_detection_dag.py
[2024-12-10T20:08:47.712+0000] {processor.py:925} INFO - DAG(s) 'fraud_detection' retrieved from /opt/airflow/dags/fraud_detection_dag.py
[2024-12-10T20:08:47.855+0000] {logging_mixin.py:190} INFO - [2024-12-10T20:08:47.854+0000] {dag.py:3239} INFO - Sync 1 DAGs
[2024-12-10T20:08:47.926+0000] {logging_mixin.py:190} INFO - [2024-12-10T20:08:47.925+0000] {dag.py:4180} INFO - Setting next_dagrun for fraud_detection to 2024-12-10 20:07:00+00:00, run_after=2024-12-10 20:08:00+00:00
[2024-12-10T20:08:47.959+0000] {processor.py:208} INFO - Processing /opt/airflow/dags/fraud_detection_dag.py took 2.947 seconds
[2024-12-10T20:09:18.292+0000] {processor.py:186} INFO - Started process (PID=718) to work on /opt/airflow/dags/fraud_detection_dag.py
[2024-12-10T20:09:18.294+0000] {processor.py:914} INFO - Processing file /opt/airflow/dags/fraud_detection_dag.py for tasks to queue
[2024-12-10T20:09:18.299+0000] {logging_mixin.py:190} INFO - [2024-12-10T20:09:18.298+0000] {dagbag.py:588} INFO - Filling up the DagBag from /opt/airflow/dags/fraud_detection_dag.py
[2024-12-10T20:09:20.188+0000] {processor.py:925} INFO - DAG(s) 'fraud_detection' retrieved from /opt/airflow/dags/fraud_detection_dag.py
[2024-12-10T20:09:20.239+0000] {logging_mixin.py:190} INFO - [2024-12-10T20:09:20.239+0000] {dag.py:3239} INFO - Sync 1 DAGs
[2024-12-10T20:09:20.296+0000] {logging_mixin.py:190} INFO - [2024-12-10T20:09:20.296+0000] {dag.py:4180} INFO - Setting next_dagrun for fraud_detection to 2024-12-10 20:08:00+00:00, run_after=2024-12-10 20:09:00+00:00
[2024-12-10T20:09:20.338+0000] {processor.py:208} INFO - Processing /opt/airflow/dags/fraud_detection_dag.py took 2.056 seconds
[2024-12-10T20:09:51.460+0000] {processor.py:186} INFO - Started process (PID=733) to work on /opt/airflow/dags/fraud_detection_dag.py
[2024-12-10T20:09:51.463+0000] {processor.py:914} INFO - Processing file /opt/airflow/dags/fraud_detection_dag.py for tasks to queue
[2024-12-10T20:09:51.466+0000] {logging_mixin.py:190} INFO - [2024-12-10T20:09:51.466+0000] {dagbag.py:588} INFO - Filling up the DagBag from /opt/airflow/dags/fraud_detection_dag.py
[2024-12-10T20:09:53.660+0000] {processor.py:925} INFO - DAG(s) 'fraud_detection' retrieved from /opt/airflow/dags/fraud_detection_dag.py
[2024-12-10T20:09:53.712+0000] {logging_mixin.py:190} INFO - [2024-12-10T20:09:53.711+0000] {dag.py:3239} INFO - Sync 1 DAGs
[2024-12-10T20:09:53.762+0000] {logging_mixin.py:190} INFO - [2024-12-10T20:09:53.762+0000] {dag.py:4180} INFO - Setting next_dagrun for fraud_detection to 2024-12-10 20:08:00+00:00, run_after=2024-12-10 20:09:00+00:00
[2024-12-10T20:09:53.839+0000] {processor.py:208} INFO - Processing /opt/airflow/dags/fraud_detection_dag.py took 2.409 seconds
[2024-12-10T20:10:24.567+0000] {processor.py:186} INFO - Started process (PID=748) to work on /opt/airflow/dags/fraud_detection_dag.py
[2024-12-10T20:10:24.570+0000] {processor.py:914} INFO - Processing file /opt/airflow/dags/fraud_detection_dag.py for tasks to queue
[2024-12-10T20:10:24.576+0000] {logging_mixin.py:190} INFO - [2024-12-10T20:10:24.576+0000] {dagbag.py:588} INFO - Filling up the DagBag from /opt/airflow/dags/fraud_detection_dag.py
[2024-12-10T20:10:26.914+0000] {processor.py:925} INFO - DAG(s) 'fraud_detection' retrieved from /opt/airflow/dags/fraud_detection_dag.py
[2024-12-10T20:10:26.975+0000] {logging_mixin.py:190} INFO - [2024-12-10T20:10:26.974+0000] {dag.py:3239} INFO - Sync 1 DAGs
[2024-12-10T20:10:27.039+0000] {logging_mixin.py:190} INFO - [2024-12-10T20:10:27.039+0000] {dag.py:4180} INFO - Setting next_dagrun for fraud_detection to 2024-12-10 20:09:00+00:00, run_after=2024-12-10 20:10:00+00:00
[2024-12-10T20:10:27.092+0000] {processor.py:208} INFO - Processing /opt/airflow/dags/fraud_detection_dag.py took 2.547 seconds
[2024-12-10T20:10:57.688+0000] {processor.py:186} INFO - Started process (PID=763) to work on /opt/airflow/dags/fraud_detection_dag.py
[2024-12-10T20:10:57.691+0000] {processor.py:914} INFO - Processing file /opt/airflow/dags/fraud_detection_dag.py for tasks to queue
[2024-12-10T20:10:57.697+0000] {logging_mixin.py:190} INFO - [2024-12-10T20:10:57.696+0000] {dagbag.py:588} INFO - Filling up the DagBag from /opt/airflow/dags/fraud_detection_dag.py
[2024-12-10T20:11:01.246+0000] {processor.py:925} INFO - DAG(s) 'fraud_detection' retrieved from /opt/airflow/dags/fraud_detection_dag.py
[2024-12-10T20:11:01.462+0000] {logging_mixin.py:190} INFO - [2024-12-10T20:11:01.461+0000] {dag.py:3239} INFO - Sync 1 DAGs
[2024-12-10T20:11:01.676+0000] {logging_mixin.py:190} INFO - [2024-12-10T20:11:01.675+0000] {dag.py:4180} INFO - Setting next_dagrun for fraud_detection to 2024-12-10 20:10:00+00:00, run_after=2024-12-10 20:11:00+00:00
[2024-12-10T20:11:01.833+0000] {processor.py:208} INFO - Processing /opt/airflow/dags/fraud_detection_dag.py took 4.167 seconds
[2024-12-10T20:11:32.204+0000] {processor.py:186} INFO - Started process (PID=784) to work on /opt/airflow/dags/fraud_detection_dag.py
[2024-12-10T20:11:32.210+0000] {processor.py:914} INFO - Processing file /opt/airflow/dags/fraud_detection_dag.py for tasks to queue
[2024-12-10T20:11:32.218+0000] {logging_mixin.py:190} INFO - [2024-12-10T20:11:32.216+0000] {dagbag.py:588} INFO - Filling up the DagBag from /opt/airflow/dags/fraud_detection_dag.py
[2024-12-10T20:11:35.110+0000] {processor.py:925} INFO - DAG(s) 'fraud_detection' retrieved from /opt/airflow/dags/fraud_detection_dag.py
[2024-12-10T20:11:35.175+0000] {logging_mixin.py:190} INFO - [2024-12-10T20:11:35.174+0000] {dag.py:3239} INFO - Sync 1 DAGs
[2024-12-10T20:11:35.227+0000] {logging_mixin.py:190} INFO - [2024-12-10T20:11:35.225+0000] {dag.py:4180} INFO - Setting next_dagrun for fraud_detection to 2024-12-10 20:10:00+00:00, run_after=2024-12-10 20:11:00+00:00
[2024-12-10T20:11:35.312+0000] {processor.py:208} INFO - Processing /opt/airflow/dags/fraud_detection_dag.py took 3.120 seconds
[2024-12-10T20:12:05.703+0000] {processor.py:186} INFO - Started process (PID=803) to work on /opt/airflow/dags/fraud_detection_dag.py
[2024-12-10T20:12:05.714+0000] {processor.py:914} INFO - Processing file /opt/airflow/dags/fraud_detection_dag.py for tasks to queue
[2024-12-10T20:12:05.724+0000] {logging_mixin.py:190} INFO - [2024-12-10T20:12:05.723+0000] {dagbag.py:588} INFO - Filling up the DagBag from /opt/airflow/dags/fraud_detection_dag.py
[2024-12-10T20:12:08.165+0000] {processor.py:925} INFO - DAG(s) 'fraud_detection' retrieved from /opt/airflow/dags/fraud_detection_dag.py
[2024-12-10T20:12:08.208+0000] {logging_mixin.py:190} INFO - [2024-12-10T20:12:08.208+0000] {dag.py:3239} INFO - Sync 1 DAGs
[2024-12-10T20:12:08.244+0000] {logging_mixin.py:190} INFO - [2024-12-10T20:12:08.243+0000] {dag.py:4180} INFO - Setting next_dagrun for fraud_detection to 2024-12-10 20:11:00+00:00, run_after=2024-12-10 20:12:00+00:00
[2024-12-10T20:12:08.286+0000] {processor.py:208} INFO - Processing /opt/airflow/dags/fraud_detection_dag.py took 2.595 seconds
[2024-12-10T20:12:39.014+0000] {processor.py:186} INFO - Started process (PID=818) to work on /opt/airflow/dags/fraud_detection_dag.py
[2024-12-10T20:12:39.016+0000] {processor.py:914} INFO - Processing file /opt/airflow/dags/fraud_detection_dag.py for tasks to queue
[2024-12-10T20:12:39.020+0000] {logging_mixin.py:190} INFO - [2024-12-10T20:12:39.019+0000] {dagbag.py:588} INFO - Filling up the DagBag from /opt/airflow/dags/fraud_detection_dag.py
[2024-12-10T20:12:41.509+0000] {processor.py:925} INFO - DAG(s) 'fraud_detection' retrieved from /opt/airflow/dags/fraud_detection_dag.py
[2024-12-10T20:12:41.734+0000] {logging_mixin.py:190} INFO - [2024-12-10T20:12:41.733+0000] {dag.py:3239} INFO - Sync 1 DAGs
[2024-12-10T20:12:41.862+0000] {logging_mixin.py:190} INFO - [2024-12-10T20:12:41.862+0000] {dag.py:4180} INFO - Setting next_dagrun for fraud_detection to 2024-12-10 20:11:00+00:00, run_after=2024-12-10 20:12:00+00:00
[2024-12-10T20:12:41.949+0000] {processor.py:208} INFO - Processing /opt/airflow/dags/fraud_detection_dag.py took 2.949 seconds
[2024-12-10T20:13:12.611+0000] {processor.py:186} INFO - Started process (PID=833) to work on /opt/airflow/dags/fraud_detection_dag.py
[2024-12-10T20:13:12.944+0000] {processor.py:914} INFO - Processing file /opt/airflow/dags/fraud_detection_dag.py for tasks to queue
[2024-12-10T20:13:12.970+0000] {logging_mixin.py:190} INFO - [2024-12-10T20:13:12.953+0000] {dagbag.py:588} INFO - Filling up the DagBag from /opt/airflow/dags/fraud_detection_dag.py
[2024-12-10T20:13:16.156+0000] {processor.py:925} INFO - DAG(s) 'fraud_detection' retrieved from /opt/airflow/dags/fraud_detection_dag.py
[2024-12-10T20:13:16.291+0000] {logging_mixin.py:190} INFO - [2024-12-10T20:13:16.290+0000] {dag.py:3239} INFO - Sync 1 DAGs
[2024-12-10T20:13:16.342+0000] {logging_mixin.py:190} INFO - [2024-12-10T20:13:16.342+0000] {dag.py:4180} INFO - Setting next_dagrun for fraud_detection to 2024-12-10 20:12:00+00:00, run_after=2024-12-10 20:13:00+00:00
[2024-12-10T20:13:16.477+0000] {processor.py:208} INFO - Processing /opt/airflow/dags/fraud_detection_dag.py took 3.882 seconds
[2024-12-10T20:13:46.802+0000] {processor.py:186} INFO - Started process (PID=849) to work on /opt/airflow/dags/fraud_detection_dag.py
[2024-12-10T20:13:46.860+0000] {processor.py:914} INFO - Processing file /opt/airflow/dags/fraud_detection_dag.py for tasks to queue
[2024-12-10T20:13:46.864+0000] {logging_mixin.py:190} INFO - [2024-12-10T20:13:46.864+0000] {dagbag.py:588} INFO - Filling up the DagBag from /opt/airflow/dags/fraud_detection_dag.py
[2024-12-10T20:13:48.993+0000] {processor.py:925} INFO - DAG(s) 'fraud_detection' retrieved from /opt/airflow/dags/fraud_detection_dag.py
[2024-12-10T20:13:49.038+0000] {logging_mixin.py:190} INFO - [2024-12-10T20:13:49.037+0000] {dag.py:3239} INFO - Sync 1 DAGs
[2024-12-10T20:13:49.123+0000] {logging_mixin.py:190} INFO - [2024-12-10T20:13:49.123+0000] {dag.py:4180} INFO - Setting next_dagrun for fraud_detection to 2024-12-10 20:12:00+00:00, run_after=2024-12-10 20:13:00+00:00
[2024-12-10T20:13:49.157+0000] {processor.py:208} INFO - Processing /opt/airflow/dags/fraud_detection_dag.py took 2.367 seconds
[2024-12-10T20:14:19.284+0000] {processor.py:186} INFO - Started process (PID=863) to work on /opt/airflow/dags/fraud_detection_dag.py
[2024-12-10T20:14:19.289+0000] {processor.py:914} INFO - Processing file /opt/airflow/dags/fraud_detection_dag.py for tasks to queue
[2024-12-10T20:14:19.295+0000] {logging_mixin.py:190} INFO - [2024-12-10T20:14:19.294+0000] {dagbag.py:588} INFO - Filling up the DagBag from /opt/airflow/dags/fraud_detection_dag.py
[2024-12-10T20:14:23.598+0000] {processor.py:925} INFO - DAG(s) 'fraud_detection' retrieved from /opt/airflow/dags/fraud_detection_dag.py
[2024-12-10T20:14:23.913+0000] {logging_mixin.py:190} INFO - [2024-12-10T20:14:23.912+0000] {dag.py:3239} INFO - Sync 1 DAGs
[2024-12-10T20:14:24.086+0000] {logging_mixin.py:190} INFO - [2024-12-10T20:14:24.086+0000] {dag.py:4180} INFO - Setting next_dagrun for fraud_detection to 2024-12-10 20:13:00+00:00, run_after=2024-12-10 20:14:00+00:00
[2024-12-10T20:14:24.188+0000] {processor.py:208} INFO - Processing /opt/airflow/dags/fraud_detection_dag.py took 4.925 seconds
[2024-12-10T20:14:54.442+0000] {processor.py:186} INFO - Started process (PID=878) to work on /opt/airflow/dags/fraud_detection_dag.py
[2024-12-10T20:14:54.446+0000] {processor.py:914} INFO - Processing file /opt/airflow/dags/fraud_detection_dag.py for tasks to queue
[2024-12-10T20:14:54.451+0000] {logging_mixin.py:190} INFO - [2024-12-10T20:14:54.450+0000] {dagbag.py:588} INFO - Filling up the DagBag from /opt/airflow/dags/fraud_detection_dag.py
[2024-12-10T20:14:58.661+0000] {processor.py:925} INFO - DAG(s) 'fraud_detection' retrieved from /opt/airflow/dags/fraud_detection_dag.py
[2024-12-10T20:14:58.825+0000] {logging_mixin.py:190} INFO - [2024-12-10T20:14:58.821+0000] {dag.py:3239} INFO - Sync 1 DAGs
[2024-12-10T20:14:59.025+0000] {logging_mixin.py:190} INFO - [2024-12-10T20:14:59.025+0000] {dag.py:4180} INFO - Setting next_dagrun for fraud_detection to 2024-12-10 20:13:00+00:00, run_after=2024-12-10 20:14:00+00:00
[2024-12-10T20:14:59.086+0000] {processor.py:208} INFO - Processing /opt/airflow/dags/fraud_detection_dag.py took 4.680 seconds
[2024-12-10T20:15:29.609+0000] {processor.py:186} INFO - Started process (PID=892) to work on /opt/airflow/dags/fraud_detection_dag.py
[2024-12-10T20:15:29.617+0000] {processor.py:914} INFO - Processing file /opt/airflow/dags/fraud_detection_dag.py for tasks to queue
[2024-12-10T20:15:29.622+0000] {logging_mixin.py:190} INFO - [2024-12-10T20:15:29.621+0000] {dagbag.py:588} INFO - Filling up the DagBag from /opt/airflow/dags/fraud_detection_dag.py
[2024-12-10T20:15:31.800+0000] {processor.py:925} INFO - DAG(s) 'fraud_detection' retrieved from /opt/airflow/dags/fraud_detection_dag.py
[2024-12-10T20:15:31.881+0000] {logging_mixin.py:190} INFO - [2024-12-10T20:15:31.880+0000] {dag.py:3239} INFO - Sync 1 DAGs
[2024-12-10T20:15:31.932+0000] {logging_mixin.py:190} INFO - [2024-12-10T20:15:31.931+0000] {dag.py:4180} INFO - Setting next_dagrun for fraud_detection to 2024-12-10 20:14:00+00:00, run_after=2024-12-10 20:15:00+00:00
[2024-12-10T20:15:31.969+0000] {processor.py:208} INFO - Processing /opt/airflow/dags/fraud_detection_dag.py took 2.373 seconds
[2024-12-10T20:16:02.366+0000] {processor.py:186} INFO - Started process (PID=907) to work on /opt/airflow/dags/fraud_detection_dag.py
[2024-12-10T20:16:02.376+0000] {processor.py:914} INFO - Processing file /opt/airflow/dags/fraud_detection_dag.py for tasks to queue
[2024-12-10T20:16:02.383+0000] {logging_mixin.py:190} INFO - [2024-12-10T20:16:02.382+0000] {dagbag.py:588} INFO - Filling up the DagBag from /opt/airflow/dags/fraud_detection_dag.py
[2024-12-10T20:16:06.623+0000] {processor.py:925} INFO - DAG(s) 'fraud_detection' retrieved from /opt/airflow/dags/fraud_detection_dag.py
[2024-12-10T20:16:06.738+0000] {logging_mixin.py:190} INFO - [2024-12-10T20:16:06.737+0000] {dag.py:3239} INFO - Sync 1 DAGs
[2024-12-10T20:16:06.835+0000] {logging_mixin.py:190} INFO - [2024-12-10T20:16:06.835+0000] {dag.py:4180} INFO - Setting next_dagrun for fraud_detection to 2024-12-10 20:15:00+00:00, run_after=2024-12-10 20:16:00+00:00
[2024-12-10T20:16:06.930+0000] {processor.py:208} INFO - Processing /opt/airflow/dags/fraud_detection_dag.py took 4.580 seconds
[2024-12-10T20:16:38.118+0000] {processor.py:186} INFO - Started process (PID=927) to work on /opt/airflow/dags/fraud_detection_dag.py
[2024-12-10T20:16:38.141+0000] {processor.py:914} INFO - Processing file /opt/airflow/dags/fraud_detection_dag.py for tasks to queue
[2024-12-10T20:16:38.158+0000] {logging_mixin.py:190} INFO - [2024-12-10T20:16:38.156+0000] {dagbag.py:588} INFO - Filling up the DagBag from /opt/airflow/dags/fraud_detection_dag.py
[2024-12-10T20:16:45.295+0000] {processor.py:925} INFO - DAG(s) 'fraud_detection' retrieved from /opt/airflow/dags/fraud_detection_dag.py
[2024-12-10T20:16:45.518+0000] {logging_mixin.py:190} INFO - [2024-12-10T20:16:45.517+0000] {dag.py:3239} INFO - Sync 1 DAGs
[2024-12-10T20:16:45.659+0000] {logging_mixin.py:190} INFO - [2024-12-10T20:16:45.658+0000] {dag.py:4180} INFO - Setting next_dagrun for fraud_detection to 2024-12-10 20:15:00+00:00, run_after=2024-12-10 20:16:00+00:00
[2024-12-10T20:16:45.805+0000] {processor.py:208} INFO - Processing /opt/airflow/dags/fraud_detection_dag.py took 7.699 seconds
[2024-12-10T20:17:16.394+0000] {processor.py:186} INFO - Started process (PID=943) to work on /opt/airflow/dags/fraud_detection_dag.py
[2024-12-10T20:17:16.517+0000] {processor.py:914} INFO - Processing file /opt/airflow/dags/fraud_detection_dag.py for tasks to queue
[2024-12-10T20:17:16.524+0000] {logging_mixin.py:190} INFO - [2024-12-10T20:17:16.523+0000] {dagbag.py:588} INFO - Filling up the DagBag from /opt/airflow/dags/fraud_detection_dag.py
[2024-12-10T20:17:20.852+0000] {processor.py:925} INFO - DAG(s) 'fraud_detection' retrieved from /opt/airflow/dags/fraud_detection_dag.py
[2024-12-10T20:17:21.214+0000] {logging_mixin.py:190} INFO - [2024-12-10T20:17:21.213+0000] {dag.py:3239} INFO - Sync 1 DAGs
[2024-12-10T20:17:21.348+0000] {logging_mixin.py:190} INFO - [2024-12-10T20:17:21.347+0000] {dag.py:4180} INFO - Setting next_dagrun for fraud_detection to 2024-12-10 20:16:00+00:00, run_after=2024-12-10 20:17:00+00:00
[2024-12-10T20:17:21.473+0000] {processor.py:208} INFO - Processing /opt/airflow/dags/fraud_detection_dag.py took 5.088 seconds
[2024-12-10T20:17:52.589+0000] {processor.py:186} INFO - Started process (PID=958) to work on /opt/airflow/dags/fraud_detection_dag.py
[2024-12-10T20:17:52.598+0000] {processor.py:914} INFO - Processing file /opt/airflow/dags/fraud_detection_dag.py for tasks to queue
[2024-12-10T20:17:52.604+0000] {logging_mixin.py:190} INFO - [2024-12-10T20:17:52.603+0000] {dagbag.py:588} INFO - Filling up the DagBag from /opt/airflow/dags/fraud_detection_dag.py
[2024-12-10T20:17:54.571+0000] {processor.py:925} INFO - DAG(s) 'fraud_detection' retrieved from /opt/airflow/dags/fraud_detection_dag.py
[2024-12-10T20:17:54.756+0000] {logging_mixin.py:190} INFO - [2024-12-10T20:17:54.755+0000] {dag.py:3239} INFO - Sync 1 DAGs
[2024-12-10T20:17:54.828+0000] {logging_mixin.py:190} INFO - [2024-12-10T20:17:54.827+0000] {dag.py:4180} INFO - Setting next_dagrun for fraud_detection to 2024-12-10 20:16:00+00:00, run_after=2024-12-10 20:17:00+00:00
[2024-12-10T20:17:54.889+0000] {processor.py:208} INFO - Processing /opt/airflow/dags/fraud_detection_dag.py took 2.347 seconds
[2024-12-10T20:18:25.113+0000] {processor.py:186} INFO - Started process (PID=973) to work on /opt/airflow/dags/fraud_detection_dag.py
[2024-12-10T20:18:25.117+0000] {processor.py:914} INFO - Processing file /opt/airflow/dags/fraud_detection_dag.py for tasks to queue
[2024-12-10T20:18:25.125+0000] {logging_mixin.py:190} INFO - [2024-12-10T20:18:25.124+0000] {dagbag.py:588} INFO - Filling up the DagBag from /opt/airflow/dags/fraud_detection_dag.py
[2024-12-10T20:18:27.716+0000] {processor.py:925} INFO - DAG(s) 'fraud_detection' retrieved from /opt/airflow/dags/fraud_detection_dag.py
[2024-12-10T20:18:27.827+0000] {logging_mixin.py:190} INFO - [2024-12-10T20:18:27.826+0000] {dag.py:3239} INFO - Sync 1 DAGs
[2024-12-10T20:18:27.898+0000] {logging_mixin.py:190} INFO - [2024-12-10T20:18:27.897+0000] {dag.py:4180} INFO - Setting next_dagrun for fraud_detection to 2024-12-10 20:17:00+00:00, run_after=2024-12-10 20:18:00+00:00
[2024-12-10T20:18:27.950+0000] {processor.py:208} INFO - Processing /opt/airflow/dags/fraud_detection_dag.py took 2.856 seconds
[2024-12-10T20:18:58.446+0000] {processor.py:186} INFO - Started process (PID=988) to work on /opt/airflow/dags/fraud_detection_dag.py
[2024-12-10T20:18:58.451+0000] {processor.py:914} INFO - Processing file /opt/airflow/dags/fraud_detection_dag.py for tasks to queue
[2024-12-10T20:18:58.458+0000] {logging_mixin.py:190} INFO - [2024-12-10T20:18:58.457+0000] {dagbag.py:588} INFO - Filling up the DagBag from /opt/airflow/dags/fraud_detection_dag.py
[2024-12-10T20:19:00.672+0000] {processor.py:925} INFO - DAG(s) 'fraud_detection' retrieved from /opt/airflow/dags/fraud_detection_dag.py
[2024-12-10T20:19:00.846+0000] {logging_mixin.py:190} INFO - [2024-12-10T20:19:00.845+0000] {dag.py:3239} INFO - Sync 1 DAGs
[2024-12-10T20:19:00.929+0000] {logging_mixin.py:190} INFO - [2024-12-10T20:19:00.929+0000] {dag.py:4180} INFO - Setting next_dagrun for fraud_detection to 2024-12-10 20:18:00+00:00, run_after=2024-12-10 20:19:00+00:00
[2024-12-10T20:19:01.015+0000] {processor.py:208} INFO - Processing /opt/airflow/dags/fraud_detection_dag.py took 2.582 seconds
[2024-12-10T20:19:31.844+0000] {processor.py:186} INFO - Started process (PID=1003) to work on /opt/airflow/dags/fraud_detection_dag.py
[2024-12-10T20:19:31.848+0000] {processor.py:914} INFO - Processing file /opt/airflow/dags/fraud_detection_dag.py for tasks to queue
[2024-12-10T20:19:31.854+0000] {logging_mixin.py:190} INFO - [2024-12-10T20:19:31.853+0000] {dagbag.py:588} INFO - Filling up the DagBag from /opt/airflow/dags/fraud_detection_dag.py
[2024-12-10T20:19:34.758+0000] {processor.py:925} INFO - DAG(s) 'fraud_detection' retrieved from /opt/airflow/dags/fraud_detection_dag.py
[2024-12-10T20:19:34.934+0000] {logging_mixin.py:190} INFO - [2024-12-10T20:19:34.932+0000] {dag.py:3239} INFO - Sync 1 DAGs
[2024-12-10T20:19:35.003+0000] {logging_mixin.py:190} INFO - [2024-12-10T20:19:35.002+0000] {dag.py:4180} INFO - Setting next_dagrun for fraud_detection to 2024-12-10 20:18:00+00:00, run_after=2024-12-10 20:19:00+00:00
[2024-12-10T20:19:35.071+0000] {processor.py:208} INFO - Processing /opt/airflow/dags/fraud_detection_dag.py took 3.243 seconds
[2024-12-10T20:20:05.855+0000] {processor.py:186} INFO - Started process (PID=1026) to work on /opt/airflow/dags/fraud_detection_dag.py
[2024-12-10T20:20:05.861+0000] {processor.py:914} INFO - Processing file /opt/airflow/dags/fraud_detection_dag.py for tasks to queue
[2024-12-10T20:20:05.881+0000] {logging_mixin.py:190} INFO - [2024-12-10T20:20:05.880+0000] {dagbag.py:588} INFO - Filling up the DagBag from /opt/airflow/dags/fraud_detection_dag.py
[2024-12-10T20:20:08.299+0000] {processor.py:925} INFO - DAG(s) 'fraud_detection' retrieved from /opt/airflow/dags/fraud_detection_dag.py
[2024-12-10T20:20:08.503+0000] {logging_mixin.py:190} INFO - [2024-12-10T20:20:08.503+0000] {dag.py:3239} INFO - Sync 1 DAGs
[2024-12-10T20:20:08.543+0000] {logging_mixin.py:190} INFO - [2024-12-10T20:20:08.542+0000] {dag.py:4180} INFO - Setting next_dagrun for fraud_detection to 2024-12-10 20:19:00+00:00, run_after=2024-12-10 20:20:00+00:00
[2024-12-10T20:20:08.569+0000] {processor.py:208} INFO - Processing /opt/airflow/dags/fraud_detection_dag.py took 2.726 seconds
[2024-12-10T20:20:39.790+0000] {processor.py:186} INFO - Started process (PID=1042) to work on /opt/airflow/dags/fraud_detection_dag.py
[2024-12-10T20:20:40.341+0000] {processor.py:914} INFO - Processing file /opt/airflow/dags/fraud_detection_dag.py for tasks to queue
[2024-12-10T20:20:40.406+0000] {logging_mixin.py:190} INFO - [2024-12-10T20:20:40.405+0000] {dagbag.py:588} INFO - Filling up the DagBag from /opt/airflow/dags/fraud_detection_dag.py
[2024-12-10T20:20:53.599+0000] {processor.py:925} INFO - DAG(s) 'fraud_detection' retrieved from /opt/airflow/dags/fraud_detection_dag.py
[2024-12-10T20:20:56.177+0000] {logging_mixin.py:190} INFO - [2024-12-10T20:20:56.175+0000] {dag.py:3239} INFO - Sync 1 DAGs
[2024-12-10T20:20:56.244+0000] {logging_mixin.py:190} INFO - [2024-12-10T20:20:56.244+0000] {dag.py:4180} INFO - Setting next_dagrun for fraud_detection to 2024-12-10 20:19:00+00:00, run_after=2024-12-10 20:20:00+00:00
[2024-12-10T20:20:58.201+0000] {processor.py:208} INFO - Processing /opt/airflow/dags/fraud_detection_dag.py took 18.486 seconds
[2024-12-10T20:21:29.786+0000] {processor.py:186} INFO - Started process (PID=1054) to work on /opt/airflow/dags/fraud_detection_dag.py
[2024-12-10T20:21:29.789+0000] {processor.py:914} INFO - Processing file /opt/airflow/dags/fraud_detection_dag.py for tasks to queue
[2024-12-10T20:21:29.794+0000] {logging_mixin.py:190} INFO - [2024-12-10T20:21:29.793+0000] {dagbag.py:588} INFO - Filling up the DagBag from /opt/airflow/dags/fraud_detection_dag.py
[2024-12-10T20:21:31.360+0000] {processor.py:925} INFO - DAG(s) 'fraud_detection' retrieved from /opt/airflow/dags/fraud_detection_dag.py
[2024-12-10T20:21:31.447+0000] {logging_mixin.py:190} INFO - [2024-12-10T20:21:31.446+0000] {dag.py:3239} INFO - Sync 1 DAGs
[2024-12-10T20:21:31.511+0000] {logging_mixin.py:190} INFO - [2024-12-10T20:21:31.511+0000] {dag.py:4180} INFO - Setting next_dagrun for fraud_detection to 2024-12-10 20:20:00+00:00, run_after=2024-12-10 20:21:00+00:00
[2024-12-10T20:21:31.549+0000] {processor.py:208} INFO - Processing /opt/airflow/dags/fraud_detection_dag.py took 1.777 seconds
[2024-12-10T20:22:02.262+0000] {processor.py:186} INFO - Started process (PID=1071) to work on /opt/airflow/dags/fraud_detection_dag.py
[2024-12-10T20:22:02.264+0000] {processor.py:914} INFO - Processing file /opt/airflow/dags/fraud_detection_dag.py for tasks to queue
[2024-12-10T20:22:02.269+0000] {logging_mixin.py:190} INFO - [2024-12-10T20:22:02.268+0000] {dagbag.py:588} INFO - Filling up the DagBag from /opt/airflow/dags/fraud_detection_dag.py
[2024-12-10T20:22:03.556+0000] {processor.py:925} INFO - DAG(s) 'fraud_detection' retrieved from /opt/airflow/dags/fraud_detection_dag.py
[2024-12-10T20:22:03.604+0000] {logging_mixin.py:190} INFO - [2024-12-10T20:22:03.603+0000] {dag.py:3239} INFO - Sync 1 DAGs
[2024-12-10T20:22:03.636+0000] {logging_mixin.py:190} INFO - [2024-12-10T20:22:03.635+0000] {dag.py:4180} INFO - Setting next_dagrun for fraud_detection to 2024-12-10 20:21:00+00:00, run_after=2024-12-10 20:22:00+00:00
[2024-12-10T20:22:03.671+0000] {processor.py:208} INFO - Processing /opt/airflow/dags/fraud_detection_dag.py took 1.418 seconds
[2024-12-10T20:22:34.502+0000] {processor.py:186} INFO - Started process (PID=1086) to work on /opt/airflow/dags/fraud_detection_dag.py
[2024-12-10T20:22:34.505+0000] {processor.py:914} INFO - Processing file /opt/airflow/dags/fraud_detection_dag.py for tasks to queue
[2024-12-10T20:22:34.510+0000] {logging_mixin.py:190} INFO - [2024-12-10T20:22:34.510+0000] {dagbag.py:588} INFO - Filling up the DagBag from /opt/airflow/dags/fraud_detection_dag.py
[2024-12-10T20:22:35.949+0000] {processor.py:925} INFO - DAG(s) 'fraud_detection' retrieved from /opt/airflow/dags/fraud_detection_dag.py
[2024-12-10T20:22:35.988+0000] {logging_mixin.py:190} INFO - [2024-12-10T20:22:35.988+0000] {dag.py:3239} INFO - Sync 1 DAGs
[2024-12-10T20:22:36.019+0000] {logging_mixin.py:190} INFO - [2024-12-10T20:22:36.018+0000] {dag.py:4180} INFO - Setting next_dagrun for fraud_detection to 2024-12-10 20:21:00+00:00, run_after=2024-12-10 20:22:00+00:00
[2024-12-10T20:22:36.099+0000] {processor.py:208} INFO - Processing /opt/airflow/dags/fraud_detection_dag.py took 1.607 seconds
[2024-12-10T20:23:06.474+0000] {processor.py:186} INFO - Started process (PID=1101) to work on /opt/airflow/dags/fraud_detection_dag.py
[2024-12-10T20:23:06.478+0000] {processor.py:914} INFO - Processing file /opt/airflow/dags/fraud_detection_dag.py for tasks to queue
[2024-12-10T20:23:06.486+0000] {logging_mixin.py:190} INFO - [2024-12-10T20:23:06.486+0000] {dagbag.py:588} INFO - Filling up the DagBag from /opt/airflow/dags/fraud_detection_dag.py
[2024-12-10T20:23:07.975+0000] {processor.py:925} INFO - DAG(s) 'fraud_detection' retrieved from /opt/airflow/dags/fraud_detection_dag.py
[2024-12-10T20:23:08.016+0000] {logging_mixin.py:190} INFO - [2024-12-10T20:23:08.015+0000] {dag.py:3239} INFO - Sync 1 DAGs
[2024-12-10T20:23:08.061+0000] {logging_mixin.py:190} INFO - [2024-12-10T20:23:08.061+0000] {dag.py:4180} INFO - Setting next_dagrun for fraud_detection to 2024-12-10 20:22:00+00:00, run_after=2024-12-10 20:23:00+00:00
[2024-12-10T20:23:08.097+0000] {processor.py:208} INFO - Processing /opt/airflow/dags/fraud_detection_dag.py took 1.640 seconds
[2024-12-10T20:23:38.648+0000] {processor.py:186} INFO - Started process (PID=1122) to work on /opt/airflow/dags/fraud_detection_dag.py
[2024-12-10T20:23:38.683+0000] {processor.py:914} INFO - Processing file /opt/airflow/dags/fraud_detection_dag.py for tasks to queue
[2024-12-10T20:23:38.688+0000] {logging_mixin.py:190} INFO - [2024-12-10T20:23:38.687+0000] {dagbag.py:588} INFO - Filling up the DagBag from /opt/airflow/dags/fraud_detection_dag.py
[2024-12-10T20:23:40.351+0000] {processor.py:925} INFO - DAG(s) 'fraud_detection' retrieved from /opt/airflow/dags/fraud_detection_dag.py
[2024-12-10T20:23:40.392+0000] {logging_mixin.py:190} INFO - [2024-12-10T20:23:40.391+0000] {dag.py:3239} INFO - Sync 1 DAGs
[2024-12-10T20:23:40.425+0000] {logging_mixin.py:190} INFO - [2024-12-10T20:23:40.424+0000] {dag.py:4180} INFO - Setting next_dagrun for fraud_detection to 2024-12-10 20:22:00+00:00, run_after=2024-12-10 20:23:00+00:00
[2024-12-10T20:23:40.466+0000] {processor.py:208} INFO - Processing /opt/airflow/dags/fraud_detection_dag.py took 1.825 seconds
[2024-12-10T20:24:11.291+0000] {processor.py:186} INFO - Started process (PID=1137) to work on /opt/airflow/dags/fraud_detection_dag.py
[2024-12-10T20:24:11.297+0000] {processor.py:914} INFO - Processing file /opt/airflow/dags/fraud_detection_dag.py for tasks to queue
[2024-12-10T20:24:11.302+0000] {logging_mixin.py:190} INFO - [2024-12-10T20:24:11.301+0000] {dagbag.py:588} INFO - Filling up the DagBag from /opt/airflow/dags/fraud_detection_dag.py
[2024-12-10T20:24:13.119+0000] {processor.py:925} INFO - DAG(s) 'fraud_detection' retrieved from /opt/airflow/dags/fraud_detection_dag.py
[2024-12-10T20:24:13.241+0000] {logging_mixin.py:190} INFO - [2024-12-10T20:24:13.240+0000] {dag.py:3239} INFO - Sync 1 DAGs
[2024-12-10T20:24:13.301+0000] {logging_mixin.py:190} INFO - [2024-12-10T20:24:13.301+0000] {dag.py:4180} INFO - Setting next_dagrun for fraud_detection to 2024-12-10 20:23:00+00:00, run_after=2024-12-10 20:24:00+00:00
[2024-12-10T20:24:13.342+0000] {processor.py:208} INFO - Processing /opt/airflow/dags/fraud_detection_dag.py took 2.061 seconds
[2024-12-10T20:24:44.072+0000] {processor.py:186} INFO - Started process (PID=1152) to work on /opt/airflow/dags/fraud_detection_dag.py
[2024-12-10T20:24:44.075+0000] {processor.py:914} INFO - Processing file /opt/airflow/dags/fraud_detection_dag.py for tasks to queue
[2024-12-10T20:24:44.080+0000] {logging_mixin.py:190} INFO - [2024-12-10T20:24:44.079+0000] {dagbag.py:588} INFO - Filling up the DagBag from /opt/airflow/dags/fraud_detection_dag.py
[2024-12-10T20:24:45.757+0000] {processor.py:925} INFO - DAG(s) 'fraud_detection' retrieved from /opt/airflow/dags/fraud_detection_dag.py
[2024-12-10T20:24:45.800+0000] {logging_mixin.py:190} INFO - [2024-12-10T20:24:45.799+0000] {dag.py:3239} INFO - Sync 1 DAGs
[2024-12-10T20:24:45.843+0000] {logging_mixin.py:190} INFO - [2024-12-10T20:24:45.843+0000] {dag.py:4180} INFO - Setting next_dagrun for fraud_detection to 2024-12-10 20:23:00+00:00, run_after=2024-12-10 20:24:00+00:00
[2024-12-10T20:24:45.880+0000] {processor.py:208} INFO - Processing /opt/airflow/dags/fraud_detection_dag.py took 1.818 seconds
[2024-12-10T20:25:16.131+0000] {processor.py:186} INFO - Started process (PID=1167) to work on /opt/airflow/dags/fraud_detection_dag.py
[2024-12-10T20:25:16.134+0000] {processor.py:914} INFO - Processing file /opt/airflow/dags/fraud_detection_dag.py for tasks to queue
[2024-12-10T20:25:16.145+0000] {logging_mixin.py:190} INFO - [2024-12-10T20:25:16.142+0000] {dagbag.py:588} INFO - Filling up the DagBag from /opt/airflow/dags/fraud_detection_dag.py
[2024-12-10T20:25:18.367+0000] {processor.py:925} INFO - DAG(s) 'fraud_detection' retrieved from /opt/airflow/dags/fraud_detection_dag.py
[2024-12-10T20:25:18.536+0000] {logging_mixin.py:190} INFO - [2024-12-10T20:25:18.535+0000] {dag.py:3239} INFO - Sync 1 DAGs
[2024-12-10T20:25:18.648+0000] {logging_mixin.py:190} INFO - [2024-12-10T20:25:18.648+0000] {dag.py:4180} INFO - Setting next_dagrun for fraud_detection to 2024-12-10 20:24:00+00:00, run_after=2024-12-10 20:25:00+00:00
[2024-12-10T20:25:18.778+0000] {processor.py:208} INFO - Processing /opt/airflow/dags/fraud_detection_dag.py took 2.661 seconds
[2024-12-10T20:25:49.072+0000] {processor.py:186} INFO - Started process (PID=1183) to work on /opt/airflow/dags/fraud_detection_dag.py
[2024-12-10T20:25:49.074+0000] {processor.py:914} INFO - Processing file /opt/airflow/dags/fraud_detection_dag.py for tasks to queue
[2024-12-10T20:25:49.079+0000] {logging_mixin.py:190} INFO - [2024-12-10T20:25:49.078+0000] {dagbag.py:588} INFO - Filling up the DagBag from /opt/airflow/dags/fraud_detection_dag.py
[2024-12-10T20:25:51.122+0000] {processor.py:925} INFO - DAG(s) 'fraud_detection' retrieved from /opt/airflow/dags/fraud_detection_dag.py
[2024-12-10T20:25:51.179+0000] {logging_mixin.py:190} INFO - [2024-12-10T20:25:51.178+0000] {dag.py:3239} INFO - Sync 1 DAGs
[2024-12-10T20:25:51.225+0000] {logging_mixin.py:190} INFO - [2024-12-10T20:25:51.225+0000] {dag.py:4180} INFO - Setting next_dagrun for fraud_detection to 2024-12-10 20:24:00+00:00, run_after=2024-12-10 20:25:00+00:00
[2024-12-10T20:25:51.281+0000] {processor.py:208} INFO - Processing /opt/airflow/dags/fraud_detection_dag.py took 2.378 seconds
[2024-12-10T20:26:21.975+0000] {processor.py:186} INFO - Started process (PID=1198) to work on /opt/airflow/dags/fraud_detection_dag.py
[2024-12-10T20:26:21.980+0000] {processor.py:914} INFO - Processing file /opt/airflow/dags/fraud_detection_dag.py for tasks to queue
[2024-12-10T20:26:21.988+0000] {logging_mixin.py:190} INFO - [2024-12-10T20:26:21.987+0000] {dagbag.py:588} INFO - Filling up the DagBag from /opt/airflow/dags/fraud_detection_dag.py
[2024-12-10T20:26:23.552+0000] {processor.py:925} INFO - DAG(s) 'fraud_detection' retrieved from /opt/airflow/dags/fraud_detection_dag.py
[2024-12-10T20:26:23.619+0000] {logging_mixin.py:190} INFO - [2024-12-10T20:26:23.618+0000] {dag.py:3239} INFO - Sync 1 DAGs
[2024-12-10T20:26:23.680+0000] {logging_mixin.py:190} INFO - [2024-12-10T20:26:23.679+0000] {dag.py:4180} INFO - Setting next_dagrun for fraud_detection to 2024-12-10 20:25:00+00:00, run_after=2024-12-10 20:26:00+00:00
[2024-12-10T20:26:23.740+0000] {processor.py:208} INFO - Processing /opt/airflow/dags/fraud_detection_dag.py took 1.790 seconds
[2024-12-10T20:26:53.850+0000] {processor.py:186} INFO - Started process (PID=1213) to work on /opt/airflow/dags/fraud_detection_dag.py
[2024-12-10T20:26:53.853+0000] {processor.py:914} INFO - Processing file /opt/airflow/dags/fraud_detection_dag.py for tasks to queue
[2024-12-10T20:26:53.858+0000] {logging_mixin.py:190} INFO - [2024-12-10T20:26:53.858+0000] {dagbag.py:588} INFO - Filling up the DagBag from /opt/airflow/dags/fraud_detection_dag.py
[2024-12-10T20:26:55.343+0000] {processor.py:925} INFO - DAG(s) 'fraud_detection' retrieved from /opt/airflow/dags/fraud_detection_dag.py
[2024-12-10T20:26:55.385+0000] {logging_mixin.py:190} INFO - [2024-12-10T20:26:55.384+0000] {dag.py:3239} INFO - Sync 1 DAGs
[2024-12-10T20:26:55.437+0000] {logging_mixin.py:190} INFO - [2024-12-10T20:26:55.436+0000] {dag.py:4180} INFO - Setting next_dagrun for fraud_detection to 2024-12-10 20:25:00+00:00, run_after=2024-12-10 20:26:00+00:00
[2024-12-10T20:26:55.533+0000] {processor.py:208} INFO - Processing /opt/airflow/dags/fraud_detection_dag.py took 1.694 seconds
[2024-12-10T20:27:25.995+0000] {processor.py:186} INFO - Started process (PID=1228) to work on /opt/airflow/dags/fraud_detection_dag.py
[2024-12-10T20:27:26.003+0000] {processor.py:914} INFO - Processing file /opt/airflow/dags/fraud_detection_dag.py for tasks to queue
[2024-12-10T20:27:26.012+0000] {logging_mixin.py:190} INFO - [2024-12-10T20:27:26.011+0000] {dagbag.py:588} INFO - Filling up the DagBag from /opt/airflow/dags/fraud_detection_dag.py
[2024-12-10T20:27:27.271+0000] {processor.py:925} INFO - DAG(s) 'fraud_detection' retrieved from /opt/airflow/dags/fraud_detection_dag.py
[2024-12-10T20:27:27.322+0000] {logging_mixin.py:190} INFO - [2024-12-10T20:27:27.320+0000] {dag.py:3239} INFO - Sync 1 DAGs
[2024-12-10T20:27:27.363+0000] {logging_mixin.py:190} INFO - [2024-12-10T20:27:27.363+0000] {dag.py:4180} INFO - Setting next_dagrun for fraud_detection to 2024-12-10 20:26:00+00:00, run_after=2024-12-10 20:27:00+00:00
[2024-12-10T20:27:27.419+0000] {processor.py:208} INFO - Processing /opt/airflow/dags/fraud_detection_dag.py took 1.451 seconds
[2024-12-10T20:27:58.328+0000] {processor.py:186} INFO - Started process (PID=1243) to work on /opt/airflow/dags/fraud_detection_dag.py
[2024-12-10T20:27:58.338+0000] {processor.py:914} INFO - Processing file /opt/airflow/dags/fraud_detection_dag.py for tasks to queue
[2024-12-10T20:27:58.400+0000] {logging_mixin.py:190} INFO - [2024-12-10T20:27:58.399+0000] {dagbag.py:588} INFO - Filling up the DagBag from /opt/airflow/dags/fraud_detection_dag.py
[2024-12-10T20:28:00.910+0000] {processor.py:925} INFO - DAG(s) 'fraud_detection' retrieved from /opt/airflow/dags/fraud_detection_dag.py
[2024-12-10T20:28:00.964+0000] {logging_mixin.py:190} INFO - [2024-12-10T20:28:00.963+0000] {dag.py:3239} INFO - Sync 1 DAGs
[2024-12-10T20:28:01.010+0000] {logging_mixin.py:190} INFO - [2024-12-10T20:28:01.010+0000] {dag.py:4180} INFO - Setting next_dagrun for fraud_detection to 2024-12-10 20:27:00+00:00, run_after=2024-12-10 20:28:00+00:00
[2024-12-10T20:28:01.051+0000] {processor.py:208} INFO - Processing /opt/airflow/dags/fraud_detection_dag.py took 2.772 seconds
[2024-12-10T20:28:31.180+0000] {processor.py:186} INFO - Started process (PID=1259) to work on /opt/airflow/dags/fraud_detection_dag.py
[2024-12-10T20:28:31.184+0000] {processor.py:914} INFO - Processing file /opt/airflow/dags/fraud_detection_dag.py for tasks to queue
[2024-12-10T20:28:31.191+0000] {logging_mixin.py:190} INFO - [2024-12-10T20:28:31.189+0000] {dagbag.py:588} INFO - Filling up the DagBag from /opt/airflow/dags/fraud_detection_dag.py
[2024-12-10T20:28:32.992+0000] {processor.py:925} INFO - DAG(s) 'fraud_detection' retrieved from /opt/airflow/dags/fraud_detection_dag.py
[2024-12-10T20:28:33.045+0000] {logging_mixin.py:190} INFO - [2024-12-10T20:28:33.044+0000] {dag.py:3239} INFO - Sync 1 DAGs
[2024-12-10T20:28:33.098+0000] {logging_mixin.py:190} INFO - [2024-12-10T20:28:33.097+0000] {dag.py:4180} INFO - Setting next_dagrun for fraud_detection to 2024-12-10 20:27:00+00:00, run_after=2024-12-10 20:28:00+00:00
[2024-12-10T20:28:33.160+0000] {processor.py:208} INFO - Processing /opt/airflow/dags/fraud_detection_dag.py took 1.994 seconds
[2024-12-10T20:29:04.006+0000] {processor.py:186} INFO - Started process (PID=1274) to work on /opt/airflow/dags/fraud_detection_dag.py
[2024-12-10T20:29:04.011+0000] {processor.py:914} INFO - Processing file /opt/airflow/dags/fraud_detection_dag.py for tasks to queue
[2024-12-10T20:29:04.020+0000] {logging_mixin.py:190} INFO - [2024-12-10T20:29:04.018+0000] {dagbag.py:588} INFO - Filling up the DagBag from /opt/airflow/dags/fraud_detection_dag.py
[2024-12-10T20:29:05.374+0000] {processor.py:925} INFO - DAG(s) 'fraud_detection' retrieved from /opt/airflow/dags/fraud_detection_dag.py
[2024-12-10T20:29:05.474+0000] {logging_mixin.py:190} INFO - [2024-12-10T20:29:05.473+0000] {dag.py:3239} INFO - Sync 1 DAGs
[2024-12-10T20:29:05.533+0000] {logging_mixin.py:190} INFO - [2024-12-10T20:29:05.532+0000] {dag.py:4180} INFO - Setting next_dagrun for fraud_detection to 2024-12-10 20:28:00+00:00, run_after=2024-12-10 20:29:00+00:00
[2024-12-10T20:29:05.579+0000] {processor.py:208} INFO - Processing /opt/airflow/dags/fraud_detection_dag.py took 1.610 seconds
[2024-12-10T20:29:36.100+0000] {processor.py:186} INFO - Started process (PID=1289) to work on /opt/airflow/dags/fraud_detection_dag.py
[2024-12-10T20:29:36.109+0000] {processor.py:914} INFO - Processing file /opt/airflow/dags/fraud_detection_dag.py for tasks to queue
[2024-12-10T20:29:36.114+0000] {logging_mixin.py:190} INFO - [2024-12-10T20:29:36.114+0000] {dagbag.py:588} INFO - Filling up the DagBag from /opt/airflow/dags/fraud_detection_dag.py
[2024-12-10T20:29:37.711+0000] {processor.py:925} INFO - DAG(s) 'fraud_detection' retrieved from /opt/airflow/dags/fraud_detection_dag.py
[2024-12-10T20:29:37.783+0000] {logging_mixin.py:190} INFO - [2024-12-10T20:29:37.783+0000] {dag.py:3239} INFO - Sync 1 DAGs
[2024-12-10T20:29:37.832+0000] {logging_mixin.py:190} INFO - [2024-12-10T20:29:37.832+0000] {dag.py:4180} INFO - Setting next_dagrun for fraud_detection to 2024-12-10 20:28:00+00:00, run_after=2024-12-10 20:29:00+00:00
[2024-12-10T20:29:37.883+0000] {processor.py:208} INFO - Processing /opt/airflow/dags/fraud_detection_dag.py took 1.797 seconds
[2024-12-10T20:30:08.556+0000] {processor.py:186} INFO - Started process (PID=1304) to work on /opt/airflow/dags/fraud_detection_dag.py
[2024-12-10T20:30:08.562+0000] {processor.py:914} INFO - Processing file /opt/airflow/dags/fraud_detection_dag.py for tasks to queue
[2024-12-10T20:30:08.573+0000] {logging_mixin.py:190} INFO - [2024-12-10T20:30:08.569+0000] {dagbag.py:588} INFO - Filling up the DagBag from /opt/airflow/dags/fraud_detection_dag.py
[2024-12-10T20:30:10.922+0000] {processor.py:925} INFO - DAG(s) 'fraud_detection' retrieved from /opt/airflow/dags/fraud_detection_dag.py
[2024-12-10T20:30:11.126+0000] {logging_mixin.py:190} INFO - [2024-12-10T20:30:11.124+0000] {dag.py:3239} INFO - Sync 1 DAGs
[2024-12-10T20:30:11.284+0000] {logging_mixin.py:190} INFO - [2024-12-10T20:30:11.283+0000] {dag.py:4180} INFO - Setting next_dagrun for fraud_detection to 2024-12-10 20:29:00+00:00, run_after=2024-12-10 20:30:00+00:00
[2024-12-10T20:30:11.461+0000] {processor.py:208} INFO - Processing /opt/airflow/dags/fraud_detection_dag.py took 2.935 seconds
[2024-12-10T20:30:41.594+0000] {processor.py:186} INFO - Started process (PID=1325) to work on /opt/airflow/dags/fraud_detection_dag.py
[2024-12-10T20:30:41.597+0000] {processor.py:914} INFO - Processing file /opt/airflow/dags/fraud_detection_dag.py for tasks to queue
[2024-12-10T20:30:41.602+0000] {logging_mixin.py:190} INFO - [2024-12-10T20:30:41.601+0000] {dagbag.py:588} INFO - Filling up the DagBag from /opt/airflow/dags/fraud_detection_dag.py
[2024-12-10T20:30:43.140+0000] {processor.py:925} INFO - DAG(s) 'fraud_detection' retrieved from /opt/airflow/dags/fraud_detection_dag.py
[2024-12-10T20:30:43.192+0000] {logging_mixin.py:190} INFO - [2024-12-10T20:30:43.191+0000] {dag.py:3239} INFO - Sync 1 DAGs
[2024-12-10T20:30:43.236+0000] {logging_mixin.py:190} INFO - [2024-12-10T20:30:43.236+0000] {dag.py:4180} INFO - Setting next_dagrun for fraud_detection to 2024-12-10 20:29:00+00:00, run_after=2024-12-10 20:30:00+00:00
[2024-12-10T20:30:43.297+0000] {processor.py:208} INFO - Processing /opt/airflow/dags/fraud_detection_dag.py took 1.734 seconds
[2024-12-10T20:31:13.565+0000] {processor.py:186} INFO - Started process (PID=1340) to work on /opt/airflow/dags/fraud_detection_dag.py
[2024-12-10T20:31:13.568+0000] {processor.py:914} INFO - Processing file /opt/airflow/dags/fraud_detection_dag.py for tasks to queue
[2024-12-10T20:31:13.576+0000] {logging_mixin.py:190} INFO - [2024-12-10T20:31:13.575+0000] {dagbag.py:588} INFO - Filling up the DagBag from /opt/airflow/dags/fraud_detection_dag.py
[2024-12-10T20:31:15.653+0000] {processor.py:925} INFO - DAG(s) 'fraud_detection' retrieved from /opt/airflow/dags/fraud_detection_dag.py
[2024-12-10T20:31:15.746+0000] {logging_mixin.py:190} INFO - [2024-12-10T20:31:15.745+0000] {dag.py:3239} INFO - Sync 1 DAGs
[2024-12-10T20:31:15.858+0000] {logging_mixin.py:190} INFO - [2024-12-10T20:31:15.857+0000] {dag.py:4180} INFO - Setting next_dagrun for fraud_detection to 2024-12-10 20:30:00+00:00, run_after=2024-12-10 20:31:00+00:00
[2024-12-10T20:31:15.957+0000] {processor.py:208} INFO - Processing /opt/airflow/dags/fraud_detection_dag.py took 2.410 seconds
[2024-12-10T20:31:46.579+0000] {processor.py:186} INFO - Started process (PID=1355) to work on /opt/airflow/dags/fraud_detection_dag.py
[2024-12-10T20:31:46.587+0000] {processor.py:914} INFO - Processing file /opt/airflow/dags/fraud_detection_dag.py for tasks to queue
[2024-12-10T20:31:46.603+0000] {logging_mixin.py:190} INFO - [2024-12-10T20:31:46.602+0000] {dagbag.py:588} INFO - Filling up the DagBag from /opt/airflow/dags/fraud_detection_dag.py
[2024-12-10T20:31:49.116+0000] {processor.py:925} INFO - DAG(s) 'fraud_detection' retrieved from /opt/airflow/dags/fraud_detection_dag.py
[2024-12-10T20:31:49.187+0000] {logging_mixin.py:190} INFO - [2024-12-10T20:31:49.186+0000] {dag.py:3239} INFO - Sync 1 DAGs
[2024-12-10T20:31:49.237+0000] {logging_mixin.py:190} INFO - [2024-12-10T20:31:49.237+0000] {dag.py:4180} INFO - Setting next_dagrun for fraud_detection to 2024-12-10 20:30:00+00:00, run_after=2024-12-10 20:31:00+00:00
[2024-12-10T20:31:49.287+0000] {processor.py:208} INFO - Processing /opt/airflow/dags/fraud_detection_dag.py took 2.739 seconds
