[2024-12-10T19:45:56.685+0000] {processor.py:186} INFO - Started process (PID=62) to work on /opt/airflow/dags/monitoring_dag.py
[2024-12-10T19:45:56.763+0000] {processor.py:914} INFO - Processing file /opt/airflow/dags/monitoring_dag.py for tasks to queue
[2024-12-10T19:45:56.797+0000] {logging_mixin.py:190} INFO - [2024-12-10T19:45:56.791+0000] {dagbag.py:588} INFO - Filling up the DagBag from /opt/airflow/dags/monitoring_dag.py
[2024-12-10T19:46:02.186+0000] {processor.py:925} INFO - DAG(s) 'fraud_monitoring' retrieved from /opt/airflow/dags/monitoring_dag.py
[2024-12-10T19:46:02.402+0000] {logging_mixin.py:190} INFO - [2024-12-10T19:46:02.401+0000] {dag.py:3239} INFO - Sync 1 DAGs
[2024-12-10T19:46:02.504+0000] {logging_mixin.py:190} INFO - [2024-12-10T19:46:02.504+0000] {dag.py:4180} INFO - Setting next_dagrun for fraud_monitoring to 2024-12-09 00:00:00+00:00, run_after=2024-12-10 00:00:00+00:00
[2024-12-10T19:46:02.612+0000] {processor.py:208} INFO - Processing /opt/airflow/dags/monitoring_dag.py took 6.121 seconds
[2024-12-10T19:46:32.992+0000] {processor.py:186} INFO - Started process (PID=75) to work on /opt/airflow/dags/monitoring_dag.py
[2024-12-10T19:46:33.035+0000] {processor.py:914} INFO - Processing file /opt/airflow/dags/monitoring_dag.py for tasks to queue
[2024-12-10T19:46:33.064+0000] {logging_mixin.py:190} INFO - [2024-12-10T19:46:33.051+0000] {dagbag.py:588} INFO - Filling up the DagBag from /opt/airflow/dags/monitoring_dag.py
[2024-12-10T19:46:35.945+0000] {processor.py:925} INFO - DAG(s) 'fraud_monitoring' retrieved from /opt/airflow/dags/monitoring_dag.py
[2024-12-10T19:46:36.122+0000] {logging_mixin.py:190} INFO - [2024-12-10T19:46:36.121+0000] {dag.py:3239} INFO - Sync 1 DAGs
[2024-12-10T19:46:36.355+0000] {logging_mixin.py:190} INFO - [2024-12-10T19:46:36.355+0000] {dag.py:4180} INFO - Setting next_dagrun for fraud_monitoring to 2024-12-09 00:00:00+00:00, run_after=2024-12-10 00:00:00+00:00
[2024-12-10T19:46:36.496+0000] {processor.py:208} INFO - Processing /opt/airflow/dags/monitoring_dag.py took 3.525 seconds
[2024-12-10T19:47:07.389+0000] {processor.py:186} INFO - Started process (PID=90) to work on /opt/airflow/dags/monitoring_dag.py
[2024-12-10T19:47:07.398+0000] {processor.py:914} INFO - Processing file /opt/airflow/dags/monitoring_dag.py for tasks to queue
[2024-12-10T19:47:07.409+0000] {logging_mixin.py:190} INFO - [2024-12-10T19:47:07.408+0000] {dagbag.py:588} INFO - Filling up the DagBag from /opt/airflow/dags/monitoring_dag.py
[2024-12-10T19:47:09.208+0000] {processor.py:925} INFO - DAG(s) 'fraud_monitoring' retrieved from /opt/airflow/dags/monitoring_dag.py
[2024-12-10T19:47:09.352+0000] {logging_mixin.py:190} INFO - [2024-12-10T19:47:09.347+0000] {dag.py:3239} INFO - Sync 1 DAGs
[2024-12-10T19:47:09.530+0000] {logging_mixin.py:190} INFO - [2024-12-10T19:47:09.529+0000] {dag.py:4180} INFO - Setting next_dagrun for fraud_monitoring to 2024-12-09 00:00:00+00:00, run_after=2024-12-10 00:00:00+00:00
[2024-12-10T19:47:09.606+0000] {processor.py:208} INFO - Processing /opt/airflow/dags/monitoring_dag.py took 2.235 seconds
[2024-12-10T19:47:39.777+0000] {processor.py:186} INFO - Started process (PID=105) to work on /opt/airflow/dags/monitoring_dag.py
[2024-12-10T19:47:39.781+0000] {processor.py:914} INFO - Processing file /opt/airflow/dags/monitoring_dag.py for tasks to queue
[2024-12-10T19:47:39.786+0000] {logging_mixin.py:190} INFO - [2024-12-10T19:47:39.786+0000] {dagbag.py:588} INFO - Filling up the DagBag from /opt/airflow/dags/monitoring_dag.py
[2024-12-10T19:47:41.696+0000] {processor.py:925} INFO - DAG(s) 'fraud_monitoring' retrieved from /opt/airflow/dags/monitoring_dag.py
[2024-12-10T19:47:41.874+0000] {logging_mixin.py:190} INFO - [2024-12-10T19:47:41.873+0000] {dag.py:3239} INFO - Sync 1 DAGs
[2024-12-10T19:47:41.962+0000] {logging_mixin.py:190} INFO - [2024-12-10T19:47:41.962+0000] {dag.py:4180} INFO - Setting next_dagrun for fraud_monitoring to 2024-12-09 00:00:00+00:00, run_after=2024-12-10 00:00:00+00:00
[2024-12-10T19:47:42.062+0000] {processor.py:208} INFO - Processing /opt/airflow/dags/monitoring_dag.py took 2.294 seconds
[2024-12-10T19:48:12.410+0000] {processor.py:186} INFO - Started process (PID=120) to work on /opt/airflow/dags/monitoring_dag.py
[2024-12-10T19:48:12.418+0000] {processor.py:914} INFO - Processing file /opt/airflow/dags/monitoring_dag.py for tasks to queue
[2024-12-10T19:48:12.424+0000] {logging_mixin.py:190} INFO - [2024-12-10T19:48:12.423+0000] {dagbag.py:588} INFO - Filling up the DagBag from /opt/airflow/dags/monitoring_dag.py
[2024-12-10T19:48:13.167+0000] {processor.py:925} INFO - DAG(s) 'fraud_monitoring' retrieved from /opt/airflow/dags/monitoring_dag.py
[2024-12-10T19:48:13.216+0000] {logging_mixin.py:190} INFO - [2024-12-10T19:48:13.215+0000] {dag.py:3239} INFO - Sync 1 DAGs
[2024-12-10T19:48:13.277+0000] {logging_mixin.py:190} INFO - [2024-12-10T19:48:13.277+0000] {dag.py:4180} INFO - Setting next_dagrun for fraud_monitoring to 2024-12-09 00:00:00+00:00, run_after=2024-12-10 00:00:00+00:00
[2024-12-10T19:48:13.298+0000] {processor.py:208} INFO - Processing /opt/airflow/dags/monitoring_dag.py took 0.920 seconds
[2024-12-10T19:48:43.665+0000] {processor.py:186} INFO - Started process (PID=135) to work on /opt/airflow/dags/monitoring_dag.py
[2024-12-10T19:48:43.672+0000] {processor.py:914} INFO - Processing file /opt/airflow/dags/monitoring_dag.py for tasks to queue
[2024-12-10T19:48:43.679+0000] {logging_mixin.py:190} INFO - [2024-12-10T19:48:43.677+0000] {dagbag.py:588} INFO - Filling up the DagBag from /opt/airflow/dags/monitoring_dag.py
[2024-12-10T19:48:44.310+0000] {processor.py:925} INFO - DAG(s) 'fraud_monitoring' retrieved from /opt/airflow/dags/monitoring_dag.py
[2024-12-10T19:48:44.432+0000] {logging_mixin.py:190} INFO - [2024-12-10T19:48:44.430+0000] {dag.py:3239} INFO - Sync 1 DAGs
[2024-12-10T19:48:44.514+0000] {logging_mixin.py:190} INFO - [2024-12-10T19:48:44.513+0000] {dag.py:4180} INFO - Setting next_dagrun for fraud_monitoring to 2024-12-09 00:00:00+00:00, run_after=2024-12-10 00:00:00+00:00
[2024-12-10T19:48:44.553+0000] {processor.py:208} INFO - Processing /opt/airflow/dags/monitoring_dag.py took 0.900 seconds
[2024-12-10T19:49:14.898+0000] {processor.py:186} INFO - Started process (PID=150) to work on /opt/airflow/dags/monitoring_dag.py
[2024-12-10T19:49:14.900+0000] {processor.py:914} INFO - Processing file /opt/airflow/dags/monitoring_dag.py for tasks to queue
[2024-12-10T19:49:14.906+0000] {logging_mixin.py:190} INFO - [2024-12-10T19:49:14.905+0000] {dagbag.py:588} INFO - Filling up the DagBag from /opt/airflow/dags/monitoring_dag.py
[2024-12-10T19:49:15.598+0000] {processor.py:925} INFO - DAG(s) 'fraud_monitoring' retrieved from /opt/airflow/dags/monitoring_dag.py
[2024-12-10T19:49:15.698+0000] {logging_mixin.py:190} INFO - [2024-12-10T19:49:15.696+0000] {dag.py:3239} INFO - Sync 1 DAGs
[2024-12-10T19:49:15.824+0000] {logging_mixin.py:190} INFO - [2024-12-10T19:49:15.824+0000] {dag.py:4180} INFO - Setting next_dagrun for fraud_monitoring to 2024-12-09 00:00:00+00:00, run_after=2024-12-10 00:00:00+00:00
[2024-12-10T19:49:15.959+0000] {processor.py:208} INFO - Processing /opt/airflow/dags/monitoring_dag.py took 1.075 seconds
[2024-12-10T19:49:46.164+0000] {processor.py:186} INFO - Started process (PID=164) to work on /opt/airflow/dags/monitoring_dag.py
[2024-12-10T19:49:46.170+0000] {processor.py:914} INFO - Processing file /opt/airflow/dags/monitoring_dag.py for tasks to queue
[2024-12-10T19:49:46.179+0000] {logging_mixin.py:190} INFO - [2024-12-10T19:49:46.177+0000] {dagbag.py:588} INFO - Filling up the DagBag from /opt/airflow/dags/monitoring_dag.py
[2024-12-10T19:49:48.046+0000] {processor.py:925} INFO - DAG(s) 'fraud_monitoring' retrieved from /opt/airflow/dags/monitoring_dag.py
[2024-12-10T19:49:48.247+0000] {logging_mixin.py:190} INFO - [2024-12-10T19:49:48.246+0000] {dag.py:3239} INFO - Sync 1 DAGs
[2024-12-10T19:49:48.523+0000] {logging_mixin.py:190} INFO - [2024-12-10T19:49:48.523+0000] {dag.py:4180} INFO - Setting next_dagrun for fraud_monitoring to 2024-12-09 00:00:00+00:00, run_after=2024-12-10 00:00:00+00:00
[2024-12-10T19:49:48.695+0000] {processor.py:208} INFO - Processing /opt/airflow/dags/monitoring_dag.py took 2.615 seconds
[2024-12-10T19:50:19.213+0000] {processor.py:186} INFO - Started process (PID=183) to work on /opt/airflow/dags/monitoring_dag.py
[2024-12-10T19:50:19.235+0000] {processor.py:914} INFO - Processing file /opt/airflow/dags/monitoring_dag.py for tasks to queue
[2024-12-10T19:50:19.249+0000] {logging_mixin.py:190} INFO - [2024-12-10T19:50:19.248+0000] {dagbag.py:588} INFO - Filling up the DagBag from /opt/airflow/dags/monitoring_dag.py
[2024-12-10T19:50:20.893+0000] {processor.py:925} INFO - DAG(s) 'fraud_monitoring' retrieved from /opt/airflow/dags/monitoring_dag.py
[2024-12-10T19:50:21.057+0000] {logging_mixin.py:190} INFO - [2024-12-10T19:50:21.056+0000] {dag.py:3239} INFO - Sync 1 DAGs
[2024-12-10T19:50:21.155+0000] {logging_mixin.py:190} INFO - [2024-12-10T19:50:21.154+0000] {dag.py:4180} INFO - Setting next_dagrun for fraud_monitoring to 2024-12-09 00:00:00+00:00, run_after=2024-12-10 00:00:00+00:00
[2024-12-10T19:50:21.229+0000] {processor.py:208} INFO - Processing /opt/airflow/dags/monitoring_dag.py took 2.027 seconds
[2024-12-10T19:50:51.729+0000] {processor.py:186} INFO - Started process (PID=198) to work on /opt/airflow/dags/monitoring_dag.py
[2024-12-10T19:50:51.737+0000] {processor.py:914} INFO - Processing file /opt/airflow/dags/monitoring_dag.py for tasks to queue
[2024-12-10T19:50:51.758+0000] {logging_mixin.py:190} INFO - [2024-12-10T19:50:51.756+0000] {dagbag.py:588} INFO - Filling up the DagBag from /opt/airflow/dags/monitoring_dag.py
[2024-12-10T19:50:53.013+0000] {processor.py:925} INFO - DAG(s) 'fraud_monitoring' retrieved from /opt/airflow/dags/monitoring_dag.py
[2024-12-10T19:50:53.116+0000] {logging_mixin.py:190} INFO - [2024-12-10T19:50:53.113+0000] {dag.py:3239} INFO - Sync 1 DAGs
[2024-12-10T19:50:53.196+0000] {logging_mixin.py:190} INFO - [2024-12-10T19:50:53.196+0000] {dag.py:4180} INFO - Setting next_dagrun for fraud_monitoring to 2024-12-09 00:00:00+00:00, run_after=2024-12-10 00:00:00+00:00
[2024-12-10T19:50:53.284+0000] {processor.py:208} INFO - Processing /opt/airflow/dags/monitoring_dag.py took 1.577 seconds
[2024-12-10T19:51:23.872+0000] {processor.py:186} INFO - Started process (PID=213) to work on /opt/airflow/dags/monitoring_dag.py
[2024-12-10T19:51:23.880+0000] {processor.py:914} INFO - Processing file /opt/airflow/dags/monitoring_dag.py for tasks to queue
[2024-12-10T19:51:23.897+0000] {logging_mixin.py:190} INFO - [2024-12-10T19:51:23.896+0000] {dagbag.py:588} INFO - Filling up the DagBag from /opt/airflow/dags/monitoring_dag.py
[2024-12-10T19:51:25.723+0000] {processor.py:925} INFO - DAG(s) 'fraud_monitoring' retrieved from /opt/airflow/dags/monitoring_dag.py
[2024-12-10T19:51:25.927+0000] {logging_mixin.py:190} INFO - [2024-12-10T19:51:25.925+0000] {dag.py:3239} INFO - Sync 1 DAGs
[2024-12-10T19:51:26.031+0000] {logging_mixin.py:190} INFO - [2024-12-10T19:51:26.030+0000] {dag.py:4180} INFO - Setting next_dagrun for fraud_monitoring to 2024-12-09 00:00:00+00:00, run_after=2024-12-10 00:00:00+00:00
[2024-12-10T19:51:26.106+0000] {processor.py:208} INFO - Processing /opt/airflow/dags/monitoring_dag.py took 2.272 seconds
[2024-12-10T19:51:56.631+0000] {processor.py:186} INFO - Started process (PID=229) to work on /opt/airflow/dags/monitoring_dag.py
[2024-12-10T19:51:56.648+0000] {processor.py:914} INFO - Processing file /opt/airflow/dags/monitoring_dag.py for tasks to queue
[2024-12-10T19:51:56.686+0000] {logging_mixin.py:190} INFO - [2024-12-10T19:51:56.686+0000] {dagbag.py:588} INFO - Filling up the DagBag from /opt/airflow/dags/monitoring_dag.py
[2024-12-10T19:51:58.273+0000] {processor.py:925} INFO - DAG(s) 'fraud_monitoring' retrieved from /opt/airflow/dags/monitoring_dag.py
[2024-12-10T19:51:58.381+0000] {logging_mixin.py:190} INFO - [2024-12-10T19:51:58.379+0000] {dag.py:3239} INFO - Sync 1 DAGs
[2024-12-10T19:51:58.465+0000] {logging_mixin.py:190} INFO - [2024-12-10T19:51:58.464+0000] {dag.py:4180} INFO - Setting next_dagrun for fraud_monitoring to 2024-12-09 00:00:00+00:00, run_after=2024-12-10 00:00:00+00:00
[2024-12-10T19:51:58.537+0000] {processor.py:208} INFO - Processing /opt/airflow/dags/monitoring_dag.py took 1.946 seconds
[2024-12-10T19:52:28.840+0000] {processor.py:186} INFO - Started process (PID=244) to work on /opt/airflow/dags/monitoring_dag.py
[2024-12-10T19:52:28.843+0000] {processor.py:914} INFO - Processing file /opt/airflow/dags/monitoring_dag.py for tasks to queue
[2024-12-10T19:52:28.856+0000] {logging_mixin.py:190} INFO - [2024-12-10T19:52:28.853+0000] {dagbag.py:588} INFO - Filling up the DagBag from /opt/airflow/dags/monitoring_dag.py
[2024-12-10T19:52:30.106+0000] {processor.py:925} INFO - DAG(s) 'fraud_monitoring' retrieved from /opt/airflow/dags/monitoring_dag.py
[2024-12-10T19:52:30.308+0000] {logging_mixin.py:190} INFO - [2024-12-10T19:52:30.305+0000] {dag.py:3239} INFO - Sync 1 DAGs
[2024-12-10T19:52:30.428+0000] {logging_mixin.py:190} INFO - [2024-12-10T19:52:30.428+0000] {dag.py:4180} INFO - Setting next_dagrun for fraud_monitoring to 2024-12-09 00:00:00+00:00, run_after=2024-12-10 00:00:00+00:00
[2024-12-10T19:52:30.511+0000] {processor.py:208} INFO - Processing /opt/airflow/dags/monitoring_dag.py took 1.703 seconds
[2024-12-10T19:53:00.886+0000] {processor.py:186} INFO - Started process (PID=259) to work on /opt/airflow/dags/monitoring_dag.py
[2024-12-10T19:53:00.888+0000] {processor.py:914} INFO - Processing file /opt/airflow/dags/monitoring_dag.py for tasks to queue
[2024-12-10T19:53:00.892+0000] {logging_mixin.py:190} INFO - [2024-12-10T19:53:00.891+0000] {dagbag.py:588} INFO - Filling up the DagBag from /opt/airflow/dags/monitoring_dag.py
[2024-12-10T19:53:02.051+0000] {processor.py:925} INFO - DAG(s) 'fraud_monitoring' retrieved from /opt/airflow/dags/monitoring_dag.py
[2024-12-10T19:53:02.099+0000] {logging_mixin.py:190} INFO - [2024-12-10T19:53:02.098+0000] {dag.py:3239} INFO - Sync 1 DAGs
[2024-12-10T19:53:02.187+0000] {logging_mixin.py:190} INFO - [2024-12-10T19:53:02.186+0000] {dag.py:4180} INFO - Setting next_dagrun for fraud_monitoring to 2024-12-09 00:00:00+00:00, run_after=2024-12-10 00:00:00+00:00
[2024-12-10T19:53:02.244+0000] {processor.py:208} INFO - Processing /opt/airflow/dags/monitoring_dag.py took 1.370 seconds
[2024-12-10T19:53:32.735+0000] {processor.py:186} INFO - Started process (PID=274) to work on /opt/airflow/dags/monitoring_dag.py
[2024-12-10T19:53:32.740+0000] {processor.py:914} INFO - Processing file /opt/airflow/dags/monitoring_dag.py for tasks to queue
[2024-12-10T19:53:32.746+0000] {logging_mixin.py:190} INFO - [2024-12-10T19:53:32.745+0000] {dagbag.py:588} INFO - Filling up the DagBag from /opt/airflow/dags/monitoring_dag.py
[2024-12-10T19:53:33.761+0000] {processor.py:925} INFO - DAG(s) 'fraud_monitoring' retrieved from /opt/airflow/dags/monitoring_dag.py
[2024-12-10T19:53:33.824+0000] {logging_mixin.py:190} INFO - [2024-12-10T19:53:33.823+0000] {dag.py:3239} INFO - Sync 1 DAGs
[2024-12-10T19:53:33.878+0000] {logging_mixin.py:190} INFO - [2024-12-10T19:53:33.877+0000] {dag.py:4180} INFO - Setting next_dagrun for fraud_monitoring to 2024-12-09 00:00:00+00:00, run_after=2024-12-10 00:00:00+00:00
[2024-12-10T19:53:33.935+0000] {processor.py:208} INFO - Processing /opt/airflow/dags/monitoring_dag.py took 1.211 seconds
[2024-12-10T19:54:04.732+0000] {processor.py:186} INFO - Started process (PID=286) to work on /opt/airflow/dags/monitoring_dag.py
[2024-12-10T19:54:04.737+0000] {processor.py:914} INFO - Processing file /opt/airflow/dags/monitoring_dag.py for tasks to queue
[2024-12-10T19:54:04.743+0000] {logging_mixin.py:190} INFO - [2024-12-10T19:54:04.743+0000] {dagbag.py:588} INFO - Filling up the DagBag from /opt/airflow/dags/monitoring_dag.py
[2024-12-10T19:54:05.714+0000] {processor.py:925} INFO - DAG(s) 'fraud_monitoring' retrieved from /opt/airflow/dags/monitoring_dag.py
[2024-12-10T19:54:05.813+0000] {logging_mixin.py:190} INFO - [2024-12-10T19:54:05.812+0000] {dag.py:3239} INFO - Sync 1 DAGs
[2024-12-10T19:54:05.943+0000] {logging_mixin.py:190} INFO - [2024-12-10T19:54:05.942+0000] {dag.py:4180} INFO - Setting next_dagrun for fraud_monitoring to 2024-12-09 00:00:00+00:00, run_after=2024-12-10 00:00:00+00:00
[2024-12-10T19:54:05.993+0000] {processor.py:208} INFO - Processing /opt/airflow/dags/monitoring_dag.py took 1.280 seconds
[2024-12-10T19:54:36.244+0000] {processor.py:186} INFO - Started process (PID=299) to work on /opt/airflow/dags/monitoring_dag.py
[2024-12-10T19:54:36.256+0000] {processor.py:914} INFO - Processing file /opt/airflow/dags/monitoring_dag.py for tasks to queue
[2024-12-10T19:54:36.262+0000] {logging_mixin.py:190} INFO - [2024-12-10T19:54:36.262+0000] {dagbag.py:588} INFO - Filling up the DagBag from /opt/airflow/dags/monitoring_dag.py
[2024-12-10T19:54:36.914+0000] {processor.py:925} INFO - DAG(s) 'fraud_monitoring' retrieved from /opt/airflow/dags/monitoring_dag.py
[2024-12-10T19:54:37.016+0000] {logging_mixin.py:190} INFO - [2024-12-10T19:54:37.016+0000] {dag.py:3239} INFO - Sync 1 DAGs
[2024-12-10T19:54:37.075+0000] {logging_mixin.py:190} INFO - [2024-12-10T19:54:37.075+0000] {dag.py:4180} INFO - Setting next_dagrun for fraud_monitoring to 2024-12-09 00:00:00+00:00, run_after=2024-12-10 00:00:00+00:00
[2024-12-10T19:54:37.152+0000] {processor.py:208} INFO - Processing /opt/airflow/dags/monitoring_dag.py took 0.929 seconds
[2024-12-10T19:55:07.667+0000] {processor.py:186} INFO - Started process (PID=314) to work on /opt/airflow/dags/monitoring_dag.py
[2024-12-10T19:55:07.669+0000] {processor.py:914} INFO - Processing file /opt/airflow/dags/monitoring_dag.py for tasks to queue
[2024-12-10T19:55:07.675+0000] {logging_mixin.py:190} INFO - [2024-12-10T19:55:07.674+0000] {dagbag.py:588} INFO - Filling up the DagBag from /opt/airflow/dags/monitoring_dag.py
[2024-12-10T19:55:08.619+0000] {processor.py:925} INFO - DAG(s) 'fraud_monitoring' retrieved from /opt/airflow/dags/monitoring_dag.py
[2024-12-10T19:55:08.741+0000] {logging_mixin.py:190} INFO - [2024-12-10T19:55:08.740+0000] {dag.py:3239} INFO - Sync 1 DAGs
[2024-12-10T19:55:08.826+0000] {logging_mixin.py:190} INFO - [2024-12-10T19:55:08.826+0000] {dag.py:4180} INFO - Setting next_dagrun for fraud_monitoring to 2024-12-09 00:00:00+00:00, run_after=2024-12-10 00:00:00+00:00
[2024-12-10T19:55:08.910+0000] {processor.py:208} INFO - Processing /opt/airflow/dags/monitoring_dag.py took 1.262 seconds
[2024-12-10T19:55:39.713+0000] {processor.py:186} INFO - Started process (PID=328) to work on /opt/airflow/dags/monitoring_dag.py
[2024-12-10T19:55:39.720+0000] {processor.py:914} INFO - Processing file /opt/airflow/dags/monitoring_dag.py for tasks to queue
[2024-12-10T19:55:39.728+0000] {logging_mixin.py:190} INFO - [2024-12-10T19:55:39.727+0000] {dagbag.py:588} INFO - Filling up the DagBag from /opt/airflow/dags/monitoring_dag.py
[2024-12-10T19:55:40.884+0000] {processor.py:925} INFO - DAG(s) 'fraud_monitoring' retrieved from /opt/airflow/dags/monitoring_dag.py
[2024-12-10T19:55:40.988+0000] {logging_mixin.py:190} INFO - [2024-12-10T19:55:40.987+0000] {dag.py:3239} INFO - Sync 1 DAGs
[2024-12-10T19:55:41.038+0000] {logging_mixin.py:190} INFO - [2024-12-10T19:55:41.038+0000] {dag.py:4180} INFO - Setting next_dagrun for fraud_monitoring to 2024-12-09 00:00:00+00:00, run_after=2024-12-10 00:00:00+00:00
[2024-12-10T19:55:41.100+0000] {processor.py:208} INFO - Processing /opt/airflow/dags/monitoring_dag.py took 1.404 seconds
[2024-12-10T19:56:11.823+0000] {processor.py:186} INFO - Started process (PID=343) to work on /opt/airflow/dags/monitoring_dag.py
[2024-12-10T19:56:11.831+0000] {processor.py:914} INFO - Processing file /opt/airflow/dags/monitoring_dag.py for tasks to queue
[2024-12-10T19:56:11.837+0000] {logging_mixin.py:190} INFO - [2024-12-10T19:56:11.836+0000] {dagbag.py:588} INFO - Filling up the DagBag from /opt/airflow/dags/monitoring_dag.py
[2024-12-10T19:56:12.700+0000] {processor.py:925} INFO - DAG(s) 'fraud_monitoring' retrieved from /opt/airflow/dags/monitoring_dag.py
[2024-12-10T19:56:12.741+0000] {logging_mixin.py:190} INFO - [2024-12-10T19:56:12.741+0000] {dag.py:3239} INFO - Sync 1 DAGs
[2024-12-10T19:56:12.772+0000] {logging_mixin.py:190} INFO - [2024-12-10T19:56:12.772+0000] {dag.py:4180} INFO - Setting next_dagrun for fraud_monitoring to 2024-12-09 00:00:00+00:00, run_after=2024-12-10 00:00:00+00:00
[2024-12-10T19:56:12.822+0000] {processor.py:208} INFO - Processing /opt/airflow/dags/monitoring_dag.py took 1.010 seconds
[2024-12-10T19:56:42.937+0000] {processor.py:186} INFO - Started process (PID=358) to work on /opt/airflow/dags/monitoring_dag.py
[2024-12-10T19:56:42.946+0000] {processor.py:914} INFO - Processing file /opt/airflow/dags/monitoring_dag.py for tasks to queue
[2024-12-10T19:56:42.956+0000] {logging_mixin.py:190} INFO - [2024-12-10T19:56:42.955+0000] {dagbag.py:588} INFO - Filling up the DagBag from /opt/airflow/dags/monitoring_dag.py
[2024-12-10T19:56:43.816+0000] {processor.py:925} INFO - DAG(s) 'fraud_monitoring' retrieved from /opt/airflow/dags/monitoring_dag.py
[2024-12-10T19:56:43.863+0000] {logging_mixin.py:190} INFO - [2024-12-10T19:56:43.862+0000] {dag.py:3239} INFO - Sync 1 DAGs
[2024-12-10T19:56:43.902+0000] {logging_mixin.py:190} INFO - [2024-12-10T19:56:43.902+0000] {dag.py:4180} INFO - Setting next_dagrun for fraud_monitoring to 2024-12-09 00:00:00+00:00, run_after=2024-12-10 00:00:00+00:00
[2024-12-10T19:56:43.941+0000] {processor.py:208} INFO - Processing /opt/airflow/dags/monitoring_dag.py took 1.026 seconds
[2024-12-10T19:57:14.269+0000] {processor.py:186} INFO - Started process (PID=373) to work on /opt/airflow/dags/monitoring_dag.py
[2024-12-10T19:57:14.272+0000] {processor.py:914} INFO - Processing file /opt/airflow/dags/monitoring_dag.py for tasks to queue
[2024-12-10T19:57:14.286+0000] {logging_mixin.py:190} INFO - [2024-12-10T19:57:14.283+0000] {dagbag.py:588} INFO - Filling up the DagBag from /opt/airflow/dags/monitoring_dag.py
[2024-12-10T19:57:15.031+0000] {processor.py:925} INFO - DAG(s) 'fraud_monitoring' retrieved from /opt/airflow/dags/monitoring_dag.py
[2024-12-10T19:57:15.105+0000] {logging_mixin.py:190} INFO - [2024-12-10T19:57:15.104+0000] {dag.py:3239} INFO - Sync 1 DAGs
[2024-12-10T19:57:15.206+0000] {logging_mixin.py:190} INFO - [2024-12-10T19:57:15.205+0000] {dag.py:4180} INFO - Setting next_dagrun for fraud_monitoring to 2024-12-09 00:00:00+00:00, run_after=2024-12-10 00:00:00+00:00
[2024-12-10T19:57:15.290+0000] {processor.py:208} INFO - Processing /opt/airflow/dags/monitoring_dag.py took 1.039 seconds
[2024-12-10T19:57:46.233+0000] {processor.py:186} INFO - Started process (PID=387) to work on /opt/airflow/dags/monitoring_dag.py
[2024-12-10T19:57:46.242+0000] {processor.py:914} INFO - Processing file /opt/airflow/dags/monitoring_dag.py for tasks to queue
[2024-12-10T19:57:46.250+0000] {logging_mixin.py:190} INFO - [2024-12-10T19:57:46.249+0000] {dagbag.py:588} INFO - Filling up the DagBag from /opt/airflow/dags/monitoring_dag.py
[2024-12-10T19:57:47.013+0000] {processor.py:925} INFO - DAG(s) 'fraud_monitoring' retrieved from /opt/airflow/dags/monitoring_dag.py
[2024-12-10T19:57:47.213+0000] {logging_mixin.py:190} INFO - [2024-12-10T19:57:47.212+0000] {dag.py:3239} INFO - Sync 1 DAGs
[2024-12-10T19:57:47.420+0000] {logging_mixin.py:190} INFO - [2024-12-10T19:57:47.420+0000] {dag.py:4180} INFO - Setting next_dagrun for fraud_monitoring to 2024-12-09 00:00:00+00:00, run_after=2024-12-10 00:00:00+00:00
[2024-12-10T19:57:47.480+0000] {processor.py:208} INFO - Processing /opt/airflow/dags/monitoring_dag.py took 1.261 seconds
[2024-12-10T19:58:17.782+0000] {processor.py:186} INFO - Started process (PID=402) to work on /opt/airflow/dags/monitoring_dag.py
[2024-12-10T19:58:17.793+0000] {processor.py:914} INFO - Processing file /opt/airflow/dags/monitoring_dag.py for tasks to queue
[2024-12-10T19:58:17.817+0000] {logging_mixin.py:190} INFO - [2024-12-10T19:58:17.816+0000] {dagbag.py:588} INFO - Filling up the DagBag from /opt/airflow/dags/monitoring_dag.py
[2024-12-10T19:58:18.560+0000] {processor.py:925} INFO - DAG(s) 'fraud_monitoring' retrieved from /opt/airflow/dags/monitoring_dag.py
[2024-12-10T19:58:18.697+0000] {logging_mixin.py:190} INFO - [2024-12-10T19:58:18.694+0000] {dag.py:3239} INFO - Sync 1 DAGs
[2024-12-10T19:58:18.746+0000] {logging_mixin.py:190} INFO - [2024-12-10T19:58:18.746+0000] {dag.py:4180} INFO - Setting next_dagrun for fraud_monitoring to 2024-12-09 00:00:00+00:00, run_after=2024-12-10 00:00:00+00:00
[2024-12-10T19:58:18.800+0000] {processor.py:208} INFO - Processing /opt/airflow/dags/monitoring_dag.py took 1.027 seconds
[2024-12-10T19:58:48.904+0000] {processor.py:186} INFO - Started process (PID=418) to work on /opt/airflow/dags/monitoring_dag.py
[2024-12-10T19:58:48.931+0000] {processor.py:914} INFO - Processing file /opt/airflow/dags/monitoring_dag.py for tasks to queue
[2024-12-10T19:58:48.938+0000] {logging_mixin.py:190} INFO - [2024-12-10T19:58:48.936+0000] {dagbag.py:588} INFO - Filling up the DagBag from /opt/airflow/dags/monitoring_dag.py
[2024-12-10T19:58:49.815+0000] {processor.py:925} INFO - DAG(s) 'fraud_monitoring' retrieved from /opt/airflow/dags/monitoring_dag.py
[2024-12-10T19:58:49.867+0000] {logging_mixin.py:190} INFO - [2024-12-10T19:58:49.866+0000] {dag.py:3239} INFO - Sync 1 DAGs
[2024-12-10T19:58:49.935+0000] {logging_mixin.py:190} INFO - [2024-12-10T19:58:49.935+0000] {dag.py:4180} INFO - Setting next_dagrun for fraud_monitoring to 2024-12-09 00:00:00+00:00, run_after=2024-12-10 00:00:00+00:00
[2024-12-10T19:58:50.098+0000] {processor.py:208} INFO - Processing /opt/airflow/dags/monitoring_dag.py took 1.204 seconds
[2024-12-10T19:59:20.374+0000] {processor.py:186} INFO - Started process (PID=433) to work on /opt/airflow/dags/monitoring_dag.py
[2024-12-10T19:59:20.390+0000] {processor.py:914} INFO - Processing file /opt/airflow/dags/monitoring_dag.py for tasks to queue
[2024-12-10T19:59:20.402+0000] {logging_mixin.py:190} INFO - [2024-12-10T19:59:20.401+0000] {dagbag.py:588} INFO - Filling up the DagBag from /opt/airflow/dags/monitoring_dag.py
[2024-12-10T19:59:21.410+0000] {processor.py:925} INFO - DAG(s) 'fraud_monitoring' retrieved from /opt/airflow/dags/monitoring_dag.py
[2024-12-10T19:59:21.484+0000] {logging_mixin.py:190} INFO - [2024-12-10T19:59:21.483+0000] {dag.py:3239} INFO - Sync 1 DAGs
[2024-12-10T19:59:21.533+0000] {logging_mixin.py:190} INFO - [2024-12-10T19:59:21.533+0000] {dag.py:4180} INFO - Setting next_dagrun for fraud_monitoring to 2024-12-09 00:00:00+00:00, run_after=2024-12-10 00:00:00+00:00
[2024-12-10T19:59:21.588+0000] {processor.py:208} INFO - Processing /opt/airflow/dags/monitoring_dag.py took 1.243 seconds
[2024-12-10T19:59:51.940+0000] {processor.py:186} INFO - Started process (PID=448) to work on /opt/airflow/dags/monitoring_dag.py
[2024-12-10T19:59:51.945+0000] {processor.py:914} INFO - Processing file /opt/airflow/dags/monitoring_dag.py for tasks to queue
[2024-12-10T19:59:51.951+0000] {logging_mixin.py:190} INFO - [2024-12-10T19:59:51.950+0000] {dagbag.py:588} INFO - Filling up the DagBag from /opt/airflow/dags/monitoring_dag.py
[2024-12-10T19:59:52.869+0000] {processor.py:925} INFO - DAG(s) 'fraud_monitoring' retrieved from /opt/airflow/dags/monitoring_dag.py
[2024-12-10T19:59:52.921+0000] {logging_mixin.py:190} INFO - [2024-12-10T19:59:52.920+0000] {dag.py:3239} INFO - Sync 1 DAGs
[2024-12-10T19:59:52.976+0000] {logging_mixin.py:190} INFO - [2024-12-10T19:59:52.975+0000] {dag.py:4180} INFO - Setting next_dagrun for fraud_monitoring to 2024-12-09 00:00:00+00:00, run_after=2024-12-10 00:00:00+00:00
[2024-12-10T19:59:53.023+0000] {processor.py:208} INFO - Processing /opt/airflow/dags/monitoring_dag.py took 1.099 seconds
[2024-12-10T20:00:24.055+0000] {processor.py:186} INFO - Started process (PID=469) to work on /opt/airflow/dags/monitoring_dag.py
[2024-12-10T20:00:24.072+0000] {processor.py:914} INFO - Processing file /opt/airflow/dags/monitoring_dag.py for tasks to queue
[2024-12-10T20:00:24.078+0000] {logging_mixin.py:190} INFO - [2024-12-10T20:00:24.078+0000] {dagbag.py:588} INFO - Filling up the DagBag from /opt/airflow/dags/monitoring_dag.py
[2024-12-10T20:00:24.800+0000] {processor.py:925} INFO - DAG(s) 'fraud_monitoring' retrieved from /opt/airflow/dags/monitoring_dag.py
[2024-12-10T20:00:24.875+0000] {logging_mixin.py:190} INFO - [2024-12-10T20:00:24.874+0000] {dag.py:3239} INFO - Sync 1 DAGs
[2024-12-10T20:00:24.922+0000] {logging_mixin.py:190} INFO - [2024-12-10T20:00:24.922+0000] {dag.py:4180} INFO - Setting next_dagrun for fraud_monitoring to 2024-12-09 00:00:00+00:00, run_after=2024-12-10 00:00:00+00:00
[2024-12-10T20:00:24.954+0000] {processor.py:208} INFO - Processing /opt/airflow/dags/monitoring_dag.py took 0.908 seconds
[2024-12-10T20:00:55.693+0000] {processor.py:186} INFO - Started process (PID=484) to work on /opt/airflow/dags/monitoring_dag.py
[2024-12-10T20:00:55.696+0000] {processor.py:914} INFO - Processing file /opt/airflow/dags/monitoring_dag.py for tasks to queue
[2024-12-10T20:00:55.707+0000] {logging_mixin.py:190} INFO - [2024-12-10T20:00:55.706+0000] {dagbag.py:588} INFO - Filling up the DagBag from /opt/airflow/dags/monitoring_dag.py
[2024-12-10T20:00:56.545+0000] {processor.py:925} INFO - DAG(s) 'fraud_monitoring' retrieved from /opt/airflow/dags/monitoring_dag.py
[2024-12-10T20:00:56.611+0000] {logging_mixin.py:190} INFO - [2024-12-10T20:00:56.610+0000] {dag.py:3239} INFO - Sync 1 DAGs
[2024-12-10T20:00:56.668+0000] {logging_mixin.py:190} INFO - [2024-12-10T20:00:56.668+0000] {dag.py:4180} INFO - Setting next_dagrun for fraud_monitoring to 2024-12-09 00:00:00+00:00, run_after=2024-12-10 00:00:00+00:00
[2024-12-10T20:00:56.735+0000] {processor.py:208} INFO - Processing /opt/airflow/dags/monitoring_dag.py took 1.053 seconds
[2024-12-10T20:01:27.610+0000] {processor.py:186} INFO - Started process (PID=499) to work on /opt/airflow/dags/monitoring_dag.py
[2024-12-10T20:01:27.615+0000] {processor.py:914} INFO - Processing file /opt/airflow/dags/monitoring_dag.py for tasks to queue
[2024-12-10T20:01:27.626+0000] {logging_mixin.py:190} INFO - [2024-12-10T20:01:27.625+0000] {dagbag.py:588} INFO - Filling up the DagBag from /opt/airflow/dags/monitoring_dag.py
[2024-12-10T20:01:28.295+0000] {processor.py:925} INFO - DAG(s) 'fraud_monitoring' retrieved from /opt/airflow/dags/monitoring_dag.py
[2024-12-10T20:01:28.415+0000] {logging_mixin.py:190} INFO - [2024-12-10T20:01:28.414+0000] {dag.py:3239} INFO - Sync 1 DAGs
[2024-12-10T20:01:28.484+0000] {logging_mixin.py:190} INFO - [2024-12-10T20:01:28.484+0000] {dag.py:4180} INFO - Setting next_dagrun for fraud_monitoring to 2024-12-09 00:00:00+00:00, run_after=2024-12-10 00:00:00+00:00
[2024-12-10T20:01:28.540+0000] {processor.py:208} INFO - Processing /opt/airflow/dags/monitoring_dag.py took 0.946 seconds
[2024-12-10T20:01:58.724+0000] {processor.py:186} INFO - Started process (PID=514) to work on /opt/airflow/dags/monitoring_dag.py
[2024-12-10T20:01:58.733+0000] {processor.py:914} INFO - Processing file /opt/airflow/dags/monitoring_dag.py for tasks to queue
[2024-12-10T20:01:58.746+0000] {logging_mixin.py:190} INFO - [2024-12-10T20:01:58.745+0000] {dagbag.py:588} INFO - Filling up the DagBag from /opt/airflow/dags/monitoring_dag.py
[2024-12-10T20:01:59.410+0000] {processor.py:925} INFO - DAG(s) 'fraud_monitoring' retrieved from /opt/airflow/dags/monitoring_dag.py
[2024-12-10T20:01:59.539+0000] {logging_mixin.py:190} INFO - [2024-12-10T20:01:59.538+0000] {dag.py:3239} INFO - Sync 1 DAGs
[2024-12-10T20:01:59.634+0000] {logging_mixin.py:190} INFO - [2024-12-10T20:01:59.633+0000] {dag.py:4180} INFO - Setting next_dagrun for fraud_monitoring to 2024-12-09 00:00:00+00:00, run_after=2024-12-10 00:00:00+00:00
[2024-12-10T20:01:59.702+0000] {processor.py:208} INFO - Processing /opt/airflow/dags/monitoring_dag.py took 1.007 seconds
[2024-12-10T20:02:30.837+0000] {processor.py:186} INFO - Started process (PID=528) to work on /opt/airflow/dags/monitoring_dag.py
[2024-12-10T20:02:30.846+0000] {processor.py:914} INFO - Processing file /opt/airflow/dags/monitoring_dag.py for tasks to queue
[2024-12-10T20:02:30.850+0000] {logging_mixin.py:190} INFO - [2024-12-10T20:02:30.849+0000] {dagbag.py:588} INFO - Filling up the DagBag from /opt/airflow/dags/monitoring_dag.py
[2024-12-10T20:02:31.608+0000] {processor.py:925} INFO - DAG(s) 'fraud_monitoring' retrieved from /opt/airflow/dags/monitoring_dag.py
[2024-12-10T20:02:32.386+0000] {logging_mixin.py:190} INFO - [2024-12-10T20:02:32.377+0000] {dag.py:3239} INFO - Sync 1 DAGs
[2024-12-10T20:02:32.542+0000] {logging_mixin.py:190} INFO - [2024-12-10T20:02:32.541+0000] {dag.py:4180} INFO - Setting next_dagrun for fraud_monitoring to 2024-12-09 00:00:00+00:00, run_after=2024-12-10 00:00:00+00:00
[2024-12-10T20:02:32.587+0000] {processor.py:208} INFO - Processing /opt/airflow/dags/monitoring_dag.py took 1.764 seconds
[2024-12-10T20:03:03.543+0000] {processor.py:186} INFO - Started process (PID=543) to work on /opt/airflow/dags/monitoring_dag.py
[2024-12-10T20:03:03.558+0000] {processor.py:914} INFO - Processing file /opt/airflow/dags/monitoring_dag.py for tasks to queue
[2024-12-10T20:03:03.565+0000] {logging_mixin.py:190} INFO - [2024-12-10T20:03:03.564+0000] {dagbag.py:588} INFO - Filling up the DagBag from /opt/airflow/dags/monitoring_dag.py
[2024-12-10T20:03:04.342+0000] {processor.py:925} INFO - DAG(s) 'fraud_monitoring' retrieved from /opt/airflow/dags/monitoring_dag.py
[2024-12-10T20:03:04.412+0000] {logging_mixin.py:190} INFO - [2024-12-10T20:03:04.412+0000] {dag.py:3239} INFO - Sync 1 DAGs
[2024-12-10T20:03:04.496+0000] {logging_mixin.py:190} INFO - [2024-12-10T20:03:04.495+0000] {dag.py:4180} INFO - Setting next_dagrun for fraud_monitoring to 2024-12-09 00:00:00+00:00, run_after=2024-12-10 00:00:00+00:00
[2024-12-10T20:03:04.634+0000] {processor.py:208} INFO - Processing /opt/airflow/dags/monitoring_dag.py took 1.112 seconds
[2024-12-10T20:03:34.896+0000] {processor.py:186} INFO - Started process (PID=559) to work on /opt/airflow/dags/monitoring_dag.py
[2024-12-10T20:03:35.217+0000] {processor.py:914} INFO - Processing file /opt/airflow/dags/monitoring_dag.py for tasks to queue
[2024-12-10T20:03:35.270+0000] {logging_mixin.py:190} INFO - [2024-12-10T20:03:35.270+0000] {dagbag.py:588} INFO - Filling up the DagBag from /opt/airflow/dags/monitoring_dag.py
[2024-12-10T20:03:36.292+0000] {processor.py:925} INFO - DAG(s) 'fraud_monitoring' retrieved from /opt/airflow/dags/monitoring_dag.py
[2024-12-10T20:03:36.414+0000] {logging_mixin.py:190} INFO - [2024-12-10T20:03:36.413+0000] {dag.py:3239} INFO - Sync 1 DAGs
[2024-12-10T20:03:36.526+0000] {logging_mixin.py:190} INFO - [2024-12-10T20:03:36.526+0000] {dag.py:4180} INFO - Setting next_dagrun for fraud_monitoring to 2024-12-09 00:00:00+00:00, run_after=2024-12-10 00:00:00+00:00
[2024-12-10T20:03:36.830+0000] {processor.py:208} INFO - Processing /opt/airflow/dags/monitoring_dag.py took 1.945 seconds
[2024-12-10T20:04:06.930+0000] {processor.py:186} INFO - Started process (PID=574) to work on /opt/airflow/dags/monitoring_dag.py
[2024-12-10T20:04:06.944+0000] {processor.py:914} INFO - Processing file /opt/airflow/dags/monitoring_dag.py for tasks to queue
[2024-12-10T20:04:06.948+0000] {logging_mixin.py:190} INFO - [2024-12-10T20:04:06.948+0000] {dagbag.py:588} INFO - Filling up the DagBag from /opt/airflow/dags/monitoring_dag.py
[2024-12-10T20:04:07.875+0000] {processor.py:925} INFO - DAG(s) 'fraud_monitoring' retrieved from /opt/airflow/dags/monitoring_dag.py
[2024-12-10T20:04:07.939+0000] {logging_mixin.py:190} INFO - [2024-12-10T20:04:07.938+0000] {dag.py:3239} INFO - Sync 1 DAGs
[2024-12-10T20:04:07.978+0000] {logging_mixin.py:190} INFO - [2024-12-10T20:04:07.978+0000] {dag.py:4180} INFO - Setting next_dagrun for fraud_monitoring to 2024-12-09 00:00:00+00:00, run_after=2024-12-10 00:00:00+00:00
[2024-12-10T20:04:08.049+0000] {processor.py:208} INFO - Processing /opt/airflow/dags/monitoring_dag.py took 1.129 seconds
[2024-12-10T20:04:38.480+0000] {processor.py:186} INFO - Started process (PID=589) to work on /opt/airflow/dags/monitoring_dag.py
[2024-12-10T20:04:38.490+0000] {processor.py:914} INFO - Processing file /opt/airflow/dags/monitoring_dag.py for tasks to queue
[2024-12-10T20:04:38.496+0000] {logging_mixin.py:190} INFO - [2024-12-10T20:04:38.496+0000] {dagbag.py:588} INFO - Filling up the DagBag from /opt/airflow/dags/monitoring_dag.py
[2024-12-10T20:04:39.218+0000] {processor.py:925} INFO - DAG(s) 'fraud_monitoring' retrieved from /opt/airflow/dags/monitoring_dag.py
[2024-12-10T20:04:39.258+0000] {logging_mixin.py:190} INFO - [2024-12-10T20:04:39.257+0000] {dag.py:3239} INFO - Sync 1 DAGs
[2024-12-10T20:04:39.323+0000] {logging_mixin.py:190} INFO - [2024-12-10T20:04:39.323+0000] {dag.py:4180} INFO - Setting next_dagrun for fraud_monitoring to 2024-12-09 00:00:00+00:00, run_after=2024-12-10 00:00:00+00:00
[2024-12-10T20:04:39.379+0000] {processor.py:208} INFO - Processing /opt/airflow/dags/monitoring_dag.py took 0.910 seconds
[2024-12-10T20:05:10.219+0000] {processor.py:186} INFO - Started process (PID=604) to work on /opt/airflow/dags/monitoring_dag.py
[2024-12-10T20:05:10.232+0000] {processor.py:914} INFO - Processing file /opt/airflow/dags/monitoring_dag.py for tasks to queue
[2024-12-10T20:05:10.246+0000] {logging_mixin.py:190} INFO - [2024-12-10T20:05:10.245+0000] {dagbag.py:588} INFO - Filling up the DagBag from /opt/airflow/dags/monitoring_dag.py
[2024-12-10T20:05:10.836+0000] {processor.py:925} INFO - DAG(s) 'fraud_monitoring' retrieved from /opt/airflow/dags/monitoring_dag.py
[2024-12-10T20:05:10.924+0000] {logging_mixin.py:190} INFO - [2024-12-10T20:05:10.924+0000] {dag.py:3239} INFO - Sync 1 DAGs
[2024-12-10T20:05:10.959+0000] {logging_mixin.py:190} INFO - [2024-12-10T20:05:10.959+0000] {dag.py:4180} INFO - Setting next_dagrun for fraud_monitoring to 2024-12-09 00:00:00+00:00, run_after=2024-12-10 00:00:00+00:00
[2024-12-10T20:05:10.993+0000] {processor.py:208} INFO - Processing /opt/airflow/dags/monitoring_dag.py took 0.785 seconds
[2024-12-10T20:05:41.385+0000] {processor.py:186} INFO - Started process (PID=618) to work on /opt/airflow/dags/monitoring_dag.py
[2024-12-10T20:05:41.395+0000] {processor.py:914} INFO - Processing file /opt/airflow/dags/monitoring_dag.py for tasks to queue
[2024-12-10T20:05:41.404+0000] {logging_mixin.py:190} INFO - [2024-12-10T20:05:41.403+0000] {dagbag.py:588} INFO - Filling up the DagBag from /opt/airflow/dags/monitoring_dag.py
[2024-12-10T20:05:42.684+0000] {processor.py:925} INFO - DAG(s) 'fraud_monitoring' retrieved from /opt/airflow/dags/monitoring_dag.py
[2024-12-10T20:05:42.738+0000] {logging_mixin.py:190} INFO - [2024-12-10T20:05:42.738+0000] {dag.py:3239} INFO - Sync 1 DAGs
[2024-12-10T20:05:42.779+0000] {logging_mixin.py:190} INFO - [2024-12-10T20:05:42.778+0000] {dag.py:4180} INFO - Setting next_dagrun for fraud_monitoring to 2024-12-09 00:00:00+00:00, run_after=2024-12-10 00:00:00+00:00
[2024-12-10T20:05:42.811+0000] {processor.py:208} INFO - Processing /opt/airflow/dags/monitoring_dag.py took 1.454 seconds
[2024-12-10T20:06:13.020+0000] {processor.py:186} INFO - Started process (PID=633) to work on /opt/airflow/dags/monitoring_dag.py
[2024-12-10T20:06:13.023+0000] {processor.py:914} INFO - Processing file /opt/airflow/dags/monitoring_dag.py for tasks to queue
[2024-12-10T20:06:13.029+0000] {logging_mixin.py:190} INFO - [2024-12-10T20:06:13.028+0000] {dagbag.py:588} INFO - Filling up the DagBag from /opt/airflow/dags/monitoring_dag.py
[2024-12-10T20:06:13.652+0000] {processor.py:925} INFO - DAG(s) 'fraud_monitoring' retrieved from /opt/airflow/dags/monitoring_dag.py
[2024-12-10T20:06:13.702+0000] {logging_mixin.py:190} INFO - [2024-12-10T20:06:13.701+0000] {dag.py:3239} INFO - Sync 1 DAGs
[2024-12-10T20:06:13.743+0000] {logging_mixin.py:190} INFO - [2024-12-10T20:06:13.743+0000] {dag.py:4180} INFO - Setting next_dagrun for fraud_monitoring to 2024-12-09 00:00:00+00:00, run_after=2024-12-10 00:00:00+00:00
[2024-12-10T20:06:13.776+0000] {processor.py:208} INFO - Processing /opt/airflow/dags/monitoring_dag.py took 0.770 seconds
[2024-12-10T20:06:43.894+0000] {processor.py:186} INFO - Started process (PID=648) to work on /opt/airflow/dags/monitoring_dag.py
[2024-12-10T20:06:43.913+0000] {processor.py:914} INFO - Processing file /opt/airflow/dags/monitoring_dag.py for tasks to queue
[2024-12-10T20:06:43.922+0000] {logging_mixin.py:190} INFO - [2024-12-10T20:06:43.922+0000] {dagbag.py:588} INFO - Filling up the DagBag from /opt/airflow/dags/monitoring_dag.py
[2024-12-10T20:06:44.847+0000] {processor.py:925} INFO - DAG(s) 'fraud_monitoring' retrieved from /opt/airflow/dags/monitoring_dag.py
[2024-12-10T20:06:44.915+0000] {logging_mixin.py:190} INFO - [2024-12-10T20:06:44.914+0000] {dag.py:3239} INFO - Sync 1 DAGs
[2024-12-10T20:06:44.972+0000] {logging_mixin.py:190} INFO - [2024-12-10T20:06:44.972+0000] {dag.py:4180} INFO - Setting next_dagrun for fraud_monitoring to 2024-12-09 00:00:00+00:00, run_after=2024-12-10 00:00:00+00:00
[2024-12-10T20:06:45.058+0000] {processor.py:208} INFO - Processing /opt/airflow/dags/monitoring_dag.py took 1.179 seconds
[2024-12-10T20:07:15.705+0000] {processor.py:186} INFO - Started process (PID=663) to work on /opt/airflow/dags/monitoring_dag.py
[2024-12-10T20:07:15.711+0000] {processor.py:914} INFO - Processing file /opt/airflow/dags/monitoring_dag.py for tasks to queue
[2024-12-10T20:07:15.719+0000] {logging_mixin.py:190} INFO - [2024-12-10T20:07:15.715+0000] {dagbag.py:588} INFO - Filling up the DagBag from /opt/airflow/dags/monitoring_dag.py
[2024-12-10T20:07:16.670+0000] {processor.py:925} INFO - DAG(s) 'fraud_monitoring' retrieved from /opt/airflow/dags/monitoring_dag.py
[2024-12-10T20:07:16.808+0000] {logging_mixin.py:190} INFO - [2024-12-10T20:07:16.807+0000] {dag.py:3239} INFO - Sync 1 DAGs
[2024-12-10T20:07:16.887+0000] {logging_mixin.py:190} INFO - [2024-12-10T20:07:16.887+0000] {dag.py:4180} INFO - Setting next_dagrun for fraud_monitoring to 2024-12-09 00:00:00+00:00, run_after=2024-12-10 00:00:00+00:00
[2024-12-10T20:07:16.960+0000] {processor.py:208} INFO - Processing /opt/airflow/dags/monitoring_dag.py took 1.274 seconds
[2024-12-10T20:07:47.406+0000] {processor.py:186} INFO - Started process (PID=678) to work on /opt/airflow/dags/monitoring_dag.py
[2024-12-10T20:07:47.410+0000] {processor.py:914} INFO - Processing file /opt/airflow/dags/monitoring_dag.py for tasks to queue
[2024-12-10T20:07:47.418+0000] {logging_mixin.py:190} INFO - [2024-12-10T20:07:47.417+0000] {dagbag.py:588} INFO - Filling up the DagBag from /opt/airflow/dags/monitoring_dag.py
[2024-12-10T20:07:48.108+0000] {processor.py:925} INFO - DAG(s) 'fraud_monitoring' retrieved from /opt/airflow/dags/monitoring_dag.py
[2024-12-10T20:07:48.201+0000] {logging_mixin.py:190} INFO - [2024-12-10T20:07:48.201+0000] {dag.py:3239} INFO - Sync 1 DAGs
[2024-12-10T20:07:48.246+0000] {logging_mixin.py:190} INFO - [2024-12-10T20:07:48.246+0000] {dag.py:4180} INFO - Setting next_dagrun for fraud_monitoring to 2024-12-09 00:00:00+00:00, run_after=2024-12-10 00:00:00+00:00
[2024-12-10T20:07:48.311+0000] {processor.py:208} INFO - Processing /opt/airflow/dags/monitoring_dag.py took 0.918 seconds
[2024-12-10T20:08:18.753+0000] {processor.py:186} INFO - Started process (PID=693) to work on /opt/airflow/dags/monitoring_dag.py
[2024-12-10T20:08:18.768+0000] {processor.py:914} INFO - Processing file /opt/airflow/dags/monitoring_dag.py for tasks to queue
[2024-12-10T20:08:18.776+0000] {logging_mixin.py:190} INFO - [2024-12-10T20:08:18.775+0000] {dagbag.py:588} INFO - Filling up the DagBag from /opt/airflow/dags/monitoring_dag.py
[2024-12-10T20:08:19.716+0000] {processor.py:925} INFO - DAG(s) 'fraud_monitoring' retrieved from /opt/airflow/dags/monitoring_dag.py
[2024-12-10T20:08:19.800+0000] {logging_mixin.py:190} INFO - [2024-12-10T20:08:19.799+0000] {dag.py:3239} INFO - Sync 1 DAGs
[2024-12-10T20:08:19.862+0000] {logging_mixin.py:190} INFO - [2024-12-10T20:08:19.861+0000] {dag.py:4180} INFO - Setting next_dagrun for fraud_monitoring to 2024-12-09 00:00:00+00:00, run_after=2024-12-10 00:00:00+00:00
[2024-12-10T20:08:19.918+0000] {processor.py:208} INFO - Processing /opt/airflow/dags/monitoring_dag.py took 1.203 seconds
[2024-12-10T20:08:50.161+0000] {processor.py:186} INFO - Started process (PID=708) to work on /opt/airflow/dags/monitoring_dag.py
[2024-12-10T20:08:50.164+0000] {processor.py:914} INFO - Processing file /opt/airflow/dags/monitoring_dag.py for tasks to queue
[2024-12-10T20:08:50.176+0000] {logging_mixin.py:190} INFO - [2024-12-10T20:08:50.175+0000] {dagbag.py:588} INFO - Filling up the DagBag from /opt/airflow/dags/monitoring_dag.py
[2024-12-10T20:08:51.833+0000] {processor.py:925} INFO - DAG(s) 'fraud_monitoring' retrieved from /opt/airflow/dags/monitoring_dag.py
[2024-12-10T20:08:51.954+0000] {logging_mixin.py:190} INFO - [2024-12-10T20:08:51.952+0000] {dag.py:3239} INFO - Sync 1 DAGs
[2024-12-10T20:08:52.096+0000] {logging_mixin.py:190} INFO - [2024-12-10T20:08:52.096+0000] {dag.py:4180} INFO - Setting next_dagrun for fraud_monitoring to 2024-12-09 00:00:00+00:00, run_after=2024-12-10 00:00:00+00:00
[2024-12-10T20:08:52.311+0000] {processor.py:208} INFO - Processing /opt/airflow/dags/monitoring_dag.py took 2.170 seconds
[2024-12-10T20:09:23.440+0000] {processor.py:186} INFO - Started process (PID=723) to work on /opt/airflow/dags/monitoring_dag.py
[2024-12-10T20:09:23.472+0000] {processor.py:914} INFO - Processing file /opt/airflow/dags/monitoring_dag.py for tasks to queue
[2024-12-10T20:09:23.482+0000] {logging_mixin.py:190} INFO - [2024-12-10T20:09:23.481+0000] {dagbag.py:588} INFO - Filling up the DagBag from /opt/airflow/dags/monitoring_dag.py
[2024-12-10T20:09:25.012+0000] {processor.py:925} INFO - DAG(s) 'fraud_monitoring' retrieved from /opt/airflow/dags/monitoring_dag.py
[2024-12-10T20:09:25.185+0000] {logging_mixin.py:190} INFO - [2024-12-10T20:09:25.183+0000] {dag.py:3239} INFO - Sync 1 DAGs
[2024-12-10T20:09:25.305+0000] {logging_mixin.py:190} INFO - [2024-12-10T20:09:25.303+0000] {dag.py:4180} INFO - Setting next_dagrun for fraud_monitoring to 2024-12-09 00:00:00+00:00, run_after=2024-12-10 00:00:00+00:00
[2024-12-10T20:09:25.515+0000] {processor.py:208} INFO - Processing /opt/airflow/dags/monitoring_dag.py took 2.086 seconds
[2024-12-10T20:09:56.065+0000] {processor.py:186} INFO - Started process (PID=738) to work on /opt/airflow/dags/monitoring_dag.py
[2024-12-10T20:09:56.069+0000] {processor.py:914} INFO - Processing file /opt/airflow/dags/monitoring_dag.py for tasks to queue
[2024-12-10T20:09:56.079+0000] {logging_mixin.py:190} INFO - [2024-12-10T20:09:56.079+0000] {dagbag.py:588} INFO - Filling up the DagBag from /opt/airflow/dags/monitoring_dag.py
[2024-12-10T20:09:57.198+0000] {processor.py:925} INFO - DAG(s) 'fraud_monitoring' retrieved from /opt/airflow/dags/monitoring_dag.py
[2024-12-10T20:09:57.350+0000] {logging_mixin.py:190} INFO - [2024-12-10T20:09:57.346+0000] {dag.py:3239} INFO - Sync 1 DAGs
[2024-12-10T20:09:57.476+0000] {logging_mixin.py:190} INFO - [2024-12-10T20:09:57.476+0000] {dag.py:4180} INFO - Setting next_dagrun for fraud_monitoring to 2024-12-09 00:00:00+00:00, run_after=2024-12-10 00:00:00+00:00
[2024-12-10T20:09:57.682+0000] {processor.py:208} INFO - Processing /opt/airflow/dags/monitoring_dag.py took 1.647 seconds
[2024-12-10T20:10:28.175+0000] {processor.py:186} INFO - Started process (PID=753) to work on /opt/airflow/dags/monitoring_dag.py
[2024-12-10T20:10:28.180+0000] {processor.py:914} INFO - Processing file /opt/airflow/dags/monitoring_dag.py for tasks to queue
[2024-12-10T20:10:28.185+0000] {logging_mixin.py:190} INFO - [2024-12-10T20:10:28.184+0000] {dagbag.py:588} INFO - Filling up the DagBag from /opt/airflow/dags/monitoring_dag.py
[2024-12-10T20:10:29.449+0000] {processor.py:925} INFO - DAG(s) 'fraud_monitoring' retrieved from /opt/airflow/dags/monitoring_dag.py
[2024-12-10T20:10:29.558+0000] {logging_mixin.py:190} INFO - [2024-12-10T20:10:29.556+0000] {dag.py:3239} INFO - Sync 1 DAGs
[2024-12-10T20:10:29.655+0000] {logging_mixin.py:190} INFO - [2024-12-10T20:10:29.655+0000] {dag.py:4180} INFO - Setting next_dagrun for fraud_monitoring to 2024-12-09 00:00:00+00:00, run_after=2024-12-10 00:00:00+00:00
[2024-12-10T20:10:29.689+0000] {processor.py:208} INFO - Processing /opt/airflow/dags/monitoring_dag.py took 1.525 seconds
[2024-12-10T20:11:00.146+0000] {processor.py:186} INFO - Started process (PID=771) to work on /opt/airflow/dags/monitoring_dag.py
[2024-12-10T20:11:00.154+0000] {processor.py:914} INFO - Processing file /opt/airflow/dags/monitoring_dag.py for tasks to queue
[2024-12-10T20:11:00.173+0000] {logging_mixin.py:190} INFO - [2024-12-10T20:11:00.171+0000] {dagbag.py:588} INFO - Filling up the DagBag from /opt/airflow/dags/monitoring_dag.py
[2024-12-10T20:11:01.720+0000] {processor.py:925} INFO - DAG(s) 'fraud_monitoring' retrieved from /opt/airflow/dags/monitoring_dag.py
[2024-12-10T20:11:01.952+0000] {logging_mixin.py:190} INFO - [2024-12-10T20:11:01.951+0000] {dag.py:3239} INFO - Sync 1 DAGs
[2024-12-10T20:11:02.043+0000] {logging_mixin.py:190} INFO - [2024-12-10T20:11:02.042+0000] {dag.py:4180} INFO - Setting next_dagrun for fraud_monitoring to 2024-12-09 00:00:00+00:00, run_after=2024-12-10 00:00:00+00:00
[2024-12-10T20:11:02.113+0000] {processor.py:208} INFO - Processing /opt/airflow/dags/monitoring_dag.py took 2.011 seconds
[2024-12-10T20:11:32.228+0000] {processor.py:186} INFO - Started process (PID=785) to work on /opt/airflow/dags/monitoring_dag.py
[2024-12-10T20:11:32.238+0000] {processor.py:914} INFO - Processing file /opt/airflow/dags/monitoring_dag.py for tasks to queue
[2024-12-10T20:11:32.244+0000] {logging_mixin.py:190} INFO - [2024-12-10T20:11:32.244+0000] {dagbag.py:588} INFO - Filling up the DagBag from /opt/airflow/dags/monitoring_dag.py
[2024-12-10T20:11:33.109+0000] {processor.py:925} INFO - DAG(s) 'fraud_monitoring' retrieved from /opt/airflow/dags/monitoring_dag.py
[2024-12-10T20:11:33.195+0000] {logging_mixin.py:190} INFO - [2024-12-10T20:11:33.194+0000] {dag.py:3239} INFO - Sync 1 DAGs
[2024-12-10T20:11:33.252+0000] {logging_mixin.py:190} INFO - [2024-12-10T20:11:33.251+0000] {dag.py:4180} INFO - Setting next_dagrun for fraud_monitoring to 2024-12-09 00:00:00+00:00, run_after=2024-12-10 00:00:00+00:00
[2024-12-10T20:11:33.301+0000] {processor.py:208} INFO - Processing /opt/airflow/dags/monitoring_dag.py took 1.089 seconds
[2024-12-10T20:12:03.811+0000] {processor.py:186} INFO - Started process (PID=799) to work on /opt/airflow/dags/monitoring_dag.py
[2024-12-10T20:12:03.813+0000] {processor.py:914} INFO - Processing file /opt/airflow/dags/monitoring_dag.py for tasks to queue
[2024-12-10T20:12:03.820+0000] {logging_mixin.py:190} INFO - [2024-12-10T20:12:03.818+0000] {dagbag.py:588} INFO - Filling up the DagBag from /opt/airflow/dags/monitoring_dag.py
[2024-12-10T20:12:04.474+0000] {processor.py:925} INFO - DAG(s) 'fraud_monitoring' retrieved from /opt/airflow/dags/monitoring_dag.py
[2024-12-10T20:12:04.533+0000] {logging_mixin.py:190} INFO - [2024-12-10T20:12:04.532+0000] {dag.py:3239} INFO - Sync 1 DAGs
[2024-12-10T20:12:04.572+0000] {logging_mixin.py:190} INFO - [2024-12-10T20:12:04.571+0000] {dag.py:4180} INFO - Setting next_dagrun for fraud_monitoring to 2024-12-09 00:00:00+00:00, run_after=2024-12-10 00:00:00+00:00
[2024-12-10T20:12:04.608+0000] {processor.py:208} INFO - Processing /opt/airflow/dags/monitoring_dag.py took 0.811 seconds
[2024-12-10T20:12:35.052+0000] {processor.py:186} INFO - Started process (PID=814) to work on /opt/airflow/dags/monitoring_dag.py
[2024-12-10T20:12:35.055+0000] {processor.py:914} INFO - Processing file /opt/airflow/dags/monitoring_dag.py for tasks to queue
[2024-12-10T20:12:35.061+0000] {logging_mixin.py:190} INFO - [2024-12-10T20:12:35.059+0000] {dagbag.py:588} INFO - Filling up the DagBag from /opt/airflow/dags/monitoring_dag.py
[2024-12-10T20:12:36.239+0000] {processor.py:925} INFO - DAG(s) 'fraud_monitoring' retrieved from /opt/airflow/dags/monitoring_dag.py
[2024-12-10T20:12:36.445+0000] {logging_mixin.py:190} INFO - [2024-12-10T20:12:36.443+0000] {dag.py:3239} INFO - Sync 1 DAGs
[2024-12-10T20:12:36.639+0000] {logging_mixin.py:190} INFO - [2024-12-10T20:12:36.639+0000] {dag.py:4180} INFO - Setting next_dagrun for fraud_monitoring to 2024-12-09 00:00:00+00:00, run_after=2024-12-10 00:00:00+00:00
[2024-12-10T20:12:36.707+0000] {processor.py:208} INFO - Processing /opt/airflow/dags/monitoring_dag.py took 1.667 seconds
[2024-12-10T20:13:06.922+0000] {processor.py:186} INFO - Started process (PID=829) to work on /opt/airflow/dags/monitoring_dag.py
[2024-12-10T20:13:06.930+0000] {processor.py:914} INFO - Processing file /opt/airflow/dags/monitoring_dag.py for tasks to queue
[2024-12-10T20:13:06.938+0000] {logging_mixin.py:190} INFO - [2024-12-10T20:13:06.938+0000] {dagbag.py:588} INFO - Filling up the DagBag from /opt/airflow/dags/monitoring_dag.py
[2024-12-10T20:13:08.211+0000] {processor.py:925} INFO - DAG(s) 'fraud_monitoring' retrieved from /opt/airflow/dags/monitoring_dag.py
[2024-12-10T20:13:08.575+0000] {logging_mixin.py:190} INFO - [2024-12-10T20:13:08.573+0000] {dag.py:3239} INFO - Sync 1 DAGs
[2024-12-10T20:13:08.777+0000] {logging_mixin.py:190} INFO - [2024-12-10T20:13:08.776+0000] {dag.py:4180} INFO - Setting next_dagrun for fraud_monitoring to 2024-12-09 00:00:00+00:00, run_after=2024-12-10 00:00:00+00:00
[2024-12-10T20:13:09.417+0000] {processor.py:208} INFO - Processing /opt/airflow/dags/monitoring_dag.py took 2.503 seconds
[2024-12-10T20:13:39.799+0000] {processor.py:186} INFO - Started process (PID=845) to work on /opt/airflow/dags/monitoring_dag.py
[2024-12-10T20:13:39.813+0000] {processor.py:914} INFO - Processing file /opt/airflow/dags/monitoring_dag.py for tasks to queue
[2024-12-10T20:13:39.826+0000] {logging_mixin.py:190} INFO - [2024-12-10T20:13:39.825+0000] {dagbag.py:588} INFO - Filling up the DagBag from /opt/airflow/dags/monitoring_dag.py
[2024-12-10T20:13:41.036+0000] {processor.py:925} INFO - DAG(s) 'fraud_monitoring' retrieved from /opt/airflow/dags/monitoring_dag.py
[2024-12-10T20:13:41.079+0000] {logging_mixin.py:190} INFO - [2024-12-10T20:13:41.078+0000] {dag.py:3239} INFO - Sync 1 DAGs
[2024-12-10T20:13:41.129+0000] {logging_mixin.py:190} INFO - [2024-12-10T20:13:41.128+0000] {dag.py:4180} INFO - Setting next_dagrun for fraud_monitoring to 2024-12-09 00:00:00+00:00, run_after=2024-12-10 00:00:00+00:00
[2024-12-10T20:13:41.171+0000] {processor.py:208} INFO - Processing /opt/airflow/dags/monitoring_dag.py took 1.442 seconds
[2024-12-10T20:14:11.434+0000] {processor.py:186} INFO - Started process (PID=859) to work on /opt/airflow/dags/monitoring_dag.py
[2024-12-10T20:14:11.444+0000] {processor.py:914} INFO - Processing file /opt/airflow/dags/monitoring_dag.py for tasks to queue
[2024-12-10T20:14:11.476+0000] {logging_mixin.py:190} INFO - [2024-12-10T20:14:11.469+0000] {dagbag.py:588} INFO - Filling up the DagBag from /opt/airflow/dags/monitoring_dag.py
[2024-12-10T20:14:12.665+0000] {processor.py:925} INFO - DAG(s) 'fraud_monitoring' retrieved from /opt/airflow/dags/monitoring_dag.py
[2024-12-10T20:14:12.722+0000] {logging_mixin.py:190} INFO - [2024-12-10T20:14:12.721+0000] {dag.py:3239} INFO - Sync 1 DAGs
[2024-12-10T20:14:12.779+0000] {logging_mixin.py:190} INFO - [2024-12-10T20:14:12.778+0000] {dag.py:4180} INFO - Setting next_dagrun for fraud_monitoring to 2024-12-09 00:00:00+00:00, run_after=2024-12-10 00:00:00+00:00
[2024-12-10T20:14:12.862+0000] {processor.py:208} INFO - Processing /opt/airflow/dags/monitoring_dag.py took 1.446 seconds
[2024-12-10T20:14:43.401+0000] {processor.py:186} INFO - Started process (PID=874) to work on /opt/airflow/dags/monitoring_dag.py
[2024-12-10T20:14:43.429+0000] {processor.py:914} INFO - Processing file /opt/airflow/dags/monitoring_dag.py for tasks to queue
[2024-12-10T20:14:43.461+0000] {logging_mixin.py:190} INFO - [2024-12-10T20:14:43.460+0000] {dagbag.py:588} INFO - Filling up the DagBag from /opt/airflow/dags/monitoring_dag.py
[2024-12-10T20:14:44.700+0000] {processor.py:925} INFO - DAG(s) 'fraud_monitoring' retrieved from /opt/airflow/dags/monitoring_dag.py
[2024-12-10T20:14:44.872+0000] {logging_mixin.py:190} INFO - [2024-12-10T20:14:44.870+0000] {dag.py:3239} INFO - Sync 1 DAGs
[2024-12-10T20:14:44.954+0000] {logging_mixin.py:190} INFO - [2024-12-10T20:14:44.953+0000] {dag.py:4180} INFO - Setting next_dagrun for fraud_monitoring to 2024-12-09 00:00:00+00:00, run_after=2024-12-10 00:00:00+00:00
[2024-12-10T20:14:45.053+0000] {processor.py:208} INFO - Processing /opt/airflow/dags/monitoring_dag.py took 1.662 seconds
[2024-12-10T20:15:15.922+0000] {processor.py:186} INFO - Started process (PID=888) to work on /opt/airflow/dags/monitoring_dag.py
[2024-12-10T20:15:15.937+0000] {processor.py:914} INFO - Processing file /opt/airflow/dags/monitoring_dag.py for tasks to queue
[2024-12-10T20:15:15.965+0000] {logging_mixin.py:190} INFO - [2024-12-10T20:15:15.957+0000] {dagbag.py:588} INFO - Filling up the DagBag from /opt/airflow/dags/monitoring_dag.py
[2024-12-10T20:15:16.764+0000] {processor.py:925} INFO - DAG(s) 'fraud_monitoring' retrieved from /opt/airflow/dags/monitoring_dag.py
[2024-12-10T20:15:16.817+0000] {logging_mixin.py:190} INFO - [2024-12-10T20:15:16.816+0000] {dag.py:3239} INFO - Sync 1 DAGs
[2024-12-10T20:15:16.868+0000] {logging_mixin.py:190} INFO - [2024-12-10T20:15:16.867+0000] {dag.py:4180} INFO - Setting next_dagrun for fraud_monitoring to 2024-12-09 00:00:00+00:00, run_after=2024-12-10 00:00:00+00:00
[2024-12-10T20:15:16.909+0000] {processor.py:208} INFO - Processing /opt/airflow/dags/monitoring_dag.py took 1.027 seconds
[2024-12-10T20:15:47.894+0000] {processor.py:186} INFO - Started process (PID=903) to work on /opt/airflow/dags/monitoring_dag.py
[2024-12-10T20:15:47.989+0000] {processor.py:914} INFO - Processing file /opt/airflow/dags/monitoring_dag.py for tasks to queue
[2024-12-10T20:15:48.007+0000] {logging_mixin.py:190} INFO - [2024-12-10T20:15:48.005+0000] {dagbag.py:588} INFO - Filling up the DagBag from /opt/airflow/dags/monitoring_dag.py
[2024-12-10T20:15:49.207+0000] {processor.py:925} INFO - DAG(s) 'fraud_monitoring' retrieved from /opt/airflow/dags/monitoring_dag.py
[2024-12-10T20:15:49.295+0000] {logging_mixin.py:190} INFO - [2024-12-10T20:15:49.292+0000] {dag.py:3239} INFO - Sync 1 DAGs
[2024-12-10T20:15:49.360+0000] {logging_mixin.py:190} INFO - [2024-12-10T20:15:49.359+0000] {dag.py:4180} INFO - Setting next_dagrun for fraud_monitoring to 2024-12-09 00:00:00+00:00, run_after=2024-12-10 00:00:00+00:00
[2024-12-10T20:15:49.425+0000] {processor.py:208} INFO - Processing /opt/airflow/dags/monitoring_dag.py took 1.541 seconds
[2024-12-10T20:16:19.930+0000] {processor.py:186} INFO - Started process (PID=917) to work on /opt/airflow/dags/monitoring_dag.py
[2024-12-10T20:16:20.300+0000] {processor.py:914} INFO - Processing file /opt/airflow/dags/monitoring_dag.py for tasks to queue
[2024-12-10T20:16:20.322+0000] {logging_mixin.py:190} INFO - [2024-12-10T20:16:20.321+0000] {dagbag.py:588} INFO - Filling up the DagBag from /opt/airflow/dags/monitoring_dag.py
[2024-12-10T20:16:21.169+0000] {processor.py:925} INFO - DAG(s) 'fraud_monitoring' retrieved from /opt/airflow/dags/monitoring_dag.py
[2024-12-10T20:16:21.254+0000] {logging_mixin.py:190} INFO - [2024-12-10T20:16:21.252+0000] {dag.py:3239} INFO - Sync 1 DAGs
[2024-12-10T20:16:21.350+0000] {logging_mixin.py:190} INFO - [2024-12-10T20:16:21.350+0000] {dag.py:4180} INFO - Setting next_dagrun for fraud_monitoring to 2024-12-09 00:00:00+00:00, run_after=2024-12-10 00:00:00+00:00
[2024-12-10T20:16:22.344+0000] {processor.py:208} INFO - Processing /opt/airflow/dags/monitoring_dag.py took 2.427 seconds
[2024-12-10T20:16:52.555+0000] {processor.py:186} INFO - Started process (PID=932) to work on /opt/airflow/dags/monitoring_dag.py
[2024-12-10T20:16:52.563+0000] {processor.py:914} INFO - Processing file /opt/airflow/dags/monitoring_dag.py for tasks to queue
[2024-12-10T20:16:52.574+0000] {logging_mixin.py:190} INFO - [2024-12-10T20:16:52.571+0000] {dagbag.py:588} INFO - Filling up the DagBag from /opt/airflow/dags/monitoring_dag.py
[2024-12-10T20:16:54.270+0000] {processor.py:925} INFO - DAG(s) 'fraud_monitoring' retrieved from /opt/airflow/dags/monitoring_dag.py
[2024-12-10T20:16:54.347+0000] {logging_mixin.py:190} INFO - [2024-12-10T20:16:54.346+0000] {dag.py:3239} INFO - Sync 1 DAGs
[2024-12-10T20:16:54.389+0000] {logging_mixin.py:190} INFO - [2024-12-10T20:16:54.384+0000] {dag.py:4180} INFO - Setting next_dagrun for fraud_monitoring to 2024-12-09 00:00:00+00:00, run_after=2024-12-10 00:00:00+00:00
[2024-12-10T20:16:54.454+0000] {processor.py:208} INFO - Processing /opt/airflow/dags/monitoring_dag.py took 1.923 seconds
[2024-12-10T20:17:24.840+0000] {processor.py:186} INFO - Started process (PID=948) to work on /opt/airflow/dags/monitoring_dag.py
[2024-12-10T20:17:24.866+0000] {processor.py:914} INFO - Processing file /opt/airflow/dags/monitoring_dag.py for tasks to queue
[2024-12-10T20:17:24.871+0000] {logging_mixin.py:190} INFO - [2024-12-10T20:17:24.870+0000] {dagbag.py:588} INFO - Filling up the DagBag from /opt/airflow/dags/monitoring_dag.py
[2024-12-10T20:17:25.614+0000] {processor.py:925} INFO - DAG(s) 'fraud_monitoring' retrieved from /opt/airflow/dags/monitoring_dag.py
[2024-12-10T20:17:25.755+0000] {logging_mixin.py:190} INFO - [2024-12-10T20:17:25.754+0000] {dag.py:3239} INFO - Sync 1 DAGs
[2024-12-10T20:17:25.806+0000] {logging_mixin.py:190} INFO - [2024-12-10T20:17:25.806+0000] {dag.py:4180} INFO - Setting next_dagrun for fraud_monitoring to 2024-12-09 00:00:00+00:00, run_after=2024-12-10 00:00:00+00:00
[2024-12-10T20:17:25.929+0000] {processor.py:208} INFO - Processing /opt/airflow/dags/monitoring_dag.py took 1.112 seconds
[2024-12-10T20:17:55.987+0000] {processor.py:186} INFO - Started process (PID=963) to work on /opt/airflow/dags/monitoring_dag.py
[2024-12-10T20:17:56.000+0000] {processor.py:914} INFO - Processing file /opt/airflow/dags/monitoring_dag.py for tasks to queue
[2024-12-10T20:17:56.006+0000] {logging_mixin.py:190} INFO - [2024-12-10T20:17:56.006+0000] {dagbag.py:588} INFO - Filling up the DagBag from /opt/airflow/dags/monitoring_dag.py
[2024-12-10T20:17:56.571+0000] {processor.py:925} INFO - DAG(s) 'fraud_monitoring' retrieved from /opt/airflow/dags/monitoring_dag.py
[2024-12-10T20:17:56.787+0000] {logging_mixin.py:190} INFO - [2024-12-10T20:17:56.786+0000] {dag.py:3239} INFO - Sync 1 DAGs
[2024-12-10T20:17:56.852+0000] {logging_mixin.py:190} INFO - [2024-12-10T20:17:56.852+0000] {dag.py:4180} INFO - Setting next_dagrun for fraud_monitoring to 2024-12-09 00:00:00+00:00, run_after=2024-12-10 00:00:00+00:00
[2024-12-10T20:17:56.899+0000] {processor.py:208} INFO - Processing /opt/airflow/dags/monitoring_dag.py took 0.924 seconds
[2024-12-10T20:18:27.446+0000] {processor.py:186} INFO - Started process (PID=978) to work on /opt/airflow/dags/monitoring_dag.py
[2024-12-10T20:18:27.461+0000] {processor.py:914} INFO - Processing file /opt/airflow/dags/monitoring_dag.py for tasks to queue
[2024-12-10T20:18:27.467+0000] {logging_mixin.py:190} INFO - [2024-12-10T20:18:27.467+0000] {dagbag.py:588} INFO - Filling up the DagBag from /opt/airflow/dags/monitoring_dag.py
[2024-12-10T20:18:28.405+0000] {processor.py:925} INFO - DAG(s) 'fraud_monitoring' retrieved from /opt/airflow/dags/monitoring_dag.py
[2024-12-10T20:18:28.468+0000] {logging_mixin.py:190} INFO - [2024-12-10T20:18:28.467+0000] {dag.py:3239} INFO - Sync 1 DAGs
[2024-12-10T20:18:28.524+0000] {logging_mixin.py:190} INFO - [2024-12-10T20:18:28.524+0000] {dag.py:4180} INFO - Setting next_dagrun for fraud_monitoring to 2024-12-09 00:00:00+00:00, run_after=2024-12-10 00:00:00+00:00
[2024-12-10T20:18:28.583+0000] {processor.py:208} INFO - Processing /opt/airflow/dags/monitoring_dag.py took 1.206 seconds
[2024-12-10T20:18:59.531+0000] {processor.py:186} INFO - Started process (PID=990) to work on /opt/airflow/dags/monitoring_dag.py
[2024-12-10T20:18:59.536+0000] {processor.py:914} INFO - Processing file /opt/airflow/dags/monitoring_dag.py for tasks to queue
[2024-12-10T20:18:59.599+0000] {logging_mixin.py:190} INFO - [2024-12-10T20:18:59.591+0000] {dagbag.py:588} INFO - Filling up the DagBag from /opt/airflow/dags/monitoring_dag.py
[2024-12-10T20:19:00.423+0000] {processor.py:925} INFO - DAG(s) 'fraud_monitoring' retrieved from /opt/airflow/dags/monitoring_dag.py
[2024-12-10T20:19:00.713+0000] {logging_mixin.py:190} INFO - [2024-12-10T20:19:00.712+0000] {dag.py:3239} INFO - Sync 1 DAGs
[2024-12-10T20:19:00.860+0000] {logging_mixin.py:190} INFO - [2024-12-10T20:19:00.860+0000] {dag.py:4180} INFO - Setting next_dagrun for fraud_monitoring to 2024-12-09 00:00:00+00:00, run_after=2024-12-10 00:00:00+00:00
[2024-12-10T20:19:00.953+0000] {processor.py:208} INFO - Processing /opt/airflow/dags/monitoring_dag.py took 1.466 seconds
[2024-12-10T20:19:31.869+0000] {processor.py:186} INFO - Started process (PID=1004) to work on /opt/airflow/dags/monitoring_dag.py
[2024-12-10T20:19:31.872+0000] {processor.py:914} INFO - Processing file /opt/airflow/dags/monitoring_dag.py for tasks to queue
[2024-12-10T20:19:31.879+0000] {logging_mixin.py:190} INFO - [2024-12-10T20:19:31.878+0000] {dagbag.py:588} INFO - Filling up the DagBag from /opt/airflow/dags/monitoring_dag.py
[2024-12-10T20:19:32.766+0000] {processor.py:925} INFO - DAG(s) 'fraud_monitoring' retrieved from /opt/airflow/dags/monitoring_dag.py
[2024-12-10T20:19:32.892+0000] {logging_mixin.py:190} INFO - [2024-12-10T20:19:32.891+0000] {dag.py:3239} INFO - Sync 1 DAGs
[2024-12-10T20:19:33.197+0000] {logging_mixin.py:190} INFO - [2024-12-10T20:19:33.196+0000] {dag.py:4180} INFO - Setting next_dagrun for fraud_monitoring to 2024-12-09 00:00:00+00:00, run_after=2024-12-10 00:00:00+00:00
[2024-12-10T20:19:33.249+0000] {processor.py:208} INFO - Processing /opt/airflow/dags/monitoring_dag.py took 1.400 seconds
[2024-12-10T20:20:03.738+0000] {processor.py:186} INFO - Started process (PID=1018) to work on /opt/airflow/dags/monitoring_dag.py
[2024-12-10T20:20:03.746+0000] {processor.py:914} INFO - Processing file /opt/airflow/dags/monitoring_dag.py for tasks to queue
[2024-12-10T20:20:03.753+0000] {logging_mixin.py:190} INFO - [2024-12-10T20:20:03.752+0000] {dagbag.py:588} INFO - Filling up the DagBag from /opt/airflow/dags/monitoring_dag.py
[2024-12-10T20:20:04.542+0000] {processor.py:925} INFO - DAG(s) 'fraud_monitoring' retrieved from /opt/airflow/dags/monitoring_dag.py
[2024-12-10T20:20:04.788+0000] {logging_mixin.py:190} INFO - [2024-12-10T20:20:04.787+0000] {dag.py:3239} INFO - Sync 1 DAGs
[2024-12-10T20:20:04.892+0000] {logging_mixin.py:190} INFO - [2024-12-10T20:20:04.892+0000] {dag.py:4180} INFO - Setting next_dagrun for fraud_monitoring to 2024-12-09 00:00:00+00:00, run_after=2024-12-10 00:00:00+00:00
[2024-12-10T20:20:05.047+0000] {processor.py:208} INFO - Processing /opt/airflow/dags/monitoring_dag.py took 1.328 seconds
[2024-12-10T20:20:35.421+0000] {processor.py:186} INFO - Started process (PID=1033) to work on /opt/airflow/dags/monitoring_dag.py
[2024-12-10T20:20:35.917+0000] {processor.py:914} INFO - Processing file /opt/airflow/dags/monitoring_dag.py for tasks to queue
[2024-12-10T20:20:35.922+0000] {logging_mixin.py:190} INFO - [2024-12-10T20:20:35.922+0000] {dagbag.py:588} INFO - Filling up the DagBag from /opt/airflow/dags/monitoring_dag.py
[2024-12-10T20:20:36.760+0000] {processor.py:925} INFO - DAG(s) 'fraud_monitoring' retrieved from /opt/airflow/dags/monitoring_dag.py
[2024-12-10T20:20:36.837+0000] {logging_mixin.py:190} INFO - [2024-12-10T20:20:36.836+0000] {dag.py:3239} INFO - Sync 1 DAGs
[2024-12-10T20:20:36.918+0000] {logging_mixin.py:190} INFO - [2024-12-10T20:20:36.917+0000] {dag.py:4180} INFO - Setting next_dagrun for fraud_monitoring to 2024-12-09 00:00:00+00:00, run_after=2024-12-10 00:00:00+00:00
[2024-12-10T20:20:37.113+0000] {processor.py:208} INFO - Processing /opt/airflow/dags/monitoring_dag.py took 1.710 seconds
[2024-12-10T20:21:07.797+0000] {processor.py:186} INFO - Started process (PID=1052) to work on /opt/airflow/dags/monitoring_dag.py
[2024-12-10T20:21:08.244+0000] {processor.py:914} INFO - Processing file /opt/airflow/dags/monitoring_dag.py for tasks to queue
[2024-12-10T20:21:08.267+0000] {logging_mixin.py:190} INFO - [2024-12-10T20:21:08.266+0000] {dagbag.py:588} INFO - Filling up the DagBag from /opt/airflow/dags/monitoring_dag.py
[2024-12-10T20:21:10.125+0000] {processor.py:925} INFO - DAG(s) 'fraud_monitoring' retrieved from /opt/airflow/dags/monitoring_dag.py
[2024-12-10T20:21:10.248+0000] {logging_mixin.py:190} INFO - [2024-12-10T20:21:10.246+0000] {dag.py:3239} INFO - Sync 1 DAGs
[2024-12-10T20:21:10.427+0000] {logging_mixin.py:190} INFO - [2024-12-10T20:21:10.427+0000] {dag.py:4180} INFO - Setting next_dagrun for fraud_monitoring to 2024-12-09 00:00:00+00:00, run_after=2024-12-10 00:00:00+00:00
[2024-12-10T20:21:10.534+0000] {processor.py:208} INFO - Processing /opt/airflow/dags/monitoring_dag.py took 2.753 seconds
[2024-12-10T20:21:41.024+0000] {processor.py:186} INFO - Started process (PID=1067) to work on /opt/airflow/dags/monitoring_dag.py
[2024-12-10T20:21:41.053+0000] {processor.py:914} INFO - Processing file /opt/airflow/dags/monitoring_dag.py for tasks to queue
[2024-12-10T20:21:41.058+0000] {logging_mixin.py:190} INFO - [2024-12-10T20:21:41.057+0000] {dagbag.py:588} INFO - Filling up the DagBag from /opt/airflow/dags/monitoring_dag.py
[2024-12-10T20:21:41.499+0000] {processor.py:925} INFO - DAG(s) 'fraud_monitoring' retrieved from /opt/airflow/dags/monitoring_dag.py
[2024-12-10T20:21:41.557+0000] {logging_mixin.py:190} INFO - [2024-12-10T20:21:41.557+0000] {dag.py:3239} INFO - Sync 1 DAGs
[2024-12-10T20:21:41.620+0000] {logging_mixin.py:190} INFO - [2024-12-10T20:21:41.620+0000] {dag.py:4180} INFO - Setting next_dagrun for fraud_monitoring to 2024-12-09 00:00:00+00:00, run_after=2024-12-10 00:00:00+00:00
[2024-12-10T20:21:41.676+0000] {processor.py:208} INFO - Processing /opt/airflow/dags/monitoring_dag.py took 0.666 seconds
[2024-12-10T20:22:11.815+0000] {processor.py:186} INFO - Started process (PID=1082) to work on /opt/airflow/dags/monitoring_dag.py
[2024-12-10T20:22:11.818+0000] {processor.py:914} INFO - Processing file /opt/airflow/dags/monitoring_dag.py for tasks to queue
[2024-12-10T20:22:11.822+0000] {logging_mixin.py:190} INFO - [2024-12-10T20:22:11.821+0000] {dagbag.py:588} INFO - Filling up the DagBag from /opt/airflow/dags/monitoring_dag.py
[2024-12-10T20:22:12.445+0000] {processor.py:925} INFO - DAG(s) 'fraud_monitoring' retrieved from /opt/airflow/dags/monitoring_dag.py
[2024-12-10T20:22:12.560+0000] {logging_mixin.py:190} INFO - [2024-12-10T20:22:12.559+0000] {dag.py:3239} INFO - Sync 1 DAGs
[2024-12-10T20:22:12.593+0000] {logging_mixin.py:190} INFO - [2024-12-10T20:22:12.593+0000] {dag.py:4180} INFO - Setting next_dagrun for fraud_monitoring to 2024-12-09 00:00:00+00:00, run_after=2024-12-10 00:00:00+00:00
[2024-12-10T20:22:12.656+0000] {processor.py:208} INFO - Processing /opt/airflow/dags/monitoring_dag.py took 0.852 seconds
[2024-12-10T20:22:42.840+0000] {processor.py:186} INFO - Started process (PID=1097) to work on /opt/airflow/dags/monitoring_dag.py
[2024-12-10T20:22:42.843+0000] {processor.py:914} INFO - Processing file /opt/airflow/dags/monitoring_dag.py for tasks to queue
[2024-12-10T20:22:42.857+0000] {logging_mixin.py:190} INFO - [2024-12-10T20:22:42.857+0000] {dagbag.py:588} INFO - Filling up the DagBag from /opt/airflow/dags/monitoring_dag.py
[2024-12-10T20:22:43.493+0000] {processor.py:925} INFO - DAG(s) 'fraud_monitoring' retrieved from /opt/airflow/dags/monitoring_dag.py
[2024-12-10T20:22:43.525+0000] {logging_mixin.py:190} INFO - [2024-12-10T20:22:43.525+0000] {dag.py:3239} INFO - Sync 1 DAGs
[2024-12-10T20:22:43.554+0000] {logging_mixin.py:190} INFO - [2024-12-10T20:22:43.553+0000] {dag.py:4180} INFO - Setting next_dagrun for fraud_monitoring to 2024-12-09 00:00:00+00:00, run_after=2024-12-10 00:00:00+00:00
[2024-12-10T20:22:43.597+0000] {processor.py:208} INFO - Processing /opt/airflow/dags/monitoring_dag.py took 0.785 seconds
[2024-12-10T20:23:14.376+0000] {processor.py:186} INFO - Started process (PID=1112) to work on /opt/airflow/dags/monitoring_dag.py
[2024-12-10T20:23:14.386+0000] {processor.py:914} INFO - Processing file /opt/airflow/dags/monitoring_dag.py for tasks to queue
[2024-12-10T20:23:14.398+0000] {logging_mixin.py:190} INFO - [2024-12-10T20:23:14.397+0000] {dagbag.py:588} INFO - Filling up the DagBag from /opt/airflow/dags/monitoring_dag.py
[2024-12-10T20:23:15.249+0000] {processor.py:925} INFO - DAG(s) 'fraud_monitoring' retrieved from /opt/airflow/dags/monitoring_dag.py
[2024-12-10T20:23:15.293+0000] {logging_mixin.py:190} INFO - [2024-12-10T20:23:15.293+0000] {dag.py:3239} INFO - Sync 1 DAGs
[2024-12-10T20:23:15.341+0000] {logging_mixin.py:190} INFO - [2024-12-10T20:23:15.341+0000] {dag.py:4180} INFO - Setting next_dagrun for fraud_monitoring to 2024-12-09 00:00:00+00:00, run_after=2024-12-10 00:00:00+00:00
[2024-12-10T20:23:15.481+0000] {processor.py:208} INFO - Processing /opt/airflow/dags/monitoring_dag.py took 1.115 seconds
[2024-12-10T20:23:45.650+0000] {processor.py:186} INFO - Started process (PID=1127) to work on /opt/airflow/dags/monitoring_dag.py
[2024-12-10T20:23:45.666+0000] {processor.py:914} INFO - Processing file /opt/airflow/dags/monitoring_dag.py for tasks to queue
[2024-12-10T20:23:45.670+0000] {logging_mixin.py:190} INFO - [2024-12-10T20:23:45.669+0000] {dagbag.py:588} INFO - Filling up the DagBag from /opt/airflow/dags/monitoring_dag.py
[2024-12-10T20:23:46.304+0000] {processor.py:925} INFO - DAG(s) 'fraud_monitoring' retrieved from /opt/airflow/dags/monitoring_dag.py
[2024-12-10T20:23:46.342+0000] {logging_mixin.py:190} INFO - [2024-12-10T20:23:46.342+0000] {dag.py:3239} INFO - Sync 1 DAGs
[2024-12-10T20:23:46.375+0000] {logging_mixin.py:190} INFO - [2024-12-10T20:23:46.375+0000] {dag.py:4180} INFO - Setting next_dagrun for fraud_monitoring to 2024-12-09 00:00:00+00:00, run_after=2024-12-10 00:00:00+00:00
[2024-12-10T20:23:46.416+0000] {processor.py:208} INFO - Processing /opt/airflow/dags/monitoring_dag.py took 0.778 seconds
[2024-12-10T20:24:17.434+0000] {processor.py:186} INFO - Started process (PID=1142) to work on /opt/airflow/dags/monitoring_dag.py
[2024-12-10T20:24:17.506+0000] {processor.py:914} INFO - Processing file /opt/airflow/dags/monitoring_dag.py for tasks to queue
[2024-12-10T20:24:17.525+0000] {logging_mixin.py:190} INFO - [2024-12-10T20:24:17.523+0000] {dagbag.py:588} INFO - Filling up the DagBag from /opt/airflow/dags/monitoring_dag.py
[2024-12-10T20:24:18.123+0000] {processor.py:925} INFO - DAG(s) 'fraud_monitoring' retrieved from /opt/airflow/dags/monitoring_dag.py
[2024-12-10T20:24:18.159+0000] {logging_mixin.py:190} INFO - [2024-12-10T20:24:18.159+0000] {dag.py:3239} INFO - Sync 1 DAGs
[2024-12-10T20:24:18.193+0000] {logging_mixin.py:190} INFO - [2024-12-10T20:24:18.193+0000] {dag.py:4180} INFO - Setting next_dagrun for fraud_monitoring to 2024-12-09 00:00:00+00:00, run_after=2024-12-10 00:00:00+00:00
[2024-12-10T20:24:18.314+0000] {processor.py:208} INFO - Processing /opt/airflow/dags/monitoring_dag.py took 0.887 seconds
[2024-12-10T20:24:49.456+0000] {processor.py:186} INFO - Started process (PID=1157) to work on /opt/airflow/dags/monitoring_dag.py
[2024-12-10T20:24:49.458+0000] {processor.py:914} INFO - Processing file /opt/airflow/dags/monitoring_dag.py for tasks to queue
[2024-12-10T20:24:49.462+0000] {logging_mixin.py:190} INFO - [2024-12-10T20:24:49.462+0000] {dagbag.py:588} INFO - Filling up the DagBag from /opt/airflow/dags/monitoring_dag.py
[2024-12-10T20:24:50.250+0000] {processor.py:925} INFO - DAG(s) 'fraud_monitoring' retrieved from /opt/airflow/dags/monitoring_dag.py
[2024-12-10T20:24:50.320+0000] {logging_mixin.py:190} INFO - [2024-12-10T20:24:50.319+0000] {dag.py:3239} INFO - Sync 1 DAGs
[2024-12-10T20:24:50.354+0000] {logging_mixin.py:190} INFO - [2024-12-10T20:24:50.354+0000] {dag.py:4180} INFO - Setting next_dagrun for fraud_monitoring to 2024-12-09 00:00:00+00:00, run_after=2024-12-10 00:00:00+00:00
[2024-12-10T20:24:50.394+0000] {processor.py:208} INFO - Processing /opt/airflow/dags/monitoring_dag.py took 0.950 seconds
[2024-12-10T20:25:20.805+0000] {processor.py:186} INFO - Started process (PID=1172) to work on /opt/airflow/dags/monitoring_dag.py
[2024-12-10T20:25:20.814+0000] {processor.py:914} INFO - Processing file /opt/airflow/dags/monitoring_dag.py for tasks to queue
[2024-12-10T20:25:20.822+0000] {logging_mixin.py:190} INFO - [2024-12-10T20:25:20.821+0000] {dagbag.py:588} INFO - Filling up the DagBag from /opt/airflow/dags/monitoring_dag.py
[2024-12-10T20:25:21.901+0000] {processor.py:925} INFO - DAG(s) 'fraud_monitoring' retrieved from /opt/airflow/dags/monitoring_dag.py
[2024-12-10T20:25:21.947+0000] {logging_mixin.py:190} INFO - [2024-12-10T20:25:21.946+0000] {dag.py:3239} INFO - Sync 1 DAGs
[2024-12-10T20:25:22.006+0000] {logging_mixin.py:190} INFO - [2024-12-10T20:25:22.005+0000] {dag.py:4180} INFO - Setting next_dagrun for fraud_monitoring to 2024-12-09 00:00:00+00:00, run_after=2024-12-10 00:00:00+00:00
[2024-12-10T20:25:22.050+0000] {processor.py:208} INFO - Processing /opt/airflow/dags/monitoring_dag.py took 1.260 seconds
[2024-12-10T20:25:52.370+0000] {processor.py:186} INFO - Started process (PID=1188) to work on /opt/airflow/dags/monitoring_dag.py
[2024-12-10T20:25:52.372+0000] {processor.py:914} INFO - Processing file /opt/airflow/dags/monitoring_dag.py for tasks to queue
[2024-12-10T20:25:52.377+0000] {logging_mixin.py:190} INFO - [2024-12-10T20:25:52.376+0000] {dagbag.py:588} INFO - Filling up the DagBag from /opt/airflow/dags/monitoring_dag.py
[2024-12-10T20:25:53.032+0000] {processor.py:925} INFO - DAG(s) 'fraud_monitoring' retrieved from /opt/airflow/dags/monitoring_dag.py
[2024-12-10T20:25:53.071+0000] {logging_mixin.py:190} INFO - [2024-12-10T20:25:53.070+0000] {dag.py:3239} INFO - Sync 1 DAGs
[2024-12-10T20:25:53.107+0000] {logging_mixin.py:190} INFO - [2024-12-10T20:25:53.106+0000] {dag.py:4180} INFO - Setting next_dagrun for fraud_monitoring to 2024-12-09 00:00:00+00:00, run_after=2024-12-10 00:00:00+00:00
[2024-12-10T20:25:53.148+0000] {processor.py:208} INFO - Processing /opt/airflow/dags/monitoring_dag.py took 0.791 seconds
[2024-12-10T20:26:23.332+0000] {processor.py:186} INFO - Started process (PID=1203) to work on /opt/airflow/dags/monitoring_dag.py
[2024-12-10T20:26:23.338+0000] {processor.py:914} INFO - Processing file /opt/airflow/dags/monitoring_dag.py for tasks to queue
[2024-12-10T20:26:23.357+0000] {logging_mixin.py:190} INFO - [2024-12-10T20:26:23.356+0000] {dagbag.py:588} INFO - Filling up the DagBag from /opt/airflow/dags/monitoring_dag.py
[2024-12-10T20:26:24.246+0000] {processor.py:925} INFO - DAG(s) 'fraud_monitoring' retrieved from /opt/airflow/dags/monitoring_dag.py
[2024-12-10T20:26:24.318+0000] {logging_mixin.py:190} INFO - [2024-12-10T20:26:24.317+0000] {dag.py:3239} INFO - Sync 1 DAGs
[2024-12-10T20:26:24.383+0000] {logging_mixin.py:190} INFO - [2024-12-10T20:26:24.382+0000] {dag.py:4180} INFO - Setting next_dagrun for fraud_monitoring to 2024-12-09 00:00:00+00:00, run_after=2024-12-10 00:00:00+00:00
[2024-12-10T20:26:24.436+0000] {processor.py:208} INFO - Processing /opt/airflow/dags/monitoring_dag.py took 1.134 seconds
[2024-12-10T20:26:55.062+0000] {processor.py:186} INFO - Started process (PID=1218) to work on /opt/airflow/dags/monitoring_dag.py
[2024-12-10T20:26:55.065+0000] {processor.py:914} INFO - Processing file /opt/airflow/dags/monitoring_dag.py for tasks to queue
[2024-12-10T20:26:55.077+0000] {logging_mixin.py:190} INFO - [2024-12-10T20:26:55.077+0000] {dagbag.py:588} INFO - Filling up the DagBag from /opt/airflow/dags/monitoring_dag.py
[2024-12-10T20:26:56.009+0000] {processor.py:925} INFO - DAG(s) 'fraud_monitoring' retrieved from /opt/airflow/dags/monitoring_dag.py
[2024-12-10T20:26:56.103+0000] {logging_mixin.py:190} INFO - [2024-12-10T20:26:56.102+0000] {dag.py:3239} INFO - Sync 1 DAGs
[2024-12-10T20:26:56.168+0000] {logging_mixin.py:190} INFO - [2024-12-10T20:26:56.168+0000] {dag.py:4180} INFO - Setting next_dagrun for fraud_monitoring to 2024-12-09 00:00:00+00:00, run_after=2024-12-10 00:00:00+00:00
[2024-12-10T20:26:56.214+0000] {processor.py:208} INFO - Processing /opt/airflow/dags/monitoring_dag.py took 1.181 seconds
[2024-12-10T20:27:27.110+0000] {processor.py:186} INFO - Started process (PID=1233) to work on /opt/airflow/dags/monitoring_dag.py
[2024-12-10T20:27:27.122+0000] {processor.py:914} INFO - Processing file /opt/airflow/dags/monitoring_dag.py for tasks to queue
[2024-12-10T20:27:27.126+0000] {logging_mixin.py:190} INFO - [2024-12-10T20:27:27.126+0000] {dagbag.py:588} INFO - Filling up the DagBag from /opt/airflow/dags/monitoring_dag.py
[2024-12-10T20:27:27.792+0000] {processor.py:925} INFO - DAG(s) 'fraud_monitoring' retrieved from /opt/airflow/dags/monitoring_dag.py
[2024-12-10T20:27:27.837+0000] {logging_mixin.py:190} INFO - [2024-12-10T20:27:27.836+0000] {dag.py:3239} INFO - Sync 1 DAGs
[2024-12-10T20:27:27.864+0000] {logging_mixin.py:190} INFO - [2024-12-10T20:27:27.863+0000] {dag.py:4180} INFO - Setting next_dagrun for fraud_monitoring to 2024-12-09 00:00:00+00:00, run_after=2024-12-10 00:00:00+00:00
[2024-12-10T20:27:27.939+0000] {processor.py:208} INFO - Processing /opt/airflow/dags/monitoring_dag.py took 0.860 seconds
[2024-12-10T20:27:58.341+0000] {processor.py:186} INFO - Started process (PID=1244) to work on /opt/airflow/dags/monitoring_dag.py
[2024-12-10T20:27:58.344+0000] {processor.py:914} INFO - Processing file /opt/airflow/dags/monitoring_dag.py for tasks to queue
[2024-12-10T20:27:58.348+0000] {logging_mixin.py:190} INFO - [2024-12-10T20:27:58.347+0000] {dagbag.py:588} INFO - Filling up the DagBag from /opt/airflow/dags/monitoring_dag.py
[2024-12-10T20:27:59.342+0000] {processor.py:925} INFO - DAG(s) 'fraud_monitoring' retrieved from /opt/airflow/dags/monitoring_dag.py
[2024-12-10T20:27:59.476+0000] {logging_mixin.py:190} INFO - [2024-12-10T20:27:59.475+0000] {dag.py:3239} INFO - Sync 1 DAGs
[2024-12-10T20:27:59.549+0000] {logging_mixin.py:190} INFO - [2024-12-10T20:27:59.547+0000] {dag.py:4180} INFO - Setting next_dagrun for fraud_monitoring to 2024-12-09 00:00:00+00:00, run_after=2024-12-10 00:00:00+00:00
[2024-12-10T20:27:59.660+0000] {processor.py:208} INFO - Processing /opt/airflow/dags/monitoring_dag.py took 1.355 seconds
[2024-12-10T20:28:30.437+0000] {processor.py:186} INFO - Started process (PID=1257) to work on /opt/airflow/dags/monitoring_dag.py
[2024-12-10T20:28:30.440+0000] {processor.py:914} INFO - Processing file /opt/airflow/dags/monitoring_dag.py for tasks to queue
[2024-12-10T20:28:30.444+0000] {logging_mixin.py:190} INFO - [2024-12-10T20:28:30.443+0000] {dagbag.py:588} INFO - Filling up the DagBag from /opt/airflow/dags/monitoring_dag.py
[2024-12-10T20:28:30.889+0000] {processor.py:925} INFO - DAG(s) 'fraud_monitoring' retrieved from /opt/airflow/dags/monitoring_dag.py
[2024-12-10T20:28:30.986+0000] {logging_mixin.py:190} INFO - [2024-12-10T20:28:30.985+0000] {dag.py:3239} INFO - Sync 1 DAGs
[2024-12-10T20:28:31.038+0000] {logging_mixin.py:190} INFO - [2024-12-10T20:28:31.037+0000] {dag.py:4180} INFO - Setting next_dagrun for fraud_monitoring to 2024-12-09 00:00:00+00:00, run_after=2024-12-10 00:00:00+00:00
[2024-12-10T20:28:31.069+0000] {processor.py:208} INFO - Processing /opt/airflow/dags/monitoring_dag.py took 0.640 seconds
[2024-12-10T20:29:01.882+0000] {processor.py:186} INFO - Started process (PID=1272) to work on /opt/airflow/dags/monitoring_dag.py
[2024-12-10T20:29:01.897+0000] {processor.py:914} INFO - Processing file /opt/airflow/dags/monitoring_dag.py for tasks to queue
[2024-12-10T20:29:01.921+0000] {logging_mixin.py:190} INFO - [2024-12-10T20:29:01.917+0000] {dagbag.py:588} INFO - Filling up the DagBag from /opt/airflow/dags/monitoring_dag.py
[2024-12-10T20:29:02.710+0000] {processor.py:925} INFO - DAG(s) 'fraud_monitoring' retrieved from /opt/airflow/dags/monitoring_dag.py
[2024-12-10T20:29:02.768+0000] {logging_mixin.py:190} INFO - [2024-12-10T20:29:02.767+0000] {dag.py:3239} INFO - Sync 1 DAGs
[2024-12-10T20:29:02.801+0000] {logging_mixin.py:190} INFO - [2024-12-10T20:29:02.801+0000] {dag.py:4180} INFO - Setting next_dagrun for fraud_monitoring to 2024-12-09 00:00:00+00:00, run_after=2024-12-10 00:00:00+00:00
[2024-12-10T20:29:02.835+0000] {processor.py:208} INFO - Processing /opt/airflow/dags/monitoring_dag.py took 0.995 seconds
[2024-12-10T20:29:33.125+0000] {processor.py:186} INFO - Started process (PID=1287) to work on /opt/airflow/dags/monitoring_dag.py
[2024-12-10T20:29:33.129+0000] {processor.py:914} INFO - Processing file /opt/airflow/dags/monitoring_dag.py for tasks to queue
[2024-12-10T20:29:33.135+0000] {logging_mixin.py:190} INFO - [2024-12-10T20:29:33.134+0000] {dagbag.py:588} INFO - Filling up the DagBag from /opt/airflow/dags/monitoring_dag.py
[2024-12-10T20:29:33.857+0000] {processor.py:925} INFO - DAG(s) 'fraud_monitoring' retrieved from /opt/airflow/dags/monitoring_dag.py
[2024-12-10T20:29:33.910+0000] {logging_mixin.py:190} INFO - [2024-12-10T20:29:33.910+0000] {dag.py:3239} INFO - Sync 1 DAGs
[2024-12-10T20:29:33.953+0000] {logging_mixin.py:190} INFO - [2024-12-10T20:29:33.953+0000] {dag.py:4180} INFO - Setting next_dagrun for fraud_monitoring to 2024-12-09 00:00:00+00:00, run_after=2024-12-10 00:00:00+00:00
[2024-12-10T20:29:34.001+0000] {processor.py:208} INFO - Processing /opt/airflow/dags/monitoring_dag.py took 0.883 seconds
[2024-12-10T20:30:04.355+0000] {processor.py:186} INFO - Started process (PID=1302) to work on /opt/airflow/dags/monitoring_dag.py
[2024-12-10T20:30:04.365+0000] {processor.py:914} INFO - Processing file /opt/airflow/dags/monitoring_dag.py for tasks to queue
[2024-12-10T20:30:04.374+0000] {logging_mixin.py:190} INFO - [2024-12-10T20:30:04.373+0000] {dagbag.py:588} INFO - Filling up the DagBag from /opt/airflow/dags/monitoring_dag.py
[2024-12-10T20:30:05.215+0000] {processor.py:925} INFO - DAG(s) 'fraud_monitoring' retrieved from /opt/airflow/dags/monitoring_dag.py
[2024-12-10T20:30:05.285+0000] {logging_mixin.py:190} INFO - [2024-12-10T20:30:05.283+0000] {dag.py:3239} INFO - Sync 1 DAGs
[2024-12-10T20:30:05.345+0000] {logging_mixin.py:190} INFO - [2024-12-10T20:30:05.344+0000] {dag.py:4180} INFO - Setting next_dagrun for fraud_monitoring to 2024-12-09 00:00:00+00:00, run_after=2024-12-10 00:00:00+00:00
[2024-12-10T20:30:05.402+0000] {processor.py:208} INFO - Processing /opt/airflow/dags/monitoring_dag.py took 1.056 seconds
[2024-12-10T20:30:36.297+0000] {processor.py:186} INFO - Started process (PID=1317) to work on /opt/airflow/dags/monitoring_dag.py
[2024-12-10T20:30:36.302+0000] {processor.py:914} INFO - Processing file /opt/airflow/dags/monitoring_dag.py for tasks to queue
[2024-12-10T20:30:36.312+0000] {logging_mixin.py:190} INFO - [2024-12-10T20:30:36.310+0000] {dagbag.py:588} INFO - Filling up the DagBag from /opt/airflow/dags/monitoring_dag.py
[2024-12-10T20:30:37.049+0000] {processor.py:925} INFO - DAG(s) 'fraud_monitoring' retrieved from /opt/airflow/dags/monitoring_dag.py
[2024-12-10T20:30:37.094+0000] {logging_mixin.py:190} INFO - [2024-12-10T20:30:37.094+0000] {dag.py:3239} INFO - Sync 1 DAGs
[2024-12-10T20:30:37.374+0000] {logging_mixin.py:190} INFO - [2024-12-10T20:30:37.374+0000] {dag.py:4180} INFO - Setting next_dagrun for fraud_monitoring to 2024-12-09 00:00:00+00:00, run_after=2024-12-10 00:00:00+00:00
[2024-12-10T20:30:37.421+0000] {processor.py:208} INFO - Processing /opt/airflow/dags/monitoring_dag.py took 1.146 seconds
[2024-12-10T20:31:08.251+0000] {processor.py:186} INFO - Started process (PID=1332) to work on /opt/airflow/dags/monitoring_dag.py
[2024-12-10T20:31:08.262+0000] {processor.py:914} INFO - Processing file /opt/airflow/dags/monitoring_dag.py for tasks to queue
[2024-12-10T20:31:08.270+0000] {logging_mixin.py:190} INFO - [2024-12-10T20:31:08.269+0000] {dagbag.py:588} INFO - Filling up the DagBag from /opt/airflow/dags/monitoring_dag.py
[2024-12-10T20:31:09.437+0000] {processor.py:925} INFO - DAG(s) 'fraud_monitoring' retrieved from /opt/airflow/dags/monitoring_dag.py
[2024-12-10T20:31:09.472+0000] {logging_mixin.py:190} INFO - [2024-12-10T20:31:09.472+0000] {dag.py:3239} INFO - Sync 1 DAGs
[2024-12-10T20:31:09.518+0000] {logging_mixin.py:190} INFO - [2024-12-10T20:31:09.518+0000] {dag.py:4180} INFO - Setting next_dagrun for fraud_monitoring to 2024-12-09 00:00:00+00:00, run_after=2024-12-10 00:00:00+00:00
[2024-12-10T20:31:09.560+0000] {processor.py:208} INFO - Processing /opt/airflow/dags/monitoring_dag.py took 1.331 seconds
[2024-12-10T20:31:40.441+0000] {processor.py:186} INFO - Started process (PID=1347) to work on /opt/airflow/dags/monitoring_dag.py
[2024-12-10T20:31:40.443+0000] {processor.py:914} INFO - Processing file /opt/airflow/dags/monitoring_dag.py for tasks to queue
[2024-12-10T20:31:40.453+0000] {logging_mixin.py:190} INFO - [2024-12-10T20:31:40.452+0000] {dagbag.py:588} INFO - Filling up the DagBag from /opt/airflow/dags/monitoring_dag.py
[2024-12-10T20:31:41.423+0000] {processor.py:925} INFO - DAG(s) 'fraud_monitoring' retrieved from /opt/airflow/dags/monitoring_dag.py
[2024-12-10T20:31:41.488+0000] {logging_mixin.py:190} INFO - [2024-12-10T20:31:41.487+0000] {dag.py:3239} INFO - Sync 1 DAGs
[2024-12-10T20:31:41.539+0000] {logging_mixin.py:190} INFO - [2024-12-10T20:31:41.537+0000] {dag.py:4180} INFO - Setting next_dagrun for fraud_monitoring to 2024-12-09 00:00:00+00:00, run_after=2024-12-10 00:00:00+00:00
[2024-12-10T20:31:41.582+0000] {processor.py:208} INFO - Processing /opt/airflow/dags/monitoring_dag.py took 1.151 seconds
