[2024-11-22T18:46:10.333+0000] {local_task_job_runner.py:123} INFO - ::group::Pre task execution logs
[2024-11-22T18:46:10.441+0000] {taskinstance.py:2612} INFO - Dependencies all met for dep_context=non-requeueable deps ti=<TaskInstance: fraud_detection.load_dependencies scheduled__2024-11-22T18:45:00+00:00 [queued]>
[2024-11-22T18:46:10.476+0000] {taskinstance.py:2612} INFO - Dependencies all met for dep_context=requeueable deps ti=<TaskInstance: fraud_detection.load_dependencies scheduled__2024-11-22T18:45:00+00:00 [queued]>
[2024-11-22T18:46:10.476+0000] {taskinstance.py:2865} INFO - Starting attempt 1 of 2
[2024-11-22T18:46:10.541+0000] {taskinstance.py:2888} INFO - Executing <Task(PythonOperator): load_dependencies> on 2024-11-22 18:45:00+00:00
[2024-11-22T18:46:10.589+0000] {warnings.py:112} WARNING - /home/***/.local/lib/python3.12/site-packages/***/task/task_runner/standard_task_runner.py:70: DeprecationWarning: This process (pid=349) is multi-threaded, use of fork() may lead to deadlocks in the child.
  pid = os.fork()

[2024-11-22T18:46:10.595+0000] {standard_task_runner.py:72} INFO - Started process 353 to run task
[2024-11-22T18:46:10.595+0000] {standard_task_runner.py:104} INFO - Running: ['***', 'tasks', 'run', 'fraud_detection', 'load_dependencies', 'scheduled__2024-11-22T18:45:00+00:00', '--job-id', '385', '--raw', '--subdir', 'DAGS_FOLDER/fraud_detection_dag.py', '--cfg-path', '/tmp/tmpx7wjo5n5']
[2024-11-22T18:46:10.602+0000] {standard_task_runner.py:105} INFO - Job 385: Subtask load_dependencies
[2024-11-22T18:46:10.874+0000] {task_command.py:467} INFO - Running <TaskInstance: fraud_detection.load_dependencies scheduled__2024-11-22T18:45:00+00:00 [running]> on host c6af8dbaf1e5
[2024-11-22T18:46:11.616+0000] {taskinstance.py:3131} INFO - Exporting env vars: AIRFLOW_CTX_DAG_OWNER='fraud_team' AIRFLOW_CTX_DAG_ID='fraud_detection' AIRFLOW_CTX_TASK_ID='load_dependencies' AIRFLOW_CTX_EXECUTION_DATE='2024-11-22T18:45:00+00:00' AIRFLOW_CTX_TRY_NUMBER='1' AIRFLOW_CTX_DAG_RUN_ID='scheduled__2024-11-22T18:45:00+00:00'
[2024-11-22T18:46:11.620+0000] {taskinstance.py:731} INFO - ::endgroup::
[2024-11-22T18:46:11.683+0000] {fraud_detection_dag.py:26} INFO - Chargement des dépendances depuis S3...
[2024-11-22T18:47:15.372+0000] {fraud_detection_dag.py:42} INFO - Modèle chargé avec succès
[2024-11-22T18:47:20.993+0000] {fraud_detection_dag.py:47} INFO - ETL chargé avec succès
[2024-11-22T18:47:21.628+0000] {python.py:240} INFO - Done. Returned value was: True
[2024-11-22T18:47:22.196+0000] {taskinstance.py:340} INFO - ::group::Post task execution logs
[2024-11-22T18:47:22.197+0000] {taskinstance.py:352} INFO - Marking task as SUCCESS. dag_id=fraud_detection, task_id=load_dependencies, run_id=scheduled__2024-11-22T18:45:00+00:00, execution_date=20241122T184500, start_date=20241122T184610, end_date=20241122T184722
[2024-11-22T18:47:22.397+0000] {local_task_job_runner.py:266} INFO - Task exited with return code 0
[2024-11-22T18:47:22.734+0000] {taskinstance.py:3900} INFO - 1 downstream tasks scheduled from follow-on schedule check
[2024-11-22T18:47:22.763+0000] {local_task_job_runner.py:245} INFO - ::endgroup::
