[2024-11-02T23:47:05.034+0000] {local_task_job_runner.py:123} INFO - ::group::Pre task execution logs
[2024-11-02T23:47:05.103+0000] {taskinstance.py:2612} INFO - Dependencies all met for dep_context=non-requeueable deps ti=<TaskInstance: fraud_detection.load_dependencies scheduled__2024-11-02T23:46:00+00:00 [queued]>
[2024-11-02T23:47:05.126+0000] {taskinstance.py:2612} INFO - Dependencies all met for dep_context=requeueable deps ti=<TaskInstance: fraud_detection.load_dependencies scheduled__2024-11-02T23:46:00+00:00 [queued]>
[2024-11-02T23:47:05.127+0000] {taskinstance.py:2865} INFO - Starting attempt 1 of 2
[2024-11-02T23:47:05.201+0000] {taskinstance.py:2888} INFO - Executing <Task(PythonOperator): load_dependencies> on 2024-11-02 23:46:00+00:00
[2024-11-02T23:47:05.255+0000] {warnings.py:112} WARNING - /home/***/.local/lib/python3.12/site-packages/***/task/task_runner/standard_task_runner.py:70: DeprecationWarning: This process (pid=1299) is multi-threaded, use of fork() may lead to deadlocks in the child.
  pid = os.fork()

[2024-11-02T23:47:05.269+0000] {standard_task_runner.py:72} INFO - Started process 1301 to run task
[2024-11-02T23:47:05.277+0000] {standard_task_runner.py:104} INFO - Running: ['***', 'tasks', 'run', 'fraud_detection', 'load_dependencies', 'scheduled__2024-11-02T23:46:00+00:00', '--job-id', '92', '--raw', '--subdir', 'DAGS_FOLDER/fraud_detection_dag.py', '--cfg-path', '/tmp/tmpvg1__rxs']
[2024-11-02T23:47:05.312+0000] {standard_task_runner.py:105} INFO - Job 92: Subtask load_dependencies
[2024-11-02T23:47:05.502+0000] {task_command.py:467} INFO - Running <TaskInstance: fraud_detection.load_dependencies scheduled__2024-11-02T23:46:00+00:00 [running]> on host 713744f3b6c0
[2024-11-02T23:47:06.019+0000] {taskinstance.py:3131} INFO - Exporting env vars: AIRFLOW_CTX_DAG_OWNER='fraud_team' AIRFLOW_CTX_DAG_ID='fraud_detection' AIRFLOW_CTX_TASK_ID='load_dependencies' AIRFLOW_CTX_EXECUTION_DATE='2024-11-02T23:46:00+00:00' AIRFLOW_CTX_TRY_NUMBER='1' AIRFLOW_CTX_DAG_RUN_ID='scheduled__2024-11-02T23:46:00+00:00'
[2024-11-02T23:47:06.028+0000] {taskinstance.py:731} INFO - ::endgroup::
[2024-11-02T23:47:06.065+0000] {fraud_detection_dag.py:27} INFO - Chargement des dépendances depuis S3...
[2024-11-02T23:48:02.232+0000] {fraud_detection_dag.py:43} INFO - Modèle chargé avec succès
[2024-11-02T23:48:04.636+0000] {fraud_detection_dag.py:48} INFO - ETL chargé avec succès
[2024-11-02T23:48:04.723+0000] {python.py:240} INFO - Done. Returned value was: True
[2024-11-02T23:48:04.786+0000] {taskinstance.py:340} INFO - ::group::Post task execution logs
[2024-11-02T23:48:04.789+0000] {taskinstance.py:352} INFO - Marking task as SUCCESS. dag_id=fraud_detection, task_id=load_dependencies, run_id=scheduled__2024-11-02T23:46:00+00:00, execution_date=20241102T234600, start_date=20241102T234705, end_date=20241102T234804
[2024-11-02T23:48:04.918+0000] {local_task_job_runner.py:266} INFO - Task exited with return code 0
[2024-11-02T23:48:05.053+0000] {taskinstance.py:3900} INFO - 1 downstream tasks scheduled from follow-on schedule check
[2024-11-02T23:48:05.062+0000] {local_task_job_runner.py:245} INFO - ::endgroup::
