[2024-11-22T19:08:04.000+0000] {local_task_job_runner.py:123} INFO - ::group::Pre task execution logs
[2024-11-22T19:08:04.046+0000] {taskinstance.py:2612} INFO - Dependencies all met for dep_context=non-requeueable deps ti=<TaskInstance: fraud_detection.process_transaction scheduled__2024-11-22T19:06:00+00:00 [queued]>
[2024-11-22T19:08:04.070+0000] {taskinstance.py:2612} INFO - Dependencies all met for dep_context=requeueable deps ti=<TaskInstance: fraud_detection.process_transaction scheduled__2024-11-22T19:06:00+00:00 [queued]>
[2024-11-22T19:08:04.071+0000] {taskinstance.py:2865} INFO - Starting attempt 1 of 2
[2024-11-22T19:08:04.104+0000] {taskinstance.py:2888} INFO - Executing <Task(BranchPythonOperator): process_transaction> on 2024-11-22 19:06:00+00:00
[2024-11-22T19:08:04.120+0000] {warnings.py:112} WARNING - /home/***/.local/lib/python3.12/site-packages/***/task/task_runner/standard_task_runner.py:70: DeprecationWarning: This process (pid=1185) is multi-threaded, use of fork() may lead to deadlocks in the child.
  pid = os.fork()

[2024-11-22T19:08:04.125+0000] {standard_task_runner.py:72} INFO - Started process 1190 to run task
[2024-11-22T19:08:04.126+0000] {standard_task_runner.py:104} INFO - Running: ['***', 'tasks', 'run', 'fraud_detection', 'process_transaction', 'scheduled__2024-11-22T19:06:00+00:00', '--job-id', '498', '--raw', '--subdir', 'DAGS_FOLDER/fraud_detection_dag.py', '--cfg-path', '/tmp/tmp0dy0bxek']
[2024-11-22T19:08:04.129+0000] {standard_task_runner.py:105} INFO - Job 498: Subtask process_transaction
[2024-11-22T19:08:04.233+0000] {task_command.py:467} INFO - Running <TaskInstance: fraud_detection.process_transaction scheduled__2024-11-22T19:06:00+00:00 [running]> on host c6af8dbaf1e5
[2024-11-22T19:08:04.487+0000] {taskinstance.py:3131} INFO - Exporting env vars: AIRFLOW_CTX_DAG_OWNER='fraud_team' AIRFLOW_CTX_DAG_ID='fraud_detection' AIRFLOW_CTX_TASK_ID='process_transaction' AIRFLOW_CTX_EXECUTION_DATE='2024-11-22T19:06:00+00:00' AIRFLOW_CTX_TRY_NUMBER='1' AIRFLOW_CTX_DAG_RUN_ID='scheduled__2024-11-22T19:06:00+00:00'
[2024-11-22T19:08:04.499+0000] {taskinstance.py:731} INFO - ::endgroup::
[2024-11-22T19:08:04.517+0000] {baseoperator.py:405} WARNING - BranchPythonOperator.execute cannot be called outside TaskInstance!
[2024-11-22T19:08:04.544+0000] {fraud_detection_dag.py:77} INFO - Données récupérées depuis XCom: {"columns":["cc_num","merchant","category","amt","first","last","gender","street","city","state","zip","lat","long","city_pop","job","dob","trans_num","merch_lat","merch_long","is_fraud","current_time"],"index":[470781],"data":[[213112402583773,"fraud_Bechtelar-Rippin","food_dining",98.34,"Ana","Howell","F","4664 Sanchez Common Suite 930","Bradley","SC",29819,34.0326,-82.2027,1523,"Research scientist (physical sciences)","1984-06-03","cc9e4b2a0b8bee28ba3715eb6c135138",33.864813,-81.467642,0,1732302479319]]}
[2024-11-22T19:08:04.545+0000] {fraud_detection_dag.py:85} INFO - Données JSON parsées avec succès
[2024-11-22T19:08:04.550+0000] {fraud_detection_dag.py:89} INFO - DataFrame créé avec 1 lignes
[2024-11-22T19:08:04.552+0000] {fraud_detection_dag.py:93} INFO - Colonnes renommées avec succès
[2024-11-22T19:08:04.553+0000] {fraud_detection_dag.py:94} INFO - Colonnes disponibles: ['cc_num', 'merchant', 'category', 'amt', 'first', 'last', 'gender', 'street', 'city', 'state', 'zip', 'lat', 'long', 'city_pop', 'job', 'dob', 'trans_num', 'merch_lat', 'merch_long', 'is_fraud', 'trans_date_trans_time']
[2024-11-22T19:08:04.570+0000] {fraud_detection_dag.py:98} INFO - Conversion de trans_date_trans_time en unix_time réussie
[2024-11-22T19:08:04.700+0000] {fraud_detection_dag.py:107} INFO - Transformation des données...
[2024-11-22T19:08:06.508+0000] {warnings.py:112} WARNING - /home/***/.local/lib/python3.12/site-packages/sklearn/ensemble/_base.py:172: UserWarning: Loky-backed parallel loops cannot be called in a multiprocessing, setting n_jobs=1
  n_jobs = min(effective_n_jobs(n_jobs), n_estimators)

[2024-11-22T19:08:06.542+0000] {warnings.py:112} WARNING - /home/***/.local/lib/python3.12/site-packages/sklearn/ensemble/_base.py:172: UserWarning: Loky-backed parallel loops cannot be called in a multiprocessing, setting n_jobs=1
  n_jobs = min(effective_n_jobs(n_jobs), n_estimators)

[2024-11-22T19:08:06.554+0000] {fraud_detection_dag.py:119} INFO - Prediction de fraude: NORMAL, Probabilité: 31.60%
[2024-11-22T19:08:06.635+0000] {fraud_detection_dag.py:125} INFO - Prédiction: NORMAL (Probabilité: 31.60%)
[2024-11-22T19:08:06.636+0000] {python.py:240} INFO - Done. Returned value was: notify_normal
[2024-11-22T19:08:06.637+0000] {branch.py:38} INFO - Branch into notify_normal
[2024-11-22T19:08:06.642+0000] {skipmixin.py:230} INFO - Following branch ('notify_normal',)
[2024-11-22T19:08:06.695+0000] {skipmixin.py:278} INFO - Skipping tasks [('skip_processing', -1), ('notify_fraud', -1)]
[2024-11-22T19:08:06.833+0000] {taskinstance.py:340} INFO - ::group::Post task execution logs
[2024-11-22T19:08:06.834+0000] {taskinstance.py:352} INFO - Marking task as SUCCESS. dag_id=fraud_detection, task_id=process_transaction, run_id=scheduled__2024-11-22T19:06:00+00:00, execution_date=20241122T190600, start_date=20241122T190804, end_date=20241122T190806
[2024-11-22T19:08:06.945+0000] {local_task_job_runner.py:266} INFO - Task exited with return code 0
[2024-11-22T19:08:07.067+0000] {taskinstance.py:3900} INFO - 1 downstream tasks scheduled from follow-on schedule check
[2024-11-22T19:08:07.082+0000] {local_task_job_runner.py:245} INFO - ::endgroup::
