[2024-11-24T15:12:24.753+0000] {local_task_job_runner.py:123} INFO - ::group::Pre task execution logs
[2024-11-24T15:12:24.871+0000] {taskinstance.py:2612} INFO - Dependencies all met for dep_context=non-requeueable deps ti=<TaskInstance: fraud_detection.store_normal manual__2024-11-24T15:10:27.461724+00:00 [queued]>
[2024-11-24T15:12:24.946+0000] {taskinstance.py:2612} INFO - Dependencies all met for dep_context=requeueable deps ti=<TaskInstance: fraud_detection.store_normal manual__2024-11-24T15:10:27.461724+00:00 [queued]>
[2024-11-24T15:12:24.947+0000] {taskinstance.py:2865} INFO - Starting attempt 1 of 2
[2024-11-24T15:12:25.063+0000] {taskinstance.py:2888} INFO - Executing <Task(PythonOperator): store_normal> on 2024-11-24 15:10:27.461724+00:00
[2024-11-24T15:12:25.162+0000] {warnings.py:112} WARNING - /home/***/.local/lib/python3.12/site-packages/***/task/task_runner/standard_task_runner.py:70: DeprecationWarning: This process (pid=361) is multi-threaded, use of fork() may lead to deadlocks in the child.
  pid = os.fork()

[2024-11-24T15:12:25.168+0000] {standard_task_runner.py:72} INFO - Started process 378 to run task
[2024-11-24T15:12:25.195+0000] {standard_task_runner.py:104} INFO - Running: ['***', 'tasks', 'run', 'fraud_detection', 'store_normal', 'manual__2024-11-24T15:10:27.461724+00:00', '--job-id', '538', '--raw', '--subdir', 'DAGS_FOLDER/fraud_detection_dag.py', '--cfg-path', '/tmp/tmpj8izlvt2']
[2024-11-24T15:12:25.201+0000] {standard_task_runner.py:105} INFO - Job 538: Subtask store_normal
[2024-11-24T15:12:25.624+0000] {task_command.py:467} INFO - Running <TaskInstance: fraud_detection.store_normal manual__2024-11-24T15:10:27.461724+00:00 [running]> on host 345e92ff26bf
[2024-11-24T15:12:26.101+0000] {taskinstance.py:3131} INFO - Exporting env vars: AIRFLOW_CTX_DAG_OWNER='fraud_team' AIRFLOW_CTX_DAG_ID='fraud_detection' AIRFLOW_CTX_TASK_ID='store_normal' AIRFLOW_CTX_EXECUTION_DATE='2024-11-24T15:10:27.461724+00:00' AIRFLOW_CTX_TRY_NUMBER='1' AIRFLOW_CTX_DAG_RUN_ID='manual__2024-11-24T15:10:27.461724+00:00'
[2024-11-24T15:12:26.110+0000] {taskinstance.py:731} INFO - ::endgroup::
[2024-11-24T15:12:26.228+0000] {fraud_detection_dag.py:235} INFO - Tentative de connexion à Neon...
[2024-11-24T15:12:35.469+0000] {fraud_detection_dag.py:241} INFO - Connexion à Neon réussie!
[2024-11-24T15:12:35.716+0000] {fraud_detection_dag.py:248} INFO - Données reçues pour stockage: {"columns":["cc_num","merchant","category","amt","first","last","gender","street","city","state","zip","lat","long","city_pop","job","dob","trans_num","merch_lat","merch_long","is_fraud","current_time"],"index":[374846],"data":[[2475085306462014,"fraud_Erdman-Ebert","personal_care",70.83,"John","Miller","M","153 Mccullough Springs Apt. 857","Lamberton","MN",56152,44.2378,-95.2739,1507,"Land\/geomatics surveyor","1993-10-12","ba3dc1fb63bfc98e2d6f667ef6c9f02a",43.866583,-95.902228,0,1732461100609]]}
[2024-11-24T15:12:35.721+0000] {fraud_detection_dag.py:257} INFO - JSON parsé avec succès
[2024-11-24T15:12:35.729+0000] {fraud_detection_dag.py:261} INFO - DataFrame créé avec 1 lignes
[2024-11-24T15:12:35.740+0000] {fraud_detection_dag.py:266} INFO - Colonne current_time renommée en trans_date_trans_time
[2024-11-24T15:12:35.754+0000] {fraud_detection_dag.py:270} INFO - Conversion du timestamp réussie
[2024-11-24T15:12:35.849+0000] {fraud_detection_dag.py:274} INFO - Indicateur de fraude récupéré: False
[2024-11-24T15:12:35.852+0000] {fraud_detection_dag.py:278} INFO - Colonne is_fraud mise à jour avec la valeur: False
[2024-11-24T15:12:35.855+0000] {fraud_detection_dag.py:282} INFO - Conversion de is_fraud en boolean réussie
[2024-11-24T15:12:35.856+0000] {fraud_detection_dag.py:285} INFO - Colonnes finales avant stockage: ['cc_num', 'merchant', 'category', 'amt', 'first', 'last', 'gender', 'street', 'city', 'state', 'zip', 'lat', 'long', 'city_pop', 'job', 'dob', 'trans_num', 'merch_lat', 'merch_long', 'is_fraud', 'trans_date_trans_time']
[2024-11-24T15:12:35.860+0000] {fraud_detection_dag.py:286} INFO - Types des données: 
cc_num                            int64
merchant                         object
category                         object
amt                             float64
first                            object
last                             object
gender                           object
street                           object
city                             object
state                            object
zip                               int64
lat                             float64
long                            float64
city_pop                          int64
job                              object
dob                              object
trans_num                        object
merch_lat                       float64
merch_long                      float64
is_fraud                           bool
trans_date_trans_time    datetime64[ns]
dtype: object
[2024-11-24T15:12:35.862+0000] {fraud_detection_dag.py:290} INFO - Stockage dans la table: normal_transactions
[2024-11-24T15:12:36.735+0000] {fraud_detection_dag.py:295} INFO - Données stockées avec succès dans la table normal_transactions
[2024-11-24T15:12:36.738+0000] {python.py:240} INFO - Done. Returned value was: None
[2024-11-24T15:12:36.787+0000] {taskinstance.py:340} INFO - ::group::Post task execution logs
[2024-11-24T15:12:36.788+0000] {taskinstance.py:352} INFO - Marking task as SUCCESS. dag_id=fraud_detection, task_id=store_normal, run_id=manual__2024-11-24T15:10:27.461724+00:00, execution_date=20241124T151027, start_date=20241124T151224, end_date=20241124T151236
[2024-11-24T15:12:36.897+0000] {local_task_job_runner.py:266} INFO - Task exited with return code 0
[2024-11-24T15:12:36.976+0000] {taskinstance.py:3900} INFO - 1 downstream tasks scheduled from follow-on schedule check
[2024-11-24T15:12:36.993+0000] {local_task_job_runner.py:245} INFO - ::endgroup::
