[2024-11-23T17:18:46.879+0000] {local_task_job_runner.py:123} INFO - ::group::Pre task execution logs
[2024-11-23T17:18:46.922+0000] {taskinstance.py:2612} INFO - Dependencies all met for dep_context=non-requeueable deps ti=<TaskInstance: fraud_detection.notify_normal scheduled__2024-11-23T17:17:00+00:00 [queued]>
[2024-11-23T17:18:46.940+0000] {taskinstance.py:2612} INFO - Dependencies all met for dep_context=requeueable deps ti=<TaskInstance: fraud_detection.notify_normal scheduled__2024-11-23T17:17:00+00:00 [queued]>
[2024-11-23T17:18:46.941+0000] {taskinstance.py:2865} INFO - Starting attempt 1 of 2
[2024-11-23T17:18:46.972+0000] {taskinstance.py:2888} INFO - Executing <Task(PythonOperator): notify_normal> on 2024-11-23 17:17:00+00:00
[2024-11-23T17:18:46.996+0000] {warnings.py:112} WARNING - /home/***/.local/lib/python3.12/site-packages/***/task/task_runner/standard_task_runner.py:70: DeprecationWarning: This process (pid=1989) is multi-threaded, use of fork() may lead to deadlocks in the child.
  pid = os.fork()

[2024-11-23T17:18:47.000+0000] {standard_task_runner.py:72} INFO - Started process 2001 to run task
[2024-11-23T17:18:47.001+0000] {standard_task_runner.py:104} INFO - Running: ['***', 'tasks', 'run', 'fraud_detection', 'notify_normal', 'scheduled__2024-11-23T17:17:00+00:00', '--job-id', '199', '--raw', '--subdir', 'DAGS_FOLDER/fraud_detection_dag.py', '--cfg-path', '/tmp/tmpbx00dju0']
[2024-11-23T17:18:47.011+0000] {standard_task_runner.py:105} INFO - Job 199: Subtask notify_normal
[2024-11-23T17:18:47.152+0000] {task_command.py:467} INFO - Running <TaskInstance: fraud_detection.notify_normal scheduled__2024-11-23T17:17:00+00:00 [running]> on host 345e92ff26bf
[2024-11-23T17:18:47.321+0000] {taskinstance.py:3131} INFO - Exporting env vars: AIRFLOW_CTX_DAG_OWNER='fraud_team' AIRFLOW_CTX_DAG_ID='fraud_detection' AIRFLOW_CTX_TASK_ID='notify_normal' AIRFLOW_CTX_EXECUTION_DATE='2024-11-23T17:17:00+00:00' AIRFLOW_CTX_TRY_NUMBER='1' AIRFLOW_CTX_DAG_RUN_ID='scheduled__2024-11-23T17:17:00+00:00'
[2024-11-23T17:18:47.322+0000] {taskinstance.py:731} INFO - ::endgroup::
[2024-11-23T17:18:47.410+0000] {fraud_detection_dag.py:219} INFO - Données de transaction récupérées: {"columns":["cc_num","merchant","category","amt","first","last","gender","street","city","state","zip","lat","long","city_pop","job","dob","trans_num","merch_lat","merch_long","is_fraud","current_time"],"index":[474338],"data":[[4147608975828480,"fraud_Zemlak Group","misc_net",147.58,"Edward","Tapia","M","354 Gutierrez Gateway","Comfrey","MN",56019,44.1111,-94.9134,914,"Health and safety adviser","1944-07-26","4bf08be0134d24f70e02cef3685e033f",45.060962,-95.061692,0,1732382314166]]}
[2024-11-23T17:18:47.412+0000] {fraud_detection_dag.py:220} INFO - Probabilité de fraude: 0.3615638634064841
[2024-11-23T17:18:47.413+0000] {fraud_detection_dag.py:221} INFO - Est une fraude: False
[2024-11-23T17:18:47.419+0000] {fraud_detection_dag.py:281} INFO - Tentative d'envoi d'email normale...
[2024-11-23T17:18:47.420+0000] {fraud_detection_dag.py:282} INFO - Contenu de l'email:

        ✅ Transaction NORMALE détectée!
        
        Statut: Vert
        Probabilité de fraude: 36.16%
        
        Détails de la transaction:
        --------------------------
        ID Transaction: 4bf08be0134d24f70e02cef3685e033f
        Montant: 147.58€
        Date/Heure: 2024-11-23 17:18:34
        
        Informations sur le marchand:
        ----------------------------
        Nom: fraud_Zemlak Group
        Ville: Comfrey
        État: MN
        
        Informations sur le client:
        --------------------------
        Nom: Edward Tapia
        Ville: Comfrey
        
        Cette notification a été générée automatiquement par le système de détection de fraude.
        
[2024-11-23T17:18:50.243+0000] {fraud_detection_dag.py:292} INFO - Email envoyé avec succès
[2024-11-23T17:18:50.244+0000] {python.py:240} INFO - Done. Returned value was: store_normal
[2024-11-23T17:18:50.373+0000] {taskinstance.py:340} INFO - ::group::Post task execution logs
[2024-11-23T17:18:50.374+0000] {taskinstance.py:352} INFO - Marking task as SUCCESS. dag_id=fraud_detection, task_id=notify_normal, run_id=scheduled__2024-11-23T17:17:00+00:00, execution_date=20241123T171700, start_date=20241123T171846, end_date=20241123T171850
[2024-11-23T17:18:50.426+0000] {local_task_job_runner.py:266} INFO - Task exited with return code 0
[2024-11-23T17:18:50.555+0000] {taskinstance.py:3900} INFO - 1 downstream tasks scheduled from follow-on schedule check
[2024-11-23T17:18:50.603+0000] {local_task_job_runner.py:245} INFO - ::endgroup::
