[2024-11-24T15:12:20.491+0000] {local_task_job_runner.py:123} INFO - ::group::Pre task execution logs
[2024-11-24T15:12:20.610+0000] {taskinstance.py:2612} INFO - Dependencies all met for dep_context=non-requeueable deps ti=<TaskInstance: fraud_detection.process_transaction scheduled__2024-11-24T15:10:00+00:00 [queued]>
[2024-11-24T15:12:20.631+0000] {taskinstance.py:2612} INFO - Dependencies all met for dep_context=requeueable deps ti=<TaskInstance: fraud_detection.process_transaction scheduled__2024-11-24T15:10:00+00:00 [queued]>
[2024-11-24T15:12:20.634+0000] {taskinstance.py:2865} INFO - Starting attempt 1 of 2
[2024-11-24T15:12:20.672+0000] {taskinstance.py:2888} INFO - Executing <Task(BranchPythonOperator): process_transaction> on 2024-11-24 15:10:00+00:00
[2024-11-24T15:12:20.693+0000] {warnings.py:112} WARNING - /home/***/.local/lib/python3.12/site-packages/***/task/task_runner/standard_task_runner.py:70: DeprecationWarning: This process (pid=354) is multi-threaded, use of fork() may lead to deadlocks in the child.
  pid = os.fork()

[2024-11-24T15:12:20.695+0000] {standard_task_runner.py:72} INFO - Started process 365 to run task
[2024-11-24T15:12:20.698+0000] {standard_task_runner.py:104} INFO - Running: ['***', 'tasks', 'run', 'fraud_detection', 'process_transaction', 'scheduled__2024-11-24T15:10:00+00:00', '--job-id', '537', '--raw', '--subdir', 'DAGS_FOLDER/fraud_detection_dag.py', '--cfg-path', '/tmp/tmputmp6oqd']
[2024-11-24T15:12:20.707+0000] {standard_task_runner.py:105} INFO - Job 537: Subtask process_transaction
[2024-11-24T15:12:21.093+0000] {task_command.py:467} INFO - Running <TaskInstance: fraud_detection.process_transaction scheduled__2024-11-24T15:10:00+00:00 [running]> on host 345e92ff26bf
[2024-11-24T15:12:21.669+0000] {taskinstance.py:3131} INFO - Exporting env vars: AIRFLOW_CTX_DAG_OWNER='fraud_team' AIRFLOW_CTX_DAG_ID='fraud_detection' AIRFLOW_CTX_TASK_ID='process_transaction' AIRFLOW_CTX_EXECUTION_DATE='2024-11-24T15:10:00+00:00' AIRFLOW_CTX_TRY_NUMBER='1' AIRFLOW_CTX_DAG_RUN_ID='scheduled__2024-11-24T15:10:00+00:00'
[2024-11-24T15:12:21.682+0000] {taskinstance.py:731} INFO - ::endgroup::
[2024-11-24T15:12:21.716+0000] {baseoperator.py:405} WARNING - BranchPythonOperator.execute cannot be called outside TaskInstance!
[2024-11-24T15:12:21.913+0000] {fraud_detection_dag.py:78} INFO - Données récupérées depuis XCom: {"columns":["cc_num","merchant","category","amt","first","last","gender","street","city","state","zip","lat","long","city_pop","job","dob","trans_num","merch_lat","merch_long","is_fraud","current_time"],"index":[167954],"data":[[36722699017270,"fraud_Hyatt-Blick","travel",3.14,"Jessica","Perez","F","8172 Robertson Parkways Suite 072","Superior","AZ",85173,33.2887,-111.0985,2872,"Petroleum engineer","1987-10-28","feef6b972ac14089a89efbe5303f59e3",33.803877,-110.941151,0,1732461132381]]}
[2024-11-24T15:12:21.914+0000] {fraud_detection_dag.py:86} INFO - Données JSON parsées avec succès
[2024-11-24T15:12:21.932+0000] {fraud_detection_dag.py:90} INFO - DataFrame créé avec 1 lignes
[2024-11-24T15:12:21.936+0000] {fraud_detection_dag.py:94} INFO - Colonnes renommées avec succès
[2024-11-24T15:12:21.939+0000] {fraud_detection_dag.py:95} INFO - Colonnes disponibles: ['cc_num', 'merchant', 'category', 'amt', 'first', 'last', 'gender', 'street', 'city', 'state', 'zip', 'lat', 'long', 'city_pop', 'job', 'dob', 'trans_num', 'merch_lat', 'merch_long', 'is_fraud', 'trans_date_trans_time']
[2024-11-24T15:12:21.952+0000] {fraud_detection_dag.py:99} INFO - Conversion de trans_date_trans_time en unix_time réussie
[2024-11-24T15:12:22.089+0000] {fraud_detection_dag.py:108} INFO - Transformation des données...
[2024-11-24T15:12:24.996+0000] {warnings.py:112} WARNING - /home/***/.local/lib/python3.12/site-packages/sklearn/ensemble/_base.py:172: UserWarning: Loky-backed parallel loops cannot be called in a multiprocessing, setting n_jobs=1
  n_jobs = min(effective_n_jobs(n_jobs), n_estimators)

[2024-11-24T15:12:25.060+0000] {warnings.py:112} WARNING - /home/***/.local/lib/python3.12/site-packages/sklearn/ensemble/_base.py:172: UserWarning: Loky-backed parallel loops cannot be called in a multiprocessing, setting n_jobs=1
  n_jobs = min(effective_n_jobs(n_jobs), n_estimators)

[2024-11-24T15:12:25.084+0000] {fraud_detection_dag.py:120} INFO - Prediction de fraude: NORMAL, Probabilité: 37.59%
[2024-11-24T15:12:25.231+0000] {fraud_detection_dag.py:126} INFO - Prédiction: NORMAL (Probabilité: 37.59%)
[2024-11-24T15:12:25.235+0000] {python.py:240} INFO - Done. Returned value was: notify_normal
[2024-11-24T15:12:25.236+0000] {branch.py:38} INFO - Branch into notify_normal
[2024-11-24T15:12:25.237+0000] {skipmixin.py:230} INFO - Following branch ('notify_normal',)
[2024-11-24T15:12:25.399+0000] {skipmixin.py:278} INFO - Skipping tasks [('skip_processing', -1), ('notify_fraud', -1)]
[2024-11-24T15:12:25.670+0000] {taskinstance.py:340} INFO - ::group::Post task execution logs
[2024-11-24T15:12:25.678+0000] {taskinstance.py:352} INFO - Marking task as SUCCESS. dag_id=fraud_detection, task_id=process_transaction, run_id=scheduled__2024-11-24T15:10:00+00:00, execution_date=20241124T151000, start_date=20241124T151220, end_date=20241124T151225
[2024-11-24T15:12:26.167+0000] {local_task_job_runner.py:266} INFO - Task exited with return code 0
[2024-11-24T15:12:26.338+0000] {taskinstance.py:3900} INFO - 0 downstream tasks scheduled from follow-on schedule check
[2024-11-24T15:12:26.358+0000] {local_task_job_runner.py:245} INFO - ::endgroup::
