[2024-11-08T18:21:00.191+0000] {local_task_job_runner.py:123} INFO - ::group::Pre task execution logs
[2024-11-08T18:21:00.233+0000] {taskinstance.py:2612} INFO - Dependencies all met for dep_context=non-requeueable deps ti=<TaskInstance: fraud_detection.process_transaction scheduled__2024-11-08T18:19:00+00:00 [queued]>
[2024-11-08T18:21:00.251+0000] {taskinstance.py:2612} INFO - Dependencies all met for dep_context=requeueable deps ti=<TaskInstance: fraud_detection.process_transaction scheduled__2024-11-08T18:19:00+00:00 [queued]>
[2024-11-08T18:21:00.252+0000] {taskinstance.py:2865} INFO - Starting attempt 1 of 2
[2024-11-08T18:21:00.284+0000] {taskinstance.py:2888} INFO - Executing <Task(BranchPythonOperator): process_transaction> on 2024-11-08 18:19:00+00:00
[2024-11-08T18:21:00.301+0000] {warnings.py:112} WARNING - /home/***/.local/lib/python3.12/site-packages/***/task/task_runner/standard_task_runner.py:70: DeprecationWarning: This process (pid=1098) is multi-threaded, use of fork() may lead to deadlocks in the child.
  pid = os.fork()

[2024-11-08T18:21:00.303+0000] {standard_task_runner.py:72} INFO - Started process 1100 to run task
[2024-11-08T18:21:00.305+0000] {standard_task_runner.py:104} INFO - Running: ['***', 'tasks', 'run', 'fraud_detection', 'process_transaction', 'scheduled__2024-11-08T18:19:00+00:00', '--job-id', '233', '--raw', '--subdir', 'DAGS_FOLDER/fraud_detection_dag.py', '--cfg-path', '/tmp/tmptm4m4ssx']
[2024-11-08T18:21:00.309+0000] {standard_task_runner.py:105} INFO - Job 233: Subtask process_transaction
[2024-11-08T18:21:00.390+0000] {task_command.py:467} INFO - Running <TaskInstance: fraud_detection.process_transaction scheduled__2024-11-08T18:19:00+00:00 [running]> on host 641085defe8e
[2024-11-08T18:21:00.517+0000] {taskinstance.py:3131} INFO - Exporting env vars: AIRFLOW_CTX_DAG_OWNER='fraud_team' AIRFLOW_CTX_DAG_ID='fraud_detection' AIRFLOW_CTX_TASK_ID='process_transaction' AIRFLOW_CTX_EXECUTION_DATE='2024-11-08T18:19:00+00:00' AIRFLOW_CTX_TRY_NUMBER='1' AIRFLOW_CTX_DAG_RUN_ID='scheduled__2024-11-08T18:19:00+00:00'
[2024-11-08T18:21:00.519+0000] {taskinstance.py:731} INFO - ::endgroup::
[2024-11-08T18:21:00.533+0000] {baseoperator.py:405} WARNING - BranchPythonOperator.execute cannot be called outside TaskInstance!
[2024-11-08T18:21:00.549+0000] {fraud_detection_dag.py:77} INFO - Données récupérées depuis XCom: {"columns":["cc_num","merchant","category","amt","first","last","gender","street","city","state","zip","lat","long","city_pop","job","dob","trans_num","merch_lat","merch_long","is_fraud","current_time"],"index":[544252],"data":[[6535328428560433,"fraud_Okuneva, Schneider and Rau","shopping_pos",7.29,"Michelle","Beck","F","2887 Olson Road Suite 439","Minneapolis","MN",55428,45.0632,-93.3811,1022298,"Analytical chemist","1967-10-28","6be81eb5b7242127dda5145ffc8ff233",45.137048,-92.398095,0,1731090056660]]}
[2024-11-08T18:21:00.549+0000] {fraud_detection_dag.py:85} INFO - Données JSON parsées avec succès
[2024-11-08T18:21:00.553+0000] {fraud_detection_dag.py:89} INFO - DataFrame créé avec 1 lignes
[2024-11-08T18:21:00.555+0000] {fraud_detection_dag.py:93} INFO - Colonnes renommées avec succès
[2024-11-08T18:21:00.555+0000] {fraud_detection_dag.py:94} INFO - Colonnes disponibles: ['cc_num', 'merchant', 'category', 'amt', 'first', 'last', 'gender', 'street', 'city', 'state', 'zip', 'lat', 'long', 'city_pop', 'job', 'dob', 'trans_num', 'merch_lat', 'merch_long', 'is_fraud', 'trans_date_trans_time']
[2024-11-08T18:21:00.558+0000] {fraud_detection_dag.py:98} INFO - Conversion de trans_date_trans_time en unix_time réussie
[2024-11-08T18:21:00.591+0000] {fraud_detection_dag.py:107} INFO - Transformation des données...
[2024-11-08T18:21:02.399+0000] {warnings.py:112} WARNING - /home/***/.local/lib/python3.12/site-packages/sklearn/ensemble/_base.py:172: UserWarning: Loky-backed parallel loops cannot be called in a multiprocessing, setting n_jobs=1
  n_jobs = min(effective_n_jobs(n_jobs), n_estimators)

[2024-11-08T18:21:02.433+0000] {warnings.py:112} WARNING - /home/***/.local/lib/python3.12/site-packages/sklearn/ensemble/_base.py:172: UserWarning: Loky-backed parallel loops cannot be called in a multiprocessing, setting n_jobs=1
  n_jobs = min(effective_n_jobs(n_jobs), n_estimators)

[2024-11-08T18:21:02.467+0000] {fraud_detection_dag.py:119} INFO - Prediction de fraude: NORMAL, Probabilité: 38.44%
[2024-11-08T18:21:02.644+0000] {fraud_detection_dag.py:125} INFO - Prédiction: NORMAL (Probabilité: 38.44%)
[2024-11-08T18:21:02.646+0000] {python.py:240} INFO - Done. Returned value was: notify_normal
[2024-11-08T18:21:02.648+0000] {branch.py:38} INFO - Branch into notify_normal
[2024-11-08T18:21:02.650+0000] {skipmixin.py:230} INFO - Following branch ('notify_normal',)
[2024-11-08T18:21:02.678+0000] {skipmixin.py:278} INFO - Skipping tasks [('skip_processing', -1), ('notify_fraud', -1)]
[2024-11-08T18:21:02.803+0000] {taskinstance.py:340} INFO - ::group::Post task execution logs
[2024-11-08T18:21:02.804+0000] {taskinstance.py:352} INFO - Marking task as SUCCESS. dag_id=fraud_detection, task_id=process_transaction, run_id=scheduled__2024-11-08T18:19:00+00:00, execution_date=20241108T181900, start_date=20241108T182100, end_date=20241108T182102
[2024-11-08T18:21:02.980+0000] {local_task_job_runner.py:266} INFO - Task exited with return code 0
[2024-11-08T18:21:03.037+0000] {taskinstance.py:3900} INFO - 1 downstream tasks scheduled from follow-on schedule check
[2024-11-08T18:21:03.056+0000] {local_task_job_runner.py:245} INFO - ::endgroup::
