[2024-11-08T18:33:06.140+0000] {local_task_job_runner.py:123} INFO - ::group::Pre task execution logs
[2024-11-08T18:33:06.253+0000] {taskinstance.py:2612} INFO - Dependencies all met for dep_context=non-requeueable deps ti=<TaskInstance: fraud_detection.store_normal scheduled__2024-11-08T18:31:00+00:00 [queued]>
[2024-11-08T18:33:06.301+0000] {taskinstance.py:2612} INFO - Dependencies all met for dep_context=requeueable deps ti=<TaskInstance: fraud_detection.store_normal scheduled__2024-11-08T18:31:00+00:00 [queued]>
[2024-11-08T18:33:06.302+0000] {taskinstance.py:2865} INFO - Starting attempt 1 of 2
[2024-11-08T18:33:06.457+0000] {taskinstance.py:2888} INFO - Executing <Task(PythonOperator): store_normal> on 2024-11-08 18:31:00+00:00
[2024-11-08T18:33:06.495+0000] {standard_task_runner.py:104} INFO - Running: ['***', 'tasks', 'run', 'fraud_detection', 'store_normal', 'scheduled__2024-11-08T18:31:00+00:00', '--job-id', '297', '--raw', '--subdir', 'DAGS_FOLDER/fraud_detection_dag.py', '--cfg-path', '/tmp/tmpnzjdy4hz']
[2024-11-08T18:33:06.491+0000] {warnings.py:112} WARNING - /home/***/.local/lib/python3.12/site-packages/***/task/task_runner/standard_task_runner.py:70: DeprecationWarning: This process (pid=1579) is multi-threaded, use of fork() may lead to deadlocks in the child.
  pid = os.fork()

[2024-11-08T18:33:06.498+0000] {standard_task_runner.py:105} INFO - Job 297: Subtask store_normal
[2024-11-08T18:33:06.499+0000] {standard_task_runner.py:72} INFO - Started process 1591 to run task
[2024-11-08T18:33:06.749+0000] {task_command.py:467} INFO - Running <TaskInstance: fraud_detection.store_normal scheduled__2024-11-08T18:31:00+00:00 [running]> on host 641085defe8e
[2024-11-08T18:33:07.157+0000] {taskinstance.py:3131} INFO - Exporting env vars: AIRFLOW_CTX_DAG_OWNER='fraud_team' AIRFLOW_CTX_DAG_ID='fraud_detection' AIRFLOW_CTX_TASK_ID='store_normal' AIRFLOW_CTX_EXECUTION_DATE='2024-11-08T18:31:00+00:00' AIRFLOW_CTX_TRY_NUMBER='1' AIRFLOW_CTX_DAG_RUN_ID='scheduled__2024-11-08T18:31:00+00:00'
[2024-11-08T18:33:07.165+0000] {taskinstance.py:731} INFO - ::endgroup::
[2024-11-08T18:33:07.220+0000] {fraud_detection_dag.py:309} INFO - Tentative de connexion à Neon...
[2024-11-08T18:33:12.361+0000] {fraud_detection_dag.py:315} INFO - Connexion à Neon réussie!
[2024-11-08T18:33:12.517+0000] {fraud_detection_dag.py:322} INFO - Données reçues pour stockage: {"columns":["cc_num","merchant","category","amt","first","last","gender","street","city","state","zip","lat","long","city_pop","job","dob","trans_num","merch_lat","merch_long","is_fraud","current_time"],"index":[525962],"data":[[3517527805128735,"fraud_Streich, Rolfson and Wilderman","kids_pets",38.62,"Tracy","Conway","F","6778 Campos Field","Bonfield","IL",60913,41.1573,-88.0619,1617,"Medical secretary","1990-04-25","3918f3e866b7cb371d5bb519fb086ab8",41.859668,-88.79637,0,1731090770238]]}
[2024-11-08T18:33:12.519+0000] {fraud_detection_dag.py:331} INFO - JSON parsé avec succès
[2024-11-08T18:33:12.529+0000] {fraud_detection_dag.py:335} INFO - DataFrame créé avec 1 lignes
[2024-11-08T18:33:12.533+0000] {fraud_detection_dag.py:340} INFO - Colonne current_time renommée en trans_date_trans_time
[2024-11-08T18:33:12.538+0000] {fraud_detection_dag.py:344} INFO - Conversion du timestamp réussie
[2024-11-08T18:33:12.553+0000] {fraud_detection_dag.py:348} INFO - Indicateur de fraude récupéré: False
[2024-11-08T18:33:12.555+0000] {fraud_detection_dag.py:352} INFO - Colonne is_fraud mise à jour avec la valeur: False
[2024-11-08T18:33:12.556+0000] {fraud_detection_dag.py:356} INFO - Conversion de is_fraud en boolean réussie
[2024-11-08T18:33:12.557+0000] {fraud_detection_dag.py:359} INFO - Colonnes finales avant stockage: ['cc_num', 'merchant', 'category', 'amt', 'first', 'last', 'gender', 'street', 'city', 'state', 'zip', 'lat', 'long', 'city_pop', 'job', 'dob', 'trans_num', 'merch_lat', 'merch_long', 'is_fraud', 'trans_date_trans_time']
[2024-11-08T18:33:12.560+0000] {fraud_detection_dag.py:360} INFO - Types des données: 
cc_num                            int64
merchant                         object
category                         object
amt                             float64
first                            object
last                             object
gender                           object
street                           object
city                             object
state                            object
zip                               int64
lat                             float64
long                            float64
city_pop                          int64
job                              object
dob                              object
trans_num                        object
merch_lat                       float64
merch_long                      float64
is_fraud                           bool
trans_date_trans_time    datetime64[ns]
dtype: object
[2024-11-08T18:33:12.562+0000] {fraud_detection_dag.py:364} INFO - Stockage dans la table: normal_transactions
[2024-11-08T18:33:14.822+0000] {fraud_detection_dag.py:369} INFO - Données stockées avec succès dans la table normal_transactions
[2024-11-08T18:33:14.823+0000] {python.py:240} INFO - Done. Returned value was: None
[2024-11-08T18:33:14.859+0000] {taskinstance.py:340} INFO - ::group::Post task execution logs
[2024-11-08T18:33:14.861+0000] {taskinstance.py:352} INFO - Marking task as SUCCESS. dag_id=fraud_detection, task_id=store_normal, run_id=scheduled__2024-11-08T18:31:00+00:00, execution_date=20241108T183100, start_date=20241108T183306, end_date=20241108T183314
[2024-11-08T18:33:14.994+0000] {local_task_job_runner.py:266} INFO - Task exited with return code 0
[2024-11-08T18:33:15.053+0000] {taskinstance.py:3900} INFO - 0 downstream tasks scheduled from follow-on schedule check
[2024-11-08T18:33:15.066+0000] {local_task_job_runner.py:245} INFO - ::endgroup::
