[2024-11-08T18:16:17.465+0000] {local_task_job_runner.py:123} INFO - ::group::Pre task execution logs
[2024-11-08T18:16:17.488+0000] {taskinstance.py:2612} INFO - Dependencies all met for dep_context=non-requeueable deps ti=<TaskInstance: fraud_detection.process_transaction scheduled__2024-11-08T18:14:00+00:00 [queued]>
[2024-11-08T18:16:17.514+0000] {taskinstance.py:2612} INFO - Dependencies all met for dep_context=requeueable deps ti=<TaskInstance: fraud_detection.process_transaction scheduled__2024-11-08T18:14:00+00:00 [queued]>
[2024-11-08T18:16:17.514+0000] {taskinstance.py:2865} INFO - Starting attempt 1 of 2
[2024-11-08T18:16:17.565+0000] {taskinstance.py:2888} INFO - Executing <Task(BranchPythonOperator): process_transaction> on 2024-11-08 18:14:00+00:00
[2024-11-08T18:16:17.587+0000] {standard_task_runner.py:104} INFO - Running: ['***', 'tasks', 'run', 'fraud_detection', 'process_transaction', 'scheduled__2024-11-08T18:14:00+00:00', '--job-id', '208', '--raw', '--subdir', 'DAGS_FOLDER/fraud_detection_dag.py', '--cfg-path', '/tmp/tmpxac8mw55']
[2024-11-08T18:16:17.593+0000] {standard_task_runner.py:105} INFO - Job 208: Subtask process_transaction
[2024-11-08T18:16:17.597+0000] {warnings.py:112} WARNING - /home/***/.local/lib/python3.12/site-packages/***/task/task_runner/standard_task_runner.py:70: DeprecationWarning: This process (pid=917) is multi-threaded, use of fork() may lead to deadlocks in the child.
  pid = os.fork()

[2024-11-08T18:16:17.598+0000] {standard_task_runner.py:72} INFO - Started process 919 to run task
[2024-11-08T18:16:17.963+0000] {task_command.py:467} INFO - Running <TaskInstance: fraud_detection.process_transaction scheduled__2024-11-08T18:14:00+00:00 [running]> on host 641085defe8e
[2024-11-08T18:16:18.415+0000] {taskinstance.py:3131} INFO - Exporting env vars: AIRFLOW_CTX_DAG_OWNER='fraud_team' AIRFLOW_CTX_DAG_ID='fraud_detection' AIRFLOW_CTX_TASK_ID='process_transaction' AIRFLOW_CTX_EXECUTION_DATE='2024-11-08T18:14:00+00:00' AIRFLOW_CTX_TRY_NUMBER='1' AIRFLOW_CTX_DAG_RUN_ID='scheduled__2024-11-08T18:14:00+00:00'
[2024-11-08T18:16:18.422+0000] {taskinstance.py:731} INFO - ::endgroup::
[2024-11-08T18:16:18.478+0000] {baseoperator.py:405} WARNING - BranchPythonOperator.execute cannot be called outside TaskInstance!
[2024-11-08T18:16:18.548+0000] {fraud_detection_dag.py:77} INFO - Données récupérées depuis XCom: {"columns":["cc_num","merchant","category","amt","first","last","gender","street","city","state","zip","lat","long","city_pop","job","dob","trans_num","merch_lat","merch_long","is_fraud","current_time"],"index":[418369],"data":[[630423337322,"fraud_Brekke and Sons","gas_transport",49.48,"Stephanie","Gill","F","43039 Riley Greens Suite 393","Orient","WA",99160,48.8878,-118.2105,149,"Special educational needs teacher","1978-06-21","a1f410afa77d7ab2bd1a0fb28690fdf6",49.375056,-118.857741,0,1731089773181]]}
[2024-11-08T18:16:18.549+0000] {fraud_detection_dag.py:85} INFO - Données JSON parsées avec succès
[2024-11-08T18:16:18.567+0000] {fraud_detection_dag.py:89} INFO - DataFrame créé avec 1 lignes
[2024-11-08T18:16:18.576+0000] {fraud_detection_dag.py:93} INFO - Colonnes renommées avec succès
[2024-11-08T18:16:18.583+0000] {fraud_detection_dag.py:94} INFO - Colonnes disponibles: ['cc_num', 'merchant', 'category', 'amt', 'first', 'last', 'gender', 'street', 'city', 'state', 'zip', 'lat', 'long', 'city_pop', 'job', 'dob', 'trans_num', 'merch_lat', 'merch_long', 'is_fraud', 'trans_date_trans_time']
[2024-11-08T18:16:18.594+0000] {fraud_detection_dag.py:98} INFO - Conversion de trans_date_trans_time en unix_time réussie
[2024-11-08T18:16:18.821+0000] {fraud_detection_dag.py:107} INFO - Transformation des données...
[2024-11-08T18:16:22.357+0000] {warnings.py:112} WARNING - /home/***/.local/lib/python3.12/site-packages/sklearn/ensemble/_base.py:172: UserWarning: Loky-backed parallel loops cannot be called in a multiprocessing, setting n_jobs=1
  n_jobs = min(effective_n_jobs(n_jobs), n_estimators)

[2024-11-08T18:16:22.428+0000] {warnings.py:112} WARNING - /home/***/.local/lib/python3.12/site-packages/sklearn/ensemble/_base.py:172: UserWarning: Loky-backed parallel loops cannot be called in a multiprocessing, setting n_jobs=1
  n_jobs = min(effective_n_jobs(n_jobs), n_estimators)

[2024-11-08T18:16:22.443+0000] {fraud_detection_dag.py:119} INFO - Prediction de fraude: NORMAL, Probabilité: 38.95%
[2024-11-08T18:16:22.598+0000] {fraud_detection_dag.py:125} INFO - Prédiction: NORMAL (Probabilité: 38.95%)
[2024-11-08T18:16:22.599+0000] {python.py:240} INFO - Done. Returned value was: notify_normal
[2024-11-08T18:16:22.600+0000] {branch.py:38} INFO - Branch into notify_normal
[2024-11-08T18:16:22.601+0000] {skipmixin.py:230} INFO - Following branch ('notify_normal',)
[2024-11-08T18:16:22.626+0000] {skipmixin.py:278} INFO - Skipping tasks [('skip_processing', -1), ('notify_fraud', -1)]
[2024-11-08T18:16:22.795+0000] {taskinstance.py:340} INFO - ::group::Post task execution logs
[2024-11-08T18:16:22.796+0000] {taskinstance.py:352} INFO - Marking task as SUCCESS. dag_id=fraud_detection, task_id=process_transaction, run_id=scheduled__2024-11-08T18:14:00+00:00, execution_date=20241108T181400, start_date=20241108T181617, end_date=20241108T181622
[2024-11-08T18:16:23.085+0000] {local_task_job_runner.py:266} INFO - Task exited with return code 0
[2024-11-08T18:16:23.368+0000] {taskinstance.py:3900} INFO - 1 downstream tasks scheduled from follow-on schedule check
[2024-11-08T18:16:23.376+0000] {local_task_job_runner.py:245} INFO - ::endgroup::
