[2024-11-22T18:47:51.569+0000] {local_task_job_runner.py:123} INFO - ::group::Pre task execution logs
[2024-11-22T18:47:51.653+0000] {taskinstance.py:2612} INFO - Dependencies all met for dep_context=non-requeueable deps ti=<TaskInstance: fraud_detection.process_transaction scheduled__2024-11-22T18:45:00+00:00 [queued]>
[2024-11-22T18:47:51.708+0000] {taskinstance.py:2612} INFO - Dependencies all met for dep_context=requeueable deps ti=<TaskInstance: fraud_detection.process_transaction scheduled__2024-11-22T18:45:00+00:00 [queued]>
[2024-11-22T18:47:51.710+0000] {taskinstance.py:2865} INFO - Starting attempt 1 of 2
[2024-11-22T18:47:51.759+0000] {taskinstance.py:2888} INFO - Executing <Task(BranchPythonOperator): process_transaction> on 2024-11-22 18:45:00+00:00
[2024-11-22T18:47:51.785+0000] {warnings.py:112} WARNING - /home/***/.local/lib/python3.12/site-packages/***/task/task_runner/standard_task_runner.py:70: DeprecationWarning: This process (pid=406) is multi-threaded, use of fork() may lead to deadlocks in the child.
  pid = os.fork()

[2024-11-22T18:47:51.787+0000] {standard_task_runner.py:72} INFO - Started process 408 to run task
[2024-11-22T18:47:51.800+0000] {standard_task_runner.py:104} INFO - Running: ['***', 'tasks', 'run', 'fraud_detection', 'process_transaction', 'scheduled__2024-11-22T18:45:00+00:00', '--job-id', '393', '--raw', '--subdir', 'DAGS_FOLDER/fraud_detection_dag.py', '--cfg-path', '/tmp/tmpjsouey_5']
[2024-11-22T18:47:51.807+0000] {standard_task_runner.py:105} INFO - Job 393: Subtask process_transaction
[2024-11-22T18:47:52.373+0000] {task_command.py:467} INFO - Running <TaskInstance: fraud_detection.process_transaction scheduled__2024-11-22T18:45:00+00:00 [running]> on host c6af8dbaf1e5
[2024-11-22T18:47:53.674+0000] {taskinstance.py:3131} INFO - Exporting env vars: AIRFLOW_CTX_DAG_OWNER='fraud_team' AIRFLOW_CTX_DAG_ID='fraud_detection' AIRFLOW_CTX_TASK_ID='process_transaction' AIRFLOW_CTX_EXECUTION_DATE='2024-11-22T18:45:00+00:00' AIRFLOW_CTX_TRY_NUMBER='1' AIRFLOW_CTX_DAG_RUN_ID='scheduled__2024-11-22T18:45:00+00:00'
[2024-11-22T18:47:53.681+0000] {taskinstance.py:731} INFO - ::endgroup::
[2024-11-22T18:47:53.721+0000] {baseoperator.py:405} WARNING - BranchPythonOperator.execute cannot be called outside TaskInstance!
[2024-11-22T18:47:53.769+0000] {fraud_detection_dag.py:77} INFO - Données récupérées depuis XCom: {"columns":["cc_num","merchant","category","amt","first","last","gender","street","city","state","zip","lat","long","city_pop","job","dob","trans_num","merch_lat","merch_long","is_fraud","current_time"],"index":[479629],"data":[[502049568400,"fraud_Spencer PLC","entertainment",62.6,"Daniel","Melton","M","6157 Nichols Mews","Marion","CT",6444,41.7918,-72.7188,370,"Health service manager","1962-02-13","efddcd3e1230ee9f648f514bf13ca000",40.876241,-72.591074,0,1732301256056]]}
[2024-11-22T18:47:53.770+0000] {fraud_detection_dag.py:85} INFO - Données JSON parsées avec succès
[2024-11-22T18:47:53.782+0000] {fraud_detection_dag.py:89} INFO - DataFrame créé avec 1 lignes
[2024-11-22T18:47:53.787+0000] {fraud_detection_dag.py:93} INFO - Colonnes renommées avec succès
[2024-11-22T18:47:53.789+0000] {fraud_detection_dag.py:94} INFO - Colonnes disponibles: ['cc_num', 'merchant', 'category', 'amt', 'first', 'last', 'gender', 'street', 'city', 'state', 'zip', 'lat', 'long', 'city_pop', 'job', 'dob', 'trans_num', 'merch_lat', 'merch_long', 'is_fraud', 'trans_date_trans_time']
[2024-11-22T18:47:53.797+0000] {fraud_detection_dag.py:98} INFO - Conversion de trans_date_trans_time en unix_time réussie
[2024-11-22T18:47:53.901+0000] {fraud_detection_dag.py:107} INFO - Transformation des données...
[2024-11-22T18:47:59.081+0000] {warnings.py:112} WARNING - /home/***/.local/lib/python3.12/site-packages/sklearn/ensemble/_base.py:172: UserWarning: Loky-backed parallel loops cannot be called in a multiprocessing, setting n_jobs=1
  n_jobs = min(effective_n_jobs(n_jobs), n_estimators)

[2024-11-22T18:47:59.350+0000] {warnings.py:112} WARNING - /home/***/.local/lib/python3.12/site-packages/sklearn/ensemble/_base.py:172: UserWarning: Loky-backed parallel loops cannot be called in a multiprocessing, setting n_jobs=1
  n_jobs = min(effective_n_jobs(n_jobs), n_estimators)

[2024-11-22T18:47:59.399+0000] {fraud_detection_dag.py:119} INFO - Prediction de fraude: NORMAL, Probabilité: 36.46%
[2024-11-22T18:47:59.831+0000] {fraud_detection_dag.py:125} INFO - Prédiction: NORMAL (Probabilité: 36.46%)
[2024-11-22T18:47:59.844+0000] {python.py:240} INFO - Done. Returned value was: notify_normal
[2024-11-22T18:47:59.893+0000] {branch.py:38} INFO - Branch into notify_normal
[2024-11-22T18:47:59.900+0000] {skipmixin.py:230} INFO - Following branch ('notify_normal',)
[2024-11-22T18:48:00.454+0000] {skipmixin.py:278} INFO - Skipping tasks [('skip_processing', -1), ('notify_fraud', -1)]
[2024-11-22T18:48:00.868+0000] {taskinstance.py:340} INFO - ::group::Post task execution logs
[2024-11-22T18:48:00.877+0000] {taskinstance.py:352} INFO - Marking task as SUCCESS. dag_id=fraud_detection, task_id=process_transaction, run_id=scheduled__2024-11-22T18:45:00+00:00, execution_date=20241122T184500, start_date=20241122T184751, end_date=20241122T184800
[2024-11-22T18:48:01.029+0000] {local_task_job_runner.py:266} INFO - Task exited with return code 0
[2024-11-22T18:48:01.435+0000] {taskinstance.py:3900} INFO - 1 downstream tasks scheduled from follow-on schedule check
[2024-11-22T18:48:01.476+0000] {local_task_job_runner.py:245} INFO - ::endgroup::
[2024-11-22T18:48:02.365+0000] {standard_task_runner.py:217} INFO - Process not found (most likely exited), stop collecting metrics
