[2024-11-24T15:17:07.193+0000] {local_task_job_runner.py:123} INFO - ::group::Pre task execution logs
[2024-11-24T15:17:07.313+0000] {taskinstance.py:2612} INFO - Dependencies all met for dep_context=non-requeueable deps ti=<TaskInstance: fraud_detection.load_dependencies scheduled__2024-11-24T15:16:00+00:00 [queued]>
[2024-11-24T15:17:07.408+0000] {taskinstance.py:2612} INFO - Dependencies all met for dep_context=requeueable deps ti=<TaskInstance: fraud_detection.load_dependencies scheduled__2024-11-24T15:16:00+00:00 [queued]>
[2024-11-24T15:17:07.409+0000] {taskinstance.py:2865} INFO - Starting attempt 1 of 2
[2024-11-24T15:17:07.563+0000] {taskinstance.py:2888} INFO - Executing <Task(PythonOperator): load_dependencies> on 2024-11-24 15:16:00+00:00
[2024-11-24T15:17:07.596+0000] {warnings.py:112} WARNING - /home/***/.local/lib/python3.12/site-packages/***/task/task_runner/standard_task_runner.py:70: DeprecationWarning: This process (pid=758) is multi-threaded, use of fork() may lead to deadlocks in the child.
  pid = os.fork()

[2024-11-24T15:17:07.598+0000] {standard_task_runner.py:72} INFO - Started process 768 to run task
[2024-11-24T15:17:07.599+0000] {standard_task_runner.py:104} INFO - Running: ['***', 'tasks', 'run', 'fraud_detection', 'load_dependencies', 'scheduled__2024-11-24T15:16:00+00:00', '--job-id', '577', '--raw', '--subdir', 'DAGS_FOLDER/fraud_detection_dag.py', '--cfg-path', '/tmp/tmpyexh27_i']
[2024-11-24T15:17:07.604+0000] {standard_task_runner.py:105} INFO - Job 577: Subtask load_dependencies
[2024-11-24T15:17:08.041+0000] {task_command.py:467} INFO - Running <TaskInstance: fraud_detection.load_dependencies scheduled__2024-11-24T15:16:00+00:00 [running]> on host 345e92ff26bf
[2024-11-24T15:17:08.756+0000] {taskinstance.py:3131} INFO - Exporting env vars: AIRFLOW_CTX_DAG_OWNER='fraud_team' AIRFLOW_CTX_DAG_ID='fraud_detection' AIRFLOW_CTX_TASK_ID='load_dependencies' AIRFLOW_CTX_EXECUTION_DATE='2024-11-24T15:16:00+00:00' AIRFLOW_CTX_TRY_NUMBER='1' AIRFLOW_CTX_DAG_RUN_ID='scheduled__2024-11-24T15:16:00+00:00'
[2024-11-24T15:17:08.777+0000] {taskinstance.py:731} INFO - ::endgroup::
[2024-11-24T15:17:08.829+0000] {fraud_detection_dag.py:27} INFO - Chargement des dépendances depuis S3...
[2024-11-24T15:17:43.240+0000] {fraud_detection_dag.py:43} INFO - Modèle chargé avec succès
[2024-11-24T15:17:44.897+0000] {fraud_detection_dag.py:48} INFO - ETL chargé avec succès
[2024-11-24T15:17:45.045+0000] {python.py:240} INFO - Done. Returned value was: True
[2024-11-24T15:17:45.224+0000] {taskinstance.py:340} INFO - ::group::Post task execution logs
[2024-11-24T15:17:45.225+0000] {taskinstance.py:352} INFO - Marking task as SUCCESS. dag_id=fraud_detection, task_id=load_dependencies, run_id=scheduled__2024-11-24T15:16:00+00:00, execution_date=20241124T151600, start_date=20241124T151707, end_date=20241124T151745
[2024-11-24T15:17:45.283+0000] {local_task_job_runner.py:266} INFO - Task exited with return code 0
[2024-11-24T15:17:45.350+0000] {taskinstance.py:3900} INFO - 1 downstream tasks scheduled from follow-on schedule check
[2024-11-24T15:17:45.358+0000] {local_task_job_runner.py:245} INFO - ::endgroup::
