[2024-11-02T23:45:16.524+0000] {local_task_job_runner.py:123} INFO - ::group::Pre task execution logs
[2024-11-02T23:45:16.567+0000] {taskinstance.py:2612} INFO - Dependencies all met for dep_context=non-requeueable deps ti=<TaskInstance: fraud_backup.perform_backup manual__2024-11-02T23:45:13.807307+00:00 [queued]>
[2024-11-02T23:45:16.608+0000] {taskinstance.py:2612} INFO - Dependencies all met for dep_context=requeueable deps ti=<TaskInstance: fraud_backup.perform_backup manual__2024-11-02T23:45:13.807307+00:00 [queued]>
[2024-11-02T23:45:16.609+0000] {taskinstance.py:2865} INFO - Starting attempt 1 of 2
[2024-11-02T23:45:16.658+0000] {taskinstance.py:2888} INFO - Executing <Task(PythonOperator): perform_backup> on 2024-11-02 23:45:13.807307+00:00
[2024-11-02T23:45:16.673+0000] {warnings.py:112} WARNING - /home/***/.local/lib/python3.12/site-packages/***/task/task_runner/standard_task_runner.py:70: DeprecationWarning: This process (pid=1258) is multi-threaded, use of fork() may lead to deadlocks in the child.
  pid = os.fork()

[2024-11-02T23:45:16.676+0000] {standard_task_runner.py:72} INFO - Started process 1260 to run task
[2024-11-02T23:45:16.681+0000] {standard_task_runner.py:104} INFO - Running: ['***', 'tasks', 'run', 'fraud_backup', 'perform_backup', 'manual__2024-11-02T23:45:13.807307+00:00', '--job-id', '88', '--raw', '--subdir', 'DAGS_FOLDER/backup_dag.py', '--cfg-path', '/tmp/tmpsnx0cm9y']
[2024-11-02T23:45:16.684+0000] {standard_task_runner.py:105} INFO - Job 88: Subtask perform_backup
[2024-11-02T23:45:16.951+0000] {task_command.py:467} INFO - Running <TaskInstance: fraud_backup.perform_backup manual__2024-11-02T23:45:13.807307+00:00 [running]> on host 713744f3b6c0
[2024-11-02T23:45:17.166+0000] {taskinstance.py:3131} INFO - Exporting env vars: AIRFLOW_CTX_DAG_OWNER='fraud_team' AIRFLOW_CTX_DAG_ID='fraud_backup' AIRFLOW_CTX_TASK_ID='perform_backup' AIRFLOW_CTX_EXECUTION_DATE='2024-11-02T23:45:13.807307+00:00' AIRFLOW_CTX_TRY_NUMBER='1' AIRFLOW_CTX_DAG_RUN_ID='manual__2024-11-02T23:45:13.807307+00:00'
[2024-11-02T23:45:17.174+0000] {taskinstance.py:731} INFO - ::endgroup::
[2024-11-02T23:45:24.765+0000] {backup_dag.py:54} INFO - Récupération des transactions frauduleuses...
[2024-11-02T23:45:25.474+0000] {backup_dag.py:57} INFO - Récupération des transactions normales...
[2024-11-02T23:45:26.777+0000] {backup_dag.py:66} WARNING - Pas de données à sauvegarder pour les 30 derniers jours
[2024-11-02T23:45:26.778+0000] {python.py:240} INFO - Done. Returned value was: None
[2024-11-02T23:45:26.798+0000] {taskinstance.py:340} INFO - ::group::Post task execution logs
[2024-11-02T23:45:26.798+0000] {taskinstance.py:352} INFO - Marking task as SUCCESS. dag_id=fraud_backup, task_id=perform_backup, run_id=manual__2024-11-02T23:45:13.807307+00:00, execution_date=20241102T234513, start_date=20241102T234516, end_date=20241102T234526
[2024-11-02T23:45:26.837+0000] {local_task_job_runner.py:266} INFO - Task exited with return code 0
[2024-11-02T23:45:26.860+0000] {taskinstance.py:3900} INFO - 0 downstream tasks scheduled from follow-on schedule check
[2024-11-02T23:45:26.863+0000] {local_task_job_runner.py:245} INFO - ::endgroup::
