[2024-11-23T17:20:29.850+0000] {local_task_job_runner.py:123} INFO - ::group::Pre task execution logs
[2024-11-23T17:20:29.918+0000] {taskinstance.py:2612} INFO - Dependencies all met for dep_context=non-requeueable deps ti=<TaskInstance: fraud_detection.process_transaction scheduled__2024-11-23T17:19:00+00:00 [queued]>
[2024-11-23T17:20:29.932+0000] {taskinstance.py:2612} INFO - Dependencies all met for dep_context=requeueable deps ti=<TaskInstance: fraud_detection.process_transaction scheduled__2024-11-23T17:19:00+00:00 [queued]>
[2024-11-23T17:20:29.933+0000] {taskinstance.py:2865} INFO - Starting attempt 1 of 2
[2024-11-23T17:20:29.965+0000] {taskinstance.py:2888} INFO - Executing <Task(BranchPythonOperator): process_transaction> on 2024-11-23 17:19:00+00:00
[2024-11-23T17:20:30.122+0000] {standard_task_runner.py:104} INFO - Running: ['***', 'tasks', 'run', 'fraud_detection', 'process_transaction', 'scheduled__2024-11-23T17:19:00+00:00', '--job-id', '210', '--raw', '--subdir', 'DAGS_FOLDER/fraud_detection_dag.py', '--cfg-path', '/tmp/tmp7lut3vca']
[2024-11-23T17:20:30.132+0000] {warnings.py:112} WARNING - /home/***/.local/lib/python3.12/site-packages/***/task/task_runner/standard_task_runner.py:70: DeprecationWarning: This process (pid=2106) is multi-threaded, use of fork() may lead to deadlocks in the child.
  pid = os.fork()

[2024-11-23T17:20:30.133+0000] {standard_task_runner.py:72} INFO - Started process 2111 to run task
[2024-11-23T17:20:30.128+0000] {standard_task_runner.py:105} INFO - Job 210: Subtask process_transaction
[2024-11-23T17:20:30.693+0000] {task_command.py:467} INFO - Running <TaskInstance: fraud_detection.process_transaction scheduled__2024-11-23T17:19:00+00:00 [running]> on host 345e92ff26bf
[2024-11-23T17:20:31.333+0000] {taskinstance.py:3131} INFO - Exporting env vars: AIRFLOW_CTX_DAG_OWNER='fraud_team' AIRFLOW_CTX_DAG_ID='fraud_detection' AIRFLOW_CTX_TASK_ID='process_transaction' AIRFLOW_CTX_EXECUTION_DATE='2024-11-23T17:19:00+00:00' AIRFLOW_CTX_TRY_NUMBER='1' AIRFLOW_CTX_DAG_RUN_ID='scheduled__2024-11-23T17:19:00+00:00'
[2024-11-23T17:20:31.335+0000] {taskinstance.py:731} INFO - ::endgroup::
[2024-11-23T17:20:31.459+0000] {baseoperator.py:405} WARNING - BranchPythonOperator.execute cannot be called outside TaskInstance!
[2024-11-23T17:20:31.498+0000] {fraud_detection_dag.py:78} INFO - Données récupérées depuis XCom: {"columns":["cc_num","merchant","category","amt","first","last","gender","street","city","state","zip","lat","long","city_pop","job","dob","trans_num","merch_lat","merch_long","is_fraud","current_time"],"index":[199777],"data":[[36153880429415,"fraud_Zemlak, Tillman and Cremin","personal_care",56.03,"Erik","Stevens","M","84033 Pitts Overpass","Lakeland","FL",33809,28.1762,-81.9591,237282,"Plant breeder\/geneticist","1949-10-13","90e3fccdbd54b2865782dbdb7bb5345f",28.556588,-81.584665,0,1732382425561]]}
[2024-11-23T17:20:31.499+0000] {fraud_detection_dag.py:86} INFO - Données JSON parsées avec succès
[2024-11-23T17:20:31.504+0000] {fraud_detection_dag.py:90} INFO - DataFrame créé avec 1 lignes
[2024-11-23T17:20:31.507+0000] {fraud_detection_dag.py:94} INFO - Colonnes renommées avec succès
[2024-11-23T17:20:31.508+0000] {fraud_detection_dag.py:95} INFO - Colonnes disponibles: ['cc_num', 'merchant', 'category', 'amt', 'first', 'last', 'gender', 'street', 'city', 'state', 'zip', 'lat', 'long', 'city_pop', 'job', 'dob', 'trans_num', 'merch_lat', 'merch_long', 'is_fraud', 'trans_date_trans_time']
[2024-11-23T17:20:31.513+0000] {fraud_detection_dag.py:99} INFO - Conversion de trans_date_trans_time en unix_time réussie
[2024-11-23T17:20:31.622+0000] {fraud_detection_dag.py:108} INFO - Transformation des données...
[2024-11-23T17:20:33.352+0000] {warnings.py:112} WARNING - /home/***/.local/lib/python3.12/site-packages/sklearn/ensemble/_base.py:172: UserWarning: Loky-backed parallel loops cannot be called in a multiprocessing, setting n_jobs=1
  n_jobs = min(effective_n_jobs(n_jobs), n_estimators)

[2024-11-23T17:20:33.394+0000] {warnings.py:112} WARNING - /home/***/.local/lib/python3.12/site-packages/sklearn/ensemble/_base.py:172: UserWarning: Loky-backed parallel loops cannot be called in a multiprocessing, setting n_jobs=1
  n_jobs = min(effective_n_jobs(n_jobs), n_estimators)

[2024-11-23T17:20:33.406+0000] {fraud_detection_dag.py:120} INFO - Prediction de fraude: NORMAL, Probabilité: 25.51%
[2024-11-23T17:20:33.578+0000] {fraud_detection_dag.py:126} INFO - Prédiction: NORMAL (Probabilité: 25.51%)
[2024-11-23T17:20:33.579+0000] {python.py:240} INFO - Done. Returned value was: notify_normal
[2024-11-23T17:20:33.581+0000] {branch.py:38} INFO - Branch into notify_normal
[2024-11-23T17:20:33.582+0000] {skipmixin.py:230} INFO - Following branch ('notify_normal',)
[2024-11-23T17:20:33.617+0000] {skipmixin.py:278} INFO - Skipping tasks [('notify_fraud', -1), ('skip_processing', -1)]
[2024-11-23T17:20:33.702+0000] {taskinstance.py:340} INFO - ::group::Post task execution logs
[2024-11-23T17:20:33.705+0000] {taskinstance.py:352} INFO - Marking task as SUCCESS. dag_id=fraud_detection, task_id=process_transaction, run_id=scheduled__2024-11-23T17:19:00+00:00, execution_date=20241123T171900, start_date=20241123T172029, end_date=20241123T172033
[2024-11-23T17:20:33.860+0000] {local_task_job_runner.py:266} INFO - Task exited with return code 0
[2024-11-23T17:20:34.230+0000] {taskinstance.py:3900} INFO - 1 downstream tasks scheduled from follow-on schedule check
[2024-11-23T17:20:34.284+0000] {local_task_job_runner.py:245} INFO - ::endgroup::
