[2024-11-24T15:17:56.622+0000] {local_task_job_runner.py:123} INFO - ::group::Pre task execution logs
[2024-11-24T15:17:56.693+0000] {taskinstance.py:2612} INFO - Dependencies all met for dep_context=non-requeueable deps ti=<TaskInstance: fraud_detection.store_normal manual__2024-11-24T15:16:32.852927+00:00 [queued]>
[2024-11-24T15:17:56.707+0000] {taskinstance.py:2612} INFO - Dependencies all met for dep_context=requeueable deps ti=<TaskInstance: fraud_detection.store_normal manual__2024-11-24T15:16:32.852927+00:00 [queued]>
[2024-11-24T15:17:56.710+0000] {taskinstance.py:2865} INFO - Starting attempt 1 of 2
[2024-11-24T15:17:56.731+0000] {taskinstance.py:2888} INFO - Executing <Task(PythonOperator): store_normal> on 2024-11-24 15:16:32.852927+00:00
[2024-11-24T15:17:56.766+0000] {warnings.py:112} WARNING - /home/***/.local/lib/python3.12/site-packages/***/task/task_runner/standard_task_runner.py:70: DeprecationWarning: This process (pid=838) is multi-threaded, use of fork() may lead to deadlocks in the child.
  pid = os.fork()

[2024-11-24T15:17:56.775+0000] {standard_task_runner.py:72} INFO - Started process 846 to run task
[2024-11-24T15:17:56.776+0000] {standard_task_runner.py:104} INFO - Running: ['***', 'tasks', 'run', 'fraud_detection', 'store_normal', 'manual__2024-11-24T15:16:32.852927+00:00', '--job-id', '586', '--raw', '--subdir', 'DAGS_FOLDER/fraud_detection_dag.py', '--cfg-path', '/tmp/tmppzii_a_i']
[2024-11-24T15:17:56.784+0000] {standard_task_runner.py:105} INFO - Job 586: Subtask store_normal
[2024-11-24T15:17:56.994+0000] {task_command.py:467} INFO - Running <TaskInstance: fraud_detection.store_normal manual__2024-11-24T15:16:32.852927+00:00 [running]> on host 345e92ff26bf
[2024-11-24T15:17:57.260+0000] {taskinstance.py:3131} INFO - Exporting env vars: AIRFLOW_CTX_DAG_OWNER='fraud_team' AIRFLOW_CTX_DAG_ID='fraud_detection' AIRFLOW_CTX_TASK_ID='store_normal' AIRFLOW_CTX_EXECUTION_DATE='2024-11-24T15:16:32.852927+00:00' AIRFLOW_CTX_TRY_NUMBER='1' AIRFLOW_CTX_DAG_RUN_ID='manual__2024-11-24T15:16:32.852927+00:00'
[2024-11-24T15:17:57.266+0000] {taskinstance.py:731} INFO - ::endgroup::
[2024-11-24T15:17:57.294+0000] {fraud_detection_dag.py:235} INFO - Tentative de connexion à Neon...
[2024-11-24T15:18:06.799+0000] {fraud_detection_dag.py:241} INFO - Connexion à Neon réussie!
[2024-11-24T15:18:07.040+0000] {fraud_detection_dag.py:248} INFO - Données reçues pour stockage: {"columns":["cc_num","merchant","category","amt","first","last","gender","street","city","state","zip","lat","long","city_pop","job","dob","trans_num","merch_lat","merch_long","is_fraud","current_time"],"index":[8493],"data":[[377993105397617,"fraud_Kunze, Larkin and Mayert","travel",1.12,"Nathan","Martinez","M","586 Thomas Cliffs","Oconto Falls","WI",54154,44.8755,-88.1555,5548,"Mining engineer","1975-09-11","dc7f0974fac6e225435e85abe8699b56",44.615643,-88.977619,0,1732461448391]]}
[2024-11-24T15:18:07.042+0000] {fraud_detection_dag.py:257} INFO - JSON parsé avec succès
[2024-11-24T15:18:07.053+0000] {fraud_detection_dag.py:261} INFO - DataFrame créé avec 1 lignes
[2024-11-24T15:18:07.060+0000] {fraud_detection_dag.py:266} INFO - Colonne current_time renommée en trans_date_trans_time
[2024-11-24T15:18:07.067+0000] {fraud_detection_dag.py:270} INFO - Conversion du timestamp réussie
[2024-11-24T15:18:07.087+0000] {fraud_detection_dag.py:274} INFO - Indicateur de fraude récupéré: False
[2024-11-24T15:18:07.089+0000] {fraud_detection_dag.py:278} INFO - Colonne is_fraud mise à jour avec la valeur: False
[2024-11-24T15:18:07.090+0000] {fraud_detection_dag.py:282} INFO - Conversion de is_fraud en boolean réussie
[2024-11-24T15:18:07.096+0000] {fraud_detection_dag.py:285} INFO - Colonnes finales avant stockage: ['cc_num', 'merchant', 'category', 'amt', 'first', 'last', 'gender', 'street', 'city', 'state', 'zip', 'lat', 'long', 'city_pop', 'job', 'dob', 'trans_num', 'merch_lat', 'merch_long', 'is_fraud', 'trans_date_trans_time']
[2024-11-24T15:18:07.099+0000] {fraud_detection_dag.py:286} INFO - Types des données: 
cc_num                            int64
merchant                         object
category                         object
amt                             float64
first                            object
last                             object
gender                           object
street                           object
city                             object
state                            object
zip                               int64
lat                             float64
long                            float64
city_pop                          int64
job                              object
dob                              object
trans_num                        object
merch_lat                       float64
merch_long                      float64
is_fraud                           bool
trans_date_trans_time    datetime64[ns]
dtype: object
[2024-11-24T15:18:07.100+0000] {fraud_detection_dag.py:290} INFO - Stockage dans la table: normal_transactions
[2024-11-24T15:18:07.596+0000] {fraud_detection_dag.py:295} INFO - Données stockées avec succès dans la table normal_transactions
[2024-11-24T15:18:07.598+0000] {python.py:240} INFO - Done. Returned value was: None
[2024-11-24T15:18:07.629+0000] {taskinstance.py:340} INFO - ::group::Post task execution logs
[2024-11-24T15:18:07.629+0000] {taskinstance.py:352} INFO - Marking task as SUCCESS. dag_id=fraud_detection, task_id=store_normal, run_id=manual__2024-11-24T15:16:32.852927+00:00, execution_date=20241124T151632, start_date=20241124T151756, end_date=20241124T151807
[2024-11-24T15:18:07.708+0000] {local_task_job_runner.py:266} INFO - Task exited with return code 0
[2024-11-24T15:18:07.752+0000] {taskinstance.py:3900} INFO - 1 downstream tasks scheduled from follow-on schedule check
[2024-11-24T15:18:07.799+0000] {local_task_job_runner.py:245} INFO - ::endgroup::
