[2024-11-23T16:57:16.647+0000] {local_task_job_runner.py:123} INFO - ::group::Pre task execution logs
[2024-11-23T16:57:16.782+0000] {taskinstance.py:2612} INFO - Dependencies all met for dep_context=non-requeueable deps ti=<TaskInstance: fraud_detection.notify_normal scheduled__2024-11-23T16:55:00+00:00 [queued]>
[2024-11-23T16:57:16.933+0000] {taskinstance.py:2612} INFO - Dependencies all met for dep_context=requeueable deps ti=<TaskInstance: fraud_detection.notify_normal scheduled__2024-11-23T16:55:00+00:00 [queued]>
[2024-11-23T16:57:16.935+0000] {taskinstance.py:2865} INFO - Starting attempt 1 of 2
[2024-11-23T16:57:17.014+0000] {taskinstance.py:2888} INFO - Executing <Task(PythonOperator): notify_normal> on 2024-11-23 16:55:00+00:00
[2024-11-23T16:57:17.042+0000] {warnings.py:112} WARNING - /home/***/.local/lib/python3.12/site-packages/***/task/task_runner/standard_task_runner.py:70: DeprecationWarning: This process (pid=550) is multi-threaded, use of fork() may lead to deadlocks in the child.
  pid = os.fork()

[2024-11-23T16:57:17.048+0000] {standard_task_runner.py:72} INFO - Started process 559 to run task
[2024-11-23T16:57:17.058+0000] {standard_task_runner.py:104} INFO - Running: ['***', 'tasks', 'run', 'fraud_detection', 'notify_normal', 'scheduled__2024-11-23T16:55:00+00:00', '--job-id', '57', '--raw', '--subdir', 'DAGS_FOLDER/fraud_detection_dag.py', '--cfg-path', '/tmp/tmpttqc_jpl']
[2024-11-23T16:57:17.078+0000] {standard_task_runner.py:105} INFO - Job 57: Subtask notify_normal
[2024-11-23T16:57:17.365+0000] {task_command.py:467} INFO - Running <TaskInstance: fraud_detection.notify_normal scheduled__2024-11-23T16:55:00+00:00 [running]> on host 345e92ff26bf
[2024-11-23T16:57:17.858+0000] {taskinstance.py:3131} INFO - Exporting env vars: AIRFLOW_CTX_DAG_OWNER='fraud_team' AIRFLOW_CTX_DAG_ID='fraud_detection' AIRFLOW_CTX_TASK_ID='notify_normal' AIRFLOW_CTX_EXECUTION_DATE='2024-11-23T16:55:00+00:00' AIRFLOW_CTX_TRY_NUMBER='1' AIRFLOW_CTX_DAG_RUN_ID='scheduled__2024-11-23T16:55:00+00:00'
[2024-11-23T16:57:17.864+0000] {taskinstance.py:731} INFO - ::endgroup::
[2024-11-23T16:57:18.106+0000] {fraud_detection_dag.py:219} INFO - Données de transaction récupérées: {"columns":["cc_num","merchant","category","amt","first","last","gender","street","city","state","zip","lat","long","city_pop","job","dob","trans_num","merch_lat","merch_long","is_fraud","current_time"],"index":[58122],"data":[[3583635130604947,"fraud_Eichmann-Kilback","home",44.92,"Crystal","Gamble","F","899 Michele View Suite 960","Philadelphia","PA",19149,40.0369,-75.0664,1526206,"Structural engineer","1985-01-01","f71bcd7eae776d11d2ce05199e2e84b7",39.516047,-74.938111,0,1732381015176]]}
[2024-11-23T16:57:18.109+0000] {fraud_detection_dag.py:220} INFO - Probabilité de fraude: 0.24624009322731039
[2024-11-23T16:57:18.110+0000] {fraud_detection_dag.py:221} INFO - Est une fraude: False
[2024-11-23T16:57:18.121+0000] {fraud_detection_dag.py:281} INFO - Tentative d'envoi d'email normale...
[2024-11-23T16:57:18.121+0000] {fraud_detection_dag.py:282} INFO - Contenu de l'email:

        ✅ Transaction NORMALE détectée!
        
        Statut: Vert
        Probabilité de fraude: 24.62%
        
        Détails de la transaction:
        --------------------------
        ID Transaction: f71bcd7eae776d11d2ce05199e2e84b7
        Montant: 44.92€
        Date/Heure: 2024-11-23 16:56:55
        
        Informations sur le marchand:
        ----------------------------
        Nom: fraud_Eichmann-Kilback
        Ville: Philadelphia
        État: PA
        
        Informations sur le client:
        --------------------------
        Nom: Crystal Gamble
        Ville: Philadelphia
        
        Cette notification a été générée automatiquement par le système de détection de fraude.
        
[2024-11-23T16:57:22.309+0000] {fraud_detection_dag.py:292} INFO - Email envoyé avec succès
[2024-11-23T16:57:22.313+0000] {python.py:240} INFO - Done. Returned value was: store_normal
[2024-11-23T16:57:22.409+0000] {taskinstance.py:340} INFO - ::group::Post task execution logs
[2024-11-23T16:57:22.411+0000] {taskinstance.py:352} INFO - Marking task as SUCCESS. dag_id=fraud_detection, task_id=notify_normal, run_id=scheduled__2024-11-23T16:55:00+00:00, execution_date=20241123T165500, start_date=20241123T165716, end_date=20241123T165722
[2024-11-23T16:57:22.477+0000] {local_task_job_runner.py:266} INFO - Task exited with return code 0
[2024-11-23T16:57:22.526+0000] {taskinstance.py:3900} INFO - 1 downstream tasks scheduled from follow-on schedule check
[2024-11-23T16:57:22.543+0000] {local_task_job_runner.py:245} INFO - ::endgroup::
