[2024-11-23T16:54:53.746+0000] {local_task_job_runner.py:123} INFO - ::group::Pre task execution logs
[2024-11-23T16:54:53.816+0000] {taskinstance.py:2612} INFO - Dependencies all met for dep_context=non-requeueable deps ti=<TaskInstance: fraud_detection.process_transaction scheduled__2024-11-23T16:53:00+00:00 [queued]>
[2024-11-23T16:54:53.836+0000] {taskinstance.py:2612} INFO - Dependencies all met for dep_context=requeueable deps ti=<TaskInstance: fraud_detection.process_transaction scheduled__2024-11-23T16:53:00+00:00 [queued]>
[2024-11-23T16:54:53.837+0000] {taskinstance.py:2865} INFO - Starting attempt 1 of 2
[2024-11-23T16:54:53.940+0000] {taskinstance.py:2888} INFO - Executing <Task(BranchPythonOperator): process_transaction> on 2024-11-23 16:53:00+00:00
[2024-11-23T16:54:53.985+0000] {warnings.py:112} WARNING - /home/***/.local/lib/python3.12/site-packages/***/task/task_runner/standard_task_runner.py:70: DeprecationWarning: This process (pid=424) is multi-threaded, use of fork() may lead to deadlocks in the child.
  pid = os.fork()

[2024-11-23T16:54:53.990+0000] {standard_task_runner.py:104} INFO - Running: ['***', 'tasks', 'run', 'fraud_detection', 'process_transaction', 'scheduled__2024-11-23T16:53:00+00:00', '--job-id', '44', '--raw', '--subdir', 'DAGS_FOLDER/fraud_detection_dag.py', '--cfg-path', '/tmp/tmpw9alobw9']
[2024-11-23T16:54:53.996+0000] {standard_task_runner.py:72} INFO - Started process 429 to run task
[2024-11-23T16:54:53.997+0000] {standard_task_runner.py:105} INFO - Job 44: Subtask process_transaction
[2024-11-23T16:54:54.282+0000] {task_command.py:467} INFO - Running <TaskInstance: fraud_detection.process_transaction scheduled__2024-11-23T16:53:00+00:00 [running]> on host 345e92ff26bf
[2024-11-23T16:54:54.647+0000] {taskinstance.py:3131} INFO - Exporting env vars: AIRFLOW_CTX_DAG_OWNER='fraud_team' AIRFLOW_CTX_DAG_ID='fraud_detection' AIRFLOW_CTX_TASK_ID='process_transaction' AIRFLOW_CTX_EXECUTION_DATE='2024-11-23T16:53:00+00:00' AIRFLOW_CTX_TRY_NUMBER='1' AIRFLOW_CTX_DAG_RUN_ID='scheduled__2024-11-23T16:53:00+00:00'
[2024-11-23T16:54:54.654+0000] {taskinstance.py:731} INFO - ::endgroup::
[2024-11-23T16:54:54.681+0000] {baseoperator.py:405} WARNING - BranchPythonOperator.execute cannot be called outside TaskInstance!
[2024-11-23T16:54:54.713+0000] {fraud_detection_dag.py:78} INFO - Données récupérées depuis XCom: {"columns":["cc_num","merchant","category","amt","first","last","gender","street","city","state","zip","lat","long","city_pop","job","dob","trans_num","merch_lat","merch_long","is_fraud","current_time"],"index":[490248],"data":[[6597888193422452,"fraud_Daugherty, Pouros and Beahan","shopping_pos",9.94,"Bill","Lane","M","4725 Hurst Curve Apt. 634","Holliday","TX",76366,33.6751,-98.6576,2317,"Chief Technology Officer","1964-08-23","926764c348d84193e6bc4dd914a59e0e",32.985259,-98.199579,0,1732380888989]]}
[2024-11-23T16:54:54.714+0000] {fraud_detection_dag.py:86} INFO - Données JSON parsées avec succès
[2024-11-23T16:54:54.751+0000] {fraud_detection_dag.py:90} INFO - DataFrame créé avec 1 lignes
[2024-11-23T16:54:54.756+0000] {fraud_detection_dag.py:94} INFO - Colonnes renommées avec succès
[2024-11-23T16:54:54.757+0000] {fraud_detection_dag.py:95} INFO - Colonnes disponibles: ['cc_num', 'merchant', 'category', 'amt', 'first', 'last', 'gender', 'street', 'city', 'state', 'zip', 'lat', 'long', 'city_pop', 'job', 'dob', 'trans_num', 'merch_lat', 'merch_long', 'is_fraud', 'trans_date_trans_time']
[2024-11-23T16:54:54.763+0000] {fraud_detection_dag.py:99} INFO - Conversion de trans_date_trans_time en unix_time réussie
[2024-11-23T16:54:54.903+0000] {fraud_detection_dag.py:108} INFO - Transformation des données...
[2024-11-23T16:54:56.226+0000] {warnings.py:112} WARNING - /home/***/.local/lib/python3.12/site-packages/sklearn/ensemble/_base.py:172: UserWarning: Loky-backed parallel loops cannot be called in a multiprocessing, setting n_jobs=1
  n_jobs = min(effective_n_jobs(n_jobs), n_estimators)

[2024-11-23T16:54:56.265+0000] {warnings.py:112} WARNING - /home/***/.local/lib/python3.12/site-packages/sklearn/ensemble/_base.py:172: UserWarning: Loky-backed parallel loops cannot be called in a multiprocessing, setting n_jobs=1
  n_jobs = min(effective_n_jobs(n_jobs), n_estimators)

[2024-11-23T16:54:56.273+0000] {fraud_detection_dag.py:120} INFO - Prediction de fraude: NORMAL, Probabilité: 37.49%
[2024-11-23T16:54:56.364+0000] {fraud_detection_dag.py:126} INFO - Prédiction: NORMAL (Probabilité: 37.49%)
[2024-11-23T16:54:56.371+0000] {python.py:240} INFO - Done. Returned value was: notify_normal
[2024-11-23T16:54:56.372+0000] {branch.py:38} INFO - Branch into notify_normal
[2024-11-23T16:54:56.373+0000] {skipmixin.py:230} INFO - Following branch ('notify_normal',)
[2024-11-23T16:54:56.394+0000] {skipmixin.py:278} INFO - Skipping tasks [('notify_fraud', -1), ('skip_processing', -1)]
[2024-11-23T16:54:56.508+0000] {taskinstance.py:340} INFO - ::group::Post task execution logs
[2024-11-23T16:54:56.513+0000] {taskinstance.py:352} INFO - Marking task as SUCCESS. dag_id=fraud_detection, task_id=process_transaction, run_id=scheduled__2024-11-23T16:53:00+00:00, execution_date=20241123T165300, start_date=20241123T165453, end_date=20241123T165456
[2024-11-23T16:54:56.603+0000] {local_task_job_runner.py:266} INFO - Task exited with return code 0
[2024-11-23T16:54:56.723+0000] {taskinstance.py:3900} INFO - 1 downstream tasks scheduled from follow-on schedule check
[2024-11-23T16:54:56.734+0000] {local_task_job_runner.py:245} INFO - ::endgroup::
