[2024-11-23T17:13:55.268+0000] {local_task_job_runner.py:123} INFO - ::group::Pre task execution logs
[2024-11-23T17:13:55.312+0000] {taskinstance.py:2612} INFO - Dependencies all met for dep_context=non-requeueable deps ti=<TaskInstance: fraud_detection.notify_normal scheduled__2024-11-23T17:12:00+00:00 [queued]>
[2024-11-23T17:13:55.333+0000] {taskinstance.py:2612} INFO - Dependencies all met for dep_context=requeueable deps ti=<TaskInstance: fraud_detection.notify_normal scheduled__2024-11-23T17:12:00+00:00 [queued]>
[2024-11-23T17:13:55.337+0000] {taskinstance.py:2865} INFO - Starting attempt 1 of 2
[2024-11-23T17:13:55.375+0000] {taskinstance.py:2888} INFO - Executing <Task(PythonOperator): notify_normal> on 2024-11-23 17:12:00+00:00
[2024-11-23T17:13:55.398+0000] {warnings.py:112} WARNING - /home/***/.local/lib/python3.12/site-packages/***/task/task_runner/standard_task_runner.py:70: DeprecationWarning: This process (pid=1687) is multi-threaded, use of fork() may lead to deadlocks in the child.
  pid = os.fork()

[2024-11-23T17:13:55.402+0000] {standard_task_runner.py:72} INFO - Started process 1692 to run task
[2024-11-23T17:13:55.405+0000] {standard_task_runner.py:104} INFO - Running: ['***', 'tasks', 'run', 'fraud_detection', 'notify_normal', 'scheduled__2024-11-23T17:12:00+00:00', '--job-id', '169', '--raw', '--subdir', 'DAGS_FOLDER/fraud_detection_dag.py', '--cfg-path', '/tmp/tmp9m36imry']
[2024-11-23T17:13:55.413+0000] {standard_task_runner.py:105} INFO - Job 169: Subtask notify_normal
[2024-11-23T17:13:55.597+0000] {task_command.py:467} INFO - Running <TaskInstance: fraud_detection.notify_normal scheduled__2024-11-23T17:12:00+00:00 [running]> on host 345e92ff26bf
[2024-11-23T17:13:55.865+0000] {taskinstance.py:3131} INFO - Exporting env vars: AIRFLOW_CTX_DAG_OWNER='fraud_team' AIRFLOW_CTX_DAG_ID='fraud_detection' AIRFLOW_CTX_TASK_ID='notify_normal' AIRFLOW_CTX_EXECUTION_DATE='2024-11-23T17:12:00+00:00' AIRFLOW_CTX_TRY_NUMBER='1' AIRFLOW_CTX_DAG_RUN_ID='scheduled__2024-11-23T17:12:00+00:00'
[2024-11-23T17:13:55.869+0000] {taskinstance.py:731} INFO - ::endgroup::
[2024-11-23T17:13:55.962+0000] {fraud_detection_dag.py:219} INFO - Données de transaction récupérées: {"columns":["cc_num","merchant","category","amt","first","last","gender","street","city","state","zip","lat","long","city_pop","job","dob","trans_num","merch_lat","merch_long","is_fraud","current_time"],"index":[277819],"data":[[4170689372027579,"fraud_Connelly, Reichert and Fritsch","gas_transport",75.17,"Samuel","Frey","M","830 Myers Plaza Apt. 384","Edmond","OK",73034,35.6665,-97.4798,116001,"Media buyer","1993-05-10","bc4c39e3d10d505f31c02780641e7d8e",35.459927,-96.68055,0,1732382023697]]}
[2024-11-23T17:13:55.962+0000] {fraud_detection_dag.py:220} INFO - Probabilité de fraude: 0.35878120813730674
[2024-11-23T17:13:55.964+0000] {fraud_detection_dag.py:221} INFO - Est une fraude: False
[2024-11-23T17:13:55.973+0000] {fraud_detection_dag.py:281} INFO - Tentative d'envoi d'email normale...
[2024-11-23T17:13:55.974+0000] {fraud_detection_dag.py:282} INFO - Contenu de l'email:

        ✅ Transaction NORMALE détectée!
        
        Statut: Vert
        Probabilité de fraude: 35.88%
        
        Détails de la transaction:
        --------------------------
        ID Transaction: bc4c39e3d10d505f31c02780641e7d8e
        Montant: 75.17€
        Date/Heure: 2024-11-23 17:13:43
        
        Informations sur le marchand:
        ----------------------------
        Nom: fraud_Connelly, Reichert and Fritsch
        Ville: Edmond
        État: OK
        
        Informations sur le client:
        --------------------------
        Nom: Samuel Frey
        Ville: Edmond
        
        Cette notification a été générée automatiquement par le système de détection de fraude.
        
[2024-11-23T17:13:58.410+0000] {fraud_detection_dag.py:292} INFO - Email envoyé avec succès
[2024-11-23T17:13:58.412+0000] {python.py:240} INFO - Done. Returned value was: store_normal
[2024-11-23T17:13:58.518+0000] {taskinstance.py:340} INFO - ::group::Post task execution logs
[2024-11-23T17:13:58.518+0000] {taskinstance.py:352} INFO - Marking task as SUCCESS. dag_id=fraud_detection, task_id=notify_normal, run_id=scheduled__2024-11-23T17:12:00+00:00, execution_date=20241123T171200, start_date=20241123T171355, end_date=20241123T171358
[2024-11-23T17:13:58.576+0000] {local_task_job_runner.py:266} INFO - Task exited with return code 0
[2024-11-23T17:13:58.667+0000] {taskinstance.py:3900} INFO - 1 downstream tasks scheduled from follow-on schedule check
[2024-11-23T17:13:58.676+0000] {local_task_job_runner.py:245} INFO - ::endgroup::
