[2024-11-24T15:19:44.707+0000] {local_task_job_runner.py:123} INFO - ::group::Pre task execution logs
[2024-11-24T15:19:44.779+0000] {taskinstance.py:2612} INFO - Dependencies all met for dep_context=non-requeueable deps ti=<TaskInstance: fraud_detection.notify_normal scheduled__2024-11-24T15:18:00+00:00 [queued]>
[2024-11-24T15:19:44.796+0000] {taskinstance.py:2612} INFO - Dependencies all met for dep_context=requeueable deps ti=<TaskInstance: fraud_detection.notify_normal scheduled__2024-11-24T15:18:00+00:00 [queued]>
[2024-11-24T15:19:44.797+0000] {taskinstance.py:2865} INFO - Starting attempt 1 of 2
[2024-11-24T15:19:44.815+0000] {taskinstance.py:2888} INFO - Executing <Task(PythonOperator): notify_normal> on 2024-11-24 15:18:00+00:00
[2024-11-24T15:19:44.847+0000] {warnings.py:112} WARNING - /home/***/.local/lib/python3.12/site-packages/***/task/task_runner/standard_task_runner.py:70: DeprecationWarning: This process (pid=990) is multi-threaded, use of fork() may lead to deadlocks in the child.
  pid = os.fork()

[2024-11-24T15:19:44.853+0000] {standard_task_runner.py:72} INFO - Started process 996 to run task
[2024-11-24T15:19:44.867+0000] {standard_task_runner.py:104} INFO - Running: ['***', 'tasks', 'run', 'fraud_detection', 'notify_normal', 'scheduled__2024-11-24T15:18:00+00:00', '--job-id', '601', '--raw', '--subdir', 'DAGS_FOLDER/fraud_detection_dag.py', '--cfg-path', '/tmp/tmpxwyx0sdk']
[2024-11-24T15:19:44.885+0000] {standard_task_runner.py:105} INFO - Job 601: Subtask notify_normal
[2024-11-24T15:19:45.045+0000] {task_command.py:467} INFO - Running <TaskInstance: fraud_detection.notify_normal scheduled__2024-11-24T15:18:00+00:00 [running]> on host 345e92ff26bf
[2024-11-24T15:19:45.387+0000] {taskinstance.py:3131} INFO - Exporting env vars: AIRFLOW_CTX_DAG_OWNER='fraud_team' AIRFLOW_CTX_DAG_ID='fraud_detection' AIRFLOW_CTX_TASK_ID='notify_normal' AIRFLOW_CTX_EXECUTION_DATE='2024-11-24T15:18:00+00:00' AIRFLOW_CTX_TRY_NUMBER='1' AIRFLOW_CTX_DAG_RUN_ID='scheduled__2024-11-24T15:18:00+00:00'
[2024-11-24T15:19:45.392+0000] {taskinstance.py:731} INFO - ::endgroup::
[2024-11-24T15:19:45.595+0000] {fraud_detection_dag.py:144} INFO - Données de transaction récupérées: {"columns":["cc_num","merchant","category","amt","first","last","gender","street","city","state","zip","lat","long","city_pop","job","dob","trans_num","merch_lat","merch_long","is_fraud","current_time"],"index":[435891],"data":[[3577794103155425,"fraud_Leannon-Ward","food_dining",41.68,"Mary","Humphrey","F","9853 Flynn Hollow Apt. 602","Reynolds","ND",58275,47.7068,-97.2092,733,"Visual merchandiser","1994-11-12","ecbaed568322922b1a21d4849bf5111f",47.378643,-96.714384,0,1732461574776]]}
[2024-11-24T15:19:45.596+0000] {fraud_detection_dag.py:145} INFO - Probabilité de fraude: 0.37837605245105216
[2024-11-24T15:19:45.597+0000] {fraud_detection_dag.py:146} INFO - Est une fraude: False
[2024-11-24T15:19:45.609+0000] {fraud_detection_dag.py:206} INFO - Tentative d'envoi d'email normale...
[2024-11-24T15:19:45.610+0000] {fraud_detection_dag.py:207} INFO - Contenu de l'email:

        ✅ Transaction NORMALE détectée!
        
        Statut: Vert
        Probabilité de fraude: 37.84%
        
        Détails de la transaction:
        --------------------------
        ID Transaction: ecbaed568322922b1a21d4849bf5111f
        Montant: 41.68€
        Date/Heure: 2024-11-24 15:19:34
        
        Informations sur le marchand:
        ----------------------------
        Nom: fraud_Leannon-Ward
        Ville: Reynolds
        État: ND
        
        Informations sur le client:
        --------------------------
        Nom: Mary Humphrey
        Ville: Reynolds
        
        Cette notification a été générée automatiquement par le système de détection de fraude.
        
[2024-11-24T15:19:48.019+0000] {fraud_detection_dag.py:217} INFO - Email envoyé avec succès
[2024-11-24T15:19:48.021+0000] {python.py:240} INFO - Done. Returned value was: store_normal
[2024-11-24T15:19:48.142+0000] {taskinstance.py:340} INFO - ::group::Post task execution logs
[2024-11-24T15:19:48.145+0000] {taskinstance.py:352} INFO - Marking task as SUCCESS. dag_id=fraud_detection, task_id=notify_normal, run_id=scheduled__2024-11-24T15:18:00+00:00, execution_date=20241124T151800, start_date=20241124T151944, end_date=20241124T151948
[2024-11-24T15:19:48.221+0000] {local_task_job_runner.py:266} INFO - Task exited with return code 0
[2024-11-24T15:19:48.439+0000] {taskinstance.py:3900} INFO - 1 downstream tasks scheduled from follow-on schedule check
[2024-11-24T15:19:48.457+0000] {local_task_job_runner.py:245} INFO - ::endgroup::
