[2024-11-08T18:31:03.887+0000] {local_task_job_runner.py:123} INFO - ::group::Pre task execution logs
[2024-11-08T18:31:03.959+0000] {taskinstance.py:2612} INFO - Dependencies all met for dep_context=non-requeueable deps ti=<TaskInstance: fraud_detection.process_transaction scheduled__2024-11-08T18:29:00+00:00 [queued]>
[2024-11-08T18:31:03.987+0000] {taskinstance.py:2612} INFO - Dependencies all met for dep_context=requeueable deps ti=<TaskInstance: fraud_detection.process_transaction scheduled__2024-11-08T18:29:00+00:00 [queued]>
[2024-11-08T18:31:03.987+0000] {taskinstance.py:2865} INFO - Starting attempt 1 of 2
[2024-11-08T18:31:04.019+0000] {taskinstance.py:2888} INFO - Executing <Task(BranchPythonOperator): process_transaction> on 2024-11-08 18:29:00+00:00
[2024-11-08T18:31:04.041+0000] {warnings.py:112} WARNING - /home/***/.local/lib/python3.12/site-packages/***/task/task_runner/standard_task_runner.py:70: DeprecationWarning: This process (pid=1493) is multi-threaded, use of fork() may lead to deadlocks in the child.
  pid = os.fork()

[2024-11-08T18:31:04.050+0000] {standard_task_runner.py:72} INFO - Started process 1497 to run task
[2024-11-08T18:31:04.048+0000] {standard_task_runner.py:104} INFO - Running: ['***', 'tasks', 'run', 'fraud_detection', 'process_transaction', 'scheduled__2024-11-08T18:29:00+00:00', '--job-id', '285', '--raw', '--subdir', 'DAGS_FOLDER/fraud_detection_dag.py', '--cfg-path', '/tmp/tmpayfj3f7m']
[2024-11-08T18:31:04.059+0000] {standard_task_runner.py:105} INFO - Job 285: Subtask process_transaction
[2024-11-08T18:31:04.181+0000] {task_command.py:467} INFO - Running <TaskInstance: fraud_detection.process_transaction scheduled__2024-11-08T18:29:00+00:00 [running]> on host 641085defe8e
[2024-11-08T18:31:04.335+0000] {taskinstance.py:3131} INFO - Exporting env vars: AIRFLOW_CTX_DAG_OWNER='fraud_team' AIRFLOW_CTX_DAG_ID='fraud_detection' AIRFLOW_CTX_TASK_ID='process_transaction' AIRFLOW_CTX_EXECUTION_DATE='2024-11-08T18:29:00+00:00' AIRFLOW_CTX_TRY_NUMBER='1' AIRFLOW_CTX_DAG_RUN_ID='scheduled__2024-11-08T18:29:00+00:00'
[2024-11-08T18:31:04.337+0000] {taskinstance.py:731} INFO - ::endgroup::
[2024-11-08T18:31:04.362+0000] {baseoperator.py:405} WARNING - BranchPythonOperator.execute cannot be called outside TaskInstance!
[2024-11-08T18:31:04.385+0000] {fraud_detection_dag.py:77} INFO - Données récupérées depuis XCom: {"columns":["cc_num","merchant","category","amt","first","last","gender","street","city","state","zip","lat","long","city_pop","job","dob","trans_num","merch_lat","merch_long","is_fraud","current_time"],"index":[36962],"data":[[2291163933867244,"fraud_Schumm PLC","shopping_net",24.13,"Jeff","Elliott","M","351 Darlene Green","Columbia","SC",29209,33.9659,-80.9355,333497,"Mechanical engineer","1968-03-19","05d53b259738481d2f0c870dc5a6f410",34.716227,-81.679333,0,1731090660084]]}
[2024-11-08T18:31:04.386+0000] {fraud_detection_dag.py:85} INFO - Données JSON parsées avec succès
[2024-11-08T18:31:04.391+0000] {fraud_detection_dag.py:89} INFO - DataFrame créé avec 1 lignes
[2024-11-08T18:31:04.394+0000] {fraud_detection_dag.py:93} INFO - Colonnes renommées avec succès
[2024-11-08T18:31:04.395+0000] {fraud_detection_dag.py:94} INFO - Colonnes disponibles: ['cc_num', 'merchant', 'category', 'amt', 'first', 'last', 'gender', 'street', 'city', 'state', 'zip', 'lat', 'long', 'city_pop', 'job', 'dob', 'trans_num', 'merch_lat', 'merch_long', 'is_fraud', 'trans_date_trans_time']
[2024-11-08T18:31:04.400+0000] {fraud_detection_dag.py:98} INFO - Conversion de trans_date_trans_time en unix_time réussie
[2024-11-08T18:31:04.439+0000] {fraud_detection_dag.py:107} INFO - Transformation des données...
[2024-11-08T18:31:05.740+0000] {warnings.py:112} WARNING - /home/***/.local/lib/python3.12/site-packages/sklearn/ensemble/_base.py:172: UserWarning: Loky-backed parallel loops cannot be called in a multiprocessing, setting n_jobs=1
  n_jobs = min(effective_n_jobs(n_jobs), n_estimators)

[2024-11-08T18:31:05.757+0000] {warnings.py:112} WARNING - /home/***/.local/lib/python3.12/site-packages/sklearn/ensemble/_base.py:172: UserWarning: Loky-backed parallel loops cannot be called in a multiprocessing, setting n_jobs=1
  n_jobs = min(effective_n_jobs(n_jobs), n_estimators)

[2024-11-08T18:31:05.768+0000] {fraud_detection_dag.py:119} INFO - Prediction de fraude: NORMAL, Probabilité: 39.57%
[2024-11-08T18:31:05.854+0000] {fraud_detection_dag.py:125} INFO - Prédiction: NORMAL (Probabilité: 39.57%)
[2024-11-08T18:31:05.857+0000] {python.py:240} INFO - Done. Returned value was: notify_normal
[2024-11-08T18:31:05.858+0000] {branch.py:38} INFO - Branch into notify_normal
[2024-11-08T18:31:05.858+0000] {skipmixin.py:230} INFO - Following branch ('notify_normal',)
[2024-11-08T18:31:05.879+0000] {skipmixin.py:278} INFO - Skipping tasks [('skip_processing', -1), ('notify_fraud', -1)]
[2024-11-08T18:31:05.973+0000] {taskinstance.py:340} INFO - ::group::Post task execution logs
[2024-11-08T18:31:05.975+0000] {taskinstance.py:352} INFO - Marking task as SUCCESS. dag_id=fraud_detection, task_id=process_transaction, run_id=scheduled__2024-11-08T18:29:00+00:00, execution_date=20241108T182900, start_date=20241108T183103, end_date=20241108T183105
[2024-11-08T18:31:06.047+0000] {local_task_job_runner.py:266} INFO - Task exited with return code 0
[2024-11-08T18:31:06.128+0000] {taskinstance.py:3900} INFO - 1 downstream tasks scheduled from follow-on schedule check
[2024-11-08T18:31:06.135+0000] {local_task_job_runner.py:245} INFO - ::endgroup::
