[2024-11-23T17:12:04.369+0000] {local_task_job_runner.py:123} INFO - ::group::Pre task execution logs
[2024-11-23T17:12:04.402+0000] {taskinstance.py:2612} INFO - Dependencies all met for dep_context=non-requeueable deps ti=<TaskInstance: fraud_detection.load_dependencies scheduled__2024-11-23T17:11:00+00:00 [queued]>
[2024-11-23T17:12:04.424+0000] {taskinstance.py:2612} INFO - Dependencies all met for dep_context=requeueable deps ti=<TaskInstance: fraud_detection.load_dependencies scheduled__2024-11-23T17:11:00+00:00 [queued]>
[2024-11-23T17:12:04.424+0000] {taskinstance.py:2865} INFO - Starting attempt 1 of 2
[2024-11-23T17:12:04.456+0000] {taskinstance.py:2888} INFO - Executing <Task(PythonOperator): load_dependencies> on 2024-11-23 17:11:00+00:00
[2024-11-23T17:12:04.480+0000] {warnings.py:112} WARNING - /home/***/.local/lib/python3.12/site-packages/***/task/task_runner/standard_task_runner.py:70: DeprecationWarning: This process (pid=1578) is multi-threaded, use of fork() may lead to deadlocks in the child.
  pid = os.fork()

[2024-11-23T17:12:04.483+0000] {standard_task_runner.py:72} INFO - Started process 1583 to run task
[2024-11-23T17:12:04.486+0000] {standard_task_runner.py:104} INFO - Running: ['***', 'tasks', 'run', 'fraud_detection', 'load_dependencies', 'scheduled__2024-11-23T17:11:00+00:00', '--job-id', '159', '--raw', '--subdir', 'DAGS_FOLDER/fraud_detection_dag.py', '--cfg-path', '/tmp/tmpwy2l6fb9']
[2024-11-23T17:12:04.490+0000] {standard_task_runner.py:105} INFO - Job 159: Subtask load_dependencies
[2024-11-23T17:12:04.597+0000] {task_command.py:467} INFO - Running <TaskInstance: fraud_detection.load_dependencies scheduled__2024-11-23T17:11:00+00:00 [running]> on host 345e92ff26bf
[2024-11-23T17:12:04.781+0000] {taskinstance.py:3131} INFO - Exporting env vars: AIRFLOW_CTX_DAG_OWNER='fraud_team' AIRFLOW_CTX_DAG_ID='fraud_detection' AIRFLOW_CTX_TASK_ID='load_dependencies' AIRFLOW_CTX_EXECUTION_DATE='2024-11-23T17:11:00+00:00' AIRFLOW_CTX_TRY_NUMBER='1' AIRFLOW_CTX_DAG_RUN_ID='scheduled__2024-11-23T17:11:00+00:00'
[2024-11-23T17:12:04.783+0000] {taskinstance.py:731} INFO - ::endgroup::
[2024-11-23T17:12:04.812+0000] {fraud_detection_dag.py:27} INFO - Chargement des dépendances depuis S3...
[2024-11-23T17:12:32.361+0000] {fraud_detection_dag.py:43} INFO - Modèle chargé avec succès
[2024-11-23T17:12:33.766+0000] {fraud_detection_dag.py:48} INFO - ETL chargé avec succès
[2024-11-23T17:12:33.860+0000] {python.py:240} INFO - Done. Returned value was: True
[2024-11-23T17:12:33.931+0000] {taskinstance.py:340} INFO - ::group::Post task execution logs
[2024-11-23T17:12:33.932+0000] {taskinstance.py:352} INFO - Marking task as SUCCESS. dag_id=fraud_detection, task_id=load_dependencies, run_id=scheduled__2024-11-23T17:11:00+00:00, execution_date=20241123T171100, start_date=20241123T171204, end_date=20241123T171233
[2024-11-23T17:12:34.048+0000] {local_task_job_runner.py:266} INFO - Task exited with return code 0
[2024-11-23T17:12:34.103+0000] {taskinstance.py:3900} INFO - 1 downstream tasks scheduled from follow-on schedule check
[2024-11-23T17:12:34.110+0000] {local_task_job_runner.py:245} INFO - ::endgroup::
