[2024-11-23T17:12:52.280+0000] {local_task_job_runner.py:123} INFO - ::group::Pre task execution logs
[2024-11-23T17:12:52.353+0000] {taskinstance.py:2612} INFO - Dependencies all met for dep_context=non-requeueable deps ti=<TaskInstance: fraud_detection.notify_normal scheduled__2024-11-23T17:11:00+00:00 [queued]>
[2024-11-23T17:12:52.388+0000] {taskinstance.py:2612} INFO - Dependencies all met for dep_context=requeueable deps ti=<TaskInstance: fraud_detection.notify_normal scheduled__2024-11-23T17:11:00+00:00 [queued]>
[2024-11-23T17:12:52.389+0000] {taskinstance.py:2865} INFO - Starting attempt 1 of 2
[2024-11-23T17:12:52.426+0000] {taskinstance.py:2888} INFO - Executing <Task(PythonOperator): notify_normal> on 2024-11-23 17:11:00+00:00
[2024-11-23T17:12:52.449+0000] {warnings.py:112} WARNING - /home/***/.local/lib/python3.12/site-packages/***/task/task_runner/standard_task_runner.py:70: DeprecationWarning: This process (pid=1622) is multi-threaded, use of fork() may lead to deadlocks in the child.
  pid = os.fork()

[2024-11-23T17:12:52.451+0000] {standard_task_runner.py:72} INFO - Started process 1627 to run task
[2024-11-23T17:12:52.452+0000] {standard_task_runner.py:104} INFO - Running: ['***', 'tasks', 'run', 'fraud_detection', 'notify_normal', 'scheduled__2024-11-23T17:11:00+00:00', '--job-id', '163', '--raw', '--subdir', 'DAGS_FOLDER/fraud_detection_dag.py', '--cfg-path', '/tmp/tmp6_0xq_o2']
[2024-11-23T17:12:52.456+0000] {standard_task_runner.py:105} INFO - Job 163: Subtask notify_normal
[2024-11-23T17:12:52.585+0000] {task_command.py:467} INFO - Running <TaskInstance: fraud_detection.notify_normal scheduled__2024-11-23T17:11:00+00:00 [running]> on host 345e92ff26bf
[2024-11-23T17:12:52.970+0000] {taskinstance.py:3131} INFO - Exporting env vars: AIRFLOW_CTX_DAG_OWNER='fraud_team' AIRFLOW_CTX_DAG_ID='fraud_detection' AIRFLOW_CTX_TASK_ID='notify_normal' AIRFLOW_CTX_EXECUTION_DATE='2024-11-23T17:11:00+00:00' AIRFLOW_CTX_TRY_NUMBER='1' AIRFLOW_CTX_DAG_RUN_ID='scheduled__2024-11-23T17:11:00+00:00'
[2024-11-23T17:12:52.973+0000] {taskinstance.py:731} INFO - ::endgroup::
[2024-11-23T17:12:53.100+0000] {fraud_detection_dag.py:219} INFO - Données de transaction récupérées: {"columns":["cc_num","merchant","category","amt","first","last","gender","street","city","state","zip","lat","long","city_pop","job","dob","trans_num","merch_lat","merch_long","is_fraud","current_time"],"index":[429863],"data":[[4716561796955522,"fraud_Kuvalis Ltd","gas_transport",89.37,"Lauren","Anderson","F","11014 Chad Lake Apt. 573","Heart Butte","MT",59448,48.2777,-112.8456,743,"Water engineer","1972-05-04","f0c66d86c2224265f5139cbddeecb268",48.382677,-111.957408,0,1732381962594]]}
[2024-11-23T17:12:53.102+0000] {fraud_detection_dag.py:220} INFO - Probabilité de fraude: 0.39109794617673965
[2024-11-23T17:12:53.103+0000] {fraud_detection_dag.py:221} INFO - Est une fraude: False
[2024-11-23T17:12:53.122+0000] {fraud_detection_dag.py:281} INFO - Tentative d'envoi d'email normale...
[2024-11-23T17:12:53.123+0000] {fraud_detection_dag.py:282} INFO - Contenu de l'email:

        ✅ Transaction NORMALE détectée!
        
        Statut: Vert
        Probabilité de fraude: 39.11%
        
        Détails de la transaction:
        --------------------------
        ID Transaction: f0c66d86c2224265f5139cbddeecb268
        Montant: 89.37€
        Date/Heure: 2024-11-23 17:12:42
        
        Informations sur le marchand:
        ----------------------------
        Nom: fraud_Kuvalis Ltd
        Ville: Heart Butte
        État: MT
        
        Informations sur le client:
        --------------------------
        Nom: Lauren Anderson
        Ville: Heart Butte
        
        Cette notification a été générée automatiquement par le système de détection de fraude.
        
[2024-11-23T17:12:56.366+0000] {fraud_detection_dag.py:292} INFO - Email envoyé avec succès
[2024-11-23T17:12:56.368+0000] {python.py:240} INFO - Done. Returned value was: store_normal
[2024-11-23T17:12:56.514+0000] {taskinstance.py:340} INFO - ::group::Post task execution logs
[2024-11-23T17:12:56.515+0000] {taskinstance.py:352} INFO - Marking task as SUCCESS. dag_id=fraud_detection, task_id=notify_normal, run_id=scheduled__2024-11-23T17:11:00+00:00, execution_date=20241123T171100, start_date=20241123T171252, end_date=20241123T171256
[2024-11-23T17:12:56.642+0000] {local_task_job_runner.py:266} INFO - Task exited with return code 0
[2024-11-23T17:12:56.738+0000] {taskinstance.py:3900} INFO - 1 downstream tasks scheduled from follow-on schedule check
[2024-11-23T17:12:56.755+0000] {local_task_job_runner.py:245} INFO - ::endgroup::
