[2024-11-23T17:58:45.257+0000] {local_task_job_runner.py:123} INFO - ::group::Pre task execution logs
[2024-11-23T17:58:45.298+0000] {taskinstance.py:2612} INFO - Dependencies all met for dep_context=non-requeueable deps ti=<TaskInstance: fraud_detection.process_transaction scheduled__2024-11-23T17:57:00+00:00 [queued]>
[2024-11-23T17:58:45.329+0000] {taskinstance.py:2612} INFO - Dependencies all met for dep_context=requeueable deps ti=<TaskInstance: fraud_detection.process_transaction scheduled__2024-11-23T17:57:00+00:00 [queued]>
[2024-11-23T17:58:45.330+0000] {taskinstance.py:2865} INFO - Starting attempt 1 of 2
[2024-11-23T17:58:45.384+0000] {taskinstance.py:2888} INFO - Executing <Task(BranchPythonOperator): process_transaction> on 2024-11-23 17:57:00+00:00
[2024-11-23T17:58:45.405+0000] {warnings.py:112} WARNING - /home/***/.local/lib/python3.12/site-packages/***/task/task_runner/standard_task_runner.py:70: DeprecationWarning: This process (pid=3828) is multi-threaded, use of fork() may lead to deadlocks in the child.
  pid = os.fork()

[2024-11-23T17:58:45.413+0000] {standard_task_runner.py:72} INFO - Started process 3837 to run task
[2024-11-23T17:58:45.409+0000] {standard_task_runner.py:104} INFO - Running: ['***', 'tasks', 'run', 'fraud_detection', 'process_transaction', 'scheduled__2024-11-23T17:57:00+00:00', '--job-id', '374', '--raw', '--subdir', 'DAGS_FOLDER/fraud_detection_dag.py', '--cfg-path', '/tmp/tmpljerhkul']
[2024-11-23T17:58:45.414+0000] {standard_task_runner.py:105} INFO - Job 374: Subtask process_transaction
[2024-11-23T17:58:45.552+0000] {task_command.py:467} INFO - Running <TaskInstance: fraud_detection.process_transaction scheduled__2024-11-23T17:57:00+00:00 [running]> on host 345e92ff26bf
[2024-11-23T17:58:45.932+0000] {taskinstance.py:3131} INFO - Exporting env vars: AIRFLOW_CTX_DAG_OWNER='fraud_team' AIRFLOW_CTX_DAG_ID='fraud_detection' AIRFLOW_CTX_TASK_ID='process_transaction' AIRFLOW_CTX_EXECUTION_DATE='2024-11-23T17:57:00+00:00' AIRFLOW_CTX_TRY_NUMBER='1' AIRFLOW_CTX_DAG_RUN_ID='scheduled__2024-11-23T17:57:00+00:00'
[2024-11-23T17:58:45.941+0000] {taskinstance.py:731} INFO - ::endgroup::
[2024-11-23T17:58:46.003+0000] {baseoperator.py:405} WARNING - BranchPythonOperator.execute cannot be called outside TaskInstance!
[2024-11-23T17:58:46.051+0000] {fraud_detection_dag.py:78} INFO - Données récupérées depuis XCom: {"columns":["cc_num","merchant","category","amt","first","last","gender","street","city","state","zip","lat","long","city_pop","job","dob","trans_num","merch_lat","merch_long","is_fraud","current_time"],"index":[165157],"data":[[30360260465747,"fraud_Bins, Balistreri and Beatty","shopping_pos",2.07,"Jennifer","Garcia","F","28777 Stewart Plains Apt. 495","Putnam","IL",61560,41.1949,-89.4409,754,"Presenter, broadcasting","1962-05-13","328775198384e06cf55a9ecbae178f08",41.454627,-89.976213,0,1732384718145]]}
[2024-11-23T17:58:46.056+0000] {fraud_detection_dag.py:86} INFO - Données JSON parsées avec succès
[2024-11-23T17:58:46.062+0000] {fraud_detection_dag.py:90} INFO - DataFrame créé avec 1 lignes
[2024-11-23T17:58:46.065+0000] {fraud_detection_dag.py:94} INFO - Colonnes renommées avec succès
[2024-11-23T17:58:46.066+0000] {fraud_detection_dag.py:95} INFO - Colonnes disponibles: ['cc_num', 'merchant', 'category', 'amt', 'first', 'last', 'gender', 'street', 'city', 'state', 'zip', 'lat', 'long', 'city_pop', 'job', 'dob', 'trans_num', 'merch_lat', 'merch_long', 'is_fraud', 'trans_date_trans_time']
[2024-11-23T17:58:46.070+0000] {fraud_detection_dag.py:99} INFO - Conversion de trans_date_trans_time en unix_time réussie
[2024-11-23T17:58:46.146+0000] {fraud_detection_dag.py:108} INFO - Transformation des données...
[2024-11-23T17:58:47.777+0000] {warnings.py:112} WARNING - /home/***/.local/lib/python3.12/site-packages/sklearn/ensemble/_base.py:172: UserWarning: Loky-backed parallel loops cannot be called in a multiprocessing, setting n_jobs=1
  n_jobs = min(effective_n_jobs(n_jobs), n_estimators)

[2024-11-23T17:58:47.804+0000] {warnings.py:112} WARNING - /home/***/.local/lib/python3.12/site-packages/sklearn/ensemble/_base.py:172: UserWarning: Loky-backed parallel loops cannot be called in a multiprocessing, setting n_jobs=1
  n_jobs = min(effective_n_jobs(n_jobs), n_estimators)

[2024-11-23T17:58:47.814+0000] {fraud_detection_dag.py:120} INFO - Prediction de fraude: NORMAL, Probabilité: 37.96%
[2024-11-23T17:58:47.878+0000] {fraud_detection_dag.py:126} INFO - Prédiction: NORMAL (Probabilité: 37.96%)
[2024-11-23T17:58:47.880+0000] {python.py:240} INFO - Done. Returned value was: notify_normal
[2024-11-23T17:58:47.888+0000] {branch.py:38} INFO - Branch into notify_normal
[2024-11-23T17:58:47.889+0000] {skipmixin.py:230} INFO - Following branch ('notify_normal',)
[2024-11-23T17:58:47.936+0000] {skipmixin.py:278} INFO - Skipping tasks [('notify_fraud', -1), ('skip_processing', -1)]
[2024-11-23T17:58:48.144+0000] {taskinstance.py:340} INFO - ::group::Post task execution logs
[2024-11-23T17:58:48.146+0000] {taskinstance.py:352} INFO - Marking task as SUCCESS. dag_id=fraud_detection, task_id=process_transaction, run_id=scheduled__2024-11-23T17:57:00+00:00, execution_date=20241123T175700, start_date=20241123T175845, end_date=20241123T175848
[2024-11-23T17:58:48.356+0000] {local_task_job_runner.py:266} INFO - Task exited with return code 0
[2024-11-23T17:58:48.490+0000] {taskinstance.py:3900} INFO - 1 downstream tasks scheduled from follow-on schedule check
[2024-11-23T17:58:48.511+0000] {local_task_job_runner.py:245} INFO - ::endgroup::
