[2024-11-22T18:54:16.488+0000] {local_task_job_runner.py:123} INFO - ::group::Pre task execution logs
[2024-11-22T18:54:16.549+0000] {taskinstance.py:2612} INFO - Dependencies all met for dep_context=non-requeueable deps ti=<TaskInstance: fraud_detection.process_transaction scheduled__2024-11-22T18:52:00+00:00 [queued]>
[2024-11-22T18:54:16.577+0000] {taskinstance.py:2612} INFO - Dependencies all met for dep_context=requeueable deps ti=<TaskInstance: fraud_detection.process_transaction scheduled__2024-11-22T18:52:00+00:00 [queued]>
[2024-11-22T18:54:16.578+0000] {taskinstance.py:2865} INFO - Starting attempt 1 of 2
[2024-11-22T18:54:16.635+0000] {taskinstance.py:2888} INFO - Executing <Task(BranchPythonOperator): process_transaction> on 2024-11-22 18:52:00+00:00
[2024-11-22T18:54:16.658+0000] {warnings.py:112} WARNING - /home/***/.local/lib/python3.12/site-packages/***/task/task_runner/standard_task_runner.py:70: DeprecationWarning: This process (pid=662) is multi-threaded, use of fork() may lead to deadlocks in the child.
  pid = os.fork()

[2024-11-22T18:54:16.661+0000] {standard_task_runner.py:72} INFO - Started process 664 to run task
[2024-11-22T18:54:16.663+0000] {standard_task_runner.py:104} INFO - Running: ['***', 'tasks', 'run', 'fraud_detection', 'process_transaction', 'scheduled__2024-11-22T18:52:00+00:00', '--job-id', '428', '--raw', '--subdir', 'DAGS_FOLDER/fraud_detection_dag.py', '--cfg-path', '/tmp/tmpuxxq6o8o']
[2024-11-22T18:54:16.668+0000] {standard_task_runner.py:105} INFO - Job 428: Subtask process_transaction
[2024-11-22T18:54:16.840+0000] {task_command.py:467} INFO - Running <TaskInstance: fraud_detection.process_transaction scheduled__2024-11-22T18:52:00+00:00 [running]> on host c6af8dbaf1e5
[2024-11-22T18:54:17.272+0000] {taskinstance.py:3131} INFO - Exporting env vars: AIRFLOW_CTX_DAG_OWNER='fraud_team' AIRFLOW_CTX_DAG_ID='fraud_detection' AIRFLOW_CTX_TASK_ID='process_transaction' AIRFLOW_CTX_EXECUTION_DATE='2024-11-22T18:52:00+00:00' AIRFLOW_CTX_TRY_NUMBER='1' AIRFLOW_CTX_DAG_RUN_ID='scheduled__2024-11-22T18:52:00+00:00'
[2024-11-22T18:54:17.280+0000] {taskinstance.py:731} INFO - ::endgroup::
[2024-11-22T18:54:17.385+0000] {baseoperator.py:405} WARNING - BranchPythonOperator.execute cannot be called outside TaskInstance!
[2024-11-22T18:54:17.469+0000] {fraud_detection_dag.py:77} INFO - Données récupérées depuis XCom: {"columns":["cc_num","merchant","category","amt","first","last","gender","street","city","state","zip","lat","long","city_pop","job","dob","trans_num","merch_lat","merch_long","is_fraud","current_time"],"index":[487661],"data":[[4584931703207308232,"fraud_Hills-Boyer","personal_care",92.43,"Amanda","Gomez","F","8152 Brittany Centers","Dallas","TX",75218,32.8463,-96.6972,1263321,"Designer, ceramics\/pottery","1975-04-16","9d324cd094c45abc3ef74a2779694e53",33.627603,-96.856444,0,1732301651521]]}
[2024-11-22T18:54:17.470+0000] {fraud_detection_dag.py:85} INFO - Données JSON parsées avec succès
[2024-11-22T18:54:17.489+0000] {fraud_detection_dag.py:89} INFO - DataFrame créé avec 1 lignes
[2024-11-22T18:54:17.507+0000] {fraud_detection_dag.py:93} INFO - Colonnes renommées avec succès
[2024-11-22T18:54:17.509+0000] {fraud_detection_dag.py:94} INFO - Colonnes disponibles: ['cc_num', 'merchant', 'category', 'amt', 'first', 'last', 'gender', 'street', 'city', 'state', 'zip', 'lat', 'long', 'city_pop', 'job', 'dob', 'trans_num', 'merch_lat', 'merch_long', 'is_fraud', 'trans_date_trans_time']
[2024-11-22T18:54:17.522+0000] {fraud_detection_dag.py:98} INFO - Conversion de trans_date_trans_time en unix_time réussie
[2024-11-22T18:54:17.650+0000] {fraud_detection_dag.py:107} INFO - Transformation des données...
[2024-11-22T18:54:18.936+0000] {warnings.py:112} WARNING - /home/***/.local/lib/python3.12/site-packages/sklearn/ensemble/_base.py:172: UserWarning: Loky-backed parallel loops cannot be called in a multiprocessing, setting n_jobs=1
  n_jobs = min(effective_n_jobs(n_jobs), n_estimators)

[2024-11-22T18:54:18.980+0000] {warnings.py:112} WARNING - /home/***/.local/lib/python3.12/site-packages/sklearn/ensemble/_base.py:172: UserWarning: Loky-backed parallel loops cannot be called in a multiprocessing, setting n_jobs=1
  n_jobs = min(effective_n_jobs(n_jobs), n_estimators)

[2024-11-22T18:54:18.989+0000] {fraud_detection_dag.py:119} INFO - Prediction de fraude: NORMAL, Probabilité: 28.10%
[2024-11-22T18:54:19.060+0000] {fraud_detection_dag.py:125} INFO - Prédiction: NORMAL (Probabilité: 28.10%)
[2024-11-22T18:54:19.061+0000] {python.py:240} INFO - Done. Returned value was: notify_normal
[2024-11-22T18:54:19.063+0000] {branch.py:38} INFO - Branch into notify_normal
[2024-11-22T18:54:19.065+0000] {skipmixin.py:230} INFO - Following branch ('notify_normal',)
[2024-11-22T18:54:19.091+0000] {skipmixin.py:278} INFO - Skipping tasks [('skip_processing', -1), ('notify_fraud', -1)]
[2024-11-22T18:54:19.169+0000] {taskinstance.py:340} INFO - ::group::Post task execution logs
[2024-11-22T18:54:19.170+0000] {taskinstance.py:352} INFO - Marking task as SUCCESS. dag_id=fraud_detection, task_id=process_transaction, run_id=scheduled__2024-11-22T18:52:00+00:00, execution_date=20241122T185200, start_date=20241122T185416, end_date=20241122T185419
[2024-11-22T18:54:19.338+0000] {local_task_job_runner.py:266} INFO - Task exited with return code 0
[2024-11-22T18:54:19.429+0000] {taskinstance.py:3900} INFO - 1 downstream tasks scheduled from follow-on schedule check
[2024-11-22T18:54:19.444+0000] {local_task_job_runner.py:245} INFO - ::endgroup::
