[2024-11-08T18:25:59.938+0000] {local_task_job_runner.py:123} INFO - ::group::Pre task execution logs
[2024-11-08T18:25:59.974+0000] {taskinstance.py:2612} INFO - Dependencies all met for dep_context=non-requeueable deps ti=<TaskInstance: fraud_detection.notify_normal scheduled__2024-11-08T18:24:00+00:00 [queued]>
[2024-11-08T18:25:59.990+0000] {taskinstance.py:2612} INFO - Dependencies all met for dep_context=requeueable deps ti=<TaskInstance: fraud_detection.notify_normal scheduled__2024-11-08T18:24:00+00:00 [queued]>
[2024-11-08T18:25:59.990+0000] {taskinstance.py:2865} INFO - Starting attempt 1 of 2
[2024-11-08T18:26:00.014+0000] {taskinstance.py:2888} INFO - Executing <Task(PythonOperator): notify_normal> on 2024-11-08 18:24:00+00:00
[2024-11-08T18:26:00.032+0000] {warnings.py:112} WARNING - /home/***/.local/lib/python3.12/site-packages/***/task/task_runner/standard_task_runner.py:70: DeprecationWarning: This process (pid=1307) is multi-threaded, use of fork() may lead to deadlocks in the child.
  pid = os.fork()

[2024-11-08T18:26:00.036+0000] {standard_task_runner.py:72} INFO - Started process 1309 to run task
[2024-11-08T18:26:00.039+0000] {standard_task_runner.py:104} INFO - Running: ['***', 'tasks', 'run', 'fraud_detection', 'notify_normal', 'scheduled__2024-11-08T18:24:00+00:00', '--job-id', '260', '--raw', '--subdir', 'DAGS_FOLDER/fraud_detection_dag.py', '--cfg-path', '/tmp/tmpd40q5bze']
[2024-11-08T18:26:00.044+0000] {standard_task_runner.py:105} INFO - Job 260: Subtask notify_normal
[2024-11-08T18:26:00.117+0000] {task_command.py:467} INFO - Running <TaskInstance: fraud_detection.notify_normal scheduled__2024-11-08T18:24:00+00:00 [running]> on host 641085defe8e
[2024-11-08T18:26:00.251+0000] {taskinstance.py:3131} INFO - Exporting env vars: AIRFLOW_CTX_DAG_OWNER='fraud_team' AIRFLOW_CTX_DAG_ID='fraud_detection' AIRFLOW_CTX_TASK_ID='notify_normal' AIRFLOW_CTX_EXECUTION_DATE='2024-11-08T18:24:00+00:00' AIRFLOW_CTX_TRY_NUMBER='1' AIRFLOW_CTX_DAG_RUN_ID='scheduled__2024-11-08T18:24:00+00:00'
[2024-11-08T18:26:00.253+0000] {taskinstance.py:731} INFO - ::endgroup::
[2024-11-08T18:26:00.319+0000] {fraud_detection_dag.py:218} INFO - Données de transaction récupérées: {"columns":["cc_num","merchant","category","amt","first","last","gender","street","city","state","zip","lat","long","city_pop","job","dob","trans_num","merch_lat","merch_long","is_fraud","current_time"],"index":[12169],"data":[[4797297220948468262,"fraud_Christiansen, Goyette and Schamberger","gas_transport",62.41,"Erica","Briggs","F","3310 Davidson Spurs Apt. 107","Oolitic","IN",47451,38.8938,-86.5246,1228,"Counsellor","1991-03-13","213c9c3ae0075a013b8fc9c02a50488a",39.165051,-87.375267,0,1731090353401]]}
[2024-11-08T18:26:00.320+0000] {fraud_detection_dag.py:219} INFO - Probabilité de fraude: 0.36720759593569174
[2024-11-08T18:26:00.321+0000] {fraud_detection_dag.py:220} INFO - Est une fraude: False
[2024-11-08T18:26:00.328+0000] {fraud_detection_dag.py:280} INFO - Tentative d'envoi d'email normale...
[2024-11-08T18:26:00.329+0000] {fraud_detection_dag.py:281} INFO - Contenu de l'email:

        ✅ Transaction NORMALE détectée!
        
        Statut: Vert
        Probabilité de fraude: 36.72%
        
        Détails de la transaction:
        --------------------------
        ID Transaction: 213c9c3ae0075a013b8fc9c02a50488a
        Montant: 62.41€
        Date/Heure: 2024-11-08 18:25:53
        
        Informations sur le marchand:
        ----------------------------
        Nom: fraud_Christiansen, Goyette and Schamberger
        Ville: Oolitic
        État: IN
        
        Informations sur le client:
        --------------------------
        Nom: Erica Briggs
        Ville: Oolitic
        
        Cette notification a été générée automatiquement par le système de détection de fraude.
        
[2024-11-08T18:26:04.529+0000] {fraud_detection_dag.py:291} INFO - Email envoyé avec succès
[2024-11-08T18:26:04.530+0000] {python.py:240} INFO - Done. Returned value was: store_normal
[2024-11-08T18:26:04.578+0000] {taskinstance.py:340} INFO - ::group::Post task execution logs
[2024-11-08T18:26:04.579+0000] {taskinstance.py:352} INFO - Marking task as SUCCESS. dag_id=fraud_detection, task_id=notify_normal, run_id=scheduled__2024-11-08T18:24:00+00:00, execution_date=20241108T182400, start_date=20241108T182559, end_date=20241108T182604
[2024-11-08T18:26:04.609+0000] {local_task_job_runner.py:266} INFO - Task exited with return code 0
[2024-11-08T18:26:04.644+0000] {taskinstance.py:3900} INFO - 1 downstream tasks scheduled from follow-on schedule check
[2024-11-08T18:26:04.647+0000] {local_task_job_runner.py:245} INFO - ::endgroup::
