[2024-11-23T16:57:01.432+0000] {local_task_job_runner.py:123} INFO - ::group::Pre task execution logs
[2024-11-23T16:57:01.498+0000] {taskinstance.py:2612} INFO - Dependencies all met for dep_context=non-requeueable deps ti=<TaskInstance: fraud_detection.process_transaction scheduled__2024-11-23T16:55:00+00:00 [queued]>
[2024-11-23T16:57:01.541+0000] {taskinstance.py:2612} INFO - Dependencies all met for dep_context=requeueable deps ti=<TaskInstance: fraud_detection.process_transaction scheduled__2024-11-23T16:55:00+00:00 [queued]>
[2024-11-23T16:57:01.542+0000] {taskinstance.py:2865} INFO - Starting attempt 1 of 2
[2024-11-23T16:57:01.628+0000] {taskinstance.py:2888} INFO - Executing <Task(BranchPythonOperator): process_transaction> on 2024-11-23 16:55:00+00:00
[2024-11-23T16:57:01.671+0000] {warnings.py:112} WARNING - /home/***/.local/lib/python3.12/site-packages/***/task/task_runner/standard_task_runner.py:70: DeprecationWarning: This process (pid=522) is multi-threaded, use of fork() may lead to deadlocks in the child.
  pid = os.fork()

[2024-11-23T16:57:01.675+0000] {standard_task_runner.py:72} INFO - Started process 530 to run task
[2024-11-23T16:57:01.665+0000] {standard_task_runner.py:104} INFO - Running: ['***', 'tasks', 'run', 'fraud_detection', 'process_transaction', 'scheduled__2024-11-23T16:55:00+00:00', '--job-id', '54', '--raw', '--subdir', 'DAGS_FOLDER/fraud_detection_dag.py', '--cfg-path', '/tmp/tmpkf_xfg55']
[2024-11-23T16:57:01.687+0000] {standard_task_runner.py:105} INFO - Job 54: Subtask process_transaction
[2024-11-23T16:57:01.967+0000] {task_command.py:467} INFO - Running <TaskInstance: fraud_detection.process_transaction scheduled__2024-11-23T16:55:00+00:00 [running]> on host 345e92ff26bf
[2024-11-23T16:57:02.367+0000] {taskinstance.py:3131} INFO - Exporting env vars: AIRFLOW_CTX_DAG_OWNER='fraud_team' AIRFLOW_CTX_DAG_ID='fraud_detection' AIRFLOW_CTX_TASK_ID='process_transaction' AIRFLOW_CTX_EXECUTION_DATE='2024-11-23T16:55:00+00:00' AIRFLOW_CTX_TRY_NUMBER='1' AIRFLOW_CTX_DAG_RUN_ID='scheduled__2024-11-23T16:55:00+00:00'
[2024-11-23T16:57:02.382+0000] {taskinstance.py:731} INFO - ::endgroup::
[2024-11-23T16:57:02.450+0000] {baseoperator.py:405} WARNING - BranchPythonOperator.execute cannot be called outside TaskInstance!
[2024-11-23T16:57:02.584+0000] {fraud_detection_dag.py:78} INFO - Données récupérées depuis XCom: {"columns":["cc_num","merchant","category","amt","first","last","gender","street","city","state","zip","lat","long","city_pop","job","dob","trans_num","merch_lat","merch_long","is_fraud","current_time"],"index":[58122],"data":[[3583635130604947,"fraud_Eichmann-Kilback","home",44.92,"Crystal","Gamble","F","899 Michele View Suite 960","Philadelphia","PA",19149,40.0369,-75.0664,1526206,"Structural engineer","1985-01-01","f71bcd7eae776d11d2ce05199e2e84b7",39.516047,-74.938111,0,1732381015176]]}
[2024-11-23T16:57:02.585+0000] {fraud_detection_dag.py:86} INFO - Données JSON parsées avec succès
[2024-11-23T16:57:02.599+0000] {fraud_detection_dag.py:90} INFO - DataFrame créé avec 1 lignes
[2024-11-23T16:57:02.609+0000] {fraud_detection_dag.py:94} INFO - Colonnes renommées avec succès
[2024-11-23T16:57:02.616+0000] {fraud_detection_dag.py:95} INFO - Colonnes disponibles: ['cc_num', 'merchant', 'category', 'amt', 'first', 'last', 'gender', 'street', 'city', 'state', 'zip', 'lat', 'long', 'city_pop', 'job', 'dob', 'trans_num', 'merch_lat', 'merch_long', 'is_fraud', 'trans_date_trans_time']
[2024-11-23T16:57:02.677+0000] {fraud_detection_dag.py:99} INFO - Conversion de trans_date_trans_time en unix_time réussie
[2024-11-23T16:57:03.068+0000] {fraud_detection_dag.py:108} INFO - Transformation des données...
[2024-11-23T16:57:06.545+0000] {warnings.py:112} WARNING - /home/***/.local/lib/python3.12/site-packages/sklearn/ensemble/_base.py:172: UserWarning: Loky-backed parallel loops cannot be called in a multiprocessing, setting n_jobs=1
  n_jobs = min(effective_n_jobs(n_jobs), n_estimators)

[2024-11-23T16:57:06.599+0000] {warnings.py:112} WARNING - /home/***/.local/lib/python3.12/site-packages/sklearn/ensemble/_base.py:172: UserWarning: Loky-backed parallel loops cannot be called in a multiprocessing, setting n_jobs=1
  n_jobs = min(effective_n_jobs(n_jobs), n_estimators)

[2024-11-23T16:57:06.671+0000] {fraud_detection_dag.py:120} INFO - Prediction de fraude: NORMAL, Probabilité: 24.62%
[2024-11-23T16:57:07.163+0000] {fraud_detection_dag.py:126} INFO - Prédiction: NORMAL (Probabilité: 24.62%)
[2024-11-23T16:57:07.179+0000] {python.py:240} INFO - Done. Returned value was: notify_normal
[2024-11-23T16:57:07.180+0000] {branch.py:38} INFO - Branch into notify_normal
[2024-11-23T16:57:07.181+0000] {skipmixin.py:230} INFO - Following branch ('notify_normal',)
[2024-11-23T16:57:07.507+0000] {skipmixin.py:278} INFO - Skipping tasks [('notify_fraud', -1), ('skip_processing', -1)]
[2024-11-23T16:57:07.994+0000] {taskinstance.py:340} INFO - ::group::Post task execution logs
[2024-11-23T16:57:08.015+0000] {taskinstance.py:352} INFO - Marking task as SUCCESS. dag_id=fraud_detection, task_id=process_transaction, run_id=scheduled__2024-11-23T16:55:00+00:00, execution_date=20241123T165500, start_date=20241123T165701, end_date=20241123T165708
[2024-11-23T16:57:08.405+0000] {local_task_job_runner.py:266} INFO - Task exited with return code 0
[2024-11-23T16:57:08.712+0000] {taskinstance.py:3900} INFO - 1 downstream tasks scheduled from follow-on schedule check
[2024-11-23T16:57:08.757+0000] {local_task_job_runner.py:245} INFO - ::endgroup::
