[2024-11-23T17:05:49.253+0000] {local_task_job_runner.py:123} INFO - ::group::Pre task execution logs
[2024-11-23T17:05:49.345+0000] {taskinstance.py:2612} INFO - Dependencies all met for dep_context=non-requeueable deps ti=<TaskInstance: fraud_detection.notify_normal scheduled__2024-11-23T17:04:00+00:00 [queued]>
[2024-11-23T17:05:49.368+0000] {taskinstance.py:2612} INFO - Dependencies all met for dep_context=requeueable deps ti=<TaskInstance: fraud_detection.notify_normal scheduled__2024-11-23T17:04:00+00:00 [queued]>
[2024-11-23T17:05:49.368+0000] {taskinstance.py:2865} INFO - Starting attempt 1 of 2
[2024-11-23T17:05:49.392+0000] {taskinstance.py:2888} INFO - Executing <Task(PythonOperator): notify_normal> on 2024-11-23 17:04:00+00:00
[2024-11-23T17:05:49.435+0000] {warnings.py:112} WARNING - /home/***/.local/lib/python3.12/site-packages/***/task/task_runner/standard_task_runner.py:70: DeprecationWarning: This process (pid=1182) is multi-threaded, use of fork() may lead to deadlocks in the child.
  pid = os.fork()

[2024-11-23T17:05:49.442+0000] {standard_task_runner.py:72} INFO - Started process 1187 to run task
[2024-11-23T17:05:49.452+0000] {standard_task_runner.py:104} INFO - Running: ['***', 'tasks', 'run', 'fraud_detection', 'notify_normal', 'scheduled__2024-11-23T17:04:00+00:00', '--job-id', '121', '--raw', '--subdir', 'DAGS_FOLDER/fraud_detection_dag.py', '--cfg-path', '/tmp/tmpu82eelb7']
[2024-11-23T17:05:49.457+0000] {standard_task_runner.py:105} INFO - Job 121: Subtask notify_normal
[2024-11-23T17:05:49.596+0000] {task_command.py:467} INFO - Running <TaskInstance: fraud_detection.notify_normal scheduled__2024-11-23T17:04:00+00:00 [running]> on host 345e92ff26bf
[2024-11-23T17:05:49.728+0000] {taskinstance.py:3131} INFO - Exporting env vars: AIRFLOW_CTX_DAG_OWNER='fraud_team' AIRFLOW_CTX_DAG_ID='fraud_detection' AIRFLOW_CTX_TASK_ID='notify_normal' AIRFLOW_CTX_EXECUTION_DATE='2024-11-23T17:04:00+00:00' AIRFLOW_CTX_TRY_NUMBER='1' AIRFLOW_CTX_DAG_RUN_ID='scheduled__2024-11-23T17:04:00+00:00'
[2024-11-23T17:05:49.730+0000] {taskinstance.py:731} INFO - ::endgroup::
[2024-11-23T17:05:49.830+0000] {fraud_detection_dag.py:219} INFO - Données de transaction récupérées: {"columns":["cc_num","merchant","category","amt","first","last","gender","street","city","state","zip","lat","long","city_pop","job","dob","trans_num","merch_lat","merch_long","is_fraud","current_time"],"index":[467305],"data":[[573860193545,"fraud_Quitzon-Goyette","home",81.66,"Cristian","Jones","M","0423 Kirby Field Suite 623","Wilmette","IL",60091,42.0765,-87.7246,27020,"Trade mark attorney","1986-07-23","ac9342ff7ee312a39c02ada13a20303e",41.476018,-87.984598,0,1732381537527]]}
[2024-11-23T17:05:49.831+0000] {fraud_detection_dag.py:220} INFO - Probabilité de fraude: 0.24619694359779692
[2024-11-23T17:05:49.831+0000] {fraud_detection_dag.py:221} INFO - Est une fraude: False
[2024-11-23T17:05:49.839+0000] {fraud_detection_dag.py:281} INFO - Tentative d'envoi d'email normale...
[2024-11-23T17:05:49.840+0000] {fraud_detection_dag.py:282} INFO - Contenu de l'email:

        ✅ Transaction NORMALE détectée!
        
        Statut: Vert
        Probabilité de fraude: 24.62%
        
        Détails de la transaction:
        --------------------------
        ID Transaction: ac9342ff7ee312a39c02ada13a20303e
        Montant: 81.66€
        Date/Heure: 2024-11-23 17:05:37
        
        Informations sur le marchand:
        ----------------------------
        Nom: fraud_Quitzon-Goyette
        Ville: Wilmette
        État: IL
        
        Informations sur le client:
        --------------------------
        Nom: Cristian Jones
        Ville: Wilmette
        
        Cette notification a été générée automatiquement par le système de détection de fraude.
        
[2024-11-23T17:05:57.130+0000] {fraud_detection_dag.py:292} INFO - Email envoyé avec succès
[2024-11-23T17:05:57.132+0000] {python.py:240} INFO - Done. Returned value was: store_normal
[2024-11-23T17:05:57.193+0000] {taskinstance.py:340} INFO - ::group::Post task execution logs
[2024-11-23T17:05:57.194+0000] {taskinstance.py:352} INFO - Marking task as SUCCESS. dag_id=fraud_detection, task_id=notify_normal, run_id=scheduled__2024-11-23T17:04:00+00:00, execution_date=20241123T170400, start_date=20241123T170549, end_date=20241123T170557
[2024-11-23T17:05:57.229+0000] {local_task_job_runner.py:266} INFO - Task exited with return code 0
[2024-11-23T17:05:57.285+0000] {taskinstance.py:3900} INFO - 1 downstream tasks scheduled from follow-on schedule check
[2024-11-23T17:05:57.289+0000] {local_task_job_runner.py:245} INFO - ::endgroup::
