[2024-11-23T17:50:05.318+0000] {local_task_job_runner.py:123} INFO - ::group::Pre task execution logs
[2024-11-23T17:50:05.444+0000] {taskinstance.py:2612} INFO - Dependencies all met for dep_context=non-requeueable deps ti=<TaskInstance: fraud_detection.process_transaction scheduled__2024-11-23T17:48:00+00:00 [queued]>
[2024-11-23T17:50:05.505+0000] {taskinstance.py:2612} INFO - Dependencies all met for dep_context=requeueable deps ti=<TaskInstance: fraud_detection.process_transaction scheduled__2024-11-23T17:48:00+00:00 [queued]>
[2024-11-23T17:50:05.507+0000] {taskinstance.py:2865} INFO - Starting attempt 1 of 2
[2024-11-23T17:50:05.646+0000] {taskinstance.py:2888} INFO - Executing <Task(BranchPythonOperator): process_transaction> on 2024-11-23 17:48:00+00:00
[2024-11-23T17:50:05.681+0000] {warnings.py:112} WARNING - /home/***/.local/lib/python3.12/site-packages/***/task/task_runner/standard_task_runner.py:70: DeprecationWarning: This process (pid=3207) is multi-threaded, use of fork() may lead to deadlocks in the child.
  pid = os.fork()

[2024-11-23T17:50:05.692+0000] {standard_task_runner.py:72} INFO - Started process 3217 to run task
[2024-11-23T17:50:05.699+0000] {standard_task_runner.py:104} INFO - Running: ['***', 'tasks', 'run', 'fraud_detection', 'process_transaction', 'scheduled__2024-11-23T17:48:00+00:00', '--job-id', '305', '--raw', '--subdir', 'DAGS_FOLDER/fraud_detection_dag.py', '--cfg-path', '/tmp/tmphqiwyxdc']
[2024-11-23T17:50:05.706+0000] {standard_task_runner.py:105} INFO - Job 305: Subtask process_transaction
[2024-11-23T17:50:05.886+0000] {task_command.py:467} INFO - Running <TaskInstance: fraud_detection.process_transaction scheduled__2024-11-23T17:48:00+00:00 [running]> on host 345e92ff26bf
[2024-11-23T17:50:06.074+0000] {taskinstance.py:3131} INFO - Exporting env vars: AIRFLOW_CTX_DAG_OWNER='fraud_team' AIRFLOW_CTX_DAG_ID='fraud_detection' AIRFLOW_CTX_TASK_ID='process_transaction' AIRFLOW_CTX_EXECUTION_DATE='2024-11-23T17:48:00+00:00' AIRFLOW_CTX_TRY_NUMBER='1' AIRFLOW_CTX_DAG_RUN_ID='scheduled__2024-11-23T17:48:00+00:00'
[2024-11-23T17:50:06.077+0000] {taskinstance.py:731} INFO - ::endgroup::
[2024-11-23T17:50:06.098+0000] {baseoperator.py:405} WARNING - BranchPythonOperator.execute cannot be called outside TaskInstance!
[2024-11-23T17:50:06.132+0000] {fraud_detection_dag.py:78} INFO - Données récupérées depuis XCom: {"columns":["cc_num","merchant","category","amt","first","last","gender","street","city","state","zip","lat","long","city_pop","job","dob","trans_num","merch_lat","merch_long","is_fraud","current_time"],"index":[278312],"data":[[3591919803438423,"fraud_Raynor, Reinger and Hagenes","gas_transport",62.86,"Brian","Williams","M","32941 Krystal Mill Apt. 552","Titusville","FL",32780,28.5697,-80.8191,54767,"Set designer","1987-07-25","ab3c6c5a24d926c90d494e6b3fac4d6b",27.703592,-81.083723,0,1732384199163]]}
[2024-11-23T17:50:06.133+0000] {fraud_detection_dag.py:86} INFO - Données JSON parsées avec succès
[2024-11-23T17:50:06.138+0000] {fraud_detection_dag.py:90} INFO - DataFrame créé avec 1 lignes
[2024-11-23T17:50:06.140+0000] {fraud_detection_dag.py:94} INFO - Colonnes renommées avec succès
[2024-11-23T17:50:06.141+0000] {fraud_detection_dag.py:95} INFO - Colonnes disponibles: ['cc_num', 'merchant', 'category', 'amt', 'first', 'last', 'gender', 'street', 'city', 'state', 'zip', 'lat', 'long', 'city_pop', 'job', 'dob', 'trans_num', 'merch_lat', 'merch_long', 'is_fraud', 'trans_date_trans_time']
[2024-11-23T17:50:06.146+0000] {fraud_detection_dag.py:99} INFO - Conversion de trans_date_trans_time en unix_time réussie
[2024-11-23T17:50:06.199+0000] {fraud_detection_dag.py:108} INFO - Transformation des données...
[2024-11-23T17:50:07.611+0000] {warnings.py:112} WARNING - /home/***/.local/lib/python3.12/site-packages/sklearn/ensemble/_base.py:172: UserWarning: Loky-backed parallel loops cannot be called in a multiprocessing, setting n_jobs=1
  n_jobs = min(effective_n_jobs(n_jobs), n_estimators)

[2024-11-23T17:50:07.626+0000] {warnings.py:112} WARNING - /home/***/.local/lib/python3.12/site-packages/sklearn/ensemble/_base.py:172: UserWarning: Loky-backed parallel loops cannot be called in a multiprocessing, setting n_jobs=1
  n_jobs = min(effective_n_jobs(n_jobs), n_estimators)

[2024-11-23T17:50:07.640+0000] {fraud_detection_dag.py:120} INFO - Prediction de fraude: NORMAL, Probabilité: 34.90%
[2024-11-23T17:50:07.771+0000] {fraud_detection_dag.py:126} INFO - Prédiction: NORMAL (Probabilité: 34.90%)
[2024-11-23T17:50:07.773+0000] {python.py:240} INFO - Done. Returned value was: notify_normal
[2024-11-23T17:50:07.779+0000] {branch.py:38} INFO - Branch into notify_normal
[2024-11-23T17:50:07.783+0000] {skipmixin.py:230} INFO - Following branch ('notify_normal',)
[2024-11-23T17:50:07.850+0000] {skipmixin.py:278} INFO - Skipping tasks [('notify_fraud', -1), ('skip_processing', -1)]
[2024-11-23T17:50:07.980+0000] {taskinstance.py:340} INFO - ::group::Post task execution logs
[2024-11-23T17:50:07.982+0000] {taskinstance.py:352} INFO - Marking task as SUCCESS. dag_id=fraud_detection, task_id=process_transaction, run_id=scheduled__2024-11-23T17:48:00+00:00, execution_date=20241123T174800, start_date=20241123T175005, end_date=20241123T175007
[2024-11-23T17:50:08.078+0000] {local_task_job_runner.py:266} INFO - Task exited with return code 0
[2024-11-23T17:50:08.243+0000] {taskinstance.py:3900} INFO - 1 downstream tasks scheduled from follow-on schedule check
[2024-11-23T17:50:08.340+0000] {local_task_job_runner.py:245} INFO - ::endgroup::
