[2024-11-23T17:02:51.991+0000] {local_task_job_runner.py:123} INFO - ::group::Pre task execution logs
[2024-11-23T17:02:52.507+0000] {taskinstance.py:2612} INFO - Dependencies all met for dep_context=non-requeueable deps ti=<TaskInstance: fraud_detection.notify_normal scheduled__2024-11-23T17:01:00+00:00 [queued]>
[2024-11-23T17:02:52.555+0000] {taskinstance.py:2612} INFO - Dependencies all met for dep_context=requeueable deps ti=<TaskInstance: fraud_detection.notify_normal scheduled__2024-11-23T17:01:00+00:00 [queued]>
[2024-11-23T17:02:52.556+0000] {taskinstance.py:2865} INFO - Starting attempt 1 of 2
[2024-11-23T17:02:52.596+0000] {taskinstance.py:2888} INFO - Executing <Task(PythonOperator): notify_normal> on 2024-11-23 17:01:00+00:00
[2024-11-23T17:02:52.621+0000] {warnings.py:112} WARNING - /home/***/.local/lib/python3.12/site-packages/***/task/task_runner/standard_task_runner.py:70: DeprecationWarning: This process (pid=961) is multi-threaded, use of fork() may lead to deadlocks in the child.
  pid = os.fork()

[2024-11-23T17:02:52.624+0000] {standard_task_runner.py:72} INFO - Started process 973 to run task
[2024-11-23T17:02:52.625+0000] {standard_task_runner.py:104} INFO - Running: ['***', 'tasks', 'run', 'fraud_detection', 'notify_normal', 'scheduled__2024-11-23T17:01:00+00:00', '--job-id', '99', '--raw', '--subdir', 'DAGS_FOLDER/fraud_detection_dag.py', '--cfg-path', '/tmp/tmp_ye1xsog']
[2024-11-23T17:02:52.630+0000] {standard_task_runner.py:105} INFO - Job 99: Subtask notify_normal
[2024-11-23T17:02:52.748+0000] {task_command.py:467} INFO - Running <TaskInstance: fraud_detection.notify_normal scheduled__2024-11-23T17:01:00+00:00 [running]> on host 345e92ff26bf
[2024-11-23T17:02:52.937+0000] {taskinstance.py:3131} INFO - Exporting env vars: AIRFLOW_CTX_DAG_OWNER='fraud_team' AIRFLOW_CTX_DAG_ID='fraud_detection' AIRFLOW_CTX_TASK_ID='notify_normal' AIRFLOW_CTX_EXECUTION_DATE='2024-11-23T17:01:00+00:00' AIRFLOW_CTX_TRY_NUMBER='1' AIRFLOW_CTX_DAG_RUN_ID='scheduled__2024-11-23T17:01:00+00:00'
[2024-11-23T17:02:52.939+0000] {taskinstance.py:731} INFO - ::endgroup::
[2024-11-23T17:02:52.994+0000] {fraud_detection_dag.py:219} INFO - Données de transaction récupérées: {"columns":["cc_num","merchant","category","amt","first","last","gender","street","city","state","zip","lat","long","city_pop","job","dob","trans_num","merch_lat","merch_long","is_fraud","current_time"],"index":[297162],"data":[[372520049757633,"fraud_O'Hara-Wilderman","food_dining",3.41,"Lori","Ramirez","F","4293 Ramirez Squares","Ranier","MN",56668,48.6031,-93.2977,136,"Ceramics designer","2000-02-20","95f7f29ba628f1938e9c4b135ece9f5e",49.092521,-93.427895,0,1732381360429]]}
[2024-11-23T17:02:52.995+0000] {fraud_detection_dag.py:220} INFO - Probabilité de fraude: 0.36488607574120563
[2024-11-23T17:02:52.996+0000] {fraud_detection_dag.py:221} INFO - Est une fraude: False
[2024-11-23T17:02:53.004+0000] {fraud_detection_dag.py:281} INFO - Tentative d'envoi d'email normale...
[2024-11-23T17:02:53.004+0000] {fraud_detection_dag.py:282} INFO - Contenu de l'email:

        ✅ Transaction NORMALE détectée!
        
        Statut: Vert
        Probabilité de fraude: 36.49%
        
        Détails de la transaction:
        --------------------------
        ID Transaction: 95f7f29ba628f1938e9c4b135ece9f5e
        Montant: 3.41€
        Date/Heure: 2024-11-23 17:02:40
        
        Informations sur le marchand:
        ----------------------------
        Nom: fraud_O'Hara-Wilderman
        Ville: Ranier
        État: MN
        
        Informations sur le client:
        --------------------------
        Nom: Lori Ramirez
        Ville: Ranier
        
        Cette notification a été générée automatiquement par le système de détection de fraude.
        
[2024-11-23T17:02:58.564+0000] {fraud_detection_dag.py:292} INFO - Email envoyé avec succès
[2024-11-23T17:02:58.566+0000] {python.py:240} INFO - Done. Returned value was: store_normal
[2024-11-23T17:02:58.651+0000] {taskinstance.py:340} INFO - ::group::Post task execution logs
[2024-11-23T17:02:58.660+0000] {taskinstance.py:352} INFO - Marking task as SUCCESS. dag_id=fraud_detection, task_id=notify_normal, run_id=scheduled__2024-11-23T17:01:00+00:00, execution_date=20241123T170100, start_date=20241123T170252, end_date=20241123T170258
[2024-11-23T17:02:58.718+0000] {local_task_job_runner.py:266} INFO - Task exited with return code 0
[2024-11-23T17:02:58.924+0000] {taskinstance.py:3900} INFO - 1 downstream tasks scheduled from follow-on schedule check
[2024-11-23T17:02:58.945+0000] {local_task_job_runner.py:245} INFO - ::endgroup::
