[2024-11-08T18:35:01.911+0000] {local_task_job_runner.py:123} INFO - ::group::Pre task execution logs
[2024-11-08T18:35:01.939+0000] {taskinstance.py:2612} INFO - Dependencies all met for dep_context=non-requeueable deps ti=<TaskInstance: fraud_detection.load_dependencies scheduled__2024-11-08T18:34:00+00:00 [queued]>
[2024-11-08T18:35:01.955+0000] {taskinstance.py:2612} INFO - Dependencies all met for dep_context=requeueable deps ti=<TaskInstance: fraud_detection.load_dependencies scheduled__2024-11-08T18:34:00+00:00 [queued]>
[2024-11-08T18:35:01.955+0000] {taskinstance.py:2865} INFO - Starting attempt 1 of 2
[2024-11-08T18:35:01.980+0000] {taskinstance.py:2888} INFO - Executing <Task(PythonOperator): load_dependencies> on 2024-11-08 18:34:00+00:00
[2024-11-08T18:35:01.991+0000] {warnings.py:112} WARNING - /home/***/.local/lib/python3.12/site-packages/***/task/task_runner/standard_task_runner.py:70: DeprecationWarning: This process (pid=1663) is multi-threaded, use of fork() may lead to deadlocks in the child.
  pid = os.fork()

[2024-11-08T18:35:01.993+0000] {standard_task_runner.py:72} INFO - Started process 1665 to run task
[2024-11-08T18:35:01.995+0000] {standard_task_runner.py:104} INFO - Running: ['***', 'tasks', 'run', 'fraud_detection', 'load_dependencies', 'scheduled__2024-11-08T18:34:00+00:00', '--job-id', '307', '--raw', '--subdir', 'DAGS_FOLDER/fraud_detection_dag.py', '--cfg-path', '/tmp/tmpfxb2nr7_']
[2024-11-08T18:35:01.999+0000] {standard_task_runner.py:105} INFO - Job 307: Subtask load_dependencies
[2024-11-08T18:35:02.071+0000] {task_command.py:467} INFO - Running <TaskInstance: fraud_detection.load_dependencies scheduled__2024-11-08T18:34:00+00:00 [running]> on host 641085defe8e
[2024-11-08T18:35:02.203+0000] {taskinstance.py:3131} INFO - Exporting env vars: AIRFLOW_CTX_DAG_OWNER='fraud_team' AIRFLOW_CTX_DAG_ID='fraud_detection' AIRFLOW_CTX_TASK_ID='load_dependencies' AIRFLOW_CTX_EXECUTION_DATE='2024-11-08T18:34:00+00:00' AIRFLOW_CTX_TRY_NUMBER='1' AIRFLOW_CTX_DAG_RUN_ID='scheduled__2024-11-08T18:34:00+00:00'
[2024-11-08T18:35:02.205+0000] {taskinstance.py:731} INFO - ::endgroup::
[2024-11-08T18:35:02.224+0000] {fraud_detection_dag.py:26} INFO - Chargement des dépendances depuis S3...
[2024-11-08T18:35:49.698+0000] {fraud_detection_dag.py:42} INFO - Modèle chargé avec succès
[2024-11-08T18:35:52.456+0000] {fraud_detection_dag.py:47} INFO - ETL chargé avec succès
[2024-11-08T18:35:52.512+0000] {python.py:240} INFO - Done. Returned value was: True
[2024-11-08T18:35:52.561+0000] {taskinstance.py:340} INFO - ::group::Post task execution logs
[2024-11-08T18:35:52.561+0000] {taskinstance.py:352} INFO - Marking task as SUCCESS. dag_id=fraud_detection, task_id=load_dependencies, run_id=scheduled__2024-11-08T18:34:00+00:00, execution_date=20241108T183400, start_date=20241108T183501, end_date=20241108T183552
[2024-11-08T18:35:52.624+0000] {local_task_job_runner.py:266} INFO - Task exited with return code 0
[2024-11-08T18:35:52.650+0000] {standard_task_runner.py:217} INFO - Process not found (most likely exited), stop collecting metrics
[2024-11-08T18:35:52.673+0000] {taskinstance.py:3900} INFO - 1 downstream tasks scheduled from follow-on schedule check
[2024-11-08T18:35:52.683+0000] {local_task_job_runner.py:245} INFO - ::endgroup::
