[2024-11-08T18:18:07.016+0000] {local_task_job_runner.py:123} INFO - ::group::Pre task execution logs
[2024-11-08T18:18:07.059+0000] {taskinstance.py:2612} INFO - Dependencies all met for dep_context=non-requeueable deps ti=<TaskInstance: fraud_detection.notify_normal scheduled__2024-11-08T18:16:00+00:00 [queued]>
[2024-11-08T18:18:07.074+0000] {taskinstance.py:2612} INFO - Dependencies all met for dep_context=requeueable deps ti=<TaskInstance: fraud_detection.notify_normal scheduled__2024-11-08T18:16:00+00:00 [queued]>
[2024-11-08T18:18:07.075+0000] {taskinstance.py:2865} INFO - Starting attempt 1 of 2
[2024-11-08T18:18:07.101+0000] {taskinstance.py:2888} INFO - Executing <Task(PythonOperator): notify_normal> on 2024-11-08 18:16:00+00:00
[2024-11-08T18:18:07.114+0000] {warnings.py:112} WARNING - /home/***/.local/lib/python3.12/site-packages/***/task/task_runner/standard_task_runner.py:70: DeprecationWarning: This process (pid=993) is multi-threaded, use of fork() may lead to deadlocks in the child.
  pid = os.fork()

[2024-11-08T18:18:07.117+0000] {standard_task_runner.py:72} INFO - Started process 998 to run task
[2024-11-08T18:18:07.117+0000] {standard_task_runner.py:104} INFO - Running: ['***', 'tasks', 'run', 'fraud_detection', 'notify_normal', 'scheduled__2024-11-08T18:16:00+00:00', '--job-id', '219', '--raw', '--subdir', 'DAGS_FOLDER/fraud_detection_dag.py', '--cfg-path', '/tmp/tmp5xkdq6mj']
[2024-11-08T18:18:07.123+0000] {standard_task_runner.py:105} INFO - Job 219: Subtask notify_normal
[2024-11-08T18:18:07.202+0000] {task_command.py:467} INFO - Running <TaskInstance: fraud_detection.notify_normal scheduled__2024-11-08T18:16:00+00:00 [running]> on host 641085defe8e
[2024-11-08T18:18:07.368+0000] {taskinstance.py:3131} INFO - Exporting env vars: AIRFLOW_CTX_DAG_OWNER='fraud_team' AIRFLOW_CTX_DAG_ID='fraud_detection' AIRFLOW_CTX_TASK_ID='notify_normal' AIRFLOW_CTX_EXECUTION_DATE='2024-11-08T18:16:00+00:00' AIRFLOW_CTX_TRY_NUMBER='1' AIRFLOW_CTX_DAG_RUN_ID='scheduled__2024-11-08T18:16:00+00:00'
[2024-11-08T18:18:07.377+0000] {taskinstance.py:731} INFO - ::endgroup::
[2024-11-08T18:18:07.598+0000] {fraud_detection_dag.py:218} INFO - Données de transaction récupérées: {"columns":["cc_num","merchant","category","amt","first","last","gender","street","city","state","zip","lat","long","city_pop","job","dob","trans_num","merch_lat","merch_long","is_fraud","current_time"],"index":[425232],"data":[[3513618443244549,"fraud_Thiel-Thiel","entertainment",18.13,"Amber","Perez","F","954 Reyes Ways","Fulton","SD",57340,43.7588,-97.8712,355,"Financial adviser","1955-06-26","8b410b7c84dc62912e15779908c89cd9",44.298227,-97.171,0,1731089875693]]}
[2024-11-08T18:18:07.599+0000] {fraud_detection_dag.py:219} INFO - Probabilité de fraude: 0.3992962541993019
[2024-11-08T18:18:07.600+0000] {fraud_detection_dag.py:220} INFO - Est une fraude: False
[2024-11-08T18:18:07.623+0000] {fraud_detection_dag.py:280} INFO - Tentative d'envoi d'email normale...
[2024-11-08T18:18:07.624+0000] {fraud_detection_dag.py:281} INFO - Contenu de l'email:

        ✅ Transaction NORMALE détectée!
        
        Statut: Vert
        Probabilité de fraude: 39.93%
        
        Détails de la transaction:
        --------------------------
        ID Transaction: 8b410b7c84dc62912e15779908c89cd9
        Montant: 18.13€
        Date/Heure: 2024-11-08 18:17:55
        
        Informations sur le marchand:
        ----------------------------
        Nom: fraud_Thiel-Thiel
        Ville: Fulton
        État: SD
        
        Informations sur le client:
        --------------------------
        Nom: Amber Perez
        Ville: Fulton
        
        Cette notification a été générée automatiquement par le système de détection de fraude.
        
[2024-11-08T18:18:09.983+0000] {fraud_detection_dag.py:291} INFO - Email envoyé avec succès
[2024-11-08T18:18:09.985+0000] {python.py:240} INFO - Done. Returned value was: store_normal
[2024-11-08T18:18:10.128+0000] {taskinstance.py:340} INFO - ::group::Post task execution logs
[2024-11-08T18:18:10.129+0000] {taskinstance.py:352} INFO - Marking task as SUCCESS. dag_id=fraud_detection, task_id=notify_normal, run_id=scheduled__2024-11-08T18:16:00+00:00, execution_date=20241108T181600, start_date=20241108T181807, end_date=20241108T181810
[2024-11-08T18:18:10.249+0000] {local_task_job_runner.py:266} INFO - Task exited with return code 0
[2024-11-08T18:18:10.441+0000] {taskinstance.py:3900} INFO - 1 downstream tasks scheduled from follow-on schedule check
[2024-11-08T18:18:10.452+0000] {local_task_job_runner.py:245} INFO - ::endgroup::
