[2024-11-22T18:57:12.614+0000] {local_task_job_runner.py:123} INFO - ::group::Pre task execution logs
[2024-11-22T18:57:12.708+0000] {taskinstance.py:2612} INFO - Dependencies all met for dep_context=non-requeueable deps ti=<TaskInstance: fraud_detection.notify_normal scheduled__2024-11-22T18:55:00+00:00 [queued]>
[2024-11-22T18:57:12.769+0000] {taskinstance.py:2612} INFO - Dependencies all met for dep_context=requeueable deps ti=<TaskInstance: fraud_detection.notify_normal scheduled__2024-11-22T18:55:00+00:00 [queued]>
[2024-11-22T18:57:12.770+0000] {taskinstance.py:2865} INFO - Starting attempt 1 of 2
[2024-11-22T18:57:12.837+0000] {taskinstance.py:2888} INFO - Executing <Task(PythonOperator): notify_normal> on 2024-11-22 18:55:00+00:00
[2024-11-22T18:57:12.852+0000] {warnings.py:112} WARNING - /home/***/.local/lib/python3.12/site-packages/***/task/task_runner/standard_task_runner.py:70: DeprecationWarning: This process (pid=777) is multi-threaded, use of fork() may lead to deadlocks in the child.
  pid = os.fork()

[2024-11-22T18:57:12.856+0000] {standard_task_runner.py:72} INFO - Started process 780 to run task
[2024-11-22T18:57:12.860+0000] {standard_task_runner.py:104} INFO - Running: ['***', 'tasks', 'run', 'fraud_detection', 'notify_normal', 'scheduled__2024-11-22T18:55:00+00:00', '--job-id', '444', '--raw', '--subdir', 'DAGS_FOLDER/fraud_detection_dag.py', '--cfg-path', '/tmp/tmpz_g9mstb']
[2024-11-22T18:57:12.868+0000] {standard_task_runner.py:105} INFO - Job 444: Subtask notify_normal
[2024-11-22T18:57:13.077+0000] {task_command.py:467} INFO - Running <TaskInstance: fraud_detection.notify_normal scheduled__2024-11-22T18:55:00+00:00 [running]> on host c6af8dbaf1e5
[2024-11-22T18:57:13.499+0000] {taskinstance.py:3131} INFO - Exporting env vars: AIRFLOW_CTX_DAG_OWNER='fraud_team' AIRFLOW_CTX_DAG_ID='fraud_detection' AIRFLOW_CTX_TASK_ID='notify_normal' AIRFLOW_CTX_EXECUTION_DATE='2024-11-22T18:55:00+00:00' AIRFLOW_CTX_TRY_NUMBER='1' AIRFLOW_CTX_DAG_RUN_ID='scheduled__2024-11-22T18:55:00+00:00'
[2024-11-22T18:57:13.503+0000] {taskinstance.py:731} INFO - ::endgroup::
[2024-11-22T18:57:13.737+0000] {fraud_detection_dag.py:218} INFO - Données de transaction récupérées: {"columns":["cc_num","merchant","category","amt","first","last","gender","street","city","state","zip","lat","long","city_pop","job","dob","trans_num","merch_lat","merch_long","is_fraud","current_time"],"index":[188446],"data":[[4599735407877245080,"fraud_Hermiston, Russel and Price","food_dining",139.06,"Mary","Myers","F","39787 Pamela Fall Suite 639","Tiptonville","TN",38079,36.3846,-89.4649,5577,"Geochemist","1964-12-30","1b21a4d23e540556d5b9fe356aa530dd",37.235817,-88.759154,0,1732301819830]]}
[2024-11-22T18:57:13.738+0000] {fraud_detection_dag.py:219} INFO - Probabilité de fraude: 0.35564709221063395
[2024-11-22T18:57:13.739+0000] {fraud_detection_dag.py:220} INFO - Est une fraude: False
[2024-11-22T18:57:13.756+0000] {fraud_detection_dag.py:280} INFO - Tentative d'envoi d'email normale...
[2024-11-22T18:57:13.779+0000] {fraud_detection_dag.py:281} INFO - Contenu de l'email:

        ✅ Transaction NORMALE détectée!
        
        Statut: Vert
        Probabilité de fraude: 35.56%
        
        Détails de la transaction:
        --------------------------
        ID Transaction: 1b21a4d23e540556d5b9fe356aa530dd
        Montant: 139.06€
        Date/Heure: 2024-11-22 18:56:59
        
        Informations sur le marchand:
        ----------------------------
        Nom: fraud_Hermiston, Russel and Price
        Ville: Tiptonville
        État: TN
        
        Informations sur le client:
        --------------------------
        Nom: Mary Myers
        Ville: Tiptonville
        
        Cette notification a été générée automatiquement par le système de détection de fraude.
        
[2024-11-22T18:57:18.780+0000] {fraud_detection_dag.py:291} INFO - Email envoyé avec succès
[2024-11-22T18:57:18.787+0000] {python.py:240} INFO - Done. Returned value was: store_normal
[2024-11-22T18:57:18.884+0000] {taskinstance.py:340} INFO - ::group::Post task execution logs
[2024-11-22T18:57:18.885+0000] {taskinstance.py:352} INFO - Marking task as SUCCESS. dag_id=fraud_detection, task_id=notify_normal, run_id=scheduled__2024-11-22T18:55:00+00:00, execution_date=20241122T185500, start_date=20241122T185712, end_date=20241122T185718
[2024-11-22T18:57:19.068+0000] {local_task_job_runner.py:266} INFO - Task exited with return code 0
[2024-11-22T18:57:19.207+0000] {taskinstance.py:3900} INFO - 1 downstream tasks scheduled from follow-on schedule check
[2024-11-22T18:57:19.210+0000] {local_task_job_runner.py:245} INFO - ::endgroup::
