[2024-11-23T17:46:19.048+0000] {local_task_job_runner.py:123} INFO - ::group::Pre task execution logs
[2024-11-23T17:46:19.324+0000] {taskinstance.py:2612} INFO - Dependencies all met for dep_context=non-requeueable deps ti=<TaskInstance: fraud_detection.notify_normal manual__2024-11-23T17:45:17.428869+00:00 [queued]>
[2024-11-23T17:46:19.455+0000] {taskinstance.py:2612} INFO - Dependencies all met for dep_context=requeueable deps ti=<TaskInstance: fraud_detection.notify_normal manual__2024-11-23T17:45:17.428869+00:00 [queued]>
[2024-11-23T17:46:19.461+0000] {taskinstance.py:2865} INFO - Starting attempt 1 of 2
[2024-11-23T17:46:19.711+0000] {taskinstance.py:2888} INFO - Executing <Task(PythonOperator): notify_normal> on 2024-11-23 17:45:17.428869+00:00
[2024-11-23T17:46:19.786+0000] {warnings.py:112} WARNING - /home/***/.local/lib/python3.12/site-packages/***/task/task_runner/standard_task_runner.py:70: DeprecationWarning: This process (pid=2940) is multi-threaded, use of fork() may lead to deadlocks in the child.
  pid = os.fork()

[2024-11-23T17:46:19.798+0000] {standard_task_runner.py:72} INFO - Started process 2948 to run task
[2024-11-23T17:46:19.815+0000] {standard_task_runner.py:104} INFO - Running: ['***', 'tasks', 'run', 'fraud_detection', 'notify_normal', 'manual__2024-11-23T17:45:17.428869+00:00', '--job-id', '275', '--raw', '--subdir', 'DAGS_FOLDER/fraud_detection_dag.py', '--cfg-path', '/tmp/tmp6710t7wl']
[2024-11-23T17:46:19.819+0000] {standard_task_runner.py:105} INFO - Job 275: Subtask notify_normal
[2024-11-23T17:46:20.471+0000] {task_command.py:467} INFO - Running <TaskInstance: fraud_detection.notify_normal manual__2024-11-23T17:45:17.428869+00:00 [running]> on host 345e92ff26bf
[2024-11-23T17:46:21.061+0000] {taskinstance.py:3131} INFO - Exporting env vars: AIRFLOW_CTX_DAG_OWNER='fraud_team' AIRFLOW_CTX_DAG_ID='fraud_detection' AIRFLOW_CTX_TASK_ID='notify_normal' AIRFLOW_CTX_EXECUTION_DATE='2024-11-23T17:45:17.428869+00:00' AIRFLOW_CTX_TRY_NUMBER='1' AIRFLOW_CTX_DAG_RUN_ID='manual__2024-11-23T17:45:17.428869+00:00'
[2024-11-23T17:46:21.063+0000] {taskinstance.py:731} INFO - ::endgroup::
[2024-11-23T17:46:21.601+0000] {fraud_detection_dag.py:144} INFO - Données de transaction récupérées: {"columns":["cc_num","merchant","category","amt","first","last","gender","street","city","state","zip","lat","long","city_pop","job","dob","trans_num","merch_lat","merch_long","is_fraud","current_time"],"index":[408267],"data":[[4003989662068504,"fraud_Hickle Group","shopping_pos",8.33,"Chris","White","M","98897 Bennett Lodge","Bessemer","AL",35022,33.3224,-86.9657,71463,"Radio broadcast assistant","1989-02-08","8a7c9236a9f8ced89977db6e57c1c65b",33.522411,-87.729185,0,1732383961548]]}
[2024-11-23T17:46:21.603+0000] {fraud_detection_dag.py:145} INFO - Probabilité de fraude: 0.3589632462681479
[2024-11-23T17:46:21.630+0000] {fraud_detection_dag.py:146} INFO - Est une fraude: False
[2024-11-23T17:46:21.650+0000] {fraud_detection_dag.py:206} INFO - Tentative d'envoi d'email normale...
[2024-11-23T17:46:21.651+0000] {fraud_detection_dag.py:207} INFO - Contenu de l'email:

        ✅ Transaction NORMALE détectée!
        
        Statut: Vert
        Probabilité de fraude: 35.90%
        
        Détails de la transaction:
        --------------------------
        ID Transaction: 8a7c9236a9f8ced89977db6e57c1c65b
        Montant: 8.33€
        Date/Heure: 2024-11-23 17:46:01
        
        Informations sur le marchand:
        ----------------------------
        Nom: fraud_Hickle Group
        Ville: Bessemer
        État: AL
        
        Informations sur le client:
        --------------------------
        Nom: Chris White
        Ville: Bessemer
        
        Cette notification a été générée automatiquement par le système de détection de fraude.
        
[2024-11-23T17:46:28.614+0000] {fraud_detection_dag.py:217} INFO - Email envoyé avec succès
[2024-11-23T17:46:28.615+0000] {python.py:240} INFO - Done. Returned value was: store_normal
[2024-11-23T17:46:28.802+0000] {taskinstance.py:340} INFO - ::group::Post task execution logs
[2024-11-23T17:46:28.803+0000] {taskinstance.py:352} INFO - Marking task as SUCCESS. dag_id=fraud_detection, task_id=notify_normal, run_id=manual__2024-11-23T17:45:17.428869+00:00, execution_date=20241123T174517, start_date=20241123T174619, end_date=20241123T174628
[2024-11-23T17:46:28.896+0000] {local_task_job_runner.py:266} INFO - Task exited with return code 0
[2024-11-23T17:46:29.014+0000] {taskinstance.py:3900} INFO - 1 downstream tasks scheduled from follow-on schedule check
[2024-11-23T17:46:29.023+0000] {local_task_job_runner.py:245} INFO - ::endgroup::
