[2024-11-22T19:05:27.308+0000] {local_task_job_runner.py:123} INFO - ::group::Pre task execution logs
[2024-11-22T19:05:27.367+0000] {taskinstance.py:2612} INFO - Dependencies all met for dep_context=non-requeueable deps ti=<TaskInstance: fraud_detection.notify_normal scheduled__2024-11-22T19:03:00+00:00 [queued]>
[2024-11-22T19:05:27.408+0000] {taskinstance.py:2612} INFO - Dependencies all met for dep_context=requeueable deps ti=<TaskInstance: fraud_detection.notify_normal scheduled__2024-11-22T19:03:00+00:00 [queued]>
[2024-11-22T19:05:27.410+0000] {taskinstance.py:2865} INFO - Starting attempt 1 of 2
[2024-11-22T19:05:27.512+0000] {taskinstance.py:2888} INFO - Executing <Task(PythonOperator): notify_normal> on 2024-11-22 19:03:00+00:00
[2024-11-22T19:05:27.537+0000] {warnings.py:112} WARNING - /home/***/.local/lib/python3.12/site-packages/***/task/task_runner/standard_task_runner.py:70: DeprecationWarning: This process (pid=1090) is multi-threaded, use of fork() may lead to deadlocks in the child.
  pid = os.fork()

[2024-11-22T19:05:27.540+0000] {standard_task_runner.py:72} INFO - Started process 1092 to run task
[2024-11-22T19:05:27.541+0000] {standard_task_runner.py:104} INFO - Running: ['***', 'tasks', 'run', 'fraud_detection', 'notify_normal', 'scheduled__2024-11-22T19:03:00+00:00', '--job-id', '484', '--raw', '--subdir', 'DAGS_FOLDER/fraud_detection_dag.py', '--cfg-path', '/tmp/tmpc_n0610s']
[2024-11-22T19:05:27.553+0000] {standard_task_runner.py:105} INFO - Job 484: Subtask notify_normal
[2024-11-22T19:05:27.825+0000] {task_command.py:467} INFO - Running <TaskInstance: fraud_detection.notify_normal scheduled__2024-11-22T19:03:00+00:00 [running]> on host c6af8dbaf1e5
[2024-11-22T19:05:28.262+0000] {taskinstance.py:3131} INFO - Exporting env vars: AIRFLOW_CTX_DAG_OWNER='fraud_team' AIRFLOW_CTX_DAG_ID='fraud_detection' AIRFLOW_CTX_TASK_ID='notify_normal' AIRFLOW_CTX_EXECUTION_DATE='2024-11-22T19:03:00+00:00' AIRFLOW_CTX_TRY_NUMBER='1' AIRFLOW_CTX_DAG_RUN_ID='scheduled__2024-11-22T19:03:00+00:00'
[2024-11-22T19:05:28.267+0000] {taskinstance.py:731} INFO - ::endgroup::
[2024-11-22T19:05:28.433+0000] {fraud_detection_dag.py:218} INFO - Données de transaction récupérées: {"columns":["cc_num","merchant","category","amt","first","last","gender","street","city","state","zip","lat","long","city_pop","job","dob","trans_num","merch_lat","merch_long","is_fraud","current_time"],"index":[91932],"data":[[4623560839669,"fraud_Daugherty, Pouros and Beahan","shopping_pos",1.29,"Vincent","Waller","M","9379 Vanessa Run Apt. 400","Lohrville","IA",51453,42.2619,-94.5566,695,"Administrator","1954-07-15","353efa3d4fc6aef902a1da62042e8d19",41.666327,-93.628543,0,1732302317822]]}
[2024-11-22T19:05:28.434+0000] {fraud_detection_dag.py:219} INFO - Probabilité de fraude: 0.37935045425310343
[2024-11-22T19:05:28.435+0000] {fraud_detection_dag.py:220} INFO - Est une fraude: False
[2024-11-22T19:05:28.449+0000] {fraud_detection_dag.py:280} INFO - Tentative d'envoi d'email normale...
[2024-11-22T19:05:28.453+0000] {fraud_detection_dag.py:281} INFO - Contenu de l'email:

        ✅ Transaction NORMALE détectée!
        
        Statut: Vert
        Probabilité de fraude: 37.94%
        
        Détails de la transaction:
        --------------------------
        ID Transaction: 353efa3d4fc6aef902a1da62042e8d19
        Montant: 1.29€
        Date/Heure: 2024-11-22 19:05:17
        
        Informations sur le marchand:
        ----------------------------
        Nom: fraud_Daugherty, Pouros and Beahan
        Ville: Lohrville
        État: IA
        
        Informations sur le client:
        --------------------------
        Nom: Vincent Waller
        Ville: Lohrville
        
        Cette notification a été générée automatiquement par le système de détection de fraude.
        
[2024-11-22T19:05:30.399+0000] {fraud_detection_dag.py:291} INFO - Email envoyé avec succès
[2024-11-22T19:05:30.400+0000] {python.py:240} INFO - Done. Returned value was: store_normal
[2024-11-22T19:05:30.708+0000] {taskinstance.py:340} INFO - ::group::Post task execution logs
[2024-11-22T19:05:30.709+0000] {taskinstance.py:352} INFO - Marking task as SUCCESS. dag_id=fraud_detection, task_id=notify_normal, run_id=scheduled__2024-11-22T19:03:00+00:00, execution_date=20241122T190300, start_date=20241122T190527, end_date=20241122T190530
[2024-11-22T19:05:30.878+0000] {local_task_job_runner.py:266} INFO - Task exited with return code 0
[2024-11-22T19:05:30.975+0000] {taskinstance.py:3900} INFO - 1 downstream tasks scheduled from follow-on schedule check
[2024-11-22T19:05:30.983+0000] {local_task_job_runner.py:245} INFO - ::endgroup::
