[2024-11-08T18:26:55.450+0000] {local_task_job_runner.py:123} INFO - ::group::Pre task execution logs
[2024-11-08T18:26:55.490+0000] {taskinstance.py:2612} INFO - Dependencies all met for dep_context=non-requeueable deps ti=<TaskInstance: fraud_detection.notify_normal scheduled__2024-11-08T18:25:00+00:00 [queued]>
[2024-11-08T18:26:55.519+0000] {taskinstance.py:2612} INFO - Dependencies all met for dep_context=requeueable deps ti=<TaskInstance: fraud_detection.notify_normal scheduled__2024-11-08T18:25:00+00:00 [queued]>
[2024-11-08T18:26:55.520+0000] {taskinstance.py:2865} INFO - Starting attempt 1 of 2
[2024-11-08T18:26:55.541+0000] {taskinstance.py:2888} INFO - Executing <Task(PythonOperator): notify_normal> on 2024-11-08 18:25:00+00:00
[2024-11-08T18:26:55.552+0000] {warnings.py:112} WARNING - /home/***/.local/lib/python3.12/site-packages/***/task/task_runner/standard_task_runner.py:70: DeprecationWarning: This process (pid=1341) is multi-threaded, use of fork() may lead to deadlocks in the child.
  pid = os.fork()

[2024-11-08T18:26:55.553+0000] {standard_task_runner.py:72} INFO - Started process 1343 to run task
[2024-11-08T18:26:55.554+0000] {standard_task_runner.py:104} INFO - Running: ['***', 'tasks', 'run', 'fraud_detection', 'notify_normal', 'scheduled__2024-11-08T18:25:00+00:00', '--job-id', '265', '--raw', '--subdir', 'DAGS_FOLDER/fraud_detection_dag.py', '--cfg-path', '/tmp/tmp6w1uhxdj']
[2024-11-08T18:26:55.560+0000] {standard_task_runner.py:105} INFO - Job 265: Subtask notify_normal
[2024-11-08T18:26:55.638+0000] {task_command.py:467} INFO - Running <TaskInstance: fraud_detection.notify_normal scheduled__2024-11-08T18:25:00+00:00 [running]> on host 641085defe8e
[2024-11-08T18:26:55.836+0000] {taskinstance.py:3131} INFO - Exporting env vars: AIRFLOW_CTX_DAG_OWNER='fraud_team' AIRFLOW_CTX_DAG_ID='fraud_detection' AIRFLOW_CTX_TASK_ID='notify_normal' AIRFLOW_CTX_EXECUTION_DATE='2024-11-08T18:25:00+00:00' AIRFLOW_CTX_TRY_NUMBER='1' AIRFLOW_CTX_DAG_RUN_ID='scheduled__2024-11-08T18:25:00+00:00'
[2024-11-08T18:26:55.838+0000] {taskinstance.py:731} INFO - ::endgroup::
[2024-11-08T18:26:55.924+0000] {fraud_detection_dag.py:218} INFO - Données de transaction récupérées: {"columns":["cc_num","merchant","category","amt","first","last","gender","street","city","state","zip","lat","long","city_pop","job","dob","trans_num","merch_lat","merch_long","is_fraud","current_time"],"index":[481228],"data":[[4855488158131690372,"fraud_Kovacek, Dibbert and Ondricka","grocery_pos",90.02,"Jeremy","Roberson","M","25887 Martin Inlet","Graniteville","VT",5654,44.1554,-72.4847,970,"Agricultural consultant","1993-09-29","0f477e0c87d7ea84a3b20416b76353f5",43.749682,-72.371178,0,1731090409251]]}
[2024-11-08T18:26:55.925+0000] {fraud_detection_dag.py:219} INFO - Probabilité de fraude: 0.3951874666446401
[2024-11-08T18:26:55.926+0000] {fraud_detection_dag.py:220} INFO - Est une fraude: False
[2024-11-08T18:26:55.935+0000] {fraud_detection_dag.py:280} INFO - Tentative d'envoi d'email normale...
[2024-11-08T18:26:55.935+0000] {fraud_detection_dag.py:281} INFO - Contenu de l'email:

        ✅ Transaction NORMALE détectée!
        
        Statut: Vert
        Probabilité de fraude: 39.52%
        
        Détails de la transaction:
        --------------------------
        ID Transaction: 0f477e0c87d7ea84a3b20416b76353f5
        Montant: 90.02€
        Date/Heure: 2024-11-08 18:26:49
        
        Informations sur le marchand:
        ----------------------------
        Nom: fraud_Kovacek, Dibbert and Ondricka
        Ville: Graniteville
        État: VT
        
        Informations sur le client:
        --------------------------
        Nom: Jeremy Roberson
        Ville: Graniteville
        
        Cette notification a été générée automatiquement par le système de détection de fraude.
        
[2024-11-08T18:27:03.592+0000] {fraud_detection_dag.py:291} INFO - Email envoyé avec succès
[2024-11-08T18:27:03.612+0000] {python.py:240} INFO - Done. Returned value was: store_normal
[2024-11-08T18:27:03.720+0000] {taskinstance.py:340} INFO - ::group::Post task execution logs
[2024-11-08T18:27:03.721+0000] {taskinstance.py:352} INFO - Marking task as SUCCESS. dag_id=fraud_detection, task_id=notify_normal, run_id=scheduled__2024-11-08T18:25:00+00:00, execution_date=20241108T182500, start_date=20241108T182655, end_date=20241108T182703
[2024-11-08T18:27:03.786+0000] {local_task_job_runner.py:266} INFO - Task exited with return code 0
[2024-11-08T18:27:03.898+0000] {local_task_job_runner.py:245} INFO - ::endgroup::
