[2024-11-08T18:14:38.462+0000] {local_task_job_runner.py:123} INFO - ::group::Pre task execution logs
[2024-11-08T18:14:38.549+0000] {taskinstance.py:2612} INFO - Dependencies all met for dep_context=non-requeueable deps ti=<TaskInstance: fraud_detection.notify_normal scheduled__2024-11-08T18:11:00+00:00 [queued]>
[2024-11-08T18:14:38.584+0000] {taskinstance.py:2612} INFO - Dependencies all met for dep_context=requeueable deps ti=<TaskInstance: fraud_detection.notify_normal scheduled__2024-11-08T18:11:00+00:00 [queued]>
[2024-11-08T18:14:38.585+0000] {taskinstance.py:2865} INFO - Starting attempt 1 of 2
[2024-11-08T18:14:38.613+0000] {taskinstance.py:2888} INFO - Executing <Task(PythonOperator): notify_normal> on 2024-11-08 18:11:00+00:00
[2024-11-08T18:14:38.647+0000] {warnings.py:112} WARNING - /home/***/.local/lib/python3.12/site-packages/***/task/task_runner/standard_task_runner.py:70: DeprecationWarning: This process (pid=837) is multi-threaded, use of fork() may lead to deadlocks in the child.
  pid = os.fork()

[2024-11-08T18:14:38.650+0000] {standard_task_runner.py:72} INFO - Started process 843 to run task
[2024-11-08T18:14:38.650+0000] {standard_task_runner.py:104} INFO - Running: ['***', 'tasks', 'run', 'fraud_detection', 'notify_normal', 'scheduled__2024-11-08T18:11:00+00:00', '--job-id', '196', '--raw', '--subdir', 'DAGS_FOLDER/fraud_detection_dag.py', '--cfg-path', '/tmp/tmpnkmxa5pk']
[2024-11-08T18:14:38.659+0000] {standard_task_runner.py:105} INFO - Job 196: Subtask notify_normal
[2024-11-08T18:14:39.057+0000] {task_command.py:467} INFO - Running <TaskInstance: fraud_detection.notify_normal scheduled__2024-11-08T18:11:00+00:00 [running]> on host 641085defe8e
[2024-11-08T18:14:39.507+0000] {taskinstance.py:3131} INFO - Exporting env vars: AIRFLOW_CTX_DAG_OWNER='fraud_team' AIRFLOW_CTX_DAG_ID='fraud_detection' AIRFLOW_CTX_TASK_ID='notify_normal' AIRFLOW_CTX_EXECUTION_DATE='2024-11-08T18:11:00+00:00' AIRFLOW_CTX_TRY_NUMBER='1' AIRFLOW_CTX_DAG_RUN_ID='scheduled__2024-11-08T18:11:00+00:00'
[2024-11-08T18:14:39.512+0000] {taskinstance.py:731} INFO - ::endgroup::
[2024-11-08T18:14:39.666+0000] {fraud_detection_dag.py:218} INFO - Données de transaction récupérées: {"columns":["cc_num","merchant","category","amt","first","last","gender","street","city","state","zip","lat","long","city_pop","job","dob","trans_num","merch_lat","merch_long","is_fraud","current_time"],"index":[249138],"data":[[4536996888716062123,"fraud_Renner Ltd","home",64.04,"Nathan","Mendoza","M","767 Adam Mill Apt. 115","Espanola","NM",87533,35.9866,-106.0654,18408,"Historic buildings inspector\/conservation officer","1972-07-18","eaf0007fa4432ea54984193e729aa0b5",36.106755,-105.228857,0,1731089664894]]}
[2024-11-08T18:14:39.673+0000] {fraud_detection_dag.py:219} INFO - Probabilité de fraude: 0.245294038456369
[2024-11-08T18:14:39.674+0000] {fraud_detection_dag.py:220} INFO - Est une fraude: False
[2024-11-08T18:14:39.709+0000] {fraud_detection_dag.py:280} INFO - Tentative d'envoi d'email normale...
[2024-11-08T18:14:39.711+0000] {fraud_detection_dag.py:281} INFO - Contenu de l'email:

        ✅ Transaction NORMALE détectée!
        
        Statut: Vert
        Probabilité de fraude: 24.53%
        
        Détails de la transaction:
        --------------------------
        ID Transaction: eaf0007fa4432ea54984193e729aa0b5
        Montant: 64.04€
        Date/Heure: 2024-11-08 18:14:24
        
        Informations sur le marchand:
        ----------------------------
        Nom: fraud_Renner Ltd
        Ville: Espanola
        État: NM
        
        Informations sur le client:
        --------------------------
        Nom: Nathan Mendoza
        Ville: Espanola
        
        Cette notification a été générée automatiquement par le système de détection de fraude.
        
[2024-11-08T18:14:43.352+0000] {fraud_detection_dag.py:291} INFO - Email envoyé avec succès
[2024-11-08T18:14:43.354+0000] {python.py:240} INFO - Done. Returned value was: store_normal
[2024-11-08T18:14:43.466+0000] {taskinstance.py:340} INFO - ::group::Post task execution logs
[2024-11-08T18:14:43.467+0000] {taskinstance.py:352} INFO - Marking task as SUCCESS. dag_id=fraud_detection, task_id=notify_normal, run_id=scheduled__2024-11-08T18:11:00+00:00, execution_date=20241108T181100, start_date=20241108T181438, end_date=20241108T181443
[2024-11-08T18:14:43.583+0000] {local_task_job_runner.py:266} INFO - Task exited with return code 0
[2024-11-08T18:14:43.659+0000] {taskinstance.py:3900} INFO - 1 downstream tasks scheduled from follow-on schedule check
[2024-11-08T18:14:43.669+0000] {local_task_job_runner.py:245} INFO - ::endgroup::
[2024-11-08T18:14:43.673+0000] {standard_task_runner.py:217} INFO - Process not found (most likely exited), stop collecting metrics
