[2024-11-22T18:55:43.970+0000] {local_task_job_runner.py:123} INFO - ::group::Pre task execution logs
[2024-11-22T18:55:44.064+0000] {taskinstance.py:2612} INFO - Dependencies all met for dep_context=non-requeueable deps ti=<TaskInstance: fraud_detection.notify_normal scheduled__2024-11-22T18:53:00+00:00 [queued]>
[2024-11-22T18:55:44.112+0000] {taskinstance.py:2612} INFO - Dependencies all met for dep_context=requeueable deps ti=<TaskInstance: fraud_detection.notify_normal scheduled__2024-11-22T18:53:00+00:00 [queued]>
[2024-11-22T18:55:44.114+0000] {taskinstance.py:2865} INFO - Starting attempt 1 of 2
[2024-11-22T18:55:44.234+0000] {taskinstance.py:2888} INFO - Executing <Task(PythonOperator): notify_normal> on 2024-11-22 18:53:00+00:00
[2024-11-22T18:55:44.257+0000] {warnings.py:112} WARNING - /home/***/.local/lib/python3.12/site-packages/***/task/task_runner/standard_task_runner.py:70: DeprecationWarning: This process (pid=710) is multi-threaded, use of fork() may lead to deadlocks in the child.
  pid = os.fork()

[2024-11-22T18:55:44.260+0000] {standard_task_runner.py:72} INFO - Started process 712 to run task
[2024-11-22T18:55:44.277+0000] {standard_task_runner.py:104} INFO - Running: ['***', 'tasks', 'run', 'fraud_detection', 'notify_normal', 'scheduled__2024-11-22T18:53:00+00:00', '--job-id', '434', '--raw', '--subdir', 'DAGS_FOLDER/fraud_detection_dag.py', '--cfg-path', '/tmp/tmpddqxkl0r']
[2024-11-22T18:55:44.282+0000] {standard_task_runner.py:105} INFO - Job 434: Subtask notify_normal
[2024-11-22T18:55:44.545+0000] {task_command.py:467} INFO - Running <TaskInstance: fraud_detection.notify_normal scheduled__2024-11-22T18:53:00+00:00 [running]> on host c6af8dbaf1e5
[2024-11-22T18:55:44.932+0000] {taskinstance.py:3131} INFO - Exporting env vars: AIRFLOW_CTX_DAG_OWNER='fraud_team' AIRFLOW_CTX_DAG_ID='fraud_detection' AIRFLOW_CTX_TASK_ID='notify_normal' AIRFLOW_CTX_EXECUTION_DATE='2024-11-22T18:53:00+00:00' AIRFLOW_CTX_TRY_NUMBER='1' AIRFLOW_CTX_DAG_RUN_ID='scheduled__2024-11-22T18:53:00+00:00'
[2024-11-22T18:55:44.937+0000] {taskinstance.py:731} INFO - ::endgroup::
[2024-11-22T18:55:45.159+0000] {fraud_detection_dag.py:218} INFO - Données de transaction récupérées: {"columns":["cc_num","merchant","category","amt","first","last","gender","street","city","state","zip","lat","long","city_pop","job","dob","trans_num","merch_lat","merch_long","is_fraud","current_time"],"index":[110198],"data":[[4383521454815,"fraud_Miller-Hauck","grocery_pos",41.32,"John","Robertson","M","209 Austin Stream Apt. 231","Indianapolis","IN",46290,39.9347,-86.1633,910148,"Academic librarian","1987-09-22","17c105170b0308abae22928512ac277e",40.188747,-86.968477,0,1732301726332]]}
[2024-11-22T18:55:45.169+0000] {fraud_detection_dag.py:219} INFO - Probabilité de fraude: 0.39403410734150546
[2024-11-22T18:55:45.172+0000] {fraud_detection_dag.py:220} INFO - Est une fraude: False
[2024-11-22T18:55:45.197+0000] {fraud_detection_dag.py:280} INFO - Tentative d'envoi d'email normale...
[2024-11-22T18:55:45.199+0000] {fraud_detection_dag.py:281} INFO - Contenu de l'email:

        ✅ Transaction NORMALE détectée!
        
        Statut: Vert
        Probabilité de fraude: 39.40%
        
        Détails de la transaction:
        --------------------------
        ID Transaction: 17c105170b0308abae22928512ac277e
        Montant: 41.32€
        Date/Heure: 2024-11-22 18:55:26
        
        Informations sur le marchand:
        ----------------------------
        Nom: fraud_Miller-Hauck
        Ville: Indianapolis
        État: IN
        
        Informations sur le client:
        --------------------------
        Nom: John Robertson
        Ville: Indianapolis
        
        Cette notification a été générée automatiquement par le système de détection de fraude.
        
[2024-11-22T18:55:53.189+0000] {fraud_detection_dag.py:291} INFO - Email envoyé avec succès
[2024-11-22T18:55:53.197+0000] {python.py:240} INFO - Done. Returned value was: store_normal
[2024-11-22T18:55:53.252+0000] {taskinstance.py:340} INFO - ::group::Post task execution logs
[2024-11-22T18:55:53.253+0000] {taskinstance.py:352} INFO - Marking task as SUCCESS. dag_id=fraud_detection, task_id=notify_normal, run_id=scheduled__2024-11-22T18:53:00+00:00, execution_date=20241122T185300, start_date=20241122T185544, end_date=20241122T185553
[2024-11-22T18:55:53.322+0000] {local_task_job_runner.py:266} INFO - Task exited with return code 0
[2024-11-22T18:55:53.360+0000] {taskinstance.py:3900} INFO - 1 downstream tasks scheduled from follow-on schedule check
[2024-11-22T18:55:53.375+0000] {local_task_job_runner.py:245} INFO - ::endgroup::
