[2024-11-23T17:51:21.697+0000] {local_task_job_runner.py:123} INFO - ::group::Pre task execution logs
[2024-11-23T17:51:21.777+0000] {taskinstance.py:2612} INFO - Dependencies all met for dep_context=non-requeueable deps ti=<TaskInstance: fraud_detection.process_transaction manual__2024-11-23T17:50:15.303271+00:00 [queued]>
[2024-11-23T17:51:21.840+0000] {taskinstance.py:2612} INFO - Dependencies all met for dep_context=requeueable deps ti=<TaskInstance: fraud_detection.process_transaction manual__2024-11-23T17:50:15.303271+00:00 [queued]>
[2024-11-23T17:51:21.842+0000] {taskinstance.py:2865} INFO - Starting attempt 1 of 2
[2024-11-23T17:51:21.871+0000] {taskinstance.py:2888} INFO - Executing <Task(BranchPythonOperator): process_transaction> on 2024-11-23 17:50:15.303271+00:00
[2024-11-23T17:51:21.896+0000] {warnings.py:112} WARNING - /home/***/.local/lib/python3.12/site-packages/***/task/task_runner/standard_task_runner.py:70: DeprecationWarning: This process (pid=3308) is multi-threaded, use of fork() may lead to deadlocks in the child.
  pid = os.fork()

[2024-11-23T17:51:21.898+0000] {standard_task_runner.py:72} INFO - Started process 3320 to run task
[2024-11-23T17:51:21.907+0000] {standard_task_runner.py:104} INFO - Running: ['***', 'tasks', 'run', 'fraud_detection', 'process_transaction', 'manual__2024-11-23T17:50:15.303271+00:00', '--job-id', '317', '--raw', '--subdir', 'DAGS_FOLDER/fraud_detection_dag.py', '--cfg-path', '/tmp/tmpv5gkunze']
[2024-11-23T17:51:21.914+0000] {standard_task_runner.py:105} INFO - Job 317: Subtask process_transaction
[2024-11-23T17:51:22.152+0000] {task_command.py:467} INFO - Running <TaskInstance: fraud_detection.process_transaction manual__2024-11-23T17:50:15.303271+00:00 [running]> on host 345e92ff26bf
[2024-11-23T17:51:22.571+0000] {taskinstance.py:3131} INFO - Exporting env vars: AIRFLOW_CTX_DAG_OWNER='fraud_team' AIRFLOW_CTX_DAG_ID='fraud_detection' AIRFLOW_CTX_TASK_ID='process_transaction' AIRFLOW_CTX_EXECUTION_DATE='2024-11-23T17:50:15.303271+00:00' AIRFLOW_CTX_TRY_NUMBER='1' AIRFLOW_CTX_DAG_RUN_ID='manual__2024-11-23T17:50:15.303271+00:00'
[2024-11-23T17:51:22.573+0000] {taskinstance.py:731} INFO - ::endgroup::
[2024-11-23T17:51:22.593+0000] {baseoperator.py:405} WARNING - BranchPythonOperator.execute cannot be called outside TaskInstance!
[2024-11-23T17:51:22.622+0000] {fraud_detection_dag.py:78} INFO - Données récupérées depuis XCom: {"columns":["cc_num","merchant","category","amt","first","last","gender","street","city","state","zip","lat","long","city_pop","job","dob","trans_num","merch_lat","merch_long","is_fraud","current_time"],"index":[381918],"data":[[4423489490781412,"fraud_Gottlieb, Considine and Schultz","shopping_net",2.33,"Christopher","Ortega","M","5045 Emily Wall","Princeton","IA",52768,41.6858,-90.3706,1426,"Agricultural consultant","1957-03-06","2aa15bf957aba1c5db22266492c0e847",42.129908,-90.240595,0,1732384275761]]}
[2024-11-23T17:51:22.628+0000] {fraud_detection_dag.py:86} INFO - Données JSON parsées avec succès
[2024-11-23T17:51:22.633+0000] {fraud_detection_dag.py:90} INFO - DataFrame créé avec 1 lignes
[2024-11-23T17:51:22.636+0000] {fraud_detection_dag.py:94} INFO - Colonnes renommées avec succès
[2024-11-23T17:51:22.638+0000] {fraud_detection_dag.py:95} INFO - Colonnes disponibles: ['cc_num', 'merchant', 'category', 'amt', 'first', 'last', 'gender', 'street', 'city', 'state', 'zip', 'lat', 'long', 'city_pop', 'job', 'dob', 'trans_num', 'merch_lat', 'merch_long', 'is_fraud', 'trans_date_trans_time']
[2024-11-23T17:51:22.641+0000] {fraud_detection_dag.py:99} INFO - Conversion de trans_date_trans_time en unix_time réussie
[2024-11-23T17:51:22.698+0000] {fraud_detection_dag.py:108} INFO - Transformation des données...
[2024-11-23T17:51:24.507+0000] {warnings.py:112} WARNING - /home/***/.local/lib/python3.12/site-packages/sklearn/ensemble/_base.py:172: UserWarning: Loky-backed parallel loops cannot be called in a multiprocessing, setting n_jobs=1
  n_jobs = min(effective_n_jobs(n_jobs), n_estimators)

[2024-11-23T17:51:24.549+0000] {warnings.py:112} WARNING - /home/***/.local/lib/python3.12/site-packages/sklearn/ensemble/_base.py:172: UserWarning: Loky-backed parallel loops cannot be called in a multiprocessing, setting n_jobs=1
  n_jobs = min(effective_n_jobs(n_jobs), n_estimators)

[2024-11-23T17:51:24.563+0000] {fraud_detection_dag.py:120} INFO - Prediction de fraude: NORMAL, Probabilité: 41.69%
[2024-11-23T17:51:24.639+0000] {fraud_detection_dag.py:126} INFO - Prédiction: NORMAL (Probabilité: 41.69%)
[2024-11-23T17:51:24.641+0000] {python.py:240} INFO - Done. Returned value was: notify_normal
[2024-11-23T17:51:24.646+0000] {branch.py:38} INFO - Branch into notify_normal
[2024-11-23T17:51:24.647+0000] {skipmixin.py:230} INFO - Following branch ('notify_normal',)
[2024-11-23T17:51:24.678+0000] {skipmixin.py:278} INFO - Skipping tasks [('notify_fraud', -1), ('skip_processing', -1)]
[2024-11-23T17:51:24.907+0000] {taskinstance.py:340} INFO - ::group::Post task execution logs
[2024-11-23T17:51:24.910+0000] {taskinstance.py:352} INFO - Marking task as SUCCESS. dag_id=fraud_detection, task_id=process_transaction, run_id=manual__2024-11-23T17:50:15.303271+00:00, execution_date=20241123T175015, start_date=20241123T175121, end_date=20241123T175124
[2024-11-23T17:51:25.172+0000] {local_task_job_runner.py:266} INFO - Task exited with return code 0
[2024-11-23T17:51:25.350+0000] {taskinstance.py:3900} INFO - 1 downstream tasks scheduled from follow-on schedule check
[2024-11-23T17:51:25.362+0000] {local_task_job_runner.py:245} INFO - ::endgroup::
