[2024-11-23T18:08:48.128+0000] {local_task_job_runner.py:123} INFO - ::group::Pre task execution logs
[2024-11-23T18:08:48.285+0000] {taskinstance.py:2612} INFO - Dependencies all met for dep_context=non-requeueable deps ti=<TaskInstance: fraud_detection.process_transaction scheduled__2024-11-23T18:07:00+00:00 [queued]>
[2024-11-23T18:08:48.369+0000] {taskinstance.py:2612} INFO - Dependencies all met for dep_context=requeueable deps ti=<TaskInstance: fraud_detection.process_transaction scheduled__2024-11-23T18:07:00+00:00 [queued]>
[2024-11-23T18:08:48.374+0000] {taskinstance.py:2865} INFO - Starting attempt 1 of 2
[2024-11-23T18:08:48.567+0000] {taskinstance.py:2888} INFO - Executing <Task(BranchPythonOperator): process_transaction> on 2024-11-23 18:07:00+00:00
[2024-11-23T18:08:48.732+0000] {warnings.py:112} WARNING - /home/***/.local/lib/python3.12/site-packages/***/task/task_runner/standard_task_runner.py:70: DeprecationWarning: This process (pid=4560) is multi-threaded, use of fork() may lead to deadlocks in the child.
  pid = os.fork()

[2024-11-23T18:08:48.763+0000] {standard_task_runner.py:72} INFO - Started process 4567 to run task
[2024-11-23T18:08:48.737+0000] {standard_task_runner.py:104} INFO - Running: ['***', 'tasks', 'run', 'fraud_detection', 'process_transaction', 'scheduled__2024-11-23T18:07:00+00:00', '--job-id', '455', '--raw', '--subdir', 'DAGS_FOLDER/fraud_detection_dag.py', '--cfg-path', '/tmp/tmp1h7k16a6']
[2024-11-23T18:08:48.774+0000] {standard_task_runner.py:105} INFO - Job 455: Subtask process_transaction
[2024-11-23T18:08:49.260+0000] {task_command.py:467} INFO - Running <TaskInstance: fraud_detection.process_transaction scheduled__2024-11-23T18:07:00+00:00 [running]> on host 345e92ff26bf
[2024-11-23T18:08:50.132+0000] {taskinstance.py:3131} INFO - Exporting env vars: AIRFLOW_CTX_DAG_OWNER='fraud_team' AIRFLOW_CTX_DAG_ID='fraud_detection' AIRFLOW_CTX_TASK_ID='process_transaction' AIRFLOW_CTX_EXECUTION_DATE='2024-11-23T18:07:00+00:00' AIRFLOW_CTX_TRY_NUMBER='1' AIRFLOW_CTX_DAG_RUN_ID='scheduled__2024-11-23T18:07:00+00:00'
[2024-11-23T18:08:50.157+0000] {taskinstance.py:731} INFO - ::endgroup::
[2024-11-23T18:08:50.262+0000] {baseoperator.py:405} WARNING - BranchPythonOperator.execute cannot be called outside TaskInstance!
[2024-11-23T18:08:50.360+0000] {fraud_detection_dag.py:78} INFO - Données récupérées depuis XCom: {"columns":["cc_num","merchant","category","amt","first","last","gender","street","city","state","zip","lat","long","city_pop","job","dob","trans_num","merch_lat","merch_long","is_fraud","current_time"],"index":[36508],"data":[[36721445180895,"fraud_Deckow-O'Conner","grocery_pos",106.58,"Cesar","Smith","M","901 Ariel Points","Jefferson","NY",12093,42.4999,-74.6117,1666,"Diagnostic radiographer","1968-07-01","e77bdac8f23a2a0d857f4a1c85696a1c",43.111426,-75.259083,0,1732385322668]]}
[2024-11-23T18:08:50.361+0000] {fraud_detection_dag.py:86} INFO - Données JSON parsées avec succès
[2024-11-23T18:08:50.366+0000] {fraud_detection_dag.py:90} INFO - DataFrame créé avec 1 lignes
[2024-11-23T18:08:50.409+0000] {fraud_detection_dag.py:94} INFO - Colonnes renommées avec succès
[2024-11-23T18:08:50.410+0000] {fraud_detection_dag.py:95} INFO - Colonnes disponibles: ['cc_num', 'merchant', 'category', 'amt', 'first', 'last', 'gender', 'street', 'city', 'state', 'zip', 'lat', 'long', 'city_pop', 'job', 'dob', 'trans_num', 'merch_lat', 'merch_long', 'is_fraud', 'trans_date_trans_time']
[2024-11-23T18:08:50.419+0000] {fraud_detection_dag.py:99} INFO - Conversion de trans_date_trans_time en unix_time réussie
[2024-11-23T18:08:50.632+0000] {fraud_detection_dag.py:108} INFO - Transformation des données...
[2024-11-23T18:08:52.286+0000] {warnings.py:112} WARNING - /home/***/.local/lib/python3.12/site-packages/sklearn/ensemble/_base.py:172: UserWarning: Loky-backed parallel loops cannot be called in a multiprocessing, setting n_jobs=1
  n_jobs = min(effective_n_jobs(n_jobs), n_estimators)

[2024-11-23T18:08:52.299+0000] {warnings.py:112} WARNING - /home/***/.local/lib/python3.12/site-packages/sklearn/ensemble/_base.py:172: UserWarning: Loky-backed parallel loops cannot be called in a multiprocessing, setting n_jobs=1
  n_jobs = min(effective_n_jobs(n_jobs), n_estimators)

[2024-11-23T18:08:52.304+0000] {fraud_detection_dag.py:120} INFO - Prediction de fraude: NORMAL, Probabilité: 41.97%
[2024-11-23T18:08:52.542+0000] {fraud_detection_dag.py:126} INFO - Prédiction: NORMAL (Probabilité: 41.97%)
[2024-11-23T18:08:52.567+0000] {python.py:240} INFO - Done. Returned value was: notify_normal
[2024-11-23T18:08:52.568+0000] {branch.py:38} INFO - Branch into notify_normal
[2024-11-23T18:08:52.569+0000] {skipmixin.py:230} INFO - Following branch ('notify_normal',)
[2024-11-23T18:08:52.627+0000] {skipmixin.py:278} INFO - Skipping tasks [('notify_fraud', -1), ('skip_processing', -1)]
[2024-11-23T18:08:52.934+0000] {taskinstance.py:340} INFO - ::group::Post task execution logs
[2024-11-23T18:08:52.936+0000] {taskinstance.py:352} INFO - Marking task as SUCCESS. dag_id=fraud_detection, task_id=process_transaction, run_id=scheduled__2024-11-23T18:07:00+00:00, execution_date=20241123T180700, start_date=20241123T180848, end_date=20241123T180852
[2024-11-23T18:08:53.155+0000] {local_task_job_runner.py:266} INFO - Task exited with return code 0
[2024-11-23T18:08:53.238+0000] {taskinstance.py:3900} INFO - 1 downstream tasks scheduled from follow-on schedule check
[2024-11-23T18:08:53.259+0000] {local_task_job_runner.py:245} INFO - ::endgroup::
