[2024-11-23T17:02:53.323+0000] {local_task_job_runner.py:123} INFO - ::group::Pre task execution logs
[2024-11-23T17:02:53.445+0000] {taskinstance.py:2612} INFO - Dependencies all met for dep_context=non-requeueable deps ti=<TaskInstance: fraud_detection.process_transaction manual__2024-11-23T17:02:08.817745+00:00 [queued]>
[2024-11-23T17:02:53.470+0000] {taskinstance.py:2612} INFO - Dependencies all met for dep_context=requeueable deps ti=<TaskInstance: fraud_detection.process_transaction manual__2024-11-23T17:02:08.817745+00:00 [queued]>
[2024-11-23T17:02:53.471+0000] {taskinstance.py:2865} INFO - Starting attempt 1 of 2
[2024-11-23T17:02:53.506+0000] {taskinstance.py:2888} INFO - Executing <Task(BranchPythonOperator): process_transaction> on 2024-11-23 17:02:08.817745+00:00
[2024-11-23T17:02:53.526+0000] {warnings.py:112} WARNING - /home/***/.local/lib/python3.12/site-packages/***/task/task_runner/standard_task_runner.py:70: DeprecationWarning: This process (pid=968) is multi-threaded, use of fork() may lead to deadlocks in the child.
  pid = os.fork()

[2024-11-23T17:02:53.530+0000] {standard_task_runner.py:72} INFO - Started process 975 to run task
[2024-11-23T17:02:53.532+0000] {standard_task_runner.py:104} INFO - Running: ['***', 'tasks', 'run', 'fraud_detection', 'process_transaction', 'manual__2024-11-23T17:02:08.817745+00:00', '--job-id', '100', '--raw', '--subdir', 'DAGS_FOLDER/fraud_detection_dag.py', '--cfg-path', '/tmp/tmppe73ovh9']
[2024-11-23T17:02:53.542+0000] {standard_task_runner.py:105} INFO - Job 100: Subtask process_transaction
[2024-11-23T17:02:53.707+0000] {task_command.py:467} INFO - Running <TaskInstance: fraud_detection.process_transaction manual__2024-11-23T17:02:08.817745+00:00 [running]> on host 345e92ff26bf
[2024-11-23T17:02:54.010+0000] {taskinstance.py:3131} INFO - Exporting env vars: AIRFLOW_CTX_DAG_OWNER='fraud_team' AIRFLOW_CTX_DAG_ID='fraud_detection' AIRFLOW_CTX_TASK_ID='process_transaction' AIRFLOW_CTX_EXECUTION_DATE='2024-11-23T17:02:08.817745+00:00' AIRFLOW_CTX_TRY_NUMBER='1' AIRFLOW_CTX_DAG_RUN_ID='manual__2024-11-23T17:02:08.817745+00:00'
[2024-11-23T17:02:54.012+0000] {taskinstance.py:731} INFO - ::endgroup::
[2024-11-23T17:02:54.027+0000] {baseoperator.py:405} WARNING - BranchPythonOperator.execute cannot be called outside TaskInstance!
[2024-11-23T17:02:54.060+0000] {fraud_detection_dag.py:78} INFO - Données récupérées depuis XCom: {"columns":["cc_num","merchant","category","amt","first","last","gender","street","city","state","zip","lat","long","city_pop","job","dob","trans_num","merch_lat","merch_long","is_fraud","current_time"],"index":[549763],"data":[[30044330818990,"fraud_DuBuque LLC","grocery_pos",183.8,"Allison","Ayala","F","87665 Karen Mill Apt. 586","Fort Myers","FL",33967,26.4722,-81.8122,224256,"Paramedic","1985-08-29","7344374f926a3f6d217f1f715ffaf462",26.408817,-82.278024,0,1732381368764]]}
[2024-11-23T17:02:54.061+0000] {fraud_detection_dag.py:86} INFO - Données JSON parsées avec succès
[2024-11-23T17:02:54.071+0000] {fraud_detection_dag.py:90} INFO - DataFrame créé avec 1 lignes
[2024-11-23T17:02:54.090+0000] {fraud_detection_dag.py:94} INFO - Colonnes renommées avec succès
[2024-11-23T17:02:54.093+0000] {fraud_detection_dag.py:95} INFO - Colonnes disponibles: ['cc_num', 'merchant', 'category', 'amt', 'first', 'last', 'gender', 'street', 'city', 'state', 'zip', 'lat', 'long', 'city_pop', 'job', 'dob', 'trans_num', 'merch_lat', 'merch_long', 'is_fraud', 'trans_date_trans_time']
[2024-11-23T17:02:54.100+0000] {fraud_detection_dag.py:99} INFO - Conversion de trans_date_trans_time en unix_time réussie
[2024-11-23T17:02:54.145+0000] {fraud_detection_dag.py:108} INFO - Transformation des données...
[2024-11-23T17:02:55.255+0000] {warnings.py:112} WARNING - /home/***/.local/lib/python3.12/site-packages/sklearn/ensemble/_base.py:172: UserWarning: Loky-backed parallel loops cannot be called in a multiprocessing, setting n_jobs=1
  n_jobs = min(effective_n_jobs(n_jobs), n_estimators)

[2024-11-23T17:02:55.287+0000] {warnings.py:112} WARNING - /home/***/.local/lib/python3.12/site-packages/sklearn/ensemble/_base.py:172: UserWarning: Loky-backed parallel loops cannot be called in a multiprocessing, setting n_jobs=1
  n_jobs = min(effective_n_jobs(n_jobs), n_estimators)

[2024-11-23T17:02:55.307+0000] {fraud_detection_dag.py:120} INFO - Prediction de fraude: NORMAL, Probabilité: 30.82%
[2024-11-23T17:02:55.381+0000] {fraud_detection_dag.py:126} INFO - Prédiction: NORMAL (Probabilité: 30.82%)
[2024-11-23T17:02:55.382+0000] {python.py:240} INFO - Done. Returned value was: notify_normal
[2024-11-23T17:02:55.383+0000] {branch.py:38} INFO - Branch into notify_normal
[2024-11-23T17:02:55.384+0000] {skipmixin.py:230} INFO - Following branch ('notify_normal',)
[2024-11-23T17:02:55.420+0000] {skipmixin.py:278} INFO - Skipping tasks [('notify_fraud', -1), ('skip_processing', -1)]
[2024-11-23T17:02:55.473+0000] {taskinstance.py:340} INFO - ::group::Post task execution logs
[2024-11-23T17:02:55.474+0000] {taskinstance.py:352} INFO - Marking task as SUCCESS. dag_id=fraud_detection, task_id=process_transaction, run_id=manual__2024-11-23T17:02:08.817745+00:00, execution_date=20241123T170208, start_date=20241123T170253, end_date=20241123T170255
[2024-11-23T17:02:55.551+0000] {local_task_job_runner.py:266} INFO - Task exited with return code 0
[2024-11-23T17:02:55.661+0000] {taskinstance.py:3900} INFO - 1 downstream tasks scheduled from follow-on schedule check
[2024-11-23T17:02:55.668+0000] {local_task_job_runner.py:245} INFO - ::endgroup::
