[2024-11-23T17:46:23.655+0000] {local_task_job_runner.py:123} INFO - ::group::Pre task execution logs
[2024-11-23T17:46:24.033+0000] {taskinstance.py:2612} INFO - Dependencies all met for dep_context=non-requeueable deps ti=<TaskInstance: fraud_detection.notify_normal scheduled__2024-11-23T17:44:00+00:00 [queued]>
[2024-11-23T17:46:24.200+0000] {taskinstance.py:2612} INFO - Dependencies all met for dep_context=requeueable deps ti=<TaskInstance: fraud_detection.notify_normal scheduled__2024-11-23T17:44:00+00:00 [queued]>
[2024-11-23T17:46:24.222+0000] {taskinstance.py:2865} INFO - Starting attempt 1 of 2
[2024-11-23T17:46:24.500+0000] {taskinstance.py:2888} INFO - Executing <Task(PythonOperator): notify_normal> on 2024-11-23 17:44:00+00:00
[2024-11-23T17:46:24.553+0000] {standard_task_runner.py:104} INFO - Running: ['***', 'tasks', 'run', 'fraud_detection', 'notify_normal', 'scheduled__2024-11-23T17:44:00+00:00', '--job-id', '276', '--raw', '--subdir', 'DAGS_FOLDER/fraud_detection_dag.py', '--cfg-path', '/tmp/tmpjerr2cqs']
[2024-11-23T17:46:24.540+0000] {warnings.py:112} WARNING - /home/***/.local/lib/python3.12/site-packages/***/task/task_runner/standard_task_runner.py:70: DeprecationWarning: This process (pid=2943) is multi-threaded, use of fork() may lead to deadlocks in the child.
  pid = os.fork()

[2024-11-23T17:46:24.592+0000] {standard_task_runner.py:72} INFO - Started process 2960 to run task
[2024-11-23T17:46:24.560+0000] {standard_task_runner.py:105} INFO - Job 276: Subtask notify_normal
[2024-11-23T17:46:25.215+0000] {task_command.py:467} INFO - Running <TaskInstance: fraud_detection.notify_normal scheduled__2024-11-23T17:44:00+00:00 [running]> on host 345e92ff26bf
[2024-11-23T17:46:26.168+0000] {taskinstance.py:3131} INFO - Exporting env vars: AIRFLOW_CTX_DAG_OWNER='fraud_team' AIRFLOW_CTX_DAG_ID='fraud_detection' AIRFLOW_CTX_TASK_ID='notify_normal' AIRFLOW_CTX_EXECUTION_DATE='2024-11-23T17:44:00+00:00' AIRFLOW_CTX_TRY_NUMBER='1' AIRFLOW_CTX_DAG_RUN_ID='scheduled__2024-11-23T17:44:00+00:00'
[2024-11-23T17:46:26.186+0000] {taskinstance.py:731} INFO - ::endgroup::
[2024-11-23T17:46:26.684+0000] {fraud_detection_dag.py:144} INFO - Données de transaction récupérées: {"columns":["cc_num","merchant","category","amt","first","last","gender","street","city","state","zip","lat","long","city_pop","job","dob","trans_num","merch_lat","merch_long","is_fraud","current_time"],"index":[273845],"data":[[502049568400,"fraud_Effertz LLC","entertainment",71.78,"Daniel","Melton","M","6157 Nichols Mews","Marion","CT",6444,41.7918,-72.7188,370,"Health service manager","1962-02-13","3ee8c13ce3f5ff7f22fffeaf57de284c",42.272207,-72.934464,0,1732383964369]]}
[2024-11-23T17:46:26.686+0000] {fraud_detection_dag.py:145} INFO - Probabilité de fraude: 0.3662793613329771
[2024-11-23T17:46:26.769+0000] {fraud_detection_dag.py:146} INFO - Est une fraude: False
[2024-11-23T17:46:26.794+0000] {fraud_detection_dag.py:206} INFO - Tentative d'envoi d'email normale...
[2024-11-23T17:46:26.796+0000] {fraud_detection_dag.py:207} INFO - Contenu de l'email:

        ✅ Transaction NORMALE détectée!
        
        Statut: Vert
        Probabilité de fraude: 36.63%
        
        Détails de la transaction:
        --------------------------
        ID Transaction: 3ee8c13ce3f5ff7f22fffeaf57de284c
        Montant: 71.78€
        Date/Heure: 2024-11-23 17:46:04
        
        Informations sur le marchand:
        ----------------------------
        Nom: fraud_Effertz LLC
        Ville: Marion
        État: CT
        
        Informations sur le client:
        --------------------------
        Nom: Daniel Melton
        Ville: Marion
        
        Cette notification a été générée automatiquement par le système de détection de fraude.
        
[2024-11-23T17:46:33.230+0000] {fraud_detection_dag.py:217} INFO - Email envoyé avec succès
[2024-11-23T17:46:33.231+0000] {python.py:240} INFO - Done. Returned value was: store_normal
[2024-11-23T17:46:33.327+0000] {taskinstance.py:340} INFO - ::group::Post task execution logs
[2024-11-23T17:46:33.329+0000] {taskinstance.py:352} INFO - Marking task as SUCCESS. dag_id=fraud_detection, task_id=notify_normal, run_id=scheduled__2024-11-23T17:44:00+00:00, execution_date=20241123T174400, start_date=20241123T174624, end_date=20241123T174633
[2024-11-23T17:46:33.467+0000] {local_task_job_runner.py:266} INFO - Task exited with return code 0
[2024-11-23T17:46:33.619+0000] {taskinstance.py:3900} INFO - 1 downstream tasks scheduled from follow-on schedule check
[2024-11-23T17:46:33.638+0000] {local_task_job_runner.py:245} INFO - ::endgroup::
