[2024-11-23T16:52:15.808+0000] {local_task_job_runner.py:123} INFO - ::group::Pre task execution logs
[2024-11-23T16:52:15.868+0000] {taskinstance.py:2612} INFO - Dependencies all met for dep_context=non-requeueable deps ti=<TaskInstance: fraud_detection.notify_normal scheduled__2024-11-23T16:50:00+00:00 [queued]>
[2024-11-23T16:52:15.888+0000] {taskinstance.py:2612} INFO - Dependencies all met for dep_context=requeueable deps ti=<TaskInstance: fraud_detection.notify_normal scheduled__2024-11-23T16:50:00+00:00 [queued]>
[2024-11-23T16:52:15.888+0000] {taskinstance.py:2865} INFO - Starting attempt 1 of 2
[2024-11-23T16:52:15.926+0000] {taskinstance.py:2888} INFO - Executing <Task(PythonOperator): notify_normal> on 2024-11-23 16:50:00+00:00
[2024-11-23T16:52:15.939+0000] {warnings.py:112} WARNING - /home/***/.local/lib/python3.12/site-packages/***/task/task_runner/standard_task_runner.py:70: DeprecationWarning: This process (pid=295) is multi-threaded, use of fork() may lead to deadlocks in the child.
  pid = os.fork()

[2024-11-23T16:52:15.941+0000] {standard_task_runner.py:72} INFO - Started process 301 to run task
[2024-11-23T16:52:15.950+0000] {standard_task_runner.py:104} INFO - Running: ['***', 'tasks', 'run', 'fraud_detection', 'notify_normal', 'scheduled__2024-11-23T16:50:00+00:00', '--job-id', '31', '--raw', '--subdir', 'DAGS_FOLDER/fraud_detection_dag.py', '--cfg-path', '/tmp/tmp9a7w4pje']
[2024-11-23T16:52:15.961+0000] {standard_task_runner.py:105} INFO - Job 31: Subtask notify_normal
[2024-11-23T16:52:16.072+0000] {task_command.py:467} INFO - Running <TaskInstance: fraud_detection.notify_normal scheduled__2024-11-23T16:50:00+00:00 [running]> on host 345e92ff26bf
[2024-11-23T16:52:16.352+0000] {taskinstance.py:3131} INFO - Exporting env vars: AIRFLOW_CTX_DAG_OWNER='fraud_team' AIRFLOW_CTX_DAG_ID='fraud_detection' AIRFLOW_CTX_TASK_ID='notify_normal' AIRFLOW_CTX_EXECUTION_DATE='2024-11-23T16:50:00+00:00' AIRFLOW_CTX_TRY_NUMBER='1' AIRFLOW_CTX_DAG_RUN_ID='scheduled__2024-11-23T16:50:00+00:00'
[2024-11-23T16:52:16.358+0000] {taskinstance.py:731} INFO - ::endgroup::
[2024-11-23T16:52:16.602+0000] {fraud_detection_dag.py:219} INFO - Données de transaction récupérées: {"columns":["cc_num","merchant","category","amt","first","last","gender","street","city","state","zip","lat","long","city_pop","job","dob","trans_num","merch_lat","merch_long","is_fraud","current_time"],"index":[39756],"data":[[4306586894261180,"fraud_Haley Group","misc_pos",5.53,"Renee","Walls","F","86542 Jessica Fords Apt. 706","Veedersburg","IN",47987,40.1186,-87.2602,4049,"Development worker, community","1959-10-19","44c4f326ff5cfca846d63dad3d4c3b6e",39.602351,-87.162684,0,1732380720665]]}
[2024-11-23T16:52:16.604+0000] {fraud_detection_dag.py:220} INFO - Probabilité de fraude: 0.3790562213853931
[2024-11-23T16:52:16.605+0000] {fraud_detection_dag.py:221} INFO - Est une fraude: False
[2024-11-23T16:52:16.619+0000] {fraud_detection_dag.py:281} INFO - Tentative d'envoi d'email normale...
[2024-11-23T16:52:16.619+0000] {fraud_detection_dag.py:282} INFO - Contenu de l'email:

        ✅ Transaction NORMALE détectée!
        
        Statut: Vert
        Probabilité de fraude: 37.91%
        
        Détails de la transaction:
        --------------------------
        ID Transaction: 44c4f326ff5cfca846d63dad3d4c3b6e
        Montant: 5.53€
        Date/Heure: 2024-11-23 16:52:00
        
        Informations sur le marchand:
        ----------------------------
        Nom: fraud_Haley Group
        Ville: Veedersburg
        État: IN
        
        Informations sur le client:
        --------------------------
        Nom: Renee Walls
        Ville: Veedersburg
        
        Cette notification a été générée automatiquement par le système de détection de fraude.
        
[2024-11-23T16:52:18.970+0000] {fraud_detection_dag.py:292} INFO - Email envoyé avec succès
[2024-11-23T16:52:18.973+0000] {python.py:240} INFO - Done. Returned value was: store_normal
[2024-11-23T16:52:19.089+0000] {taskinstance.py:340} INFO - ::group::Post task execution logs
[2024-11-23T16:52:19.091+0000] {taskinstance.py:352} INFO - Marking task as SUCCESS. dag_id=fraud_detection, task_id=notify_normal, run_id=scheduled__2024-11-23T16:50:00+00:00, execution_date=20241123T165000, start_date=20241123T165215, end_date=20241123T165219
[2024-11-23T16:52:19.244+0000] {local_task_job_runner.py:266} INFO - Task exited with return code 0
[2024-11-23T16:52:19.351+0000] {taskinstance.py:3900} INFO - 1 downstream tasks scheduled from follow-on schedule check
[2024-11-23T16:52:19.361+0000] {local_task_job_runner.py:245} INFO - ::endgroup::
