[2024-11-23T18:06:56.879+0000] {local_task_job_runner.py:123} INFO - ::group::Pre task execution logs
[2024-11-23T18:06:56.911+0000] {taskinstance.py:2612} INFO - Dependencies all met for dep_context=non-requeueable deps ti=<TaskInstance: fraud_detection.process_transaction scheduled__2024-11-23T18:05:00+00:00 [queued]>
[2024-11-23T18:06:56.934+0000] {taskinstance.py:2612} INFO - Dependencies all met for dep_context=requeueable deps ti=<TaskInstance: fraud_detection.process_transaction scheduled__2024-11-23T18:05:00+00:00 [queued]>
[2024-11-23T18:06:56.934+0000] {taskinstance.py:2865} INFO - Starting attempt 1 of 2
[2024-11-23T18:06:56.957+0000] {taskinstance.py:2888} INFO - Executing <Task(BranchPythonOperator): process_transaction> on 2024-11-23 18:05:00+00:00
[2024-11-23T18:06:57.019+0000] {warnings.py:112} WARNING - /home/***/.local/lib/python3.12/site-packages/***/task/task_runner/standard_task_runner.py:70: DeprecationWarning: This process (pid=4399) is multi-threaded, use of fork() may lead to deadlocks in the child.
  pid = os.fork()

[2024-11-23T18:06:57.024+0000] {standard_task_runner.py:72} INFO - Started process 4404 to run task
[2024-11-23T18:06:57.026+0000] {standard_task_runner.py:104} INFO - Running: ['***', 'tasks', 'run', 'fraud_detection', 'process_transaction', 'scheduled__2024-11-23T18:05:00+00:00', '--job-id', '438', '--raw', '--subdir', 'DAGS_FOLDER/fraud_detection_dag.py', '--cfg-path', '/tmp/tmpciewt97o']
[2024-11-23T18:06:57.031+0000] {standard_task_runner.py:105} INFO - Job 438: Subtask process_transaction
[2024-11-23T18:06:57.136+0000] {task_command.py:467} INFO - Running <TaskInstance: fraud_detection.process_transaction scheduled__2024-11-23T18:05:00+00:00 [running]> on host 345e92ff26bf
[2024-11-23T18:06:57.936+0000] {taskinstance.py:3131} INFO - Exporting env vars: AIRFLOW_CTX_DAG_OWNER='fraud_team' AIRFLOW_CTX_DAG_ID='fraud_detection' AIRFLOW_CTX_TASK_ID='process_transaction' AIRFLOW_CTX_EXECUTION_DATE='2024-11-23T18:05:00+00:00' AIRFLOW_CTX_TRY_NUMBER='1' AIRFLOW_CTX_DAG_RUN_ID='scheduled__2024-11-23T18:05:00+00:00'
[2024-11-23T18:06:57.939+0000] {taskinstance.py:731} INFO - ::endgroup::
[2024-11-23T18:06:58.085+0000] {baseoperator.py:405} WARNING - BranchPythonOperator.execute cannot be called outside TaskInstance!
[2024-11-23T18:06:58.159+0000] {fraud_detection_dag.py:78} INFO - Données récupérées depuis XCom: {"columns":["cc_num","merchant","category","amt","first","last","gender","street","city","state","zip","lat","long","city_pop","job","dob","trans_num","merch_lat","merch_long","is_fraud","current_time"],"index":[85331],"data":[[3596217206093829,"fraud_Goyette Inc","shopping_net",1.07,"Sara","Ramirez","F","23843 Scott Island","Birmingham","IA",52535,40.8626,-91.9534,888,"Camera operator","1988-03-25","48db69c7e3ee81cd2eb0f8178c209dbc",41.23274,-92.373895,0,1732385211016]]}
[2024-11-23T18:06:58.166+0000] {fraud_detection_dag.py:86} INFO - Données JSON parsées avec succès
[2024-11-23T18:06:58.184+0000] {fraud_detection_dag.py:90} INFO - DataFrame créé avec 1 lignes
[2024-11-23T18:06:58.200+0000] {fraud_detection_dag.py:94} INFO - Colonnes renommées avec succès
[2024-11-23T18:06:58.200+0000] {fraud_detection_dag.py:95} INFO - Colonnes disponibles: ['cc_num', 'merchant', 'category', 'amt', 'first', 'last', 'gender', 'street', 'city', 'state', 'zip', 'lat', 'long', 'city_pop', 'job', 'dob', 'trans_num', 'merch_lat', 'merch_long', 'is_fraud', 'trans_date_trans_time']
[2024-11-23T18:06:58.260+0000] {fraud_detection_dag.py:99} INFO - Conversion de trans_date_trans_time en unix_time réussie
[2024-11-23T18:06:58.467+0000] {fraud_detection_dag.py:108} INFO - Transformation des données...
[2024-11-23T18:07:00.187+0000] {warnings.py:112} WARNING - /home/***/.local/lib/python3.12/site-packages/sklearn/ensemble/_base.py:172: UserWarning: Loky-backed parallel loops cannot be called in a multiprocessing, setting n_jobs=1
  n_jobs = min(effective_n_jobs(n_jobs), n_estimators)

[2024-11-23T18:07:00.222+0000] {warnings.py:112} WARNING - /home/***/.local/lib/python3.12/site-packages/sklearn/ensemble/_base.py:172: UserWarning: Loky-backed parallel loops cannot be called in a multiprocessing, setting n_jobs=1
  n_jobs = min(effective_n_jobs(n_jobs), n_estimators)

[2024-11-23T18:07:00.233+0000] {fraud_detection_dag.py:120} INFO - Prediction de fraude: NORMAL, Probabilité: 39.87%
[2024-11-23T18:07:00.298+0000] {fraud_detection_dag.py:126} INFO - Prédiction: NORMAL (Probabilité: 39.87%)
[2024-11-23T18:07:00.299+0000] {python.py:240} INFO - Done. Returned value was: notify_normal
[2024-11-23T18:07:00.302+0000] {branch.py:38} INFO - Branch into notify_normal
[2024-11-23T18:07:00.303+0000] {skipmixin.py:230} INFO - Following branch ('notify_normal',)
[2024-11-23T18:07:00.350+0000] {skipmixin.py:278} INFO - Skipping tasks [('notify_fraud', -1), ('skip_processing', -1)]
[2024-11-23T18:07:00.467+0000] {taskinstance.py:340} INFO - ::group::Post task execution logs
[2024-11-23T18:07:00.468+0000] {taskinstance.py:352} INFO - Marking task as SUCCESS. dag_id=fraud_detection, task_id=process_transaction, run_id=scheduled__2024-11-23T18:05:00+00:00, execution_date=20241123T180500, start_date=20241123T180656, end_date=20241123T180700
[2024-11-23T18:07:00.661+0000] {local_task_job_runner.py:266} INFO - Task exited with return code 0
[2024-11-23T18:07:00.864+0000] {taskinstance.py:3900} INFO - 1 downstream tasks scheduled from follow-on schedule check
[2024-11-23T18:07:00.889+0000] {local_task_job_runner.py:245} INFO - ::endgroup::
