[2024-11-23T17:15:46.555+0000] {local_task_job_runner.py:123} INFO - ::group::Pre task execution logs
[2024-11-23T17:15:46.595+0000] {taskinstance.py:2612} INFO - Dependencies all met for dep_context=non-requeueable deps ti=<TaskInstance: fraud_detection.process_transaction scheduled__2024-11-23T17:14:00+00:00 [queued]>
[2024-11-23T17:15:46.616+0000] {taskinstance.py:2612} INFO - Dependencies all met for dep_context=requeueable deps ti=<TaskInstance: fraud_detection.process_transaction scheduled__2024-11-23T17:14:00+00:00 [queued]>
[2024-11-23T17:15:46.617+0000] {taskinstance.py:2865} INFO - Starting attempt 1 of 2
[2024-11-23T17:15:46.646+0000] {taskinstance.py:2888} INFO - Executing <Task(BranchPythonOperator): process_transaction> on 2024-11-23 17:14:00+00:00
[2024-11-23T17:15:46.660+0000] {warnings.py:112} WARNING - /home/***/.local/lib/python3.12/site-packages/***/task/task_runner/standard_task_runner.py:70: DeprecationWarning: This process (pid=1803) is multi-threaded, use of fork() may lead to deadlocks in the child.
  pid = os.fork()

[2024-11-23T17:15:46.663+0000] {standard_task_runner.py:72} INFO - Started process 1808 to run task
[2024-11-23T17:15:46.673+0000] {standard_task_runner.py:104} INFO - Running: ['***', 'tasks', 'run', 'fraud_detection', 'process_transaction', 'scheduled__2024-11-23T17:14:00+00:00', '--job-id', '180', '--raw', '--subdir', 'DAGS_FOLDER/fraud_detection_dag.py', '--cfg-path', '/tmp/tmpthc9t1zj']
[2024-11-23T17:15:46.680+0000] {standard_task_runner.py:105} INFO - Job 180: Subtask process_transaction
[2024-11-23T17:15:46.841+0000] {task_command.py:467} INFO - Running <TaskInstance: fraud_detection.process_transaction scheduled__2024-11-23T17:14:00+00:00 [running]> on host 345e92ff26bf
[2024-11-23T17:15:47.048+0000] {taskinstance.py:3131} INFO - Exporting env vars: AIRFLOW_CTX_DAG_OWNER='fraud_team' AIRFLOW_CTX_DAG_ID='fraud_detection' AIRFLOW_CTX_TASK_ID='process_transaction' AIRFLOW_CTX_EXECUTION_DATE='2024-11-23T17:14:00+00:00' AIRFLOW_CTX_TRY_NUMBER='1' AIRFLOW_CTX_DAG_RUN_ID='scheduled__2024-11-23T17:14:00+00:00'
[2024-11-23T17:15:47.052+0000] {taskinstance.py:731} INFO - ::endgroup::
[2024-11-23T17:15:47.073+0000] {baseoperator.py:405} WARNING - BranchPythonOperator.execute cannot be called outside TaskInstance!
[2024-11-23T17:15:47.097+0000] {fraud_detection_dag.py:78} INFO - Données récupérées depuis XCom: {"columns":["cc_num","merchant","category","amt","first","last","gender","street","city","state","zip","lat","long","city_pop","job","dob","trans_num","merch_lat","merch_long","is_fraud","current_time"],"index":[200375],"data":[[4488258847705225890,"fraud_Thompson-Gleason","health_fitness",73.71,"Jessica","Shaw","F","5745 Blair Locks","West Columbia","SC",29170,33.9568,-81.1405,52126,"Chemical engineer","1929-08-23","0b3145df715fe69f34e95c916c44ad1b",33.884689,-80.579043,0,1732382143192]]}
[2024-11-23T17:15:47.098+0000] {fraud_detection_dag.py:86} INFO - Données JSON parsées avec succès
[2024-11-23T17:15:47.103+0000] {fraud_detection_dag.py:90} INFO - DataFrame créé avec 1 lignes
[2024-11-23T17:15:47.106+0000] {fraud_detection_dag.py:94} INFO - Colonnes renommées avec succès
[2024-11-23T17:15:47.107+0000] {fraud_detection_dag.py:95} INFO - Colonnes disponibles: ['cc_num', 'merchant', 'category', 'amt', 'first', 'last', 'gender', 'street', 'city', 'state', 'zip', 'lat', 'long', 'city_pop', 'job', 'dob', 'trans_num', 'merch_lat', 'merch_long', 'is_fraud', 'trans_date_trans_time']
[2024-11-23T17:15:47.110+0000] {fraud_detection_dag.py:99} INFO - Conversion de trans_date_trans_time en unix_time réussie
[2024-11-23T17:15:47.151+0000] {fraud_detection_dag.py:108} INFO - Transformation des données...
[2024-11-23T17:15:48.429+0000] {warnings.py:112} WARNING - /home/***/.local/lib/python3.12/site-packages/sklearn/ensemble/_base.py:172: UserWarning: Loky-backed parallel loops cannot be called in a multiprocessing, setting n_jobs=1
  n_jobs = min(effective_n_jobs(n_jobs), n_estimators)

[2024-11-23T17:15:48.452+0000] {warnings.py:112} WARNING - /home/***/.local/lib/python3.12/site-packages/sklearn/ensemble/_base.py:172: UserWarning: Loky-backed parallel loops cannot be called in a multiprocessing, setting n_jobs=1
  n_jobs = min(effective_n_jobs(n_jobs), n_estimators)

[2024-11-23T17:15:48.458+0000] {fraud_detection_dag.py:120} INFO - Prediction de fraude: NORMAL, Probabilité: 31.01%
[2024-11-23T17:15:48.529+0000] {fraud_detection_dag.py:126} INFO - Prédiction: NORMAL (Probabilité: 31.01%)
[2024-11-23T17:15:48.532+0000] {python.py:240} INFO - Done. Returned value was: notify_normal
[2024-11-23T17:15:48.533+0000] {branch.py:38} INFO - Branch into notify_normal
[2024-11-23T17:15:48.533+0000] {skipmixin.py:230} INFO - Following branch ('notify_normal',)
[2024-11-23T17:15:48.563+0000] {skipmixin.py:278} INFO - Skipping tasks [('notify_fraud', -1), ('skip_processing', -1)]
[2024-11-23T17:15:48.620+0000] {taskinstance.py:340} INFO - ::group::Post task execution logs
[2024-11-23T17:15:48.620+0000] {taskinstance.py:352} INFO - Marking task as SUCCESS. dag_id=fraud_detection, task_id=process_transaction, run_id=scheduled__2024-11-23T17:14:00+00:00, execution_date=20241123T171400, start_date=20241123T171546, end_date=20241123T171548
[2024-11-23T17:15:48.667+0000] {local_task_job_runner.py:266} INFO - Task exited with return code 0
[2024-11-23T17:15:48.733+0000] {taskinstance.py:3900} INFO - 1 downstream tasks scheduled from follow-on schedule check
[2024-11-23T17:15:48.742+0000] {local_task_job_runner.py:245} INFO - ::endgroup::
