[2024-11-23T17:17:00.083+0000] {local_task_job_runner.py:123} INFO - ::group::Pre task execution logs
[2024-11-23T17:17:00.138+0000] {taskinstance.py:2612} INFO - Dependencies all met for dep_context=non-requeueable deps ti=<TaskInstance: fraud_detection.notify_normal scheduled__2024-11-23T17:15:00+00:00 [queued]>
[2024-11-23T17:17:00.168+0000] {taskinstance.py:2612} INFO - Dependencies all met for dep_context=requeueable deps ti=<TaskInstance: fraud_detection.notify_normal scheduled__2024-11-23T17:15:00+00:00 [queued]>
[2024-11-23T17:17:00.169+0000] {taskinstance.py:2865} INFO - Starting attempt 1 of 2
[2024-11-23T17:17:00.211+0000] {taskinstance.py:2888} INFO - Executing <Task(PythonOperator): notify_normal> on 2024-11-23 17:15:00+00:00
[2024-11-23T17:17:00.231+0000] {warnings.py:112} WARNING - /home/***/.local/lib/python3.12/site-packages/***/task/task_runner/standard_task_runner.py:70: DeprecationWarning: This process (pid=1875) is multi-threaded, use of fork() may lead to deadlocks in the child.
  pid = os.fork()

[2024-11-23T17:17:00.234+0000] {standard_task_runner.py:72} INFO - Started process 1880 to run task
[2024-11-23T17:17:00.239+0000] {standard_task_runner.py:104} INFO - Running: ['***', 'tasks', 'run', 'fraud_detection', 'notify_normal', 'scheduled__2024-11-23T17:15:00+00:00', '--job-id', '187', '--raw', '--subdir', 'DAGS_FOLDER/fraud_detection_dag.py', '--cfg-path', '/tmp/tmp_ck8kodc']
[2024-11-23T17:17:00.243+0000] {standard_task_runner.py:105} INFO - Job 187: Subtask notify_normal
[2024-11-23T17:17:00.379+0000] {task_command.py:467} INFO - Running <TaskInstance: fraud_detection.notify_normal scheduled__2024-11-23T17:15:00+00:00 [running]> on host 345e92ff26bf
[2024-11-23T17:17:00.683+0000] {taskinstance.py:3131} INFO - Exporting env vars: AIRFLOW_CTX_DAG_OWNER='fraud_team' AIRFLOW_CTX_DAG_ID='fraud_detection' AIRFLOW_CTX_TASK_ID='notify_normal' AIRFLOW_CTX_EXECUTION_DATE='2024-11-23T17:15:00+00:00' AIRFLOW_CTX_TRY_NUMBER='1' AIRFLOW_CTX_DAG_RUN_ID='scheduled__2024-11-23T17:15:00+00:00'
[2024-11-23T17:17:00.685+0000] {taskinstance.py:731} INFO - ::endgroup::
[2024-11-23T17:17:00.824+0000] {fraud_detection_dag.py:219} INFO - Données de transaction récupérées: {"columns":["cc_num","merchant","category","amt","first","last","gender","street","city","state","zip","lat","long","city_pop","job","dob","trans_num","merch_lat","merch_long","is_fraud","current_time"],"index":[476434],"data":[[2283743876903625,"fraud_Douglas-White","entertainment",8.66,"Shannon","Williams","F","9345 Spencer Junctions Suite 183","Alpharetta","GA",30009,34.077,-84.3033,165556,"Prison officer","1997-12-27","87accef8454766e6138ce45cffdf34b4",33.149984,-83.914275,0,1732382202493]]}
[2024-11-23T17:17:00.826+0000] {fraud_detection_dag.py:220} INFO - Probabilité de fraude: 0.3792810952893072
[2024-11-23T17:17:00.828+0000] {fraud_detection_dag.py:221} INFO - Est une fraude: False
[2024-11-23T17:17:00.842+0000] {fraud_detection_dag.py:281} INFO - Tentative d'envoi d'email normale...
[2024-11-23T17:17:00.843+0000] {fraud_detection_dag.py:282} INFO - Contenu de l'email:

        ✅ Transaction NORMALE détectée!
        
        Statut: Vert
        Probabilité de fraude: 37.93%
        
        Détails de la transaction:
        --------------------------
        ID Transaction: 87accef8454766e6138ce45cffdf34b4
        Montant: 8.66€
        Date/Heure: 2024-11-23 17:16:42
        
        Informations sur le marchand:
        ----------------------------
        Nom: fraud_Douglas-White
        Ville: Alpharetta
        État: GA
        
        Informations sur le client:
        --------------------------
        Nom: Shannon Williams
        Ville: Alpharetta
        
        Cette notification a été générée automatiquement par le système de détection de fraude.
        
[2024-11-23T17:17:04.047+0000] {fraud_detection_dag.py:292} INFO - Email envoyé avec succès
[2024-11-23T17:17:04.048+0000] {python.py:240} INFO - Done. Returned value was: store_normal
[2024-11-23T17:17:04.112+0000] {taskinstance.py:340} INFO - ::group::Post task execution logs
[2024-11-23T17:17:04.114+0000] {taskinstance.py:352} INFO - Marking task as SUCCESS. dag_id=fraud_detection, task_id=notify_normal, run_id=scheduled__2024-11-23T17:15:00+00:00, execution_date=20241123T171500, start_date=20241123T171700, end_date=20241123T171704
[2024-11-23T17:17:04.165+0000] {local_task_job_runner.py:266} INFO - Task exited with return code 0
[2024-11-23T17:17:04.247+0000] {taskinstance.py:3900} INFO - 1 downstream tasks scheduled from follow-on schedule check
[2024-11-23T17:17:04.257+0000] {local_task_job_runner.py:245} INFO - ::endgroup::
