[2024-11-23T17:08:01.782+0000] {local_task_job_runner.py:123} INFO - ::group::Pre task execution logs
[2024-11-23T17:08:01.907+0000] {taskinstance.py:2612} INFO - Dependencies all met for dep_context=non-requeueable deps ti=<TaskInstance: fraud_detection.store_fraud scheduled__2024-11-23T17:06:00+00:00 [queued]>
[2024-11-23T17:08:01.941+0000] {taskinstance.py:2612} INFO - Dependencies all met for dep_context=requeueable deps ti=<TaskInstance: fraud_detection.store_fraud scheduled__2024-11-23T17:06:00+00:00 [queued]>
[2024-11-23T17:08:01.953+0000] {taskinstance.py:2865} INFO - Starting attempt 1 of 2
[2024-11-23T17:08:02.001+0000] {taskinstance.py:2888} INFO - Executing <Task(PythonOperator): store_fraud> on 2024-11-23 17:06:00+00:00
[2024-11-23T17:08:02.022+0000] {warnings.py:112} WARNING - /home/***/.local/lib/python3.12/site-packages/***/task/task_runner/standard_task_runner.py:70: DeprecationWarning: This process (pid=1319) is multi-threaded, use of fork() may lead to deadlocks in the child.
  pid = os.fork()

[2024-11-23T17:08:02.024+0000] {standard_task_runner.py:72} INFO - Started process 1325 to run task
[2024-11-23T17:08:02.027+0000] {standard_task_runner.py:104} INFO - Running: ['***', 'tasks', 'run', 'fraud_detection', 'store_fraud', 'scheduled__2024-11-23T17:06:00+00:00', '--job-id', '134', '--raw', '--subdir', 'DAGS_FOLDER/fraud_detection_dag.py', '--cfg-path', '/tmp/tmp1lgnm7f2']
[2024-11-23T17:08:02.031+0000] {standard_task_runner.py:105} INFO - Job 134: Subtask store_fraud
[2024-11-23T17:08:02.252+0000] {task_command.py:467} INFO - Running <TaskInstance: fraud_detection.store_fraud scheduled__2024-11-23T17:06:00+00:00 [running]> on host 345e92ff26bf
[2024-11-23T17:08:02.698+0000] {taskinstance.py:3131} INFO - Exporting env vars: AIRFLOW_CTX_DAG_OWNER='fraud_team' AIRFLOW_CTX_DAG_ID='fraud_detection' AIRFLOW_CTX_TASK_ID='store_fraud' AIRFLOW_CTX_EXECUTION_DATE='2024-11-23T17:06:00+00:00' AIRFLOW_CTX_TRY_NUMBER='1' AIRFLOW_CTX_DAG_RUN_ID='scheduled__2024-11-23T17:06:00+00:00'
[2024-11-23T17:08:02.707+0000] {taskinstance.py:731} INFO - ::endgroup::
[2024-11-23T17:08:02.782+0000] {fraud_detection_dag.py:310} INFO - Tentative de connexion à Neon...
[2024-11-23T17:08:07.745+0000] {fraud_detection_dag.py:316} INFO - Connexion à Neon réussie!
[2024-11-23T17:08:07.902+0000] {fraud_detection_dag.py:323} INFO - Données reçues pour stockage: {"columns":["cc_num","merchant","category","amt","first","last","gender","street","city","state","zip","lat","long","city_pop","job","dob","trans_num","merch_lat","merch_long","is_fraud","current_time"],"index":[167405],"data":[[676195318214,"fraud_McGlynn-Jaskolski","misc_pos",431.52,"Brandy","Quinn","F","9734 Beard Fields Suite 885","Altair","TX",77412,29.6047,-96.5249,106,"Editor, film\/video","1983-07-24","91cbd8abb4ed5136f05746b8f3daab9c",29.47269,-96.891987,0,1732381658957]]}
[2024-11-23T17:08:07.910+0000] {fraud_detection_dag.py:332} INFO - JSON parsé avec succès
[2024-11-23T17:08:07.917+0000] {fraud_detection_dag.py:336} INFO - DataFrame créé avec 1 lignes
[2024-11-23T17:08:07.922+0000] {fraud_detection_dag.py:341} INFO - Colonne current_time renommée en trans_date_trans_time
[2024-11-23T17:08:07.930+0000] {fraud_detection_dag.py:345} INFO - Conversion du timestamp réussie
[2024-11-23T17:08:07.958+0000] {fraud_detection_dag.py:349} INFO - Indicateur de fraude récupéré: True
[2024-11-23T17:08:07.959+0000] {fraud_detection_dag.py:353} INFO - Colonne is_fraud mise à jour avec la valeur: True
[2024-11-23T17:08:07.961+0000] {fraud_detection_dag.py:357} INFO - Conversion de is_fraud en boolean réussie
[2024-11-23T17:08:07.964+0000] {fraud_detection_dag.py:360} INFO - Colonnes finales avant stockage: ['cc_num', 'merchant', 'category', 'amt', 'first', 'last', 'gender', 'street', 'city', 'state', 'zip', 'lat', 'long', 'city_pop', 'job', 'dob', 'trans_num', 'merch_lat', 'merch_long', 'is_fraud', 'trans_date_trans_time']
[2024-11-23T17:08:07.968+0000] {fraud_detection_dag.py:361} INFO - Types des données: 
cc_num                            int64
merchant                         object
category                         object
amt                             float64
first                            object
last                             object
gender                           object
street                           object
city                             object
state                            object
zip                               int64
lat                             float64
long                            float64
city_pop                          int64
job                              object
dob                              object
trans_num                        object
merch_lat                       float64
merch_long                      float64
is_fraud                           bool
trans_date_trans_time    datetime64[ns]
dtype: object
[2024-11-23T17:08:07.970+0000] {fraud_detection_dag.py:365} INFO - Stockage dans la table: fraud_transactions
[2024-11-23T17:08:08.916+0000] {fraud_detection_dag.py:370} INFO - Données stockées avec succès dans la table fraud_transactions
[2024-11-23T17:08:08.918+0000] {python.py:240} INFO - Done. Returned value was: None
[2024-11-23T17:08:08.938+0000] {taskinstance.py:340} INFO - ::group::Post task execution logs
[2024-11-23T17:08:08.939+0000] {taskinstance.py:352} INFO - Marking task as SUCCESS. dag_id=fraud_detection, task_id=store_fraud, run_id=scheduled__2024-11-23T17:06:00+00:00, execution_date=20241123T170600, start_date=20241123T170801, end_date=20241123T170808
[2024-11-23T17:08:09.019+0000] {local_task_job_runner.py:266} INFO - Task exited with return code 0
[2024-11-23T17:08:09.064+0000] {taskinstance.py:3900} INFO - 1 downstream tasks scheduled from follow-on schedule check
[2024-11-23T17:08:09.068+0000] {local_task_job_runner.py:245} INFO - ::endgroup::
