[2024-11-08T18:14:50.197+0000] {local_task_job_runner.py:123} INFO - ::group::Pre task execution logs
[2024-11-08T18:14:50.279+0000] {taskinstance.py:2612} INFO - Dependencies all met for dep_context=non-requeueable deps ti=<TaskInstance: fraud_detection.store_normal manual__2024-11-08T18:13:16.467075+00:00 [queued]>
[2024-11-08T18:14:50.329+0000] {taskinstance.py:2612} INFO - Dependencies all met for dep_context=requeueable deps ti=<TaskInstance: fraud_detection.store_normal manual__2024-11-08T18:13:16.467075+00:00 [queued]>
[2024-11-08T18:14:50.331+0000] {taskinstance.py:2865} INFO - Starting attempt 1 of 2
[2024-11-08T18:14:50.381+0000] {taskinstance.py:2888} INFO - Executing <Task(PythonOperator): store_normal> on 2024-11-08 18:13:16.467075+00:00
[2024-11-08T18:14:50.440+0000] {standard_task_runner.py:104} INFO - Running: ['***', 'tasks', 'run', 'fraud_detection', 'store_normal', 'manual__2024-11-08T18:13:16.467075+00:00', '--job-id', '201', '--raw', '--subdir', 'DAGS_FOLDER/fraud_detection_dag.py', '--cfg-path', '/tmp/tmpuhx0km7b']
[2024-11-08T18:14:50.434+0000] {warnings.py:112} WARNING - /home/***/.local/lib/python3.12/site-packages/***/task/task_runner/standard_task_runner.py:70: DeprecationWarning: This process (pid=854) is multi-threaded, use of fork() may lead to deadlocks in the child.
  pid = os.fork()

[2024-11-08T18:14:50.450+0000] {standard_task_runner.py:105} INFO - Job 201: Subtask store_normal
[2024-11-08T18:14:50.451+0000] {standard_task_runner.py:72} INFO - Started process 861 to run task
[2024-11-08T18:14:50.666+0000] {task_command.py:467} INFO - Running <TaskInstance: fraud_detection.store_normal manual__2024-11-08T18:13:16.467075+00:00 [running]> on host 641085defe8e
[2024-11-08T18:14:51.065+0000] {taskinstance.py:3131} INFO - Exporting env vars: AIRFLOW_CTX_DAG_OWNER='fraud_team' AIRFLOW_CTX_DAG_ID='fraud_detection' AIRFLOW_CTX_TASK_ID='store_normal' AIRFLOW_CTX_EXECUTION_DATE='2024-11-08T18:13:16.467075+00:00' AIRFLOW_CTX_TRY_NUMBER='1' AIRFLOW_CTX_DAG_RUN_ID='manual__2024-11-08T18:13:16.467075+00:00'
[2024-11-08T18:14:51.080+0000] {taskinstance.py:731} INFO - ::endgroup::
[2024-11-08T18:14:51.259+0000] {fraud_detection_dag.py:309} INFO - Tentative de connexion à Neon...
[2024-11-08T18:14:56.386+0000] {fraud_detection_dag.py:315} INFO - Connexion à Neon réussie!
[2024-11-08T18:14:56.623+0000] {fraud_detection_dag.py:322} INFO - Données reçues pour stockage: {"columns":["cc_num","merchant","category","amt","first","last","gender","street","city","state","zip","lat","long","city_pop","job","dob","trans_num","merch_lat","merch_long","is_fraud","current_time"],"index":[504411],"data":[[213157767990030,"fraud_Auer LLC","personal_care",6.42,"Tara","Campbell","F","05050 Rogers Well Apt. 439","Rock Springs","WY",82901,41.606,-109.23,27971,"Music therapist","1984-08-01","1ee456b7ebf0dff3659c5498cdd1c39e",42.436927,-108.459482,0,1731089667169]]}
[2024-11-08T18:14:56.635+0000] {fraud_detection_dag.py:331} INFO - JSON parsé avec succès
[2024-11-08T18:14:56.693+0000] {fraud_detection_dag.py:335} INFO - DataFrame créé avec 1 lignes
[2024-11-08T18:14:56.696+0000] {fraud_detection_dag.py:340} INFO - Colonne current_time renommée en trans_date_trans_time
[2024-11-08T18:14:56.700+0000] {fraud_detection_dag.py:344} INFO - Conversion du timestamp réussie
[2024-11-08T18:14:56.815+0000] {fraud_detection_dag.py:348} INFO - Indicateur de fraude récupéré: False
[2024-11-08T18:14:56.817+0000] {fraud_detection_dag.py:352} INFO - Colonne is_fraud mise à jour avec la valeur: False
[2024-11-08T18:14:56.832+0000] {fraud_detection_dag.py:356} INFO - Conversion de is_fraud en boolean réussie
[2024-11-08T18:14:56.835+0000] {fraud_detection_dag.py:359} INFO - Colonnes finales avant stockage: ['cc_num', 'merchant', 'category', 'amt', 'first', 'last', 'gender', 'street', 'city', 'state', 'zip', 'lat', 'long', 'city_pop', 'job', 'dob', 'trans_num', 'merch_lat', 'merch_long', 'is_fraud', 'trans_date_trans_time']
[2024-11-08T18:14:56.843+0000] {fraud_detection_dag.py:360} INFO - Types des données: 
cc_num                            int64
merchant                         object
category                         object
amt                             float64
first                            object
last                             object
gender                           object
street                           object
city                             object
state                            object
zip                               int64
lat                             float64
long                            float64
city_pop                          int64
job                              object
dob                              object
trans_num                        object
merch_lat                       float64
merch_long                      float64
is_fraud                           bool
trans_date_trans_time    datetime64[ns]
dtype: object
[2024-11-08T18:14:56.844+0000] {fraud_detection_dag.py:364} INFO - Stockage dans la table: normal_transactions
[2024-11-08T18:14:58.921+0000] {fraud_detection_dag.py:369} INFO - Données stockées avec succès dans la table normal_transactions
[2024-11-08T18:14:58.923+0000] {python.py:240} INFO - Done. Returned value was: None
[2024-11-08T18:14:59.053+0000] {taskinstance.py:340} INFO - ::group::Post task execution logs
[2024-11-08T18:14:59.057+0000] {taskinstance.py:352} INFO - Marking task as SUCCESS. dag_id=fraud_detection, task_id=store_normal, run_id=manual__2024-11-08T18:13:16.467075+00:00, execution_date=20241108T181316, start_date=20241108T181450, end_date=20241108T181459
[2024-11-08T18:14:59.431+0000] {local_task_job_runner.py:266} INFO - Task exited with return code 0
[2024-11-08T18:14:59.603+0000] {taskinstance.py:3900} INFO - 0 downstream tasks scheduled from follow-on schedule check
[2024-11-08T18:14:59.618+0000] {local_task_job_runner.py:245} INFO - ::endgroup::
