[2024-11-23T16:50:01.872+0000] {local_task_job_runner.py:123} INFO - ::group::Pre task execution logs
[2024-11-23T16:50:01.939+0000] {taskinstance.py:2612} INFO - Dependencies all met for dep_context=non-requeueable deps ti=<TaskInstance: fraud_detection.notify_normal scheduled__2024-11-23T16:47:00+00:00 [queued]>
[2024-11-23T16:50:01.976+0000] {taskinstance.py:2612} INFO - Dependencies all met for dep_context=requeueable deps ti=<TaskInstance: fraud_detection.notify_normal scheduled__2024-11-23T16:47:00+00:00 [queued]>
[2024-11-23T16:50:01.980+0000] {taskinstance.py:2865} INFO - Starting attempt 1 of 2
[2024-11-23T16:50:02.039+0000] {taskinstance.py:2888} INFO - Executing <Task(PythonOperator): notify_normal> on 2024-11-23 16:47:00+00:00
[2024-11-23T16:50:02.106+0000] {warnings.py:112} WARNING - /home/***/.local/lib/python3.12/site-packages/***/task/task_runner/standard_task_runner.py:70: DeprecationWarning: This process (pid=137) is multi-threaded, use of fork() may lead to deadlocks in the child.
  pid = os.fork()

[2024-11-23T16:50:02.108+0000] {standard_task_runner.py:72} INFO - Started process 150 to run task
[2024-11-23T16:50:02.119+0000] {standard_task_runner.py:104} INFO - Running: ['***', 'tasks', 'run', 'fraud_detection', 'notify_normal', 'scheduled__2024-11-23T16:47:00+00:00', '--job-id', '15', '--raw', '--subdir', 'DAGS_FOLDER/fraud_detection_dag.py', '--cfg-path', '/tmp/tmpxt__lfvg']
[2024-11-23T16:50:02.137+0000] {standard_task_runner.py:105} INFO - Job 15: Subtask notify_normal
[2024-11-23T16:50:02.633+0000] {task_command.py:467} INFO - Running <TaskInstance: fraud_detection.notify_normal scheduled__2024-11-23T16:47:00+00:00 [running]> on host 345e92ff26bf
[2024-11-23T16:50:03.107+0000] {taskinstance.py:3131} INFO - Exporting env vars: AIRFLOW_CTX_DAG_OWNER='fraud_team' AIRFLOW_CTX_DAG_ID='fraud_detection' AIRFLOW_CTX_TASK_ID='notify_normal' AIRFLOW_CTX_EXECUTION_DATE='2024-11-23T16:47:00+00:00' AIRFLOW_CTX_TRY_NUMBER='1' AIRFLOW_CTX_DAG_RUN_ID='scheduled__2024-11-23T16:47:00+00:00'
[2024-11-23T16:50:03.109+0000] {taskinstance.py:731} INFO - ::endgroup::
[2024-11-23T16:50:03.264+0000] {fraud_detection_dag.py:219} INFO - Données de transaction récupérées: {"columns":["cc_num","merchant","category","amt","first","last","gender","street","city","state","zip","lat","long","city_pop","job","dob","trans_num","merch_lat","merch_long","is_fraud","current_time"],"index":[385260],"data":[[5456776410929288,"fraud_Rau-Grant","kids_pets",32.95,"Taylor","Khan","F","658 Diane Glen Apt. 677","North Washington","PA",16048,41.0472,-79.8089,139,"Patent attorney","1954-05-25","d3e9dae9b18e5fea640cf6afdb937123",41.909833,-79.039697,0,1732380582846]]}
[2024-11-23T16:50:03.268+0000] {fraud_detection_dag.py:220} INFO - Probabilité de fraude: 0.26111498477493456
[2024-11-23T16:50:03.269+0000] {fraud_detection_dag.py:221} INFO - Est une fraude: False
[2024-11-23T16:50:03.284+0000] {fraud_detection_dag.py:281} INFO - Tentative d'envoi d'email normale...
[2024-11-23T16:50:03.289+0000] {fraud_detection_dag.py:282} INFO - Contenu de l'email:

        ✅ Transaction NORMALE détectée!
        
        Statut: Vert
        Probabilité de fraude: 26.11%
        
        Détails de la transaction:
        --------------------------
        ID Transaction: d3e9dae9b18e5fea640cf6afdb937123
        Montant: 32.95€
        Date/Heure: 2024-11-23 16:49:42
        
        Informations sur le marchand:
        ----------------------------
        Nom: fraud_Rau-Grant
        Ville: North Washington
        État: PA
        
        Informations sur le client:
        --------------------------
        Nom: Taylor Khan
        Ville: North Washington
        
        Cette notification a été générée automatiquement par le système de détection de fraude.
        
[2024-11-23T16:50:08.853+0000] {fraud_detection_dag.py:292} INFO - Email envoyé avec succès
[2024-11-23T16:50:08.854+0000] {python.py:240} INFO - Done. Returned value was: store_normal
[2024-11-23T16:50:09.137+0000] {taskinstance.py:340} INFO - ::group::Post task execution logs
[2024-11-23T16:50:09.139+0000] {taskinstance.py:352} INFO - Marking task as SUCCESS. dag_id=fraud_detection, task_id=notify_normal, run_id=scheduled__2024-11-23T16:47:00+00:00, execution_date=20241123T164700, start_date=20241123T165001, end_date=20241123T165009
[2024-11-23T16:50:09.407+0000] {local_task_job_runner.py:266} INFO - Task exited with return code 0
[2024-11-23T16:50:09.538+0000] {taskinstance.py:3900} INFO - 1 downstream tasks scheduled from follow-on schedule check
[2024-11-23T16:50:09.550+0000] {local_task_job_runner.py:245} INFO - ::endgroup::
