[2024-11-24T15:33:01.056+0000] {local_task_job_runner.py:123} INFO - ::group::Pre task execution logs
[2024-11-24T15:33:01.180+0000] {taskinstance.py:2612} INFO - Dependencies all met for dep_context=non-requeueable deps ti=<TaskInstance: neon_backup_v2.perform_neon_backup manual__2024-11-24T15:32:56.395808+00:00 [queued]>
[2024-11-24T15:33:01.213+0000] {taskinstance.py:2612} INFO - Dependencies all met for dep_context=requeueable deps ti=<TaskInstance: neon_backup_v2.perform_neon_backup manual__2024-11-24T15:32:56.395808+00:00 [queued]>
[2024-11-24T15:33:01.219+0000] {taskinstance.py:2865} INFO - Starting attempt 1 of 2
[2024-11-24T15:33:01.275+0000] {taskinstance.py:2888} INFO - Executing <Task(PythonOperator): perform_neon_backup> on 2024-11-24 15:32:56.395808+00:00
[2024-11-24T15:33:01.288+0000] {warnings.py:112} WARNING - /home/***/.local/lib/python3.12/site-packages/***/task/task_runner/standard_task_runner.py:70: DeprecationWarning: This process (pid=1336) is multi-threaded, use of fork() may lead to deadlocks in the child.
  pid = os.fork()

[2024-11-24T15:33:01.303+0000] {standard_task_runner.py:72} INFO - Started process 1339 to run task
[2024-11-24T15:33:01.309+0000] {standard_task_runner.py:104} INFO - Running: ['***', 'tasks', 'run', 'neon_backup_v2', 'perform_neon_backup', 'manual__2024-11-24T15:32:56.395808+00:00', '--job-id', '626', '--raw', '--subdir', 'DAGS_FOLDER/backup_dag.py', '--cfg-path', '/tmp/tmp6xfyjtus']
[2024-11-24T15:33:01.319+0000] {standard_task_runner.py:105} INFO - Job 626: Subtask perform_neon_backup
[2024-11-24T15:33:01.709+0000] {task_command.py:467} INFO - Running <TaskInstance: neon_backup_v2.perform_neon_backup manual__2024-11-24T15:32:56.395808+00:00 [running]> on host 345e92ff26bf
[2024-11-24T15:33:01.948+0000] {taskinstance.py:3131} INFO - Exporting env vars: AIRFLOW_CTX_DAG_OWNER='fraud_team' AIRFLOW_CTX_DAG_ID='neon_backup_v2' AIRFLOW_CTX_TASK_ID='perform_neon_backup' AIRFLOW_CTX_EXECUTION_DATE='2024-11-24T15:32:56.395808+00:00' AIRFLOW_CTX_TRY_NUMBER='1' AIRFLOW_CTX_DAG_RUN_ID='manual__2024-11-24T15:32:56.395808+00:00'
[2024-11-24T15:33:01.950+0000] {taskinstance.py:731} INFO - ::endgroup::
[2024-11-24T15:33:01.974+0000] {backup_dag.py:12} INFO - Démarrage du backup Neon...
[2024-11-24T15:33:10.284+0000] {backup_dag.py:31} INFO - Nombre de lignes dans fraud_transactions: 5
[2024-11-24T15:33:10.879+0000] {backup_dag.py:31} INFO - Nombre de lignes dans normal_transactions: 155
[2024-11-24T15:33:11.487+0000] {backup_dag.py:40} INFO - Sauvegarde de fraud_transactions (5 lignes)...
[2024-11-24T15:33:14.171+0000] {backup_dag.py:52} INFO - Fichier créé: /opt/***/backups/fraud_transactions_202411.csv (0.00 MB)
[2024-11-24T15:33:14.172+0000] {backup_dag.py:40} INFO - Sauvegarde de normal_transactions (155 lignes)...
[2024-11-24T15:33:16.712+0000] {backup_dag.py:52} INFO - Fichier créé: /opt/***/backups/normal_transactions_202411.csv (0.04 MB)
[2024-11-24T15:33:16.912+0000] {backup_dag.py:71} INFO - Upload vers S3: backups/202411/fraud_transactions_202411.csv
[2024-11-24T15:33:23.188+0000] {backup_dag.py:77} INFO - Upload vérifié pour backups/202411/fraud_transactions_202411.csv
[2024-11-24T15:33:23.191+0000] {backup_dag.py:85} INFO - Fichier local supprimé: /opt/***/backups/fraud_transactions_202411.csv
[2024-11-24T15:33:23.193+0000] {backup_dag.py:71} INFO - Upload vers S3: backups/202411/normal_transactions_202411.csv
[2024-11-24T15:33:25.002+0000] {backup_dag.py:77} INFO - Upload vérifié pour backups/202411/normal_transactions_202411.csv
[2024-11-24T15:33:25.005+0000] {backup_dag.py:85} INFO - Fichier local supprimé: /opt/***/backups/normal_transactions_202411.csv
[2024-11-24T15:33:32.564+0000] {backup_dag.py:111} INFO - Backup Neon terminé avec succès
[2024-11-24T15:33:32.573+0000] {python.py:240} INFO - Done. Returned value was: None
[2024-11-24T15:33:32.628+0000] {taskinstance.py:340} INFO - ::group::Post task execution logs
[2024-11-24T15:33:32.631+0000] {taskinstance.py:352} INFO - Marking task as SUCCESS. dag_id=neon_backup_v2, task_id=perform_neon_backup, run_id=manual__2024-11-24T15:32:56.395808+00:00, execution_date=20241124T153256, start_date=20241124T153301, end_date=20241124T153332
[2024-11-24T15:33:32.744+0000] {local_task_job_runner.py:266} INFO - Task exited with return code 0
[2024-11-24T15:33:32.816+0000] {taskinstance.py:3900} INFO - 0 downstream tasks scheduled from follow-on schedule check
[2024-11-24T15:33:32.823+0000] {local_task_job_runner.py:245} INFO - ::endgroup::
