[2024-11-22T19:03:09.980+0000] {local_task_job_runner.py:123} INFO - ::group::Pre task execution logs
[2024-11-22T19:03:10.150+0000] {taskinstance.py:2612} INFO - Dependencies all met for dep_context=non-requeueable deps ti=<TaskInstance: fraud_detection.notify_normal scheduled__2024-11-22T19:01:00+00:00 [queued]>
[2024-11-22T19:03:10.212+0000] {taskinstance.py:2612} INFO - Dependencies all met for dep_context=requeueable deps ti=<TaskInstance: fraud_detection.notify_normal scheduled__2024-11-22T19:01:00+00:00 [queued]>
[2024-11-22T19:03:10.213+0000] {taskinstance.py:2865} INFO - Starting attempt 1 of 2
[2024-11-22T19:03:10.344+0000] {taskinstance.py:2888} INFO - Executing <Task(PythonOperator): notify_normal> on 2024-11-22 19:01:00+00:00
[2024-11-22T19:03:10.354+0000] {warnings.py:112} WARNING - /home/***/.local/lib/python3.12/site-packages/***/task/task_runner/standard_task_runner.py:70: DeprecationWarning: This process (pid=1008) is multi-threaded, use of fork() may lead to deadlocks in the child.
  pid = os.fork()

[2024-11-22T19:03:10.356+0000] {standard_task_runner.py:72} INFO - Started process 1010 to run task
[2024-11-22T19:03:10.356+0000] {standard_task_runner.py:104} INFO - Running: ['***', 'tasks', 'run', 'fraud_detection', 'notify_normal', 'scheduled__2024-11-22T19:01:00+00:00', '--job-id', '474', '--raw', '--subdir', 'DAGS_FOLDER/fraud_detection_dag.py', '--cfg-path', '/tmp/tmp9ju8ar28']
[2024-11-22T19:03:10.371+0000] {standard_task_runner.py:105} INFO - Job 474: Subtask notify_normal
[2024-11-22T19:03:10.645+0000] {task_command.py:467} INFO - Running <TaskInstance: fraud_detection.notify_normal scheduled__2024-11-22T19:01:00+00:00 [running]> on host c6af8dbaf1e5
[2024-11-22T19:03:10.922+0000] {taskinstance.py:3131} INFO - Exporting env vars: AIRFLOW_CTX_DAG_OWNER='fraud_team' AIRFLOW_CTX_DAG_ID='fraud_detection' AIRFLOW_CTX_TASK_ID='notify_normal' AIRFLOW_CTX_EXECUTION_DATE='2024-11-22T19:01:00+00:00' AIRFLOW_CTX_TRY_NUMBER='1' AIRFLOW_CTX_DAG_RUN_ID='scheduled__2024-11-22T19:01:00+00:00'
[2024-11-22T19:03:10.933+0000] {taskinstance.py:731} INFO - ::endgroup::
[2024-11-22T19:03:11.163+0000] {fraud_detection_dag.py:218} INFO - Données de transaction récupérées: {"columns":["cc_num","merchant","category","amt","first","last","gender","street","city","state","zip","lat","long","city_pop","job","dob","trans_num","merch_lat","merch_long","is_fraud","current_time"],"index":[545686],"data":[[3586008444788268,"fraud_Medhurst PLC","shopping_net",8.41,"Crystal","Fuller","F","000 Jennifer Mills","Issaquah","WA",98027,47.4974,-122.0107,50489,"Osteopath","1984-02-29","6327000daad6d36e8c87efc7e11af78f",47.877028,-122.632127,0,1732302179236]]}
[2024-11-22T19:03:11.164+0000] {fraud_detection_dag.py:219} INFO - Probabilité de fraude: 0.4161195910007626
[2024-11-22T19:03:11.164+0000] {fraud_detection_dag.py:220} INFO - Est une fraude: False
[2024-11-22T19:03:11.183+0000] {fraud_detection_dag.py:280} INFO - Tentative d'envoi d'email normale...
[2024-11-22T19:03:11.184+0000] {fraud_detection_dag.py:281} INFO - Contenu de l'email:

        ✅ Transaction NORMALE détectée!
        
        Statut: Vert
        Probabilité de fraude: 41.61%
        
        Détails de la transaction:
        --------------------------
        ID Transaction: 6327000daad6d36e8c87efc7e11af78f
        Montant: 8.41€
        Date/Heure: 2024-11-22 19:02:59
        
        Informations sur le marchand:
        ----------------------------
        Nom: fraud_Medhurst PLC
        Ville: Issaquah
        État: WA
        
        Informations sur le client:
        --------------------------
        Nom: Crystal Fuller
        Ville: Issaquah
        
        Cette notification a été générée automatiquement par le système de détection de fraude.
        
[2024-11-22T19:03:13.644+0000] {fraud_detection_dag.py:291} INFO - Email envoyé avec succès
[2024-11-22T19:03:13.646+0000] {python.py:240} INFO - Done. Returned value was: store_normal
[2024-11-22T19:03:13.802+0000] {taskinstance.py:340} INFO - ::group::Post task execution logs
[2024-11-22T19:03:13.802+0000] {taskinstance.py:352} INFO - Marking task as SUCCESS. dag_id=fraud_detection, task_id=notify_normal, run_id=scheduled__2024-11-22T19:01:00+00:00, execution_date=20241122T190100, start_date=20241122T190310, end_date=20241122T190313
[2024-11-22T19:03:13.857+0000] {local_task_job_runner.py:266} INFO - Task exited with return code 0
[2024-11-22T19:03:13.930+0000] {taskinstance.py:3900} INFO - 1 downstream tasks scheduled from follow-on schedule check
[2024-11-22T19:03:13.935+0000] {local_task_job_runner.py:245} INFO - ::endgroup::
