[2024-11-08T18:34:42.277+0000] {local_task_job_runner.py:123} INFO - ::group::Pre task execution logs
[2024-11-08T18:34:42.310+0000] {taskinstance.py:2612} INFO - Dependencies all met for dep_context=non-requeueable deps ti=<TaskInstance: fraud_detection.notify_normal scheduled__2024-11-08T18:33:00+00:00 [queued]>
[2024-11-08T18:34:42.326+0000] {taskinstance.py:2612} INFO - Dependencies all met for dep_context=requeueable deps ti=<TaskInstance: fraud_detection.notify_normal scheduled__2024-11-08T18:33:00+00:00 [queued]>
[2024-11-08T18:34:42.327+0000] {taskinstance.py:2865} INFO - Starting attempt 1 of 2
[2024-11-08T18:34:42.351+0000] {taskinstance.py:2888} INFO - Executing <Task(PythonOperator): notify_normal> on 2024-11-08 18:33:00+00:00
[2024-11-08T18:34:42.364+0000] {warnings.py:112} WARNING - /home/***/.local/lib/python3.12/site-packages/***/task/task_runner/standard_task_runner.py:70: DeprecationWarning: This process (pid=1648) is multi-threaded, use of fork() may lead to deadlocks in the child.
  pid = os.fork()

[2024-11-08T18:34:42.366+0000] {standard_task_runner.py:72} INFO - Started process 1650 to run task
[2024-11-08T18:34:42.367+0000] {standard_task_runner.py:104} INFO - Running: ['***', 'tasks', 'run', 'fraud_detection', 'notify_normal', 'scheduled__2024-11-08T18:33:00+00:00', '--job-id', '305', '--raw', '--subdir', 'DAGS_FOLDER/fraud_detection_dag.py', '--cfg-path', '/tmp/tmp7lmenp0v']
[2024-11-08T18:34:42.372+0000] {standard_task_runner.py:105} INFO - Job 305: Subtask notify_normal
[2024-11-08T18:34:42.450+0000] {task_command.py:467} INFO - Running <TaskInstance: fraud_detection.notify_normal scheduled__2024-11-08T18:33:00+00:00 [running]> on host 641085defe8e
[2024-11-08T18:34:42.597+0000] {taskinstance.py:3131} INFO - Exporting env vars: AIRFLOW_CTX_DAG_OWNER='fraud_team' AIRFLOW_CTX_DAG_ID='fraud_detection' AIRFLOW_CTX_TASK_ID='notify_normal' AIRFLOW_CTX_EXECUTION_DATE='2024-11-08T18:33:00+00:00' AIRFLOW_CTX_TRY_NUMBER='1' AIRFLOW_CTX_DAG_RUN_ID='scheduled__2024-11-08T18:33:00+00:00'
[2024-11-08T18:34:42.601+0000] {taskinstance.py:731} INFO - ::endgroup::
[2024-11-08T18:34:42.668+0000] {fraud_detection_dag.py:218} INFO - Données de transaction récupérées: {"columns":["cc_num","merchant","category","amt","first","last","gender","street","city","state","zip","lat","long","city_pop","job","dob","trans_num","merch_lat","merch_long","is_fraud","current_time"],"index":[69870],"data":[[2714019737356678,"fraud_Pagac LLC","shopping_pos",188.32,"Christina","Moore","F","542 Finley Ports Apt. 396","West Finley","PA",15377,39.9914,-80.4408,724,"Theme park manager","1995-08-30","dc318018ddabdec141c9b14b184f4eb1",39.164713,-79.714024,0,1731090875746]]}
[2024-11-08T18:34:42.669+0000] {fraud_detection_dag.py:219} INFO - Probabilité de fraude: 0.32242910996931456
[2024-11-08T18:34:42.669+0000] {fraud_detection_dag.py:220} INFO - Est une fraude: False
[2024-11-08T18:34:42.679+0000] {fraud_detection_dag.py:280} INFO - Tentative d'envoi d'email normale...
[2024-11-08T18:34:42.679+0000] {fraud_detection_dag.py:281} INFO - Contenu de l'email:

        ✅ Transaction NORMALE détectée!
        
        Statut: Vert
        Probabilité de fraude: 32.24%
        
        Détails de la transaction:
        --------------------------
        ID Transaction: dc318018ddabdec141c9b14b184f4eb1
        Montant: 188.32€
        Date/Heure: 2024-11-08 18:34:35
        
        Informations sur le marchand:
        ----------------------------
        Nom: fraud_Pagac LLC
        Ville: West Finley
        État: PA
        
        Informations sur le client:
        --------------------------
        Nom: Christina Moore
        Ville: West Finley
        
        Cette notification a été générée automatiquement par le système de détection de fraude.
        
[2024-11-08T18:34:50.147+0000] {fraud_detection_dag.py:291} INFO - Email envoyé avec succès
[2024-11-08T18:34:50.150+0000] {python.py:240} INFO - Done. Returned value was: store_normal
[2024-11-08T18:34:50.230+0000] {taskinstance.py:340} INFO - ::group::Post task execution logs
[2024-11-08T18:34:50.233+0000] {taskinstance.py:352} INFO - Marking task as SUCCESS. dag_id=fraud_detection, task_id=notify_normal, run_id=scheduled__2024-11-08T18:33:00+00:00, execution_date=20241108T183300, start_date=20241108T183442, end_date=20241108T183450
[2024-11-08T18:34:50.293+0000] {local_task_job_runner.py:266} INFO - Task exited with return code 0
[2024-11-08T18:34:50.320+0000] {taskinstance.py:3900} INFO - 1 downstream tasks scheduled from follow-on schedule check
[2024-11-08T18:34:50.324+0000] {local_task_job_runner.py:245} INFO - ::endgroup::
