[2024-11-22T18:41:36.342+0000] {local_task_job_runner.py:123} INFO - ::group::Pre task execution logs
[2024-11-22T18:41:36.407+0000] {taskinstance.py:2612} INFO - Dependencies all met for dep_context=non-requeueable deps ti=<TaskInstance: fraud_detection.notify_normal scheduled__2024-11-22T18:39:00+00:00 [queued]>
[2024-11-22T18:41:36.434+0000] {taskinstance.py:2612} INFO - Dependencies all met for dep_context=requeueable deps ti=<TaskInstance: fraud_detection.notify_normal scheduled__2024-11-22T18:39:00+00:00 [queued]>
[2024-11-22T18:41:36.434+0000] {taskinstance.py:2865} INFO - Starting attempt 1 of 2
[2024-11-22T18:41:36.468+0000] {taskinstance.py:2888} INFO - Executing <Task(PythonOperator): notify_normal> on 2024-11-22 18:39:00+00:00
[2024-11-22T18:41:36.489+0000] {warnings.py:112} WARNING - /home/***/.local/lib/python3.12/site-packages/***/task/task_runner/standard_task_runner.py:70: DeprecationWarning: This process (pid=183) is multi-threaded, use of fork() may lead to deadlocks in the child.
  pid = os.fork()

[2024-11-22T18:41:36.491+0000] {standard_task_runner.py:72} INFO - Started process 185 to run task
[2024-11-22T18:41:36.494+0000] {standard_task_runner.py:104} INFO - Running: ['***', 'tasks', 'run', 'fraud_detection', 'notify_normal', 'scheduled__2024-11-22T18:39:00+00:00', '--job-id', '362', '--raw', '--subdir', 'DAGS_FOLDER/fraud_detection_dag.py', '--cfg-path', '/tmp/tmp_r6fwvcz']
[2024-11-22T18:41:36.502+0000] {standard_task_runner.py:105} INFO - Job 362: Subtask notify_normal
[2024-11-22T18:41:36.650+0000] {task_command.py:467} INFO - Running <TaskInstance: fraud_detection.notify_normal scheduled__2024-11-22T18:39:00+00:00 [running]> on host c6af8dbaf1e5
[2024-11-22T18:41:36.882+0000] {taskinstance.py:3131} INFO - Exporting env vars: AIRFLOW_CTX_DAG_OWNER='fraud_team' AIRFLOW_CTX_DAG_ID='fraud_detection' AIRFLOW_CTX_TASK_ID='notify_normal' AIRFLOW_CTX_EXECUTION_DATE='2024-11-22T18:39:00+00:00' AIRFLOW_CTX_TRY_NUMBER='1' AIRFLOW_CTX_DAG_RUN_ID='scheduled__2024-11-22T18:39:00+00:00'
[2024-11-22T18:41:36.885+0000] {taskinstance.py:731} INFO - ::endgroup::
[2024-11-22T18:41:36.982+0000] {fraud_detection_dag.py:218} INFO - Données de transaction récupérées: {"columns":["cc_num","merchant","category","amt","first","last","gender","street","city","state","zip","lat","long","city_pop","job","dob","trans_num","merch_lat","merch_long","is_fraud","current_time"],"index":[246940],"data":[[3589255887819806,"fraud_Langworth, Boehm and Gulgowski","shopping_net",3.99,"David","Miller","M","622 Bradley Knoll Apt. 758","Hancock","MD",21750,39.6991,-78.1762,3766,"Press photographer","1984-02-14","da6224d7f7725b350a131809cfdfa136",40.33161,-79.093057,0,1732300886281]]}
[2024-11-22T18:41:36.982+0000] {fraud_detection_dag.py:219} INFO - Probabilité de fraude: 0.38581193871009434
[2024-11-22T18:41:36.983+0000] {fraud_detection_dag.py:220} INFO - Est une fraude: False
[2024-11-22T18:41:36.995+0000] {fraud_detection_dag.py:280} INFO - Tentative d'envoi d'email normale...
[2024-11-22T18:41:36.996+0000] {fraud_detection_dag.py:281} INFO - Contenu de l'email:

        ✅ Transaction NORMALE détectée!
        
        Statut: Vert
        Probabilité de fraude: 38.58%
        
        Détails de la transaction:
        --------------------------
        ID Transaction: da6224d7f7725b350a131809cfdfa136
        Montant: 3.99€
        Date/Heure: 2024-11-22 18:41:26
        
        Informations sur le marchand:
        ----------------------------
        Nom: fraud_Langworth, Boehm and Gulgowski
        Ville: Hancock
        État: MD
        
        Informations sur le client:
        --------------------------
        Nom: David Miller
        Ville: Hancock
        
        Cette notification a été générée automatiquement par le système de détection de fraude.
        
[2024-11-22T18:41:45.326+0000] {fraud_detection_dag.py:291} INFO - Email envoyé avec succès
[2024-11-22T18:41:45.329+0000] {python.py:240} INFO - Done. Returned value was: store_normal
[2024-11-22T18:41:45.531+0000] {taskinstance.py:340} INFO - ::group::Post task execution logs
[2024-11-22T18:41:45.534+0000] {taskinstance.py:352} INFO - Marking task as SUCCESS. dag_id=fraud_detection, task_id=notify_normal, run_id=scheduled__2024-11-22T18:39:00+00:00, execution_date=20241122T183900, start_date=20241122T184136, end_date=20241122T184145
[2024-11-22T18:41:46.372+0000] {local_task_job_runner.py:266} INFO - Task exited with return code 0
[2024-11-22T18:41:46.520+0000] {standard_task_runner.py:217} INFO - Process not found (most likely exited), stop collecting metrics
[2024-11-22T18:41:46.587+0000] {taskinstance.py:3900} INFO - 1 downstream tasks scheduled from follow-on schedule check
[2024-11-22T18:41:46.595+0000] {local_task_job_runner.py:245} INFO - ::endgroup::
