[2024-11-22T18:44:35.914+0000] {local_task_job_runner.py:123} INFO - ::group::Pre task execution logs
[2024-11-22T18:44:36.034+0000] {taskinstance.py:2612} INFO - Dependencies all met for dep_context=non-requeueable deps ti=<TaskInstance: fraud_detection.process_transaction scheduled__2024-11-22T18:42:00+00:00 [queued]>
[2024-11-22T18:44:36.072+0000] {taskinstance.py:2612} INFO - Dependencies all met for dep_context=requeueable deps ti=<TaskInstance: fraud_detection.process_transaction scheduled__2024-11-22T18:42:00+00:00 [queued]>
[2024-11-22T18:44:36.076+0000] {taskinstance.py:2865} INFO - Starting attempt 1 of 2
[2024-11-22T18:44:36.133+0000] {taskinstance.py:2888} INFO - Executing <Task(BranchPythonOperator): process_transaction> on 2024-11-22 18:42:00+00:00
[2024-11-22T18:44:36.219+0000] {standard_task_runner.py:104} INFO - Running: ['***', 'tasks', 'run', 'fraud_detection', 'process_transaction', 'scheduled__2024-11-22T18:42:00+00:00', '--job-id', '378', '--raw', '--subdir', 'DAGS_FOLDER/fraud_detection_dag.py', '--cfg-path', '/tmp/tmp841e3xmz']
[2024-11-22T18:44:36.224+0000] {standard_task_runner.py:105} INFO - Job 378: Subtask process_transaction
[2024-11-22T18:44:36.210+0000] {warnings.py:112} WARNING - /home/***/.local/lib/python3.12/site-packages/***/task/task_runner/standard_task_runner.py:70: DeprecationWarning: This process (pid=291) is multi-threaded, use of fork() may lead to deadlocks in the child.
  pid = os.fork()

[2024-11-22T18:44:36.235+0000] {standard_task_runner.py:72} INFO - Started process 300 to run task
[2024-11-22T18:44:36.587+0000] {task_command.py:467} INFO - Running <TaskInstance: fraud_detection.process_transaction scheduled__2024-11-22T18:42:00+00:00 [running]> on host c6af8dbaf1e5
[2024-11-22T18:44:36.951+0000] {taskinstance.py:3131} INFO - Exporting env vars: AIRFLOW_CTX_DAG_OWNER='fraud_team' AIRFLOW_CTX_DAG_ID='fraud_detection' AIRFLOW_CTX_TASK_ID='process_transaction' AIRFLOW_CTX_EXECUTION_DATE='2024-11-22T18:42:00+00:00' AIRFLOW_CTX_TRY_NUMBER='1' AIRFLOW_CTX_DAG_RUN_ID='scheduled__2024-11-22T18:42:00+00:00'
[2024-11-22T18:44:36.954+0000] {taskinstance.py:731} INFO - ::endgroup::
[2024-11-22T18:44:36.991+0000] {baseoperator.py:405} WARNING - BranchPythonOperator.execute cannot be called outside TaskInstance!
[2024-11-22T18:44:37.029+0000] {fraud_detection_dag.py:77} INFO - Données récupérées depuis XCom: {"columns":["cc_num","merchant","category","amt","first","last","gender","street","city","state","zip","lat","long","city_pop","job","dob","trans_num","merch_lat","merch_long","is_fraud","current_time"],"index":[467282],"data":[[4430881574719618,"fraud_McCullough, Hudson and Schuster","food_dining",7.51,"Alicia","Morales","F","4456 Dunn Roads","Meredith","CO",81642,39.3199,-106.6596,61,"Public relations account executive","1939-11-04","8053dab687a25339bc78e378665f35ee",39.320743,-107.601495,0,1732301068447]]}
[2024-11-22T18:44:37.030+0000] {fraud_detection_dag.py:85} INFO - Données JSON parsées avec succès
[2024-11-22T18:44:37.040+0000] {fraud_detection_dag.py:89} INFO - DataFrame créé avec 1 lignes
[2024-11-22T18:44:37.045+0000] {fraud_detection_dag.py:93} INFO - Colonnes renommées avec succès
[2024-11-22T18:44:37.046+0000] {fraud_detection_dag.py:94} INFO - Colonnes disponibles: ['cc_num', 'merchant', 'category', 'amt', 'first', 'last', 'gender', 'street', 'city', 'state', 'zip', 'lat', 'long', 'city_pop', 'job', 'dob', 'trans_num', 'merch_lat', 'merch_long', 'is_fraud', 'trans_date_trans_time']
[2024-11-22T18:44:37.054+0000] {fraud_detection_dag.py:98} INFO - Conversion de trans_date_trans_time en unix_time réussie
[2024-11-22T18:44:37.342+0000] {fraud_detection_dag.py:107} INFO - Transformation des données...
[2024-11-22T18:44:40.922+0000] {warnings.py:112} WARNING - /home/***/.local/lib/python3.12/site-packages/sklearn/ensemble/_base.py:172: UserWarning: Loky-backed parallel loops cannot be called in a multiprocessing, setting n_jobs=1
  n_jobs = min(effective_n_jobs(n_jobs), n_estimators)

[2024-11-22T18:44:41.082+0000] {warnings.py:112} WARNING - /home/***/.local/lib/python3.12/site-packages/sklearn/ensemble/_base.py:172: UserWarning: Loky-backed parallel loops cannot be called in a multiprocessing, setting n_jobs=1
  n_jobs = min(effective_n_jobs(n_jobs), n_estimators)

[2024-11-22T18:44:41.101+0000] {fraud_detection_dag.py:119} INFO - Prediction de fraude: NORMAL, Probabilité: 36.41%
[2024-11-22T18:44:41.293+0000] {fraud_detection_dag.py:125} INFO - Prédiction: NORMAL (Probabilité: 36.41%)
[2024-11-22T18:44:41.297+0000] {python.py:240} INFO - Done. Returned value was: notify_normal
[2024-11-22T18:44:41.300+0000] {branch.py:38} INFO - Branch into notify_normal
[2024-11-22T18:44:41.307+0000] {skipmixin.py:230} INFO - Following branch ('notify_normal',)
[2024-11-22T18:44:41.385+0000] {skipmixin.py:278} INFO - Skipping tasks [('skip_processing', -1), ('notify_fraud', -1)]
[2024-11-22T18:44:41.687+0000] {taskinstance.py:340} INFO - ::group::Post task execution logs
[2024-11-22T18:44:41.689+0000] {taskinstance.py:352} INFO - Marking task as SUCCESS. dag_id=fraud_detection, task_id=process_transaction, run_id=scheduled__2024-11-22T18:42:00+00:00, execution_date=20241122T184200, start_date=20241122T184436, end_date=20241122T184441
[2024-11-22T18:44:41.883+0000] {local_task_job_runner.py:266} INFO - Task exited with return code 0
[2024-11-22T18:44:42.100+0000] {taskinstance.py:3900} INFO - 1 downstream tasks scheduled from follow-on schedule check
[2024-11-22T18:44:42.135+0000] {local_task_job_runner.py:245} INFO - ::endgroup::
