[2024-11-22T18:51:40.468+0000] {local_task_job_runner.py:123} INFO - ::group::Pre task execution logs
[2024-11-22T18:51:40.578+0000] {taskinstance.py:2612} INFO - Dependencies all met for dep_context=non-requeueable deps ti=<TaskInstance: fraud_detection.notify_normal scheduled__2024-11-22T18:49:00+00:00 [queued]>
[2024-11-22T18:51:40.632+0000] {taskinstance.py:2612} INFO - Dependencies all met for dep_context=requeueable deps ti=<TaskInstance: fraud_detection.notify_normal scheduled__2024-11-22T18:49:00+00:00 [queued]>
[2024-11-22T18:51:40.633+0000] {taskinstance.py:2865} INFO - Starting attempt 1 of 2
[2024-11-22T18:51:40.703+0000] {taskinstance.py:2888} INFO - Executing <Task(PythonOperator): notify_normal> on 2024-11-22 18:49:00+00:00
[2024-11-22T18:51:40.727+0000] {warnings.py:112} WARNING - /home/***/.local/lib/python3.12/site-packages/***/task/task_runner/standard_task_runner.py:70: DeprecationWarning: This process (pid=562) is multi-threaded, use of fork() may lead to deadlocks in the child.
  pid = os.fork()

[2024-11-22T18:51:40.733+0000] {standard_task_runner.py:72} INFO - Started process 564 to run task
[2024-11-22T18:51:40.736+0000] {standard_task_runner.py:104} INFO - Running: ['***', 'tasks', 'run', 'fraud_detection', 'notify_normal', 'scheduled__2024-11-22T18:49:00+00:00', '--job-id', '414', '--raw', '--subdir', 'DAGS_FOLDER/fraud_detection_dag.py', '--cfg-path', '/tmp/tmpe5pfijuo']
[2024-11-22T18:51:40.755+0000] {standard_task_runner.py:105} INFO - Job 414: Subtask notify_normal
[2024-11-22T18:51:41.004+0000] {task_command.py:467} INFO - Running <TaskInstance: fraud_detection.notify_normal scheduled__2024-11-22T18:49:00+00:00 [running]> on host c6af8dbaf1e5
[2024-11-22T18:51:41.468+0000] {taskinstance.py:3131} INFO - Exporting env vars: AIRFLOW_CTX_DAG_OWNER='fraud_team' AIRFLOW_CTX_DAG_ID='fraud_detection' AIRFLOW_CTX_TASK_ID='notify_normal' AIRFLOW_CTX_EXECUTION_DATE='2024-11-22T18:49:00+00:00' AIRFLOW_CTX_TRY_NUMBER='1' AIRFLOW_CTX_DAG_RUN_ID='scheduled__2024-11-22T18:49:00+00:00'
[2024-11-22T18:51:41.481+0000] {taskinstance.py:731} INFO - ::endgroup::
[2024-11-22T18:51:41.696+0000] {fraud_detection_dag.py:218} INFO - Données de transaction récupérées: {"columns":["cc_num","merchant","category","amt","first","last","gender","street","city","state","zip","lat","long","city_pop","job","dob","trans_num","merch_lat","merch_long","is_fraud","current_time"],"index":[174034],"data":[[3573030041201292,"fraud_Schuppe LLC","entertainment",27.81,"Joanne","Williams","F","3638 Marsh Union","Altonah","UT",84002,40.3207,-110.436,302,"Sales professional, IT","1990-01-17","096b7ab8209940c08db586b8a864d4b1",39.406429,-109.791519,0,1732301482533]]}
[2024-11-22T18:51:41.697+0000] {fraud_detection_dag.py:219} INFO - Probabilité de fraude: 0.33614431367133285
[2024-11-22T18:51:41.697+0000] {fraud_detection_dag.py:220} INFO - Est une fraude: False
[2024-11-22T18:51:41.718+0000] {fraud_detection_dag.py:280} INFO - Tentative d'envoi d'email normale...
[2024-11-22T18:51:41.720+0000] {fraud_detection_dag.py:281} INFO - Contenu de l'email:

        ✅ Transaction NORMALE détectée!
        
        Statut: Vert
        Probabilité de fraude: 33.61%
        
        Détails de la transaction:
        --------------------------
        ID Transaction: 096b7ab8209940c08db586b8a864d4b1
        Montant: 27.81€
        Date/Heure: 2024-11-22 18:51:22
        
        Informations sur le marchand:
        ----------------------------
        Nom: fraud_Schuppe LLC
        Ville: Altonah
        État: UT
        
        Informations sur le client:
        --------------------------
        Nom: Joanne Williams
        Ville: Altonah
        
        Cette notification a été générée automatiquement par le système de détection de fraude.
        
[2024-11-22T18:51:49.352+0000] {fraud_detection_dag.py:291} INFO - Email envoyé avec succès
[2024-11-22T18:51:49.356+0000] {python.py:240} INFO - Done. Returned value was: store_normal
[2024-11-22T18:51:49.507+0000] {taskinstance.py:340} INFO - ::group::Post task execution logs
[2024-11-22T18:51:49.508+0000] {taskinstance.py:352} INFO - Marking task as SUCCESS. dag_id=fraud_detection, task_id=notify_normal, run_id=scheduled__2024-11-22T18:49:00+00:00, execution_date=20241122T184900, start_date=20241122T185140, end_date=20241122T185149
[2024-11-22T18:51:49.647+0000] {local_task_job_runner.py:266} INFO - Task exited with return code 0
[2024-11-22T18:51:49.752+0000] {taskinstance.py:3900} INFO - 1 downstream tasks scheduled from follow-on schedule check
[2024-11-22T18:51:49.767+0000] {local_task_job_runner.py:245} INFO - ::endgroup::
