[2024-11-23T17:01:38.249+0000] {local_task_job_runner.py:123} INFO - ::group::Pre task execution logs
[2024-11-23T17:01:38.300+0000] {taskinstance.py:2612} INFO - Dependencies all met for dep_context=non-requeueable deps ti=<TaskInstance: fraud_detection.notify_normal scheduled__2024-11-23T17:00:00+00:00 [queued]>
[2024-11-23T17:01:38.327+0000] {taskinstance.py:2612} INFO - Dependencies all met for dep_context=requeueable deps ti=<TaskInstance: fraud_detection.notify_normal scheduled__2024-11-23T17:00:00+00:00 [queued]>
[2024-11-23T17:01:38.331+0000] {taskinstance.py:2865} INFO - Starting attempt 1 of 2
[2024-11-23T17:01:38.364+0000] {taskinstance.py:2888} INFO - Executing <Task(PythonOperator): notify_normal> on 2024-11-23 17:00:00+00:00
[2024-11-23T17:01:38.400+0000] {warnings.py:112} WARNING - /home/***/.local/lib/python3.12/site-packages/***/task/task_runner/standard_task_runner.py:70: DeprecationWarning: This process (pid=876) is multi-threaded, use of fork() may lead to deadlocks in the child.
  pid = os.fork()

[2024-11-23T17:01:38.403+0000] {standard_task_runner.py:72} INFO - Started process 881 to run task
[2024-11-23T17:01:38.403+0000] {standard_task_runner.py:104} INFO - Running: ['***', 'tasks', 'run', 'fraud_detection', 'notify_normal', 'scheduled__2024-11-23T17:00:00+00:00', '--job-id', '91', '--raw', '--subdir', 'DAGS_FOLDER/fraud_detection_dag.py', '--cfg-path', '/tmp/tmp8gp1jewq']
[2024-11-23T17:01:38.414+0000] {standard_task_runner.py:105} INFO - Job 91: Subtask notify_normal
[2024-11-23T17:01:38.512+0000] {task_command.py:467} INFO - Running <TaskInstance: fraud_detection.notify_normal scheduled__2024-11-23T17:00:00+00:00 [running]> on host 345e92ff26bf
[2024-11-23T17:01:38.763+0000] {taskinstance.py:3131} INFO - Exporting env vars: AIRFLOW_CTX_DAG_OWNER='fraud_team' AIRFLOW_CTX_DAG_ID='fraud_detection' AIRFLOW_CTX_TASK_ID='notify_normal' AIRFLOW_CTX_EXECUTION_DATE='2024-11-23T17:00:00+00:00' AIRFLOW_CTX_TRY_NUMBER='1' AIRFLOW_CTX_DAG_RUN_ID='scheduled__2024-11-23T17:00:00+00:00'
[2024-11-23T17:01:38.770+0000] {taskinstance.py:731} INFO - ::endgroup::
[2024-11-23T17:01:38.878+0000] {fraud_detection_dag.py:219} INFO - Données de transaction récupérées: {"columns":["cc_num","merchant","category","amt","first","last","gender","street","city","state","zip","lat","long","city_pop","job","dob","trans_num","merch_lat","merch_long","is_fraud","current_time"],"index":[152749],"data":[[4119762878330989,"fraud_Hodkiewicz, Prohaska and Paucek","travel",6.06,"Melinda","Gutierrez","F","1497 West Gateway","Eureka","IL",61530,40.7152,-89.2706,6713,"Archivist","1945-08-19","1cdece085b9dd36d157c2ad80701cf89",40.076751,-88.781683,0,1732381288998]]}
[2024-11-23T17:01:38.878+0000] {fraud_detection_dag.py:220} INFO - Probabilité de fraude: 0.3886600486868323
[2024-11-23T17:01:38.878+0000] {fraud_detection_dag.py:221} INFO - Est une fraude: False
[2024-11-23T17:01:38.894+0000] {fraud_detection_dag.py:281} INFO - Tentative d'envoi d'email normale...
[2024-11-23T17:01:38.896+0000] {fraud_detection_dag.py:282} INFO - Contenu de l'email:

        ✅ Transaction NORMALE détectée!
        
        Statut: Vert
        Probabilité de fraude: 38.87%
        
        Détails de la transaction:
        --------------------------
        ID Transaction: 1cdece085b9dd36d157c2ad80701cf89
        Montant: 6.06€
        Date/Heure: 2024-11-23 17:01:28
        
        Informations sur le marchand:
        ----------------------------
        Nom: fraud_Hodkiewicz, Prohaska and Paucek
        Ville: Eureka
        État: IL
        
        Informations sur le client:
        --------------------------
        Nom: Melinda Gutierrez
        Ville: Eureka
        
        Cette notification a été générée automatiquement par le système de détection de fraude.
        
[2024-11-23T17:01:42.283+0000] {fraud_detection_dag.py:292} INFO - Email envoyé avec succès
[2024-11-23T17:01:42.288+0000] {python.py:240} INFO - Done. Returned value was: store_normal
[2024-11-23T17:01:42.466+0000] {taskinstance.py:340} INFO - ::group::Post task execution logs
[2024-11-23T17:01:42.469+0000] {taskinstance.py:352} INFO - Marking task as SUCCESS. dag_id=fraud_detection, task_id=notify_normal, run_id=scheduled__2024-11-23T17:00:00+00:00, execution_date=20241123T170000, start_date=20241123T170138, end_date=20241123T170142
[2024-11-23T17:01:42.577+0000] {local_task_job_runner.py:266} INFO - Task exited with return code 0
[2024-11-23T17:01:42.759+0000] {taskinstance.py:3900} INFO - 1 downstream tasks scheduled from follow-on schedule check
[2024-11-23T17:01:42.769+0000] {local_task_job_runner.py:245} INFO - ::endgroup::
