[2024-11-23T17:58:53.217+0000] {local_task_job_runner.py:123} INFO - ::group::Pre task execution logs
[2024-11-23T17:58:53.284+0000] {taskinstance.py:2612} INFO - Dependencies all met for dep_context=non-requeueable deps ti=<TaskInstance: fraud_detection.notify_normal scheduled__2024-11-23T17:57:00+00:00 [queued]>
[2024-11-23T17:58:53.374+0000] {taskinstance.py:2612} INFO - Dependencies all met for dep_context=requeueable deps ti=<TaskInstance: fraud_detection.notify_normal scheduled__2024-11-23T17:57:00+00:00 [queued]>
[2024-11-23T17:58:53.375+0000] {taskinstance.py:2865} INFO - Starting attempt 1 of 2
[2024-11-23T17:58:53.426+0000] {taskinstance.py:2888} INFO - Executing <Task(PythonOperator): notify_normal> on 2024-11-23 17:57:00+00:00
[2024-11-23T17:58:53.469+0000] {warnings.py:112} WARNING - /home/***/.local/lib/python3.12/site-packages/***/task/task_runner/standard_task_runner.py:70: DeprecationWarning: This process (pid=3841) is multi-threaded, use of fork() may lead to deadlocks in the child.
  pid = os.fork()

[2024-11-23T17:58:53.479+0000] {standard_task_runner.py:72} INFO - Started process 3846 to run task
[2024-11-23T17:58:53.483+0000] {standard_task_runner.py:104} INFO - Running: ['***', 'tasks', 'run', 'fraud_detection', 'notify_normal', 'scheduled__2024-11-23T17:57:00+00:00', '--job-id', '376', '--raw', '--subdir', 'DAGS_FOLDER/fraud_detection_dag.py', '--cfg-path', '/tmp/tmpr0vrd3xl']
[2024-11-23T17:58:53.505+0000] {standard_task_runner.py:105} INFO - Job 376: Subtask notify_normal
[2024-11-23T17:58:53.756+0000] {task_command.py:467} INFO - Running <TaskInstance: fraud_detection.notify_normal scheduled__2024-11-23T17:57:00+00:00 [running]> on host 345e92ff26bf
[2024-11-23T17:58:54.090+0000] {taskinstance.py:3131} INFO - Exporting env vars: AIRFLOW_CTX_DAG_OWNER='fraud_team' AIRFLOW_CTX_DAG_ID='fraud_detection' AIRFLOW_CTX_TASK_ID='notify_normal' AIRFLOW_CTX_EXECUTION_DATE='2024-11-23T17:57:00+00:00' AIRFLOW_CTX_TRY_NUMBER='1' AIRFLOW_CTX_DAG_RUN_ID='scheduled__2024-11-23T17:57:00+00:00'
[2024-11-23T17:58:54.094+0000] {taskinstance.py:731} INFO - ::endgroup::
[2024-11-23T17:58:54.199+0000] {fraud_detection_dag.py:144} INFO - Données de transaction récupérées: {"columns":["cc_num","merchant","category","amt","first","last","gender","street","city","state","zip","lat","long","city_pop","job","dob","trans_num","merch_lat","merch_long","is_fraud","current_time"],"index":[165157],"data":[[30360260465747,"fraud_Bins, Balistreri and Beatty","shopping_pos",2.07,"Jennifer","Garcia","F","28777 Stewart Plains Apt. 495","Putnam","IL",61560,41.1949,-89.4409,754,"Presenter, broadcasting","1962-05-13","328775198384e06cf55a9ecbae178f08",41.454627,-89.976213,0,1732384718145]]}
[2024-11-23T17:58:54.200+0000] {fraud_detection_dag.py:145} INFO - Probabilité de fraude: 0.37960327816753064
[2024-11-23T17:58:54.201+0000] {fraud_detection_dag.py:146} INFO - Est une fraude: False
[2024-11-23T17:58:54.217+0000] {fraud_detection_dag.py:206} INFO - Tentative d'envoi d'email normale...
[2024-11-23T17:58:54.218+0000] {fraud_detection_dag.py:207} INFO - Contenu de l'email:

        ✅ Transaction NORMALE détectée!
        
        Statut: Vert
        Probabilité de fraude: 37.96%
        
        Détails de la transaction:
        --------------------------
        ID Transaction: 328775198384e06cf55a9ecbae178f08
        Montant: 2.07€
        Date/Heure: 2024-11-23 17:58:38
        
        Informations sur le marchand:
        ----------------------------
        Nom: fraud_Bins, Balistreri and Beatty
        Ville: Putnam
        État: IL
        
        Informations sur le client:
        --------------------------
        Nom: Jennifer Garcia
        Ville: Putnam
        
        Cette notification a été générée automatiquement par le système de détection de fraude.
        
[2024-11-23T17:58:57.691+0000] {fraud_detection_dag.py:217} INFO - Email envoyé avec succès
[2024-11-23T17:58:57.697+0000] {python.py:240} INFO - Done. Returned value was: store_normal
[2024-11-23T17:58:57.898+0000] {taskinstance.py:340} INFO - ::group::Post task execution logs
[2024-11-23T17:58:57.899+0000] {taskinstance.py:352} INFO - Marking task as SUCCESS. dag_id=fraud_detection, task_id=notify_normal, run_id=scheduled__2024-11-23T17:57:00+00:00, execution_date=20241123T175700, start_date=20241123T175853, end_date=20241123T175857
[2024-11-23T17:58:58.065+0000] {local_task_job_runner.py:266} INFO - Task exited with return code 0
[2024-11-23T17:58:58.153+0000] {taskinstance.py:3900} INFO - 1 downstream tasks scheduled from follow-on schedule check
[2024-11-23T17:58:58.157+0000] {local_task_job_runner.py:245} INFO - ::endgroup::
