[2024-11-23T17:13:47.739+0000] {local_task_job_runner.py:123} INFO - ::group::Pre task execution logs
[2024-11-23T17:13:47.783+0000] {taskinstance.py:2612} INFO - Dependencies all met for dep_context=non-requeueable deps ti=<TaskInstance: fraud_detection.process_transaction scheduled__2024-11-23T17:12:00+00:00 [queued]>
[2024-11-23T17:13:47.799+0000] {taskinstance.py:2612} INFO - Dependencies all met for dep_context=requeueable deps ti=<TaskInstance: fraud_detection.process_transaction scheduled__2024-11-23T17:12:00+00:00 [queued]>
[2024-11-23T17:13:47.800+0000] {taskinstance.py:2865} INFO - Starting attempt 1 of 2
[2024-11-23T17:13:47.874+0000] {taskinstance.py:2888} INFO - Executing <Task(BranchPythonOperator): process_transaction> on 2024-11-23 17:12:00+00:00
[2024-11-23T17:13:47.897+0000] {warnings.py:112} WARNING - /home/***/.local/lib/python3.12/site-packages/***/task/task_runner/standard_task_runner.py:70: DeprecationWarning: This process (pid=1673) is multi-threaded, use of fork() may lead to deadlocks in the child.
  pid = os.fork()

[2024-11-23T17:13:47.900+0000] {standard_task_runner.py:72} INFO - Started process 1678 to run task
[2024-11-23T17:13:47.899+0000] {standard_task_runner.py:104} INFO - Running: ['***', 'tasks', 'run', 'fraud_detection', 'process_transaction', 'scheduled__2024-11-23T17:12:00+00:00', '--job-id', '168', '--raw', '--subdir', 'DAGS_FOLDER/fraud_detection_dag.py', '--cfg-path', '/tmp/tmpw110dphx']
[2024-11-23T17:13:47.956+0000] {standard_task_runner.py:105} INFO - Job 168: Subtask process_transaction
[2024-11-23T17:13:48.183+0000] {task_command.py:467} INFO - Running <TaskInstance: fraud_detection.process_transaction scheduled__2024-11-23T17:12:00+00:00 [running]> on host 345e92ff26bf
[2024-11-23T17:13:48.316+0000] {taskinstance.py:3131} INFO - Exporting env vars: AIRFLOW_CTX_DAG_OWNER='fraud_team' AIRFLOW_CTX_DAG_ID='fraud_detection' AIRFLOW_CTX_TASK_ID='process_transaction' AIRFLOW_CTX_EXECUTION_DATE='2024-11-23T17:12:00+00:00' AIRFLOW_CTX_TRY_NUMBER='1' AIRFLOW_CTX_DAG_RUN_ID='scheduled__2024-11-23T17:12:00+00:00'
[2024-11-23T17:13:48.318+0000] {taskinstance.py:731} INFO - ::endgroup::
[2024-11-23T17:13:48.397+0000] {baseoperator.py:405} WARNING - BranchPythonOperator.execute cannot be called outside TaskInstance!
[2024-11-23T17:13:48.490+0000] {fraud_detection_dag.py:78} INFO - Données récupérées depuis XCom: {"columns":["cc_num","merchant","category","amt","first","last","gender","street","city","state","zip","lat","long","city_pop","job","dob","trans_num","merch_lat","merch_long","is_fraud","current_time"],"index":[277819],"data":[[4170689372027579,"fraud_Connelly, Reichert and Fritsch","gas_transport",75.17,"Samuel","Frey","M","830 Myers Plaza Apt. 384","Edmond","OK",73034,35.6665,-97.4798,116001,"Media buyer","1993-05-10","bc4c39e3d10d505f31c02780641e7d8e",35.459927,-96.68055,0,1732382023697]]}
[2024-11-23T17:13:48.491+0000] {fraud_detection_dag.py:86} INFO - Données JSON parsées avec succès
[2024-11-23T17:13:48.496+0000] {fraud_detection_dag.py:90} INFO - DataFrame créé avec 1 lignes
[2024-11-23T17:13:48.498+0000] {fraud_detection_dag.py:94} INFO - Colonnes renommées avec succès
[2024-11-23T17:13:48.499+0000] {fraud_detection_dag.py:95} INFO - Colonnes disponibles: ['cc_num', 'merchant', 'category', 'amt', 'first', 'last', 'gender', 'street', 'city', 'state', 'zip', 'lat', 'long', 'city_pop', 'job', 'dob', 'trans_num', 'merch_lat', 'merch_long', 'is_fraud', 'trans_date_trans_time']
[2024-11-23T17:13:48.503+0000] {fraud_detection_dag.py:99} INFO - Conversion de trans_date_trans_time en unix_time réussie
[2024-11-23T17:13:48.559+0000] {fraud_detection_dag.py:108} INFO - Transformation des données...
[2024-11-23T17:13:50.571+0000] {warnings.py:112} WARNING - /home/***/.local/lib/python3.12/site-packages/sklearn/ensemble/_base.py:172: UserWarning: Loky-backed parallel loops cannot be called in a multiprocessing, setting n_jobs=1
  n_jobs = min(effective_n_jobs(n_jobs), n_estimators)

[2024-11-23T17:13:50.629+0000] {warnings.py:112} WARNING - /home/***/.local/lib/python3.12/site-packages/sklearn/ensemble/_base.py:172: UserWarning: Loky-backed parallel loops cannot be called in a multiprocessing, setting n_jobs=1
  n_jobs = min(effective_n_jobs(n_jobs), n_estimators)

[2024-11-23T17:13:50.636+0000] {fraud_detection_dag.py:120} INFO - Prediction de fraude: NORMAL, Probabilité: 35.88%
[2024-11-23T17:13:50.839+0000] {fraud_detection_dag.py:126} INFO - Prédiction: NORMAL (Probabilité: 35.88%)
[2024-11-23T17:13:50.841+0000] {python.py:240} INFO - Done. Returned value was: notify_normal
[2024-11-23T17:13:50.843+0000] {branch.py:38} INFO - Branch into notify_normal
[2024-11-23T17:13:50.843+0000] {skipmixin.py:230} INFO - Following branch ('notify_normal',)
[2024-11-23T17:13:50.905+0000] {skipmixin.py:278} INFO - Skipping tasks [('notify_fraud', -1), ('skip_processing', -1)]
[2024-11-23T17:13:51.132+0000] {taskinstance.py:340} INFO - ::group::Post task execution logs
[2024-11-23T17:13:51.133+0000] {taskinstance.py:352} INFO - Marking task as SUCCESS. dag_id=fraud_detection, task_id=process_transaction, run_id=scheduled__2024-11-23T17:12:00+00:00, execution_date=20241123T171200, start_date=20241123T171347, end_date=20241123T171351
[2024-11-23T17:13:51.214+0000] {local_task_job_runner.py:266} INFO - Task exited with return code 0
[2024-11-23T17:13:51.282+0000] {taskinstance.py:3900} INFO - 1 downstream tasks scheduled from follow-on schedule check
[2024-11-23T17:13:51.303+0000] {local_task_job_runner.py:245} INFO - ::endgroup::
