[2024-11-08T18:23:49.666+0000] {local_task_job_runner.py:123} INFO - ::group::Pre task execution logs
[2024-11-08T18:23:49.707+0000] {taskinstance.py:2612} INFO - Dependencies all met for dep_context=non-requeueable deps ti=<TaskInstance: fraud_detection.notify_normal scheduled__2024-11-08T18:22:00+00:00 [queued]>
[2024-11-08T18:23:49.729+0000] {taskinstance.py:2612} INFO - Dependencies all met for dep_context=requeueable deps ti=<TaskInstance: fraud_detection.notify_normal scheduled__2024-11-08T18:22:00+00:00 [queued]>
[2024-11-08T18:23:49.730+0000] {taskinstance.py:2865} INFO - Starting attempt 1 of 2
[2024-11-08T18:23:49.777+0000] {taskinstance.py:2888} INFO - Executing <Task(PythonOperator): notify_normal> on 2024-11-08 18:22:00+00:00
[2024-11-08T18:23:49.790+0000] {warnings.py:112} WARNING - /home/***/.local/lib/python3.12/site-packages/***/task/task_runner/standard_task_runner.py:70: DeprecationWarning: This process (pid=1219) is multi-threaded, use of fork() may lead to deadlocks in the child.
  pid = os.fork()

[2024-11-08T18:23:49.794+0000] {standard_task_runner.py:72} INFO - Started process 1221 to run task
[2024-11-08T18:23:49.797+0000] {standard_task_runner.py:104} INFO - Running: ['***', 'tasks', 'run', 'fraud_detection', 'notify_normal', 'scheduled__2024-11-08T18:22:00+00:00', '--job-id', '249', '--raw', '--subdir', 'DAGS_FOLDER/fraud_detection_dag.py', '--cfg-path', '/tmp/tmp4q7jwpam']
[2024-11-08T18:23:49.806+0000] {standard_task_runner.py:105} INFO - Job 249: Subtask notify_normal
[2024-11-08T18:23:49.966+0000] {task_command.py:467} INFO - Running <TaskInstance: fraud_detection.notify_normal scheduled__2024-11-08T18:22:00+00:00 [running]> on host 641085defe8e
[2024-11-08T18:23:50.203+0000] {taskinstance.py:3131} INFO - Exporting env vars: AIRFLOW_CTX_DAG_OWNER='fraud_team' AIRFLOW_CTX_DAG_ID='fraud_detection' AIRFLOW_CTX_TASK_ID='notify_normal' AIRFLOW_CTX_EXECUTION_DATE='2024-11-08T18:22:00+00:00' AIRFLOW_CTX_TRY_NUMBER='1' AIRFLOW_CTX_DAG_RUN_ID='scheduled__2024-11-08T18:22:00+00:00'
[2024-11-08T18:23:50.205+0000] {taskinstance.py:731} INFO - ::endgroup::
[2024-11-08T18:23:50.280+0000] {fraud_detection_dag.py:218} INFO - Données de transaction récupérées: {"columns":["cc_num","merchant","category","amt","first","last","gender","street","city","state","zip","lat","long","city_pop","job","dob","trans_num","merch_lat","merch_long","is_fraud","current_time"],"index":[168688],"data":[[4477156602511939689,"fraud_Ritchie, Oberbrunner and Cremin","travel",7.05,"Angela","Ross","F","0107 Clements Point","American Fork","UT",84003,40.3928,-111.7941,42384,"Futures trader","1992-12-29","12e1d93536995788e92417302658649b",40.857725,-111.304131,0,1731090221037]]}
[2024-11-08T18:23:50.281+0000] {fraud_detection_dag.py:219} INFO - Probabilité de fraude: 0.37733032970997876
[2024-11-08T18:23:50.281+0000] {fraud_detection_dag.py:220} INFO - Est une fraude: False
[2024-11-08T18:23:50.296+0000] {fraud_detection_dag.py:280} INFO - Tentative d'envoi d'email normale...
[2024-11-08T18:23:50.297+0000] {fraud_detection_dag.py:281} INFO - Contenu de l'email:

        ✅ Transaction NORMALE détectée!
        
        Statut: Vert
        Probabilité de fraude: 37.73%
        
        Détails de la transaction:
        --------------------------
        ID Transaction: 12e1d93536995788e92417302658649b
        Montant: 7.05€
        Date/Heure: 2024-11-08 18:23:41
        
        Informations sur le marchand:
        ----------------------------
        Nom: fraud_Ritchie, Oberbrunner and Cremin
        Ville: American Fork
        État: UT
        
        Informations sur le client:
        --------------------------
        Nom: Angela Ross
        Ville: American Fork
        
        Cette notification a été générée automatiquement par le système de détection de fraude.
        
[2024-11-08T18:23:56.578+0000] {fraud_detection_dag.py:291} INFO - Email envoyé avec succès
[2024-11-08T18:23:56.579+0000] {python.py:240} INFO - Done. Returned value was: store_normal
[2024-11-08T18:23:56.697+0000] {taskinstance.py:340} INFO - ::group::Post task execution logs
[2024-11-08T18:23:56.698+0000] {taskinstance.py:352} INFO - Marking task as SUCCESS. dag_id=fraud_detection, task_id=notify_normal, run_id=scheduled__2024-11-08T18:22:00+00:00, execution_date=20241108T182200, start_date=20241108T182349, end_date=20241108T182356
[2024-11-08T18:23:56.774+0000] {local_task_job_runner.py:266} INFO - Task exited with return code 0
[2024-11-08T18:23:56.841+0000] {taskinstance.py:3900} INFO - 1 downstream tasks scheduled from follow-on schedule check
[2024-11-08T18:23:56.846+0000] {local_task_job_runner.py:245} INFO - ::endgroup::
