[2024-11-08T18:56:00.706+0000] {local_task_job_runner.py:123} INFO - ::group::Pre task execution logs
[2024-11-08T18:56:00.821+0000] {taskinstance.py:2612} INFO - Dependencies all met for dep_context=non-requeueable deps ti=<TaskInstance: fraud_detection.load_dependencies scheduled__2024-11-08T18:40:00+00:00 [queued]>
[2024-11-08T18:56:00.856+0000] {taskinstance.py:2612} INFO - Dependencies all met for dep_context=requeueable deps ti=<TaskInstance: fraud_detection.load_dependencies scheduled__2024-11-08T18:40:00+00:00 [queued]>
[2024-11-08T18:56:00.859+0000] {taskinstance.py:2865} INFO - Starting attempt 1 of 2
[2024-11-08T18:56:00.903+0000] {taskinstance.py:2888} INFO - Executing <Task(PythonOperator): load_dependencies> on 2024-11-08 18:40:00+00:00
[2024-11-08T18:56:00.922+0000] {warnings.py:112} WARNING - /home/***/.local/lib/python3.12/site-packages/***/task/task_runner/standard_task_runner.py:70: DeprecationWarning: This process (pid=58) is multi-threaded, use of fork() may lead to deadlocks in the child.
  pid = os.fork()

[2024-11-08T18:56:00.929+0000] {standard_task_runner.py:72} INFO - Started process 66 to run task
[2024-11-08T18:56:00.934+0000] {standard_task_runner.py:104} INFO - Running: ['***', 'tasks', 'run', 'fraud_detection', 'load_dependencies', 'scheduled__2024-11-08T18:40:00+00:00', '--job-id', '335', '--raw', '--subdir', 'DAGS_FOLDER/fraud_detection_dag.py', '--cfg-path', '/tmp/tmp56djr7rp']
[2024-11-08T18:56:00.948+0000] {standard_task_runner.py:105} INFO - Job 335: Subtask load_dependencies
[2024-11-08T18:56:01.216+0000] {task_command.py:467} INFO - Running <TaskInstance: fraud_detection.load_dependencies scheduled__2024-11-08T18:40:00+00:00 [running]> on host c6af8dbaf1e5
[2024-11-08T18:56:01.634+0000] {taskinstance.py:3131} INFO - Exporting env vars: AIRFLOW_CTX_DAG_OWNER='fraud_team' AIRFLOW_CTX_DAG_ID='fraud_detection' AIRFLOW_CTX_TASK_ID='load_dependencies' AIRFLOW_CTX_EXECUTION_DATE='2024-11-08T18:40:00+00:00' AIRFLOW_CTX_TRY_NUMBER='1' AIRFLOW_CTX_DAG_RUN_ID='scheduled__2024-11-08T18:40:00+00:00'
[2024-11-08T18:56:01.636+0000] {taskinstance.py:731} INFO - ::endgroup::
[2024-11-08T18:56:01.668+0000] {fraud_detection_dag.py:26} INFO - Chargement des dépendances depuis S3...
[2024-11-08T18:56:36.395+0000] {fraud_detection_dag.py:42} INFO - Modèle chargé avec succès
[2024-11-08T18:56:39.516+0000] {fraud_detection_dag.py:47} INFO - ETL chargé avec succès
[2024-11-08T18:56:39.569+0000] {python.py:240} INFO - Done. Returned value was: True
[2024-11-08T18:56:39.604+0000] {taskinstance.py:340} INFO - ::group::Post task execution logs
[2024-11-08T18:56:39.605+0000] {taskinstance.py:352} INFO - Marking task as SUCCESS. dag_id=fraud_detection, task_id=load_dependencies, run_id=scheduled__2024-11-08T18:40:00+00:00, execution_date=20241108T184000, start_date=20241108T185600, end_date=20241108T185639
[2024-11-08T18:56:39.632+0000] {local_task_job_runner.py:266} INFO - Task exited with return code 0
[2024-11-08T18:56:39.666+0000] {taskinstance.py:3900} INFO - 1 downstream tasks scheduled from follow-on schedule check
[2024-11-08T18:56:39.670+0000] {local_task_job_runner.py:245} INFO - ::endgroup::
