[2024-11-24T15:17:58.493+0000] {local_task_job_runner.py:123} INFO - ::group::Pre task execution logs
[2024-11-24T15:17:58.524+0000] {taskinstance.py:2612} INFO - Dependencies all met for dep_context=non-requeueable deps ti=<TaskInstance: fraud_detection.process_transaction scheduled__2024-11-24T15:16:00+00:00 [queued]>
[2024-11-24T15:17:58.543+0000] {taskinstance.py:2612} INFO - Dependencies all met for dep_context=requeueable deps ti=<TaskInstance: fraud_detection.process_transaction scheduled__2024-11-24T15:16:00+00:00 [queued]>
[2024-11-24T15:17:58.544+0000] {taskinstance.py:2865} INFO - Starting attempt 1 of 2
[2024-11-24T15:17:58.568+0000] {taskinstance.py:2888} INFO - Executing <Task(BranchPythonOperator): process_transaction> on 2024-11-24 15:16:00+00:00
[2024-11-24T15:17:58.581+0000] {warnings.py:112} WARNING - /home/***/.local/lib/python3.12/site-packages/***/task/task_runner/standard_task_runner.py:70: DeprecationWarning: This process (pid=841) is multi-threaded, use of fork() may lead to deadlocks in the child.
  pid = os.fork()

[2024-11-24T15:17:58.584+0000] {standard_task_runner.py:72} INFO - Started process 851 to run task
[2024-11-24T15:17:58.588+0000] {standard_task_runner.py:104} INFO - Running: ['***', 'tasks', 'run', 'fraud_detection', 'process_transaction', 'scheduled__2024-11-24T15:16:00+00:00', '--job-id', '587', '--raw', '--subdir', 'DAGS_FOLDER/fraud_detection_dag.py', '--cfg-path', '/tmp/tmpn1zp5c29']
[2024-11-24T15:17:58.592+0000] {standard_task_runner.py:105} INFO - Job 587: Subtask process_transaction
[2024-11-24T15:17:58.690+0000] {task_command.py:467} INFO - Running <TaskInstance: fraud_detection.process_transaction scheduled__2024-11-24T15:16:00+00:00 [running]> on host 345e92ff26bf
[2024-11-24T15:17:58.898+0000] {taskinstance.py:3131} INFO - Exporting env vars: AIRFLOW_CTX_DAG_OWNER='fraud_team' AIRFLOW_CTX_DAG_ID='fraud_detection' AIRFLOW_CTX_TASK_ID='process_transaction' AIRFLOW_CTX_EXECUTION_DATE='2024-11-24T15:16:00+00:00' AIRFLOW_CTX_TRY_NUMBER='1' AIRFLOW_CTX_DAG_RUN_ID='scheduled__2024-11-24T15:16:00+00:00'
[2024-11-24T15:17:58.903+0000] {taskinstance.py:731} INFO - ::endgroup::
[2024-11-24T15:17:58.937+0000] {baseoperator.py:405} WARNING - BranchPythonOperator.execute cannot be called outside TaskInstance!
[2024-11-24T15:17:58.960+0000] {fraud_detection_dag.py:78} INFO - Données récupérées depuis XCom: {"columns":["cc_num","merchant","category","amt","first","last","gender","street","city","state","zip","lat","long","city_pop","job","dob","trans_num","merch_lat","merch_long","is_fraud","current_time"],"index":[347058],"data":[[2720894374956739,"fraud_Friesen-D'Amore","gas_transport",53.65,"Audrey","Hickman","F","3325 Gregory Square","Mount Clemens","MI",48043,42.5978,-82.8823,16305,"Psychologist, sport and exercise","1927-05-25","7386bea80ccc8079109c772314d12630",42.241652,-83.488452,0,1732461472661]]}
[2024-11-24T15:17:58.961+0000] {fraud_detection_dag.py:86} INFO - Données JSON parsées avec succès
[2024-11-24T15:17:58.971+0000] {fraud_detection_dag.py:90} INFO - DataFrame créé avec 1 lignes
[2024-11-24T15:17:58.975+0000] {fraud_detection_dag.py:94} INFO - Colonnes renommées avec succès
[2024-11-24T15:17:58.977+0000] {fraud_detection_dag.py:95} INFO - Colonnes disponibles: ['cc_num', 'merchant', 'category', 'amt', 'first', 'last', 'gender', 'street', 'city', 'state', 'zip', 'lat', 'long', 'city_pop', 'job', 'dob', 'trans_num', 'merch_lat', 'merch_long', 'is_fraud', 'trans_date_trans_time']
[2024-11-24T15:17:58.983+0000] {fraud_detection_dag.py:99} INFO - Conversion de trans_date_trans_time en unix_time réussie
[2024-11-24T15:17:59.062+0000] {fraud_detection_dag.py:108} INFO - Transformation des données...
[2024-11-24T15:18:00.221+0000] {warnings.py:112} WARNING - /home/***/.local/lib/python3.12/site-packages/sklearn/ensemble/_base.py:172: UserWarning: Loky-backed parallel loops cannot be called in a multiprocessing, setting n_jobs=1
  n_jobs = min(effective_n_jobs(n_jobs), n_estimators)

[2024-11-24T15:18:00.245+0000] {warnings.py:112} WARNING - /home/***/.local/lib/python3.12/site-packages/sklearn/ensemble/_base.py:172: UserWarning: Loky-backed parallel loops cannot be called in a multiprocessing, setting n_jobs=1
  n_jobs = min(effective_n_jobs(n_jobs), n_estimators)

[2024-11-24T15:18:00.253+0000] {fraud_detection_dag.py:120} INFO - Prediction de fraude: NORMAL, Probabilité: 37.40%
[2024-11-24T15:18:00.309+0000] {fraud_detection_dag.py:126} INFO - Prédiction: NORMAL (Probabilité: 37.40%)
[2024-11-24T15:18:00.311+0000] {python.py:240} INFO - Done. Returned value was: notify_normal
[2024-11-24T15:18:00.313+0000] {branch.py:38} INFO - Branch into notify_normal
[2024-11-24T15:18:00.316+0000] {skipmixin.py:230} INFO - Following branch ('notify_normal',)
[2024-11-24T15:18:00.414+0000] {skipmixin.py:278} INFO - Skipping tasks [('skip_processing', -1), ('notify_fraud', -1)]
[2024-11-24T15:18:00.522+0000] {taskinstance.py:340} INFO - ::group::Post task execution logs
[2024-11-24T15:18:00.526+0000] {taskinstance.py:352} INFO - Marking task as SUCCESS. dag_id=fraud_detection, task_id=process_transaction, run_id=scheduled__2024-11-24T15:16:00+00:00, execution_date=20241124T151600, start_date=20241124T151758, end_date=20241124T151800
[2024-11-24T15:18:00.627+0000] {local_task_job_runner.py:266} INFO - Task exited with return code 0
[2024-11-24T15:18:00.779+0000] {local_task_job_runner.py:245} INFO - ::endgroup::
