[2024-11-08T18:40:00.360+0000] {local_task_job_runner.py:123} INFO - ::group::Pre task execution logs
[2024-11-08T18:40:00.389+0000] {taskinstance.py:2612} INFO - Dependencies all met for dep_context=non-requeueable deps ti=<TaskInstance: fraud_detection.notify_normal scheduled__2024-11-08T18:38:00+00:00 [queued]>
[2024-11-08T18:40:00.406+0000] {taskinstance.py:2612} INFO - Dependencies all met for dep_context=requeueable deps ti=<TaskInstance: fraud_detection.notify_normal scheduled__2024-11-08T18:38:00+00:00 [queued]>
[2024-11-08T18:40:00.406+0000] {taskinstance.py:2865} INFO - Starting attempt 1 of 2
[2024-11-08T18:40:00.430+0000] {taskinstance.py:2888} INFO - Executing <Task(PythonOperator): notify_normal> on 2024-11-08 18:38:00+00:00
[2024-11-08T18:40:00.440+0000] {warnings.py:112} WARNING - /home/***/.local/lib/python3.12/site-packages/***/task/task_runner/standard_task_runner.py:70: DeprecationWarning: This process (pid=1846) is multi-threaded, use of fork() may lead to deadlocks in the child.
  pid = os.fork()

[2024-11-08T18:40:00.443+0000] {standard_task_runner.py:72} INFO - Started process 1848 to run task
[2024-11-08T18:40:00.444+0000] {standard_task_runner.py:104} INFO - Running: ['***', 'tasks', 'run', 'fraud_detection', 'notify_normal', 'scheduled__2024-11-08T18:38:00+00:00', '--job-id', '330', '--raw', '--subdir', 'DAGS_FOLDER/fraud_detection_dag.py', '--cfg-path', '/tmp/tmpnwqf2lz_']
[2024-11-08T18:40:00.449+0000] {standard_task_runner.py:105} INFO - Job 330: Subtask notify_normal
[2024-11-08T18:40:00.530+0000] {task_command.py:467} INFO - Running <TaskInstance: fraud_detection.notify_normal scheduled__2024-11-08T18:38:00+00:00 [running]> on host 641085defe8e
[2024-11-08T18:40:00.682+0000] {taskinstance.py:3131} INFO - Exporting env vars: AIRFLOW_CTX_DAG_OWNER='fraud_team' AIRFLOW_CTX_DAG_ID='fraud_detection' AIRFLOW_CTX_TASK_ID='notify_normal' AIRFLOW_CTX_EXECUTION_DATE='2024-11-08T18:38:00+00:00' AIRFLOW_CTX_TRY_NUMBER='1' AIRFLOW_CTX_DAG_RUN_ID='scheduled__2024-11-08T18:38:00+00:00'
[2024-11-08T18:40:00.684+0000] {taskinstance.py:731} INFO - ::endgroup::
[2024-11-08T18:40:00.780+0000] {fraud_detection_dag.py:218} INFO - Données de transaction récupérées: {"columns":["cc_num","merchant","category","amt","first","last","gender","street","city","state","zip","lat","long","city_pop","job","dob","trans_num","merch_lat","merch_long","is_fraud","current_time"],"index":[502369],"data":[[3543591270174051,"fraud_Hermann-Gaylord","misc_pos",9.63,"Margaret","Lam","F","6911 Nicholas Keys Apt. 237","Armagh","PA",15920,40.4603,-79.0097,922,"Early years teacher","1972-10-04","1de639b19d729ba3906d3ca76158c82f",40.316642,-78.840958,0,1731091191105]]}
[2024-11-08T18:40:00.781+0000] {fraud_detection_dag.py:219} INFO - Probabilité de fraude: 0.3669145300709066
[2024-11-08T18:40:00.781+0000] {fraud_detection_dag.py:220} INFO - Est une fraude: False
[2024-11-08T18:40:00.793+0000] {fraud_detection_dag.py:280} INFO - Tentative d'envoi d'email normale...
[2024-11-08T18:40:00.795+0000] {fraud_detection_dag.py:281} INFO - Contenu de l'email:

        ✅ Transaction NORMALE détectée!
        
        Statut: Vert
        Probabilité de fraude: 36.69%
        
        Détails de la transaction:
        --------------------------
        ID Transaction: 1de639b19d729ba3906d3ca76158c82f
        Montant: 9.63€
        Date/Heure: 2024-11-08 18:39:51
        
        Informations sur le marchand:
        ----------------------------
        Nom: fraud_Hermann-Gaylord
        Ville: Armagh
        État: PA
        
        Informations sur le client:
        --------------------------
        Nom: Margaret Lam
        Ville: Armagh
        
        Cette notification a été générée automatiquement par le système de détection de fraude.
        
[2024-11-08T18:40:04.766+0000] {fraud_detection_dag.py:291} INFO - Email envoyé avec succès
[2024-11-08T18:40:04.768+0000] {python.py:240} INFO - Done. Returned value was: store_normal
[2024-11-08T18:40:04.823+0000] {taskinstance.py:340} INFO - ::group::Post task execution logs
[2024-11-08T18:40:04.824+0000] {taskinstance.py:352} INFO - Marking task as SUCCESS. dag_id=fraud_detection, task_id=notify_normal, run_id=scheduled__2024-11-08T18:38:00+00:00, execution_date=20241108T183800, start_date=20241108T184000, end_date=20241108T184004
[2024-11-08T18:40:04.874+0000] {local_task_job_runner.py:266} INFO - Task exited with return code 0
[2024-11-08T18:40:04.913+0000] {taskinstance.py:3900} INFO - 1 downstream tasks scheduled from follow-on schedule check
[2024-11-08T18:40:04.917+0000] {local_task_job_runner.py:245} INFO - ::endgroup::
