[2024-11-23T17:49:16.950+0000] {local_task_job_runner.py:123} INFO - ::group::Pre task execution logs
[2024-11-23T17:49:17.005+0000] {taskinstance.py:2612} INFO - Dependencies all met for dep_context=non-requeueable deps ti=<TaskInstance: fraud_detection.notify_normal scheduled__2024-11-23T17:47:00+00:00 [queued]>
[2024-11-23T17:49:17.043+0000] {taskinstance.py:2612} INFO - Dependencies all met for dep_context=requeueable deps ti=<TaskInstance: fraud_detection.notify_normal scheduled__2024-11-23T17:47:00+00:00 [queued]>
[2024-11-23T17:49:17.044+0000] {taskinstance.py:2865} INFO - Starting attempt 1 of 2
[2024-11-23T17:49:17.088+0000] {taskinstance.py:2888} INFO - Executing <Task(PythonOperator): notify_normal> on 2024-11-23 17:47:00+00:00
[2024-11-23T17:49:17.127+0000] {warnings.py:112} WARNING - /home/***/.local/lib/python3.12/site-packages/***/task/task_runner/standard_task_runner.py:70: DeprecationWarning: This process (pid=3159) is multi-threaded, use of fork() may lead to deadlocks in the child.
  pid = os.fork()

[2024-11-23T17:49:17.134+0000] {standard_task_runner.py:72} INFO - Started process 3167 to run task
[2024-11-23T17:49:17.146+0000] {standard_task_runner.py:104} INFO - Running: ['***', 'tasks', 'run', 'fraud_detection', 'notify_normal', 'scheduled__2024-11-23T17:47:00+00:00', '--job-id', '300', '--raw', '--subdir', 'DAGS_FOLDER/fraud_detection_dag.py', '--cfg-path', '/tmp/tmpe5ci6y_l']
[2024-11-23T17:49:17.166+0000] {standard_task_runner.py:105} INFO - Job 300: Subtask notify_normal
[2024-11-23T17:49:17.394+0000] {task_command.py:467} INFO - Running <TaskInstance: fraud_detection.notify_normal scheduled__2024-11-23T17:47:00+00:00 [running]> on host 345e92ff26bf
[2024-11-23T17:49:17.859+0000] {taskinstance.py:3131} INFO - Exporting env vars: AIRFLOW_CTX_DAG_OWNER='fraud_team' AIRFLOW_CTX_DAG_ID='fraud_detection' AIRFLOW_CTX_TASK_ID='notify_normal' AIRFLOW_CTX_EXECUTION_DATE='2024-11-23T17:47:00+00:00' AIRFLOW_CTX_TRY_NUMBER='1' AIRFLOW_CTX_DAG_RUN_ID='scheduled__2024-11-23T17:47:00+00:00'
[2024-11-23T17:49:17.862+0000] {taskinstance.py:731} INFO - ::endgroup::
[2024-11-23T17:49:18.028+0000] {fraud_detection_dag.py:144} INFO - Données de transaction récupérées: {"columns":["cc_num","merchant","category","amt","first","last","gender","street","city","state","zip","lat","long","city_pop","job","dob","trans_num","merch_lat","merch_long","is_fraud","current_time"],"index":[153811],"data":[[4018105808392773675,"fraud_Schamberger-O'Keefe","grocery_pos",121.68,"Katherine","Love","F","5884 Sandoval Square Apt. 371","Allenhurst","NJ",7711,40.2367,-74.0067,1533,"Administrator, charities\/voluntary organisations","1935-04-15","3184c7dc0e20a385e1ff3fd865fc9183",40.226006,-74.011296,0,1732384133863]]}
[2024-11-23T17:49:18.029+0000] {fraud_detection_dag.py:145} INFO - Probabilité de fraude: 0.40324375506083504
[2024-11-23T17:49:18.029+0000] {fraud_detection_dag.py:146} INFO - Est une fraude: False
[2024-11-23T17:49:18.041+0000] {fraud_detection_dag.py:206} INFO - Tentative d'envoi d'email normale...
[2024-11-23T17:49:18.042+0000] {fraud_detection_dag.py:207} INFO - Contenu de l'email:

        ✅ Transaction NORMALE détectée!
        
        Statut: Vert
        Probabilité de fraude: 40.32%
        
        Détails de la transaction:
        --------------------------
        ID Transaction: 3184c7dc0e20a385e1ff3fd865fc9183
        Montant: 121.68€
        Date/Heure: 2024-11-23 17:48:53
        
        Informations sur le marchand:
        ----------------------------
        Nom: fraud_Schamberger-O'Keefe
        Ville: Allenhurst
        État: NJ
        
        Informations sur le client:
        --------------------------
        Nom: Katherine Love
        Ville: Allenhurst
        
        Cette notification a été générée automatiquement par le système de détection de fraude.
        
[2024-11-23T17:49:21.661+0000] {fraud_detection_dag.py:217} INFO - Email envoyé avec succès
[2024-11-23T17:49:21.662+0000] {python.py:240} INFO - Done. Returned value was: store_normal
[2024-11-23T17:49:21.792+0000] {taskinstance.py:340} INFO - ::group::Post task execution logs
[2024-11-23T17:49:21.793+0000] {taskinstance.py:352} INFO - Marking task as SUCCESS. dag_id=fraud_detection, task_id=notify_normal, run_id=scheduled__2024-11-23T17:47:00+00:00, execution_date=20241123T174700, start_date=20241123T174917, end_date=20241123T174921
[2024-11-23T17:49:21.873+0000] {local_task_job_runner.py:266} INFO - Task exited with return code 0
[2024-11-23T17:49:21.991+0000] {taskinstance.py:3900} INFO - 1 downstream tasks scheduled from follow-on schedule check
[2024-11-23T17:49:21.999+0000] {local_task_job_runner.py:245} INFO - ::endgroup::
