[2024-11-24T15:16:16.910+0000] {local_task_job_runner.py:123} INFO - ::group::Pre task execution logs
[2024-11-24T15:16:17.016+0000] {taskinstance.py:2612} INFO - Dependencies all met for dep_context=non-requeueable deps ti=<TaskInstance: fraud_detection.store_normal scheduled__2024-11-24T15:14:00+00:00 [queued]>
[2024-11-24T15:16:17.031+0000] {taskinstance.py:2612} INFO - Dependencies all met for dep_context=requeueable deps ti=<TaskInstance: fraud_detection.store_normal scheduled__2024-11-24T15:14:00+00:00 [queued]>
[2024-11-24T15:16:17.033+0000] {taskinstance.py:2865} INFO - Starting attempt 1 of 2
[2024-11-24T15:16:17.062+0000] {taskinstance.py:2888} INFO - Executing <Task(PythonOperator): store_normal> on 2024-11-24 15:14:00+00:00
[2024-11-24T15:16:17.084+0000] {warnings.py:112} WARNING - /home/***/.local/lib/python3.12/site-packages/***/task/task_runner/standard_task_runner.py:70: DeprecationWarning: This process (pid=690) is multi-threaded, use of fork() may lead to deadlocks in the child.
  pid = os.fork()

[2024-11-24T15:16:17.089+0000] {standard_task_runner.py:72} INFO - Started process 702 to run task
[2024-11-24T15:16:17.106+0000] {standard_task_runner.py:104} INFO - Running: ['***', 'tasks', 'run', 'fraud_detection', 'store_normal', 'scheduled__2024-11-24T15:14:00+00:00', '--job-id', '571', '--raw', '--subdir', 'DAGS_FOLDER/fraud_detection_dag.py', '--cfg-path', '/tmp/tmpndtkc4p4']
[2024-11-24T15:16:17.116+0000] {standard_task_runner.py:105} INFO - Job 571: Subtask store_normal
[2024-11-24T15:16:17.568+0000] {task_command.py:467} INFO - Running <TaskInstance: fraud_detection.store_normal scheduled__2024-11-24T15:14:00+00:00 [running]> on host 345e92ff26bf
[2024-11-24T15:16:18.644+0000] {taskinstance.py:3131} INFO - Exporting env vars: AIRFLOW_CTX_DAG_OWNER='fraud_team' AIRFLOW_CTX_DAG_ID='fraud_detection' AIRFLOW_CTX_TASK_ID='store_normal' AIRFLOW_CTX_EXECUTION_DATE='2024-11-24T15:14:00+00:00' AIRFLOW_CTX_TRY_NUMBER='1' AIRFLOW_CTX_DAG_RUN_ID='scheduled__2024-11-24T15:14:00+00:00'
[2024-11-24T15:16:18.651+0000] {taskinstance.py:731} INFO - ::endgroup::
[2024-11-24T15:16:18.945+0000] {fraud_detection_dag.py:235} INFO - Tentative de connexion à Neon...
[2024-11-24T15:16:21.592+0000] {fraud_detection_dag.py:241} INFO - Connexion à Neon réussie!
[2024-11-24T15:16:21.854+0000] {fraud_detection_dag.py:248} INFO - Données reçues pour stockage: {"columns":["cc_num","merchant","category","amt","first","last","gender","street","city","state","zip","lat","long","city_pop","job","dob","trans_num","merch_lat","merch_long","is_fraud","current_time"],"index":[10351],"data":[[4980323467523543940,"fraud_Flatley Group","misc_pos",5.21,"Patrick","Massey","M","7812 Shane Shoals Apt. 607","North Haverhill","NH",3774,44.0978,-72.0191,1966,"Structural engineer","1947-10-27","4c55ee12578b83d60bd9fbfd51e46c9a",45.072833,-71.57255,0,1732461349405]]}
[2024-11-24T15:16:21.862+0000] {fraud_detection_dag.py:257} INFO - JSON parsé avec succès
[2024-11-24T15:16:21.897+0000] {fraud_detection_dag.py:261} INFO - DataFrame créé avec 1 lignes
[2024-11-24T15:16:21.902+0000] {fraud_detection_dag.py:266} INFO - Colonne current_time renommée en trans_date_trans_time
[2024-11-24T15:16:21.939+0000] {fraud_detection_dag.py:270} INFO - Conversion du timestamp réussie
[2024-11-24T15:16:22.027+0000] {fraud_detection_dag.py:274} INFO - Indicateur de fraude récupéré: False
[2024-11-24T15:16:22.048+0000] {fraud_detection_dag.py:278} INFO - Colonne is_fraud mise à jour avec la valeur: False
[2024-11-24T15:16:22.049+0000] {fraud_detection_dag.py:282} INFO - Conversion de is_fraud en boolean réussie
[2024-11-24T15:16:22.050+0000] {fraud_detection_dag.py:285} INFO - Colonnes finales avant stockage: ['cc_num', 'merchant', 'category', 'amt', 'first', 'last', 'gender', 'street', 'city', 'state', 'zip', 'lat', 'long', 'city_pop', 'job', 'dob', 'trans_num', 'merch_lat', 'merch_long', 'is_fraud', 'trans_date_trans_time']
[2024-11-24T15:16:22.060+0000] {fraud_detection_dag.py:286} INFO - Types des données: 
cc_num                            int64
merchant                         object
category                         object
amt                             float64
first                            object
last                             object
gender                           object
street                           object
city                             object
state                            object
zip                               int64
lat                             float64
long                            float64
city_pop                          int64
job                              object
dob                              object
trans_num                        object
merch_lat                       float64
merch_long                      float64
is_fraud                           bool
trans_date_trans_time    datetime64[ns]
dtype: object
[2024-11-24T15:16:22.061+0000] {fraud_detection_dag.py:290} INFO - Stockage dans la table: normal_transactions
[2024-11-24T15:16:22.713+0000] {fraud_detection_dag.py:295} INFO - Données stockées avec succès dans la table normal_transactions
[2024-11-24T15:16:22.716+0000] {python.py:240} INFO - Done. Returned value was: None
[2024-11-24T15:16:22.820+0000] {taskinstance.py:340} INFO - ::group::Post task execution logs
[2024-11-24T15:16:22.872+0000] {taskinstance.py:352} INFO - Marking task as SUCCESS. dag_id=fraud_detection, task_id=store_normal, run_id=scheduled__2024-11-24T15:14:00+00:00, execution_date=20241124T151400, start_date=20241124T151617, end_date=20241124T151622
[2024-11-24T15:16:23.129+0000] {local_task_job_runner.py:266} INFO - Task exited with return code 0
[2024-11-24T15:16:23.233+0000] {local_task_job_runner.py:245} INFO - ::endgroup::
