[2024-11-23T16:50:41.474+0000] {local_task_job_runner.py:123} INFO - ::group::Pre task execution logs
[2024-11-23T16:50:41.537+0000] {taskinstance.py:2612} INFO - Dependencies all met for dep_context=non-requeueable deps ti=<TaskInstance: fraud_detection.notify_normal manual__2024-11-23T16:49:27.768419+00:00 [queued]>
[2024-11-23T16:50:41.581+0000] {taskinstance.py:2612} INFO - Dependencies all met for dep_context=requeueable deps ti=<TaskInstance: fraud_detection.notify_normal manual__2024-11-23T16:49:27.768419+00:00 [queued]>
[2024-11-23T16:50:41.582+0000] {taskinstance.py:2865} INFO - Starting attempt 1 of 2
[2024-11-23T16:50:41.624+0000] {taskinstance.py:2888} INFO - Executing <Task(PythonOperator): notify_normal> on 2024-11-23 16:49:27.768419+00:00
[2024-11-23T16:50:41.654+0000] {warnings.py:112} WARNING - /home/***/.local/lib/python3.12/site-packages/***/task/task_runner/standard_task_runner.py:70: DeprecationWarning: This process (pid=197) is multi-threaded, use of fork() may lead to deadlocks in the child.
  pid = os.fork()

[2024-11-23T16:50:41.658+0000] {standard_task_runner.py:72} INFO - Started process 202 to run task
[2024-11-23T16:50:41.665+0000] {standard_task_runner.py:104} INFO - Running: ['***', 'tasks', 'run', 'fraud_detection', 'notify_normal', 'manual__2024-11-23T16:49:27.768419+00:00', '--job-id', '21', '--raw', '--subdir', 'DAGS_FOLDER/fraud_detection_dag.py', '--cfg-path', '/tmp/tmpbu6td4qg']
[2024-11-23T16:50:41.675+0000] {standard_task_runner.py:105} INFO - Job 21: Subtask notify_normal
[2024-11-23T16:50:41.881+0000] {task_command.py:467} INFO - Running <TaskInstance: fraud_detection.notify_normal manual__2024-11-23T16:49:27.768419+00:00 [running]> on host 345e92ff26bf
[2024-11-23T16:50:42.261+0000] {taskinstance.py:3131} INFO - Exporting env vars: AIRFLOW_CTX_DAG_OWNER='fraud_team' AIRFLOW_CTX_DAG_ID='fraud_detection' AIRFLOW_CTX_TASK_ID='notify_normal' AIRFLOW_CTX_EXECUTION_DATE='2024-11-23T16:49:27.768419+00:00' AIRFLOW_CTX_TRY_NUMBER='1' AIRFLOW_CTX_DAG_RUN_ID='manual__2024-11-23T16:49:27.768419+00:00'
[2024-11-23T16:50:42.263+0000] {taskinstance.py:731} INFO - ::endgroup::
[2024-11-23T16:50:42.419+0000] {fraud_detection_dag.py:219} INFO - Données de transaction récupérées: {"columns":["cc_num","merchant","category","amt","first","last","gender","street","city","state","zip","lat","long","city_pop","job","dob","trans_num","merch_lat","merch_long","is_fraud","current_time"],"index":[311371],"data":[[3598215285024754,"fraud_Thiel-Thiel","entertainment",212.78,"Ashley","Lopez","F","9333 Valentine Point","Bellmore","NY",11710,40.6729,-73.5365,34496,"Librarian, public","1970-10-21","641086140cbba1d4c1b822710048bc1f",40.424673,-74.033378,0,1732380629473]]}
[2024-11-23T16:50:42.424+0000] {fraud_detection_dag.py:220} INFO - Probabilité de fraude: 0.3562159165669461
[2024-11-23T16:50:42.425+0000] {fraud_detection_dag.py:221} INFO - Est une fraude: False
[2024-11-23T16:50:42.435+0000] {fraud_detection_dag.py:281} INFO - Tentative d'envoi d'email normale...
[2024-11-23T16:50:42.439+0000] {fraud_detection_dag.py:282} INFO - Contenu de l'email:

        ✅ Transaction NORMALE détectée!
        
        Statut: Vert
        Probabilité de fraude: 35.62%
        
        Détails de la transaction:
        --------------------------
        ID Transaction: 641086140cbba1d4c1b822710048bc1f
        Montant: 212.78€
        Date/Heure: 2024-11-23 16:50:29
        
        Informations sur le marchand:
        ----------------------------
        Nom: fraud_Thiel-Thiel
        Ville: Bellmore
        État: NY
        
        Informations sur le client:
        --------------------------
        Nom: Ashley Lopez
        Ville: Bellmore
        
        Cette notification a été générée automatiquement par le système de détection de fraude.
        
[2024-11-23T16:50:46.941+0000] {fraud_detection_dag.py:292} INFO - Email envoyé avec succès
[2024-11-23T16:50:46.942+0000] {python.py:240} INFO - Done. Returned value was: store_normal
[2024-11-23T16:50:47.161+0000] {taskinstance.py:340} INFO - ::group::Post task execution logs
[2024-11-23T16:50:47.186+0000] {taskinstance.py:352} INFO - Marking task as SUCCESS. dag_id=fraud_detection, task_id=notify_normal, run_id=manual__2024-11-23T16:49:27.768419+00:00, execution_date=20241123T164927, start_date=20241123T165041, end_date=20241123T165047
[2024-11-23T16:50:47.349+0000] {local_task_job_runner.py:266} INFO - Task exited with return code 0
[2024-11-23T16:50:47.464+0000] {taskinstance.py:3900} INFO - 1 downstream tasks scheduled from follow-on schedule check
[2024-11-23T16:50:47.479+0000] {local_task_job_runner.py:245} INFO - ::endgroup::
