[2024-11-24T15:11:51.804+0000] {local_task_job_runner.py:123} INFO - ::group::Pre task execution logs
[2024-11-24T15:11:51.904+0000] {taskinstance.py:2612} INFO - Dependencies all met for dep_context=non-requeueable deps ti=<TaskInstance: fraud_detection.process_transaction manual__2024-11-24T15:10:27.461724+00:00 [queued]>
[2024-11-24T15:11:51.954+0000] {taskinstance.py:2612} INFO - Dependencies all met for dep_context=requeueable deps ti=<TaskInstance: fraud_detection.process_transaction manual__2024-11-24T15:10:27.461724+00:00 [queued]>
[2024-11-24T15:11:51.968+0000] {taskinstance.py:2865} INFO - Starting attempt 1 of 2
[2024-11-24T15:11:52.011+0000] {taskinstance.py:2888} INFO - Executing <Task(BranchPythonOperator): process_transaction> on 2024-11-24 15:10:27.461724+00:00
[2024-11-24T15:11:52.037+0000] {warnings.py:112} WARNING - /home/***/.local/lib/python3.12/site-packages/***/task/task_runner/standard_task_runner.py:70: DeprecationWarning: This process (pid=288) is multi-threaded, use of fork() may lead to deadlocks in the child.
  pid = os.fork()

[2024-11-24T15:11:52.046+0000] {standard_task_runner.py:72} INFO - Started process 306 to run task
[2024-11-24T15:11:52.058+0000] {standard_task_runner.py:104} INFO - Running: ['***', 'tasks', 'run', 'fraud_detection', 'process_transaction', 'manual__2024-11-24T15:10:27.461724+00:00', '--job-id', '531', '--raw', '--subdir', 'DAGS_FOLDER/fraud_detection_dag.py', '--cfg-path', '/tmp/tmpxqapufzn']
[2024-11-24T15:11:52.085+0000] {standard_task_runner.py:105} INFO - Job 531: Subtask process_transaction
[2024-11-24T15:11:52.534+0000] {task_command.py:467} INFO - Running <TaskInstance: fraud_detection.process_transaction manual__2024-11-24T15:10:27.461724+00:00 [running]> on host 345e92ff26bf
[2024-11-24T15:11:53.950+0000] {taskinstance.py:3131} INFO - Exporting env vars: AIRFLOW_CTX_DAG_OWNER='fraud_team' AIRFLOW_CTX_DAG_ID='fraud_detection' AIRFLOW_CTX_TASK_ID='process_transaction' AIRFLOW_CTX_EXECUTION_DATE='2024-11-24T15:10:27.461724+00:00' AIRFLOW_CTX_TRY_NUMBER='1' AIRFLOW_CTX_DAG_RUN_ID='manual__2024-11-24T15:10:27.461724+00:00'
[2024-11-24T15:11:53.953+0000] {taskinstance.py:731} INFO - ::endgroup::
[2024-11-24T15:11:54.051+0000] {baseoperator.py:405} WARNING - BranchPythonOperator.execute cannot be called outside TaskInstance!
[2024-11-24T15:11:54.316+0000] {fraud_detection_dag.py:78} INFO - Données récupérées depuis XCom: {"columns":["cc_num","merchant","category","amt","first","last","gender","street","city","state","zip","lat","long","city_pop","job","dob","trans_num","merch_lat","merch_long","is_fraud","current_time"],"index":[374846],"data":[[2475085306462014,"fraud_Erdman-Ebert","personal_care",70.83,"John","Miller","M","153 Mccullough Springs Apt. 857","Lamberton","MN",56152,44.2378,-95.2739,1507,"Land\/geomatics surveyor","1993-10-12","ba3dc1fb63bfc98e2d6f667ef6c9f02a",43.866583,-95.902228,0,1732461100609]]}
[2024-11-24T15:11:54.340+0000] {fraud_detection_dag.py:86} INFO - Données JSON parsées avec succès
[2024-11-24T15:11:54.370+0000] {fraud_detection_dag.py:90} INFO - DataFrame créé avec 1 lignes
[2024-11-24T15:11:54.403+0000] {fraud_detection_dag.py:94} INFO - Colonnes renommées avec succès
[2024-11-24T15:11:54.425+0000] {fraud_detection_dag.py:95} INFO - Colonnes disponibles: ['cc_num', 'merchant', 'category', 'amt', 'first', 'last', 'gender', 'street', 'city', 'state', 'zip', 'lat', 'long', 'city_pop', 'job', 'dob', 'trans_num', 'merch_lat', 'merch_long', 'is_fraud', 'trans_date_trans_time']
[2024-11-24T15:11:54.489+0000] {fraud_detection_dag.py:99} INFO - Conversion de trans_date_trans_time en unix_time réussie
[2024-11-24T15:11:54.668+0000] {fraud_detection_dag.py:108} INFO - Transformation des données...
[2024-11-24T15:11:58.676+0000] {warnings.py:112} WARNING - /home/***/.local/lib/python3.12/site-packages/sklearn/ensemble/_base.py:172: UserWarning: Loky-backed parallel loops cannot be called in a multiprocessing, setting n_jobs=1
  n_jobs = min(effective_n_jobs(n_jobs), n_estimators)

[2024-11-24T15:11:58.802+0000] {warnings.py:112} WARNING - /home/***/.local/lib/python3.12/site-packages/sklearn/ensemble/_base.py:172: UserWarning: Loky-backed parallel loops cannot be called in a multiprocessing, setting n_jobs=1
  n_jobs = min(effective_n_jobs(n_jobs), n_estimators)

[2024-11-24T15:11:58.851+0000] {fraud_detection_dag.py:120} INFO - Prediction de fraude: NORMAL, Probabilité: 29.65%
[2024-11-24T15:12:00.265+0000] {fraud_detection_dag.py:126} INFO - Prédiction: NORMAL (Probabilité: 29.65%)
[2024-11-24T15:12:00.267+0000] {python.py:240} INFO - Done. Returned value was: notify_normal
[2024-11-24T15:12:00.271+0000] {branch.py:38} INFO - Branch into notify_normal
[2024-11-24T15:12:00.442+0000] {skipmixin.py:230} INFO - Following branch ('notify_normal',)
[2024-11-24T15:12:00.787+0000] {skipmixin.py:278} INFO - Skipping tasks [('skip_processing', -1), ('notify_fraud', -1)]
[2024-11-24T15:12:01.261+0000] {taskinstance.py:340} INFO - ::group::Post task execution logs
[2024-11-24T15:12:01.263+0000] {taskinstance.py:352} INFO - Marking task as SUCCESS. dag_id=fraud_detection, task_id=process_transaction, run_id=manual__2024-11-24T15:10:27.461724+00:00, execution_date=20241124T151027, start_date=20241124T151151, end_date=20241124T151201
[2024-11-24T15:12:01.767+0000] {local_task_job_runner.py:266} INFO - Task exited with return code 0
[2024-11-24T15:12:02.089+0000] {standard_task_runner.py:217} INFO - Process not found (most likely exited), stop collecting metrics
[2024-11-24T15:12:02.440+0000] {taskinstance.py:3900} INFO - 1 downstream tasks scheduled from follow-on schedule check
[2024-11-24T15:12:02.453+0000] {local_task_job_runner.py:245} INFO - ::endgroup::
