[2024-11-23T16:56:05.307+0000] {local_task_job_runner.py:123} INFO - ::group::Pre task execution logs
[2024-11-23T16:56:05.354+0000] {taskinstance.py:2612} INFO - Dependencies all met for dep_context=non-requeueable deps ti=<TaskInstance: fraud_detection.process_transaction scheduled__2024-11-23T16:54:00+00:00 [queued]>
[2024-11-23T16:56:05.378+0000] {taskinstance.py:2612} INFO - Dependencies all met for dep_context=requeueable deps ti=<TaskInstance: fraud_detection.process_transaction scheduled__2024-11-23T16:54:00+00:00 [queued]>
[2024-11-23T16:56:05.379+0000] {taskinstance.py:2865} INFO - Starting attempt 1 of 2
[2024-11-23T16:56:05.428+0000] {taskinstance.py:2888} INFO - Executing <Task(BranchPythonOperator): process_transaction> on 2024-11-23 16:54:00+00:00
[2024-11-23T16:56:05.456+0000] {warnings.py:112} WARNING - /home/***/.local/lib/python3.12/site-packages/***/task/task_runner/standard_task_runner.py:70: DeprecationWarning: This process (pid=478) is multi-threaded, use of fork() may lead to deadlocks in the child.
  pid = os.fork()

[2024-11-23T16:56:05.461+0000] {standard_task_runner.py:72} INFO - Started process 489 to run task
[2024-11-23T16:56:05.464+0000] {standard_task_runner.py:104} INFO - Running: ['***', 'tasks', 'run', 'fraud_detection', 'process_transaction', 'scheduled__2024-11-23T16:54:00+00:00', '--job-id', '50', '--raw', '--subdir', 'DAGS_FOLDER/fraud_detection_dag.py', '--cfg-path', '/tmp/tmpi6rbmmuo']
[2024-11-23T16:56:05.467+0000] {standard_task_runner.py:105} INFO - Job 50: Subtask process_transaction
[2024-11-23T16:56:05.648+0000] {task_command.py:467} INFO - Running <TaskInstance: fraud_detection.process_transaction scheduled__2024-11-23T16:54:00+00:00 [running]> on host 345e92ff26bf
[2024-11-23T16:56:05.969+0000] {taskinstance.py:3131} INFO - Exporting env vars: AIRFLOW_CTX_DAG_OWNER='fraud_team' AIRFLOW_CTX_DAG_ID='fraud_detection' AIRFLOW_CTX_TASK_ID='process_transaction' AIRFLOW_CTX_EXECUTION_DATE='2024-11-23T16:54:00+00:00' AIRFLOW_CTX_TRY_NUMBER='1' AIRFLOW_CTX_DAG_RUN_ID='scheduled__2024-11-23T16:54:00+00:00'
[2024-11-23T16:56:05.983+0000] {taskinstance.py:731} INFO - ::endgroup::
[2024-11-23T16:56:06.037+0000] {baseoperator.py:405} WARNING - BranchPythonOperator.execute cannot be called outside TaskInstance!
[2024-11-23T16:56:06.112+0000] {fraud_detection_dag.py:78} INFO - Données récupérées depuis XCom: {"columns":["cc_num","merchant","category","amt","first","last","gender","street","city","state","zip","lat","long","city_pop","job","dob","trans_num","merch_lat","merch_long","is_fraud","current_time"],"index":[293207],"data":[[4653178848915023204,"fraud_Dickinson Ltd","personal_care",4.24,"Robert","Hall","M","371 Anthony Trail Suite 354","Glade Spring","VA",24340,36.7779,-81.7676,5657,"Clinical psychologist","1987-04-29","590e3f103ea04fd7553e5419cf4a1833",36.395668,-82.289945,0,1732380961022]]}
[2024-11-23T16:56:06.113+0000] {fraud_detection_dag.py:86} INFO - Données JSON parsées avec succès
[2024-11-23T16:56:06.120+0000] {fraud_detection_dag.py:90} INFO - DataFrame créé avec 1 lignes
[2024-11-23T16:56:06.129+0000] {fraud_detection_dag.py:94} INFO - Colonnes renommées avec succès
[2024-11-23T16:56:06.130+0000] {fraud_detection_dag.py:95} INFO - Colonnes disponibles: ['cc_num', 'merchant', 'category', 'amt', 'first', 'last', 'gender', 'street', 'city', 'state', 'zip', 'lat', 'long', 'city_pop', 'job', 'dob', 'trans_num', 'merch_lat', 'merch_long', 'is_fraud', 'trans_date_trans_time']
[2024-11-23T16:56:06.134+0000] {fraud_detection_dag.py:99} INFO - Conversion de trans_date_trans_time en unix_time réussie
[2024-11-23T16:56:06.268+0000] {fraud_detection_dag.py:108} INFO - Transformation des données...
[2024-11-23T16:56:08.460+0000] {warnings.py:112} WARNING - /home/***/.local/lib/python3.12/site-packages/sklearn/ensemble/_base.py:172: UserWarning: Loky-backed parallel loops cannot be called in a multiprocessing, setting n_jobs=1
  n_jobs = min(effective_n_jobs(n_jobs), n_estimators)

[2024-11-23T16:56:08.492+0000] {warnings.py:112} WARNING - /home/***/.local/lib/python3.12/site-packages/sklearn/ensemble/_base.py:172: UserWarning: Loky-backed parallel loops cannot be called in a multiprocessing, setting n_jobs=1
  n_jobs = min(effective_n_jobs(n_jobs), n_estimators)

[2024-11-23T16:56:08.504+0000] {fraud_detection_dag.py:120} INFO - Prediction de fraude: NORMAL, Probabilité: 32.85%
[2024-11-23T16:56:08.682+0000] {fraud_detection_dag.py:126} INFO - Prédiction: NORMAL (Probabilité: 32.85%)
[2024-11-23T16:56:08.694+0000] {python.py:240} INFO - Done. Returned value was: notify_normal
[2024-11-23T16:56:08.695+0000] {branch.py:38} INFO - Branch into notify_normal
[2024-11-23T16:56:08.696+0000] {skipmixin.py:230} INFO - Following branch ('notify_normal',)
[2024-11-23T16:56:08.725+0000] {skipmixin.py:278} INFO - Skipping tasks [('notify_fraud', -1), ('skip_processing', -1)]
[2024-11-23T16:56:08.944+0000] {taskinstance.py:340} INFO - ::group::Post task execution logs
[2024-11-23T16:56:08.945+0000] {taskinstance.py:352} INFO - Marking task as SUCCESS. dag_id=fraud_detection, task_id=process_transaction, run_id=scheduled__2024-11-23T16:54:00+00:00, execution_date=20241123T165400, start_date=20241123T165605, end_date=20241123T165608
[2024-11-23T16:56:09.240+0000] {local_task_job_runner.py:266} INFO - Task exited with return code 0
[2024-11-23T16:56:09.302+0000] {local_task_job_runner.py:245} INFO - ::endgroup::
