[2024-11-23T16:50:18.035+0000] {local_task_job_runner.py:123} INFO - ::group::Pre task execution logs
[2024-11-23T16:50:18.171+0000] {taskinstance.py:2612} INFO - Dependencies all met for dep_context=non-requeueable deps ti=<TaskInstance: fraud_detection.store_normal scheduled__2024-11-23T16:47:00+00:00 [queued]>
[2024-11-23T16:50:18.298+0000] {taskinstance.py:2612} INFO - Dependencies all met for dep_context=requeueable deps ti=<TaskInstance: fraud_detection.store_normal scheduled__2024-11-23T16:47:00+00:00 [queued]>
[2024-11-23T16:50:18.299+0000] {taskinstance.py:2865} INFO - Starting attempt 1 of 2
[2024-11-23T16:50:18.405+0000] {taskinstance.py:2888} INFO - Executing <Task(PythonOperator): store_normal> on 2024-11-23 16:47:00+00:00
[2024-11-23T16:50:18.444+0000] {warnings.py:112} WARNING - /home/***/.local/lib/python3.12/site-packages/***/task/task_runner/standard_task_runner.py:70: DeprecationWarning: This process (pid=167) is multi-threaded, use of fork() may lead to deadlocks in the child.
  pid = os.fork()

[2024-11-23T16:50:18.452+0000] {standard_task_runner.py:72} INFO - Started process 180 to run task
[2024-11-23T16:50:18.446+0000] {standard_task_runner.py:104} INFO - Running: ['***', 'tasks', 'run', 'fraud_detection', 'store_normal', 'scheduled__2024-11-23T16:47:00+00:00', '--job-id', '18', '--raw', '--subdir', 'DAGS_FOLDER/fraud_detection_dag.py', '--cfg-path', '/tmp/tmp4j79rpjh']
[2024-11-23T16:50:18.463+0000] {standard_task_runner.py:105} INFO - Job 18: Subtask store_normal
[2024-11-23T16:50:18.821+0000] {task_command.py:467} INFO - Running <TaskInstance: fraud_detection.store_normal scheduled__2024-11-23T16:47:00+00:00 [running]> on host 345e92ff26bf
[2024-11-23T16:50:19.216+0000] {taskinstance.py:3131} INFO - Exporting env vars: AIRFLOW_CTX_DAG_OWNER='fraud_team' AIRFLOW_CTX_DAG_ID='fraud_detection' AIRFLOW_CTX_TASK_ID='store_normal' AIRFLOW_CTX_EXECUTION_DATE='2024-11-23T16:47:00+00:00' AIRFLOW_CTX_TRY_NUMBER='1' AIRFLOW_CTX_DAG_RUN_ID='scheduled__2024-11-23T16:47:00+00:00'
[2024-11-23T16:50:19.219+0000] {taskinstance.py:731} INFO - ::endgroup::
[2024-11-23T16:50:19.268+0000] {fraud_detection_dag.py:310} INFO - Tentative de connexion à Neon...
[2024-11-23T16:50:25.912+0000] {fraud_detection_dag.py:316} INFO - Connexion à Neon réussie!
[2024-11-23T16:50:26.562+0000] {fraud_detection_dag.py:323} INFO - Données reçues pour stockage: {"columns":["cc_num","merchant","category","amt","first","last","gender","street","city","state","zip","lat","long","city_pop","job","dob","trans_num","merch_lat","merch_long","is_fraud","current_time"],"index":[385260],"data":[[5456776410929288,"fraud_Rau-Grant","kids_pets",32.95,"Taylor","Khan","F","658 Diane Glen Apt. 677","North Washington","PA",16048,41.0472,-79.8089,139,"Patent attorney","1954-05-25","d3e9dae9b18e5fea640cf6afdb937123",41.909833,-79.039697,0,1732380582846]]}
[2024-11-23T16:50:26.564+0000] {fraud_detection_dag.py:332} INFO - JSON parsé avec succès
[2024-11-23T16:50:26.577+0000] {fraud_detection_dag.py:336} INFO - DataFrame créé avec 1 lignes
[2024-11-23T16:50:26.588+0000] {fraud_detection_dag.py:341} INFO - Colonne current_time renommée en trans_date_trans_time
[2024-11-23T16:50:26.610+0000] {fraud_detection_dag.py:345} INFO - Conversion du timestamp réussie
[2024-11-23T16:50:26.665+0000] {fraud_detection_dag.py:349} INFO - Indicateur de fraude récupéré: False
[2024-11-23T16:50:26.682+0000] {fraud_detection_dag.py:353} INFO - Colonne is_fraud mise à jour avec la valeur: False
[2024-11-23T16:50:26.687+0000] {fraud_detection_dag.py:357} INFO - Conversion de is_fraud en boolean réussie
[2024-11-23T16:50:26.688+0000] {fraud_detection_dag.py:360} INFO - Colonnes finales avant stockage: ['cc_num', 'merchant', 'category', 'amt', 'first', 'last', 'gender', 'street', 'city', 'state', 'zip', 'lat', 'long', 'city_pop', 'job', 'dob', 'trans_num', 'merch_lat', 'merch_long', 'is_fraud', 'trans_date_trans_time']
[2024-11-23T16:50:26.712+0000] {fraud_detection_dag.py:361} INFO - Types des données: 
cc_num                            int64
merchant                         object
category                         object
amt                             float64
first                            object
last                             object
gender                           object
street                           object
city                             object
state                            object
zip                               int64
lat                             float64
long                            float64
city_pop                          int64
job                              object
dob                              object
trans_num                        object
merch_lat                       float64
merch_long                      float64
is_fraud                           bool
trans_date_trans_time    datetime64[ns]
dtype: object
[2024-11-23T16:50:26.721+0000] {fraud_detection_dag.py:365} INFO - Stockage dans la table: normal_transactions
[2024-11-23T16:50:27.555+0000] {fraud_detection_dag.py:370} INFO - Données stockées avec succès dans la table normal_transactions
[2024-11-23T16:50:27.556+0000] {python.py:240} INFO - Done. Returned value was: None
[2024-11-23T16:50:27.618+0000] {taskinstance.py:340} INFO - ::group::Post task execution logs
[2024-11-23T16:50:27.619+0000] {taskinstance.py:352} INFO - Marking task as SUCCESS. dag_id=fraud_detection, task_id=store_normal, run_id=scheduled__2024-11-23T16:47:00+00:00, execution_date=20241123T164700, start_date=20241123T165018, end_date=20241123T165027
[2024-11-23T16:50:27.751+0000] {local_task_job_runner.py:266} INFO - Task exited with return code 0
[2024-11-23T16:50:27.803+0000] {taskinstance.py:3900} INFO - 0 downstream tasks scheduled from follow-on schedule check
[2024-11-23T16:50:27.808+0000] {local_task_job_runner.py:245} INFO - ::endgroup::
