[2024-11-23T17:51:55.144+0000] {local_task_job_runner.py:123} INFO - ::group::Pre task execution logs
[2024-11-23T17:51:55.227+0000] {taskinstance.py:2612} INFO - Dependencies all met for dep_context=non-requeueable deps ti=<TaskInstance: fraud_detection.process_transaction scheduled__2024-11-23T17:50:00+00:00 [queued]>
[2024-11-23T17:51:55.274+0000] {taskinstance.py:2612} INFO - Dependencies all met for dep_context=requeueable deps ti=<TaskInstance: fraud_detection.process_transaction scheduled__2024-11-23T17:50:00+00:00 [queued]>
[2024-11-23T17:51:55.274+0000] {taskinstance.py:2865} INFO - Starting attempt 1 of 2
[2024-11-23T17:51:55.379+0000] {taskinstance.py:2888} INFO - Executing <Task(BranchPythonOperator): process_transaction> on 2024-11-23 17:50:00+00:00
[2024-11-23T17:51:55.434+0000] {standard_task_runner.py:104} INFO - Running: ['***', 'tasks', 'run', 'fraud_detection', 'process_transaction', 'scheduled__2024-11-23T17:50:00+00:00', '--job-id', '323', '--raw', '--subdir', 'DAGS_FOLDER/fraud_detection_dag.py', '--cfg-path', '/tmp/tmpszlcqyt8']
[2024-11-23T17:51:55.474+0000] {standard_task_runner.py:105} INFO - Job 323: Subtask process_transaction
[2024-11-23T17:51:55.442+0000] {warnings.py:112} WARNING - /home/***/.local/lib/python3.12/site-packages/***/task/task_runner/standard_task_runner.py:70: DeprecationWarning: This process (pid=3366) is multi-threaded, use of fork() may lead to deadlocks in the child.
  pid = os.fork()

[2024-11-23T17:51:55.476+0000] {standard_task_runner.py:72} INFO - Started process 3373 to run task
[2024-11-23T17:51:55.854+0000] {task_command.py:467} INFO - Running <TaskInstance: fraud_detection.process_transaction scheduled__2024-11-23T17:50:00+00:00 [running]> on host 345e92ff26bf
[2024-11-23T17:51:56.104+0000] {taskinstance.py:3131} INFO - Exporting env vars: AIRFLOW_CTX_DAG_OWNER='fraud_team' AIRFLOW_CTX_DAG_ID='fraud_detection' AIRFLOW_CTX_TASK_ID='process_transaction' AIRFLOW_CTX_EXECUTION_DATE='2024-11-23T17:50:00+00:00' AIRFLOW_CTX_TRY_NUMBER='1' AIRFLOW_CTX_DAG_RUN_ID='scheduled__2024-11-23T17:50:00+00:00'
[2024-11-23T17:51:56.108+0000] {taskinstance.py:731} INFO - ::endgroup::
[2024-11-23T17:51:56.133+0000] {baseoperator.py:405} WARNING - BranchPythonOperator.execute cannot be called outside TaskInstance!
[2024-11-23T17:51:56.183+0000] {fraud_detection_dag.py:78} INFO - Données récupérées depuis XCom: {"columns":["cc_num","merchant","category","amt","first","last","gender","street","city","state","zip","lat","long","city_pop","job","dob","trans_num","merch_lat","merch_long","is_fraud","current_time"],"index":[49640],"data":[[4311368326621416041,"fraud_Kihn-Fritsch","food_dining",304.93,"Phillip","Delacruz","M","26678 Lisa Locks Apt. 904","Iliff","CO",80736,40.7692,-103.0968,648,"Community arts worker","1969-09-21","6d26786ed9dab9294b187b072f021e52",39.814079,-102.1807,0,1732384309558]]}
[2024-11-23T17:51:56.185+0000] {fraud_detection_dag.py:86} INFO - Données JSON parsées avec succès
[2024-11-23T17:51:56.194+0000] {fraud_detection_dag.py:90} INFO - DataFrame créé avec 1 lignes
[2024-11-23T17:51:56.196+0000] {fraud_detection_dag.py:94} INFO - Colonnes renommées avec succès
[2024-11-23T17:51:56.196+0000] {fraud_detection_dag.py:95} INFO - Colonnes disponibles: ['cc_num', 'merchant', 'category', 'amt', 'first', 'last', 'gender', 'street', 'city', 'state', 'zip', 'lat', 'long', 'city_pop', 'job', 'dob', 'trans_num', 'merch_lat', 'merch_long', 'is_fraud', 'trans_date_trans_time']
[2024-11-23T17:51:56.199+0000] {fraud_detection_dag.py:99} INFO - Conversion de trans_date_trans_time en unix_time réussie
[2024-11-23T17:51:56.233+0000] {fraud_detection_dag.py:108} INFO - Transformation des données...
[2024-11-23T17:51:57.909+0000] {warnings.py:112} WARNING - /home/***/.local/lib/python3.12/site-packages/sklearn/ensemble/_base.py:172: UserWarning: Loky-backed parallel loops cannot be called in a multiprocessing, setting n_jobs=1
  n_jobs = min(effective_n_jobs(n_jobs), n_estimators)

[2024-11-23T17:51:57.927+0000] {warnings.py:112} WARNING - /home/***/.local/lib/python3.12/site-packages/sklearn/ensemble/_base.py:172: UserWarning: Loky-backed parallel loops cannot be called in a multiprocessing, setting n_jobs=1
  n_jobs = min(effective_n_jobs(n_jobs), n_estimators)

[2024-11-23T17:51:57.935+0000] {fraud_detection_dag.py:120} INFO - Prediction de fraude: FRAUDE, Probabilité: 51.57%
[2024-11-23T17:51:57.988+0000] {fraud_detection_dag.py:126} INFO - Prédiction: FRAUDE (Probabilité: 51.57%)
[2024-11-23T17:51:57.990+0000] {python.py:240} INFO - Done. Returned value was: notify_fraud
[2024-11-23T17:51:57.992+0000] {branch.py:38} INFO - Branch into notify_fraud
[2024-11-23T17:51:57.993+0000] {skipmixin.py:230} INFO - Following branch ('notify_fraud',)
[2024-11-23T17:51:58.026+0000] {skipmixin.py:278} INFO - Skipping tasks [('notify_normal', -1), ('skip_processing', -1)]
[2024-11-23T17:51:58.093+0000] {taskinstance.py:340} INFO - ::group::Post task execution logs
[2024-11-23T17:51:58.094+0000] {taskinstance.py:352} INFO - Marking task as SUCCESS. dag_id=fraud_detection, task_id=process_transaction, run_id=scheduled__2024-11-23T17:50:00+00:00, execution_date=20241123T175000, start_date=20241123T175155, end_date=20241123T175158
[2024-11-23T17:51:58.144+0000] {local_task_job_runner.py:266} INFO - Task exited with return code 0
[2024-11-23T17:51:58.224+0000] {taskinstance.py:3900} INFO - 1 downstream tasks scheduled from follow-on schedule check
[2024-11-23T17:51:58.233+0000] {local_task_job_runner.py:245} INFO - ::endgroup::
