[2024-11-23T17:24:49.313+0000] {local_task_job_runner.py:123} INFO - ::group::Pre task execution logs
[2024-11-23T17:24:49.418+0000] {taskinstance.py:2612} INFO - Dependencies all met for dep_context=non-requeueable deps ti=<TaskInstance: fraud_detection.notify_normal scheduled__2024-11-23T17:23:00+00:00 [queued]>
[2024-11-23T17:24:49.443+0000] {taskinstance.py:2612} INFO - Dependencies all met for dep_context=requeueable deps ti=<TaskInstance: fraud_detection.notify_normal scheduled__2024-11-23T17:23:00+00:00 [queued]>
[2024-11-23T17:24:49.444+0000] {taskinstance.py:2865} INFO - Starting attempt 1 of 2
[2024-11-23T17:24:49.484+0000] {taskinstance.py:2888} INFO - Executing <Task(PythonOperator): notify_normal> on 2024-11-23 17:23:00+00:00
[2024-11-23T17:24:49.500+0000] {warnings.py:112} WARNING - /home/***/.local/lib/python3.12/site-packages/***/task/task_runner/standard_task_runner.py:70: DeprecationWarning: This process (pid=2370) is multi-threaded, use of fork() may lead to deadlocks in the child.
  pid = os.fork()

[2024-11-23T17:24:49.502+0000] {standard_task_runner.py:72} INFO - Started process 2375 to run task
[2024-11-23T17:24:49.505+0000] {standard_task_runner.py:104} INFO - Running: ['***', 'tasks', 'run', 'fraud_detection', 'notify_normal', 'scheduled__2024-11-23T17:23:00+00:00', '--job-id', '235', '--raw', '--subdir', 'DAGS_FOLDER/fraud_detection_dag.py', '--cfg-path', '/tmp/tmpfr5uw5nh']
[2024-11-23T17:24:49.518+0000] {standard_task_runner.py:105} INFO - Job 235: Subtask notify_normal
[2024-11-23T17:24:49.632+0000] {task_command.py:467} INFO - Running <TaskInstance: fraud_detection.notify_normal scheduled__2024-11-23T17:23:00+00:00 [running]> on host 345e92ff26bf
[2024-11-23T17:24:49.822+0000] {taskinstance.py:3131} INFO - Exporting env vars: AIRFLOW_CTX_DAG_OWNER='fraud_team' AIRFLOW_CTX_DAG_ID='fraud_detection' AIRFLOW_CTX_TASK_ID='notify_normal' AIRFLOW_CTX_EXECUTION_DATE='2024-11-23T17:23:00+00:00' AIRFLOW_CTX_TRY_NUMBER='1' AIRFLOW_CTX_DAG_RUN_ID='scheduled__2024-11-23T17:23:00+00:00'
[2024-11-23T17:24:49.825+0000] {taskinstance.py:731} INFO - ::endgroup::
[2024-11-23T17:24:49.929+0000] {fraud_detection_dag.py:219} INFO - Données de transaction récupérées: {"columns":["cc_num","merchant","category","amt","first","last","gender","street","city","state","zip","lat","long","city_pop","job","dob","trans_num","merch_lat","merch_long","is_fraud","current_time"],"index":[69611],"data":[[4996263498048679,"fraud_Hills, Hegmann and Schaefer","health_fitness",4.2,"Kendra","King","F","154 Hernandez Keys","Smith River","CA",95567,41.9404,-124.1587,1930,"Web designer","1983-06-13","71eb9c83eff102070e7f5e6611d29dff",42.491044,-124.724329,0,1732382678235]]}
[2024-11-23T17:24:49.930+0000] {fraud_detection_dag.py:220} INFO - Probabilité de fraude: 0.38130902630509034
[2024-11-23T17:24:49.931+0000] {fraud_detection_dag.py:221} INFO - Est une fraude: False
[2024-11-23T17:24:49.951+0000] {fraud_detection_dag.py:281} INFO - Tentative d'envoi d'email normale...
[2024-11-23T17:24:49.954+0000] {fraud_detection_dag.py:282} INFO - Contenu de l'email:

        ✅ Transaction NORMALE détectée!
        
        Statut: Vert
        Probabilité de fraude: 38.13%
        
        Détails de la transaction:
        --------------------------
        ID Transaction: 71eb9c83eff102070e7f5e6611d29dff
        Montant: 4.20€
        Date/Heure: 2024-11-23 17:24:38
        
        Informations sur le marchand:
        ----------------------------
        Nom: fraud_Hills, Hegmann and Schaefer
        Ville: Smith River
        État: CA
        
        Informations sur le client:
        --------------------------
        Nom: Kendra King
        Ville: Smith River
        
        Cette notification a été générée automatiquement par le système de détection de fraude.
        
[2024-11-23T17:24:52.590+0000] {fraud_detection_dag.py:292} INFO - Email envoyé avec succès
[2024-11-23T17:24:52.591+0000] {python.py:240} INFO - Done. Returned value was: store_normal
[2024-11-23T17:24:52.709+0000] {taskinstance.py:340} INFO - ::group::Post task execution logs
[2024-11-23T17:24:52.709+0000] {taskinstance.py:352} INFO - Marking task as SUCCESS. dag_id=fraud_detection, task_id=notify_normal, run_id=scheduled__2024-11-23T17:23:00+00:00, execution_date=20241123T172300, start_date=20241123T172449, end_date=20241123T172452
[2024-11-23T17:24:52.846+0000] {local_task_job_runner.py:266} INFO - Task exited with return code 0
[2024-11-23T17:24:52.911+0000] {taskinstance.py:3900} INFO - 1 downstream tasks scheduled from follow-on schedule check
[2024-11-23T17:24:52.915+0000] {local_task_job_runner.py:245} INFO - ::endgroup::
