[2024-11-24T15:19:05.908+0000] {local_task_job_runner.py:123} INFO - ::group::Pre task execution logs
[2024-11-24T15:19:05.976+0000] {taskinstance.py:2612} INFO - Dependencies all met for dep_context=non-requeueable deps ti=<TaskInstance: fraud_detection.notify_normal scheduled__2024-11-24T15:17:00+00:00 [queued]>
[2024-11-24T15:19:06.021+0000] {taskinstance.py:2612} INFO - Dependencies all met for dep_context=requeueable deps ti=<TaskInstance: fraud_detection.notify_normal scheduled__2024-11-24T15:17:00+00:00 [queued]>
[2024-11-24T15:19:06.025+0000] {taskinstance.py:2865} INFO - Starting attempt 1 of 2
[2024-11-24T15:19:06.063+0000] {taskinstance.py:2888} INFO - Executing <Task(PythonOperator): notify_normal> on 2024-11-24 15:17:00+00:00
[2024-11-24T15:19:06.090+0000] {warnings.py:112} WARNING - /home/***/.local/lib/python3.12/site-packages/***/task/task_runner/standard_task_runner.py:70: DeprecationWarning: This process (pid=936) is multi-threaded, use of fork() may lead to deadlocks in the child.
  pid = os.fork()

[2024-11-24T15:19:06.094+0000] {standard_task_runner.py:72} INFO - Started process 945 to run task
[2024-11-24T15:19:06.094+0000] {standard_task_runner.py:104} INFO - Running: ['***', 'tasks', 'run', 'fraud_detection', 'notify_normal', 'scheduled__2024-11-24T15:17:00+00:00', '--job-id', '595', '--raw', '--subdir', 'DAGS_FOLDER/fraud_detection_dag.py', '--cfg-path', '/tmp/tmpph_2m7lv']
[2024-11-24T15:19:06.101+0000] {standard_task_runner.py:105} INFO - Job 595: Subtask notify_normal
[2024-11-24T15:19:06.409+0000] {task_command.py:467} INFO - Running <TaskInstance: fraud_detection.notify_normal scheduled__2024-11-24T15:17:00+00:00 [running]> on host 345e92ff26bf
[2024-11-24T15:19:06.833+0000] {taskinstance.py:3131} INFO - Exporting env vars: AIRFLOW_CTX_DAG_OWNER='fraud_team' AIRFLOW_CTX_DAG_ID='fraud_detection' AIRFLOW_CTX_TASK_ID='notify_normal' AIRFLOW_CTX_EXECUTION_DATE='2024-11-24T15:17:00+00:00' AIRFLOW_CTX_TRY_NUMBER='1' AIRFLOW_CTX_DAG_RUN_ID='scheduled__2024-11-24T15:17:00+00:00'
[2024-11-24T15:19:06.842+0000] {taskinstance.py:731} INFO - ::endgroup::
[2024-11-24T15:19:07.105+0000] {fraud_detection_dag.py:144} INFO - Données de transaction récupérées: {"columns":["cc_num","merchant","category","amt","first","last","gender","street","city","state","zip","lat","long","city_pop","job","dob","trans_num","merch_lat","merch_long","is_fraud","current_time"],"index":[5754],"data":[[377234009633447,"fraud_Lowe, Dietrich and Erdman","kids_pets",96.54,"Theresa","Blackwell","F","43576 Kristina Islands","Shenandoah Junction","WV",25442,39.3716,-77.8229,1925,"Systems developer","1966-02-14","ee3fcf98fa6780bdcd3f9166801cfc86",39.741189,-77.235855,0,1732461528735]]}
[2024-11-24T15:19:07.110+0000] {fraud_detection_dag.py:145} INFO - Probabilité de fraude: 0.25489704134790864
[2024-11-24T15:19:07.111+0000] {fraud_detection_dag.py:146} INFO - Est une fraude: False
[2024-11-24T15:19:07.122+0000] {fraud_detection_dag.py:206} INFO - Tentative d'envoi d'email normale...
[2024-11-24T15:19:07.123+0000] {fraud_detection_dag.py:207} INFO - Contenu de l'email:

        ✅ Transaction NORMALE détectée!
        
        Statut: Vert
        Probabilité de fraude: 25.49%
        
        Détails de la transaction:
        --------------------------
        ID Transaction: ee3fcf98fa6780bdcd3f9166801cfc86
        Montant: 96.54€
        Date/Heure: 2024-11-24 15:18:48
        
        Informations sur le marchand:
        ----------------------------
        Nom: fraud_Lowe, Dietrich and Erdman
        Ville: Shenandoah Junction
        État: WV
        
        Informations sur le client:
        --------------------------
        Nom: Theresa Blackwell
        Ville: Shenandoah Junction
        
        Cette notification a été générée automatiquement par le système de détection de fraude.
        
[2024-11-24T15:19:09.102+0000] {fraud_detection_dag.py:217} INFO - Email envoyé avec succès
[2024-11-24T15:19:09.109+0000] {python.py:240} INFO - Done. Returned value was: store_normal
[2024-11-24T15:19:09.268+0000] {taskinstance.py:340} INFO - ::group::Post task execution logs
[2024-11-24T15:19:09.276+0000] {taskinstance.py:352} INFO - Marking task as SUCCESS. dag_id=fraud_detection, task_id=notify_normal, run_id=scheduled__2024-11-24T15:17:00+00:00, execution_date=20241124T151700, start_date=20241124T151905, end_date=20241124T151909
[2024-11-24T15:19:09.472+0000] {local_task_job_runner.py:266} INFO - Task exited with return code 0
[2024-11-24T15:19:09.526+0000] {taskinstance.py:3900} INFO - 1 downstream tasks scheduled from follow-on schedule check
[2024-11-24T15:19:09.536+0000] {local_task_job_runner.py:245} INFO - ::endgroup::
