[2024-11-23T18:05:07.584+0000] {local_task_job_runner.py:123} INFO - ::group::Pre task execution logs
[2024-11-23T18:05:07.633+0000] {taskinstance.py:2612} INFO - Dependencies all met for dep_context=non-requeueable deps ti=<TaskInstance: fraud_detection.notify_normal scheduled__2024-11-23T18:03:00+00:00 [queued]>
[2024-11-23T18:05:07.663+0000] {taskinstance.py:2612} INFO - Dependencies all met for dep_context=requeueable deps ti=<TaskInstance: fraud_detection.notify_normal scheduled__2024-11-23T18:03:00+00:00 [queued]>
[2024-11-23T18:05:07.663+0000] {taskinstance.py:2865} INFO - Starting attempt 1 of 2
[2024-11-23T18:05:07.705+0000] {taskinstance.py:2888} INFO - Executing <Task(PythonOperator): notify_normal> on 2024-11-23 18:03:00+00:00
[2024-11-23T18:05:07.729+0000] {warnings.py:112} WARNING - /home/***/.local/lib/python3.12/site-packages/***/task/task_runner/standard_task_runner.py:70: DeprecationWarning: This process (pid=4280) is multi-threaded, use of fork() may lead to deadlocks in the child.
  pid = os.fork()

[2024-11-23T18:05:07.733+0000] {standard_task_runner.py:72} INFO - Started process 4286 to run task
[2024-11-23T18:05:07.734+0000] {standard_task_runner.py:104} INFO - Running: ['***', 'tasks', 'run', 'fraud_detection', 'notify_normal', 'scheduled__2024-11-23T18:03:00+00:00', '--job-id', '425', '--raw', '--subdir', 'DAGS_FOLDER/fraud_detection_dag.py', '--cfg-path', '/tmp/tmp30linuje']
[2024-11-23T18:05:07.739+0000] {standard_task_runner.py:105} INFO - Job 425: Subtask notify_normal
[2024-11-23T18:05:07.831+0000] {task_command.py:467} INFO - Running <TaskInstance: fraud_detection.notify_normal scheduled__2024-11-23T18:03:00+00:00 [running]> on host 345e92ff26bf
[2024-11-23T18:05:08.096+0000] {taskinstance.py:3131} INFO - Exporting env vars: AIRFLOW_CTX_DAG_OWNER='fraud_team' AIRFLOW_CTX_DAG_ID='fraud_detection' AIRFLOW_CTX_TASK_ID='notify_normal' AIRFLOW_CTX_EXECUTION_DATE='2024-11-23T18:03:00+00:00' AIRFLOW_CTX_TRY_NUMBER='1' AIRFLOW_CTX_DAG_RUN_ID='scheduled__2024-11-23T18:03:00+00:00'
[2024-11-23T18:05:08.099+0000] {taskinstance.py:731} INFO - ::endgroup::
[2024-11-23T18:05:08.234+0000] {fraud_detection_dag.py:144} INFO - Données de transaction récupérées: {"columns":["cc_num","merchant","category","amt","first","last","gender","street","city","state","zip","lat","long","city_pop","job","dob","trans_num","merch_lat","merch_long","is_fraud","current_time"],"index":[397370],"data":[[4670613943676271,"fraud_Reynolds-Schinner","misc_pos",1.5,"Bianca","Novak","F","0953 David Skyway","Cuthbert","GA",39840,31.7706,-84.7936,5726,"Fitness centre manager","1947-08-14","199ab96f7ddcbfa80120df8a4840c82c",31.449443,-83.976221,0,1732385097061]]}
[2024-11-23T18:05:08.236+0000] {fraud_detection_dag.py:145} INFO - Probabilité de fraude: 0.3799441174293545
[2024-11-23T18:05:08.237+0000] {fraud_detection_dag.py:146} INFO - Est une fraude: False
[2024-11-23T18:05:08.245+0000] {fraud_detection_dag.py:206} INFO - Tentative d'envoi d'email normale...
[2024-11-23T18:05:08.246+0000] {fraud_detection_dag.py:207} INFO - Contenu de l'email:

        ✅ Transaction NORMALE détectée!
        
        Statut: Vert
        Probabilité de fraude: 37.99%
        
        Détails de la transaction:
        --------------------------
        ID Transaction: 199ab96f7ddcbfa80120df8a4840c82c
        Montant: 1.50€
        Date/Heure: 2024-11-23 18:04:57
        
        Informations sur le marchand:
        ----------------------------
        Nom: fraud_Reynolds-Schinner
        Ville: Cuthbert
        État: GA
        
        Informations sur le client:
        --------------------------
        Nom: Bianca Novak
        Ville: Cuthbert
        
        Cette notification a été générée automatiquement par le système de détection de fraude.
        
[2024-11-23T18:05:11.301+0000] {fraud_detection_dag.py:217} INFO - Email envoyé avec succès
[2024-11-23T18:05:11.302+0000] {python.py:240} INFO - Done. Returned value was: store_normal
[2024-11-23T18:05:11.398+0000] {taskinstance.py:340} INFO - ::group::Post task execution logs
[2024-11-23T18:05:11.402+0000] {taskinstance.py:352} INFO - Marking task as SUCCESS. dag_id=fraud_detection, task_id=notify_normal, run_id=scheduled__2024-11-23T18:03:00+00:00, execution_date=20241123T180300, start_date=20241123T180507, end_date=20241123T180511
[2024-11-23T18:05:11.492+0000] {local_task_job_runner.py:266} INFO - Task exited with return code 0
[2024-11-23T18:05:11.565+0000] {taskinstance.py:3900} INFO - 1 downstream tasks scheduled from follow-on schedule check
[2024-11-23T18:05:11.570+0000] {local_task_job_runner.py:245} INFO - ::endgroup::
