[2024-11-23T17:25:38.434+0000] {local_task_job_runner.py:123} INFO - ::group::Pre task execution logs
[2024-11-23T17:25:38.477+0000] {taskinstance.py:2612} INFO - Dependencies all met for dep_context=non-requeueable deps ti=<TaskInstance: fraud_detection.notify_normal scheduled__2024-11-23T17:24:00+00:00 [queued]>
[2024-11-23T17:25:38.495+0000] {taskinstance.py:2612} INFO - Dependencies all met for dep_context=requeueable deps ti=<TaskInstance: fraud_detection.notify_normal scheduled__2024-11-23T17:24:00+00:00 [queued]>
[2024-11-23T17:25:38.496+0000] {taskinstance.py:2865} INFO - Starting attempt 1 of 2
[2024-11-23T17:25:38.538+0000] {taskinstance.py:2888} INFO - Executing <Task(PythonOperator): notify_normal> on 2024-11-23 17:24:00+00:00
[2024-11-23T17:25:38.566+0000] {warnings.py:112} WARNING - /home/***/.local/lib/python3.12/site-packages/***/task/task_runner/standard_task_runner.py:70: DeprecationWarning: This process (pid=2428) is multi-threaded, use of fork() may lead to deadlocks in the child.
  pid = os.fork()

[2024-11-23T17:25:38.580+0000] {standard_task_runner.py:72} INFO - Started process 2433 to run task
[2024-11-23T17:25:38.578+0000] {standard_task_runner.py:104} INFO - Running: ['***', 'tasks', 'run', 'fraud_detection', 'notify_normal', 'scheduled__2024-11-23T17:24:00+00:00', '--job-id', '241', '--raw', '--subdir', 'DAGS_FOLDER/fraud_detection_dag.py', '--cfg-path', '/tmp/tmpkq2bnxd1']
[2024-11-23T17:25:38.645+0000] {standard_task_runner.py:105} INFO - Job 241: Subtask notify_normal
[2024-11-23T17:25:38.911+0000] {task_command.py:467} INFO - Running <TaskInstance: fraud_detection.notify_normal scheduled__2024-11-23T17:24:00+00:00 [running]> on host 345e92ff26bf
[2024-11-23T17:25:39.236+0000] {taskinstance.py:3131} INFO - Exporting env vars: AIRFLOW_CTX_DAG_OWNER='fraud_team' AIRFLOW_CTX_DAG_ID='fraud_detection' AIRFLOW_CTX_TASK_ID='notify_normal' AIRFLOW_CTX_EXECUTION_DATE='2024-11-23T17:24:00+00:00' AIRFLOW_CTX_TRY_NUMBER='1' AIRFLOW_CTX_DAG_RUN_ID='scheduled__2024-11-23T17:24:00+00:00'
[2024-11-23T17:25:39.238+0000] {taskinstance.py:731} INFO - ::endgroup::
[2024-11-23T17:25:39.430+0000] {fraud_detection_dag.py:219} INFO - Données de transaction récupérées: {"columns":["cc_num","merchant","category","amt","first","last","gender","street","city","state","zip","lat","long","city_pop","job","dob","trans_num","merch_lat","merch_long","is_fraud","current_time"],"index":[369930],"data":[[4457732997086323466,"fraud_Schroeder, Hauck and Treutel","entertainment",72.17,"Stanley","Mayo","M","3433 Jones Branch","Fiddletown","CA",95629,38.5234,-120.6763,832,"Immigration officer","1987-05-19","a149136733399aa02a5ed02e105d54a4",39.343186,-120.683155,0,1732382728659]]}
[2024-11-23T17:25:39.436+0000] {fraud_detection_dag.py:220} INFO - Probabilité de fraude: 0.3431291355071962
[2024-11-23T17:25:39.440+0000] {fraud_detection_dag.py:221} INFO - Est une fraude: False
[2024-11-23T17:25:39.449+0000] {fraud_detection_dag.py:281} INFO - Tentative d'envoi d'email normale...
[2024-11-23T17:25:39.449+0000] {fraud_detection_dag.py:282} INFO - Contenu de l'email:

        ✅ Transaction NORMALE détectée!
        
        Statut: Vert
        Probabilité de fraude: 34.31%
        
        Détails de la transaction:
        --------------------------
        ID Transaction: a149136733399aa02a5ed02e105d54a4
        Montant: 72.17€
        Date/Heure: 2024-11-23 17:25:28
        
        Informations sur le marchand:
        ----------------------------
        Nom: fraud_Schroeder, Hauck and Treutel
        Ville: Fiddletown
        État: CA
        
        Informations sur le client:
        --------------------------
        Nom: Stanley Mayo
        Ville: Fiddletown
        
        Cette notification a été générée automatiquement par le système de détection de fraude.
        
[2024-11-23T17:25:41.300+0000] {fraud_detection_dag.py:292} INFO - Email envoyé avec succès
[2024-11-23T17:25:41.302+0000] {python.py:240} INFO - Done. Returned value was: store_normal
[2024-11-23T17:25:41.424+0000] {taskinstance.py:340} INFO - ::group::Post task execution logs
[2024-11-23T17:25:41.430+0000] {taskinstance.py:352} INFO - Marking task as SUCCESS. dag_id=fraud_detection, task_id=notify_normal, run_id=scheduled__2024-11-23T17:24:00+00:00, execution_date=20241123T172400, start_date=20241123T172538, end_date=20241123T172541
[2024-11-23T17:25:41.530+0000] {local_task_job_runner.py:266} INFO - Task exited with return code 0
[2024-11-23T17:25:41.627+0000] {taskinstance.py:3900} INFO - 1 downstream tasks scheduled from follow-on schedule check
[2024-11-23T17:25:41.637+0000] {local_task_job_runner.py:245} INFO - ::endgroup::
