[2024-11-08T18:25:19.282+0000] {local_task_job_runner.py:123} INFO - ::group::Pre task execution logs
[2024-11-08T18:25:19.317+0000] {taskinstance.py:2612} INFO - Dependencies all met for dep_context=non-requeueable deps ti=<TaskInstance: fraud_detection.store_normal scheduled__2024-11-08T18:23:00+00:00 [queued]>
[2024-11-08T18:25:19.340+0000] {taskinstance.py:2612} INFO - Dependencies all met for dep_context=requeueable deps ti=<TaskInstance: fraud_detection.store_normal scheduled__2024-11-08T18:23:00+00:00 [queued]>
[2024-11-08T18:25:19.340+0000] {taskinstance.py:2865} INFO - Starting attempt 1 of 2
[2024-11-08T18:25:19.809+0000] {taskinstance.py:2888} INFO - Executing <Task(PythonOperator): store_normal> on 2024-11-08 18:23:00+00:00
[2024-11-08T18:25:20.214+0000] {warnings.py:112} WARNING - /home/***/.local/lib/python3.12/site-packages/***/task/task_runner/standard_task_runner.py:70: DeprecationWarning: This process (pid=1276) is multi-threaded, use of fork() may lead to deadlocks in the child.
  pid = os.fork()

[2024-11-08T18:25:20.216+0000] {standard_task_runner.py:72} INFO - Started process 1285 to run task
[2024-11-08T18:25:20.220+0000] {standard_task_runner.py:104} INFO - Running: ['***', 'tasks', 'run', 'fraud_detection', 'store_normal', 'scheduled__2024-11-08T18:23:00+00:00', '--job-id', '257', '--raw', '--subdir', 'DAGS_FOLDER/fraud_detection_dag.py', '--cfg-path', '/tmp/tmpc3szelf3']
[2024-11-08T18:25:20.223+0000] {standard_task_runner.py:105} INFO - Job 257: Subtask store_normal
[2024-11-08T18:25:22.237+0000] {task_command.py:467} INFO - Running <TaskInstance: fraud_detection.store_normal scheduled__2024-11-08T18:23:00+00:00 [running]> on host 641085defe8e
[2024-11-08T18:25:23.775+0000] {taskinstance.py:3131} INFO - Exporting env vars: AIRFLOW_CTX_DAG_OWNER='fraud_team' AIRFLOW_CTX_DAG_ID='fraud_detection' AIRFLOW_CTX_TASK_ID='store_normal' AIRFLOW_CTX_EXECUTION_DATE='2024-11-08T18:23:00+00:00' AIRFLOW_CTX_TRY_NUMBER='1' AIRFLOW_CTX_DAG_RUN_ID='scheduled__2024-11-08T18:23:00+00:00'
[2024-11-08T18:25:23.778+0000] {taskinstance.py:731} INFO - ::endgroup::
[2024-11-08T18:25:23.813+0000] {fraud_detection_dag.py:309} INFO - Tentative de connexion à Neon...
[2024-11-08T18:25:33.237+0000] {fraud_detection_dag.py:315} INFO - Connexion à Neon réussie!
[2024-11-08T18:25:33.852+0000] {fraud_detection_dag.py:322} INFO - Données reçues pour stockage: {"columns":["cc_num","merchant","category","amt","first","last","gender","street","city","state","zip","lat","long","city_pop","job","dob","trans_num","merch_lat","merch_long","is_fraud","current_time"],"index":[378230],"data":[[4003989662068504,"fraud_Lesch Ltd","shopping_pos",4.7,"Chris","White","M","98897 Bennett Lodge","Bessemer","AL",35022,33.3224,-86.9657,71463,"Radio broadcast assistant","1989-02-08","a8d7174a0396dd0d07a9a60fa3e400b6",32.682647,-86.96136,0,1731090298766]]}
[2024-11-08T18:25:33.854+0000] {fraud_detection_dag.py:331} INFO - JSON parsé avec succès
[2024-11-08T18:25:33.861+0000] {fraud_detection_dag.py:335} INFO - DataFrame créé avec 1 lignes
[2024-11-08T18:25:33.868+0000] {fraud_detection_dag.py:340} INFO - Colonne current_time renommée en trans_date_trans_time
[2024-11-08T18:25:33.872+0000] {fraud_detection_dag.py:344} INFO - Conversion du timestamp réussie
[2024-11-08T18:25:33.906+0000] {fraud_detection_dag.py:348} INFO - Indicateur de fraude récupéré: False
[2024-11-08T18:25:33.909+0000] {fraud_detection_dag.py:352} INFO - Colonne is_fraud mise à jour avec la valeur: False
[2024-11-08T18:25:33.911+0000] {fraud_detection_dag.py:356} INFO - Conversion de is_fraud en boolean réussie
[2024-11-08T18:25:33.912+0000] {fraud_detection_dag.py:359} INFO - Colonnes finales avant stockage: ['cc_num', 'merchant', 'category', 'amt', 'first', 'last', 'gender', 'street', 'city', 'state', 'zip', 'lat', 'long', 'city_pop', 'job', 'dob', 'trans_num', 'merch_lat', 'merch_long', 'is_fraud', 'trans_date_trans_time']
[2024-11-08T18:25:33.919+0000] {fraud_detection_dag.py:360} INFO - Types des données: 
cc_num                            int64
merchant                         object
category                         object
amt                             float64
first                            object
last                             object
gender                           object
street                           object
city                             object
state                            object
zip                               int64
lat                             float64
long                            float64
city_pop                          int64
job                              object
dob                              object
trans_num                        object
merch_lat                       float64
merch_long                      float64
is_fraud                           bool
trans_date_trans_time    datetime64[ns]
dtype: object
[2024-11-08T18:25:33.919+0000] {fraud_detection_dag.py:364} INFO - Stockage dans la table: normal_transactions
[2024-11-08T18:25:36.296+0000] {fraud_detection_dag.py:369} INFO - Données stockées avec succès dans la table normal_transactions
[2024-11-08T18:25:36.297+0000] {python.py:240} INFO - Done. Returned value was: None
[2024-11-08T18:25:36.427+0000] {taskinstance.py:340} INFO - ::group::Post task execution logs
[2024-11-08T18:25:36.430+0000] {taskinstance.py:352} INFO - Marking task as SUCCESS. dag_id=fraud_detection, task_id=store_normal, run_id=scheduled__2024-11-08T18:23:00+00:00, execution_date=20241108T182300, start_date=20241108T182519, end_date=20241108T182536
[2024-11-08T18:25:37.494+0000] {local_task_job_runner.py:266} INFO - Task exited with return code 0
[2024-11-08T18:25:37.545+0000] {taskinstance.py:3900} INFO - 0 downstream tasks scheduled from follow-on schedule check
[2024-11-08T18:25:38.672+0000] {local_task_job_runner.py:245} INFO - ::endgroup::
