[2024-11-23T17:22:48.309+0000] {local_task_job_runner.py:123} INFO - ::group::Pre task execution logs
[2024-11-23T17:22:48.344+0000] {taskinstance.py:2612} INFO - Dependencies all met for dep_context=non-requeueable deps ti=<TaskInstance: fraud_detection.notify_normal scheduled__2024-11-23T17:21:00+00:00 [queued]>
[2024-11-23T17:22:48.365+0000] {taskinstance.py:2612} INFO - Dependencies all met for dep_context=requeueable deps ti=<TaskInstance: fraud_detection.notify_normal scheduled__2024-11-23T17:21:00+00:00 [queued]>
[2024-11-23T17:22:48.365+0000] {taskinstance.py:2865} INFO - Starting attempt 1 of 2
[2024-11-23T17:22:48.395+0000] {taskinstance.py:2888} INFO - Executing <Task(PythonOperator): notify_normal> on 2024-11-23 17:21:00+00:00
[2024-11-23T17:22:48.409+0000] {warnings.py:112} WARNING - /home/***/.local/lib/python3.12/site-packages/***/task/task_runner/standard_task_runner.py:70: DeprecationWarning: This process (pid=2241) is multi-threaded, use of fork() may lead to deadlocks in the child.
  pid = os.fork()

[2024-11-23T17:22:48.411+0000] {standard_task_runner.py:72} INFO - Started process 2246 to run task
[2024-11-23T17:22:48.417+0000] {standard_task_runner.py:104} INFO - Running: ['***', 'tasks', 'run', 'fraud_detection', 'notify_normal', 'scheduled__2024-11-23T17:21:00+00:00', '--job-id', '223', '--raw', '--subdir', 'DAGS_FOLDER/fraud_detection_dag.py', '--cfg-path', '/tmp/tmp2r38444j']
[2024-11-23T17:22:48.423+0000] {standard_task_runner.py:105} INFO - Job 223: Subtask notify_normal
[2024-11-23T17:22:48.551+0000] {task_command.py:467} INFO - Running <TaskInstance: fraud_detection.notify_normal scheduled__2024-11-23T17:21:00+00:00 [running]> on host 345e92ff26bf
[2024-11-23T17:22:48.744+0000] {taskinstance.py:3131} INFO - Exporting env vars: AIRFLOW_CTX_DAG_OWNER='fraud_team' AIRFLOW_CTX_DAG_ID='fraud_detection' AIRFLOW_CTX_TASK_ID='notify_normal' AIRFLOW_CTX_EXECUTION_DATE='2024-11-23T17:21:00+00:00' AIRFLOW_CTX_TRY_NUMBER='1' AIRFLOW_CTX_DAG_RUN_ID='scheduled__2024-11-23T17:21:00+00:00'
[2024-11-23T17:22:48.746+0000] {taskinstance.py:731} INFO - ::endgroup::
[2024-11-23T17:22:48.820+0000] {fraud_detection_dag.py:219} INFO - Données de transaction récupérées: {"columns":["cc_num","merchant","category","amt","first","last","gender","street","city","state","zip","lat","long","city_pop","job","dob","trans_num","merch_lat","merch_long","is_fraud","current_time"],"index":[35237],"data":[[377026671291680,"fraud_O'Reilly, Mohr and Purdy","home",22.2,"Jackie","Davis","F","1898 Parker Fork Apt. 057","Redford","MO",63665,37.3272,-91.0243,241,"Investment analyst","1974-10-27","be6bfb18ad846fe2a843607beb7aa73f",38.325412,-91.585106,0,1732382558942]]}
[2024-11-23T17:22:48.822+0000] {fraud_detection_dag.py:220} INFO - Probabilité de fraude: 0.26778435037401793
[2024-11-23T17:22:48.822+0000] {fraud_detection_dag.py:221} INFO - Est une fraude: False
[2024-11-23T17:22:48.832+0000] {fraud_detection_dag.py:281} INFO - Tentative d'envoi d'email normale...
[2024-11-23T17:22:48.833+0000] {fraud_detection_dag.py:282} INFO - Contenu de l'email:

        ✅ Transaction NORMALE détectée!
        
        Statut: Vert
        Probabilité de fraude: 26.78%
        
        Détails de la transaction:
        --------------------------
        ID Transaction: be6bfb18ad846fe2a843607beb7aa73f
        Montant: 22.20€
        Date/Heure: 2024-11-23 17:22:38
        
        Informations sur le marchand:
        ----------------------------
        Nom: fraud_O'Reilly, Mohr and Purdy
        Ville: Redford
        État: MO
        
        Informations sur le client:
        --------------------------
        Nom: Jackie Davis
        Ville: Redford
        
        Cette notification a été générée automatiquement par le système de détection de fraude.
        
[2024-11-23T17:22:53.777+0000] {fraud_detection_dag.py:292} INFO - Email envoyé avec succès
[2024-11-23T17:22:53.789+0000] {python.py:240} INFO - Done. Returned value was: store_normal
[2024-11-23T17:22:53.892+0000] {taskinstance.py:340} INFO - ::group::Post task execution logs
[2024-11-23T17:22:53.893+0000] {taskinstance.py:352} INFO - Marking task as SUCCESS. dag_id=fraud_detection, task_id=notify_normal, run_id=scheduled__2024-11-23T17:21:00+00:00, execution_date=20241123T172100, start_date=20241123T172248, end_date=20241123T172253
[2024-11-23T17:22:53.948+0000] {local_task_job_runner.py:266} INFO - Task exited with return code 0
[2024-11-23T17:22:53.994+0000] {taskinstance.py:3900} INFO - 1 downstream tasks scheduled from follow-on schedule check
[2024-11-23T17:22:54.002+0000] {local_task_job_runner.py:245} INFO - ::endgroup::
