[2024-11-22T19:03:45.426+0000] {local_task_job_runner.py:123} INFO - ::group::Pre task execution logs
[2024-11-22T19:03:45.538+0000] {taskinstance.py:2612} INFO - Dependencies all met for dep_context=non-requeueable deps ti=<TaskInstance: fraud_detection.process_transaction scheduled__2024-11-22T19:02:00+00:00 [queued]>
[2024-11-22T19:03:45.582+0000] {taskinstance.py:2612} INFO - Dependencies all met for dep_context=requeueable deps ti=<TaskInstance: fraud_detection.process_transaction scheduled__2024-11-22T19:02:00+00:00 [queued]>
[2024-11-22T19:03:45.586+0000] {taskinstance.py:2865} INFO - Starting attempt 1 of 2
[2024-11-22T19:03:45.646+0000] {taskinstance.py:2888} INFO - Executing <Task(BranchPythonOperator): process_transaction> on 2024-11-22 19:02:00+00:00
[2024-11-22T19:03:45.665+0000] {warnings.py:112} WARNING - /home/***/.local/lib/python3.12/site-packages/***/task/task_runner/standard_task_runner.py:70: DeprecationWarning: This process (pid=1030) is multi-threaded, use of fork() may lead to deadlocks in the child.
  pid = os.fork()

[2024-11-22T19:03:45.667+0000] {standard_task_runner.py:72} INFO - Started process 1032 to run task
[2024-11-22T19:03:45.668+0000] {standard_task_runner.py:104} INFO - Running: ['***', 'tasks', 'run', 'fraud_detection', 'process_transaction', 'scheduled__2024-11-22T19:02:00+00:00', '--job-id', '477', '--raw', '--subdir', 'DAGS_FOLDER/fraud_detection_dag.py', '--cfg-path', '/tmp/tmprwa_kxxs']
[2024-11-22T19:03:45.671+0000] {standard_task_runner.py:105} INFO - Job 477: Subtask process_transaction
[2024-11-22T19:03:45.800+0000] {task_command.py:467} INFO - Running <TaskInstance: fraud_detection.process_transaction scheduled__2024-11-22T19:02:00+00:00 [running]> on host c6af8dbaf1e5
[2024-11-22T19:03:46.023+0000] {taskinstance.py:3131} INFO - Exporting env vars: AIRFLOW_CTX_DAG_OWNER='fraud_team' AIRFLOW_CTX_DAG_ID='fraud_detection' AIRFLOW_CTX_TASK_ID='process_transaction' AIRFLOW_CTX_EXECUTION_DATE='2024-11-22T19:02:00+00:00' AIRFLOW_CTX_TRY_NUMBER='1' AIRFLOW_CTX_DAG_RUN_ID='scheduled__2024-11-22T19:02:00+00:00'
[2024-11-22T19:03:46.024+0000] {taskinstance.py:731} INFO - ::endgroup::
[2024-11-22T19:03:46.040+0000] {baseoperator.py:405} WARNING - BranchPythonOperator.execute cannot be called outside TaskInstance!
[2024-11-22T19:03:46.099+0000] {fraud_detection_dag.py:77} INFO - Données récupérées depuis XCom: {"columns":["cc_num","merchant","category","amt","first","last","gender","street","city","state","zip","lat","long","city_pop","job","dob","trans_num","merch_lat","merch_long","is_fraud","current_time"],"index":[39600],"data":[[3523843138706408,"fraud_Jenkins, Hauck and Friesen","gas_transport",79.21,"Grace","Williams","F","28812 Charles Mill Apt. 628","Plantersville","AL",36758,32.6176,-86.9475,1412,"Drilling engineer","1970-11-20","b6947aa8a05d2591df3317742c3df40f",33.340218,-87.746083,0,1732302221839]]}
[2024-11-22T19:03:46.100+0000] {fraud_detection_dag.py:85} INFO - Données JSON parsées avec succès
[2024-11-22T19:03:46.106+0000] {fraud_detection_dag.py:89} INFO - DataFrame créé avec 1 lignes
[2024-11-22T19:03:46.108+0000] {fraud_detection_dag.py:93} INFO - Colonnes renommées avec succès
[2024-11-22T19:03:46.109+0000] {fraud_detection_dag.py:94} INFO - Colonnes disponibles: ['cc_num', 'merchant', 'category', 'amt', 'first', 'last', 'gender', 'street', 'city', 'state', 'zip', 'lat', 'long', 'city_pop', 'job', 'dob', 'trans_num', 'merch_lat', 'merch_long', 'is_fraud', 'trans_date_trans_time']
[2024-11-22T19:03:46.112+0000] {fraud_detection_dag.py:98} INFO - Conversion de trans_date_trans_time en unix_time réussie
[2024-11-22T19:03:46.197+0000] {fraud_detection_dag.py:107} INFO - Transformation des données...
[2024-11-22T19:03:47.647+0000] {warnings.py:112} WARNING - /home/***/.local/lib/python3.12/site-packages/sklearn/ensemble/_base.py:172: UserWarning: Loky-backed parallel loops cannot be called in a multiprocessing, setting n_jobs=1
  n_jobs = min(effective_n_jobs(n_jobs), n_estimators)

[2024-11-22T19:03:47.676+0000] {warnings.py:112} WARNING - /home/***/.local/lib/python3.12/site-packages/sklearn/ensemble/_base.py:172: UserWarning: Loky-backed parallel loops cannot be called in a multiprocessing, setting n_jobs=1
  n_jobs = min(effective_n_jobs(n_jobs), n_estimators)

[2024-11-22T19:03:47.695+0000] {fraud_detection_dag.py:119} INFO - Prediction de fraude: NORMAL, Probabilité: 36.89%
[2024-11-22T19:03:47.748+0000] {fraud_detection_dag.py:125} INFO - Prédiction: NORMAL (Probabilité: 36.89%)
[2024-11-22T19:03:47.749+0000] {python.py:240} INFO - Done. Returned value was: notify_normal
[2024-11-22T19:03:47.750+0000] {branch.py:38} INFO - Branch into notify_normal
[2024-11-22T19:03:47.751+0000] {skipmixin.py:230} INFO - Following branch ('notify_normal',)
[2024-11-22T19:03:47.772+0000] {skipmixin.py:278} INFO - Skipping tasks [('skip_processing', -1), ('notify_fraud', -1)]
[2024-11-22T19:03:47.841+0000] {taskinstance.py:340} INFO - ::group::Post task execution logs
[2024-11-22T19:03:47.843+0000] {taskinstance.py:352} INFO - Marking task as SUCCESS. dag_id=fraud_detection, task_id=process_transaction, run_id=scheduled__2024-11-22T19:02:00+00:00, execution_date=20241122T190200, start_date=20241122T190345, end_date=20241122T190347
[2024-11-22T19:03:47.957+0000] {local_task_job_runner.py:266} INFO - Task exited with return code 0
[2024-11-22T19:03:48.062+0000] {taskinstance.py:3900} INFO - 0 downstream tasks scheduled from follow-on schedule check
[2024-11-22T19:03:48.066+0000] {local_task_job_runner.py:245} INFO - ::endgroup::
