[2024-11-23T17:03:45.511+0000] {local_task_job_runner.py:123} INFO - ::group::Pre task execution logs
[2024-11-23T17:03:45.559+0000] {taskinstance.py:2612} INFO - Dependencies all met for dep_context=non-requeueable deps ti=<TaskInstance: fraud_detection.process_transaction scheduled__2024-11-23T17:02:00+00:00 [queued]>
[2024-11-23T17:03:45.584+0000] {taskinstance.py:2612} INFO - Dependencies all met for dep_context=requeueable deps ti=<TaskInstance: fraud_detection.process_transaction scheduled__2024-11-23T17:02:00+00:00 [queued]>
[2024-11-23T17:03:45.586+0000] {taskinstance.py:2865} INFO - Starting attempt 1 of 2
[2024-11-23T17:03:45.629+0000] {taskinstance.py:2888} INFO - Executing <Task(BranchPythonOperator): process_transaction> on 2024-11-23 17:02:00+00:00
[2024-11-23T17:03:45.659+0000] {warnings.py:112} WARNING - /home/***/.local/lib/python3.12/site-packages/***/task/task_runner/standard_task_runner.py:70: DeprecationWarning: This process (pid=1048) is multi-threaded, use of fork() may lead to deadlocks in the child.
  pid = os.fork()

[2024-11-23T17:03:45.663+0000] {standard_task_runner.py:72} INFO - Started process 1053 to run task
[2024-11-23T17:03:45.669+0000] {standard_task_runner.py:104} INFO - Running: ['***', 'tasks', 'run', 'fraud_detection', 'process_transaction', 'scheduled__2024-11-23T17:02:00+00:00', '--job-id', '108', '--raw', '--subdir', 'DAGS_FOLDER/fraud_detection_dag.py', '--cfg-path', '/tmp/tmp6gihrgfg']
[2024-11-23T17:03:45.677+0000] {standard_task_runner.py:105} INFO - Job 108: Subtask process_transaction
[2024-11-23T17:03:45.836+0000] {task_command.py:467} INFO - Running <TaskInstance: fraud_detection.process_transaction scheduled__2024-11-23T17:02:00+00:00 [running]> on host 345e92ff26bf
[2024-11-23T17:03:46.028+0000] {taskinstance.py:3131} INFO - Exporting env vars: AIRFLOW_CTX_DAG_OWNER='fraud_team' AIRFLOW_CTX_DAG_ID='fraud_detection' AIRFLOW_CTX_TASK_ID='process_transaction' AIRFLOW_CTX_EXECUTION_DATE='2024-11-23T17:02:00+00:00' AIRFLOW_CTX_TRY_NUMBER='1' AIRFLOW_CTX_DAG_RUN_ID='scheduled__2024-11-23T17:02:00+00:00'
[2024-11-23T17:03:46.030+0000] {taskinstance.py:731} INFO - ::endgroup::
[2024-11-23T17:03:46.061+0000] {baseoperator.py:405} WARNING - BranchPythonOperator.execute cannot be called outside TaskInstance!
[2024-11-23T17:03:46.106+0000] {fraud_detection_dag.py:78} INFO - Données récupérées depuis XCom: {"columns":["cc_num","merchant","category","amt","first","last","gender","street","city","state","zip","lat","long","city_pop","job","dob","trans_num","merch_lat","merch_long","is_fraud","current_time"],"index":[152875],"data":[[4861310130652566408,"fraud_Sawayn PLC","shopping_pos",15.87,"Ashley","Cruz","F","65417 Walsh Radial Suite 691","Saint Amant","LA",70774,30.2385,-90.8435,10076,"Surveyor, rural practice","1977-12-16","980aa27d8537f13c11bc24a9c34c7096",31.238426,-90.709924,0,1732381421651]]}
[2024-11-23T17:03:46.107+0000] {fraud_detection_dag.py:86} INFO - Données JSON parsées avec succès
[2024-11-23T17:03:46.113+0000] {fraud_detection_dag.py:90} INFO - DataFrame créé avec 1 lignes
[2024-11-23T17:03:46.117+0000] {fraud_detection_dag.py:94} INFO - Colonnes renommées avec succès
[2024-11-23T17:03:46.117+0000] {fraud_detection_dag.py:95} INFO - Colonnes disponibles: ['cc_num', 'merchant', 'category', 'amt', 'first', 'last', 'gender', 'street', 'city', 'state', 'zip', 'lat', 'long', 'city_pop', 'job', 'dob', 'trans_num', 'merch_lat', 'merch_long', 'is_fraud', 'trans_date_trans_time']
[2024-11-23T17:03:46.120+0000] {fraud_detection_dag.py:99} INFO - Conversion de trans_date_trans_time en unix_time réussie
[2024-11-23T17:03:46.170+0000] {fraud_detection_dag.py:108} INFO - Transformation des données...
[2024-11-23T17:03:47.557+0000] {warnings.py:112} WARNING - /home/***/.local/lib/python3.12/site-packages/sklearn/ensemble/_base.py:172: UserWarning: Loky-backed parallel loops cannot be called in a multiprocessing, setting n_jobs=1
  n_jobs = min(effective_n_jobs(n_jobs), n_estimators)

[2024-11-23T17:03:47.571+0000] {warnings.py:112} WARNING - /home/***/.local/lib/python3.12/site-packages/sklearn/ensemble/_base.py:172: UserWarning: Loky-backed parallel loops cannot be called in a multiprocessing, setting n_jobs=1
  n_jobs = min(effective_n_jobs(n_jobs), n_estimators)

[2024-11-23T17:03:47.577+0000] {fraud_detection_dag.py:120} INFO - Prediction de fraude: NORMAL, Probabilité: 35.31%
[2024-11-23T17:03:47.627+0000] {fraud_detection_dag.py:126} INFO - Prédiction: NORMAL (Probabilité: 35.31%)
[2024-11-23T17:03:47.629+0000] {python.py:240} INFO - Done. Returned value was: notify_normal
[2024-11-23T17:03:47.630+0000] {branch.py:38} INFO - Branch into notify_normal
[2024-11-23T17:03:47.631+0000] {skipmixin.py:230} INFO - Following branch ('notify_normal',)
[2024-11-23T17:03:47.656+0000] {skipmixin.py:278} INFO - Skipping tasks [('notify_fraud', -1), ('skip_processing', -1)]
[2024-11-23T17:03:47.718+0000] {taskinstance.py:340} INFO - ::group::Post task execution logs
[2024-11-23T17:03:47.719+0000] {taskinstance.py:352} INFO - Marking task as SUCCESS. dag_id=fraud_detection, task_id=process_transaction, run_id=scheduled__2024-11-23T17:02:00+00:00, execution_date=20241123T170200, start_date=20241123T170345, end_date=20241123T170347
[2024-11-23T17:03:47.793+0000] {local_task_job_runner.py:266} INFO - Task exited with return code 0
[2024-11-23T17:03:47.886+0000] {taskinstance.py:3900} INFO - 1 downstream tasks scheduled from follow-on schedule check
[2024-11-23T17:03:47.898+0000] {local_task_job_runner.py:245} INFO - ::endgroup::
