[2024-11-24T15:19:15.909+0000] {local_task_job_runner.py:123} INFO - ::group::Pre task execution logs
[2024-11-24T15:19:16.106+0000] {taskinstance.py:2612} INFO - Dependencies all met for dep_context=non-requeueable deps ti=<TaskInstance: fraud_detection.store_normal scheduled__2024-11-24T15:17:00+00:00 [queued]>
[2024-11-24T15:19:16.216+0000] {taskinstance.py:2612} INFO - Dependencies all met for dep_context=requeueable deps ti=<TaskInstance: fraud_detection.store_normal scheduled__2024-11-24T15:17:00+00:00 [queued]>
[2024-11-24T15:19:16.217+0000] {taskinstance.py:2865} INFO - Starting attempt 1 of 2
[2024-11-24T15:19:16.354+0000] {taskinstance.py:2888} INFO - Executing <Task(PythonOperator): store_normal> on 2024-11-24 15:17:00+00:00
[2024-11-24T15:19:16.396+0000] {warnings.py:112} WARNING - /home/***/.local/lib/python3.12/site-packages/***/task/task_runner/standard_task_runner.py:70: DeprecationWarning: This process (pid=953) is multi-threaded, use of fork() may lead to deadlocks in the child.
  pid = os.fork()

[2024-11-24T15:19:16.405+0000] {standard_task_runner.py:72} INFO - Started process 959 to run task
[2024-11-24T15:19:16.406+0000] {standard_task_runner.py:104} INFO - Running: ['***', 'tasks', 'run', 'fraud_detection', 'store_normal', 'scheduled__2024-11-24T15:17:00+00:00', '--job-id', '597', '--raw', '--subdir', 'DAGS_FOLDER/fraud_detection_dag.py', '--cfg-path', '/tmp/tmp_u5m04xu']
[2024-11-24T15:19:16.452+0000] {standard_task_runner.py:105} INFO - Job 597: Subtask store_normal
[2024-11-24T15:19:16.804+0000] {task_command.py:467} INFO - Running <TaskInstance: fraud_detection.store_normal scheduled__2024-11-24T15:17:00+00:00 [running]> on host 345e92ff26bf
[2024-11-24T15:19:17.384+0000] {taskinstance.py:3131} INFO - Exporting env vars: AIRFLOW_CTX_DAG_OWNER='fraud_team' AIRFLOW_CTX_DAG_ID='fraud_detection' AIRFLOW_CTX_TASK_ID='store_normal' AIRFLOW_CTX_EXECUTION_DATE='2024-11-24T15:17:00+00:00' AIRFLOW_CTX_TRY_NUMBER='1' AIRFLOW_CTX_DAG_RUN_ID='scheduled__2024-11-24T15:17:00+00:00'
[2024-11-24T15:19:17.386+0000] {taskinstance.py:731} INFO - ::endgroup::
[2024-11-24T15:19:17.504+0000] {fraud_detection_dag.py:235} INFO - Tentative de connexion à Neon...
[2024-11-24T15:19:21.081+0000] {fraud_detection_dag.py:241} INFO - Connexion à Neon réussie!
[2024-11-24T15:19:21.231+0000] {fraud_detection_dag.py:248} INFO - Données reçues pour stockage: {"columns":["cc_num","merchant","category","amt","first","last","gender","street","city","state","zip","lat","long","city_pop","job","dob","trans_num","merch_lat","merch_long","is_fraud","current_time"],"index":[5754],"data":[[377234009633447,"fraud_Lowe, Dietrich and Erdman","kids_pets",96.54,"Theresa","Blackwell","F","43576 Kristina Islands","Shenandoah Junction","WV",25442,39.3716,-77.8229,1925,"Systems developer","1966-02-14","ee3fcf98fa6780bdcd3f9166801cfc86",39.741189,-77.235855,0,1732461528735]]}
[2024-11-24T15:19:21.233+0000] {fraud_detection_dag.py:257} INFO - JSON parsé avec succès
[2024-11-24T15:19:21.251+0000] {fraud_detection_dag.py:261} INFO - DataFrame créé avec 1 lignes
[2024-11-24T15:19:21.260+0000] {fraud_detection_dag.py:266} INFO - Colonne current_time renommée en trans_date_trans_time
[2024-11-24T15:19:21.270+0000] {fraud_detection_dag.py:270} INFO - Conversion du timestamp réussie
[2024-11-24T15:19:21.385+0000] {fraud_detection_dag.py:274} INFO - Indicateur de fraude récupéré: False
[2024-11-24T15:19:21.396+0000] {fraud_detection_dag.py:278} INFO - Colonne is_fraud mise à jour avec la valeur: False
[2024-11-24T15:19:21.403+0000] {fraud_detection_dag.py:282} INFO - Conversion de is_fraud en boolean réussie
[2024-11-24T15:19:21.405+0000] {fraud_detection_dag.py:285} INFO - Colonnes finales avant stockage: ['cc_num', 'merchant', 'category', 'amt', 'first', 'last', 'gender', 'street', 'city', 'state', 'zip', 'lat', 'long', 'city_pop', 'job', 'dob', 'trans_num', 'merch_lat', 'merch_long', 'is_fraud', 'trans_date_trans_time']
[2024-11-24T15:19:21.417+0000] {fraud_detection_dag.py:286} INFO - Types des données: 
cc_num                            int64
merchant                         object
category                         object
amt                             float64
first                            object
last                             object
gender                           object
street                           object
city                             object
state                            object
zip                               int64
lat                             float64
long                            float64
city_pop                          int64
job                              object
dob                              object
trans_num                        object
merch_lat                       float64
merch_long                      float64
is_fraud                           bool
trans_date_trans_time    datetime64[ns]
dtype: object
[2024-11-24T15:19:21.419+0000] {fraud_detection_dag.py:290} INFO - Stockage dans la table: normal_transactions
[2024-11-24T15:19:22.457+0000] {fraud_detection_dag.py:295} INFO - Données stockées avec succès dans la table normal_transactions
[2024-11-24T15:19:22.459+0000] {python.py:240} INFO - Done. Returned value was: None
[2024-11-24T15:19:22.625+0000] {taskinstance.py:340} INFO - ::group::Post task execution logs
[2024-11-24T15:19:22.634+0000] {taskinstance.py:352} INFO - Marking task as SUCCESS. dag_id=fraud_detection, task_id=store_normal, run_id=scheduled__2024-11-24T15:17:00+00:00, execution_date=20241124T151700, start_date=20241124T151916, end_date=20241124T151922
[2024-11-24T15:19:22.851+0000] {local_task_job_runner.py:266} INFO - Task exited with return code 0
[2024-11-24T15:19:22.967+0000] {taskinstance.py:3900} INFO - 1 downstream tasks scheduled from follow-on schedule check
[2024-11-24T15:19:22.980+0000] {local_task_job_runner.py:245} INFO - ::endgroup::
