[2024-11-22T19:05:21.931+0000] {local_task_job_runner.py:123} INFO - ::group::Pre task execution logs
[2024-11-22T19:05:21.989+0000] {taskinstance.py:2612} INFO - Dependencies all met for dep_context=non-requeueable deps ti=<TaskInstance: fraud_detection.process_transaction scheduled__2024-11-22T19:03:00+00:00 [queued]>
[2024-11-22T19:05:22.013+0000] {taskinstance.py:2612} INFO - Dependencies all met for dep_context=requeueable deps ti=<TaskInstance: fraud_detection.process_transaction scheduled__2024-11-22T19:03:00+00:00 [queued]>
[2024-11-22T19:05:22.013+0000] {taskinstance.py:2865} INFO - Starting attempt 1 of 2
[2024-11-22T19:05:22.050+0000] {taskinstance.py:2888} INFO - Executing <Task(BranchPythonOperator): process_transaction> on 2024-11-22 19:03:00+00:00
[2024-11-22T19:05:22.070+0000] {warnings.py:112} WARNING - /home/***/.local/lib/python3.12/site-packages/***/task/task_runner/standard_task_runner.py:70: DeprecationWarning: This process (pid=1083) is multi-threaded, use of fork() may lead to deadlocks in the child.
  pid = os.fork()

[2024-11-22T19:05:22.072+0000] {standard_task_runner.py:72} INFO - Started process 1085 to run task
[2024-11-22T19:05:22.080+0000] {standard_task_runner.py:104} INFO - Running: ['***', 'tasks', 'run', 'fraud_detection', 'process_transaction', 'scheduled__2024-11-22T19:03:00+00:00', '--job-id', '483', '--raw', '--subdir', 'DAGS_FOLDER/fraud_detection_dag.py', '--cfg-path', '/tmp/tmpy9jleexy']
[2024-11-22T19:05:22.089+0000] {standard_task_runner.py:105} INFO - Job 483: Subtask process_transaction
[2024-11-22T19:05:22.194+0000] {task_command.py:467} INFO - Running <TaskInstance: fraud_detection.process_transaction scheduled__2024-11-22T19:03:00+00:00 [running]> on host c6af8dbaf1e5
[2024-11-22T19:05:22.451+0000] {taskinstance.py:3131} INFO - Exporting env vars: AIRFLOW_CTX_DAG_OWNER='fraud_team' AIRFLOW_CTX_DAG_ID='fraud_detection' AIRFLOW_CTX_TASK_ID='process_transaction' AIRFLOW_CTX_EXECUTION_DATE='2024-11-22T19:03:00+00:00' AIRFLOW_CTX_TRY_NUMBER='1' AIRFLOW_CTX_DAG_RUN_ID='scheduled__2024-11-22T19:03:00+00:00'
[2024-11-22T19:05:22.459+0000] {taskinstance.py:731} INFO - ::endgroup::
[2024-11-22T19:05:22.482+0000] {baseoperator.py:405} WARNING - BranchPythonOperator.execute cannot be called outside TaskInstance!
[2024-11-22T19:05:22.511+0000] {fraud_detection_dag.py:77} INFO - Données récupérées depuis XCom: {"columns":["cc_num","merchant","category","amt","first","last","gender","street","city","state","zip","lat","long","city_pop","job","dob","trans_num","merch_lat","merch_long","is_fraud","current_time"],"index":[91932],"data":[[4623560839669,"fraud_Daugherty, Pouros and Beahan","shopping_pos",1.29,"Vincent","Waller","M","9379 Vanessa Run Apt. 400","Lohrville","IA",51453,42.2619,-94.5566,695,"Administrator","1954-07-15","353efa3d4fc6aef902a1da62042e8d19",41.666327,-93.628543,0,1732302317822]]}
[2024-11-22T19:05:22.511+0000] {fraud_detection_dag.py:85} INFO - Données JSON parsées avec succès
[2024-11-22T19:05:22.517+0000] {fraud_detection_dag.py:89} INFO - DataFrame créé avec 1 lignes
[2024-11-22T19:05:22.521+0000] {fraud_detection_dag.py:93} INFO - Colonnes renommées avec succès
[2024-11-22T19:05:22.521+0000] {fraud_detection_dag.py:94} INFO - Colonnes disponibles: ['cc_num', 'merchant', 'category', 'amt', 'first', 'last', 'gender', 'street', 'city', 'state', 'zip', 'lat', 'long', 'city_pop', 'job', 'dob', 'trans_num', 'merch_lat', 'merch_long', 'is_fraud', 'trans_date_trans_time']
[2024-11-22T19:05:22.526+0000] {fraud_detection_dag.py:98} INFO - Conversion de trans_date_trans_time en unix_time réussie
[2024-11-22T19:05:22.577+0000] {fraud_detection_dag.py:107} INFO - Transformation des données...
[2024-11-22T19:05:24.396+0000] {warnings.py:112} WARNING - /home/***/.local/lib/python3.12/site-packages/sklearn/ensemble/_base.py:172: UserWarning: Loky-backed parallel loops cannot be called in a multiprocessing, setting n_jobs=1
  n_jobs = min(effective_n_jobs(n_jobs), n_estimators)

[2024-11-22T19:05:24.414+0000] {warnings.py:112} WARNING - /home/***/.local/lib/python3.12/site-packages/sklearn/ensemble/_base.py:172: UserWarning: Loky-backed parallel loops cannot be called in a multiprocessing, setting n_jobs=1
  n_jobs = min(effective_n_jobs(n_jobs), n_estimators)

[2024-11-22T19:05:24.422+0000] {fraud_detection_dag.py:119} INFO - Prediction de fraude: NORMAL, Probabilité: 37.94%
[2024-11-22T19:05:24.499+0000] {fraud_detection_dag.py:125} INFO - Prédiction: NORMAL (Probabilité: 37.94%)
[2024-11-22T19:05:24.500+0000] {python.py:240} INFO - Done. Returned value was: notify_normal
[2024-11-22T19:05:24.502+0000] {branch.py:38} INFO - Branch into notify_normal
[2024-11-22T19:05:24.504+0000] {skipmixin.py:230} INFO - Following branch ('notify_normal',)
[2024-11-22T19:05:24.547+0000] {skipmixin.py:278} INFO - Skipping tasks [('skip_processing', -1), ('notify_fraud', -1)]
[2024-11-22T19:05:24.656+0000] {taskinstance.py:340} INFO - ::group::Post task execution logs
[2024-11-22T19:05:24.657+0000] {taskinstance.py:352} INFO - Marking task as SUCCESS. dag_id=fraud_detection, task_id=process_transaction, run_id=scheduled__2024-11-22T19:03:00+00:00, execution_date=20241122T190300, start_date=20241122T190521, end_date=20241122T190524
[2024-11-22T19:05:24.730+0000] {local_task_job_runner.py:266} INFO - Task exited with return code 0
[2024-11-22T19:05:24.775+0000] {local_task_job_runner.py:245} INFO - ::endgroup::
