[2024-11-22T19:00:35.193+0000] {local_task_job_runner.py:123} INFO - ::group::Pre task execution logs
[2024-11-22T19:00:35.236+0000] {taskinstance.py:2612} INFO - Dependencies all met for dep_context=non-requeueable deps ti=<TaskInstance: fraud_detection.process_transaction scheduled__2024-11-22T18:59:00+00:00 [queued]>
[2024-11-22T19:00:35.265+0000] {taskinstance.py:2612} INFO - Dependencies all met for dep_context=requeueable deps ti=<TaskInstance: fraud_detection.process_transaction scheduled__2024-11-22T18:59:00+00:00 [queued]>
[2024-11-22T19:00:35.266+0000] {taskinstance.py:2865} INFO - Starting attempt 1 of 2
[2024-11-22T19:00:35.317+0000] {taskinstance.py:2888} INFO - Executing <Task(BranchPythonOperator): process_transaction> on 2024-11-22 18:59:00+00:00
[2024-11-22T19:00:35.341+0000] {warnings.py:112} WARNING - /home/***/.local/lib/python3.12/site-packages/***/task/task_runner/standard_task_runner.py:70: DeprecationWarning: This process (pid=914) is multi-threaded, use of fork() may lead to deadlocks in the child.
  pid = os.fork()

[2024-11-22T19:00:35.348+0000] {standard_task_runner.py:72} INFO - Started process 916 to run task
[2024-11-22T19:00:35.350+0000] {standard_task_runner.py:104} INFO - Running: ['***', 'tasks', 'run', 'fraud_detection', 'process_transaction', 'scheduled__2024-11-22T18:59:00+00:00', '--job-id', '462', '--raw', '--subdir', 'DAGS_FOLDER/fraud_detection_dag.py', '--cfg-path', '/tmp/tmpu5zi9maf']
[2024-11-22T19:00:35.357+0000] {standard_task_runner.py:105} INFO - Job 462: Subtask process_transaction
[2024-11-22T19:00:35.485+0000] {task_command.py:467} INFO - Running <TaskInstance: fraud_detection.process_transaction scheduled__2024-11-22T18:59:00+00:00 [running]> on host c6af8dbaf1e5
[2024-11-22T19:00:35.652+0000] {taskinstance.py:3131} INFO - Exporting env vars: AIRFLOW_CTX_DAG_OWNER='fraud_team' AIRFLOW_CTX_DAG_ID='fraud_detection' AIRFLOW_CTX_TASK_ID='process_transaction' AIRFLOW_CTX_EXECUTION_DATE='2024-11-22T18:59:00+00:00' AIRFLOW_CTX_TRY_NUMBER='1' AIRFLOW_CTX_DAG_RUN_ID='scheduled__2024-11-22T18:59:00+00:00'
[2024-11-22T19:00:35.654+0000] {taskinstance.py:731} INFO - ::endgroup::
[2024-11-22T19:00:35.682+0000] {baseoperator.py:405} WARNING - BranchPythonOperator.execute cannot be called outside TaskInstance!
[2024-11-22T19:00:35.717+0000] {fraud_detection_dag.py:77} INFO - Données récupérées depuis XCom: {"columns":["cc_num","merchant","category","amt","first","last","gender","street","city","state","zip","lat","long","city_pop","job","dob","trans_num","merch_lat","merch_long","is_fraud","current_time"],"index":[379983],"data":[[30510856607165,"fraud_Hintz, Bauch and Smith","health_fitness",271.58,"Frederick","Robinson","M","1125 Ray Track","Livonia","MI",48154,42.3958,-83.3772,96942,"Horticultural consultant","1965-04-01","86ceb282102063dd62c5de01b1192fc0",42.46144,-84.224179,0,1732302032671]]}
[2024-11-22T19:00:35.717+0000] {fraud_detection_dag.py:85} INFO - Données JSON parsées avec succès
[2024-11-22T19:00:35.724+0000] {fraud_detection_dag.py:89} INFO - DataFrame créé avec 1 lignes
[2024-11-22T19:00:35.727+0000] {fraud_detection_dag.py:93} INFO - Colonnes renommées avec succès
[2024-11-22T19:00:35.727+0000] {fraud_detection_dag.py:94} INFO - Colonnes disponibles: ['cc_num', 'merchant', 'category', 'amt', 'first', 'last', 'gender', 'street', 'city', 'state', 'zip', 'lat', 'long', 'city_pop', 'job', 'dob', 'trans_num', 'merch_lat', 'merch_long', 'is_fraud', 'trans_date_trans_time']
[2024-11-22T19:00:35.732+0000] {fraud_detection_dag.py:98} INFO - Conversion de trans_date_trans_time en unix_time réussie
[2024-11-22T19:00:35.787+0000] {fraud_detection_dag.py:107} INFO - Transformation des données...
[2024-11-22T19:00:37.242+0000] {warnings.py:112} WARNING - /home/***/.local/lib/python3.12/site-packages/sklearn/ensemble/_base.py:172: UserWarning: Loky-backed parallel loops cannot be called in a multiprocessing, setting n_jobs=1
  n_jobs = min(effective_n_jobs(n_jobs), n_estimators)

[2024-11-22T19:00:37.260+0000] {warnings.py:112} WARNING - /home/***/.local/lib/python3.12/site-packages/sklearn/ensemble/_base.py:172: UserWarning: Loky-backed parallel loops cannot be called in a multiprocessing, setting n_jobs=1
  n_jobs = min(effective_n_jobs(n_jobs), n_estimators)

[2024-11-22T19:00:37.272+0000] {fraud_detection_dag.py:119} INFO - Prediction de fraude: FRAUDE, Probabilité: 55.22%
[2024-11-22T19:00:37.344+0000] {fraud_detection_dag.py:125} INFO - Prédiction: FRAUDE (Probabilité: 55.22%)
[2024-11-22T19:00:37.345+0000] {python.py:240} INFO - Done. Returned value was: notify_fraud
[2024-11-22T19:00:37.346+0000] {branch.py:38} INFO - Branch into notify_fraud
[2024-11-22T19:00:37.346+0000] {skipmixin.py:230} INFO - Following branch ('notify_fraud',)
[2024-11-22T19:00:37.367+0000] {skipmixin.py:278} INFO - Skipping tasks [('notify_normal', -1), ('skip_processing', -1)]
[2024-11-22T19:00:37.432+0000] {taskinstance.py:340} INFO - ::group::Post task execution logs
[2024-11-22T19:00:37.433+0000] {taskinstance.py:352} INFO - Marking task as SUCCESS. dag_id=fraud_detection, task_id=process_transaction, run_id=scheduled__2024-11-22T18:59:00+00:00, execution_date=20241122T185900, start_date=20241122T190035, end_date=20241122T190037
[2024-11-22T19:00:37.502+0000] {local_task_job_runner.py:266} INFO - Task exited with return code 0
[2024-11-22T19:00:37.555+0000] {taskinstance.py:3900} INFO - 0 downstream tasks scheduled from follow-on schedule check
[2024-11-22T19:00:37.559+0000] {local_task_job_runner.py:245} INFO - ::endgroup::
