[2024-11-23T17:58:04.099+0000] {local_task_job_runner.py:123} INFO - ::group::Pre task execution logs
[2024-11-23T17:58:04.280+0000] {taskinstance.py:2612} INFO - Dependencies all met for dep_context=non-requeueable deps ti=<TaskInstance: fraud_detection.notify_normal scheduled__2024-11-23T17:56:00+00:00 [queued]>
[2024-11-23T17:58:04.461+0000] {taskinstance.py:2612} INFO - Dependencies all met for dep_context=requeueable deps ti=<TaskInstance: fraud_detection.notify_normal scheduled__2024-11-23T17:56:00+00:00 [queued]>
[2024-11-23T17:58:04.462+0000] {taskinstance.py:2865} INFO - Starting attempt 1 of 2
[2024-11-23T17:58:04.587+0000] {taskinstance.py:2888} INFO - Executing <Task(PythonOperator): notify_normal> on 2024-11-23 17:56:00+00:00
[2024-11-23T17:58:04.664+0000] {warnings.py:112} WARNING - /home/***/.local/lib/python3.12/site-packages/***/task/task_runner/standard_task_runner.py:70: DeprecationWarning: This process (pid=3781) is multi-threaded, use of fork() may lead to deadlocks in the child.
  pid = os.fork()

[2024-11-23T17:58:04.666+0000] {standard_task_runner.py:72} INFO - Started process 3791 to run task
[2024-11-23T17:58:04.664+0000] {standard_task_runner.py:104} INFO - Running: ['***', 'tasks', 'run', 'fraud_detection', 'notify_normal', 'scheduled__2024-11-23T17:56:00+00:00', '--job-id', '369', '--raw', '--subdir', 'DAGS_FOLDER/fraud_detection_dag.py', '--cfg-path', '/tmp/tmpejfjiiza']
[2024-11-23T17:58:04.690+0000] {standard_task_runner.py:105} INFO - Job 369: Subtask notify_normal
[2024-11-23T17:58:04.854+0000] {task_command.py:467} INFO - Running <TaskInstance: fraud_detection.notify_normal scheduled__2024-11-23T17:56:00+00:00 [running]> on host 345e92ff26bf
[2024-11-23T17:58:05.278+0000] {taskinstance.py:3131} INFO - Exporting env vars: AIRFLOW_CTX_DAG_OWNER='fraud_team' AIRFLOW_CTX_DAG_ID='fraud_detection' AIRFLOW_CTX_TASK_ID='notify_normal' AIRFLOW_CTX_EXECUTION_DATE='2024-11-23T17:56:00+00:00' AIRFLOW_CTX_TRY_NUMBER='1' AIRFLOW_CTX_DAG_RUN_ID='scheduled__2024-11-23T17:56:00+00:00'
[2024-11-23T17:58:05.289+0000] {taskinstance.py:731} INFO - ::endgroup::
[2024-11-23T17:58:05.473+0000] {fraud_detection_dag.py:144} INFO - Données de transaction récupérées: {"columns":["cc_num","merchant","category","amt","first","last","gender","street","city","state","zip","lat","long","city_pop","job","dob","trans_num","merch_lat","merch_long","is_fraud","current_time"],"index":[169776],"data":[[340951438290556,"fraud_Gottlieb-Hansen","personal_care",47.58,"Maria","Garcia","F","865 Thomas Village","Orangeburg","NY",10962,41.0442,-73.9609,5950,"Records manager","1971-07-02","03235098fa8a6a5aa8ff19fb26b664f8",40.950029,-74.072178,0,1732384669064]]}
[2024-11-23T17:58:05.474+0000] {fraud_detection_dag.py:145} INFO - Probabilité de fraude: 0.3150586917409129
[2024-11-23T17:58:05.478+0000] {fraud_detection_dag.py:146} INFO - Est une fraude: False
[2024-11-23T17:58:05.488+0000] {fraud_detection_dag.py:206} INFO - Tentative d'envoi d'email normale...
[2024-11-23T17:58:05.489+0000] {fraud_detection_dag.py:207} INFO - Contenu de l'email:

        ✅ Transaction NORMALE détectée!
        
        Statut: Vert
        Probabilité de fraude: 31.51%
        
        Détails de la transaction:
        --------------------------
        ID Transaction: 03235098fa8a6a5aa8ff19fb26b664f8
        Montant: 47.58€
        Date/Heure: 2024-11-23 17:57:49
        
        Informations sur le marchand:
        ----------------------------
        Nom: fraud_Gottlieb-Hansen
        Ville: Orangeburg
        État: NY
        
        Informations sur le client:
        --------------------------
        Nom: Maria Garcia
        Ville: Orangeburg
        
        Cette notification a été générée automatiquement par le système de détection de fraude.
        
[2024-11-23T17:58:09.576+0000] {fraud_detection_dag.py:217} INFO - Email envoyé avec succès
[2024-11-23T17:58:09.581+0000] {python.py:240} INFO - Done. Returned value was: store_normal
[2024-11-23T17:58:09.729+0000] {taskinstance.py:340} INFO - ::group::Post task execution logs
[2024-11-23T17:58:09.733+0000] {taskinstance.py:352} INFO - Marking task as SUCCESS. dag_id=fraud_detection, task_id=notify_normal, run_id=scheduled__2024-11-23T17:56:00+00:00, execution_date=20241123T175600, start_date=20241123T175804, end_date=20241123T175809
[2024-11-23T17:58:09.805+0000] {local_task_job_runner.py:266} INFO - Task exited with return code 0
[2024-11-23T17:58:09.869+0000] {taskinstance.py:3900} INFO - 1 downstream tasks scheduled from follow-on schedule check
[2024-11-23T17:58:09.882+0000] {local_task_job_runner.py:245} INFO - ::endgroup::
