[2024-11-23T17:10:52.788+0000] {local_task_job_runner.py:123} INFO - ::group::Pre task execution logs
[2024-11-23T17:10:52.827+0000] {taskinstance.py:2612} INFO - Dependencies all met for dep_context=non-requeueable deps ti=<TaskInstance: fraud_detection.notify_normal scheduled__2024-11-23T17:09:00+00:00 [queued]>
[2024-11-23T17:10:52.850+0000] {taskinstance.py:2612} INFO - Dependencies all met for dep_context=requeueable deps ti=<TaskInstance: fraud_detection.notify_normal scheduled__2024-11-23T17:09:00+00:00 [queued]>
[2024-11-23T17:10:52.851+0000] {taskinstance.py:2865} INFO - Starting attempt 1 of 2
[2024-11-23T17:10:52.880+0000] {taskinstance.py:2888} INFO - Executing <Task(PythonOperator): notify_normal> on 2024-11-23 17:09:00+00:00
[2024-11-23T17:10:52.898+0000] {warnings.py:112} WARNING - /home/***/.local/lib/python3.12/site-packages/***/task/task_runner/standard_task_runner.py:70: DeprecationWarning: This process (pid=1499) is multi-threaded, use of fork() may lead to deadlocks in the child.
  pid = os.fork()

[2024-11-23T17:10:52.901+0000] {standard_task_runner.py:72} INFO - Started process 1504 to run task
[2024-11-23T17:10:52.905+0000] {standard_task_runner.py:104} INFO - Running: ['***', 'tasks', 'run', 'fraud_detection', 'notify_normal', 'scheduled__2024-11-23T17:09:00+00:00', '--job-id', '151', '--raw', '--subdir', 'DAGS_FOLDER/fraud_detection_dag.py', '--cfg-path', '/tmp/tmpzjk3uzjq']
[2024-11-23T17:10:52.910+0000] {standard_task_runner.py:105} INFO - Job 151: Subtask notify_normal
[2024-11-23T17:10:53.009+0000] {task_command.py:467} INFO - Running <TaskInstance: fraud_detection.notify_normal scheduled__2024-11-23T17:09:00+00:00 [running]> on host 345e92ff26bf
[2024-11-23T17:10:53.181+0000] {taskinstance.py:3131} INFO - Exporting env vars: AIRFLOW_CTX_DAG_OWNER='fraud_team' AIRFLOW_CTX_DAG_ID='fraud_detection' AIRFLOW_CTX_TASK_ID='notify_normal' AIRFLOW_CTX_EXECUTION_DATE='2024-11-23T17:09:00+00:00' AIRFLOW_CTX_TRY_NUMBER='1' AIRFLOW_CTX_DAG_RUN_ID='scheduled__2024-11-23T17:09:00+00:00'
[2024-11-23T17:10:53.184+0000] {taskinstance.py:731} INFO - ::endgroup::
[2024-11-23T17:10:53.379+0000] {fraud_detection_dag.py:219} INFO - Données de transaction récupérées: {"columns":["cc_num","merchant","category","amt","first","last","gender","street","city","state","zip","lat","long","city_pop","job","dob","trans_num","merch_lat","merch_long","is_fraud","current_time"],"index":[8840],"data":[[4003989662068504,"fraud_Schimmel-Olson","kids_pets",143.52,"Chris","White","M","98897 Bennett Lodge","Bessemer","AL",35022,33.3224,-86.9657,71463,"Radio broadcast assistant","1989-02-08","6594b0e2601d99ee6e4a53d61b9d7cf4",33.535807,-86.784261,0,1732381841145]]}
[2024-11-23T17:10:53.381+0000] {fraud_detection_dag.py:220} INFO - Probabilité de fraude: 0.27114891083479964
[2024-11-23T17:10:53.381+0000] {fraud_detection_dag.py:221} INFO - Est une fraude: False
[2024-11-23T17:10:53.396+0000] {fraud_detection_dag.py:281} INFO - Tentative d'envoi d'email normale...
[2024-11-23T17:10:53.397+0000] {fraud_detection_dag.py:282} INFO - Contenu de l'email:

        ✅ Transaction NORMALE détectée!
        
        Statut: Vert
        Probabilité de fraude: 27.11%
        
        Détails de la transaction:
        --------------------------
        ID Transaction: 6594b0e2601d99ee6e4a53d61b9d7cf4
        Montant: 143.52€
        Date/Heure: 2024-11-23 17:10:41
        
        Informations sur le marchand:
        ----------------------------
        Nom: fraud_Schimmel-Olson
        Ville: Bessemer
        État: AL
        
        Informations sur le client:
        --------------------------
        Nom: Chris White
        Ville: Bessemer
        
        Cette notification a été générée automatiquement par le système de détection de fraude.
        
[2024-11-23T17:10:56.012+0000] {fraud_detection_dag.py:292} INFO - Email envoyé avec succès
[2024-11-23T17:10:56.015+0000] {python.py:240} INFO - Done. Returned value was: store_normal
[2024-11-23T17:10:56.082+0000] {taskinstance.py:340} INFO - ::group::Post task execution logs
[2024-11-23T17:10:56.084+0000] {taskinstance.py:352} INFO - Marking task as SUCCESS. dag_id=fraud_detection, task_id=notify_normal, run_id=scheduled__2024-11-23T17:09:00+00:00, execution_date=20241123T170900, start_date=20241123T171052, end_date=20241123T171056
[2024-11-23T17:10:56.166+0000] {local_task_job_runner.py:266} INFO - Task exited with return code 0
[2024-11-23T17:10:56.249+0000] {taskinstance.py:3900} INFO - 1 downstream tasks scheduled from follow-on schedule check
[2024-11-23T17:10:56.253+0000] {local_task_job_runner.py:245} INFO - ::endgroup::
