[2024-11-22T18:42:38.287+0000] {local_task_job_runner.py:123} INFO - ::group::Pre task execution logs
[2024-11-22T18:42:38.374+0000] {taskinstance.py:2612} INFO - Dependencies all met for dep_context=non-requeueable deps ti=<TaskInstance: fraud_detection.store_normal scheduled__2024-11-22T18:40:00+00:00 [queued]>
[2024-11-22T18:42:38.428+0000] {taskinstance.py:2612} INFO - Dependencies all met for dep_context=requeueable deps ti=<TaskInstance: fraud_detection.store_normal scheduled__2024-11-22T18:40:00+00:00 [queued]>
[2024-11-22T18:42:38.429+0000] {taskinstance.py:2865} INFO - Starting attempt 1 of 2
[2024-11-22T18:42:38.479+0000] {taskinstance.py:2888} INFO - Executing <Task(PythonOperator): store_normal> on 2024-11-22 18:40:00+00:00
[2024-11-22T18:42:38.607+0000] {standard_task_runner.py:104} INFO - Running: ['***', 'tasks', 'run', 'fraud_detection', 'store_normal', 'scheduled__2024-11-22T18:40:00+00:00', '--job-id', '370', '--raw', '--subdir', 'DAGS_FOLDER/fraud_detection_dag.py', '--cfg-path', '/tmp/tmpe29moz2n']
[2024-11-22T18:42:38.629+0000] {standard_task_runner.py:105} INFO - Job 370: Subtask store_normal
[2024-11-22T18:42:38.623+0000] {warnings.py:112} WARNING - /home/***/.local/lib/python3.12/site-packages/***/task/task_runner/standard_task_runner.py:70: DeprecationWarning: This process (pid=235) is multi-threaded, use of fork() may lead to deadlocks in the child.
  pid = os.fork()

[2024-11-22T18:42:38.671+0000] {standard_task_runner.py:72} INFO - Started process 237 to run task
[2024-11-22T18:42:39.504+0000] {task_command.py:467} INFO - Running <TaskInstance: fraud_detection.store_normal scheduled__2024-11-22T18:40:00+00:00 [running]> on host c6af8dbaf1e5
[2024-11-22T18:42:40.109+0000] {taskinstance.py:3131} INFO - Exporting env vars: AIRFLOW_CTX_DAG_OWNER='fraud_team' AIRFLOW_CTX_DAG_ID='fraud_detection' AIRFLOW_CTX_TASK_ID='store_normal' AIRFLOW_CTX_EXECUTION_DATE='2024-11-22T18:40:00+00:00' AIRFLOW_CTX_TRY_NUMBER='1' AIRFLOW_CTX_DAG_RUN_ID='scheduled__2024-11-22T18:40:00+00:00'
[2024-11-22T18:42:40.116+0000] {taskinstance.py:731} INFO - ::endgroup::
[2024-11-22T18:42:40.228+0000] {fraud_detection_dag.py:309} INFO - Tentative de connexion à Neon...
[2024-11-22T18:42:49.918+0000] {fraud_detection_dag.py:315} INFO - Connexion à Neon réussie!
[2024-11-22T18:42:50.904+0000] {fraud_detection_dag.py:322} INFO - Données reçues pour stockage: {"columns":["cc_num","merchant","category","amt","first","last","gender","street","city","state","zip","lat","long","city_pop","job","dob","trans_num","merch_lat","merch_long","is_fraud","current_time"],"index":[280923],"data":[[2264937662466770,"fraud_Monahan, Bogisich and Ledner","misc_pos",1.62,"Juan","Sherman","M","5939 Garcia Forges Suite 297","San Antonio","TX",78214,29.3641,-98.4924,1595797,"Land","1995-10-17","091567e542d9142c26c26199f9cbfe41",30.272806,-98.579808,0,1732300925463]]}
[2024-11-22T18:42:50.909+0000] {fraud_detection_dag.py:331} INFO - JSON parsé avec succès
[2024-11-22T18:42:50.964+0000] {fraud_detection_dag.py:335} INFO - DataFrame créé avec 1 lignes
[2024-11-22T18:42:50.970+0000] {fraud_detection_dag.py:340} INFO - Colonne current_time renommée en trans_date_trans_time
[2024-11-22T18:42:50.977+0000] {fraud_detection_dag.py:344} INFO - Conversion du timestamp réussie
[2024-11-22T18:42:51.091+0000] {fraud_detection_dag.py:348} INFO - Indicateur de fraude récupéré: False
[2024-11-22T18:42:51.095+0000] {fraud_detection_dag.py:352} INFO - Colonne is_fraud mise à jour avec la valeur: False
[2024-11-22T18:42:51.098+0000] {fraud_detection_dag.py:356} INFO - Conversion de is_fraud en boolean réussie
[2024-11-22T18:42:51.099+0000] {fraud_detection_dag.py:359} INFO - Colonnes finales avant stockage: ['cc_num', 'merchant', 'category', 'amt', 'first', 'last', 'gender', 'street', 'city', 'state', 'zip', 'lat', 'long', 'city_pop', 'job', 'dob', 'trans_num', 'merch_lat', 'merch_long', 'is_fraud', 'trans_date_trans_time']
[2024-11-22T18:42:51.103+0000] {fraud_detection_dag.py:360} INFO - Types des données: 
cc_num                            int64
merchant                         object
category                         object
amt                             float64
first                            object
last                             object
gender                           object
street                           object
city                             object
state                            object
zip                               int64
lat                             float64
long                            float64
city_pop                          int64
job                              object
dob                              object
trans_num                        object
merch_lat                       float64
merch_long                      float64
is_fraud                           bool
trans_date_trans_time    datetime64[ns]
dtype: object
[2024-11-22T18:42:51.105+0000] {fraud_detection_dag.py:364} INFO - Stockage dans la table: normal_transactions
[2024-11-22T18:42:53.626+0000] {fraud_detection_dag.py:369} INFO - Données stockées avec succès dans la table normal_transactions
[2024-11-22T18:42:53.641+0000] {python.py:240} INFO - Done. Returned value was: None
[2024-11-22T18:42:53.727+0000] {taskinstance.py:340} INFO - ::group::Post task execution logs
[2024-11-22T18:42:53.729+0000] {taskinstance.py:352} INFO - Marking task as SUCCESS. dag_id=fraud_detection, task_id=store_normal, run_id=scheduled__2024-11-22T18:40:00+00:00, execution_date=20241122T184000, start_date=20241122T184238, end_date=20241122T184253
[2024-11-22T18:42:53.834+0000] {local_task_job_runner.py:266} INFO - Task exited with return code 0
[2024-11-22T18:42:53.909+0000] {taskinstance.py:3900} INFO - 0 downstream tasks scheduled from follow-on schedule check
[2024-11-22T18:42:53.922+0000] {local_task_job_runner.py:245} INFO - ::endgroup::
