[2024-11-02T23:26:23.442+0000] {local_task_job_runner.py:123} INFO - ::group::Pre task execution logs
[2024-11-02T23:26:23.506+0000] {taskinstance.py:2612} INFO - Dependencies all met for dep_context=non-requeueable deps ti=<TaskInstance: fraud_detection.skip_processing scheduled__2024-11-02T23:24:00+00:00 [queued]>
[2024-11-02T23:26:23.538+0000] {taskinstance.py:2612} INFO - Dependencies all met for dep_context=requeueable deps ti=<TaskInstance: fraud_detection.skip_processing scheduled__2024-11-02T23:24:00+00:00 [queued]>
[2024-11-02T23:26:23.538+0000] {taskinstance.py:2865} INFO - Starting attempt 1 of 2
[2024-11-02T23:26:23.573+0000] {taskinstance.py:2888} INFO - Executing <Task(PythonOperator): skip_processing> on 2024-11-02 23:24:00+00:00
[2024-11-02T23:26:23.592+0000] {warnings.py:112} WARNING - /home/***/.local/lib/python3.12/site-packages/***/task/task_runner/standard_task_runner.py:70: DeprecationWarning: This process (pid=954) is multi-threaded, use of fork() may lead to deadlocks in the child.
  pid = os.fork()

[2024-11-02T23:26:23.596+0000] {standard_task_runner.py:72} INFO - Started process 956 to run task
[2024-11-02T23:26:23.604+0000] {standard_task_runner.py:104} INFO - Running: ['***', 'tasks', 'run', 'fraud_detection', 'skip_processing', 'scheduled__2024-11-02T23:24:00+00:00', '--job-id', '72', '--raw', '--subdir', 'DAGS_FOLDER/fraud_detection_dag.py', '--cfg-path', '/tmp/tmpwobgb63u']
[2024-11-02T23:26:23.610+0000] {standard_task_runner.py:105} INFO - Job 72: Subtask skip_processing
[2024-11-02T23:26:23.733+0000] {task_command.py:467} INFO - Running <TaskInstance: fraud_detection.skip_processing scheduled__2024-11-02T23:24:00+00:00 [running]> on host 713744f3b6c0
[2024-11-02T23:26:23.965+0000] {taskinstance.py:3131} INFO - Exporting env vars: AIRFLOW_CTX_DAG_OWNER='fraud_team' AIRFLOW_CTX_DAG_ID='fraud_detection' AIRFLOW_CTX_TASK_ID='skip_processing' AIRFLOW_CTX_EXECUTION_DATE='2024-11-02T23:24:00+00:00' AIRFLOW_CTX_TRY_NUMBER='1' AIRFLOW_CTX_DAG_RUN_ID='scheduled__2024-11-02T23:24:00+00:00'
[2024-11-02T23:26:23.967+0000] {taskinstance.py:731} INFO - ::endgroup::
[2024-11-02T23:26:24.011+0000] {fraud_detection_dag.py:270} INFO - Pas de données
[2024-11-02T23:26:24.012+0000] {python.py:240} INFO - Done. Returned value was: None
[2024-11-02T23:26:24.033+0000] {taskinstance.py:340} INFO - ::group::Post task execution logs
[2024-11-02T23:26:24.035+0000] {taskinstance.py:352} INFO - Marking task as SUCCESS. dag_id=fraud_detection, task_id=skip_processing, run_id=scheduled__2024-11-02T23:24:00+00:00, execution_date=20241102T232400, start_date=20241102T232623, end_date=20241102T232624
[2024-11-02T23:26:24.115+0000] {local_task_job_runner.py:266} INFO - Task exited with return code 0
[2024-11-02T23:26:24.155+0000] {taskinstance.py:3900} INFO - 0 downstream tasks scheduled from follow-on schedule check
[2024-11-02T23:26:24.160+0000] {local_task_job_runner.py:245} INFO - ::endgroup::
