[2024-11-24T15:17:36.152+0000] {local_task_job_runner.py:123} INFO - ::group::Pre task execution logs
[2024-11-24T15:17:36.213+0000] {taskinstance.py:2612} INFO - Dependencies all met for dep_context=non-requeueable deps ti=<TaskInstance: fraud_detection.process_transaction manual__2024-11-24T15:16:32.852927+00:00 [queued]>
[2024-11-24T15:17:36.277+0000] {taskinstance.py:2612} INFO - Dependencies all met for dep_context=requeueable deps ti=<TaskInstance: fraud_detection.process_transaction manual__2024-11-24T15:16:32.852927+00:00 [queued]>
[2024-11-24T15:17:36.283+0000] {taskinstance.py:2865} INFO - Starting attempt 1 of 2
[2024-11-24T15:17:36.414+0000] {taskinstance.py:2888} INFO - Executing <Task(BranchPythonOperator): process_transaction> on 2024-11-24 15:16:32.852927+00:00
[2024-11-24T15:17:36.455+0000] {warnings.py:112} WARNING - /home/***/.local/lib/python3.12/site-packages/***/task/task_runner/standard_task_runner.py:70: DeprecationWarning: This process (pid=805) is multi-threaded, use of fork() may lead to deadlocks in the child.
  pid = os.fork()

[2024-11-24T15:17:36.458+0000] {standard_task_runner.py:72} INFO - Started process 812 to run task
[2024-11-24T15:17:36.460+0000] {standard_task_runner.py:104} INFO - Running: ['***', 'tasks', 'run', 'fraud_detection', 'process_transaction', 'manual__2024-11-24T15:16:32.852927+00:00', '--job-id', '582', '--raw', '--subdir', 'DAGS_FOLDER/fraud_detection_dag.py', '--cfg-path', '/tmp/tmp6n1n1dj6']
[2024-11-24T15:17:36.472+0000] {standard_task_runner.py:105} INFO - Job 582: Subtask process_transaction
[2024-11-24T15:17:36.739+0000] {task_command.py:467} INFO - Running <TaskInstance: fraud_detection.process_transaction manual__2024-11-24T15:16:32.852927+00:00 [running]> on host 345e92ff26bf
[2024-11-24T15:17:37.185+0000] {taskinstance.py:3131} INFO - Exporting env vars: AIRFLOW_CTX_DAG_OWNER='fraud_team' AIRFLOW_CTX_DAG_ID='fraud_detection' AIRFLOW_CTX_TASK_ID='process_transaction' AIRFLOW_CTX_EXECUTION_DATE='2024-11-24T15:16:32.852927+00:00' AIRFLOW_CTX_TRY_NUMBER='1' AIRFLOW_CTX_DAG_RUN_ID='manual__2024-11-24T15:16:32.852927+00:00'
[2024-11-24T15:17:37.199+0000] {taskinstance.py:731} INFO - ::endgroup::
[2024-11-24T15:17:37.280+0000] {baseoperator.py:405} WARNING - BranchPythonOperator.execute cannot be called outside TaskInstance!
[2024-11-24T15:17:37.361+0000] {fraud_detection_dag.py:78} INFO - Données récupérées depuis XCom: {"columns":["cc_num","merchant","category","amt","first","last","gender","street","city","state","zip","lat","long","city_pop","job","dob","trans_num","merch_lat","merch_long","is_fraud","current_time"],"index":[8493],"data":[[377993105397617,"fraud_Kunze, Larkin and Mayert","travel",1.12,"Nathan","Martinez","M","586 Thomas Cliffs","Oconto Falls","WI",54154,44.8755,-88.1555,5548,"Mining engineer","1975-09-11","dc7f0974fac6e225435e85abe8699b56",44.615643,-88.977619,0,1732461448391]]}
[2024-11-24T15:17:37.363+0000] {fraud_detection_dag.py:86} INFO - Données JSON parsées avec succès
[2024-11-24T15:17:37.381+0000] {fraud_detection_dag.py:90} INFO - DataFrame créé avec 1 lignes
[2024-11-24T15:17:37.385+0000] {fraud_detection_dag.py:94} INFO - Colonnes renommées avec succès
[2024-11-24T15:17:37.385+0000] {fraud_detection_dag.py:95} INFO - Colonnes disponibles: ['cc_num', 'merchant', 'category', 'amt', 'first', 'last', 'gender', 'street', 'city', 'state', 'zip', 'lat', 'long', 'city_pop', 'job', 'dob', 'trans_num', 'merch_lat', 'merch_long', 'is_fraud', 'trans_date_trans_time']
[2024-11-24T15:17:37.401+0000] {fraud_detection_dag.py:99} INFO - Conversion de trans_date_trans_time en unix_time réussie
[2024-11-24T15:17:37.548+0000] {fraud_detection_dag.py:108} INFO - Transformation des données...
[2024-11-24T15:17:41.022+0000] {warnings.py:112} WARNING - /home/***/.local/lib/python3.12/site-packages/sklearn/ensemble/_base.py:172: UserWarning: Loky-backed parallel loops cannot be called in a multiprocessing, setting n_jobs=1
  n_jobs = min(effective_n_jobs(n_jobs), n_estimators)

[2024-11-24T15:17:41.067+0000] {warnings.py:112} WARNING - /home/***/.local/lib/python3.12/site-packages/sklearn/ensemble/_base.py:172: UserWarning: Loky-backed parallel loops cannot be called in a multiprocessing, setting n_jobs=1
  n_jobs = min(effective_n_jobs(n_jobs), n_estimators)

[2024-11-24T15:17:41.074+0000] {fraud_detection_dag.py:120} INFO - Prediction de fraude: NORMAL, Probabilité: 38.00%
[2024-11-24T15:17:41.260+0000] {fraud_detection_dag.py:126} INFO - Prédiction: NORMAL (Probabilité: 38.00%)
[2024-11-24T15:17:41.265+0000] {python.py:240} INFO - Done. Returned value was: notify_normal
[2024-11-24T15:17:41.267+0000] {branch.py:38} INFO - Branch into notify_normal
[2024-11-24T15:17:41.268+0000] {skipmixin.py:230} INFO - Following branch ('notify_normal',)
[2024-11-24T15:17:41.291+0000] {skipmixin.py:278} INFO - Skipping tasks [('skip_processing', -1), ('notify_fraud', -1)]
[2024-11-24T15:17:41.454+0000] {taskinstance.py:340} INFO - ::group::Post task execution logs
[2024-11-24T15:17:41.458+0000] {taskinstance.py:352} INFO - Marking task as SUCCESS. dag_id=fraud_detection, task_id=process_transaction, run_id=manual__2024-11-24T15:16:32.852927+00:00, execution_date=20241124T151632, start_date=20241124T151736, end_date=20241124T151741
[2024-11-24T15:17:41.568+0000] {local_task_job_runner.py:266} INFO - Task exited with return code 0
[2024-11-24T15:17:41.645+0000] {taskinstance.py:3900} INFO - 1 downstream tasks scheduled from follow-on schedule check
[2024-11-24T15:17:41.654+0000] {local_task_job_runner.py:245} INFO - ::endgroup::
