[2024-11-24T15:13:09.724+0000] {local_task_job_runner.py:123} INFO - ::group::Pre task execution logs
[2024-11-24T15:13:09.825+0000] {taskinstance.py:2612} INFO - Dependencies all met for dep_context=non-requeueable deps ti=<TaskInstance: fraud_detection.process_transaction scheduled__2024-11-24T15:11:00+00:00 [queued]>
[2024-11-24T15:13:09.884+0000] {taskinstance.py:2612} INFO - Dependencies all met for dep_context=requeueable deps ti=<TaskInstance: fraud_detection.process_transaction scheduled__2024-11-24T15:11:00+00:00 [queued]>
[2024-11-24T15:13:09.885+0000] {taskinstance.py:2865} INFO - Starting attempt 1 of 2
[2024-11-24T15:13:10.014+0000] {taskinstance.py:2888} INFO - Executing <Task(BranchPythonOperator): process_transaction> on 2024-11-24 15:11:00+00:00
[2024-11-24T15:13:10.104+0000] {warnings.py:112} WARNING - /home/***/.local/lib/python3.12/site-packages/***/task/task_runner/standard_task_runner.py:70: DeprecationWarning: This process (pid=436) is multi-threaded, use of fork() may lead to deadlocks in the child.
  pid = os.fork()

[2024-11-24T15:13:10.111+0000] {standard_task_runner.py:72} INFO - Started process 452 to run task
[2024-11-24T15:13:10.110+0000] {standard_task_runner.py:104} INFO - Running: ['***', 'tasks', 'run', 'fraud_detection', 'process_transaction', 'scheduled__2024-11-24T15:11:00+00:00', '--job-id', '548', '--raw', '--subdir', 'DAGS_FOLDER/fraud_detection_dag.py', '--cfg-path', '/tmp/tmpsyrp4r_d']
[2024-11-24T15:13:10.124+0000] {standard_task_runner.py:105} INFO - Job 548: Subtask process_transaction
[2024-11-24T15:13:10.506+0000] {task_command.py:467} INFO - Running <TaskInstance: fraud_detection.process_transaction scheduled__2024-11-24T15:11:00+00:00 [running]> on host 345e92ff26bf
[2024-11-24T15:13:11.227+0000] {taskinstance.py:3131} INFO - Exporting env vars: AIRFLOW_CTX_DAG_OWNER='fraud_team' AIRFLOW_CTX_DAG_ID='fraud_detection' AIRFLOW_CTX_TASK_ID='process_transaction' AIRFLOW_CTX_EXECUTION_DATE='2024-11-24T15:11:00+00:00' AIRFLOW_CTX_TRY_NUMBER='1' AIRFLOW_CTX_DAG_RUN_ID='scheduled__2024-11-24T15:11:00+00:00'
[2024-11-24T15:13:11.229+0000] {taskinstance.py:731} INFO - ::endgroup::
[2024-11-24T15:13:11.319+0000] {baseoperator.py:405} WARNING - BranchPythonOperator.execute cannot be called outside TaskInstance!
[2024-11-24T15:13:11.379+0000] {fraud_detection_dag.py:78} INFO - Données récupérées depuis XCom: {"columns":["cc_num","merchant","category","amt","first","last","gender","street","city","state","zip","lat","long","city_pop","job","dob","trans_num","merch_lat","merch_long","is_fraud","current_time"],"index":[67771],"data":[[213199865312311,"fraud_Kozey-Kuhlman","personal_care",56.55,"Christopher","Miller","M","493 Fitzgerald Fields Suite 454","Varnell","GA",30756,34.9298,-84.9885,74,"Pensions consultant","1944-05-14","d33930d09ae40239901654374b187071",35.854647,-85.531226,0,1732461181927]]}
[2024-11-24T15:13:11.390+0000] {fraud_detection_dag.py:86} INFO - Données JSON parsées avec succès
[2024-11-24T15:13:11.401+0000] {fraud_detection_dag.py:90} INFO - DataFrame créé avec 1 lignes
[2024-11-24T15:13:11.411+0000] {fraud_detection_dag.py:94} INFO - Colonnes renommées avec succès
[2024-11-24T15:13:11.413+0000] {fraud_detection_dag.py:95} INFO - Colonnes disponibles: ['cc_num', 'merchant', 'category', 'amt', 'first', 'last', 'gender', 'street', 'city', 'state', 'zip', 'lat', 'long', 'city_pop', 'job', 'dob', 'trans_num', 'merch_lat', 'merch_long', 'is_fraud', 'trans_date_trans_time']
[2024-11-24T15:13:11.421+0000] {fraud_detection_dag.py:99} INFO - Conversion de trans_date_trans_time en unix_time réussie
[2024-11-24T15:13:11.542+0000] {fraud_detection_dag.py:108} INFO - Transformation des données...
[2024-11-24T15:13:14.043+0000] {warnings.py:112} WARNING - /home/***/.local/lib/python3.12/site-packages/sklearn/ensemble/_base.py:172: UserWarning: Loky-backed parallel loops cannot be called in a multiprocessing, setting n_jobs=1
  n_jobs = min(effective_n_jobs(n_jobs), n_estimators)

[2024-11-24T15:13:14.154+0000] {warnings.py:112} WARNING - /home/***/.local/lib/python3.12/site-packages/sklearn/ensemble/_base.py:172: UserWarning: Loky-backed parallel loops cannot be called in a multiprocessing, setting n_jobs=1
  n_jobs = min(effective_n_jobs(n_jobs), n_estimators)

[2024-11-24T15:13:14.202+0000] {fraud_detection_dag.py:120} INFO - Prediction de fraude: NORMAL, Probabilité: 31.41%
[2024-11-24T15:13:14.425+0000] {fraud_detection_dag.py:126} INFO - Prédiction: NORMAL (Probabilité: 31.41%)
[2024-11-24T15:13:14.427+0000] {python.py:240} INFO - Done. Returned value was: notify_normal
[2024-11-24T15:13:14.429+0000] {branch.py:38} INFO - Branch into notify_normal
[2024-11-24T15:13:14.429+0000] {skipmixin.py:230} INFO - Following branch ('notify_normal',)
[2024-11-24T15:13:14.545+0000] {skipmixin.py:278} INFO - Skipping tasks [('skip_processing', -1), ('notify_fraud', -1)]
[2024-11-24T15:13:14.862+0000] {taskinstance.py:340} INFO - ::group::Post task execution logs
[2024-11-24T15:13:14.865+0000] {taskinstance.py:352} INFO - Marking task as SUCCESS. dag_id=fraud_detection, task_id=process_transaction, run_id=scheduled__2024-11-24T15:11:00+00:00, execution_date=20241124T151100, start_date=20241124T151309, end_date=20241124T151314
[2024-11-24T15:13:15.060+0000] {local_task_job_runner.py:266} INFO - Task exited with return code 0
[2024-11-24T15:13:15.165+0000] {standard_task_runner.py:217} INFO - Process not found (most likely exited), stop collecting metrics
[2024-11-24T15:13:15.359+0000] {taskinstance.py:3900} INFO - 1 downstream tasks scheduled from follow-on schedule check
[2024-11-24T15:13:15.386+0000] {local_task_job_runner.py:245} INFO - ::endgroup::
