[2024-11-24T15:18:04.165+0000] {local_task_job_runner.py:123} INFO - ::group::Pre task execution logs
[2024-11-24T15:18:04.232+0000] {taskinstance.py:2612} INFO - Dependencies all met for dep_context=non-requeueable deps ti=<TaskInstance: fraud_detection.notify_normal scheduled__2024-11-24T15:16:00+00:00 [queued]>
[2024-11-24T15:18:04.266+0000] {taskinstance.py:2612} INFO - Dependencies all met for dep_context=requeueable deps ti=<TaskInstance: fraud_detection.notify_normal scheduled__2024-11-24T15:16:00+00:00 [queued]>
[2024-11-24T15:18:04.267+0000] {taskinstance.py:2865} INFO - Starting attempt 1 of 2
[2024-11-24T15:18:04.305+0000] {taskinstance.py:2888} INFO - Executing <Task(PythonOperator): notify_normal> on 2024-11-24 15:16:00+00:00
[2024-11-24T15:18:04.338+0000] {standard_task_runner.py:104} INFO - Running: ['***', 'tasks', 'run', 'fraud_detection', 'notify_normal', 'scheduled__2024-11-24T15:16:00+00:00', '--job-id', '588', '--raw', '--subdir', 'DAGS_FOLDER/fraud_detection_dag.py', '--cfg-path', '/tmp/tmphfy69c8e']
[2024-11-24T15:18:04.340+0000] {warnings.py:112} WARNING - /home/***/.local/lib/python3.12/site-packages/***/task/task_runner/standard_task_runner.py:70: DeprecationWarning: This process (pid=854) is multi-threaded, use of fork() may lead to deadlocks in the child.
  pid = os.fork()

[2024-11-24T15:18:04.342+0000] {standard_task_runner.py:105} INFO - Job 588: Subtask notify_normal
[2024-11-24T15:18:04.342+0000] {standard_task_runner.py:72} INFO - Started process 865 to run task
[2024-11-24T15:18:04.431+0000] {task_command.py:467} INFO - Running <TaskInstance: fraud_detection.notify_normal scheduled__2024-11-24T15:16:00+00:00 [running]> on host 345e92ff26bf
[2024-11-24T15:18:04.651+0000] {taskinstance.py:3131} INFO - Exporting env vars: AIRFLOW_CTX_DAG_OWNER='fraud_team' AIRFLOW_CTX_DAG_ID='fraud_detection' AIRFLOW_CTX_TASK_ID='notify_normal' AIRFLOW_CTX_EXECUTION_DATE='2024-11-24T15:16:00+00:00' AIRFLOW_CTX_TRY_NUMBER='1' AIRFLOW_CTX_DAG_RUN_ID='scheduled__2024-11-24T15:16:00+00:00'
[2024-11-24T15:18:04.662+0000] {taskinstance.py:731} INFO - ::endgroup::
[2024-11-24T15:18:04.737+0000] {fraud_detection_dag.py:144} INFO - Données de transaction récupérées: {"columns":["cc_num","merchant","category","amt","first","last","gender","street","city","state","zip","lat","long","city_pop","job","dob","trans_num","merch_lat","merch_long","is_fraud","current_time"],"index":[347058],"data":[[2720894374956739,"fraud_Friesen-D'Amore","gas_transport",53.65,"Audrey","Hickman","F","3325 Gregory Square","Mount Clemens","MI",48043,42.5978,-82.8823,16305,"Psychologist, sport and exercise","1927-05-25","7386bea80ccc8079109c772314d12630",42.241652,-83.488452,0,1732461472661]]}
[2024-11-24T15:18:04.738+0000] {fraud_detection_dag.py:145} INFO - Probabilité de fraude: 0.3739893566012931
[2024-11-24T15:18:04.738+0000] {fraud_detection_dag.py:146} INFO - Est une fraude: False
[2024-11-24T15:18:04.745+0000] {fraud_detection_dag.py:206} INFO - Tentative d'envoi d'email normale...
[2024-11-24T15:18:04.745+0000] {fraud_detection_dag.py:207} INFO - Contenu de l'email:

        ✅ Transaction NORMALE détectée!
        
        Statut: Vert
        Probabilité de fraude: 37.40%
        
        Détails de la transaction:
        --------------------------
        ID Transaction: 7386bea80ccc8079109c772314d12630
        Montant: 53.65€
        Date/Heure: 2024-11-24 15:17:52
        
        Informations sur le marchand:
        ----------------------------
        Nom: fraud_Friesen-D'Amore
        Ville: Mount Clemens
        État: MI
        
        Informations sur le client:
        --------------------------
        Nom: Audrey Hickman
        Ville: Mount Clemens
        
        Cette notification a été générée automatiquement par le système de détection de fraude.
        
[2024-11-24T15:18:07.613+0000] {fraud_detection_dag.py:217} INFO - Email envoyé avec succès
[2024-11-24T15:18:07.614+0000] {python.py:240} INFO - Done. Returned value was: store_normal
[2024-11-24T15:18:07.692+0000] {taskinstance.py:340} INFO - ::group::Post task execution logs
[2024-11-24T15:18:07.693+0000] {taskinstance.py:352} INFO - Marking task as SUCCESS. dag_id=fraud_detection, task_id=notify_normal, run_id=scheduled__2024-11-24T15:16:00+00:00, execution_date=20241124T151600, start_date=20241124T151804, end_date=20241124T151807
[2024-11-24T15:18:07.842+0000] {local_task_job_runner.py:266} INFO - Task exited with return code 0
[2024-11-24T15:18:07.933+0000] {taskinstance.py:3900} INFO - 1 downstream tasks scheduled from follow-on schedule check
[2024-11-24T15:18:07.946+0000] {local_task_job_runner.py:245} INFO - ::endgroup::
