[2024-11-24T15:20:40.055+0000] {local_task_job_runner.py:123} INFO - ::group::Pre task execution logs
[2024-11-24T15:20:40.128+0000] {taskinstance.py:2612} INFO - Dependencies all met for dep_context=non-requeueable deps ti=<TaskInstance: fraud_detection.process_transaction scheduled__2024-11-24T15:19:00+00:00 [queued]>
[2024-11-24T15:20:40.150+0000] {taskinstance.py:2612} INFO - Dependencies all met for dep_context=requeueable deps ti=<TaskInstance: fraud_detection.process_transaction scheduled__2024-11-24T15:19:00+00:00 [queued]>
[2024-11-24T15:20:40.152+0000] {taskinstance.py:2865} INFO - Starting attempt 1 of 2
[2024-11-24T15:20:40.202+0000] {taskinstance.py:2888} INFO - Executing <Task(BranchPythonOperator): process_transaction> on 2024-11-24 15:19:00+00:00
[2024-11-24T15:20:40.233+0000] {standard_task_runner.py:104} INFO - Running: ['***', 'tasks', 'run', 'fraud_detection', 'process_transaction', 'scheduled__2024-11-24T15:19:00+00:00', '--job-id', '606', '--raw', '--subdir', 'DAGS_FOLDER/fraud_detection_dag.py', '--cfg-path', '/tmp/tmpazi6kcp7']
[2024-11-24T15:20:40.237+0000] {standard_task_runner.py:105} INFO - Job 606: Subtask process_transaction
[2024-11-24T15:20:40.244+0000] {warnings.py:112} WARNING - /home/***/.local/lib/python3.12/site-packages/***/task/task_runner/standard_task_runner.py:70: DeprecationWarning: This process (pid=1044) is multi-threaded, use of fork() may lead to deadlocks in the child.
  pid = os.fork()

[2024-11-24T15:20:40.245+0000] {standard_task_runner.py:72} INFO - Started process 1049 to run task
[2024-11-24T15:20:40.492+0000] {task_command.py:467} INFO - Running <TaskInstance: fraud_detection.process_transaction scheduled__2024-11-24T15:19:00+00:00 [running]> on host 345e92ff26bf
[2024-11-24T15:20:40.965+0000] {taskinstance.py:3131} INFO - Exporting env vars: AIRFLOW_CTX_DAG_OWNER='fraud_team' AIRFLOW_CTX_DAG_ID='fraud_detection' AIRFLOW_CTX_TASK_ID='process_transaction' AIRFLOW_CTX_EXECUTION_DATE='2024-11-24T15:19:00+00:00' AIRFLOW_CTX_TRY_NUMBER='1' AIRFLOW_CTX_DAG_RUN_ID='scheduled__2024-11-24T15:19:00+00:00'
[2024-11-24T15:20:40.976+0000] {taskinstance.py:731} INFO - ::endgroup::
[2024-11-24T15:20:41.005+0000] {baseoperator.py:405} WARNING - BranchPythonOperator.execute cannot be called outside TaskInstance!
[2024-11-24T15:20:41.193+0000] {fraud_detection_dag.py:78} INFO - Données récupérées depuis XCom: {"columns":["cc_num","merchant","category","amt","first","last","gender","street","city","state","zip","lat","long","city_pop","job","dob","trans_num","merch_lat","merch_long","is_fraud","current_time"],"index":[373144],"data":[[3500969075198072,"fraud_McKenzie-Huels","food_dining",8.8,"Kenneth","Sanchez","M","0110 Ashley Forest","Tekoa","WA",99033,47.2271,-117.0819,895,"Clothing\/textile technologist","1999-05-31","4b9454b50567a60e62198ab95fb8cdc5",47.606595,-116.730093,0,1732461633018]]}
[2024-11-24T15:20:41.194+0000] {fraud_detection_dag.py:86} INFO - Données JSON parsées avec succès
[2024-11-24T15:20:41.212+0000] {fraud_detection_dag.py:90} INFO - DataFrame créé avec 1 lignes
[2024-11-24T15:20:41.221+0000] {fraud_detection_dag.py:94} INFO - Colonnes renommées avec succès
[2024-11-24T15:20:41.222+0000] {fraud_detection_dag.py:95} INFO - Colonnes disponibles: ['cc_num', 'merchant', 'category', 'amt', 'first', 'last', 'gender', 'street', 'city', 'state', 'zip', 'lat', 'long', 'city_pop', 'job', 'dob', 'trans_num', 'merch_lat', 'merch_long', 'is_fraud', 'trans_date_trans_time']
[2024-11-24T15:20:41.235+0000] {fraud_detection_dag.py:99} INFO - Conversion de trans_date_trans_time en unix_time réussie
[2024-11-24T15:20:41.341+0000] {fraud_detection_dag.py:108} INFO - Transformation des données...
[2024-11-24T15:20:43.155+0000] {warnings.py:112} WARNING - /home/***/.local/lib/python3.12/site-packages/sklearn/ensemble/_base.py:172: UserWarning: Loky-backed parallel loops cannot be called in a multiprocessing, setting n_jobs=1
  n_jobs = min(effective_n_jobs(n_jobs), n_estimators)

[2024-11-24T15:20:43.172+0000] {warnings.py:112} WARNING - /home/***/.local/lib/python3.12/site-packages/sklearn/ensemble/_base.py:172: UserWarning: Loky-backed parallel loops cannot be called in a multiprocessing, setting n_jobs=1
  n_jobs = min(effective_n_jobs(n_jobs), n_estimators)

[2024-11-24T15:20:43.181+0000] {fraud_detection_dag.py:120} INFO - Prediction de fraude: NORMAL, Probabilité: 37.45%
[2024-11-24T15:20:43.242+0000] {fraud_detection_dag.py:126} INFO - Prédiction: NORMAL (Probabilité: 37.45%)
[2024-11-24T15:20:43.244+0000] {python.py:240} INFO - Done. Returned value was: notify_normal
[2024-11-24T15:20:43.246+0000] {branch.py:38} INFO - Branch into notify_normal
[2024-11-24T15:20:43.249+0000] {skipmixin.py:230} INFO - Following branch ('notify_normal',)
[2024-11-24T15:20:43.279+0000] {skipmixin.py:278} INFO - Skipping tasks [('skip_processing', -1), ('notify_fraud', -1)]
[2024-11-24T15:20:43.365+0000] {taskinstance.py:340} INFO - ::group::Post task execution logs
[2024-11-24T15:20:43.367+0000] {taskinstance.py:352} INFO - Marking task as SUCCESS. dag_id=fraud_detection, task_id=process_transaction, run_id=scheduled__2024-11-24T15:19:00+00:00, execution_date=20241124T151900, start_date=20241124T152040, end_date=20241124T152043
[2024-11-24T15:20:43.469+0000] {local_task_job_runner.py:266} INFO - Task exited with return code 0
[2024-11-24T15:20:43.562+0000] {taskinstance.py:3900} INFO - 1 downstream tasks scheduled from follow-on schedule check
[2024-11-24T15:20:43.572+0000] {local_task_job_runner.py:245} INFO - ::endgroup::
