[2024-11-23T17:07:52.019+0000] {local_task_job_runner.py:123} INFO - ::group::Pre task execution logs
[2024-11-23T17:07:52.065+0000] {taskinstance.py:2612} INFO - Dependencies all met for dep_context=non-requeueable deps ti=<TaskInstance: fraud_detection.notify_fraud scheduled__2024-11-23T17:06:00+00:00 [queued]>
[2024-11-23T17:07:52.084+0000] {taskinstance.py:2612} INFO - Dependencies all met for dep_context=requeueable deps ti=<TaskInstance: fraud_detection.notify_fraud scheduled__2024-11-23T17:06:00+00:00 [queued]>
[2024-11-23T17:07:52.085+0000] {taskinstance.py:2865} INFO - Starting attempt 1 of 2
[2024-11-23T17:07:52.114+0000] {taskinstance.py:2888} INFO - Executing <Task(PythonOperator): notify_fraud> on 2024-11-23 17:06:00+00:00
[2024-11-23T17:07:52.131+0000] {warnings.py:112} WARNING - /home/***/.local/lib/python3.12/site-packages/***/task/task_runner/standard_task_runner.py:70: DeprecationWarning: This process (pid=1310) is multi-threaded, use of fork() may lead to deadlocks in the child.
  pid = os.fork()

[2024-11-23T17:07:52.135+0000] {standard_task_runner.py:72} INFO - Started process 1317 to run task
[2024-11-23T17:07:52.139+0000] {standard_task_runner.py:104} INFO - Running: ['***', 'tasks', 'run', 'fraud_detection', 'notify_fraud', 'scheduled__2024-11-23T17:06:00+00:00', '--job-id', '133', '--raw', '--subdir', 'DAGS_FOLDER/fraud_detection_dag.py', '--cfg-path', '/tmp/tmp9b7xlesw']
[2024-11-23T17:07:52.144+0000] {standard_task_runner.py:105} INFO - Job 133: Subtask notify_fraud
[2024-11-23T17:07:52.250+0000] {task_command.py:467} INFO - Running <TaskInstance: fraud_detection.notify_fraud scheduled__2024-11-23T17:06:00+00:00 [running]> on host 345e92ff26bf
[2024-11-23T17:07:52.434+0000] {taskinstance.py:3131} INFO - Exporting env vars: AIRFLOW_CTX_DAG_OWNER='fraud_team' AIRFLOW_CTX_DAG_ID='fraud_detection' AIRFLOW_CTX_TASK_ID='notify_fraud' AIRFLOW_CTX_EXECUTION_DATE='2024-11-23T17:06:00+00:00' AIRFLOW_CTX_TRY_NUMBER='1' AIRFLOW_CTX_DAG_RUN_ID='scheduled__2024-11-23T17:06:00+00:00'
[2024-11-23T17:07:52.437+0000] {taskinstance.py:731} INFO - ::endgroup::
[2024-11-23T17:07:52.526+0000] {fraud_detection_dag.py:219} INFO - Données de transaction récupérées: {"columns":["cc_num","merchant","category","amt","first","last","gender","street","city","state","zip","lat","long","city_pop","job","dob","trans_num","merch_lat","merch_long","is_fraud","current_time"],"index":[167405],"data":[[676195318214,"fraud_McGlynn-Jaskolski","misc_pos",431.52,"Brandy","Quinn","F","9734 Beard Fields Suite 885","Altair","TX",77412,29.6047,-96.5249,106,"Editor, film\/video","1983-07-24","91cbd8abb4ed5136f05746b8f3daab9c",29.47269,-96.891987,0,1732381658957]]}
[2024-11-23T17:07:52.527+0000] {fraud_detection_dag.py:220} INFO - Probabilité de fraude: 0.5562045944226055
[2024-11-23T17:07:52.528+0000] {fraud_detection_dag.py:221} INFO - Est une fraude: True
[2024-11-23T17:07:52.535+0000] {fraud_detection_dag.py:281} INFO - Tentative d'envoi d'email frauduleuse...
[2024-11-23T17:07:52.536+0000] {fraud_detection_dag.py:282} INFO - Contenu de l'email:

        🚨 Transaction FRAUDULEUSE détectée!
        
        Statut: Rouge
        Probabilité de fraude: 55.62%
        
        Détails de la transaction:
        --------------------------
        ID Transaction: 91cbd8abb4ed5136f05746b8f3daab9c
        Montant: 431.52€
        Date/Heure: 2024-11-23 17:07:38
        
        Informations sur le marchand:
        ----------------------------
        Nom: fraud_McGlynn-Jaskolski
        Ville: Altair
        État: TX
        
        Informations sur le client:
        --------------------------
        Nom: Brandy Quinn
        Ville: Altair
        
        Cette notification a été générée automatiquement par le système de détection de fraude.
        
[2024-11-23T17:07:56.882+0000] {fraud_detection_dag.py:292} INFO - Email envoyé avec succès
[2024-11-23T17:07:56.887+0000] {python.py:240} INFO - Done. Returned value was: store_fraud
[2024-11-23T17:07:57.046+0000] {taskinstance.py:340} INFO - ::group::Post task execution logs
[2024-11-23T17:07:57.054+0000] {taskinstance.py:352} INFO - Marking task as SUCCESS. dag_id=fraud_detection, task_id=notify_fraud, run_id=scheduled__2024-11-23T17:06:00+00:00, execution_date=20241123T170600, start_date=20241123T170752, end_date=20241123T170757
[2024-11-23T17:07:57.258+0000] {local_task_job_runner.py:266} INFO - Task exited with return code 0
[2024-11-23T17:07:57.343+0000] {taskinstance.py:3900} INFO - 1 downstream tasks scheduled from follow-on schedule check
[2024-11-23T17:07:57.347+0000] {local_task_job_runner.py:245} INFO - ::endgroup::
