[2024-11-23T18:13:56.626+0000] {local_task_job_runner.py:123} INFO - ::group::Pre task execution logs
[2024-11-23T18:13:56.693+0000] {taskinstance.py:2612} INFO - Dependencies all met for dep_context=non-requeueable deps ti=<TaskInstance: fraud_detection.notify_normal scheduled__2024-11-23T18:12:00+00:00 [queued]>
[2024-11-23T18:13:56.726+0000] {taskinstance.py:2612} INFO - Dependencies all met for dep_context=requeueable deps ti=<TaskInstance: fraud_detection.notify_normal scheduled__2024-11-23T18:12:00+00:00 [queued]>
[2024-11-23T18:13:56.727+0000] {taskinstance.py:2865} INFO - Starting attempt 1 of 2
[2024-11-23T18:13:56.782+0000] {taskinstance.py:2888} INFO - Executing <Task(PythonOperator): notify_normal> on 2024-11-23 18:12:00+00:00
[2024-11-23T18:13:56.843+0000] {standard_task_runner.py:104} INFO - Running: ['***', 'tasks', 'run', 'fraud_detection', 'notify_normal', 'scheduled__2024-11-23T18:12:00+00:00', '--job-id', '488', '--raw', '--subdir', 'DAGS_FOLDER/fraud_detection_dag.py', '--cfg-path', '/tmp/tmppef2gzw9']
[2024-11-23T18:13:56.833+0000] {warnings.py:112} WARNING - /home/***/.local/lib/python3.12/site-packages/***/task/task_runner/standard_task_runner.py:70: DeprecationWarning: This process (pid=4899) is multi-threaded, use of fork() may lead to deadlocks in the child.
  pid = os.fork()

[2024-11-23T18:13:56.857+0000] {standard_task_runner.py:72} INFO - Started process 4906 to run task
[2024-11-23T18:13:56.856+0000] {standard_task_runner.py:105} INFO - Job 488: Subtask notify_normal
[2024-11-23T18:13:57.101+0000] {task_command.py:467} INFO - Running <TaskInstance: fraud_detection.notify_normal scheduled__2024-11-23T18:12:00+00:00 [running]> on host 345e92ff26bf
[2024-11-23T18:13:57.482+0000] {taskinstance.py:3131} INFO - Exporting env vars: AIRFLOW_CTX_DAG_OWNER='fraud_team' AIRFLOW_CTX_DAG_ID='fraud_detection' AIRFLOW_CTX_TASK_ID='notify_normal' AIRFLOW_CTX_EXECUTION_DATE='2024-11-23T18:12:00+00:00' AIRFLOW_CTX_TRY_NUMBER='1' AIRFLOW_CTX_DAG_RUN_ID='scheduled__2024-11-23T18:12:00+00:00'
[2024-11-23T18:13:57.485+0000] {taskinstance.py:731} INFO - ::endgroup::
[2024-11-23T18:13:57.603+0000] {fraud_detection_dag.py:144} INFO - Données de transaction récupérées: {"columns":["cc_num","merchant","category","amt","first","last","gender","street","city","state","zip","lat","long","city_pop","job","dob","trans_num","merch_lat","merch_long","is_fraud","current_time"],"index":[134940],"data":[[3595192916105588,"fraud_Waters-Cruickshank","health_fitness",55.58,"Dustin","Roberts","M","3283 James Station","Fayetteville","NC",28314,35.0583,-79.008,238602,"Scientist, research (maths)","1993-05-14","4ee9de8341fbcf16c29da39f8d69c1cc",35.498726,-79.167346,0,1732385622810]]}
[2024-11-23T18:13:57.605+0000] {fraud_detection_dag.py:145} INFO - Probabilité de fraude: 0.30555097824439903
[2024-11-23T18:13:57.606+0000] {fraud_detection_dag.py:146} INFO - Est une fraude: False
[2024-11-23T18:13:57.623+0000] {fraud_detection_dag.py:206} INFO - Tentative d'envoi d'email normale...
[2024-11-23T18:13:57.624+0000] {fraud_detection_dag.py:207} INFO - Contenu de l'email:

        ✅ Transaction NORMALE détectée!
        
        Statut: Vert
        Probabilité de fraude: 30.56%
        
        Détails de la transaction:
        --------------------------
        ID Transaction: 4ee9de8341fbcf16c29da39f8d69c1cc
        Montant: 55.58€
        Date/Heure: 2024-11-23 18:13:42
        
        Informations sur le marchand:
        ----------------------------
        Nom: fraud_Waters-Cruickshank
        Ville: Fayetteville
        État: NC
        
        Informations sur le client:
        --------------------------
        Nom: Dustin Roberts
        Ville: Fayetteville
        
        Cette notification a été générée automatiquement par le système de détection de fraude.
        
[2024-11-23T18:14:00.183+0000] {fraud_detection_dag.py:217} INFO - Email envoyé avec succès
[2024-11-23T18:14:00.184+0000] {python.py:240} INFO - Done. Returned value was: store_normal
[2024-11-23T18:14:00.292+0000] {taskinstance.py:340} INFO - ::group::Post task execution logs
[2024-11-23T18:14:00.293+0000] {taskinstance.py:352} INFO - Marking task as SUCCESS. dag_id=fraud_detection, task_id=notify_normal, run_id=scheduled__2024-11-23T18:12:00+00:00, execution_date=20241123T181200, start_date=20241123T181356, end_date=20241123T181400
[2024-11-23T18:14:00.354+0000] {local_task_job_runner.py:266} INFO - Task exited with return code 0
[2024-11-23T18:14:00.488+0000] {taskinstance.py:3900} INFO - 1 downstream tasks scheduled from follow-on schedule check
[2024-11-23T18:14:00.506+0000] {local_task_job_runner.py:245} INFO - ::endgroup::
