[2024-11-23T17:59:57.240+0000] {local_task_job_runner.py:123} INFO - ::group::Pre task execution logs
[2024-11-23T17:59:57.290+0000] {taskinstance.py:2612} INFO - Dependencies all met for dep_context=non-requeueable deps ti=<TaskInstance: fraud_detection.process_transaction scheduled__2024-11-23T17:58:00+00:00 [queued]>
[2024-11-23T17:59:57.341+0000] {taskinstance.py:2612} INFO - Dependencies all met for dep_context=requeueable deps ti=<TaskInstance: fraud_detection.process_transaction scheduled__2024-11-23T17:58:00+00:00 [queued]>
[2024-11-23T17:59:57.344+0000] {taskinstance.py:2865} INFO - Starting attempt 1 of 2
[2024-11-23T17:59:57.434+0000] {taskinstance.py:2888} INFO - Executing <Task(BranchPythonOperator): process_transaction> on 2024-11-23 17:58:00+00:00
[2024-11-23T17:59:57.463+0000] {standard_task_runner.py:104} INFO - Running: ['***', 'tasks', 'run', 'fraud_detection', 'process_transaction', 'scheduled__2024-11-23T17:58:00+00:00', '--job-id', '382', '--raw', '--subdir', 'DAGS_FOLDER/fraud_detection_dag.py', '--cfg-path', '/tmp/tmp1n30t8zy']
[2024-11-23T17:59:57.471+0000] {warnings.py:112} WARNING - /home/***/.local/lib/python3.12/site-packages/***/task/task_runner/standard_task_runner.py:70: DeprecationWarning: This process (pid=3900) is multi-threaded, use of fork() may lead to deadlocks in the child.
  pid = os.fork()

[2024-11-23T17:59:57.473+0000] {standard_task_runner.py:72} INFO - Started process 3905 to run task
[2024-11-23T17:59:57.467+0000] {standard_task_runner.py:105} INFO - Job 382: Subtask process_transaction
[2024-11-23T17:59:57.699+0000] {task_command.py:467} INFO - Running <TaskInstance: fraud_detection.process_transaction scheduled__2024-11-23T17:58:00+00:00 [running]> on host 345e92ff26bf
[2024-11-23T17:59:57.931+0000] {taskinstance.py:3131} INFO - Exporting env vars: AIRFLOW_CTX_DAG_OWNER='fraud_team' AIRFLOW_CTX_DAG_ID='fraud_detection' AIRFLOW_CTX_TASK_ID='process_transaction' AIRFLOW_CTX_EXECUTION_DATE='2024-11-23T17:58:00+00:00' AIRFLOW_CTX_TRY_NUMBER='1' AIRFLOW_CTX_DAG_RUN_ID='scheduled__2024-11-23T17:58:00+00:00'
[2024-11-23T17:59:57.932+0000] {taskinstance.py:731} INFO - ::endgroup::
[2024-11-23T17:59:57.956+0000] {baseoperator.py:405} WARNING - BranchPythonOperator.execute cannot be called outside TaskInstance!
[2024-11-23T17:59:58.031+0000] {fraud_detection_dag.py:78} INFO - Données récupérées depuis XCom: {"columns":["cc_num","merchant","category","amt","first","last","gender","street","city","state","zip","lat","long","city_pop","job","dob","trans_num","merch_lat","merch_long","is_fraud","current_time"],"index":[215881],"data":[[3589255887819806,"fraud_Huels-Hahn","gas_transport",62.2,"David","Miller","M","622 Bradley Knoll Apt. 758","Hancock","MD",21750,39.6991,-78.1762,3766,"Press photographer","1984-02-14","3ab8d82f893b9dd32491d935deb90b4c",39.897259,-77.796939,0,1732384791018]]}
[2024-11-23T17:59:58.032+0000] {fraud_detection_dag.py:86} INFO - Données JSON parsées avec succès
[2024-11-23T17:59:58.037+0000] {fraud_detection_dag.py:90} INFO - DataFrame créé avec 1 lignes
[2024-11-23T17:59:58.040+0000] {fraud_detection_dag.py:94} INFO - Colonnes renommées avec succès
[2024-11-23T17:59:58.040+0000] {fraud_detection_dag.py:95} INFO - Colonnes disponibles: ['cc_num', 'merchant', 'category', 'amt', 'first', 'last', 'gender', 'street', 'city', 'state', 'zip', 'lat', 'long', 'city_pop', 'job', 'dob', 'trans_num', 'merch_lat', 'merch_long', 'is_fraud', 'trans_date_trans_time']
[2024-11-23T17:59:58.044+0000] {fraud_detection_dag.py:99} INFO - Conversion de trans_date_trans_time en unix_time réussie
[2024-11-23T17:59:58.096+0000] {fraud_detection_dag.py:108} INFO - Transformation des données...
[2024-11-23T17:59:59.603+0000] {warnings.py:112} WARNING - /home/***/.local/lib/python3.12/site-packages/sklearn/ensemble/_base.py:172: UserWarning: Loky-backed parallel loops cannot be called in a multiprocessing, setting n_jobs=1
  n_jobs = min(effective_n_jobs(n_jobs), n_estimators)

[2024-11-23T17:59:59.629+0000] {warnings.py:112} WARNING - /home/***/.local/lib/python3.12/site-packages/sklearn/ensemble/_base.py:172: UserWarning: Loky-backed parallel loops cannot be called in a multiprocessing, setting n_jobs=1
  n_jobs = min(effective_n_jobs(n_jobs), n_estimators)

[2024-11-23T17:59:59.641+0000] {fraud_detection_dag.py:120} INFO - Prediction de fraude: NORMAL, Probabilité: 37.00%
[2024-11-23T17:59:59.751+0000] {fraud_detection_dag.py:126} INFO - Prédiction: NORMAL (Probabilité: 37.00%)
[2024-11-23T17:59:59.754+0000] {python.py:240} INFO - Done. Returned value was: notify_normal
[2024-11-23T17:59:59.756+0000] {branch.py:38} INFO - Branch into notify_normal
[2024-11-23T17:59:59.757+0000] {skipmixin.py:230} INFO - Following branch ('notify_normal',)
[2024-11-23T17:59:59.799+0000] {skipmixin.py:278} INFO - Skipping tasks [('notify_fraud', -1), ('skip_processing', -1)]
[2024-11-23T17:59:59.990+0000] {taskinstance.py:340} INFO - ::group::Post task execution logs
[2024-11-23T17:59:59.991+0000] {taskinstance.py:352} INFO - Marking task as SUCCESS. dag_id=fraud_detection, task_id=process_transaction, run_id=scheduled__2024-11-23T17:58:00+00:00, execution_date=20241123T175800, start_date=20241123T175957, end_date=20241123T175959
[2024-11-23T18:00:00.185+0000] {local_task_job_runner.py:266} INFO - Task exited with return code 0
[2024-11-23T18:00:00.333+0000] {taskinstance.py:3900} INFO - 1 downstream tasks scheduled from follow-on schedule check
[2024-11-23T18:00:00.341+0000] {local_task_job_runner.py:245} INFO - ::endgroup::
