[2024-11-24T15:16:01.664+0000] {local_task_job_runner.py:123} INFO - ::group::Pre task execution logs
[2024-11-24T15:16:01.936+0000] {taskinstance.py:2612} INFO - Dependencies all met for dep_context=non-requeueable deps ti=<TaskInstance: fraud_detection.notify_normal scheduled__2024-11-24T15:14:00+00:00 [queued]>
[2024-11-24T15:16:02.063+0000] {taskinstance.py:2612} INFO - Dependencies all met for dep_context=requeueable deps ti=<TaskInstance: fraud_detection.notify_normal scheduled__2024-11-24T15:14:00+00:00 [queued]>
[2024-11-24T15:16:02.063+0000] {taskinstance.py:2865} INFO - Starting attempt 1 of 2
[2024-11-24T15:16:02.133+0000] {taskinstance.py:2888} INFO - Executing <Task(PythonOperator): notify_normal> on 2024-11-24 15:14:00+00:00
[2024-11-24T15:16:02.151+0000] {warnings.py:112} WARNING - /home/***/.local/lib/python3.12/site-packages/***/task/task_runner/standard_task_runner.py:70: DeprecationWarning: This process (pid=666) is multi-threaded, use of fork() may lead to deadlocks in the child.
  pid = os.fork()

[2024-11-24T15:16:02.171+0000] {standard_task_runner.py:72} INFO - Started process 672 to run task
[2024-11-24T15:16:02.172+0000] {standard_task_runner.py:104} INFO - Running: ['***', 'tasks', 'run', 'fraud_detection', 'notify_normal', 'scheduled__2024-11-24T15:14:00+00:00', '--job-id', '569', '--raw', '--subdir', 'DAGS_FOLDER/fraud_detection_dag.py', '--cfg-path', '/tmp/tmpx2ebk1bg']
[2024-11-24T15:16:02.183+0000] {standard_task_runner.py:105} INFO - Job 569: Subtask notify_normal
[2024-11-24T15:16:02.533+0000] {task_command.py:467} INFO - Running <TaskInstance: fraud_detection.notify_normal scheduled__2024-11-24T15:14:00+00:00 [running]> on host 345e92ff26bf
[2024-11-24T15:16:03.395+0000] {taskinstance.py:3131} INFO - Exporting env vars: AIRFLOW_CTX_DAG_OWNER='fraud_team' AIRFLOW_CTX_DAG_ID='fraud_detection' AIRFLOW_CTX_TASK_ID='notify_normal' AIRFLOW_CTX_EXECUTION_DATE='2024-11-24T15:14:00+00:00' AIRFLOW_CTX_TRY_NUMBER='1' AIRFLOW_CTX_DAG_RUN_ID='scheduled__2024-11-24T15:14:00+00:00'
[2024-11-24T15:16:03.402+0000] {taskinstance.py:731} INFO - ::endgroup::
[2024-11-24T15:16:04.207+0000] {fraud_detection_dag.py:144} INFO - Données de transaction récupérées: {"columns":["cc_num","merchant","category","amt","first","last","gender","street","city","state","zip","lat","long","city_pop","job","dob","trans_num","merch_lat","merch_long","is_fraud","current_time"],"index":[10351],"data":[[4980323467523543940,"fraud_Flatley Group","misc_pos",5.21,"Patrick","Massey","M","7812 Shane Shoals Apt. 607","North Haverhill","NH",3774,44.0978,-72.0191,1966,"Structural engineer","1947-10-27","4c55ee12578b83d60bd9fbfd51e46c9a",45.072833,-71.57255,0,1732461349405]]}
[2024-11-24T15:16:04.208+0000] {fraud_detection_dag.py:145} INFO - Probabilité de fraude: 0.3744937130341309
[2024-11-24T15:16:04.211+0000] {fraud_detection_dag.py:146} INFO - Est une fraude: False
[2024-11-24T15:16:04.247+0000] {fraud_detection_dag.py:206} INFO - Tentative d'envoi d'email normale...
[2024-11-24T15:16:04.271+0000] {fraud_detection_dag.py:207} INFO - Contenu de l'email:

        ✅ Transaction NORMALE détectée!
        
        Statut: Vert
        Probabilité de fraude: 37.45%
        
        Détails de la transaction:
        --------------------------
        ID Transaction: 4c55ee12578b83d60bd9fbfd51e46c9a
        Montant: 5.21€
        Date/Heure: 2024-11-24 15:15:49
        
        Informations sur le marchand:
        ----------------------------
        Nom: fraud_Flatley Group
        Ville: North Haverhill
        État: NH
        
        Informations sur le client:
        --------------------------
        Nom: Patrick Massey
        Ville: North Haverhill
        
        Cette notification a été générée automatiquement par le système de détection de fraude.
        
[2024-11-24T15:16:05.956+0000] {fraud_detection_dag.py:217} INFO - Email envoyé avec succès
[2024-11-24T15:16:05.963+0000] {python.py:240} INFO - Done. Returned value was: store_normal
[2024-11-24T15:16:06.340+0000] {taskinstance.py:340} INFO - ::group::Post task execution logs
[2024-11-24T15:16:06.358+0000] {taskinstance.py:352} INFO - Marking task as SUCCESS. dag_id=fraud_detection, task_id=notify_normal, run_id=scheduled__2024-11-24T15:14:00+00:00, execution_date=20241124T151400, start_date=20241124T151601, end_date=20241124T151606
[2024-11-24T15:16:06.604+0000] {local_task_job_runner.py:266} INFO - Task exited with return code 0
[2024-11-24T15:16:06.938+0000] {taskinstance.py:3900} INFO - 1 downstream tasks scheduled from follow-on schedule check
[2024-11-24T15:16:06.966+0000] {local_task_job_runner.py:245} INFO - ::endgroup::
[2024-11-24T15:16:07.181+0000] {standard_task_runner.py:217} INFO - Process not found (most likely exited), stop collecting metrics
