[2024-11-08T18:15:08.280+0000] {local_task_job_runner.py:123} INFO - ::group::Pre task execution logs
[2024-11-08T18:15:08.356+0000] {taskinstance.py:2612} INFO - Dependencies all met for dep_context=non-requeueable deps ti=<TaskInstance: fraud_detection.notify_normal scheduled__2024-11-08T18:13:00+00:00 [queued]>
[2024-11-08T18:15:08.394+0000] {taskinstance.py:2612} INFO - Dependencies all met for dep_context=requeueable deps ti=<TaskInstance: fraud_detection.notify_normal scheduled__2024-11-08T18:13:00+00:00 [queued]>
[2024-11-08T18:15:08.395+0000] {taskinstance.py:2865} INFO - Starting attempt 1 of 2
[2024-11-08T18:15:08.456+0000] {taskinstance.py:2888} INFO - Executing <Task(PythonOperator): notify_normal> on 2024-11-08 18:13:00+00:00
[2024-11-08T18:15:08.486+0000] {warnings.py:112} WARNING - /home/***/.local/lib/python3.12/site-packages/***/task/task_runner/standard_task_runner.py:70: DeprecationWarning: This process (pid=879) is multi-threaded, use of fork() may lead to deadlocks in the child.
  pid = os.fork()

[2024-11-08T18:15:08.490+0000] {standard_task_runner.py:72} INFO - Started process 884 to run task
[2024-11-08T18:15:08.508+0000] {standard_task_runner.py:104} INFO - Running: ['***', 'tasks', 'run', 'fraud_detection', 'notify_normal', 'scheduled__2024-11-08T18:13:00+00:00', '--job-id', '204', '--raw', '--subdir', 'DAGS_FOLDER/fraud_detection_dag.py', '--cfg-path', '/tmp/tmpwqaibjhx']
[2024-11-08T18:15:08.524+0000] {standard_task_runner.py:105} INFO - Job 204: Subtask notify_normal
[2024-11-08T18:15:08.798+0000] {task_command.py:467} INFO - Running <TaskInstance: fraud_detection.notify_normal scheduled__2024-11-08T18:13:00+00:00 [running]> on host 641085defe8e
[2024-11-08T18:15:09.120+0000] {taskinstance.py:3131} INFO - Exporting env vars: AIRFLOW_CTX_DAG_OWNER='fraud_team' AIRFLOW_CTX_DAG_ID='fraud_detection' AIRFLOW_CTX_TASK_ID='notify_normal' AIRFLOW_CTX_EXECUTION_DATE='2024-11-08T18:13:00+00:00' AIRFLOW_CTX_TRY_NUMBER='1' AIRFLOW_CTX_DAG_RUN_ID='scheduled__2024-11-08T18:13:00+00:00'
[2024-11-08T18:15:09.124+0000] {taskinstance.py:731} INFO - ::endgroup::
[2024-11-08T18:15:09.252+0000] {fraud_detection_dag.py:218} INFO - Données de transaction récupérées: {"columns":["cc_num","merchant","category","amt","first","last","gender","street","city","state","zip","lat","long","city_pop","job","dob","trans_num","merch_lat","merch_long","is_fraud","current_time"],"index":[200157],"data":[[6011252220172077,"fraud_Streich, Dietrich and Barton","shopping_net",88.07,"Melvin","Wright","M","210 Dean Causeway Suite 130","Alton","IA",51003,42.9782,-96.0173,1700,"Engineer, land","2001-12-19","a976eade96794db3f833bcf423e35e01",43.527603,-96.389426,0,1731089693930]]}
[2024-11-08T18:15:09.253+0000] {fraud_detection_dag.py:219} INFO - Probabilité de fraude: 0.36339743143944425
[2024-11-08T18:15:09.254+0000] {fraud_detection_dag.py:220} INFO - Est une fraude: False
[2024-11-08T18:15:09.269+0000] {fraud_detection_dag.py:280} INFO - Tentative d'envoi d'email normale...
[2024-11-08T18:15:09.270+0000] {fraud_detection_dag.py:281} INFO - Contenu de l'email:

        ✅ Transaction NORMALE détectée!
        
        Statut: Vert
        Probabilité de fraude: 36.34%
        
        Détails de la transaction:
        --------------------------
        ID Transaction: a976eade96794db3f833bcf423e35e01
        Montant: 88.07€
        Date/Heure: 2024-11-08 18:14:53
        
        Informations sur le marchand:
        ----------------------------
        Nom: fraud_Streich, Dietrich and Barton
        Ville: Alton
        État: IA
        
        Informations sur le client:
        --------------------------
        Nom: Melvin Wright
        Ville: Alton
        
        Cette notification a été générée automatiquement par le système de détection de fraude.
        
[2024-11-08T18:15:13.929+0000] {fraud_detection_dag.py:291} INFO - Email envoyé avec succès
[2024-11-08T18:15:13.931+0000] {python.py:240} INFO - Done. Returned value was: store_normal
[2024-11-08T18:15:14.034+0000] {taskinstance.py:340} INFO - ::group::Post task execution logs
[2024-11-08T18:15:14.035+0000] {taskinstance.py:352} INFO - Marking task as SUCCESS. dag_id=fraud_detection, task_id=notify_normal, run_id=scheduled__2024-11-08T18:13:00+00:00, execution_date=20241108T181300, start_date=20241108T181508, end_date=20241108T181514
[2024-11-08T18:15:14.103+0000] {local_task_job_runner.py:266} INFO - Task exited with return code 0
[2024-11-08T18:15:14.180+0000] {taskinstance.py:3900} INFO - 1 downstream tasks scheduled from follow-on schedule check
[2024-11-08T18:15:14.190+0000] {local_task_job_runner.py:245} INFO - ::endgroup::
