[2024-11-08T18:34:10.165+0000] {local_task_job_runner.py:123} INFO - ::group::Pre task execution logs
[2024-11-08T18:34:10.206+0000] {taskinstance.py:2612} INFO - Dependencies all met for dep_context=non-requeueable deps ti=<TaskInstance: fraud_detection.notify_normal scheduled__2024-11-08T18:32:00+00:00 [queued]>
[2024-11-08T18:34:10.225+0000] {taskinstance.py:2612} INFO - Dependencies all met for dep_context=requeueable deps ti=<TaskInstance: fraud_detection.notify_normal scheduled__2024-11-08T18:32:00+00:00 [queued]>
[2024-11-08T18:34:10.229+0000] {taskinstance.py:2865} INFO - Starting attempt 1 of 2
[2024-11-08T18:34:10.252+0000] {taskinstance.py:2888} INFO - Executing <Task(PythonOperator): notify_normal> on 2024-11-08 18:32:00+00:00
[2024-11-08T18:34:10.269+0000] {warnings.py:112} WARNING - /home/***/.local/lib/python3.12/site-packages/***/task/task_runner/standard_task_runner.py:70: DeprecationWarning: This process (pid=1619) is multi-threaded, use of fork() may lead to deadlocks in the child.
  pid = os.fork()

[2024-11-08T18:34:10.272+0000] {standard_task_runner.py:72} INFO - Started process 1621 to run task
[2024-11-08T18:34:10.275+0000] {standard_task_runner.py:104} INFO - Running: ['***', 'tasks', 'run', 'fraud_detection', 'notify_normal', 'scheduled__2024-11-08T18:32:00+00:00', '--job-id', '301', '--raw', '--subdir', 'DAGS_FOLDER/fraud_detection_dag.py', '--cfg-path', '/tmp/tmpt9q3if7y']
[2024-11-08T18:34:10.280+0000] {standard_task_runner.py:105} INFO - Job 301: Subtask notify_normal
[2024-11-08T18:34:10.403+0000] {task_command.py:467} INFO - Running <TaskInstance: fraud_detection.notify_normal scheduled__2024-11-08T18:32:00+00:00 [running]> on host 641085defe8e
[2024-11-08T18:34:10.586+0000] {taskinstance.py:3131} INFO - Exporting env vars: AIRFLOW_CTX_DAG_OWNER='fraud_team' AIRFLOW_CTX_DAG_ID='fraud_detection' AIRFLOW_CTX_TASK_ID='notify_normal' AIRFLOW_CTX_EXECUTION_DATE='2024-11-08T18:32:00+00:00' AIRFLOW_CTX_TRY_NUMBER='1' AIRFLOW_CTX_DAG_RUN_ID='scheduled__2024-11-08T18:32:00+00:00'
[2024-11-08T18:34:10.592+0000] {taskinstance.py:731} INFO - ::endgroup::
[2024-11-08T18:34:10.680+0000] {fraud_detection_dag.py:218} INFO - Données de transaction récupérées: {"columns":["cc_num","merchant","category","amt","first","last","gender","street","city","state","zip","lat","long","city_pop","job","dob","trans_num","merch_lat","merch_long","is_fraud","current_time"],"index":[13941],"data":[[4048508450704760,"fraud_Kutch LLC","gas_transport",39.85,"Cheryl","Melton","F","5053 Bell Crescent Apt. 255","Fullerton","NE",68638,41.366,-98.0054,1749,"Surveyor, mining","1973-05-07","1efe6b320e2e6b66c26c50ae8bff8806",42.170257,-97.571574,0,1731090842204]]}
[2024-11-08T18:34:10.680+0000] {fraud_detection_dag.py:219} INFO - Probabilité de fraude: 0.37726804936562125
[2024-11-08T18:34:10.681+0000] {fraud_detection_dag.py:220} INFO - Est une fraude: False
[2024-11-08T18:34:10.691+0000] {fraud_detection_dag.py:280} INFO - Tentative d'envoi d'email normale...
[2024-11-08T18:34:10.691+0000] {fraud_detection_dag.py:281} INFO - Contenu de l'email:

        ✅ Transaction NORMALE détectée!
        
        Statut: Vert
        Probabilité de fraude: 37.73%
        
        Détails de la transaction:
        --------------------------
        ID Transaction: 1efe6b320e2e6b66c26c50ae8bff8806
        Montant: 39.85€
        Date/Heure: 2024-11-08 18:34:02
        
        Informations sur le marchand:
        ----------------------------
        Nom: fraud_Kutch LLC
        Ville: Fullerton
        État: NE
        
        Informations sur le client:
        --------------------------
        Nom: Cheryl Melton
        Ville: Fullerton
        
        Cette notification a été générée automatiquement par le système de détection de fraude.
        
[2024-11-08T18:34:13.332+0000] {fraud_detection_dag.py:291} INFO - Email envoyé avec succès
[2024-11-08T18:34:13.335+0000] {python.py:240} INFO - Done. Returned value was: store_normal
[2024-11-08T18:34:13.395+0000] {taskinstance.py:340} INFO - ::group::Post task execution logs
[2024-11-08T18:34:13.396+0000] {taskinstance.py:352} INFO - Marking task as SUCCESS. dag_id=fraud_detection, task_id=notify_normal, run_id=scheduled__2024-11-08T18:32:00+00:00, execution_date=20241108T183200, start_date=20241108T183410, end_date=20241108T183413
[2024-11-08T18:34:13.502+0000] {local_task_job_runner.py:266} INFO - Task exited with return code 0
[2024-11-08T18:34:13.570+0000] {taskinstance.py:3900} INFO - 1 downstream tasks scheduled from follow-on schedule check
[2024-11-08T18:34:13.573+0000] {local_task_job_runner.py:245} INFO - ::endgroup::
