[2024-11-23T17:22:35.737+0000] {local_task_job_runner.py:123} INFO - ::group::Pre task execution logs
[2024-11-23T17:22:35.783+0000] {taskinstance.py:2612} INFO - Dependencies all met for dep_context=non-requeueable deps ti=<TaskInstance: fraud_detection.fetch_api scheduled__2024-11-23T17:21:00+00:00 [queued]>
[2024-11-23T17:22:35.804+0000] {taskinstance.py:2612} INFO - Dependencies all met for dep_context=requeueable deps ti=<TaskInstance: fraud_detection.fetch_api scheduled__2024-11-23T17:21:00+00:00 [queued]>
[2024-11-23T17:22:35.805+0000] {taskinstance.py:2865} INFO - Starting attempt 1 of 2
[2024-11-23T17:22:35.839+0000] {taskinstance.py:2888} INFO - Executing <Task(PythonOperator): fetch_api> on 2024-11-23 17:21:00+00:00
[2024-11-23T17:22:35.854+0000] {warnings.py:112} WARNING - /home/***/.local/lib/python3.12/site-packages/***/task/task_runner/standard_task_runner.py:70: DeprecationWarning: This process (pid=2225) is multi-threaded, use of fork() may lead to deadlocks in the child.
  pid = os.fork()

[2024-11-23T17:22:35.858+0000] {standard_task_runner.py:72} INFO - Started process 2230 to run task
[2024-11-23T17:22:35.859+0000] {standard_task_runner.py:104} INFO - Running: ['***', 'tasks', 'run', 'fraud_detection', 'fetch_api', 'scheduled__2024-11-23T17:21:00+00:00', '--job-id', '221', '--raw', '--subdir', 'DAGS_FOLDER/fraud_detection_dag.py', '--cfg-path', '/tmp/tmp8hu15v1h']
[2024-11-23T17:22:35.864+0000] {standard_task_runner.py:105} INFO - Job 221: Subtask fetch_api
[2024-11-23T17:22:35.955+0000] {task_command.py:467} INFO - Running <TaskInstance: fraud_detection.fetch_api scheduled__2024-11-23T17:21:00+00:00 [running]> on host 345e92ff26bf
[2024-11-23T17:22:36.155+0000] {taskinstance.py:3131} INFO - Exporting env vars: AIRFLOW_CTX_DAG_OWNER='fraud_team' AIRFLOW_CTX_DAG_ID='fraud_detection' AIRFLOW_CTX_TASK_ID='fetch_api' AIRFLOW_CTX_EXECUTION_DATE='2024-11-23T17:21:00+00:00' AIRFLOW_CTX_TRY_NUMBER='1' AIRFLOW_CTX_DAG_RUN_ID='scheduled__2024-11-23T17:21:00+00:00'
[2024-11-23T17:22:36.158+0000] {taskinstance.py:731} INFO - ::endgroup::
[2024-11-23T17:22:38.985+0000] {fraud_detection_dag.py:65} INFO - Transaction reçue avec succès
[2024-11-23T17:22:39.033+0000] {python.py:240} INFO - Done. Returned value was: None
[2024-11-23T17:22:39.059+0000] {taskinstance.py:340} INFO - ::group::Post task execution logs
[2024-11-23T17:22:39.060+0000] {taskinstance.py:352} INFO - Marking task as SUCCESS. dag_id=fraud_detection, task_id=fetch_api, run_id=scheduled__2024-11-23T17:21:00+00:00, execution_date=20241123T172100, start_date=20241123T172235, end_date=20241123T172239
[2024-11-23T17:22:39.131+0000] {local_task_job_runner.py:266} INFO - Task exited with return code 0
[2024-11-23T17:22:39.178+0000] {taskinstance.py:3900} INFO - 1 downstream tasks scheduled from follow-on schedule check
[2024-11-23T17:22:39.189+0000] {local_task_job_runner.py:245} INFO - ::endgroup::
