[2024-11-23T17:05:33.336+0000] {local_task_job_runner.py:123} INFO - ::group::Pre task execution logs
[2024-11-23T17:05:33.372+0000] {taskinstance.py:2612} INFO - Dependencies all met for dep_context=non-requeueable deps ti=<TaskInstance: fraud_detection.fetch_api scheduled__2024-11-23T17:04:00+00:00 [queued]>
[2024-11-23T17:05:33.394+0000] {taskinstance.py:2612} INFO - Dependencies all met for dep_context=requeueable deps ti=<TaskInstance: fraud_detection.fetch_api scheduled__2024-11-23T17:04:00+00:00 [queued]>
[2024-11-23T17:05:33.395+0000] {taskinstance.py:2865} INFO - Starting attempt 1 of 2
[2024-11-23T17:05:33.422+0000] {taskinstance.py:2888} INFO - Executing <Task(PythonOperator): fetch_api> on 2024-11-23 17:04:00+00:00
[2024-11-23T17:05:33.447+0000] {warnings.py:112} WARNING - /home/***/.local/lib/python3.12/site-packages/***/task/task_runner/standard_task_runner.py:70: DeprecationWarning: This process (pid=1166) is multi-threaded, use of fork() may lead to deadlocks in the child.
  pid = os.fork()

[2024-11-23T17:05:33.451+0000] {standard_task_runner.py:72} INFO - Started process 1171 to run task
[2024-11-23T17:05:33.451+0000] {standard_task_runner.py:104} INFO - Running: ['***', 'tasks', 'run', 'fraud_detection', 'fetch_api', 'scheduled__2024-11-23T17:04:00+00:00', '--job-id', '119', '--raw', '--subdir', 'DAGS_FOLDER/fraud_detection_dag.py', '--cfg-path', '/tmp/tmpuviwlyd0']
[2024-11-23T17:05:33.460+0000] {standard_task_runner.py:105} INFO - Job 119: Subtask fetch_api
[2024-11-23T17:05:33.659+0000] {task_command.py:467} INFO - Running <TaskInstance: fraud_detection.fetch_api scheduled__2024-11-23T17:04:00+00:00 [running]> on host 345e92ff26bf
[2024-11-23T17:05:34.031+0000] {taskinstance.py:3131} INFO - Exporting env vars: AIRFLOW_CTX_DAG_OWNER='fraud_team' AIRFLOW_CTX_DAG_ID='fraud_detection' AIRFLOW_CTX_TASK_ID='fetch_api' AIRFLOW_CTX_EXECUTION_DATE='2024-11-23T17:04:00+00:00' AIRFLOW_CTX_TRY_NUMBER='1' AIRFLOW_CTX_DAG_RUN_ID='scheduled__2024-11-23T17:04:00+00:00'
[2024-11-23T17:05:34.036+0000] {taskinstance.py:731} INFO - ::endgroup::
[2024-11-23T17:05:37.453+0000] {fraud_detection_dag.py:65} INFO - Transaction reçue avec succès
[2024-11-23T17:05:37.524+0000] {python.py:240} INFO - Done. Returned value was: None
[2024-11-23T17:05:37.584+0000] {taskinstance.py:340} INFO - ::group::Post task execution logs
[2024-11-23T17:05:37.584+0000] {taskinstance.py:352} INFO - Marking task as SUCCESS. dag_id=fraud_detection, task_id=fetch_api, run_id=scheduled__2024-11-23T17:04:00+00:00, execution_date=20241123T170400, start_date=20241123T170533, end_date=20241123T170537
[2024-11-23T17:05:37.706+0000] {local_task_job_runner.py:266} INFO - Task exited with return code 0
[2024-11-23T17:05:37.775+0000] {taskinstance.py:3900} INFO - 1 downstream tasks scheduled from follow-on schedule check
[2024-11-23T17:05:37.784+0000] {local_task_job_runner.py:245} INFO - ::endgroup::
