[2024-11-23T17:55:03.853+0000] {local_task_job_runner.py:123} INFO - ::group::Pre task execution logs
[2024-11-23T17:55:03.914+0000] {taskinstance.py:2612} INFO - Dependencies all met for dep_context=non-requeueable deps ti=<TaskInstance: fraud_detection.load_dependencies scheduled__2024-11-23T17:54:00+00:00 [queued]>
[2024-11-23T17:55:03.930+0000] {taskinstance.py:2612} INFO - Dependencies all met for dep_context=requeueable deps ti=<TaskInstance: fraud_detection.load_dependencies scheduled__2024-11-23T17:54:00+00:00 [queued]>
[2024-11-23T17:55:03.931+0000] {taskinstance.py:2865} INFO - Starting attempt 1 of 2
[2024-11-23T17:55:03.958+0000] {taskinstance.py:2888} INFO - Executing <Task(PythonOperator): load_dependencies> on 2024-11-23 17:54:00+00:00
[2024-11-23T17:55:03.970+0000] {warnings.py:112} WARNING - /home/***/.local/lib/python3.12/site-packages/***/task/task_runner/standard_task_runner.py:70: DeprecationWarning: This process (pid=3607) is multi-threaded, use of fork() may lead to deadlocks in the child.
  pid = os.fork()

[2024-11-23T17:55:03.974+0000] {standard_task_runner.py:72} INFO - Started process 3612 to run task
[2024-11-23T17:55:03.976+0000] {standard_task_runner.py:104} INFO - Running: ['***', 'tasks', 'run', 'fraud_detection', 'load_dependencies', 'scheduled__2024-11-23T17:54:00+00:00', '--job-id', '351', '--raw', '--subdir', 'DAGS_FOLDER/fraud_detection_dag.py', '--cfg-path', '/tmp/tmpewouyhoc']
[2024-11-23T17:55:03.981+0000] {standard_task_runner.py:105} INFO - Job 351: Subtask load_dependencies
[2024-11-23T17:55:04.131+0000] {task_command.py:467} INFO - Running <TaskInstance: fraud_detection.load_dependencies scheduled__2024-11-23T17:54:00+00:00 [running]> on host 345e92ff26bf
[2024-11-23T17:55:04.534+0000] {taskinstance.py:3131} INFO - Exporting env vars: AIRFLOW_CTX_DAG_OWNER='fraud_team' AIRFLOW_CTX_DAG_ID='fraud_detection' AIRFLOW_CTX_TASK_ID='load_dependencies' AIRFLOW_CTX_EXECUTION_DATE='2024-11-23T17:54:00+00:00' AIRFLOW_CTX_TRY_NUMBER='1' AIRFLOW_CTX_DAG_RUN_ID='scheduled__2024-11-23T17:54:00+00:00'
[2024-11-23T17:55:04.545+0000] {taskinstance.py:731} INFO - ::endgroup::
[2024-11-23T17:55:04.621+0000] {fraud_detection_dag.py:27} INFO - Chargement des dépendances depuis S3...
[2024-11-23T17:55:38.585+0000] {fraud_detection_dag.py:43} INFO - Modèle chargé avec succès
[2024-11-23T17:55:39.898+0000] {fraud_detection_dag.py:48} INFO - ETL chargé avec succès
[2024-11-23T17:55:39.971+0000] {python.py:240} INFO - Done. Returned value was: True
[2024-11-23T17:55:40.021+0000] {taskinstance.py:340} INFO - ::group::Post task execution logs
[2024-11-23T17:55:40.022+0000] {taskinstance.py:352} INFO - Marking task as SUCCESS. dag_id=fraud_detection, task_id=load_dependencies, run_id=scheduled__2024-11-23T17:54:00+00:00, execution_date=20241123T175400, start_date=20241123T175503, end_date=20241123T175540
[2024-11-23T17:55:40.098+0000] {local_task_job_runner.py:266} INFO - Task exited with return code 0
[2024-11-23T17:55:40.162+0000] {taskinstance.py:3900} INFO - 1 downstream tasks scheduled from follow-on schedule check
[2024-11-23T17:55:40.167+0000] {local_task_job_runner.py:245} INFO - ::endgroup::
