[2024-11-23T18:02:44.648+0000] {local_task_job_runner.py:123} INFO - ::group::Pre task execution logs
[2024-11-23T18:02:44.771+0000] {taskinstance.py:2612} INFO - Dependencies all met for dep_context=non-requeueable deps ti=<TaskInstance: fraud_detection.process_transaction scheduled__2024-11-23T18:00:00+00:00 [queued]>
[2024-11-23T18:02:44.853+0000] {taskinstance.py:2612} INFO - Dependencies all met for dep_context=requeueable deps ti=<TaskInstance: fraud_detection.process_transaction scheduled__2024-11-23T18:00:00+00:00 [queued]>
[2024-11-23T18:02:44.854+0000] {taskinstance.py:2865} INFO - Starting attempt 1 of 2
[2024-11-23T18:02:44.928+0000] {taskinstance.py:2888} INFO - Executing <Task(BranchPythonOperator): process_transaction> on 2024-11-23 18:00:00+00:00
[2024-11-23T18:02:44.964+0000] {warnings.py:112} WARNING - /home/***/.local/lib/python3.12/site-packages/***/task/task_runner/standard_task_runner.py:70: DeprecationWarning: This process (pid=4035) is multi-threaded, use of fork() may lead to deadlocks in the child.
  pid = os.fork()

[2024-11-23T18:02:44.967+0000] {standard_task_runner.py:72} INFO - Started process 4046 to run task
[2024-11-23T18:02:44.990+0000] {standard_task_runner.py:104} INFO - Running: ['***', 'tasks', 'run', 'fraud_detection', 'process_transaction', 'scheduled__2024-11-23T18:00:00+00:00', '--job-id', '396', '--raw', '--subdir', 'DAGS_FOLDER/fraud_detection_dag.py', '--cfg-path', '/tmp/tmp7x73wo8j']
[2024-11-23T18:02:44.994+0000] {standard_task_runner.py:105} INFO - Job 396: Subtask process_transaction
[2024-11-23T18:02:45.225+0000] {task_command.py:467} INFO - Running <TaskInstance: fraud_detection.process_transaction scheduled__2024-11-23T18:00:00+00:00 [running]> on host 345e92ff26bf
[2024-11-23T18:02:45.708+0000] {taskinstance.py:3131} INFO - Exporting env vars: AIRFLOW_CTX_DAG_OWNER='fraud_team' AIRFLOW_CTX_DAG_ID='fraud_detection' AIRFLOW_CTX_TASK_ID='process_transaction' AIRFLOW_CTX_EXECUTION_DATE='2024-11-23T18:00:00+00:00' AIRFLOW_CTX_TRY_NUMBER='1' AIRFLOW_CTX_DAG_RUN_ID='scheduled__2024-11-23T18:00:00+00:00'
[2024-11-23T18:02:45.715+0000] {taskinstance.py:731} INFO - ::endgroup::
[2024-11-23T18:02:45.740+0000] {baseoperator.py:405} WARNING - BranchPythonOperator.execute cannot be called outside TaskInstance!
[2024-11-23T18:02:45.797+0000] {fraud_detection_dag.py:78} INFO - Données récupérées depuis XCom: {"columns":["cc_num","merchant","category","amt","first","last","gender","street","city","state","zip","lat","long","city_pop","job","dob","trans_num","merch_lat","merch_long","is_fraud","current_time"],"index":[333244],"data":[[3518669219150142,"fraud_Lowe, Dietrich and Erdman","kids_pets",5.66,"Dorothy","Thomas","F","537 Rice Square Suite 040","Milford","OH",45150,39.1657,-84.233,31394,"Hospital doctor","1996-11-12","7e3b4547160d1a95ef314116b15f6a0f",39.865879,-83.763341,0,1732384957266]]}
[2024-11-23T18:02:45.798+0000] {fraud_detection_dag.py:86} INFO - Données JSON parsées avec succès
[2024-11-23T18:02:45.807+0000] {fraud_detection_dag.py:90} INFO - DataFrame créé avec 1 lignes
[2024-11-23T18:02:45.815+0000] {fraud_detection_dag.py:94} INFO - Colonnes renommées avec succès
[2024-11-23T18:02:45.816+0000] {fraud_detection_dag.py:95} INFO - Colonnes disponibles: ['cc_num', 'merchant', 'category', 'amt', 'first', 'last', 'gender', 'street', 'city', 'state', 'zip', 'lat', 'long', 'city_pop', 'job', 'dob', 'trans_num', 'merch_lat', 'merch_long', 'is_fraud', 'trans_date_trans_time']
[2024-11-23T18:02:45.820+0000] {fraud_detection_dag.py:99} INFO - Conversion de trans_date_trans_time en unix_time réussie
[2024-11-23T18:02:46.005+0000] {fraud_detection_dag.py:108} INFO - Transformation des données...
[2024-11-23T18:02:49.199+0000] {warnings.py:112} WARNING - /home/***/.local/lib/python3.12/site-packages/sklearn/ensemble/_base.py:172: UserWarning: Loky-backed parallel loops cannot be called in a multiprocessing, setting n_jobs=1
  n_jobs = min(effective_n_jobs(n_jobs), n_estimators)

[2024-11-23T18:02:49.236+0000] {warnings.py:112} WARNING - /home/***/.local/lib/python3.12/site-packages/sklearn/ensemble/_base.py:172: UserWarning: Loky-backed parallel loops cannot be called in a multiprocessing, setting n_jobs=1
  n_jobs = min(effective_n_jobs(n_jobs), n_estimators)

[2024-11-23T18:02:49.243+0000] {fraud_detection_dag.py:120} INFO - Prediction de fraude: NORMAL, Probabilité: 31.34%
[2024-11-23T18:02:49.367+0000] {fraud_detection_dag.py:126} INFO - Prédiction: NORMAL (Probabilité: 31.34%)
[2024-11-23T18:02:49.369+0000] {python.py:240} INFO - Done. Returned value was: notify_normal
[2024-11-23T18:02:49.371+0000] {branch.py:38} INFO - Branch into notify_normal
[2024-11-23T18:02:49.371+0000] {skipmixin.py:230} INFO - Following branch ('notify_normal',)
[2024-11-23T18:02:49.405+0000] {skipmixin.py:278} INFO - Skipping tasks [('notify_fraud', -1), ('skip_processing', -1)]
[2024-11-23T18:02:49.590+0000] {taskinstance.py:340} INFO - ::group::Post task execution logs
[2024-11-23T18:02:49.591+0000] {taskinstance.py:352} INFO - Marking task as SUCCESS. dag_id=fraud_detection, task_id=process_transaction, run_id=scheduled__2024-11-23T18:00:00+00:00, execution_date=20241123T180000, start_date=20241123T180244, end_date=20241123T180249
[2024-11-23T18:02:49.879+0000] {local_task_job_runner.py:266} INFO - Task exited with return code 0
[2024-11-23T18:02:49.956+0000] {local_task_job_runner.py:245} INFO - ::endgroup::
[2024-11-23T18:02:49.991+0000] {standard_task_runner.py:217} INFO - Process not found (most likely exited), stop collecting metrics
