[2024-11-23T17:47:08.777+0000] {local_task_job_runner.py:123} INFO - ::group::Pre task execution logs
[2024-11-23T17:47:08.876+0000] {taskinstance.py:2612} INFO - Dependencies all met for dep_context=non-requeueable deps ti=<TaskInstance: fraud_detection.process_transaction scheduled__2024-11-23T17:45:00+00:00 [queued]>
[2024-11-23T17:47:08.965+0000] {taskinstance.py:2612} INFO - Dependencies all met for dep_context=requeueable deps ti=<TaskInstance: fraud_detection.process_transaction scheduled__2024-11-23T17:45:00+00:00 [queued]>
[2024-11-23T17:47:08.966+0000] {taskinstance.py:2865} INFO - Starting attempt 1 of 2
[2024-11-23T17:47:09.050+0000] {taskinstance.py:2888} INFO - Executing <Task(BranchPythonOperator): process_transaction> on 2024-11-23 17:45:00+00:00
[2024-11-23T17:47:09.118+0000] {warnings.py:112} WARNING - /home/***/.local/lib/python3.12/site-packages/***/task/task_runner/standard_task_runner.py:70: DeprecationWarning: This process (pid=3007) is multi-threaded, use of fork() may lead to deadlocks in the child.
  pid = os.fork()

[2024-11-23T17:47:09.126+0000] {standard_task_runner.py:72} INFO - Started process 3018 to run task
[2024-11-23T17:47:09.123+0000] {standard_task_runner.py:104} INFO - Running: ['***', 'tasks', 'run', 'fraud_detection', 'process_transaction', 'scheduled__2024-11-23T17:45:00+00:00', '--job-id', '283', '--raw', '--subdir', 'DAGS_FOLDER/fraud_detection_dag.py', '--cfg-path', '/tmp/tmprh7n7j2p']
[2024-11-23T17:47:09.138+0000] {standard_task_runner.py:105} INFO - Job 283: Subtask process_transaction
[2024-11-23T17:47:09.365+0000] {task_command.py:467} INFO - Running <TaskInstance: fraud_detection.process_transaction scheduled__2024-11-23T17:45:00+00:00 [running]> on host 345e92ff26bf
[2024-11-23T17:47:09.907+0000] {taskinstance.py:3131} INFO - Exporting env vars: AIRFLOW_CTX_DAG_OWNER='fraud_team' AIRFLOW_CTX_DAG_ID='fraud_detection' AIRFLOW_CTX_TASK_ID='process_transaction' AIRFLOW_CTX_EXECUTION_DATE='2024-11-23T17:45:00+00:00' AIRFLOW_CTX_TRY_NUMBER='1' AIRFLOW_CTX_DAG_RUN_ID='scheduled__2024-11-23T17:45:00+00:00'
[2024-11-23T17:47:09.912+0000] {taskinstance.py:731} INFO - ::endgroup::
[2024-11-23T17:47:09.941+0000] {baseoperator.py:405} WARNING - BranchPythonOperator.execute cannot be called outside TaskInstance!
[2024-11-23T17:47:10.033+0000] {fraud_detection_dag.py:78} INFO - Données récupérées depuis XCom: {"columns":["cc_num","merchant","category","amt","first","last","gender","street","city","state","zip","lat","long","city_pop","job","dob","trans_num","merch_lat","merch_long","is_fraud","current_time"],"index":[477690],"data":[[4158945090781624,"fraud_Bruen-Yost","misc_pos",8.02,"Justin","Bell","M","5323 Walker Island","Pittsburgh","PA",15217,40.4308,-79.9205,687276,"Scientist, marine","1973-10-19","a61865340e8f0ce6a75d0e8a3c30af4f",41.146508,-80.219701,0,1732384019266]]}
[2024-11-23T17:47:10.042+0000] {fraud_detection_dag.py:86} INFO - Données JSON parsées avec succès
[2024-11-23T17:47:10.068+0000] {fraud_detection_dag.py:90} INFO - DataFrame créé avec 1 lignes
[2024-11-23T17:47:10.101+0000] {fraud_detection_dag.py:94} INFO - Colonnes renommées avec succès
[2024-11-23T17:47:10.104+0000] {fraud_detection_dag.py:95} INFO - Colonnes disponibles: ['cc_num', 'merchant', 'category', 'amt', 'first', 'last', 'gender', 'street', 'city', 'state', 'zip', 'lat', 'long', 'city_pop', 'job', 'dob', 'trans_num', 'merch_lat', 'merch_long', 'is_fraud', 'trans_date_trans_time']
[2024-11-23T17:47:10.107+0000] {fraud_detection_dag.py:99} INFO - Conversion de trans_date_trans_time en unix_time réussie
[2024-11-23T17:47:10.323+0000] {fraud_detection_dag.py:108} INFO - Transformation des données...
[2024-11-23T17:47:12.529+0000] {warnings.py:112} WARNING - /home/***/.local/lib/python3.12/site-packages/sklearn/ensemble/_base.py:172: UserWarning: Loky-backed parallel loops cannot be called in a multiprocessing, setting n_jobs=1
  n_jobs = min(effective_n_jobs(n_jobs), n_estimators)

[2024-11-23T17:47:12.551+0000] {warnings.py:112} WARNING - /home/***/.local/lib/python3.12/site-packages/sklearn/ensemble/_base.py:172: UserWarning: Loky-backed parallel loops cannot be called in a multiprocessing, setting n_jobs=1
  n_jobs = min(effective_n_jobs(n_jobs), n_estimators)

[2024-11-23T17:47:12.560+0000] {fraud_detection_dag.py:120} INFO - Prediction de fraude: NORMAL, Probabilité: 36.90%
[2024-11-23T17:47:12.639+0000] {fraud_detection_dag.py:126} INFO - Prédiction: NORMAL (Probabilité: 36.90%)
[2024-11-23T17:47:12.641+0000] {python.py:240} INFO - Done. Returned value was: notify_normal
[2024-11-23T17:47:12.643+0000] {branch.py:38} INFO - Branch into notify_normal
[2024-11-23T17:47:12.643+0000] {skipmixin.py:230} INFO - Following branch ('notify_normal',)
[2024-11-23T17:47:12.710+0000] {skipmixin.py:278} INFO - Skipping tasks [('notify_fraud', -1), ('skip_processing', -1)]
[2024-11-23T17:47:12.858+0000] {taskinstance.py:340} INFO - ::group::Post task execution logs
[2024-11-23T17:47:12.859+0000] {taskinstance.py:352} INFO - Marking task as SUCCESS. dag_id=fraud_detection, task_id=process_transaction, run_id=scheduled__2024-11-23T17:45:00+00:00, execution_date=20241123T174500, start_date=20241123T174708, end_date=20241123T174712
[2024-11-23T17:47:12.922+0000] {local_task_job_runner.py:266} INFO - Task exited with return code 0
[2024-11-23T17:47:12.987+0000] {taskinstance.py:3900} INFO - 1 downstream tasks scheduled from follow-on schedule check
[2024-11-23T17:47:13.004+0000] {local_task_job_runner.py:245} INFO - ::endgroup::
