[2024-11-23T17:49:25.398+0000] {local_task_job_runner.py:123} INFO - ::group::Pre task execution logs
[2024-11-23T17:49:25.460+0000] {taskinstance.py:2612} INFO - Dependencies all met for dep_context=non-requeueable deps ti=<TaskInstance: fraud_detection.store_normal scheduled__2024-11-23T17:47:00+00:00 [queued]>
[2024-11-23T17:49:25.477+0000] {taskinstance.py:2612} INFO - Dependencies all met for dep_context=requeueable deps ti=<TaskInstance: fraud_detection.store_normal scheduled__2024-11-23T17:47:00+00:00 [queued]>
[2024-11-23T17:49:25.478+0000] {taskinstance.py:2865} INFO - Starting attempt 1 of 2
[2024-11-23T17:49:25.534+0000] {taskinstance.py:2888} INFO - Executing <Task(PythonOperator): store_normal> on 2024-11-23 17:47:00+00:00
[2024-11-23T17:49:25.606+0000] {warnings.py:112} WARNING - /home/***/.local/lib/python3.12/site-packages/***/task/task_runner/standard_task_runner.py:70: DeprecationWarning: This process (pid=3170) is multi-threaded, use of fork() may lead to deadlocks in the child.
  pid = os.fork()

[2024-11-23T17:49:25.619+0000] {standard_task_runner.py:72} INFO - Started process 3175 to run task
[2024-11-23T17:49:25.629+0000] {standard_task_runner.py:104} INFO - Running: ['***', 'tasks', 'run', 'fraud_detection', 'store_normal', 'scheduled__2024-11-23T17:47:00+00:00', '--job-id', '301', '--raw', '--subdir', 'DAGS_FOLDER/fraud_detection_dag.py', '--cfg-path', '/tmp/tmptxyhdik_']
[2024-11-23T17:49:25.642+0000] {standard_task_runner.py:105} INFO - Job 301: Subtask store_normal
[2024-11-23T17:49:25.751+0000] {task_command.py:467} INFO - Running <TaskInstance: fraud_detection.store_normal scheduled__2024-11-23T17:47:00+00:00 [running]> on host 345e92ff26bf
[2024-11-23T17:49:25.930+0000] {taskinstance.py:3131} INFO - Exporting env vars: AIRFLOW_CTX_DAG_OWNER='fraud_team' AIRFLOW_CTX_DAG_ID='fraud_detection' AIRFLOW_CTX_TASK_ID='store_normal' AIRFLOW_CTX_EXECUTION_DATE='2024-11-23T17:47:00+00:00' AIRFLOW_CTX_TRY_NUMBER='1' AIRFLOW_CTX_DAG_RUN_ID='scheduled__2024-11-23T17:47:00+00:00'
[2024-11-23T17:49:25.934+0000] {taskinstance.py:731} INFO - ::endgroup::
[2024-11-23T17:49:25.958+0000] {fraud_detection_dag.py:235} INFO - Tentative de connexion à Neon...
[2024-11-23T17:49:33.910+0000] {fraud_detection_dag.py:241} INFO - Connexion à Neon réussie!
[2024-11-23T17:49:34.566+0000] {fraud_detection_dag.py:248} INFO - Données reçues pour stockage: {"columns":["cc_num","merchant","category","amt","first","last","gender","street","city","state","zip","lat","long","city_pop","job","dob","trans_num","merch_lat","merch_long","is_fraud","current_time"],"index":[153811],"data":[[4018105808392773675,"fraud_Schamberger-O'Keefe","grocery_pos",121.68,"Katherine","Love","F","5884 Sandoval Square Apt. 371","Allenhurst","NJ",7711,40.2367,-74.0067,1533,"Administrator, charities\/voluntary organisations","1935-04-15","3184c7dc0e20a385e1ff3fd865fc9183",40.226006,-74.011296,0,1732384133863]]}
[2024-11-23T17:49:34.568+0000] {fraud_detection_dag.py:257} INFO - JSON parsé avec succès
[2024-11-23T17:49:34.581+0000] {fraud_detection_dag.py:261} INFO - DataFrame créé avec 1 lignes
[2024-11-23T17:49:34.588+0000] {fraud_detection_dag.py:266} INFO - Colonne current_time renommée en trans_date_trans_time
[2024-11-23T17:49:34.595+0000] {fraud_detection_dag.py:270} INFO - Conversion du timestamp réussie
[2024-11-23T17:49:34.640+0000] {fraud_detection_dag.py:274} INFO - Indicateur de fraude récupéré: False
[2024-11-23T17:49:34.642+0000] {fraud_detection_dag.py:278} INFO - Colonne is_fraud mise à jour avec la valeur: False
[2024-11-23T17:49:34.643+0000] {fraud_detection_dag.py:282} INFO - Conversion de is_fraud en boolean réussie
[2024-11-23T17:49:34.644+0000] {fraud_detection_dag.py:285} INFO - Colonnes finales avant stockage: ['cc_num', 'merchant', 'category', 'amt', 'first', 'last', 'gender', 'street', 'city', 'state', 'zip', 'lat', 'long', 'city_pop', 'job', 'dob', 'trans_num', 'merch_lat', 'merch_long', 'is_fraud', 'trans_date_trans_time']
[2024-11-23T17:49:34.647+0000] {fraud_detection_dag.py:286} INFO - Types des données: 
cc_num                            int64
merchant                         object
category                         object
amt                             float64
first                            object
last                             object
gender                           object
street                           object
city                             object
state                            object
zip                               int64
lat                             float64
long                            float64
city_pop                          int64
job                              object
dob                              object
trans_num                        object
merch_lat                       float64
merch_long                      float64
is_fraud                           bool
trans_date_trans_time    datetime64[ns]
dtype: object
[2024-11-23T17:49:34.647+0000] {fraud_detection_dag.py:290} INFO - Stockage dans la table: normal_transactions
[2024-11-23T17:49:36.917+0000] {fraud_detection_dag.py:295} INFO - Données stockées avec succès dans la table normal_transactions
[2024-11-23T17:49:36.919+0000] {python.py:240} INFO - Done. Returned value was: None
[2024-11-23T17:49:36.968+0000] {taskinstance.py:340} INFO - ::group::Post task execution logs
[2024-11-23T17:49:36.970+0000] {taskinstance.py:352} INFO - Marking task as SUCCESS. dag_id=fraud_detection, task_id=store_normal, run_id=scheduled__2024-11-23T17:47:00+00:00, execution_date=20241123T174700, start_date=20241123T174925, end_date=20241123T174936
[2024-11-23T17:49:37.025+0000] {local_task_job_runner.py:266} INFO - Task exited with return code 0
[2024-11-23T17:49:37.070+0000] {taskinstance.py:3900} INFO - 1 downstream tasks scheduled from follow-on schedule check
[2024-11-23T17:49:37.075+0000] {local_task_job_runner.py:245} INFO - ::endgroup::
