[2024-11-23T17:21:57.539+0000] {local_task_job_runner.py:123} INFO - ::group::Pre task execution logs
[2024-11-23T17:21:57.598+0000] {taskinstance.py:2612} INFO - Dependencies all met for dep_context=non-requeueable deps ti=<TaskInstance: fraud_detection.notify_normal scheduled__2024-11-23T17:20:00+00:00 [queued]>
[2024-11-23T17:21:57.655+0000] {taskinstance.py:2612} INFO - Dependencies all met for dep_context=requeueable deps ti=<TaskInstance: fraud_detection.notify_normal scheduled__2024-11-23T17:20:00+00:00 [queued]>
[2024-11-23T17:21:57.656+0000] {taskinstance.py:2865} INFO - Starting attempt 1 of 2
[2024-11-23T17:21:57.720+0000] {taskinstance.py:2888} INFO - Executing <Task(PythonOperator): notify_normal> on 2024-11-23 17:20:00+00:00
[2024-11-23T17:21:57.733+0000] {warnings.py:112} WARNING - /home/***/.local/lib/python3.12/site-packages/***/task/task_runner/standard_task_runner.py:70: DeprecationWarning: This process (pid=2184) is multi-threaded, use of fork() may lead to deadlocks in the child.
  pid = os.fork()

[2024-11-23T17:21:57.738+0000] {standard_task_runner.py:72} INFO - Started process 2189 to run task
[2024-11-23T17:21:57.739+0000] {standard_task_runner.py:104} INFO - Running: ['***', 'tasks', 'run', 'fraud_detection', 'notify_normal', 'scheduled__2024-11-23T17:20:00+00:00', '--job-id', '217', '--raw', '--subdir', 'DAGS_FOLDER/fraud_detection_dag.py', '--cfg-path', '/tmp/tmpcyzym9km']
[2024-11-23T17:21:57.743+0000] {standard_task_runner.py:105} INFO - Job 217: Subtask notify_normal
[2024-11-23T17:21:57.852+0000] {task_command.py:467} INFO - Running <TaskInstance: fraud_detection.notify_normal scheduled__2024-11-23T17:20:00+00:00 [running]> on host 345e92ff26bf
[2024-11-23T17:21:58.031+0000] {taskinstance.py:3131} INFO - Exporting env vars: AIRFLOW_CTX_DAG_OWNER='fraud_team' AIRFLOW_CTX_DAG_ID='fraud_detection' AIRFLOW_CTX_TASK_ID='notify_normal' AIRFLOW_CTX_EXECUTION_DATE='2024-11-23T17:20:00+00:00' AIRFLOW_CTX_TRY_NUMBER='1' AIRFLOW_CTX_DAG_RUN_ID='scheduled__2024-11-23T17:20:00+00:00'
[2024-11-23T17:21:58.033+0000] {taskinstance.py:731} INFO - ::endgroup::
[2024-11-23T17:21:58.141+0000] {fraud_detection_dag.py:219} INFO - Données de transaction récupérées: {"columns":["cc_num","merchant","category","amt","first","last","gender","street","city","state","zip","lat","long","city_pop","job","dob","trans_num","merch_lat","merch_long","is_fraud","current_time"],"index":[216454],"data":[[4862293128558,"fraud_Brekke and Sons","gas_transport",54.76,"Elizabeth","Payne","F","897 Daugherty Mission","Grassflat","PA",16839,41.0036,-78.1104,489,"Pension scheme manager","1956-09-15","32581b9877389fbba0fc4c01ca56ff1c",41.808471,-78.921841,0,1732382507577]]}
[2024-11-23T17:21:58.142+0000] {fraud_detection_dag.py:220} INFO - Probabilité de fraude: 0.37220727071422166
[2024-11-23T17:21:58.142+0000] {fraud_detection_dag.py:221} INFO - Est une fraude: False
[2024-11-23T17:21:58.150+0000] {fraud_detection_dag.py:281} INFO - Tentative d'envoi d'email normale...
[2024-11-23T17:21:58.150+0000] {fraud_detection_dag.py:282} INFO - Contenu de l'email:

        ✅ Transaction NORMALE détectée!
        
        Statut: Vert
        Probabilité de fraude: 37.22%
        
        Détails de la transaction:
        --------------------------
        ID Transaction: 32581b9877389fbba0fc4c01ca56ff1c
        Montant: 54.76€
        Date/Heure: 2024-11-23 17:21:47
        
        Informations sur le marchand:
        ----------------------------
        Nom: fraud_Brekke and Sons
        Ville: Grassflat
        État: PA
        
        Informations sur le client:
        --------------------------
        Nom: Elizabeth Payne
        Ville: Grassflat
        
        Cette notification a été générée automatiquement par le système de détection de fraude.
        
[2024-11-23T17:22:00.637+0000] {fraud_detection_dag.py:292} INFO - Email envoyé avec succès
[2024-11-23T17:22:00.638+0000] {python.py:240} INFO - Done. Returned value was: store_normal
[2024-11-23T17:22:00.720+0000] {taskinstance.py:340} INFO - ::group::Post task execution logs
[2024-11-23T17:22:00.724+0000] {taskinstance.py:352} INFO - Marking task as SUCCESS. dag_id=fraud_detection, task_id=notify_normal, run_id=scheduled__2024-11-23T17:20:00+00:00, execution_date=20241123T172000, start_date=20241123T172157, end_date=20241123T172200
[2024-11-23T17:22:00.880+0000] {local_task_job_runner.py:266} INFO - Task exited with return code 0
[2024-11-23T17:22:00.925+0000] {taskinstance.py:3900} INFO - 1 downstream tasks scheduled from follow-on schedule check
[2024-11-23T17:22:00.934+0000] {local_task_job_runner.py:245} INFO - ::endgroup::
