[2024-11-23T16:54:06.695+0000] {local_task_job_runner.py:123} INFO - ::group::Pre task execution logs
[2024-11-23T16:54:06.812+0000] {taskinstance.py:2612} INFO - Dependencies all met for dep_context=non-requeueable deps ti=<TaskInstance: fraud_detection.process_transaction scheduled__2024-11-23T16:52:00+00:00 [queued]>
[2024-11-23T16:54:06.868+0000] {taskinstance.py:2612} INFO - Dependencies all met for dep_context=requeueable deps ti=<TaskInstance: fraud_detection.process_transaction scheduled__2024-11-23T16:52:00+00:00 [queued]>
[2024-11-23T16:54:06.869+0000] {taskinstance.py:2865} INFO - Starting attempt 1 of 2
[2024-11-23T16:54:06.941+0000] {taskinstance.py:2888} INFO - Executing <Task(BranchPythonOperator): process_transaction> on 2024-11-23 16:52:00+00:00
[2024-11-23T16:54:06.967+0000] {warnings.py:112} WARNING - /home/***/.local/lib/python3.12/site-packages/***/task/task_runner/standard_task_runner.py:70: DeprecationWarning: This process (pid=378) is multi-threaded, use of fork() may lead to deadlocks in the child.
  pid = os.fork()

[2024-11-23T16:54:06.972+0000] {standard_task_runner.py:72} INFO - Started process 388 to run task
[2024-11-23T16:54:06.977+0000] {standard_task_runner.py:104} INFO - Running: ['***', 'tasks', 'run', 'fraud_detection', 'process_transaction', 'scheduled__2024-11-23T16:52:00+00:00', '--job-id', '39', '--raw', '--subdir', 'DAGS_FOLDER/fraud_detection_dag.py', '--cfg-path', '/tmp/tmpjcv7nilo']
[2024-11-23T16:54:07.012+0000] {standard_task_runner.py:105} INFO - Job 39: Subtask process_transaction
[2024-11-23T16:54:07.232+0000] {task_command.py:467} INFO - Running <TaskInstance: fraud_detection.process_transaction scheduled__2024-11-23T16:52:00+00:00 [running]> on host 345e92ff26bf
[2024-11-23T16:54:07.475+0000] {taskinstance.py:3131} INFO - Exporting env vars: AIRFLOW_CTX_DAG_OWNER='fraud_team' AIRFLOW_CTX_DAG_ID='fraud_detection' AIRFLOW_CTX_TASK_ID='process_transaction' AIRFLOW_CTX_EXECUTION_DATE='2024-11-23T16:52:00+00:00' AIRFLOW_CTX_TRY_NUMBER='1' AIRFLOW_CTX_DAG_RUN_ID='scheduled__2024-11-23T16:52:00+00:00'
[2024-11-23T16:54:07.478+0000] {taskinstance.py:731} INFO - ::endgroup::
[2024-11-23T16:54:07.512+0000] {baseoperator.py:405} WARNING - BranchPythonOperator.execute cannot be called outside TaskInstance!
[2024-11-23T16:54:07.540+0000] {fraud_detection_dag.py:78} INFO - Données récupérées depuis XCom: {"columns":["cc_num","merchant","category","amt","first","last","gender","street","city","state","zip","lat","long","city_pop","job","dob","trans_num","merch_lat","merch_long","is_fraud","current_time"],"index":[550418],"data":[[3596217206093829,"fraud_Swift, Bradtke and Marquardt","grocery_net",57.83,"Sara","Ramirez","F","23843 Scott Island","Birmingham","IA",52535,40.8626,-91.9534,888,"Camera operator","1988-03-25","62a8355de63488b9ec14eab4910bb2f1",39.927471,-92.3647,0,1732380838583]]}
[2024-11-23T16:54:07.541+0000] {fraud_detection_dag.py:86} INFO - Données JSON parsées avec succès
[2024-11-23T16:54:07.549+0000] {fraud_detection_dag.py:90} INFO - DataFrame créé avec 1 lignes
[2024-11-23T16:54:07.559+0000] {fraud_detection_dag.py:94} INFO - Colonnes renommées avec succès
[2024-11-23T16:54:07.561+0000] {fraud_detection_dag.py:95} INFO - Colonnes disponibles: ['cc_num', 'merchant', 'category', 'amt', 'first', 'last', 'gender', 'street', 'city', 'state', 'zip', 'lat', 'long', 'city_pop', 'job', 'dob', 'trans_num', 'merch_lat', 'merch_long', 'is_fraud', 'trans_date_trans_time']
[2024-11-23T16:54:07.569+0000] {fraud_detection_dag.py:99} INFO - Conversion de trans_date_trans_time en unix_time réussie
[2024-11-23T16:54:07.677+0000] {fraud_detection_dag.py:108} INFO - Transformation des données...
[2024-11-23T16:54:08.815+0000] {warnings.py:112} WARNING - /home/***/.local/lib/python3.12/site-packages/sklearn/ensemble/_base.py:172: UserWarning: Loky-backed parallel loops cannot be called in a multiprocessing, setting n_jobs=1
  n_jobs = min(effective_n_jobs(n_jobs), n_estimators)

[2024-11-23T16:54:08.833+0000] {warnings.py:112} WARNING - /home/***/.local/lib/python3.12/site-packages/sklearn/ensemble/_base.py:172: UserWarning: Loky-backed parallel loops cannot be called in a multiprocessing, setting n_jobs=1
  n_jobs = min(effective_n_jobs(n_jobs), n_estimators)

[2024-11-23T16:54:08.842+0000] {fraud_detection_dag.py:120} INFO - Prediction de fraude: NORMAL, Probabilité: 31.42%
[2024-11-23T16:54:08.901+0000] {fraud_detection_dag.py:126} INFO - Prédiction: NORMAL (Probabilité: 31.42%)
[2024-11-23T16:54:08.903+0000] {python.py:240} INFO - Done. Returned value was: notify_normal
[2024-11-23T16:54:08.911+0000] {branch.py:38} INFO - Branch into notify_normal
[2024-11-23T16:54:08.912+0000] {skipmixin.py:230} INFO - Following branch ('notify_normal',)
[2024-11-23T16:54:08.953+0000] {skipmixin.py:278} INFO - Skipping tasks [('notify_fraud', -1), ('skip_processing', -1)]
[2024-11-23T16:54:09.101+0000] {taskinstance.py:340} INFO - ::group::Post task execution logs
[2024-11-23T16:54:09.103+0000] {taskinstance.py:352} INFO - Marking task as SUCCESS. dag_id=fraud_detection, task_id=process_transaction, run_id=scheduled__2024-11-23T16:52:00+00:00, execution_date=20241123T165200, start_date=20241123T165406, end_date=20241123T165409
[2024-11-23T16:54:09.305+0000] {local_task_job_runner.py:266} INFO - Task exited with return code 0
[2024-11-23T16:54:09.425+0000] {taskinstance.py:3900} INFO - 1 downstream tasks scheduled from follow-on schedule check
[2024-11-23T16:54:09.442+0000] {local_task_job_runner.py:245} INFO - ::endgroup::
