[2024-11-08T18:32:57.282+0000] {local_task_job_runner.py:123} INFO - ::group::Pre task execution logs
[2024-11-08T18:32:57.316+0000] {taskinstance.py:2612} INFO - Dependencies all met for dep_context=non-requeueable deps ti=<TaskInstance: fraud_detection.notify_normal scheduled__2024-11-08T18:31:00+00:00 [queued]>
[2024-11-08T18:32:57.336+0000] {taskinstance.py:2612} INFO - Dependencies all met for dep_context=requeueable deps ti=<TaskInstance: fraud_detection.notify_normal scheduled__2024-11-08T18:31:00+00:00 [queued]>
[2024-11-08T18:32:57.336+0000] {taskinstance.py:2865} INFO - Starting attempt 1 of 2
[2024-11-08T18:32:57.361+0000] {taskinstance.py:2888} INFO - Executing <Task(PythonOperator): notify_normal> on 2024-11-08 18:31:00+00:00
[2024-11-08T18:32:57.373+0000] {warnings.py:112} WARNING - /home/***/.local/lib/python3.12/site-packages/***/task/task_runner/standard_task_runner.py:70: DeprecationWarning: This process (pid=1573) is multi-threaded, use of fork() may lead to deadlocks in the child.
  pid = os.fork()

[2024-11-08T18:32:57.376+0000] {standard_task_runner.py:72} INFO - Started process 1575 to run task
[2024-11-08T18:32:57.377+0000] {standard_task_runner.py:104} INFO - Running: ['***', 'tasks', 'run', 'fraud_detection', 'notify_normal', 'scheduled__2024-11-08T18:31:00+00:00', '--job-id', '295', '--raw', '--subdir', 'DAGS_FOLDER/fraud_detection_dag.py', '--cfg-path', '/tmp/tmp69ynzm8y']
[2024-11-08T18:32:57.383+0000] {standard_task_runner.py:105} INFO - Job 295: Subtask notify_normal
[2024-11-08T18:32:57.471+0000] {task_command.py:467} INFO - Running <TaskInstance: fraud_detection.notify_normal scheduled__2024-11-08T18:31:00+00:00 [running]> on host 641085defe8e
[2024-11-08T18:32:57.724+0000] {taskinstance.py:3131} INFO - Exporting env vars: AIRFLOW_CTX_DAG_OWNER='fraud_team' AIRFLOW_CTX_DAG_ID='fraud_detection' AIRFLOW_CTX_TASK_ID='notify_normal' AIRFLOW_CTX_EXECUTION_DATE='2024-11-08T18:31:00+00:00' AIRFLOW_CTX_TRY_NUMBER='1' AIRFLOW_CTX_DAG_RUN_ID='scheduled__2024-11-08T18:31:00+00:00'
[2024-11-08T18:32:57.727+0000] {taskinstance.py:731} INFO - ::endgroup::
[2024-11-08T18:32:57.799+0000] {fraud_detection_dag.py:218} INFO - Données de transaction récupérées: {"columns":["cc_num","merchant","category","amt","first","last","gender","street","city","state","zip","lat","long","city_pop","job","dob","trans_num","merch_lat","merch_long","is_fraud","current_time"],"index":[525962],"data":[[3517527805128735,"fraud_Streich, Rolfson and Wilderman","kids_pets",38.62,"Tracy","Conway","F","6778 Campos Field","Bonfield","IL",60913,41.1573,-88.0619,1617,"Medical secretary","1990-04-25","3918f3e866b7cb371d5bb519fb086ab8",41.859668,-88.79637,0,1731090770238]]}
[2024-11-08T18:32:57.800+0000] {fraud_detection_dag.py:219} INFO - Probabilité de fraude: 0.27804051321532713
[2024-11-08T18:32:57.800+0000] {fraud_detection_dag.py:220} INFO - Est une fraude: False
[2024-11-08T18:32:57.808+0000] {fraud_detection_dag.py:280} INFO - Tentative d'envoi d'email normale...
[2024-11-08T18:32:57.809+0000] {fraud_detection_dag.py:281} INFO - Contenu de l'email:

        ✅ Transaction NORMALE détectée!
        
        Statut: Vert
        Probabilité de fraude: 27.80%
        
        Détails de la transaction:
        --------------------------
        ID Transaction: 3918f3e866b7cb371d5bb519fb086ab8
        Montant: 38.62€
        Date/Heure: 2024-11-08 18:32:50
        
        Informations sur le marchand:
        ----------------------------
        Nom: fraud_Streich, Rolfson and Wilderman
        Ville: Bonfield
        État: IL
        
        Informations sur le client:
        --------------------------
        Nom: Tracy Conway
        Ville: Bonfield
        
        Cette notification a été générée automatiquement par le système de détection de fraude.
        
[2024-11-08T18:33:01.696+0000] {fraud_detection_dag.py:291} INFO - Email envoyé avec succès
[2024-11-08T18:33:01.697+0000] {python.py:240} INFO - Done. Returned value was: store_normal
[2024-11-08T18:33:01.778+0000] {taskinstance.py:340} INFO - ::group::Post task execution logs
[2024-11-08T18:33:01.782+0000] {taskinstance.py:352} INFO - Marking task as SUCCESS. dag_id=fraud_detection, task_id=notify_normal, run_id=scheduled__2024-11-08T18:31:00+00:00, execution_date=20241108T183100, start_date=20241108T183257, end_date=20241108T183301
[2024-11-08T18:33:01.884+0000] {local_task_job_runner.py:266} INFO - Task exited with return code 0
[2024-11-08T18:33:01.951+0000] {local_task_job_runner.py:245} INFO - ::endgroup::
