[2024-11-22T18:49:48.145+0000] {local_task_job_runner.py:123} INFO - ::group::Pre task execution logs
[2024-11-22T18:49:48.256+0000] {taskinstance.py:2612} INFO - Dependencies all met for dep_context=non-requeueable deps ti=<TaskInstance: fraud_detection.notify_normal scheduled__2024-11-22T18:47:00+00:00 [queued]>
[2024-11-22T18:49:48.308+0000] {taskinstance.py:2612} INFO - Dependencies all met for dep_context=requeueable deps ti=<TaskInstance: fraud_detection.notify_normal scheduled__2024-11-22T18:47:00+00:00 [queued]>
[2024-11-22T18:49:48.309+0000] {taskinstance.py:2865} INFO - Starting attempt 1 of 2
[2024-11-22T18:49:48.383+0000] {taskinstance.py:2888} INFO - Executing <Task(PythonOperator): notify_normal> on 2024-11-22 18:47:00+00:00
[2024-11-22T18:49:48.409+0000] {warnings.py:112} WARNING - /home/***/.local/lib/python3.12/site-packages/***/task/task_runner/standard_task_runner.py:70: DeprecationWarning: This process (pid=488) is multi-threaded, use of fork() may lead to deadlocks in the child.
  pid = os.fork()

[2024-11-22T18:49:48.416+0000] {standard_task_runner.py:72} INFO - Started process 490 to run task
[2024-11-22T18:49:48.422+0000] {standard_task_runner.py:104} INFO - Running: ['***', 'tasks', 'run', 'fraud_detection', 'notify_normal', 'scheduled__2024-11-22T18:47:00+00:00', '--job-id', '404', '--raw', '--subdir', 'DAGS_FOLDER/fraud_detection_dag.py', '--cfg-path', '/tmp/tmpw_zjl4sd']
[2024-11-22T18:49:48.432+0000] {standard_task_runner.py:105} INFO - Job 404: Subtask notify_normal
[2024-11-22T18:49:48.782+0000] {task_command.py:467} INFO - Running <TaskInstance: fraud_detection.notify_normal scheduled__2024-11-22T18:47:00+00:00 [running]> on host c6af8dbaf1e5
[2024-11-22T18:49:49.220+0000] {taskinstance.py:3131} INFO - Exporting env vars: AIRFLOW_CTX_DAG_OWNER='fraud_team' AIRFLOW_CTX_DAG_ID='fraud_detection' AIRFLOW_CTX_TASK_ID='notify_normal' AIRFLOW_CTX_EXECUTION_DATE='2024-11-22T18:47:00+00:00' AIRFLOW_CTX_TRY_NUMBER='1' AIRFLOW_CTX_DAG_RUN_ID='scheduled__2024-11-22T18:47:00+00:00'
[2024-11-22T18:49:49.225+0000] {taskinstance.py:731} INFO - ::endgroup::
[2024-11-22T18:49:49.427+0000] {fraud_detection_dag.py:218} INFO - Données de transaction récupérées: {"columns":["cc_num","merchant","category","amt","first","last","gender","street","city","state","zip","lat","long","city_pop","job","dob","trans_num","merch_lat","merch_long","is_fraud","current_time"],"index":[392101],"data":[[4708992452821239,"fraud_Boehm, Block and Jakubowski","misc_pos",9.8,"Jared","Walters","M","3326 Hannah Fords","Cord","AR",72524,35.8184,-91.3375,376,"Designer, ceramics\/pottery","1938-09-08","15b27857d308fff26231da4ee39e21a0",35.102119,-91.740581,0,1732301370381]]}
[2024-11-22T18:49:49.431+0000] {fraud_detection_dag.py:219} INFO - Probabilité de fraude: 0.3784366356625962
[2024-11-22T18:49:49.433+0000] {fraud_detection_dag.py:220} INFO - Est une fraude: False
[2024-11-22T18:49:49.464+0000] {fraud_detection_dag.py:280} INFO - Tentative d'envoi d'email normale...
[2024-11-22T18:49:49.464+0000] {fraud_detection_dag.py:281} INFO - Contenu de l'email:

        ✅ Transaction NORMALE détectée!
        
        Statut: Vert
        Probabilité de fraude: 37.84%
        
        Détails de la transaction:
        --------------------------
        ID Transaction: 15b27857d308fff26231da4ee39e21a0
        Montant: 9.80€
        Date/Heure: 2024-11-22 18:49:30
        
        Informations sur le marchand:
        ----------------------------
        Nom: fraud_Boehm, Block and Jakubowski
        Ville: Cord
        État: AR
        
        Informations sur le client:
        --------------------------
        Nom: Jared Walters
        Ville: Cord
        
        Cette notification a été générée automatiquement par le système de détection de fraude.
        
[2024-11-22T18:49:57.118+0000] {fraud_detection_dag.py:291} INFO - Email envoyé avec succès
[2024-11-22T18:49:57.119+0000] {python.py:240} INFO - Done. Returned value was: store_normal
[2024-11-22T18:49:57.267+0000] {taskinstance.py:340} INFO - ::group::Post task execution logs
[2024-11-22T18:49:57.268+0000] {taskinstance.py:352} INFO - Marking task as SUCCESS. dag_id=fraud_detection, task_id=notify_normal, run_id=scheduled__2024-11-22T18:47:00+00:00, execution_date=20241122T184700, start_date=20241122T184948, end_date=20241122T184957
[2024-11-22T18:49:57.386+0000] {local_task_job_runner.py:266} INFO - Task exited with return code 0
[2024-11-22T18:49:57.481+0000] {taskinstance.py:3900} INFO - 1 downstream tasks scheduled from follow-on schedule check
[2024-11-22T18:49:57.497+0000] {local_task_job_runner.py:245} INFO - ::endgroup::
