[2024-11-23T17:03:57.508+0000] {local_task_job_runner.py:123} INFO - ::group::Pre task execution logs
[2024-11-23T17:03:57.542+0000] {taskinstance.py:2612} INFO - Dependencies all met for dep_context=non-requeueable deps ti=<TaskInstance: fraud_detection.store_normal scheduled__2024-11-23T17:02:00+00:00 [queued]>
[2024-11-23T17:03:57.566+0000] {taskinstance.py:2612} INFO - Dependencies all met for dep_context=requeueable deps ti=<TaskInstance: fraud_detection.store_normal scheduled__2024-11-23T17:02:00+00:00 [queued]>
[2024-11-23T17:03:57.566+0000] {taskinstance.py:2865} INFO - Starting attempt 1 of 2
[2024-11-23T17:03:57.596+0000] {taskinstance.py:2888} INFO - Executing <Task(PythonOperator): store_normal> on 2024-11-23 17:02:00+00:00
[2024-11-23T17:03:57.609+0000] {warnings.py:112} WARNING - /home/***/.local/lib/python3.12/site-packages/***/task/task_runner/standard_task_runner.py:70: DeprecationWarning: This process (pid=1064) is multi-threaded, use of fork() may lead to deadlocks in the child.
  pid = os.fork()

[2024-11-23T17:03:57.612+0000] {standard_task_runner.py:72} INFO - Started process 1069 to run task
[2024-11-23T17:03:57.614+0000] {standard_task_runner.py:104} INFO - Running: ['***', 'tasks', 'run', 'fraud_detection', 'store_normal', 'scheduled__2024-11-23T17:02:00+00:00', '--job-id', '110', '--raw', '--subdir', 'DAGS_FOLDER/fraud_detection_dag.py', '--cfg-path', '/tmp/tmp6eqd7pzs']
[2024-11-23T17:03:57.621+0000] {standard_task_runner.py:105} INFO - Job 110: Subtask store_normal
[2024-11-23T17:03:57.721+0000] {task_command.py:467} INFO - Running <TaskInstance: fraud_detection.store_normal scheduled__2024-11-23T17:02:00+00:00 [running]> on host 345e92ff26bf
[2024-11-23T17:03:57.915+0000] {taskinstance.py:3131} INFO - Exporting env vars: AIRFLOW_CTX_DAG_OWNER='fraud_team' AIRFLOW_CTX_DAG_ID='fraud_detection' AIRFLOW_CTX_TASK_ID='store_normal' AIRFLOW_CTX_EXECUTION_DATE='2024-11-23T17:02:00+00:00' AIRFLOW_CTX_TRY_NUMBER='1' AIRFLOW_CTX_DAG_RUN_ID='scheduled__2024-11-23T17:02:00+00:00'
[2024-11-23T17:03:57.917+0000] {taskinstance.py:731} INFO - ::endgroup::
[2024-11-23T17:03:57.934+0000] {fraud_detection_dag.py:310} INFO - Tentative de connexion à Neon...
[2024-11-23T17:04:01.742+0000] {fraud_detection_dag.py:316} INFO - Connexion à Neon réussie!
[2024-11-23T17:04:02.043+0000] {fraud_detection_dag.py:323} INFO - Données reçues pour stockage: {"columns":["cc_num","merchant","category","amt","first","last","gender","street","city","state","zip","lat","long","city_pop","job","dob","trans_num","merch_lat","merch_long","is_fraud","current_time"],"index":[152875],"data":[[4861310130652566408,"fraud_Sawayn PLC","shopping_pos",15.87,"Ashley","Cruz","F","65417 Walsh Radial Suite 691","Saint Amant","LA",70774,30.2385,-90.8435,10076,"Surveyor, rural practice","1977-12-16","980aa27d8537f13c11bc24a9c34c7096",31.238426,-90.709924,0,1732381421651]]}
[2024-11-23T17:04:02.045+0000] {fraud_detection_dag.py:332} INFO - JSON parsé avec succès
[2024-11-23T17:04:02.055+0000] {fraud_detection_dag.py:336} INFO - DataFrame créé avec 1 lignes
[2024-11-23T17:04:02.058+0000] {fraud_detection_dag.py:341} INFO - Colonne current_time renommée en trans_date_trans_time
[2024-11-23T17:04:02.070+0000] {fraud_detection_dag.py:345} INFO - Conversion du timestamp réussie
[2024-11-23T17:04:02.303+0000] {fraud_detection_dag.py:349} INFO - Indicateur de fraude récupéré: False
[2024-11-23T17:04:02.317+0000] {fraud_detection_dag.py:353} INFO - Colonne is_fraud mise à jour avec la valeur: False
[2024-11-23T17:04:02.359+0000] {fraud_detection_dag.py:357} INFO - Conversion de is_fraud en boolean réussie
[2024-11-23T17:04:02.361+0000] {fraud_detection_dag.py:360} INFO - Colonnes finales avant stockage: ['cc_num', 'merchant', 'category', 'amt', 'first', 'last', 'gender', 'street', 'city', 'state', 'zip', 'lat', 'long', 'city_pop', 'job', 'dob', 'trans_num', 'merch_lat', 'merch_long', 'is_fraud', 'trans_date_trans_time']
[2024-11-23T17:04:02.387+0000] {fraud_detection_dag.py:361} INFO - Types des données: 
cc_num                            int64
merchant                         object
category                         object
amt                             float64
first                            object
last                             object
gender                           object
street                           object
city                             object
state                            object
zip                               int64
lat                             float64
long                            float64
city_pop                          int64
job                              object
dob                              object
trans_num                        object
merch_lat                       float64
merch_long                      float64
is_fraud                           bool
trans_date_trans_time    datetime64[ns]
dtype: object
[2024-11-23T17:04:02.420+0000] {fraud_detection_dag.py:365} INFO - Stockage dans la table: normal_transactions
[2024-11-23T17:04:03.229+0000] {fraud_detection_dag.py:370} INFO - Données stockées avec succès dans la table normal_transactions
[2024-11-23T17:04:03.230+0000] {python.py:240} INFO - Done. Returned value was: None
[2024-11-23T17:04:03.270+0000] {taskinstance.py:340} INFO - ::group::Post task execution logs
[2024-11-23T17:04:03.271+0000] {taskinstance.py:352} INFO - Marking task as SUCCESS. dag_id=fraud_detection, task_id=store_normal, run_id=scheduled__2024-11-23T17:02:00+00:00, execution_date=20241123T170200, start_date=20241123T170357, end_date=20241123T170403
[2024-11-23T17:04:03.520+0000] {local_task_job_runner.py:266} INFO - Task exited with return code 0
[2024-11-23T17:04:03.878+0000] {taskinstance.py:3900} INFO - 1 downstream tasks scheduled from follow-on schedule check
[2024-11-23T17:04:03.881+0000] {local_task_job_runner.py:245} INFO - ::endgroup::
