[2024-11-23T16:52:52.642+0000] {local_task_job_runner.py:123} INFO - ::group::Pre task execution logs
[2024-11-23T16:52:52.681+0000] {taskinstance.py:2612} INFO - Dependencies all met for dep_context=non-requeueable deps ti=<TaskInstance: fraud_detection.notify_normal scheduled__2024-11-23T16:51:00+00:00 [queued]>
[2024-11-23T16:52:52.700+0000] {taskinstance.py:2612} INFO - Dependencies all met for dep_context=requeueable deps ti=<TaskInstance: fraud_detection.notify_normal scheduled__2024-11-23T16:51:00+00:00 [queued]>
[2024-11-23T16:52:52.701+0000] {taskinstance.py:2865} INFO - Starting attempt 1 of 2
[2024-11-23T16:52:52.731+0000] {taskinstance.py:2888} INFO - Executing <Task(PythonOperator): notify_normal> on 2024-11-23 16:51:00+00:00
[2024-11-23T16:52:52.761+0000] {warnings.py:112} WARNING - /home/***/.local/lib/python3.12/site-packages/***/task/task_runner/standard_task_runner.py:70: DeprecationWarning: This process (pid=333) is multi-threaded, use of fork() may lead to deadlocks in the child.
  pid = os.fork()

[2024-11-23T16:52:52.763+0000] {standard_task_runner.py:72} INFO - Started process 338 to run task
[2024-11-23T16:52:52.772+0000] {standard_task_runner.py:104} INFO - Running: ['***', 'tasks', 'run', 'fraud_detection', 'notify_normal', 'scheduled__2024-11-23T16:51:00+00:00', '--job-id', '35', '--raw', '--subdir', 'DAGS_FOLDER/fraud_detection_dag.py', '--cfg-path', '/tmp/tmpc3bu3kjn']
[2024-11-23T16:52:52.775+0000] {standard_task_runner.py:105} INFO - Job 35: Subtask notify_normal
[2024-11-23T16:52:52.882+0000] {task_command.py:467} INFO - Running <TaskInstance: fraud_detection.notify_normal scheduled__2024-11-23T16:51:00+00:00 [running]> on host 345e92ff26bf
[2024-11-23T16:52:53.055+0000] {taskinstance.py:3131} INFO - Exporting env vars: AIRFLOW_CTX_DAG_OWNER='fraud_team' AIRFLOW_CTX_DAG_ID='fraud_detection' AIRFLOW_CTX_TASK_ID='notify_normal' AIRFLOW_CTX_EXECUTION_DATE='2024-11-23T16:51:00+00:00' AIRFLOW_CTX_TRY_NUMBER='1' AIRFLOW_CTX_DAG_RUN_ID='scheduled__2024-11-23T16:51:00+00:00'
[2024-11-23T16:52:53.057+0000] {taskinstance.py:731} INFO - ::endgroup::
[2024-11-23T16:52:53.130+0000] {fraud_detection_dag.py:219} INFO - Données de transaction récupérées: {"columns":["cc_num","merchant","category","amt","first","last","gender","street","city","state","zip","lat","long","city_pop","job","dob","trans_num","merch_lat","merch_long","is_fraud","current_time"],"index":[329901],"data":[[376262134119629,"fraud_Erdman-Schaden","personal_care",8.85,"Christopher","Carr","M","62931 Ralph Court","Lakeland","FL",33813,27.9611,-81.9398,237282,"Radiographer, therapeutic","1961-09-28","dcabb40b9982dff088f83e7cdaa6dc80",27.553216,-81.478943,0,1732380759570]]}
[2024-11-23T16:52:53.131+0000] {fraud_detection_dag.py:220} INFO - Probabilité de fraude: 0.2955976508548219
[2024-11-23T16:52:53.131+0000] {fraud_detection_dag.py:221} INFO - Est une fraude: False
[2024-11-23T16:52:53.139+0000] {fraud_detection_dag.py:281} INFO - Tentative d'envoi d'email normale...
[2024-11-23T16:52:53.140+0000] {fraud_detection_dag.py:282} INFO - Contenu de l'email:

        ✅ Transaction NORMALE détectée!
        
        Statut: Vert
        Probabilité de fraude: 29.56%
        
        Détails de la transaction:
        --------------------------
        ID Transaction: dcabb40b9982dff088f83e7cdaa6dc80
        Montant: 8.85€
        Date/Heure: 2024-11-23 16:52:39
        
        Informations sur le marchand:
        ----------------------------
        Nom: fraud_Erdman-Schaden
        Ville: Lakeland
        État: FL
        
        Informations sur le client:
        --------------------------
        Nom: Christopher Carr
        Ville: Lakeland
        
        Cette notification a été générée automatiquement par le système de détection de fraude.
        
[2024-11-23T16:53:00.188+0000] {fraud_detection_dag.py:292} INFO - Email envoyé avec succès
[2024-11-23T16:53:00.192+0000] {python.py:240} INFO - Done. Returned value was: store_normal
[2024-11-23T16:53:00.272+0000] {taskinstance.py:340} INFO - ::group::Post task execution logs
[2024-11-23T16:53:00.274+0000] {taskinstance.py:352} INFO - Marking task as SUCCESS. dag_id=fraud_detection, task_id=notify_normal, run_id=scheduled__2024-11-23T16:51:00+00:00, execution_date=20241123T165100, start_date=20241123T165252, end_date=20241123T165300
[2024-11-23T16:53:00.321+0000] {local_task_job_runner.py:266} INFO - Task exited with return code 0
[2024-11-23T16:53:00.366+0000] {taskinstance.py:3900} INFO - 1 downstream tasks scheduled from follow-on schedule check
[2024-11-23T16:53:00.369+0000] {local_task_job_runner.py:245} INFO - ::endgroup::
