[2024-11-23T18:19:20.073+0000] {local_task_job_runner.py:123} INFO - ::group::Pre task execution logs
[2024-11-23T18:19:20.146+0000] {taskinstance.py:2612} INFO - Dependencies all met for dep_context=non-requeueable deps ti=<TaskInstance: fraud_detection.notify_normal scheduled__2024-11-23T18:17:00+00:00 [queued]>
[2024-11-23T18:19:20.173+0000] {taskinstance.py:2612} INFO - Dependencies all met for dep_context=requeueable deps ti=<TaskInstance: fraud_detection.notify_normal scheduled__2024-11-23T18:17:00+00:00 [queued]>
[2024-11-23T18:19:20.174+0000] {taskinstance.py:2865} INFO - Starting attempt 1 of 2
[2024-11-23T18:19:20.219+0000] {taskinstance.py:2888} INFO - Executing <Task(PythonOperator): notify_normal> on 2024-11-23 18:17:00+00:00
[2024-11-23T18:19:20.235+0000] {warnings.py:112} WARNING - /home/***/.local/lib/python3.12/site-packages/***/task/task_runner/standard_task_runner.py:70: DeprecationWarning: This process (pid=5069) is multi-threaded, use of fork() may lead to deadlocks in the child.
  pid = os.fork()

[2024-11-23T18:19:20.237+0000] {standard_task_runner.py:72} INFO - Started process 5078 to run task
[2024-11-23T18:19:20.244+0000] {standard_task_runner.py:104} INFO - Running: ['***', 'tasks', 'run', 'fraud_detection', 'notify_normal', 'scheduled__2024-11-23T18:17:00+00:00', '--job-id', '502', '--raw', '--subdir', 'DAGS_FOLDER/fraud_detection_dag.py', '--cfg-path', '/tmp/tmpyh4d5q5c']
[2024-11-23T18:19:20.249+0000] {standard_task_runner.py:105} INFO - Job 502: Subtask notify_normal
[2024-11-23T18:19:20.390+0000] {task_command.py:467} INFO - Running <TaskInstance: fraud_detection.notify_normal scheduled__2024-11-23T18:17:00+00:00 [running]> on host 345e92ff26bf
[2024-11-23T18:19:20.617+0000] {taskinstance.py:3131} INFO - Exporting env vars: AIRFLOW_CTX_DAG_OWNER='fraud_team' AIRFLOW_CTX_DAG_ID='fraud_detection' AIRFLOW_CTX_TASK_ID='notify_normal' AIRFLOW_CTX_EXECUTION_DATE='2024-11-23T18:17:00+00:00' AIRFLOW_CTX_TRY_NUMBER='1' AIRFLOW_CTX_DAG_RUN_ID='scheduled__2024-11-23T18:17:00+00:00'
[2024-11-23T18:19:20.621+0000] {taskinstance.py:731} INFO - ::endgroup::
[2024-11-23T18:19:20.766+0000] {fraud_detection_dag.py:144} INFO - Données de transaction récupérées: {"columns":["cc_num","merchant","category","amt","first","last","gender","street","city","state","zip","lat","long","city_pop","job","dob","trans_num","merch_lat","merch_long","is_fraud","current_time"],"index":[266892],"data":[[344709867813900,"fraud_Smitham-Schiller","grocery_net",96.28,"Joanna","Hudson","F","2924 Bobby Trafficway","Sebring","FL",33872,27.4703,-81.4872,50835,"Environmental consultant","1986-01-30","2976358150ee5c8055d36ca57c8126d3",28.051428,-81.400991,0,1732385946559]]}
[2024-11-23T18:19:20.767+0000] {fraud_detection_dag.py:145} INFO - Probabilité de fraude: 0.30113579302601035
[2024-11-23T18:19:20.773+0000] {fraud_detection_dag.py:146} INFO - Est une fraude: False
[2024-11-23T18:19:20.786+0000] {fraud_detection_dag.py:206} INFO - Tentative d'envoi d'email normale...
[2024-11-23T18:19:20.787+0000] {fraud_detection_dag.py:207} INFO - Contenu de l'email:

        ✅ Transaction NORMALE détectée!
        
        Statut: Vert
        Probabilité de fraude: 30.11%
        
        Détails de la transaction:
        --------------------------
        ID Transaction: 2976358150ee5c8055d36ca57c8126d3
        Montant: 96.28€
        Date/Heure: 2024-11-23 18:19:06
        
        Informations sur le marchand:
        ----------------------------
        Nom: fraud_Smitham-Schiller
        Ville: Sebring
        État: FL
        
        Informations sur le client:
        --------------------------
        Nom: Joanna Hudson
        Ville: Sebring
        
        Cette notification a été générée automatiquement par le système de détection de fraude.
        
[2024-11-23T18:19:23.342+0000] {fraud_detection_dag.py:217} INFO - Email envoyé avec succès
[2024-11-23T18:19:23.344+0000] {python.py:240} INFO - Done. Returned value was: store_normal
[2024-11-23T18:19:23.438+0000] {taskinstance.py:340} INFO - ::group::Post task execution logs
[2024-11-23T18:19:23.440+0000] {taskinstance.py:352} INFO - Marking task as SUCCESS. dag_id=fraud_detection, task_id=notify_normal, run_id=scheduled__2024-11-23T18:17:00+00:00, execution_date=20241123T181700, start_date=20241123T181920, end_date=20241123T181923
[2024-11-23T18:19:23.606+0000] {local_task_job_runner.py:266} INFO - Task exited with return code 0
[2024-11-23T18:19:23.697+0000] {taskinstance.py:3900} INFO - 1 downstream tasks scheduled from follow-on schedule check
[2024-11-23T18:19:23.701+0000] {local_task_job_runner.py:245} INFO - ::endgroup::
