[2024-11-22T18:48:11.726+0000] {local_task_job_runner.py:123} INFO - ::group::Pre task execution logs
[2024-11-22T18:48:11.859+0000] {taskinstance.py:2612} INFO - Dependencies all met for dep_context=non-requeueable deps ti=<TaskInstance: fraud_detection.notify_normal scheduled__2024-11-22T18:45:00+00:00 [queued]>
[2024-11-22T18:48:11.917+0000] {taskinstance.py:2612} INFO - Dependencies all met for dep_context=requeueable deps ti=<TaskInstance: fraud_detection.notify_normal scheduled__2024-11-22T18:45:00+00:00 [queued]>
[2024-11-22T18:48:11.919+0000] {taskinstance.py:2865} INFO - Starting attempt 1 of 2
[2024-11-22T18:48:12.002+0000] {taskinstance.py:2888} INFO - Executing <Task(PythonOperator): notify_normal> on 2024-11-22 18:45:00+00:00
[2024-11-22T18:48:12.093+0000] {warnings.py:112} WARNING - /home/***/.local/lib/python3.12/site-packages/***/task/task_runner/standard_task_runner.py:70: DeprecationWarning: This process (pid=421) is multi-threaded, use of fork() may lead to deadlocks in the child.
  pid = os.fork()

[2024-11-22T18:48:12.100+0000] {standard_task_runner.py:72} INFO - Started process 424 to run task
[2024-11-22T18:48:12.107+0000] {standard_task_runner.py:104} INFO - Running: ['***', 'tasks', 'run', 'fraud_detection', 'notify_normal', 'scheduled__2024-11-22T18:45:00+00:00', '--job-id', '394', '--raw', '--subdir', 'DAGS_FOLDER/fraud_detection_dag.py', '--cfg-path', '/tmp/tmpfcalufpm']
[2024-11-22T18:48:12.144+0000] {standard_task_runner.py:105} INFO - Job 394: Subtask notify_normal
[2024-11-22T18:48:12.615+0000] {task_command.py:467} INFO - Running <TaskInstance: fraud_detection.notify_normal scheduled__2024-11-22T18:45:00+00:00 [running]> on host c6af8dbaf1e5
[2024-11-22T18:48:13.690+0000] {taskinstance.py:3131} INFO - Exporting env vars: AIRFLOW_CTX_DAG_OWNER='fraud_team' AIRFLOW_CTX_DAG_ID='fraud_detection' AIRFLOW_CTX_TASK_ID='notify_normal' AIRFLOW_CTX_EXECUTION_DATE='2024-11-22T18:45:00+00:00' AIRFLOW_CTX_TRY_NUMBER='1' AIRFLOW_CTX_DAG_RUN_ID='scheduled__2024-11-22T18:45:00+00:00'
[2024-11-22T18:48:13.692+0000] {taskinstance.py:731} INFO - ::endgroup::
[2024-11-22T18:48:13.938+0000] {fraud_detection_dag.py:218} INFO - Données de transaction récupérées: {"columns":["cc_num","merchant","category","amt","first","last","gender","street","city","state","zip","lat","long","city_pop","job","dob","trans_num","merch_lat","merch_long","is_fraud","current_time"],"index":[479629],"data":[[502049568400,"fraud_Spencer PLC","entertainment",62.6,"Daniel","Melton","M","6157 Nichols Mews","Marion","CT",6444,41.7918,-72.7188,370,"Health service manager","1962-02-13","efddcd3e1230ee9f648f514bf13ca000",40.876241,-72.591074,0,1732301256056]]}
[2024-11-22T18:48:13.939+0000] {fraud_detection_dag.py:219} INFO - Probabilité de fraude: 0.36462115127762684
[2024-11-22T18:48:13.940+0000] {fraud_detection_dag.py:220} INFO - Est une fraude: False
[2024-11-22T18:48:13.955+0000] {fraud_detection_dag.py:280} INFO - Tentative d'envoi d'email normale...
[2024-11-22T18:48:13.955+0000] {fraud_detection_dag.py:281} INFO - Contenu de l'email:

        ✅ Transaction NORMALE détectée!
        
        Statut: Vert
        Probabilité de fraude: 36.46%
        
        Détails de la transaction:
        --------------------------
        ID Transaction: efddcd3e1230ee9f648f514bf13ca000
        Montant: 62.60€
        Date/Heure: 2024-11-22 18:47:36
        
        Informations sur le marchand:
        ----------------------------
        Nom: fraud_Spencer PLC
        Ville: Marion
        État: CT
        
        Informations sur le client:
        --------------------------
        Nom: Daniel Melton
        Ville: Marion
        
        Cette notification a été générée automatiquement par le système de détection de fraude.
        
[2024-11-22T18:48:19.202+0000] {fraud_detection_dag.py:291} INFO - Email envoyé avec succès
[2024-11-22T18:48:19.204+0000] {python.py:240} INFO - Done. Returned value was: store_normal
[2024-11-22T18:48:19.360+0000] {taskinstance.py:340} INFO - ::group::Post task execution logs
[2024-11-22T18:48:19.363+0000] {taskinstance.py:352} INFO - Marking task as SUCCESS. dag_id=fraud_detection, task_id=notify_normal, run_id=scheduled__2024-11-22T18:45:00+00:00, execution_date=20241122T184500, start_date=20241122T184811, end_date=20241122T184819
[2024-11-22T18:48:19.494+0000] {local_task_job_runner.py:266} INFO - Task exited with return code 0
[2024-11-22T18:48:19.573+0000] {local_task_job_runner.py:245} INFO - ::endgroup::
