[2024-11-23T17:47:17.559+0000] {local_task_job_runner.py:123} INFO - ::group::Pre task execution logs
[2024-11-23T17:47:17.649+0000] {taskinstance.py:2612} INFO - Dependencies all met for dep_context=non-requeueable deps ti=<TaskInstance: fraud_detection.notify_normal scheduled__2024-11-23T17:45:00+00:00 [queued]>
[2024-11-23T17:47:17.695+0000] {taskinstance.py:2612} INFO - Dependencies all met for dep_context=requeueable deps ti=<TaskInstance: fraud_detection.notify_normal scheduled__2024-11-23T17:45:00+00:00 [queued]>
[2024-11-23T17:47:17.697+0000] {taskinstance.py:2865} INFO - Starting attempt 1 of 2
[2024-11-23T17:47:17.764+0000] {taskinstance.py:2888} INFO - Executing <Task(PythonOperator): notify_normal> on 2024-11-23 17:45:00+00:00
[2024-11-23T17:47:17.804+0000] {warnings.py:112} WARNING - /home/***/.local/lib/python3.12/site-packages/***/task/task_runner/standard_task_runner.py:70: DeprecationWarning: This process (pid=3021) is multi-threaded, use of fork() may lead to deadlocks in the child.
  pid = os.fork()

[2024-11-23T17:47:17.810+0000] {standard_task_runner.py:72} INFO - Started process 3027 to run task
[2024-11-23T17:47:17.816+0000] {standard_task_runner.py:104} INFO - Running: ['***', 'tasks', 'run', 'fraud_detection', 'notify_normal', 'scheduled__2024-11-23T17:45:00+00:00', '--job-id', '284', '--raw', '--subdir', 'DAGS_FOLDER/fraud_detection_dag.py', '--cfg-path', '/tmp/tmpcduntsmc']
[2024-11-23T17:47:17.832+0000] {standard_task_runner.py:105} INFO - Job 284: Subtask notify_normal
[2024-11-23T17:47:18.171+0000] {task_command.py:467} INFO - Running <TaskInstance: fraud_detection.notify_normal scheduled__2024-11-23T17:45:00+00:00 [running]> on host 345e92ff26bf
[2024-11-23T17:47:18.721+0000] {taskinstance.py:3131} INFO - Exporting env vars: AIRFLOW_CTX_DAG_OWNER='fraud_team' AIRFLOW_CTX_DAG_ID='fraud_detection' AIRFLOW_CTX_TASK_ID='notify_normal' AIRFLOW_CTX_EXECUTION_DATE='2024-11-23T17:45:00+00:00' AIRFLOW_CTX_TRY_NUMBER='1' AIRFLOW_CTX_DAG_RUN_ID='scheduled__2024-11-23T17:45:00+00:00'
[2024-11-23T17:47:18.723+0000] {taskinstance.py:731} INFO - ::endgroup::
[2024-11-23T17:47:18.901+0000] {fraud_detection_dag.py:144} INFO - Données de transaction récupérées: {"columns":["cc_num","merchant","category","amt","first","last","gender","street","city","state","zip","lat","long","city_pop","job","dob","trans_num","merch_lat","merch_long","is_fraud","current_time"],"index":[477690],"data":[[4158945090781624,"fraud_Bruen-Yost","misc_pos",8.02,"Justin","Bell","M","5323 Walker Island","Pittsburgh","PA",15217,40.4308,-79.9205,687276,"Scientist, marine","1973-10-19","a61865340e8f0ce6a75d0e8a3c30af4f",41.146508,-80.219701,0,1732384019266]]}
[2024-11-23T17:47:18.902+0000] {fraud_detection_dag.py:145} INFO - Probabilité de fraude: 0.36902680696640167
[2024-11-23T17:47:18.905+0000] {fraud_detection_dag.py:146} INFO - Est une fraude: False
[2024-11-23T17:47:18.928+0000] {fraud_detection_dag.py:206} INFO - Tentative d'envoi d'email normale...
[2024-11-23T17:47:18.929+0000] {fraud_detection_dag.py:207} INFO - Contenu de l'email:

        ✅ Transaction NORMALE détectée!
        
        Statut: Vert
        Probabilité de fraude: 36.90%
        
        Détails de la transaction:
        --------------------------
        ID Transaction: a61865340e8f0ce6a75d0e8a3c30af4f
        Montant: 8.02€
        Date/Heure: 2024-11-23 17:46:59
        
        Informations sur le marchand:
        ----------------------------
        Nom: fraud_Bruen-Yost
        Ville: Pittsburgh
        État: PA
        
        Informations sur le client:
        --------------------------
        Nom: Justin Bell
        Ville: Pittsburgh
        
        Cette notification a été générée automatiquement par le système de détection de fraude.
        
[2024-11-23T17:47:25.966+0000] {fraud_detection_dag.py:217} INFO - Email envoyé avec succès
[2024-11-23T17:47:25.967+0000] {python.py:240} INFO - Done. Returned value was: store_normal
[2024-11-23T17:47:26.082+0000] {taskinstance.py:340} INFO - ::group::Post task execution logs
[2024-11-23T17:47:26.087+0000] {taskinstance.py:352} INFO - Marking task as SUCCESS. dag_id=fraud_detection, task_id=notify_normal, run_id=scheduled__2024-11-23T17:45:00+00:00, execution_date=20241123T174500, start_date=20241123T174717, end_date=20241123T174726
[2024-11-23T17:47:26.192+0000] {local_task_job_runner.py:266} INFO - Task exited with return code 0
[2024-11-23T17:47:26.277+0000] {taskinstance.py:3900} INFO - 1 downstream tasks scheduled from follow-on schedule check
[2024-11-23T17:47:26.287+0000] {local_task_job_runner.py:245} INFO - ::endgroup::
