[2024-11-22T18:49:38.483+0000] {local_task_job_runner.py:123} INFO - ::group::Pre task execution logs
[2024-11-22T18:49:38.598+0000] {taskinstance.py:2612} INFO - Dependencies all met for dep_context=non-requeueable deps ti=<TaskInstance: fraud_detection.process_transaction scheduled__2024-11-22T18:47:00+00:00 [queued]>
[2024-11-22T18:49:38.650+0000] {taskinstance.py:2612} INFO - Dependencies all met for dep_context=requeueable deps ti=<TaskInstance: fraud_detection.process_transaction scheduled__2024-11-22T18:47:00+00:00 [queued]>
[2024-11-22T18:49:38.651+0000] {taskinstance.py:2865} INFO - Starting attempt 1 of 2
[2024-11-22T18:49:38.716+0000] {taskinstance.py:2888} INFO - Executing <Task(BranchPythonOperator): process_transaction> on 2024-11-22 18:47:00+00:00
[2024-11-22T18:49:38.763+0000] {warnings.py:112} WARNING - /home/***/.local/lib/python3.12/site-packages/***/task/task_runner/standard_task_runner.py:70: DeprecationWarning: This process (pid=481) is multi-threaded, use of fork() may lead to deadlocks in the child.
  pid = os.fork()

[2024-11-22T18:49:38.774+0000] {standard_task_runner.py:72} INFO - Started process 483 to run task
[2024-11-22T18:49:38.780+0000] {standard_task_runner.py:104} INFO - Running: ['***', 'tasks', 'run', 'fraud_detection', 'process_transaction', 'scheduled__2024-11-22T18:47:00+00:00', '--job-id', '403', '--raw', '--subdir', 'DAGS_FOLDER/fraud_detection_dag.py', '--cfg-path', '/tmp/tmpedb_dzly']
[2024-11-22T18:49:38.786+0000] {standard_task_runner.py:105} INFO - Job 403: Subtask process_transaction
[2024-11-22T18:49:38.996+0000] {task_command.py:467} INFO - Running <TaskInstance: fraud_detection.process_transaction scheduled__2024-11-22T18:47:00+00:00 [running]> on host c6af8dbaf1e5
[2024-11-22T18:49:39.490+0000] {taskinstance.py:3131} INFO - Exporting env vars: AIRFLOW_CTX_DAG_OWNER='fraud_team' AIRFLOW_CTX_DAG_ID='fraud_detection' AIRFLOW_CTX_TASK_ID='process_transaction' AIRFLOW_CTX_EXECUTION_DATE='2024-11-22T18:47:00+00:00' AIRFLOW_CTX_TRY_NUMBER='1' AIRFLOW_CTX_DAG_RUN_ID='scheduled__2024-11-22T18:47:00+00:00'
[2024-11-22T18:49:39.493+0000] {taskinstance.py:731} INFO - ::endgroup::
[2024-11-22T18:49:39.549+0000] {baseoperator.py:405} WARNING - BranchPythonOperator.execute cannot be called outside TaskInstance!
[2024-11-22T18:49:39.612+0000] {fraud_detection_dag.py:77} INFO - Données récupérées depuis XCom: {"columns":["cc_num","merchant","category","amt","first","last","gender","street","city","state","zip","lat","long","city_pop","job","dob","trans_num","merch_lat","merch_long","is_fraud","current_time"],"index":[392101],"data":[[4708992452821239,"fraud_Boehm, Block and Jakubowski","misc_pos",9.8,"Jared","Walters","M","3326 Hannah Fords","Cord","AR",72524,35.8184,-91.3375,376,"Designer, ceramics\/pottery","1938-09-08","15b27857d308fff26231da4ee39e21a0",35.102119,-91.740581,0,1732301370381]]}
[2024-11-22T18:49:39.615+0000] {fraud_detection_dag.py:85} INFO - Données JSON parsées avec succès
[2024-11-22T18:49:39.634+0000] {fraud_detection_dag.py:89} INFO - DataFrame créé avec 1 lignes
[2024-11-22T18:49:39.642+0000] {fraud_detection_dag.py:93} INFO - Colonnes renommées avec succès
[2024-11-22T18:49:39.644+0000] {fraud_detection_dag.py:94} INFO - Colonnes disponibles: ['cc_num', 'merchant', 'category', 'amt', 'first', 'last', 'gender', 'street', 'city', 'state', 'zip', 'lat', 'long', 'city_pop', 'job', 'dob', 'trans_num', 'merch_lat', 'merch_long', 'is_fraud', 'trans_date_trans_time']
[2024-11-22T18:49:39.657+0000] {fraud_detection_dag.py:98} INFO - Conversion de trans_date_trans_time en unix_time réussie
[2024-11-22T18:49:39.793+0000] {fraud_detection_dag.py:107} INFO - Transformation des données...
[2024-11-22T18:49:42.407+0000] {warnings.py:112} WARNING - /home/***/.local/lib/python3.12/site-packages/sklearn/ensemble/_base.py:172: UserWarning: Loky-backed parallel loops cannot be called in a multiprocessing, setting n_jobs=1
  n_jobs = min(effective_n_jobs(n_jobs), n_estimators)

[2024-11-22T18:49:42.466+0000] {warnings.py:112} WARNING - /home/***/.local/lib/python3.12/site-packages/sklearn/ensemble/_base.py:172: UserWarning: Loky-backed parallel loops cannot be called in a multiprocessing, setting n_jobs=1
  n_jobs = min(effective_n_jobs(n_jobs), n_estimators)

[2024-11-22T18:49:42.500+0000] {fraud_detection_dag.py:119} INFO - Prediction de fraude: NORMAL, Probabilité: 37.84%
[2024-11-22T18:49:42.632+0000] {fraud_detection_dag.py:125} INFO - Prédiction: NORMAL (Probabilité: 37.84%)
[2024-11-22T18:49:42.640+0000] {python.py:240} INFO - Done. Returned value was: notify_normal
[2024-11-22T18:49:42.647+0000] {branch.py:38} INFO - Branch into notify_normal
[2024-11-22T18:49:42.652+0000] {skipmixin.py:230} INFO - Following branch ('notify_normal',)
[2024-11-22T18:49:42.701+0000] {skipmixin.py:278} INFO - Skipping tasks [('skip_processing', -1), ('notify_fraud', -1)]
[2024-11-22T18:49:42.926+0000] {taskinstance.py:340} INFO - ::group::Post task execution logs
[2024-11-22T18:49:42.926+0000] {taskinstance.py:352} INFO - Marking task as SUCCESS. dag_id=fraud_detection, task_id=process_transaction, run_id=scheduled__2024-11-22T18:47:00+00:00, execution_date=20241122T184700, start_date=20241122T184938, end_date=20241122T184942
[2024-11-22T18:49:43.100+0000] {local_task_job_runner.py:266} INFO - Task exited with return code 0
[2024-11-22T18:49:43.306+0000] {taskinstance.py:3900} INFO - 1 downstream tasks scheduled from follow-on schedule check
[2024-11-22T18:49:43.334+0000] {local_task_job_runner.py:245} INFO - ::endgroup::
