[2024-11-24T15:15:46.013+0000] {local_task_job_runner.py:123} INFO - ::group::Pre task execution logs
[2024-11-24T15:15:46.049+0000] {taskinstance.py:2612} INFO - Dependencies all met for dep_context=non-requeueable deps ti=<TaskInstance: fraud_detection.fetch_api scheduled__2024-11-24T15:14:00+00:00 [queued]>
[2024-11-24T15:15:46.073+0000] {taskinstance.py:2612} INFO - Dependencies all met for dep_context=requeueable deps ti=<TaskInstance: fraud_detection.fetch_api scheduled__2024-11-24T15:14:00+00:00 [queued]>
[2024-11-24T15:15:46.074+0000] {taskinstance.py:2865} INFO - Starting attempt 1 of 2
[2024-11-24T15:15:46.109+0000] {taskinstance.py:2888} INFO - Executing <Task(PythonOperator): fetch_api> on 2024-11-24 15:14:00+00:00
[2024-11-24T15:15:46.127+0000] {warnings.py:112} WARNING - /home/***/.local/lib/python3.12/site-packages/***/task/task_runner/standard_task_runner.py:70: DeprecationWarning: This process (pid=644) is multi-threaded, use of fork() may lead to deadlocks in the child.
  pid = os.fork()

[2024-11-24T15:15:46.130+0000] {standard_task_runner.py:72} INFO - Started process 649 to run task
[2024-11-24T15:15:46.133+0000] {standard_task_runner.py:104} INFO - Running: ['***', 'tasks', 'run', 'fraud_detection', 'fetch_api', 'scheduled__2024-11-24T15:14:00+00:00', '--job-id', '566', '--raw', '--subdir', 'DAGS_FOLDER/fraud_detection_dag.py', '--cfg-path', '/tmp/tmpoe_nb2o_']
[2024-11-24T15:15:46.138+0000] {standard_task_runner.py:105} INFO - Job 566: Subtask fetch_api
[2024-11-24T15:15:46.364+0000] {task_command.py:467} INFO - Running <TaskInstance: fraud_detection.fetch_api scheduled__2024-11-24T15:14:00+00:00 [running]> on host 345e92ff26bf
[2024-11-24T15:15:46.672+0000] {taskinstance.py:3131} INFO - Exporting env vars: AIRFLOW_CTX_DAG_OWNER='fraud_team' AIRFLOW_CTX_DAG_ID='fraud_detection' AIRFLOW_CTX_TASK_ID='fetch_api' AIRFLOW_CTX_EXECUTION_DATE='2024-11-24T15:14:00+00:00' AIRFLOW_CTX_TRY_NUMBER='1' AIRFLOW_CTX_DAG_RUN_ID='scheduled__2024-11-24T15:14:00+00:00'
[2024-11-24T15:15:46.677+0000] {taskinstance.py:731} INFO - ::endgroup::
[2024-11-24T15:15:49.462+0000] {fraud_detection_dag.py:65} INFO - Transaction reçue avec succès
[2024-11-24T15:15:49.541+0000] {python.py:240} INFO - Done. Returned value was: None
[2024-11-24T15:15:49.560+0000] {taskinstance.py:340} INFO - ::group::Post task execution logs
[2024-11-24T15:15:49.562+0000] {taskinstance.py:352} INFO - Marking task as SUCCESS. dag_id=fraud_detection, task_id=fetch_api, run_id=scheduled__2024-11-24T15:14:00+00:00, execution_date=20241124T151400, start_date=20241124T151546, end_date=20241124T151549
[2024-11-24T15:15:49.603+0000] {local_task_job_runner.py:266} INFO - Task exited with return code 0
[2024-11-24T15:15:49.659+0000] {taskinstance.py:3900} INFO - 1 downstream tasks scheduled from follow-on schedule check
[2024-11-24T15:15:49.664+0000] {local_task_job_runner.py:245} INFO - ::endgroup::
