[2024-11-23T18:07:06.060+0000] {local_task_job_runner.py:123} INFO - ::group::Pre task execution logs
[2024-11-23T18:07:06.198+0000] {taskinstance.py:2612} INFO - Dependencies all met for dep_context=non-requeueable deps ti=<TaskInstance: fraud_detection.notify_normal scheduled__2024-11-23T18:05:00+00:00 [queued]>
[2024-11-23T18:07:06.284+0000] {taskinstance.py:2612} INFO - Dependencies all met for dep_context=requeueable deps ti=<TaskInstance: fraud_detection.notify_normal scheduled__2024-11-23T18:05:00+00:00 [queued]>
[2024-11-23T18:07:06.285+0000] {taskinstance.py:2865} INFO - Starting attempt 1 of 2
[2024-11-23T18:07:06.418+0000] {taskinstance.py:2888} INFO - Executing <Task(PythonOperator): notify_normal> on 2024-11-23 18:05:00+00:00
[2024-11-23T18:07:06.510+0000] {warnings.py:112} WARNING - /home/***/.local/lib/python3.12/site-packages/***/task/task_runner/standard_task_runner.py:70: DeprecationWarning: This process (pid=4406) is multi-threaded, use of fork() may lead to deadlocks in the child.
  pid = os.fork()

[2024-11-23T18:07:06.513+0000] {standard_task_runner.py:72} INFO - Started process 4418 to run task
[2024-11-23T18:07:06.527+0000] {standard_task_runner.py:104} INFO - Running: ['***', 'tasks', 'run', 'fraud_detection', 'notify_normal', 'scheduled__2024-11-23T18:05:00+00:00', '--job-id', '439', '--raw', '--subdir', 'DAGS_FOLDER/fraud_detection_dag.py', '--cfg-path', '/tmp/tmp2t82rdyg']
[2024-11-23T18:07:06.538+0000] {standard_task_runner.py:105} INFO - Job 439: Subtask notify_normal
[2024-11-23T18:07:06.902+0000] {task_command.py:467} INFO - Running <TaskInstance: fraud_detection.notify_normal scheduled__2024-11-23T18:05:00+00:00 [running]> on host 345e92ff26bf
[2024-11-23T18:07:07.358+0000] {taskinstance.py:3131} INFO - Exporting env vars: AIRFLOW_CTX_DAG_OWNER='fraud_team' AIRFLOW_CTX_DAG_ID='fraud_detection' AIRFLOW_CTX_TASK_ID='notify_normal' AIRFLOW_CTX_EXECUTION_DATE='2024-11-23T18:05:00+00:00' AIRFLOW_CTX_TRY_NUMBER='1' AIRFLOW_CTX_DAG_RUN_ID='scheduled__2024-11-23T18:05:00+00:00'
[2024-11-23T18:07:07.367+0000] {taskinstance.py:731} INFO - ::endgroup::
[2024-11-23T18:07:07.610+0000] {fraud_detection_dag.py:144} INFO - Données de transaction récupérées: {"columns":["cc_num","merchant","category","amt","first","last","gender","street","city","state","zip","lat","long","city_pop","job","dob","trans_num","merch_lat","merch_long","is_fraud","current_time"],"index":[85331],"data":[[3596217206093829,"fraud_Goyette Inc","shopping_net",1.07,"Sara","Ramirez","F","23843 Scott Island","Birmingham","IA",52535,40.8626,-91.9534,888,"Camera operator","1988-03-25","48db69c7e3ee81cd2eb0f8178c209dbc",41.23274,-92.373895,0,1732385211016]]}
[2024-11-23T18:07:07.618+0000] {fraud_detection_dag.py:145} INFO - Probabilité de fraude: 0.3987043390855667
[2024-11-23T18:07:07.621+0000] {fraud_detection_dag.py:146} INFO - Est une fraude: False
[2024-11-23T18:07:07.646+0000] {fraud_detection_dag.py:206} INFO - Tentative d'envoi d'email normale...
[2024-11-23T18:07:07.647+0000] {fraud_detection_dag.py:207} INFO - Contenu de l'email:

        ✅ Transaction NORMALE détectée!
        
        Statut: Vert
        Probabilité de fraude: 39.87%
        
        Détails de la transaction:
        --------------------------
        ID Transaction: 48db69c7e3ee81cd2eb0f8178c209dbc
        Montant: 1.07€
        Date/Heure: 2024-11-23 18:06:51
        
        Informations sur le marchand:
        ----------------------------
        Nom: fraud_Goyette Inc
        Ville: Birmingham
        État: IA
        
        Informations sur le client:
        --------------------------
        Nom: Sara Ramirez
        Ville: Birmingham
        
        Cette notification a été générée automatiquement par le système de détection de fraude.
        
[2024-11-23T18:07:12.307+0000] {fraud_detection_dag.py:217} INFO - Email envoyé avec succès
[2024-11-23T18:07:12.311+0000] {python.py:240} INFO - Done. Returned value was: store_normal
[2024-11-23T18:07:12.498+0000] {taskinstance.py:340} INFO - ::group::Post task execution logs
[2024-11-23T18:07:12.500+0000] {taskinstance.py:352} INFO - Marking task as SUCCESS. dag_id=fraud_detection, task_id=notify_normal, run_id=scheduled__2024-11-23T18:05:00+00:00, execution_date=20241123T180500, start_date=20241123T180706, end_date=20241123T180712
[2024-11-23T18:07:12.575+0000] {local_task_job_runner.py:266} INFO - Task exited with return code 0
[2024-11-23T18:07:12.883+0000] {taskinstance.py:3900} INFO - 1 downstream tasks scheduled from follow-on schedule check
[2024-11-23T18:07:12.889+0000] {local_task_job_runner.py:245} INFO - ::endgroup::
