[2024-11-08T18:23:43.515+0000] {local_task_job_runner.py:123} INFO - ::group::Pre task execution logs
[2024-11-08T18:23:43.585+0000] {taskinstance.py:2612} INFO - Dependencies all met for dep_context=non-requeueable deps ti=<TaskInstance: fraud_detection.process_transaction scheduled__2024-11-08T18:22:00+00:00 [queued]>
[2024-11-08T18:23:43.668+0000] {taskinstance.py:2612} INFO - Dependencies all met for dep_context=requeueable deps ti=<TaskInstance: fraud_detection.process_transaction scheduled__2024-11-08T18:22:00+00:00 [queued]>
[2024-11-08T18:23:43.668+0000] {taskinstance.py:2865} INFO - Starting attempt 1 of 2
[2024-11-08T18:23:43.716+0000] {taskinstance.py:2888} INFO - Executing <Task(BranchPythonOperator): process_transaction> on 2024-11-08 18:22:00+00:00
[2024-11-08T18:23:43.746+0000] {warnings.py:112} WARNING - /home/***/.local/lib/python3.12/site-packages/***/task/task_runner/standard_task_runner.py:70: DeprecationWarning: This process (pid=1212) is multi-threaded, use of fork() may lead to deadlocks in the child.
  pid = os.fork()

[2024-11-08T18:23:43.750+0000] {standard_task_runner.py:72} INFO - Started process 1214 to run task
[2024-11-08T18:23:43.749+0000] {standard_task_runner.py:104} INFO - Running: ['***', 'tasks', 'run', 'fraud_detection', 'process_transaction', 'scheduled__2024-11-08T18:22:00+00:00', '--job-id', '248', '--raw', '--subdir', 'DAGS_FOLDER/fraud_detection_dag.py', '--cfg-path', '/tmp/tmp_4h6syxo']
[2024-11-08T18:23:43.754+0000] {standard_task_runner.py:105} INFO - Job 248: Subtask process_transaction
[2024-11-08T18:23:43.944+0000] {task_command.py:467} INFO - Running <TaskInstance: fraud_detection.process_transaction scheduled__2024-11-08T18:22:00+00:00 [running]> on host 641085defe8e
[2024-11-08T18:23:44.245+0000] {taskinstance.py:3131} INFO - Exporting env vars: AIRFLOW_CTX_DAG_OWNER='fraud_team' AIRFLOW_CTX_DAG_ID='fraud_detection' AIRFLOW_CTX_TASK_ID='process_transaction' AIRFLOW_CTX_EXECUTION_DATE='2024-11-08T18:22:00+00:00' AIRFLOW_CTX_TRY_NUMBER='1' AIRFLOW_CTX_DAG_RUN_ID='scheduled__2024-11-08T18:22:00+00:00'
[2024-11-08T18:23:44.247+0000] {taskinstance.py:731} INFO - ::endgroup::
[2024-11-08T18:23:44.283+0000] {baseoperator.py:405} WARNING - BranchPythonOperator.execute cannot be called outside TaskInstance!
[2024-11-08T18:23:44.320+0000] {fraud_detection_dag.py:77} INFO - Données récupérées depuis XCom: {"columns":["cc_num","merchant","category","amt","first","last","gender","street","city","state","zip","lat","long","city_pop","job","dob","trans_num","merch_lat","merch_long","is_fraud","current_time"],"index":[168688],"data":[[4477156602511939689,"fraud_Ritchie, Oberbrunner and Cremin","travel",7.05,"Angela","Ross","F","0107 Clements Point","American Fork","UT",84003,40.3928,-111.7941,42384,"Futures trader","1992-12-29","12e1d93536995788e92417302658649b",40.857725,-111.304131,0,1731090221037]]}
[2024-11-08T18:23:44.322+0000] {fraud_detection_dag.py:85} INFO - Données JSON parsées avec succès
[2024-11-08T18:23:44.327+0000] {fraud_detection_dag.py:89} INFO - DataFrame créé avec 1 lignes
[2024-11-08T18:23:44.330+0000] {fraud_detection_dag.py:93} INFO - Colonnes renommées avec succès
[2024-11-08T18:23:44.330+0000] {fraud_detection_dag.py:94} INFO - Colonnes disponibles: ['cc_num', 'merchant', 'category', 'amt', 'first', 'last', 'gender', 'street', 'city', 'state', 'zip', 'lat', 'long', 'city_pop', 'job', 'dob', 'trans_num', 'merch_lat', 'merch_long', 'is_fraud', 'trans_date_trans_time']
[2024-11-08T18:23:44.335+0000] {fraud_detection_dag.py:98} INFO - Conversion de trans_date_trans_time en unix_time réussie
[2024-11-08T18:23:44.391+0000] {fraud_detection_dag.py:107} INFO - Transformation des données...
[2024-11-08T18:23:45.762+0000] {warnings.py:112} WARNING - /home/***/.local/lib/python3.12/site-packages/sklearn/ensemble/_base.py:172: UserWarning: Loky-backed parallel loops cannot be called in a multiprocessing, setting n_jobs=1
  n_jobs = min(effective_n_jobs(n_jobs), n_estimators)

[2024-11-08T18:23:45.777+0000] {warnings.py:112} WARNING - /home/***/.local/lib/python3.12/site-packages/sklearn/ensemble/_base.py:172: UserWarning: Loky-backed parallel loops cannot be called in a multiprocessing, setting n_jobs=1
  n_jobs = min(effective_n_jobs(n_jobs), n_estimators)

[2024-11-08T18:23:45.785+0000] {fraud_detection_dag.py:119} INFO - Prediction de fraude: NORMAL, Probabilité: 37.73%
[2024-11-08T18:23:45.937+0000] {fraud_detection_dag.py:125} INFO - Prédiction: NORMAL (Probabilité: 37.73%)
[2024-11-08T18:23:45.970+0000] {python.py:240} INFO - Done. Returned value was: notify_normal
[2024-11-08T18:23:45.972+0000] {branch.py:38} INFO - Branch into notify_normal
[2024-11-08T18:23:45.974+0000] {skipmixin.py:230} INFO - Following branch ('notify_normal',)
[2024-11-08T18:23:46.057+0000] {skipmixin.py:278} INFO - Skipping tasks [('skip_processing', -1), ('notify_fraud', -1)]
[2024-11-08T18:23:46.232+0000] {taskinstance.py:340} INFO - ::group::Post task execution logs
[2024-11-08T18:23:46.233+0000] {taskinstance.py:352} INFO - Marking task as SUCCESS. dag_id=fraud_detection, task_id=process_transaction, run_id=scheduled__2024-11-08T18:22:00+00:00, execution_date=20241108T182200, start_date=20241108T182343, end_date=20241108T182346
[2024-11-08T18:23:46.380+0000] {local_task_job_runner.py:266} INFO - Task exited with return code 0
[2024-11-08T18:23:46.509+0000] {taskinstance.py:3900} INFO - 1 downstream tasks scheduled from follow-on schedule check
[2024-11-08T18:23:46.530+0000] {local_task_job_runner.py:245} INFO - ::endgroup::
