[2024-11-08T18:25:01.144+0000] {local_task_job_runner.py:123} INFO - ::group::Pre task execution logs
[2024-11-08T18:25:01.175+0000] {taskinstance.py:2612} INFO - Dependencies all met for dep_context=non-requeueable deps ti=<TaskInstance: fraud_detection.process_transaction scheduled__2024-11-08T18:23:00+00:00 [queued]>
[2024-11-08T18:25:01.195+0000] {taskinstance.py:2612} INFO - Dependencies all met for dep_context=requeueable deps ti=<TaskInstance: fraud_detection.process_transaction scheduled__2024-11-08T18:23:00+00:00 [queued]>
[2024-11-08T18:25:01.196+0000] {taskinstance.py:2865} INFO - Starting attempt 1 of 2
[2024-11-08T18:25:01.229+0000] {taskinstance.py:2888} INFO - Executing <Task(BranchPythonOperator): process_transaction> on 2024-11-08 18:23:00+00:00
[2024-11-08T18:25:01.246+0000] {warnings.py:112} WARNING - /home/***/.local/lib/python3.12/site-packages/***/task/task_runner/standard_task_runner.py:70: DeprecationWarning: This process (pid=1257) is multi-threaded, use of fork() may lead to deadlocks in the child.
  pid = os.fork()

[2024-11-08T18:25:01.249+0000] {standard_task_runner.py:72} INFO - Started process 1260 to run task
[2024-11-08T18:25:01.251+0000] {standard_task_runner.py:104} INFO - Running: ['***', 'tasks', 'run', 'fraud_detection', 'process_transaction', 'scheduled__2024-11-08T18:23:00+00:00', '--job-id', '254', '--raw', '--subdir', 'DAGS_FOLDER/fraud_detection_dag.py', '--cfg-path', '/tmp/tmpbv9_38u7']
[2024-11-08T18:25:01.262+0000] {standard_task_runner.py:105} INFO - Job 254: Subtask process_transaction
[2024-11-08T18:25:01.356+0000] {task_command.py:467} INFO - Running <TaskInstance: fraud_detection.process_transaction scheduled__2024-11-08T18:23:00+00:00 [running]> on host 641085defe8e
[2024-11-08T18:25:01.555+0000] {taskinstance.py:3131} INFO - Exporting env vars: AIRFLOW_CTX_DAG_OWNER='fraud_team' AIRFLOW_CTX_DAG_ID='fraud_detection' AIRFLOW_CTX_TASK_ID='process_transaction' AIRFLOW_CTX_EXECUTION_DATE='2024-11-08T18:23:00+00:00' AIRFLOW_CTX_TRY_NUMBER='1' AIRFLOW_CTX_DAG_RUN_ID='scheduled__2024-11-08T18:23:00+00:00'
[2024-11-08T18:25:01.558+0000] {taskinstance.py:731} INFO - ::endgroup::
[2024-11-08T18:25:01.577+0000] {baseoperator.py:405} WARNING - BranchPythonOperator.execute cannot be called outside TaskInstance!
[2024-11-08T18:25:01.600+0000] {fraud_detection_dag.py:77} INFO - Données récupérées depuis XCom: {"columns":["cc_num","merchant","category","amt","first","last","gender","street","city","state","zip","lat","long","city_pop","job","dob","trans_num","merch_lat","merch_long","is_fraud","current_time"],"index":[378230],"data":[[4003989662068504,"fraud_Lesch Ltd","shopping_pos",4.7,"Chris","White","M","98897 Bennett Lodge","Bessemer","AL",35022,33.3224,-86.9657,71463,"Radio broadcast assistant","1989-02-08","a8d7174a0396dd0d07a9a60fa3e400b6",32.682647,-86.96136,0,1731090298766]]}
[2024-11-08T18:25:01.601+0000] {fraud_detection_dag.py:85} INFO - Données JSON parsées avec succès
[2024-11-08T18:25:01.607+0000] {fraud_detection_dag.py:89} INFO - DataFrame créé avec 1 lignes
[2024-11-08T18:25:01.610+0000] {fraud_detection_dag.py:93} INFO - Colonnes renommées avec succès
[2024-11-08T18:25:01.611+0000] {fraud_detection_dag.py:94} INFO - Colonnes disponibles: ['cc_num', 'merchant', 'category', 'amt', 'first', 'last', 'gender', 'street', 'city', 'state', 'zip', 'lat', 'long', 'city_pop', 'job', 'dob', 'trans_num', 'merch_lat', 'merch_long', 'is_fraud', 'trans_date_trans_time']
[2024-11-08T18:25:01.615+0000] {fraud_detection_dag.py:98} INFO - Conversion de trans_date_trans_time en unix_time réussie
[2024-11-08T18:25:01.656+0000] {fraud_detection_dag.py:107} INFO - Transformation des données...
[2024-11-08T18:25:02.907+0000] {warnings.py:112} WARNING - /home/***/.local/lib/python3.12/site-packages/sklearn/ensemble/_base.py:172: UserWarning: Loky-backed parallel loops cannot be called in a multiprocessing, setting n_jobs=1
  n_jobs = min(effective_n_jobs(n_jobs), n_estimators)

[2024-11-08T18:25:02.931+0000] {warnings.py:112} WARNING - /home/***/.local/lib/python3.12/site-packages/sklearn/ensemble/_base.py:172: UserWarning: Loky-backed parallel loops cannot be called in a multiprocessing, setting n_jobs=1
  n_jobs = min(effective_n_jobs(n_jobs), n_estimators)

[2024-11-08T18:25:02.940+0000] {fraud_detection_dag.py:119} INFO - Prediction de fraude: NORMAL, Probabilité: 35.39%
[2024-11-08T18:25:02.990+0000] {fraud_detection_dag.py:125} INFO - Prédiction: NORMAL (Probabilité: 35.39%)
[2024-11-08T18:25:02.992+0000] {python.py:240} INFO - Done. Returned value was: notify_normal
[2024-11-08T18:25:02.993+0000] {branch.py:38} INFO - Branch into notify_normal
[2024-11-08T18:25:02.994+0000] {skipmixin.py:230} INFO - Following branch ('notify_normal',)
[2024-11-08T18:25:03.017+0000] {skipmixin.py:278} INFO - Skipping tasks [('skip_processing', -1), ('notify_fraud', -1)]
[2024-11-08T18:25:03.079+0000] {taskinstance.py:340} INFO - ::group::Post task execution logs
[2024-11-08T18:25:03.081+0000] {taskinstance.py:352} INFO - Marking task as SUCCESS. dag_id=fraud_detection, task_id=process_transaction, run_id=scheduled__2024-11-08T18:23:00+00:00, execution_date=20241108T182300, start_date=20241108T182501, end_date=20241108T182503
[2024-11-08T18:25:03.147+0000] {local_task_job_runner.py:266} INFO - Task exited with return code 0
[2024-11-08T18:25:03.215+0000] {taskinstance.py:3900} INFO - 1 downstream tasks scheduled from follow-on schedule check
[2024-11-08T18:25:03.223+0000] {local_task_job_runner.py:245} INFO - ::endgroup::
