[2024-11-24T15:14:02.361+0000] {local_task_job_runner.py:123} INFO - ::group::Pre task execution logs
[2024-11-24T15:14:02.618+0000] {taskinstance.py:2612} INFO - Dependencies all met for dep_context=non-requeueable deps ti=<TaskInstance: fraud_detection.notify_normal scheduled__2024-11-24T15:12:00+00:00 [queued]>
[2024-11-24T15:14:02.735+0000] {taskinstance.py:2612} INFO - Dependencies all met for dep_context=requeueable deps ti=<TaskInstance: fraud_detection.notify_normal scheduled__2024-11-24T15:12:00+00:00 [queued]>
[2024-11-24T15:14:02.737+0000] {taskinstance.py:2865} INFO - Starting attempt 1 of 2
[2024-11-24T15:14:02.793+0000] {taskinstance.py:2888} INFO - Executing <Task(PythonOperator): notify_normal> on 2024-11-24 15:12:00+00:00
[2024-11-24T15:14:03.285+0000] {warnings.py:112} WARNING - /home/***/.local/lib/python3.12/site-packages/***/task/task_runner/standard_task_runner.py:70: DeprecationWarning: This process (pid=514) is multi-threaded, use of fork() may lead to deadlocks in the child.
  pid = os.fork()

[2024-11-24T15:14:03.292+0000] {standard_task_runner.py:72} INFO - Started process 521 to run task
[2024-11-24T15:14:03.301+0000] {standard_task_runner.py:104} INFO - Running: ['***', 'tasks', 'run', 'fraud_detection', 'notify_normal', 'scheduled__2024-11-24T15:12:00+00:00', '--job-id', '554', '--raw', '--subdir', 'DAGS_FOLDER/fraud_detection_dag.py', '--cfg-path', '/tmp/tmpg877wqtn']
[2024-11-24T15:14:03.323+0000] {standard_task_runner.py:105} INFO - Job 554: Subtask notify_normal
[2024-11-24T15:14:04.051+0000] {task_command.py:467} INFO - Running <TaskInstance: fraud_detection.notify_normal scheduled__2024-11-24T15:12:00+00:00 [running]> on host 345e92ff26bf
[2024-11-24T15:14:05.780+0000] {taskinstance.py:3131} INFO - Exporting env vars: AIRFLOW_CTX_DAG_OWNER='fraud_team' AIRFLOW_CTX_DAG_ID='fraud_detection' AIRFLOW_CTX_TASK_ID='notify_normal' AIRFLOW_CTX_EXECUTION_DATE='2024-11-24T15:12:00+00:00' AIRFLOW_CTX_TRY_NUMBER='1' AIRFLOW_CTX_DAG_RUN_ID='scheduled__2024-11-24T15:12:00+00:00'
[2024-11-24T15:14:05.796+0000] {taskinstance.py:731} INFO - ::endgroup::
[2024-11-24T15:14:06.564+0000] {fraud_detection_dag.py:144} INFO - Données de transaction récupérées: {"columns":["cc_num","merchant","category","amt","first","last","gender","street","city","state","zip","lat","long","city_pop","job","dob","trans_num","merch_lat","merch_long","is_fraud","current_time"],"index":[8165],"data":[[341546199006537,"fraud_Waelchi Inc","kids_pets",27.41,"Mark","Brown","M","8580 Moore Cove","Wales","AK",99783,64.7556,-165.6723,145,"Administrator, education","1939-11-09","1cc12a68a0009c2463722558f124d308",64.782727,-165.671377,0,1732461225403]]}
[2024-11-24T15:14:06.576+0000] {fraud_detection_dag.py:145} INFO - Probabilité de fraude: 0.2556864222259482
[2024-11-24T15:14:06.579+0000] {fraud_detection_dag.py:146} INFO - Est une fraude: False
[2024-11-24T15:14:06.739+0000] {fraud_detection_dag.py:206} INFO - Tentative d'envoi d'email normale...
[2024-11-24T15:14:06.740+0000] {fraud_detection_dag.py:207} INFO - Contenu de l'email:

        ✅ Transaction NORMALE détectée!
        
        Statut: Vert
        Probabilité de fraude: 25.57%
        
        Détails de la transaction:
        --------------------------
        ID Transaction: 1cc12a68a0009c2463722558f124d308
        Montant: 27.41€
        Date/Heure: 2024-11-24 15:13:45
        
        Informations sur le marchand:
        ----------------------------
        Nom: fraud_Waelchi Inc
        Ville: Wales
        État: AK
        
        Informations sur le client:
        --------------------------
        Nom: Mark Brown
        Ville: Wales
        
        Cette notification a été générée automatiquement par le système de détection de fraude.
        
[2024-11-24T15:14:12.783+0000] {fraud_detection_dag.py:217} INFO - Email envoyé avec succès
[2024-11-24T15:14:12.784+0000] {python.py:240} INFO - Done. Returned value was: store_normal
[2024-11-24T15:14:12.984+0000] {taskinstance.py:340} INFO - ::group::Post task execution logs
[2024-11-24T15:14:12.988+0000] {taskinstance.py:352} INFO - Marking task as SUCCESS. dag_id=fraud_detection, task_id=notify_normal, run_id=scheduled__2024-11-24T15:12:00+00:00, execution_date=20241124T151200, start_date=20241124T151402, end_date=20241124T151412
[2024-11-24T15:14:13.096+0000] {local_task_job_runner.py:266} INFO - Task exited with return code 0
[2024-11-24T15:14:13.170+0000] {local_task_job_runner.py:245} INFO - ::endgroup::
[2024-11-24T15:14:13.318+0000] {standard_task_runner.py:217} INFO - Process not found (most likely exited), stop collecting metrics
